<?xml version="1.0" encoding="UTF-8"?>
<testsuite xmlns:xsi="http://www.w3.org/2001/XMLSchema-instance" xsi:noNamespaceSchemaLocation="https://maven.apache.org/surefire/maven-surefire-plugin/xsd/surefire-test-report-3.0.xsd" version="3.0" name="archtests.SongArchitectureTests" time="3.66" tests="20" errors="0" skipped="0" failures="0">
  <properties>
    <property name="sun.desktop" value="windows"/>
    <property name="awt.toolkit" value="sun.awt.windows.WToolkit"/>
    <property name="java.specification.version" value="11"/>
    <property name="sun.cpu.isalist" value="amd64"/>
    <property name="sun.jnu.encoding" value="Cp1251"/>
    <property name="java.class.path" value="M:\Lab\song-manager\target\test-classes;M:\Lab\song-manager\target\classes;C:\Users\User\.m2\repository\org\springframework\boot\spring-boot-starter-web\2.5.4\spring-boot-starter-web-2.5.4.jar;C:\Users\User\.m2\repository\org\springframework\boot\spring-boot-starter\2.5.4\spring-boot-starter-2.5.4.jar;C:\Users\User\.m2\repository\org\springframework\boot\spring-boot\2.5.4\spring-boot-2.5.4.jar;C:\Users\User\.m2\repository\org\springframework\boot\spring-boot-autoconfigure\2.5.4\spring-boot-autoconfigure-2.5.4.jar;C:\Users\User\.m2\repository\org\springframework\boot\spring-boot-starter-logging\2.5.4\spring-boot-starter-logging-2.5.4.jar;C:\Users\User\.m2\repository\ch\qos\logback\logback-classic\1.2.5\logback-classic-1.2.5.jar;C:\Users\User\.m2\repository\ch\qos\logback\logback-core\1.2.5\logback-core-1.2.5.jar;C:\Users\User\.m2\repository\org\apache\logging\log4j\log4j-to-slf4j\2.14.1\log4j-to-slf4j-2.14.1.jar;C:\Users\User\.m2\repository\org\apache\logging\log4j\log4j-api\2.14.1\log4j-api-2.14.1.jar;C:\Users\User\.m2\repository\org\slf4j\jul-to-slf4j\1.7.32\jul-to-slf4j-1.7.32.jar;C:\Users\User\.m2\repository\jakarta\annotation\jakarta.annotation-api\1.3.5\jakarta.annotation-api-1.3.5.jar;C:\Users\User\.m2\repository\org\yaml\snakeyaml\1.28\snakeyaml-1.28.jar;C:\Users\User\.m2\repository\org\springframework\boot\spring-boot-starter-json\2.5.4\spring-boot-starter-json-2.5.4.jar;C:\Users\User\.m2\repository\com\fasterxml\jackson\core\jackson-databind\2.12.4\jackson-databind-2.12.4.jar;C:\Users\User\.m2\repository\com\fasterxml\jackson\core\jackson-annotations\2.12.4\jackson-annotations-2.12.4.jar;C:\Users\User\.m2\repository\com\fasterxml\jackson\core\jackson-core\2.12.4\jackson-core-2.12.4.jar;C:\Users\User\.m2\repository\com\fasterxml\jackson\datatype\jackson-datatype-jdk8\2.12.4\jackson-datatype-jdk8-2.12.4.jar;C:\Users\User\.m2\repository\com\fasterxml\jackson\datatype\jackson-datatype-jsr310\2.12.4\jackson-datatype-jsr310-2.12.4.jar;C:\Users\User\.m2\repository\com\fasterxml\jackson\module\jackson-module-parameter-names\2.12.4\jackson-module-parameter-names-2.12.4.jar;C:\Users\User\.m2\repository\org\springframework\boot\spring-boot-starter-tomcat\2.5.4\spring-boot-starter-tomcat-2.5.4.jar;C:\Users\User\.m2\repository\org\apache\tomcat\embed\tomcat-embed-core\9.0.52\tomcat-embed-core-9.0.52.jar;C:\Users\User\.m2\repository\org\apache\tomcat\embed\tomcat-embed-el\9.0.52\tomcat-embed-el-9.0.52.jar;C:\Users\User\.m2\repository\org\apache\tomcat\embed\tomcat-embed-websocket\9.0.52\tomcat-embed-websocket-9.0.52.jar;C:\Users\User\.m2\repository\org\springframework\spring-web\5.3.9\spring-web-5.3.9.jar;C:\Users\User\.m2\repository\org\springframework\spring-beans\5.3.9\spring-beans-5.3.9.jar;C:\Users\User\.m2\repository\org\springframework\spring-webmvc\5.3.9\spring-webmvc-5.3.9.jar;C:\Users\User\.m2\repository\org\springframework\spring-aop\5.3.9\spring-aop-5.3.9.jar;C:\Users\User\.m2\repository\org\springframework\spring-context\5.3.9\spring-context-5.3.9.jar;C:\Users\User\.m2\repository\org\springframework\spring-expression\5.3.9\spring-expression-5.3.9.jar;C:\Users\User\.m2\repository\org\springframework\boot\spring-boot-starter-data-jpa\2.5.4\spring-boot-starter-data-jpa-2.5.4.jar;C:\Users\User\.m2\repository\org\springframework\boot\spring-boot-starter-aop\2.5.4\spring-boot-starter-aop-2.5.4.jar;C:\Users\User\.m2\repository\org\aspectj\aspectjweaver\1.9.7\aspectjweaver-1.9.7.jar;C:\Users\User\.m2\repository\org\springframework\boot\spring-boot-starter-jdbc\2.5.4\spring-boot-starter-jdbc-2.5.4.jar;C:\Users\User\.m2\repository\com\zaxxer\HikariCP\4.0.3\HikariCP-4.0.3.jar;C:\Users\User\.m2\repository\org\springframework\spring-jdbc\5.3.9\spring-jdbc-5.3.9.jar;C:\Users\User\.m2\repository\jakarta\transaction\jakarta.transaction-api\1.3.3\jakarta.transaction-api-1.3.3.jar;C:\Users\User\.m2\repository\jakarta\persistence\jakarta.persistence-api\2.2.3\jakarta.persistence-api-2.2.3.jar;C:\Users\User\.m2\repository\org\hibernate\hibernate-core\5.4.32.Final\hibernate-core-5.4.32.Final.jar;C:\Users\User\.m2\repository\org\jboss\logging\jboss-logging\3.4.2.Final\jboss-logging-3.4.2.Final.jar;C:\Users\User\.m2\repository\org\javassist\javassist\3.27.0-GA\javassist-3.27.0-GA.jar;C:\Users\User\.m2\repository\net\bytebuddy\byte-buddy\1.10.22\byte-buddy-1.10.22.jar;C:\Users\User\.m2\repository\antlr\antlr\2.7.7\antlr-2.7.7.jar;C:\Users\User\.m2\repository\org\jboss\jandex\2.2.3.Final\jandex-2.2.3.Final.jar;C:\Users\User\.m2\repository\com\fasterxml\classmate\1.5.1\classmate-1.5.1.jar;C:\Users\User\.m2\repository\org\dom4j\dom4j\2.1.3\dom4j-2.1.3.jar;C:\Users\User\.m2\repository\org\hibernate\common\hibernate-commons-annotations\5.1.2.Final\hibernate-commons-annotations-5.1.2.Final.jar;C:\Users\User\.m2\repository\org\glassfish\jaxb\jaxb-runtime\2.3.5\jaxb-runtime-2.3.5.jar;C:\Users\User\.m2\repository\org\glassfish\jaxb\txw2\2.3.5\txw2-2.3.5.jar;C:\Users\User\.m2\repository\com\sun\istack\istack-commons-runtime\3.0.12\istack-commons-runtime-3.0.12.jar;C:\Users\User\.m2\repository\com\sun\activation\jakarta.activation\1.2.2\jakarta.activation-1.2.2.jar;C:\Users\User\.m2\repository\org\springframework\data\spring-data-jpa\2.5.4\spring-data-jpa-2.5.4.jar;C:\Users\User\.m2\repository\org\springframework\data\spring-data-commons\2.5.4\spring-data-commons-2.5.4.jar;C:\Users\User\.m2\repository\org\springframework\spring-orm\5.3.9\spring-orm-5.3.9.jar;C:\Users\User\.m2\repository\org\springframework\spring-tx\5.3.9\spring-tx-5.3.9.jar;C:\Users\User\.m2\repository\org\springframework\spring-aspects\5.3.9\spring-aspects-5.3.9.jar;C:\Users\User\.m2\repository\com\h2database\h2\1.4.200\h2-1.4.200.jar;C:\Users\User\.m2\repository\javax\persistence\javax.persistence-api\2.2\javax.persistence-api-2.2.jar;C:\Users\User\.m2\repository\org\springframework\boot\spring-boot-starter-test\2.5.4\spring-boot-starter-test-2.5.4.jar;C:\Users\User\.m2\repository\org\springframework\boot\spring-boot-test\2.5.4\spring-boot-test-2.5.4.jar;C:\Users\User\.m2\repository\org\springframework\boot\spring-boot-test-autoconfigure\2.5.4\spring-boot-test-autoconfigure-2.5.4.jar;C:\Users\User\.m2\repository\com\jayway\jsonpath\json-path\2.5.0\json-path-2.5.0.jar;C:\Users\User\.m2\repository\net\minidev\json-smart\2.4.7\json-smart-2.4.7.jar;C:\Users\User\.m2\repository\net\minidev\accessors-smart\2.4.7\accessors-smart-2.4.7.jar;C:\Users\User\.m2\repository\org\ow2\asm\asm\9.1\asm-9.1.jar;C:\Users\User\.m2\repository\jakarta\xml\bind\jakarta.xml.bind-api\2.3.3\jakarta.xml.bind-api-2.3.3.jar;C:\Users\User\.m2\repository\jakarta\activation\jakarta.activation-api\1.2.2\jakarta.activation-api-1.2.2.jar;C:\Users\User\.m2\repository\org\assertj\assertj-core\3.19.0\assertj-core-3.19.0.jar;C:\Users\User\.m2\repository\org\hamcrest\hamcrest\2.2\hamcrest-2.2.jar;C:\Users\User\.m2\repository\org\junit\jupiter\junit-jupiter\5.7.2\junit-jupiter-5.7.2.jar;C:\Users\User\.m2\repository\org\junit\jupiter\junit-jupiter-api\5.7.2\junit-jupiter-api-5.7.2.jar;C:\Users\User\.m2\repository\org\apiguardian\apiguardian-api\1.1.0\apiguardian-api-1.1.0.jar;C:\Users\User\.m2\repository\org\opentest4j\opentest4j\1.2.0\opentest4j-1.2.0.jar;C:\Users\User\.m2\repository\org\junit\platform\junit-platform-commons\1.7.2\junit-platform-commons-1.7.2.jar;C:\Users\User\.m2\repository\org\junit\jupiter\junit-jupiter-params\5.7.2\junit-jupiter-params-5.7.2.jar;C:\Users\User\.m2\repository\org\junit\jupiter\junit-jupiter-engine\5.7.2\junit-jupiter-engine-5.7.2.jar;C:\Users\User\.m2\repository\org\junit\platform\junit-platform-engine\1.7.2\junit-platform-engine-1.7.2.jar;C:\Users\User\.m2\repository\org\mockito\mockito-core\3.9.0\mockito-core-3.9.0.jar;C:\Users\User\.m2\repository\net\bytebuddy\byte-buddy-agent\1.10.22\byte-buddy-agent-1.10.22.jar;C:\Users\User\.m2\repository\org\objenesis\objenesis\3.2\objenesis-3.2.jar;C:\Users\User\.m2\repository\org\mockito\mockito-junit-jupiter\3.9.0\mockito-junit-jupiter-3.9.0.jar;C:\Users\User\.m2\repository\org\skyscreamer\jsonassert\1.5.0\jsonassert-1.5.0.jar;C:\Users\User\.m2\repository\com\vaadin\external\google\android-json\0.0.20131108.vaadin1\android-json-0.0.20131108.vaadin1.jar;C:\Users\User\.m2\repository\org\springframework\spring-core\5.3.9\spring-core-5.3.9.jar;C:\Users\User\.m2\repository\org\springframework\spring-jcl\5.3.9\spring-jcl-5.3.9.jar;C:\Users\User\.m2\repository\org\springframework\spring-test\5.3.9\spring-test-5.3.9.jar;C:\Users\User\.m2\repository\org\xmlunit\xmlunit-core\2.8.2\xmlunit-core-2.8.2.jar;C:\Users\User\.m2\repository\com\tngtech\archunit\archunit-junit5\1.1.0\archunit-junit5-1.1.0.jar;C:\Users\User\.m2\repository\com\tngtech\archunit\archunit-junit5-api\1.1.0\archunit-junit5-api-1.1.0.jar;C:\Users\User\.m2\repository\com\tngtech\archunit\archunit-junit5-engine\1.1.0\archunit-junit5-engine-1.1.0.jar;C:\Users\User\.m2\repository\com\tngtech\archunit\archunit-junit5-engine-api\1.1.0\archunit-junit5-engine-api-1.1.0.jar;C:\Users\User\.m2\repository\com\tngtech\archunit\archunit\1.1.0\archunit-1.1.0.jar;C:\Users\User\.m2\repository\org\slf4j\slf4j-api\1.7.32\slf4j-api-1.7.32.jar;"/>
    <property name="java.vm.vendor" value="Microsoft"/>
    <property name="sun.arch.data.model" value="64"/>
    <property name="user.variant" value=""/>
    <property name="java.vendor.url" value="https://www.microsoft.com"/>
    <property name="user.timezone" value="Europe/Helsinki"/>
    <property name="java.vm.specification.version" value="11"/>
    <property name="os.name" value="Windows 10"/>
    <property name="sun.java.launcher" value="SUN_STANDARD"/>
    <property name="user.country" value="UA"/>
    <property name="sun.boot.library.path" value="C:\Program Files\Microsoft\jdk-11.0.12.7-hotspot\bin"/>
    <property name="sun.java.command" value="C:\Users\User\AppData\Local\Temp\surefire8157282864834620711\surefirebooter-20250419024305877_3.jar C:\Users\User\AppData\Local\Temp\surefire8157282864834620711 2025-04-19T02-43-05_618-jvmRun1 surefire-20250419024305877_1tmp surefire_0-20250419024305877_2tmp"/>
    <property name="jdk.debug" value="release"/>
    <property name="surefire.test.class.path" value="M:\Lab\song-manager\target\test-classes;M:\Lab\song-manager\target\classes;C:\Users\User\.m2\repository\org\springframework\boot\spring-boot-starter-web\2.5.4\spring-boot-starter-web-2.5.4.jar;C:\Users\User\.m2\repository\org\springframework\boot\spring-boot-starter\2.5.4\spring-boot-starter-2.5.4.jar;C:\Users\User\.m2\repository\org\springframework\boot\spring-boot\2.5.4\spring-boot-2.5.4.jar;C:\Users\User\.m2\repository\org\springframework\boot\spring-boot-autoconfigure\2.5.4\spring-boot-autoconfigure-2.5.4.jar;C:\Users\User\.m2\repository\org\springframework\boot\spring-boot-starter-logging\2.5.4\spring-boot-starter-logging-2.5.4.jar;C:\Users\User\.m2\repository\ch\qos\logback\logback-classic\1.2.5\logback-classic-1.2.5.jar;C:\Users\User\.m2\repository\ch\qos\logback\logback-core\1.2.5\logback-core-1.2.5.jar;C:\Users\User\.m2\repository\org\apache\logging\log4j\log4j-to-slf4j\2.14.1\log4j-to-slf4j-2.14.1.jar;C:\Users\User\.m2\repository\org\apache\logging\log4j\log4j-api\2.14.1\log4j-api-2.14.1.jar;C:\Users\User\.m2\repository\org\slf4j\jul-to-slf4j\1.7.32\jul-to-slf4j-1.7.32.jar;C:\Users\User\.m2\repository\jakarta\annotation\jakarta.annotation-api\1.3.5\jakarta.annotation-api-1.3.5.jar;C:\Users\User\.m2\repository\org\yaml\snakeyaml\1.28\snakeyaml-1.28.jar;C:\Users\User\.m2\repository\org\springframework\boot\spring-boot-starter-json\2.5.4\spring-boot-starter-json-2.5.4.jar;C:\Users\User\.m2\repository\com\fasterxml\jackson\core\jackson-databind\2.12.4\jackson-databind-2.12.4.jar;C:\Users\User\.m2\repository\com\fasterxml\jackson\core\jackson-annotations\2.12.4\jackson-annotations-2.12.4.jar;C:\Users\User\.m2\repository\com\fasterxml\jackson\core\jackson-core\2.12.4\jackson-core-2.12.4.jar;C:\Users\User\.m2\repository\com\fasterxml\jackson\datatype\jackson-datatype-jdk8\2.12.4\jackson-datatype-jdk8-2.12.4.jar;C:\Users\User\.m2\repository\com\fasterxml\jackson\datatype\jackson-datatype-jsr310\2.12.4\jackson-datatype-jsr310-2.12.4.jar;C:\Users\User\.m2\repository\com\fasterxml\jackson\module\jackson-module-parameter-names\2.12.4\jackson-module-parameter-names-2.12.4.jar;C:\Users\User\.m2\repository\org\springframework\boot\spring-boot-starter-tomcat\2.5.4\spring-boot-starter-tomcat-2.5.4.jar;C:\Users\User\.m2\repository\org\apache\tomcat\embed\tomcat-embed-core\9.0.52\tomcat-embed-core-9.0.52.jar;C:\Users\User\.m2\repository\org\apache\tomcat\embed\tomcat-embed-el\9.0.52\tomcat-embed-el-9.0.52.jar;C:\Users\User\.m2\repository\org\apache\tomcat\embed\tomcat-embed-websocket\9.0.52\tomcat-embed-websocket-9.0.52.jar;C:\Users\User\.m2\repository\org\springframework\spring-web\5.3.9\spring-web-5.3.9.jar;C:\Users\User\.m2\repository\org\springframework\spring-beans\5.3.9\spring-beans-5.3.9.jar;C:\Users\User\.m2\repository\org\springframework\spring-webmvc\5.3.9\spring-webmvc-5.3.9.jar;C:\Users\User\.m2\repository\org\springframework\spring-aop\5.3.9\spring-aop-5.3.9.jar;C:\Users\User\.m2\repository\org\springframework\spring-context\5.3.9\spring-context-5.3.9.jar;C:\Users\User\.m2\repository\org\springframework\spring-expression\5.3.9\spring-expression-5.3.9.jar;C:\Users\User\.m2\repository\org\springframework\boot\spring-boot-starter-data-jpa\2.5.4\spring-boot-starter-data-jpa-2.5.4.jar;C:\Users\User\.m2\repository\org\springframework\boot\spring-boot-starter-aop\2.5.4\spring-boot-starter-aop-2.5.4.jar;C:\Users\User\.m2\repository\org\aspectj\aspectjweaver\1.9.7\aspectjweaver-1.9.7.jar;C:\Users\User\.m2\repository\org\springframework\boot\spring-boot-starter-jdbc\2.5.4\spring-boot-starter-jdbc-2.5.4.jar;C:\Users\User\.m2\repository\com\zaxxer\HikariCP\4.0.3\HikariCP-4.0.3.jar;C:\Users\User\.m2\repository\org\springframework\spring-jdbc\5.3.9\spring-jdbc-5.3.9.jar;C:\Users\User\.m2\repository\jakarta\transaction\jakarta.transaction-api\1.3.3\jakarta.transaction-api-1.3.3.jar;C:\Users\User\.m2\repository\jakarta\persistence\jakarta.persistence-api\2.2.3\jakarta.persistence-api-2.2.3.jar;C:\Users\User\.m2\repository\org\hibernate\hibernate-core\5.4.32.Final\hibernate-core-5.4.32.Final.jar;C:\Users\User\.m2\repository\org\jboss\logging\jboss-logging\3.4.2.Final\jboss-logging-3.4.2.Final.jar;C:\Users\User\.m2\repository\org\javassist\javassist\3.27.0-GA\javassist-3.27.0-GA.jar;C:\Users\User\.m2\repository\net\bytebuddy\byte-buddy\1.10.22\byte-buddy-1.10.22.jar;C:\Users\User\.m2\repository\antlr\antlr\2.7.7\antlr-2.7.7.jar;C:\Users\User\.m2\repository\org\jboss\jandex\2.2.3.Final\jandex-2.2.3.Final.jar;C:\Users\User\.m2\repository\com\fasterxml\classmate\1.5.1\classmate-1.5.1.jar;C:\Users\User\.m2\repository\org\dom4j\dom4j\2.1.3\dom4j-2.1.3.jar;C:\Users\User\.m2\repository\org\hibernate\common\hibernate-commons-annotations\5.1.2.Final\hibernate-commons-annotations-5.1.2.Final.jar;C:\Users\User\.m2\repository\org\glassfish\jaxb\jaxb-runtime\2.3.5\jaxb-runtime-2.3.5.jar;C:\Users\User\.m2\repository\org\glassfish\jaxb\txw2\2.3.5\txw2-2.3.5.jar;C:\Users\User\.m2\repository\com\sun\istack\istack-commons-runtime\3.0.12\istack-commons-runtime-3.0.12.jar;C:\Users\User\.m2\repository\com\sun\activation\jakarta.activation\1.2.2\jakarta.activation-1.2.2.jar;C:\Users\User\.m2\repository\org\springframework\data\spring-data-jpa\2.5.4\spring-data-jpa-2.5.4.jar;C:\Users\User\.m2\repository\org\springframework\data\spring-data-commons\2.5.4\spring-data-commons-2.5.4.jar;C:\Users\User\.m2\repository\org\springframework\spring-orm\5.3.9\spring-orm-5.3.9.jar;C:\Users\User\.m2\repository\org\springframework\spring-tx\5.3.9\spring-tx-5.3.9.jar;C:\Users\User\.m2\repository\org\springframework\spring-aspects\5.3.9\spring-aspects-5.3.9.jar;C:\Users\User\.m2\repository\com\h2database\h2\1.4.200\h2-1.4.200.jar;C:\Users\User\.m2\repository\javax\persistence\javax.persistence-api\2.2\javax.persistence-api-2.2.jar;C:\Users\User\.m2\repository\org\springframework\boot\spring-boot-starter-test\2.5.4\spring-boot-starter-test-2.5.4.jar;C:\Users\User\.m2\repository\org\springframework\boot\spring-boot-test\2.5.4\spring-boot-test-2.5.4.jar;C:\Users\User\.m2\repository\org\springframework\boot\spring-boot-test-autoconfigure\2.5.4\spring-boot-test-autoconfigure-2.5.4.jar;C:\Users\User\.m2\repository\com\jayway\jsonpath\json-path\2.5.0\json-path-2.5.0.jar;C:\Users\User\.m2\repository\net\minidev\json-smart\2.4.7\json-smart-2.4.7.jar;C:\Users\User\.m2\repository\net\minidev\accessors-smart\2.4.7\accessors-smart-2.4.7.jar;C:\Users\User\.m2\repository\org\ow2\asm\asm\9.1\asm-9.1.jar;C:\Users\User\.m2\repository\jakarta\xml\bind\jakarta.xml.bind-api\2.3.3\jakarta.xml.bind-api-2.3.3.jar;C:\Users\User\.m2\repository\jakarta\activation\jakarta.activation-api\1.2.2\jakarta.activation-api-1.2.2.jar;C:\Users\User\.m2\repository\org\assertj\assertj-core\3.19.0\assertj-core-3.19.0.jar;C:\Users\User\.m2\repository\org\hamcrest\hamcrest\2.2\hamcrest-2.2.jar;C:\Users\User\.m2\repository\org\junit\jupiter\junit-jupiter\5.7.2\junit-jupiter-5.7.2.jar;C:\Users\User\.m2\repository\org\junit\jupiter\junit-jupiter-api\5.7.2\junit-jupiter-api-5.7.2.jar;C:\Users\User\.m2\repository\org\apiguardian\apiguardian-api\1.1.0\apiguardian-api-1.1.0.jar;C:\Users\User\.m2\repository\org\opentest4j\opentest4j\1.2.0\opentest4j-1.2.0.jar;C:\Users\User\.m2\repository\org\junit\platform\junit-platform-commons\1.7.2\junit-platform-commons-1.7.2.jar;C:\Users\User\.m2\repository\org\junit\jupiter\junit-jupiter-params\5.7.2\junit-jupiter-params-5.7.2.jar;C:\Users\User\.m2\repository\org\junit\jupiter\junit-jupiter-engine\5.7.2\junit-jupiter-engine-5.7.2.jar;C:\Users\User\.m2\repository\org\junit\platform\junit-platform-engine\1.7.2\junit-platform-engine-1.7.2.jar;C:\Users\User\.m2\repository\org\mockito\mockito-core\3.9.0\mockito-core-3.9.0.jar;C:\Users\User\.m2\repository\net\bytebuddy\byte-buddy-agent\1.10.22\byte-buddy-agent-1.10.22.jar;C:\Users\User\.m2\repository\org\objenesis\objenesis\3.2\objenesis-3.2.jar;C:\Users\User\.m2\repository\org\mockito\mockito-junit-jupiter\3.9.0\mockito-junit-jupiter-3.9.0.jar;C:\Users\User\.m2\repository\org\skyscreamer\jsonassert\1.5.0\jsonassert-1.5.0.jar;C:\Users\User\.m2\repository\com\vaadin\external\google\android-json\0.0.20131108.vaadin1\android-json-0.0.20131108.vaadin1.jar;C:\Users\User\.m2\repository\org\springframework\spring-core\5.3.9\spring-core-5.3.9.jar;C:\Users\User\.m2\repository\org\springframework\spring-jcl\5.3.9\spring-jcl-5.3.9.jar;C:\Users\User\.m2\repository\org\springframework\spring-test\5.3.9\spring-test-5.3.9.jar;C:\Users\User\.m2\repository\org\xmlunit\xmlunit-core\2.8.2\xmlunit-core-2.8.2.jar;C:\Users\User\.m2\repository\com\tngtech\archunit\archunit-junit5\1.1.0\archunit-junit5-1.1.0.jar;C:\Users\User\.m2\repository\com\tngtech\archunit\archunit-junit5-api\1.1.0\archunit-junit5-api-1.1.0.jar;C:\Users\User\.m2\repository\com\tngtech\archunit\archunit-junit5-engine\1.1.0\archunit-junit5-engine-1.1.0.jar;C:\Users\User\.m2\repository\com\tngtech\archunit\archunit-junit5-engine-api\1.1.0\archunit-junit5-engine-api-1.1.0.jar;C:\Users\User\.m2\repository\com\tngtech\archunit\archunit\1.1.0\archunit-1.1.0.jar;C:\Users\User\.m2\repository\org\slf4j\slf4j-api\1.7.32\slf4j-api-1.7.32.jar;"/>
    <property name="sun.cpu.endian" value="little"/>
    <property name="user.home" value="C:\Users\User"/>
    <property name="user.language" value="uk"/>
    <property name="java.specification.vendor" value="Oracle Corporation"/>
    <property name="java.version.date" value="2021-07-20"/>
    <property name="java.home" value="C:\Program Files\Microsoft\jdk-11.0.12.7-hotspot"/>
    <property name="file.separator" value="\"/>
    <property name="basedir" value="M:\Lab\song-manager"/>
    <property name="java.vm.compressedOopsMode" value="Zero based"/>
    <property name="line.separator" value="&#10;"/>
    <property name="java.specification.name" value="Java Platform API Specification"/>
    <property name="java.vm.specification.vendor" value="Oracle Corporation"/>
    <property name="java.awt.graphicsenv" value="sun.awt.Win32GraphicsEnvironment"/>
    <property name="surefire.real.class.path" value="C:\Users\User\AppData\Local\Temp\surefire8157282864834620711\surefirebooter-20250419024305877_3.jar"/>
    <property name="user.script" value=""/>
    <property name="sun.management.compiler" value="HotSpot 64-Bit Tiered Compilers"/>
    <property name="java.runtime.version" value="11.0.12+7"/>
    <property name="user.name" value="User"/>
    <property name="path.separator" value=";"/>
    <property name="os.version" value="10.0"/>
    <property name="java.runtime.name" value="OpenJDK Runtime Environment"/>
    <property name="file.encoding" value="Cp1251"/>
    <property name="java.vm.name" value="OpenJDK 64-Bit Server VM"/>
    <property name="java.vendor.version" value="Microsoft-25199"/>
    <property name="localRepository" value="C:\Users\User\.m2\repository"/>
    <property name="java.vendor.url.bug" value="https://github.com/microsoft/openjdk/issues"/>
    <property name="java.io.tmpdir" value="C:\Users\User\AppData\Local\Temp\"/>
    <property name="java.version" value="11.0.12"/>
    <property name="user.dir" value="M:\Lab\song-manager"/>
    <property name="os.arch" value="amd64"/>
    <property name="java.vm.specification.name" value="Java Virtual Machine Specification"/>
    <property name="java.awt.printerjob" value="sun.awt.windows.WPrinterJob"/>
    <property name="sun.os.patch.level" value=""/>
    <property name="java.library.path" value="C:\Program Files\Microsoft\jdk-11.0.12.7-hotspot\bin;C:\Windows\Sun\Java\bin;C:\Windows\system32;C:\Windows;C:\Program Files\Microsoft\jdk-11.0.12.7-hotspot\bin;C:\Windows\system32;C:\Windows;C:\Windows\System32\Wbem;C:\Windows\System32\WindowsPowerShell\v1.0\;C:\Windows\System32\OpenSSH\;C:\Program Files\Microsoft SQL Server\150\Tools\Binn\;C:\Program Files\Microsoft SQL Server\Client SDK\ODBC\170\Tools\Binn\;C:\Program Files\Git\cmd;C:\Program Files (x86)\GitExtensions\;C:\Program Files\dotnet\;M:\Node\;C:\Users\User\Downloads\apache-maven-3.9.9-bin\apache-maven-3.9.9\bin;C:\Program Files\MySQL\MySQL Shell 8.0\bin\;C:\Users\User\AppData\Local\Microsoft\WindowsApps;C:\Users\User\AppData\Local\GitHubDesktop\bin;C:\Users\User\AppData\Local\Programs\Microsoft VS Code\bin;C:\Users\User\.dotnet\tools;C:\Users\User\AppData\Roaming\npm;;."/>
    <property name="java.vm.info" value="mixed mode"/>
    <property name="java.vendor" value="Microsoft"/>
    <property name="java.vm.version" value="11.0.12+7"/>
    <property name="sun.io.unicode.encoding" value="UnicodeLittle"/>
    <property name="java.class.version" value="55.0"/>
  </properties>
  <testcase name="controllerClassNamesShouldEndWithController" classname="archtests.SongArchitectureTests" time="1.192">
    <system-out><![CDATA[02:43:06.698 [main] INFO com.tngtech.archunit.core.PluginLoader - Detected Java version 11.0.12
02:43:06.703 [main] DEBUG com.tngtech.archunit.core.PluginLoader - Current Java version is compatible to JAVA_9 => Loading Plugin com.tngtech.archunit.core.importer.ModuleImportPlugin
02:43:06.716 [main] DEBUG com.tngtech.archunit.core.importer.UrlSource$From - Found URLs on sun.boot.class.path: []
02:43:06.723 [main] DEBUG com.tngtech.archunit.core.importer.UrlSource$From - Found URLs on java.class.path: [file:/M:/Lab/song-manager/target/test-classes/, file:/M:/Lab/song-manager/target/classes/, jar:file:/C:/Users/User/.m2/repository/org/springframework/boot/spring-boot-starter-web/2.5.4/spring-boot-starter-web-2.5.4.jar!/, jar:file:/C:/Users/User/.m2/repository/org/springframework/boot/spring-boot-starter/2.5.4/spring-boot-starter-2.5.4.jar!/, jar:file:/C:/Users/User/.m2/repository/org/springframework/boot/spring-boot/2.5.4/spring-boot-2.5.4.jar!/, jar:file:/C:/Users/User/.m2/repository/org/springframework/boot/spring-boot-autoconfigure/2.5.4/spring-boot-autoconfigure-2.5.4.jar!/, jar:file:/C:/Users/User/.m2/repository/org/springframework/boot/spring-boot-starter-logging/2.5.4/spring-boot-starter-logging-2.5.4.jar!/, jar:file:/C:/Users/User/.m2/repository/ch/qos/logback/logback-classic/1.2.5/logback-classic-1.2.5.jar!/, jar:file:/C:/Users/User/.m2/repository/ch/qos/logback/logback-core/1.2.5/logback-core-1.2.5.jar!/, jar:file:/C:/Users/User/.m2/repository/org/apache/logging/log4j/log4j-to-slf4j/2.14.1/log4j-to-slf4j-2.14.1.jar!/, jar:file:/C:/Users/User/.m2/repository/org/apache/logging/log4j/log4j-api/2.14.1/log4j-api-2.14.1.jar!/, jar:file:/C:/Users/User/.m2/repository/org/slf4j/jul-to-slf4j/1.7.32/jul-to-slf4j-1.7.32.jar!/, jar:file:/C:/Users/User/.m2/repository/jakarta/annotation/jakarta.annotation-api/1.3.5/jakarta.annotation-api-1.3.5.jar!/, jar:file:/C:/Users/User/.m2/repository/org/yaml/snakeyaml/1.28/snakeyaml-1.28.jar!/, jar:file:/C:/Users/User/.m2/repository/org/springframework/boot/spring-boot-starter-json/2.5.4/spring-boot-starter-json-2.5.4.jar!/, jar:file:/C:/Users/User/.m2/repository/com/fasterxml/jackson/core/jackson-databind/2.12.4/jackson-databind-2.12.4.jar!/, jar:file:/C:/Users/User/.m2/repository/com/fasterxml/jackson/core/jackson-annotations/2.12.4/jackson-annotations-2.12.4.jar!/, jar:file:/C:/Users/User/.m2/repository/com/fasterxml/jackson/core/jackson-core/2.12.4/jackson-core-2.12.4.jar!/, jar:file:/C:/Users/User/.m2/repository/com/fasterxml/jackson/datatype/jackson-datatype-jdk8/2.12.4/jackson-datatype-jdk8-2.12.4.jar!/, jar:file:/C:/Users/User/.m2/repository/com/fasterxml/jackson/datatype/jackson-datatype-jsr310/2.12.4/jackson-datatype-jsr310-2.12.4.jar!/, jar:file:/C:/Users/User/.m2/repository/com/fasterxml/jackson/module/jackson-module-parameter-names/2.12.4/jackson-module-parameter-names-2.12.4.jar!/, jar:file:/C:/Users/User/.m2/repository/org/springframework/boot/spring-boot-starter-tomcat/2.5.4/spring-boot-starter-tomcat-2.5.4.jar!/, jar:file:/C:/Users/User/.m2/repository/org/apache/tomcat/embed/tomcat-embed-core/9.0.52/tomcat-embed-core-9.0.52.jar!/, jar:file:/C:/Users/User/.m2/repository/org/apache/tomcat/embed/tomcat-embed-el/9.0.52/tomcat-embed-el-9.0.52.jar!/, jar:file:/C:/Users/User/.m2/repository/org/apache/tomcat/embed/tomcat-embed-websocket/9.0.52/tomcat-embed-websocket-9.0.52.jar!/, jar:file:/C:/Users/User/.m2/repository/org/springframework/spring-web/5.3.9/spring-web-5.3.9.jar!/, jar:file:/C:/Users/User/.m2/repository/org/springframework/spring-beans/5.3.9/spring-beans-5.3.9.jar!/, jar:file:/C:/Users/User/.m2/repository/org/springframework/spring-webmvc/5.3.9/spring-webmvc-5.3.9.jar!/, jar:file:/C:/Users/User/.m2/repository/org/springframework/spring-aop/5.3.9/spring-aop-5.3.9.jar!/, jar:file:/C:/Users/User/.m2/repository/org/springframework/spring-context/5.3.9/spring-context-5.3.9.jar!/, jar:file:/C:/Users/User/.m2/repository/org/springframework/spring-expression/5.3.9/spring-expression-5.3.9.jar!/, jar:file:/C:/Users/User/.m2/repository/org/springframework/boot/spring-boot-starter-data-jpa/2.5.4/spring-boot-starter-data-jpa-2.5.4.jar!/, jar:file:/C:/Users/User/.m2/repository/org/springframework/boot/spring-boot-starter-aop/2.5.4/spring-boot-starter-aop-2.5.4.jar!/, jar:file:/C:/Users/User/.m2/repository/org/aspectj/aspectjweaver/1.9.7/aspectjweaver-1.9.7.jar!/, jar:file:/C:/Users/User/.m2/repository/org/springframework/boot/spring-boot-starter-jdbc/2.5.4/spring-boot-starter-jdbc-2.5.4.jar!/, jar:file:/C:/Users/User/.m2/repository/com/zaxxer/HikariCP/4.0.3/HikariCP-4.0.3.jar!/, jar:file:/C:/Users/User/.m2/repository/org/springframework/spring-jdbc/5.3.9/spring-jdbc-5.3.9.jar!/, jar:file:/C:/Users/User/.m2/repository/jakarta/transaction/jakarta.transaction-api/1.3.3/jakarta.transaction-api-1.3.3.jar!/, jar:file:/C:/Users/User/.m2/repository/jakarta/persistence/jakarta.persistence-api/2.2.3/jakarta.persistence-api-2.2.3.jar!/, jar:file:/C:/Users/User/.m2/repository/org/hibernate/hibernate-core/5.4.32.Final/hibernate-core-5.4.32.Final.jar!/, jar:file:/C:/Users/User/.m2/repository/org/jboss/logging/jboss-logging/3.4.2.Final/jboss-logging-3.4.2.Final.jar!/, jar:file:/C:/Users/User/.m2/repository/org/javassist/javassist/3.27.0-GA/javassist-3.27.0-GA.jar!/, jar:file:/C:/Users/User/.m2/repository/net/bytebuddy/byte-buddy/1.10.22/byte-buddy-1.10.22.jar!/, jar:file:/C:/Users/User/.m2/repository/antlr/antlr/2.7.7/antlr-2.7.7.jar!/, jar:file:/C:/Users/User/.m2/repository/org/jboss/jandex/2.2.3.Final/jandex-2.2.3.Final.jar!/, jar:file:/C:/Users/User/.m2/repository/com/fasterxml/classmate/1.5.1/classmate-1.5.1.jar!/, jar:file:/C:/Users/User/.m2/repository/org/dom4j/dom4j/2.1.3/dom4j-2.1.3.jar!/, jar:file:/C:/Users/User/.m2/repository/org/hibernate/common/hibernate-commons-annotations/5.1.2.Final/hibernate-commons-annotations-5.1.2.Final.jar!/, jar:file:/C:/Users/User/.m2/repository/org/glassfish/jaxb/jaxb-runtime/2.3.5/jaxb-runtime-2.3.5.jar!/, jar:file:/C:/Users/User/.m2/repository/org/glassfish/jaxb/txw2/2.3.5/txw2-2.3.5.jar!/, jar:file:/C:/Users/User/.m2/repository/com/sun/istack/istack-commons-runtime/3.0.12/istack-commons-runtime-3.0.12.jar!/, jar:file:/C:/Users/User/.m2/repository/com/sun/activation/jakarta.activation/1.2.2/jakarta.activation-1.2.2.jar!/, jar:file:/C:/Users/User/.m2/repository/org/springframework/data/spring-data-jpa/2.5.4/spring-data-jpa-2.5.4.jar!/, jar:file:/C:/Users/User/.m2/repository/org/springframework/data/spring-data-commons/2.5.4/spring-data-commons-2.5.4.jar!/, jar:file:/C:/Users/User/.m2/repository/org/springframework/spring-orm/5.3.9/spring-orm-5.3.9.jar!/, jar:file:/C:/Users/User/.m2/repository/org/springframework/spring-tx/5.3.9/spring-tx-5.3.9.jar!/, jar:file:/C:/Users/User/.m2/repository/org/springframework/spring-aspects/5.3.9/spring-aspects-5.3.9.jar!/, jar:file:/C:/Users/User/.m2/repository/com/h2database/h2/1.4.200/h2-1.4.200.jar!/, jar:file:/C:/Users/User/.m2/repository/javax/persistence/javax.persistence-api/2.2/javax.persistence-api-2.2.jar!/, jar:file:/C:/Users/User/.m2/repository/org/springframework/boot/spring-boot-starter-test/2.5.4/spring-boot-starter-test-2.5.4.jar!/, jar:file:/C:/Users/User/.m2/repository/org/springframework/boot/spring-boot-test/2.5.4/spring-boot-test-2.5.4.jar!/, jar:file:/C:/Users/User/.m2/repository/org/springframework/boot/spring-boot-test-autoconfigure/2.5.4/spring-boot-test-autoconfigure-2.5.4.jar!/, jar:file:/C:/Users/User/.m2/repository/com/jayway/jsonpath/json-path/2.5.0/json-path-2.5.0.jar!/, jar:file:/C:/Users/User/.m2/repository/net/minidev/json-smart/2.4.7/json-smart-2.4.7.jar!/, jar:file:/C:/Users/User/.m2/repository/net/minidev/accessors-smart/2.4.7/accessors-smart-2.4.7.jar!/, jar:file:/C:/Users/User/.m2/repository/org/ow2/asm/asm/9.1/asm-9.1.jar!/, jar:file:/C:/Users/User/.m2/repository/jakarta/xml/bind/jakarta.xml.bind-api/2.3.3/jakarta.xml.bind-api-2.3.3.jar!/, jar:file:/C:/Users/User/.m2/repository/jakarta/activation/jakarta.activation-api/1.2.2/jakarta.activation-api-1.2.2.jar!/, jar:file:/C:/Users/User/.m2/repository/org/assertj/assertj-core/3.19.0/assertj-core-3.19.0.jar!/, jar:file:/C:/Users/User/.m2/repository/org/hamcrest/hamcrest/2.2/hamcrest-2.2.jar!/, jar:file:/C:/Users/User/.m2/repository/org/junit/jupiter/junit-jupiter/5.7.2/junit-jupiter-5.7.2.jar!/, jar:file:/C:/Users/User/.m2/repository/org/junit/jupiter/junit-jupiter-api/5.7.2/junit-jupiter-api-5.7.2.jar!/, jar:file:/C:/Users/User/.m2/repository/org/apiguardian/apiguardian-api/1.1.0/apiguardian-api-1.1.0.jar!/, jar:file:/C:/Users/User/.m2/repository/org/opentest4j/opentest4j/1.2.0/opentest4j-1.2.0.jar!/, jar:file:/C:/Users/User/.m2/repository/org/junit/platform/junit-platform-commons/1.7.2/junit-platform-commons-1.7.2.jar!/, jar:file:/C:/Users/User/.m2/repository/org/junit/jupiter/junit-jupiter-params/5.7.2/junit-jupiter-params-5.7.2.jar!/, jar:file:/C:/Users/User/.m2/repository/org/junit/jupiter/junit-jupiter-engine/5.7.2/junit-jupiter-engine-5.7.2.jar!/, jar:file:/C:/Users/User/.m2/repository/org/junit/platform/junit-platform-engine/1.7.2/junit-platform-engine-1.7.2.jar!/, jar:file:/C:/Users/User/.m2/repository/org/mockito/mockito-core/3.9.0/mockito-core-3.9.0.jar!/, jar:file:/C:/Users/User/.m2/repository/net/bytebuddy/byte-buddy-agent/1.10.22/byte-buddy-agent-1.10.22.jar!/, jar:file:/C:/Users/User/.m2/repository/org/objenesis/objenesis/3.2/objenesis-3.2.jar!/, jar:file:/C:/Users/User/.m2/repository/org/mockito/mockito-junit-jupiter/3.9.0/mockito-junit-jupiter-3.9.0.jar!/, jar:file:/C:/Users/User/.m2/repository/org/skyscreamer/jsonassert/1.5.0/jsonassert-1.5.0.jar!/, jar:file:/C:/Users/User/.m2/repository/com/vaadin/external/google/android-json/0.0.20131108.vaadin1/android-json-0.0.20131108.vaadin1.jar!/, jar:file:/C:/Users/User/.m2/repository/org/springframework/spring-core/5.3.9/spring-core-5.3.9.jar!/, jar:file:/C:/Users/User/.m2/repository/org/springframework/spring-jcl/5.3.9/spring-jcl-5.3.9.jar!/, jar:file:/C:/Users/User/.m2/repository/org/springframework/spring-test/5.3.9/spring-test-5.3.9.jar!/, jar:file:/C:/Users/User/.m2/repository/org/xmlunit/xmlunit-core/2.8.2/xmlunit-core-2.8.2.jar!/, jar:file:/C:/Users/User/.m2/repository/com/tngtech/archunit/archunit-junit5/1.1.0/archunit-junit5-1.1.0.jar!/, jar:file:/C:/Users/User/.m2/repository/com/tngtech/archunit/archunit-junit5-api/1.1.0/archunit-junit5-api-1.1.0.jar!/, jar:file:/C:/Users/User/.m2/repository/com/tngtech/archunit/archunit-junit5-engine/1.1.0/archunit-junit5-engine-1.1.0.jar!/, jar:file:/C:/Users/User/.m2/repository/com/tngtech/archunit/archunit-junit5-engine-api/1.1.0/archunit-junit5-engine-api-1.1.0.jar!/, jar:file:/C:/Users/User/.m2/repository/com/tngtech/archunit/archunit/1.1.0/archunit-1.1.0.jar!/, jar:file:/C:/Users/User/.m2/repository/org/slf4j/slf4j-api/1.7.32/slf4j-api-1.7.32.jar!/]
02:43:07.129 [main] DEBUG com.tngtech.archunit.ArchConfiguration - No configuration found in classpath at archunit.properties => Using default configuration
02:43:07.166 [main] DEBUG com.tngtech.archunit.core.importer.JavaClassProcessor - Processing class 'com/example/songs/repository/SongRepository'
02:43:07.236 [main] DEBUG com.tngtech.archunit.core.importer.JavaClassProcessor - Processing class 'com/example/songs/controller/SongController'
02:43:07.251 [main] DEBUG com.tngtech.archunit.core.importer.JavaClassProcessor - Processing class 'com/example/songs/service/SongService'
02:43:07.254 [main] DEBUG com.tngtech.archunit.core.importer.JavaClassProcessor - Processing class 'com/example/songs/model/Song'
02:43:07.256 [main] DEBUG com.tngtech.archunit.core.importer.JavaClassProcessor - Processing class 'com/example/songs/SongManagerApplication'
02:43:07.265 [main] DEBUG com.tngtech.archunit.core.importer.JavaClassProcessor - Processing class 'org/springframework/web/bind/annotation/PathVariable'
02:43:07.267 [main] DEBUG com.tngtech.archunit.core.importer.JavaClassProcessor - Processing class 'org/springframework/web/bind/annotation/RequestMapping'
02:43:07.269 [main] DEBUG com.tngtech.archunit.core.importer.JavaClassProcessor - Processing class 'org/springframework/http/ResponseEntity$BodyBuilder'
02:43:07.271 [main] DEBUG com.tngtech.archunit.core.importer.JavaClassProcessor - Processing class 'org/springframework/web/bind/annotation/RequestBody'
02:43:07.272 [main] DEBUG com.tngtech.archunit.core.importer.JavaClassProcessor - Processing class 'org/springframework/boot/SpringApplication'
02:43:07.284 [main] DEBUG com.tngtech.archunit.core.importer.JavaClassProcessor - Processing class 'org/springframework/web/bind/annotation/PutMapping'
02:43:07.286 [main] DEBUG com.tngtech.archunit.core.importer.JavaClassProcessor - Processing class 'java/lang/Long'
02:43:07.291 [main] DEBUG com.tngtech.archunit.core.importer.JavaClassProcessor - Processing class 'org/springframework/stereotype/Service'
02:43:07.292 [main] DEBUG com.tngtech.archunit.core.importer.JavaClassProcessor - Processing class 'org/springframework/web/bind/annotation/GetMapping'
02:43:07.293 [main] DEBUG com.tngtech.archunit.core.importer.JavaClassProcessor - Processing class 'java/lang/String'
02:43:07.299 [main] DEBUG com.tngtech.archunit.core.importer.JavaClassProcessor - Processing class 'org/springframework/web/bind/annotation/DeleteMapping'
02:43:07.300 [main] DEBUG com.tngtech.archunit.core.importer.JavaClassProcessor - Processing class 'javax/persistence/Id'
02:43:07.301 [main] DEBUG com.tngtech.archunit.core.importer.JavaClassProcessor - Processing class 'org/springframework/web/bind/annotation/PostMapping'
02:43:07.302 [main] DEBUG com.tngtech.archunit.core.importer.JavaClassProcessor - Processing class 'java/lang/Void'
02:43:07.303 [main] DEBUG com.tngtech.archunit.core.importer.JavaClassProcessor - Processing class 'javax/persistence/Entity'
02:43:07.304 [main] DEBUG com.tngtech.archunit.core.importer.JavaClassProcessor - Processing class 'org/springframework/boot/autoconfigure/SpringBootApplication'
02:43:07.305 [main] DEBUG com.tngtech.archunit.core.importer.JavaClassProcessor - Processing class 'java/lang/RuntimeException'
02:43:07.306 [main] DEBUG com.tngtech.archunit.core.importer.JavaClassProcessor - Processing class 'org/springframework/web/bind/annotation/RestController'
02:43:07.308 [main] DEBUG com.tngtech.archunit.core.importer.JavaClassProcessor - Processing class 'javax/persistence/GenerationType'
02:43:07.309 [main] DEBUG com.tngtech.archunit.core.importer.JavaClassProcessor - Processing class 'java/util/List'
02:43:07.312 [main] DEBUG com.tngtech.archunit.core.importer.JavaClassProcessor - Processing class 'javax/persistence/GeneratedValue'
02:43:07.313 [main] DEBUG com.tngtech.archunit.core.importer.JavaClassProcessor - Processing class 'java/util/Optional'
02:43:07.314 [main] DEBUG com.tngtech.archunit.core.importer.JavaClassProcessor - Processing class 'java/lang/Object'
02:43:07.316 [main] DEBUG com.tngtech.archunit.core.importer.JavaClassProcessor - Processing class 'org/springframework/http/ResponseEntity'
02:43:07.317 [main] DEBUG com.tngtech.archunit.core.importer.JavaClassProcessor - Processing class 'org/springframework/http/ResponseEntity$HeadersBuilder'
02:43:07.319 [main] DEBUG com.tngtech.archunit.core.importer.JavaClassProcessor - Processing class 'org/springframework/data/jpa/repository/JpaRepository'
02:43:07.320 [main] DEBUG com.tngtech.archunit.core.importer.JavaClassProcessor - Processing class 'java/lang/annotation/Inherited'
02:43:07.321 [main] DEBUG com.tngtech.archunit.core.importer.JavaClassProcessor - Processing class 'org/springframework/context/annotation/ComponentScan$Filter'
02:43:07.321 [main] DEBUG com.tngtech.archunit.core.importer.JavaClassProcessor - Processing class 'java/lang/Enum'
02:43:07.322 [main] DEBUG com.tngtech.archunit.core.importer.JavaClassProcessor - Processing class 'org/springframework/context/ConfigurableApplicationContext'
02:43:07.323 [main] DEBUG com.tngtech.archunit.core.importer.JavaClassProcessor - Processing class 'java/lang/annotation/Documented'
02:43:07.324 [main] DEBUG com.tngtech.archunit.core.importer.JavaClassProcessor - Processing class 'java/lang/CharSequence'
02:43:07.325 [main] DEBUG com.tngtech.archunit.core.importer.JavaClassProcessor - Processing class 'org/springframework/data/repository/PagingAndSortingRepository'
02:43:07.326 [main] DEBUG com.tngtech.archunit.core.importer.JavaClassProcessor - Processing class 'org/springframework/http/HttpHeaders'
02:43:07.331 [main] DEBUG com.tngtech.archunit.core.importer.JavaClassProcessor - Processing class 'java/util/Collection'
02:43:07.332 [main] DEBUG com.tngtech.archunit.core.importer.JavaClassProcessor - Processing class 'org/springframework/web/bind/annotation/RequestMethod'
02:43:07.333 [main] DEBUG com.tngtech.archunit.core.importer.JavaClassProcessor - Processing class 'org/springframework/context/ApplicationListener'
02:43:07.334 [main] DEBUG com.tngtech.archunit.core.importer.JavaClassProcessor - Processing class 'java/lang/Exception'
02:43:07.335 [main] DEBUG com.tngtech.archunit.core.importer.JavaClassProcessor - Processing class 'java/io/Serializable'
02:43:07.335 [main] DEBUG com.tngtech.archunit.core.importer.JavaClassProcessor - Processing class 'org/springframework/context/annotation/Configuration'
02:43:07.336 [main] DEBUG com.tngtech.archunit.core.importer.JavaClassProcessor - Processing class 'org/springframework/http/HttpEntity'
02:43:07.337 [main] DEBUG com.tngtech.archunit.core.importer.JavaClassProcessor - Processing class 'org/springframework/beans/factory/support/BeanNameGenerator'
02:43:07.338 [main] DEBUG com.tngtech.archunit.core.importer.JavaClassProcessor - Processing class 'org/springframework/boot/SpringBootExceptionReporter'
02:43:07.338 [main] DEBUG com.tngtech.archunit.core.importer.JavaClassProcessor - Processing class 'java/lang/annotation/Annotation'
02:43:07.339 [main] DEBUG com.tngtech.archunit.core.importer.JavaClassProcessor - Processing class 'java/lang/Throwable'
02:43:07.341 [main] DEBUG com.tngtech.archunit.core.importer.JavaClassProcessor - Processing class 'org/springframework/boot/autoconfigure/AutoConfigurationExcludeFilter'
02:43:07.343 [main] DEBUG com.tngtech.archunit.core.importer.JavaClassProcessor - Processing class 'org/springframework/stereotype/Controller'
02:43:07.343 [main] DEBUG com.tngtech.archunit.core.importer.JavaClassProcessor - Processing class 'org/springframework/boot/context/TypeExcludeFilter'
02:43:07.344 [main] DEBUG com.tngtech.archunit.core.importer.JavaClassProcessor - Processing class 'java/lang/annotation/Retention'
02:43:07.345 [main] DEBUG com.tngtech.archunit.core.importer.JavaClassProcessor - Processing class 'org/springframework/data/repository/NoRepositoryBean'
02:43:07.346 [main] DEBUG com.tngtech.archunit.core.importer.JavaClassProcessor - Processing class 'org/springframework/boot/BootstrapRegistryInitializer'
02:43:07.346 [main] DEBUG com.tngtech.archunit.core.importer.JavaClassProcessor - Processing class 'jdk/internal/HotSpotIntrinsicCandidate'
02:43:07.347 [main] DEBUG com.tngtech.archunit.core.importer.JavaClassProcessor - Processing class 'org/springframework/lang/Nullable'
02:43:07.348 [main] DEBUG com.tngtech.archunit.core.importer.JavaClassProcessor - Processing class 'java/lang/Number'
02:43:07.348 [main] DEBUG com.tngtech.archunit.core.importer.JavaClassProcessor - Processing class 'org/springframework/context/annotation/FilterType'
02:43:07.349 [main] DEBUG com.tngtech.archunit.core.importer.JavaClassProcessor - Processing class 'org/springframework/core/annotation/AliasFor'
02:43:07.350 [main] DEBUG com.tngtech.archunit.core.importer.JavaClassProcessor - Processing class 'java/lang/SafeVarargs'
02:43:07.350 [main] DEBUG com.tngtech.archunit.core.importer.JavaClassProcessor - Processing class 'jdk/internal/vm/annotation/Stable'
02:43:07.351 [main] DEBUG com.tngtech.archunit.core.importer.JavaClassProcessor - Processing class 'org/springframework/boot/autoconfigure/EnableAutoConfiguration'
02:43:07.351 [main] DEBUG com.tngtech.archunit.core.importer.JavaClassProcessor - Processing class 'java/lang/Deprecated'
02:43:07.352 [main] DEBUG com.tngtech.archunit.core.importer.JavaClassProcessor - Processing class 'java/lang/annotation/Target'
02:43:07.352 [main] DEBUG com.tngtech.archunit.core.importer.JavaClassProcessor - Processing class 'org/springframework/core/env/StandardEnvironment'
02:43:07.353 [main] DEBUG com.tngtech.archunit.core.importer.JavaClassProcessor - Processing class 'java/lang/annotation/ElementType'
02:43:07.354 [main] DEBUG com.tngtech.archunit.core.importer.JavaClassProcessor - Processing class 'org/springframework/web/bind/annotation/ResponseBody'
02:43:07.354 [main] DEBUG com.tngtech.archunit.core.importer.JavaClassProcessor - Processing class 'org/springframework/context/annotation/ComponentScan'
02:43:07.355 [main] DEBUG com.tngtech.archunit.core.importer.JavaClassProcessor - Processing class 'org/springframework/data/repository/query/QueryByExampleExecutor'
02:43:07.356 [main] DEBUG com.tngtech.archunit.core.importer.JavaClassProcessor - Processing class 'org/springframework/stereotype/Component'
02:43:07.357 [main] DEBUG com.tngtech.archunit.core.importer.JavaClassProcessor - Processing class 'org/springframework/boot/SpringBootConfiguration'
02:43:07.358 [main] DEBUG com.tngtech.archunit.core.importer.JavaClassProcessor - Processing class 'java/lang/Class'
02:43:07.363 [main] DEBUG com.tngtech.archunit.core.importer.JavaClassProcessor - Processing class 'java/lang/Comparable'
02:43:07.364 [main] DEBUG com.tngtech.archunit.core.importer.JavaClassProcessor - Processing class 'org/springframework/context/ApplicationContextInitializer'
02:43:07.365 [main] DEBUG com.tngtech.archunit.core.importer.JavaClassProcessor - Processing class 'java/lang/annotation/RetentionPolicy'
02:43:07.366 [main] DEBUG com.tngtech.archunit.core.importer.JavaClassProcessor - Processing class 'org/springframework/web/bind/annotation/Mapping'
02:43:07.367 [main] DEBUG com.tngtech.archunit.core.importer.JavaClassProcessor - Processing class 'org/springframework/core/type/filter/TypeFilter'
02:43:07.368 [main] DEBUG com.tngtech.archunit.core.importer.JavaClassProcessor - Processing class 'java/util/Locale'
02:43:07.370 [main] DEBUG com.tngtech.archunit.core.importer.JavaClassProcessor - Processing class 'java/lang/reflect/Method'
02:43:07.372 [main] DEBUG com.tngtech.archunit.core.importer.JavaClassProcessor - Processing class 'org/springframework/context/PayloadApplicationEvent'
02:43:07.372 [main] DEBUG com.tngtech.archunit.core.importer.JavaClassProcessor - Processing class 'org/springframework/boot/autoconfigure/AutoConfigurationImportSelector'
02:43:07.374 [main] DEBUG com.tngtech.archunit.core.importer.JavaClassProcessor - Processing class 'jdk/internal/vm/annotation/ForceInline'
02:43:07.375 [main] DEBUG com.tngtech.archunit.core.importer.JavaClassProcessor - Processing class 'org/springframework/http/MediaType'
02:43:07.376 [main] DEBUG com.tngtech.archunit.core.importer.JavaClassProcessor - Processing class 'java/util/Locale$LanguageRange'
02:43:07.378 [main] DEBUG com.tngtech.archunit.core.importer.JavaClassProcessor - Processing class 'java/util/EventListener'
02:43:07.378 [main] DEBUG com.tngtech.archunit.core.importer.JavaClassProcessor - Processing class 'java/lang/Class$ReflectionData'
02:43:07.378 [main] DEBUG com.tngtech.archunit.core.importer.JavaClassProcessor - Processing class 'java/lang/reflect/Type'
02:43:07.379 [main] DEBUG com.tngtech.archunit.core.importer.JavaClassProcessor - Processing class 'jdk/internal/reflect/CallerSensitive'
02:43:07.379 [main] DEBUG com.tngtech.archunit.core.importer.JavaClassProcessor - Processing class 'org/springframework/beans/factory/BeanClassLoaderAware'
02:43:07.380 [main] DEBUG com.tngtech.archunit.core.importer.JavaClassProcessor - Processing class 'org/springframework/context/annotation/AnnotationScopeMetadataResolver'
02:43:07.380 [main] DEBUG com.tngtech.archunit.core.importer.JavaClassProcessor - Processing class 'java/lang/reflect/AnnotatedElement'
02:43:07.381 [main] DEBUG com.tngtech.archunit.core.importer.JavaClassProcessor - Processing class 'org/springframework/boot/autoconfigure/AutoConfigurationPackage'
02:43:07.382 [main] DEBUG com.tngtech.archunit.core.importer.JavaClassProcessor - Processing class 'org/springframework/data/repository/CrudRepository'
02:43:07.383 [main] DEBUG com.tngtech.archunit.core.importer.JavaClassProcessor - Processing class 'java/lang/Iterable'
02:43:07.383 [main] DEBUG com.tngtech.archunit.core.importer.JavaClassProcessor - Processing class 'java/lang/FunctionalInterface'
02:43:07.383 [main] DEBUG com.tngtech.archunit.core.importer.JavaClassProcessor - Processing class 'java/nio/charset/Charset'
02:43:07.385 [main] DEBUG com.tngtech.archunit.core.importer.JavaClassProcessor - Processing class 'java/lang/annotation/Repeatable'
02:43:07.385 [main] DEBUG com.tngtech.archunit.core.importer.JavaClassProcessor - Processing class 'org/springframework/beans/factory/BeanFactoryAware'
02:43:07.386 [main] DEBUG com.tngtech.archunit.core.importer.JavaClassProcessor - Processing class 'org/springframework/context/annotation/ComponentScans'
02:43:07.387 [main] DEBUG com.tngtech.archunit.core.importer.JavaClassProcessor - Processing class 'org/springframework/stereotype/Indexed'
02:43:07.388 [main] DEBUG com.tngtech.archunit.core.importer.JavaClassProcessor - Processing class 'java/lang/reflect/GenericDeclaration'
02:43:07.388 [main] DEBUG com.tngtech.archunit.core.importer.JavaClassProcessor - Processing class 'java/util/Map$Entry'
02:43:07.390 [main] DEBUG com.tngtech.archunit.core.importer.JavaClassProcessor - Processing class 'org/springframework/http/HttpMethod'
02:43:07.391 [main] DEBUG com.tngtech.archunit.core.importer.JavaClassProcessor - Processing class 'org/springframework/context/annotation/ScopedProxyMode'
02:43:07.392 [main] DEBUG com.tngtech.archunit.core.importer.JavaClassProcessor - Processing class 'org/springframework/util/MultiValueMap'
02:43:07.393 [main] DEBUG com.tngtech.archunit.core.importer.JavaClassProcessor - Processing class 'org/springframework/context/annotation/Import'
02:43:07.394 [main] DEBUG com.tngtech.archunit.core.importer.JavaClassProcessor - Processing class 'org/springframework/http/HttpRange'
02:43:07.395 [main] DEBUG com.tngtech.archunit.core.importer.JavaClassProcessor - Processing class 'java/lang/reflect/Field'
02:43:07.397 [main] DEBUG com.tngtech.archunit.core.importer.JavaClassProcessor - Processing class 'org/springframework/context/ApplicationContext'
02:43:07.398 [main] DEBUG com.tngtech.archunit.core.importer.JavaClassProcessor - Processing class 'org/springframework/context/Lifecycle'
02:43:07.399 [main] DEBUG com.tngtech.archunit.core.importer.JavaClassProcessor - Processing class 'org/springframework/context/ApplicationEvent'
02:43:07.399 [main] DEBUG com.tngtech.archunit.core.importer.JavaClassProcessor - Processing class 'org/springframework/context/annotation/ScopeMetadataResolver'
02:43:07.400 [main] DEBUG com.tngtech.archunit.core.importer.JavaClassProcessor - Processing class 'java/io/Closeable'
02:43:07.401 [main] DEBUG com.tngtech.archunit.core.importer.JavaClassProcessor - Processing class 'org/springframework/core/env/AbstractEnvironment'
02:43:07.403 [main] DEBUG com.tngtech.archunit.core.importer.JavaClassProcessor - Processing class 'org/springframework/beans/factory/HierarchicalBeanFactory'
02:43:07.404 [main] DEBUG com.tngtech.archunit.core.importer.JavaClassProcessor - Processing class 'org/springframework/boot/autoconfigure/AutoConfigurationImportListener'
02:43:07.404 [main] DEBUG com.tngtech.archunit.core.importer.JavaClassProcessor - Processing class 'java/nio/charset/spi/CharsetProvider'
02:43:07.404 [main] DEBUG com.tngtech.archunit.core.importer.JavaClassProcessor - Processing class 'java/lang/AutoCloseable'
02:43:07.405 [main] DEBUG com.tngtech.archunit.core.importer.JavaClassProcessor - Processing class 'java/util/EventObject'
02:43:07.406 [main] DEBUG com.tngtech.archunit.core.importer.JavaClassProcessor - Processing class 'org/springframework/util/MimeType'
02:43:07.407 [main] DEBUG com.tngtech.archunit.core.importer.JavaClassProcessor - Processing class 'java/lang/Character'
02:43:07.410 [main] DEBUG com.tngtech.archunit.core.importer.JavaClassProcessor - Processing class 'org/springframework/data/repository/Repository'
02:43:07.410 [main] DEBUG com.tngtech.archunit.core.importer.JavaClassProcessor - Processing class 'java/util/Map'
02:43:07.412 [main] DEBUG com.tngtech.archunit.core.importer.JavaClassProcessor - Processing class 'org/springframework/context/ApplicationEventPublisher'
02:43:07.413 [main] DEBUG com.tngtech.archunit.core.importer.JavaClassProcessor - Processing class 'java/lang/reflect/Executable'
02:43:07.415 [main] DEBUG com.tngtech.archunit.core.importer.JavaClassProcessor - Processing class 'org/springframework/boot/autoconfigure/AutoConfigurationPackages$Registrar'
02:43:07.416 [main] DEBUG com.tngtech.archunit.core.importer.JavaClassProcessor - Processing class 'java/lang/Cloneable'
02:43:07.416 [main] DEBUG com.tngtech.archunit.core.importer.JavaClassProcessor - Processing class 'java/lang/ThreadLocal'
02:43:07.417 [main] DEBUG com.tngtech.archunit.core.importer.JavaClassProcessor - Processing class 'java/lang/reflect/Member'
02:43:07.417 [main] DEBUG com.tngtech.archunit.core.importer.JavaClassProcessor - Processing class 'sun/util/locale/LocaleExtensions'
02:43:07.418 [main] DEBUG com.tngtech.archunit.core.importer.JavaClassProcessor - Processing class 'org/springframework/beans/factory/ListableBeanFactory'
02:43:07.420 [main] DEBUG com.tngtech.archunit.core.importer.JavaClassProcessor - Processing class 'org/springframework/core/Ordered'
02:43:07.420 [main] DEBUG com.tngtech.archunit.core.importer.JavaClassProcessor - Processing class 'org/springframework/context/annotation/DeferredImportSelector'
02:43:07.421 [main] DEBUG com.tngtech.archunit.core.importer.JavaClassProcessor - Processing class 'org/springframework/beans/factory/Aware'
02:43:07.422 [main] DEBUG com.tngtech.archunit.core.importer.JavaClassProcessor - Processing class 'org/springframework/core/ResolvableTypeProvider'
02:43:07.422 [main] DEBUG com.tngtech.archunit.core.importer.JavaClassProcessor - Processing class 'org/springframework/core/io/support/ResourceRegion'
02:43:07.423 [main] DEBUG com.tngtech.archunit.core.importer.JavaClassProcessor - Processing class 'org/springframework/boot/autoconfigure/AutoConfigurationImportFilter'
02:43:07.424 [main] DEBUG com.tngtech.archunit.core.importer.JavaClassProcessor - Processing class 'org/springframework/core/env/ConfigurableEnvironment'
02:43:07.424 [main] DEBUG com.tngtech.archunit.core.importer.JavaClassProcessor - Processing class 'org/springframework/core/env/EnvironmentCapable'
02:43:07.425 [main] DEBUG com.tngtech.archunit.core.importer.JavaClassProcessor - Processing class 'org/springframework/context/MessageSource'
02:43:07.425 [main] DEBUG com.tngtech.archunit.core.importer.JavaClassProcessor - Processing class 'java/lang/reflect/AccessibleObject'
02:43:07.427 [main] DEBUG com.tngtech.archunit.core.importer.JavaClassProcessor - Processing class 'org/springframework/context/ResourceLoaderAware'
02:43:07.427 [main] DEBUG com.tngtech.archunit.core.importer.JavaClassProcessor - Processing class 'org/springframework/context/annotation/DeferredImportSelector$Group'
02:43:07.428 [main] DEBUG com.tngtech.archunit.core.importer.JavaClassProcessor - Processing class 'org/springframework/context/EnvironmentAware'
02:43:07.429 [main] DEBUG com.tngtech.archunit.core.importer.JavaClassProcessor - Processing class 'org/springframework/core/io/support/ResourcePatternResolver'
02:43:07.429 [main] DEBUG com.tngtech.archunit.core.importer.JavaClassProcessor - Processing class 'sun/util/locale/Extension'
02:43:07.430 [main] DEBUG com.tngtech.archunit.core.importer.JavaClassProcessor - Processing class 'org/springframework/core/env/ConfigurablePropertyResolver'
02:43:07.431 [main] DEBUG com.tngtech.archunit.core.importer.JavaClassProcessor - Processing class 'org/springframework/context/annotation/DeferredImportSelector$Group$Entry'
02:43:07.431 [main] DEBUG com.tngtech.archunit.core.importer.JavaClassProcessor - Processing class 'org/springframework/context/annotation/ImportBeanDefinitionRegistrar'
02:43:07.432 [main] DEBUG com.tngtech.archunit.core.importer.JavaClassProcessor - Processing class 'org/springframework/context/annotation/ImportSelector'
02:43:07.433 [main] DEBUG com.tngtech.archunit.core.importer.JavaClassProcessor - Processing class 'org/springframework/core/io/ResourceLoader'
02:43:07.433 [main] DEBUG com.tngtech.archunit.core.importer.JavaClassProcessor - Processing class 'org/springframework/boot/autoconfigure/AutoConfigurationPackages'
02:43:07.434 [main] DEBUG com.tngtech.archunit.core.importer.JavaClassProcessor - Processing class 'org/springframework/boot/context/annotation/DeterminableImports'
02:43:07.436 [main] DEBUG com.tngtech.archunit.core.importer.JavaClassProcessor - Processing class 'org/springframework/core/env/Environment'
02:43:07.437 [main] DEBUG com.tngtech.archunit.core.importer.JavaClassProcessor - Processing class 'org/springframework/beans/factory/BeanFactory'
02:43:07.437 [main] DEBUG com.tngtech.archunit.core.importer.JavaClassProcessor - Processing class 'sun/util/locale/InternalLocaleBuilder$CaseInsensitiveString'
02:43:07.438 [main] DEBUG com.tngtech.archunit.core.importer.JavaClassProcessor - Processing class 'sun/util/locale/InternalLocaleBuilder$CaseInsensitiveChar'
02:43:07.438 [main] DEBUG com.tngtech.archunit.core.importer.JavaClassProcessor - Processing class 'org/springframework/core/env/PropertyResolver'
02:43:07.439 [main] DEBUG com.tngtech.archunit.core.importer.JavaClassProcessor - Processing class 'sun/util/locale/InternalLocaleBuilder'
02:43:07.482 [main] DEBUG com.tngtech.archunit.core.importer.JavaClassProcessor - Processing class 'java/io/IOException'
02:43:07.484 [main] DEBUG com.tngtech.archunit.core.importer.JavaClassProcessor - Processing class 'java/util/stream/IntStream'
02:43:07.492 [main] DEBUG com.tngtech.archunit.core.importer.JavaClassProcessor - Processing class 'java/lang/Module'
02:43:07.494 [main] DEBUG com.tngtech.archunit.core.importer.JavaClassProcessor - Processing class 'jdk/internal/reflect/ReflectionFactory'
02:43:07.495 [main] DEBUG com.tngtech.archunit.core.importer.JavaClassProcessor - Processing class 'java/lang/ClassLoader'
02:43:07.499 [main] DEBUG com.tngtech.archunit.core.importer.JavaClassProcessor - Processing class 'java/io/ObjectStreamField'
02:43:07.500 [main] DEBUG com.tngtech.archunit.core.importer.JavaClassProcessor - Processing class 'sun/reflect/annotation/AnnotationType'
02:43:07.501 [main] DEBUG com.tngtech.archunit.core.importer.JavaClassProcessor - Processing class 'java/lang/ref/SoftReference'
02:43:07.504 [main] DEBUG com.tngtech.archunit.core.importer.JavaClassProcessor - Processing class 'sun/reflect/generics/repository/ClassRepository'
02:43:07.505 [main] DEBUG com.tngtech.archunit.core.importer.JavaClassProcessor - Processing class 'java/lang/reflect/Constructor'
02:43:07.506 [main] DEBUG com.tngtech.archunit.core.importer.JavaClassProcessor - Processing class 'java/security/ProtectionDomain'
02:43:07.507 [main] DEBUG com.tngtech.archunit.core.importer.JavaClassProcessor - Processing class 'java/lang/Class$AnnotationData'
02:43:07.507 [main] DEBUG com.tngtech.archunit.core.importer.JavaClassProcessor - Processing class 'java/lang/ClassValue$ClassValueMap'
02:43:07.508 [main] DEBUG com.tngtech.archunit.core.importer.JavaClassProcessor - Processing class 'java/lang/NoSuchFieldException'
02:43:07.508 [main] DEBUG com.tngtech.archunit.core.importer.JavaClassProcessor - Processing class 'java/lang/SecurityException'
02:43:07.509 [main] DEBUG com.tngtech.archunit.core.importer.JavaClassProcessor - Processing class 'jdk/internal/reflect/ConstantPool'
02:43:07.510 [main] DEBUG com.tngtech.archunit.core.importer.JavaClassProcessor - Processing class 'java/lang/ClassNotFoundException'
02:43:07.511 [main] DEBUG com.tngtech.archunit.core.importer.JavaClassProcessor - Processing class 'java/io/InputStream'
02:43:07.514 [main] DEBUG com.tngtech.archunit.core.importer.JavaClassProcessor - Processing class 'java/lang/InstantiationException'
02:43:07.515 [main] DEBUG com.tngtech.archunit.core.importer.JavaClassProcessor - Processing class 'java/lang/IllegalAccessException'
02:43:07.516 [main] DEBUG com.tngtech.archunit.core.importer.JavaClassProcessor - Processing class 'java/lang/reflect/AnnotatedType'
02:43:07.517 [main] DEBUG com.tngtech.archunit.core.importer.JavaClassProcessor - Processing class 'sun/reflect/generics/factory/GenericsFactory'
02:43:07.518 [main] DEBUG com.tngtech.archunit.core.importer.JavaClassProcessor - Processing class 'java/lang/NoSuchMethodException'
02:43:07.520 [main] DEBUG com.tngtech.archunit.core.importer.JavaClassProcessor - Processing class 'java/net/URL'
02:43:07.522 [main] DEBUG com.tngtech.archunit.core.importer.JavaClassProcessor - Processing class 'java/lang/Class$EnclosingMethodInfo'
02:43:07.524 [main] DEBUG com.tngtech.archunit.core.importer.JavaClassProcessor - Processing class 'java/lang/reflect/TypeVariable'
02:43:07.526 [main] DEBUG com.tngtech.archunit.core.importer.JavaClassProcessor - Processing class 'java/lang/PublicMethods$MethodList'
02:43:07.526 [main] DEBUG com.tngtech.archunit.core.importer.JavaClassProcessor - Processing class 'java/lang/SecurityManager'
02:43:07.528 [main] DEBUG com.tngtech.archunit.core.importer.JavaClassProcessor - Processing class 'java/lang/Package'
02:43:07.534 [main] DEBUG com.tngtech.archunit.core.importer.JavaClassProcessor - Processing class 'java/io/ObjectStreamException'
02:43:07.535 [main] DEBUG com.tngtech.archunit.core.importer.JavaClassProcessor - Processing class 'java/lang/CloneNotSupportedException'
02:43:07.536 [main] DEBUG com.tngtech.archunit.core.importer.JavaClassProcessor - Processing class 'java/io/ObjectInputStream'
02:43:07.539 [main] DEBUG com.tngtech.archunit.core.importer.JavaClassProcessor - Processing class 'java/util/Iterator'
02:43:07.540 [main] DEBUG com.tngtech.archunit.core.importer.JavaClassProcessor - Processing class 'java/util/function/Consumer'
02:43:07.540 [main] DEBUG com.tngtech.archunit.core.importer.JavaClassProcessor - Processing class 'java/util/Spliterator'
02:43:07.541 [main] DEBUG com.tngtech.archunit.core.importer.JavaClassProcessor - Processing class 'java/lang/NumberFormatException'
02:43:07.544 [main] DEBUG com.tngtech.archunit.core.importer.JavaClassProcessor - Processing class 'java/math/BigInteger'
02:43:07.551 [main] DEBUG com.tngtech.archunit.core.importer.JavaClassProcessor - Processing class 'java/lang/InterruptedException'
02:43:07.552 [main] DEBUG com.tngtech.archunit.core.importer.JavaClassProcessor - Processing class 'java/util/Comparator'
02:43:07.554 [main] DEBUG com.tngtech.archunit.core.importer.JavaClassProcessor - Processing class 'java/io/UnsupportedEncodingException'
02:43:07.554 [main] DEBUG com.tngtech.archunit.core.importer.JavaClassProcessor - Processing class 'java/util/stream/Stream'
02:43:07.556 [main] DEBUG com.tngtech.archunit.core.importer.JavaClassProcessor - Processing class 'java/lang/AbstractStringBuilder'
02:43:07.558 [main] DEBUG com.tngtech.archunit.core.importer.JavaClassProcessor - Processing class 'java/lang/StringBuffer'
02:43:07.560 [main] DEBUG com.tngtech.archunit.core.importer.JavaClassProcessor - Processing class 'java/lang/StringBuilder'
02:43:07.562 [main] DEBUG com.tngtech.archunit.core.importer.JavaClassProcessor - Processing class 'java/util/concurrent/atomic/AtomicInteger'
02:43:07.563 [main] DEBUG com.tngtech.archunit.core.importer.JavaClassProcessor - Processing class 'java/lang/Thread'
02:43:07.565 [main] DEBUG com.tngtech.archunit.core.importer.JavaClassProcessor - Processing class 'java/util/function/Supplier'
02:43:07.566 [main] DEBUG com.tngtech.archunit.core.importer.JavaClassProcessor - Processing class 'java/lang/ThreadLocal$ThreadLocalMap'
02:43:07.568 [main] DEBUG com.tngtech.archunit.core.importer.JavaClassProcessor - Processing class 'java/lang/StackTraceElement'
02:43:07.569 [main] DEBUG com.tngtech.archunit.core.importer.JavaClassProcessor - Processing class 'java/lang/Throwable$PrintStreamOrWriter'
02:43:07.570 [main] DEBUG com.tngtech.archunit.core.importer.JavaClassProcessor - Processing class 'java/io/ObjectOutputStream'
02:43:07.572 [main] DEBUG com.tngtech.archunit.core.importer.JavaClassProcessor - Processing class 'java/io/PrintWriter'
02:43:07.573 [main] DEBUG com.tngtech.archunit.core.importer.JavaClassProcessor - Processing class 'java/io/PrintStream'
02:43:07.574 [main] DEBUG com.tngtech.archunit.core.importer.JavaClassProcessor - Processing class 'java/util/Set'
02:43:07.580 [main] DEBUG com.tngtech.archunit.core.importer.JavaClassProcessor - Processing class 'java/lang/reflect/Parameter'
02:43:07.582 [main] DEBUG com.tngtech.archunit.core.importer.JavaClassProcessor - Processing class 'sun/reflect/generics/repository/ConstructorRepository'
02:43:07.583 [main] DEBUG com.tngtech.archunit.core.importer.JavaClassProcessor - Processing class 'jdk/internal/reflect/FieldAccessor'
02:43:07.583 [main] DEBUG com.tngtech.archunit.core.importer.JavaClassProcessor - Processing class 'sun/reflect/generics/repository/FieldRepository'
02:43:07.583 [main] DEBUG com.tngtech.archunit.core.importer.JavaClassProcessor - Processing class 'java/lang/IllegalArgumentException'
02:43:07.585 [main] DEBUG com.tngtech.archunit.core.importer.JavaClassProcessor - Processing class 'sun/reflect/generics/repository/MethodRepository'
02:43:07.585 [main] DEBUG com.tngtech.archunit.core.importer.JavaClassProcessor - Processing class 'jdk/internal/reflect/MethodAccessor'
02:43:07.586 [main] DEBUG com.tngtech.archunit.core.importer.JavaClassProcessor - Processing class 'java/lang/reflect/InvocationTargetException'
02:43:07.587 [main] DEBUG com.tngtech.archunit.core.importer.JavaClassProcessor - Processing class 'java/nio/CharBuffer'
02:43:07.588 [main] DEBUG com.tngtech.archunit.core.importer.JavaClassProcessor - Processing class 'java/nio/ByteBuffer'
02:43:07.589 [main] DEBUG com.tngtech.archunit.core.importer.JavaClassProcessor - Processing class 'java/nio/charset/CharsetEncoder'
02:43:07.590 [main] DEBUG com.tngtech.archunit.core.importer.JavaClassProcessor - Processing class 'java/util/SortedMap'
02:43:07.590 [main] DEBUG com.tngtech.archunit.core.importer.JavaClassProcessor - Processing class 'java/nio/charset/CharsetDecoder'
02:43:07.593 [main] DEBUG com.tngtech.archunit.core.importer.JavaClassProcessor - Processing class 'java/util/function/IntFunction'
02:43:07.593 [main] DEBUG com.tngtech.archunit.core.importer.JavaClassProcessor - Processing class 'java/util/function/Predicate'
02:43:07.595 [main] DEBUG com.tngtech.archunit.core.importer.JavaClassProcessor - Processing class 'java/util/ListIterator'
02:43:07.596 [main] DEBUG com.tngtech.archunit.core.importer.JavaClassProcessor - Processing class 'java/util/function/UnaryOperator'
02:43:07.597 [main] DEBUG com.tngtech.archunit.core.importer.JavaClassProcessor - Processing class 'sun/util/locale/BaseLocale'
02:43:07.597 [main] DEBUG com.tngtech.archunit.core.importer.JavaClassProcessor - Processing class 'java/util/Locale$Cache'
02:43:07.597 [main] DEBUG com.tngtech.archunit.core.importer.JavaClassProcessor - Processing class 'java/util/Locale$Category'
02:43:07.598 [main] DEBUG com.tngtech.archunit.core.importer.JavaClassProcessor - Processing class 'java/util/Locale$IsoCountryCode'
02:43:07.598 [main] DEBUG com.tngtech.archunit.core.importer.JavaClassProcessor - Processing class 'java/util/MissingResourceException'
02:43:07.599 [main] DEBUG com.tngtech.archunit.core.importer.JavaClassProcessor - Processing class 'java/util/Locale$FilteringMode'
02:43:07.599 [main] DEBUG com.tngtech.archunit.core.importer.JavaClassProcessor - Processing class 'sun/util/locale/provider/LocaleResources'
02:43:07.602 [main] DEBUG com.tngtech.archunit.core.importer.JavaClassProcessor - Processing class 'java/util/function/BiConsumer'
02:43:07.602 [main] DEBUG com.tngtech.archunit.core.importer.JavaClassProcessor - Processing class 'java/util/function/Function'
02:43:07.603 [main] DEBUG com.tngtech.archunit.core.importer.JavaClassProcessor - Processing class 'java/util/function/BiFunction'
02:43:07.606 [main] DEBUG com.tngtech.archunit.core.importer.JavaClassProcessor - Processing class 'java/lang/invoke/SerializedLambda'
02:43:07.607 [main] DEBUG com.tngtech.archunit.core.importer.JavaClassProcessor - Processing class 'java/lang/Runnable'
02:43:07.610 [main] DEBUG com.tngtech.archunit.core.importer.JavaClassProcessor - Processing class 'org/springframework/beans/factory/NoSuchBeanDefinitionException'
02:43:07.611 [main] DEBUG com.tngtech.archunit.core.importer.JavaClassProcessor - Processing class 'org/springframework/beans/BeansException'
02:43:07.611 [main] DEBUG com.tngtech.archunit.core.importer.JavaClassProcessor - Processing class 'org/springframework/beans/factory/ObjectProvider'
02:43:07.613 [main] DEBUG com.tngtech.archunit.core.importer.JavaClassProcessor - Processing class 'org/springframework/core/ResolvableType'
02:43:07.616 [main] DEBUG com.tngtech.archunit.core.importer.JavaClassProcessor - Processing class 'org/springframework/beans/factory/config/BeanDefinition'
02:43:07.617 [main] DEBUG com.tngtech.archunit.core.importer.JavaClassProcessor - Processing class 'org/springframework/beans/factory/support/BeanDefinitionRegistry'
02:43:07.618 [main] DEBUG com.tngtech.archunit.core.importer.JavaClassProcessor - Processing class 'org/springframework/boot/BootstrapRegistry'
02:43:07.619 [main] DEBUG com.tngtech.archunit.core.importer.JavaClassProcessor - Processing class 'org/springframework/boot/SpringApplicationShutdownHook'
02:43:07.620 [main] DEBUG com.tngtech.archunit.core.importer.JavaClassProcessor - Processing class 'org/springframework/boot/Banner'
02:43:07.621 [main] DEBUG com.tngtech.archunit.core.importer.JavaClassProcessor - Processing class 'org/springframework/boot/Banner$Mode'
02:43:07.621 [main] DEBUG com.tngtech.archunit.core.importer.JavaClassProcessor - Processing class 'org/springframework/boot/ApplicationContextFactory'
02:43:07.622 [main] DEBUG com.tngtech.archunit.core.importer.JavaClassProcessor - Processing class 'org/springframework/boot/WebApplicationType'
02:43:07.623 [main] DEBUG com.tngtech.archunit.core.importer.JavaClassProcessor - Processing class 'org/apache/commons/logging/Log'
02:43:07.624 [main] DEBUG com.tngtech.archunit.core.importer.JavaClassProcessor - Processing class 'org/springframework/core/metrics/ApplicationStartup'
02:43:07.625 [main] DEBUG com.tngtech.archunit.core.importer.JavaClassProcessor - Processing class 'org/springframework/boot/SpringApplicationShutdownHandlers'
02:43:07.626 [main] DEBUG com.tngtech.archunit.core.importer.JavaClassProcessor - Processing class 'org/springframework/boot/DefaultBootstrapContext'
02:43:07.627 [main] DEBUG com.tngtech.archunit.core.importer.JavaClassProcessor - Processing class 'org/springframework/boot/SpringApplicationRunListeners'
02:43:07.629 [main] DEBUG com.tngtech.archunit.core.importer.JavaClassProcessor - Processing class 'org/springframework/boot/BeanDefinitionLoader'
02:43:07.630 [main] DEBUG com.tngtech.archunit.core.importer.JavaClassProcessor - Processing class 'org/springframework/boot/ApplicationArguments'
02:43:07.631 [main] DEBUG com.tngtech.archunit.core.importer.JavaClassProcessor - Processing class 'org/springframework/boot/Bootstrapper'
02:43:07.632 [main] DEBUG com.tngtech.archunit.core.importer.JavaClassProcessor - Processing class 'org/springframework/boot/SpringBootExceptionHandler'
02:43:07.633 [main] DEBUG com.tngtech.archunit.core.importer.JavaClassProcessor - Processing class 'org/springframework/boot/ApplicationRunner'
02:43:07.633 [main] DEBUG com.tngtech.archunit.core.importer.JavaClassProcessor - Processing class 'java/util/Properties'
02:43:07.636 [main] DEBUG com.tngtech.archunit.core.importer.JavaClassProcessor - Processing class 'org/springframework/boot/ExitCodeGenerator'
02:43:07.636 [main] DEBUG com.tngtech.archunit.core.importer.JavaClassProcessor - Processing class 'org/springframework/boot/CommandLineRunner'
02:43:07.638 [main] DEBUG com.tngtech.archunit.core.importer.JavaClassProcessor - Processing class 'org/springframework/core/type/classreading/MetadataReader'
02:43:07.638 [main] DEBUG com.tngtech.archunit.core.importer.JavaClassProcessor - Processing class 'org/springframework/core/type/classreading/MetadataReaderFactory'
02:43:07.639 [main] DEBUG com.tngtech.archunit.core.importer.JavaClassProcessor - Processing class 'org/springframework/boot/autoconfigure/AutoConfigurationMetadata'
02:43:07.640 [main] DEBUG com.tngtech.archunit.core.importer.JavaClassProcessor - Processing class 'org/springframework/boot/autoconfigure/AutoConfigurationImportEvent'
02:43:07.641 [main] DEBUG com.tngtech.archunit.core.importer.JavaClassProcessor - Processing class 'org/springframework/beans/factory/config/ConfigurableListableBeanFactory'
02:43:07.642 [main] DEBUG com.tngtech.archunit.core.importer.JavaClassProcessor - Processing class 'org/springframework/boot/autoconfigure/AutoConfigurationImportSelector$AutoConfigurationEntry'
02:43:07.642 [main] DEBUG com.tngtech.archunit.core.importer.JavaClassProcessor - Processing class 'org/springframework/boot/autoconfigure/AutoConfigurationImportSelector$ConfigurationClassFilter'
02:43:07.643 [main] DEBUG com.tngtech.archunit.core.importer.JavaClassProcessor - Processing class 'org/springframework/core/type/AnnotationMetadata'
02:43:07.644 [main] DEBUG com.tngtech.archunit.core.importer.JavaClassProcessor - Processing class 'org/springframework/core/annotation/AnnotationAttributes'
02:43:07.647 [main] DEBUG com.tngtech.archunit.core.importer.JavaClassProcessor - Processing class 'org/springframework/beans/factory/config/AutowireCapableBeanFactory'
02:43:07.648 [main] DEBUG com.tngtech.archunit.core.importer.JavaClassProcessor - Processing class 'java/lang/IllegalStateException'
02:43:07.649 [main] DEBUG com.tngtech.archunit.core.importer.JavaClassProcessor - Processing class 'java/time/Clock'
02:43:07.650 [main] DEBUG com.tngtech.archunit.core.importer.JavaClassProcessor - Processing class 'org/springframework/beans/factory/config/BeanFactoryPostProcessor'
02:43:07.651 [main] DEBUG com.tngtech.archunit.core.importer.JavaClassProcessor - Processing class 'org/springframework/core/io/ProtocolResolver'
02:43:07.652 [main] DEBUG com.tngtech.archunit.core.importer.JavaClassProcessor - Processing class 'org/springframework/context/NoSuchMessageException'
02:43:07.652 [main] DEBUG com.tngtech.archunit.core.importer.JavaClassProcessor - Processing class 'org/springframework/context/MessageSourceResolvable'
02:43:07.653 [main] DEBUG com.tngtech.archunit.core.importer.JavaClassProcessor - Processing class 'org/springframework/context/annotation/ScopeMetadata'
02:43:07.657 [main] DEBUG com.tngtech.archunit.core.importer.JavaClassProcessor - Processing class 'org/springframework/core/env/MutablePropertySources'
02:43:07.659 [main] DEBUG com.tngtech.archunit.core.importer.JavaClassProcessor - Processing class 'org/springframework/core/convert/support/ConfigurableConversionService'
02:43:07.660 [main] DEBUG com.tngtech.archunit.core.importer.JavaClassProcessor - Processing class 'org/springframework/core/env/Profiles'
02:43:07.661 [main] DEBUG com.tngtech.archunit.core.importer.JavaClassProcessor - Processing class 'org/springframework/core/env/MissingRequiredPropertiesException'
02:43:07.663 [main] DEBUG com.tngtech.archunit.core.importer.JavaClassProcessor - Processing class 'org/springframework/core/io/Resource'
02:43:07.665 [main] DEBUG com.tngtech.archunit.core.importer.JavaClassProcessor - Processing class 'org/springframework/data/domain/Sort'
02:43:07.667 [main] DEBUG com.tngtech.archunit.core.importer.JavaClassProcessor - Processing class 'org/springframework/data/domain/Example'
02:43:07.669 [main] DEBUG com.tngtech.archunit.core.importer.JavaClassProcessor - Processing class 'org/springframework/data/domain/Page'
02:43:07.670 [main] DEBUG com.tngtech.archunit.core.importer.JavaClassProcessor - Processing class 'org/springframework/data/domain/Pageable'
02:43:07.671 [main] DEBUG com.tngtech.archunit.core.importer.JavaClassProcessor - Processing class 'java/time/ZoneId'
02:43:07.672 [main] DEBUG com.tngtech.archunit.core.importer.JavaClassProcessor - Processing class 'java/text/DecimalFormatSymbols'
02:43:07.673 [main] DEBUG com.tngtech.archunit.core.importer.JavaClassProcessor - Processing class 'java/util/regex/Pattern'
02:43:07.676 [main] DEBUG com.tngtech.archunit.core.importer.JavaClassProcessor - Processing class 'java/time/format/DateTimeFormatter'
02:43:07.677 [main] DEBUG com.tngtech.archunit.core.importer.JavaClassProcessor - Processing class 'java/time/ZonedDateTime'
02:43:07.679 [main] DEBUG com.tngtech.archunit.core.importer.JavaClassProcessor - Processing class 'java/time/Duration'
02:43:07.680 [main] DEBUG com.tngtech.archunit.core.importer.JavaClassProcessor - Processing class 'java/time/Instant'
02:43:07.681 [main] DEBUG com.tngtech.archunit.core.importer.JavaClassProcessor - Processing class 'java/net/InetSocketAddress'
02:43:07.682 [main] DEBUG com.tngtech.archunit.core.importer.JavaClassProcessor - Processing class 'java/net/URI'
02:43:07.684 [main] DEBUG com.tngtech.archunit.core.importer.JavaClassProcessor - Processing class 'org/springframework/http/ContentDisposition'
02:43:07.686 [main] DEBUG com.tngtech.archunit.core.importer.JavaClassProcessor - Processing class 'org/springframework/http/CacheControl'
02:43:07.689 [main] DEBUG com.tngtech.archunit.core.importer.JavaClassProcessor - Processing class 'org/springframework/http/HttpStatus'
02:43:07.692 [main] DEBUG com.tngtech.archunit.core.importer.JavaClassProcessor - Processing class 'org/springframework/http/ResponseEntity$1'
02:43:07.694 [main] DEBUG com.tngtech.archunit.core.importer.JavaClassProcessor - Processing class 'java/util/BitSet'
02:43:07.697 [main] DEBUG com.tngtech.archunit.core.importer.JavaClassProcessor - Processing class 'sun/util/locale/LocaleSyntaxException'
02:43:07.698 [main] DEBUG com.tngtech.archunit.core.importer.JavaClassProcessor - Processing class 'sun/util/locale/LanguageTag'
]]></system-out>
  </testcase>
  <testcase name="serviceFieldsShouldNotBeAutowired" classname="archtests.SongArchitectureTests" time="0.267">
    <system-out><![CDATA[02:43:07.835 [main] DEBUG com.tngtech.archunit.core.importer.UrlSource$From - Found URLs on sun.boot.class.path: []
02:43:07.840 [main] DEBUG com.tngtech.archunit.core.importer.UrlSource$From - Found URLs on java.class.path: [file:/M:/Lab/song-manager/target/test-classes/, file:/M:/Lab/song-manager/target/classes/, jar:file:/C:/Users/User/.m2/repository/org/springframework/boot/spring-boot-starter-web/2.5.4/spring-boot-starter-web-2.5.4.jar!/, jar:file:/C:/Users/User/.m2/repository/org/springframework/boot/spring-boot-starter/2.5.4/spring-boot-starter-2.5.4.jar!/, jar:file:/C:/Users/User/.m2/repository/org/springframework/boot/spring-boot/2.5.4/spring-boot-2.5.4.jar!/, jar:file:/C:/Users/User/.m2/repository/org/springframework/boot/spring-boot-autoconfigure/2.5.4/spring-boot-autoconfigure-2.5.4.jar!/, jar:file:/C:/Users/User/.m2/repository/org/springframework/boot/spring-boot-starter-logging/2.5.4/spring-boot-starter-logging-2.5.4.jar!/, jar:file:/C:/Users/User/.m2/repository/ch/qos/logback/logback-classic/1.2.5/logback-classic-1.2.5.jar!/, jar:file:/C:/Users/User/.m2/repository/ch/qos/logback/logback-core/1.2.5/logback-core-1.2.5.jar!/, jar:file:/C:/Users/User/.m2/repository/org/apache/logging/log4j/log4j-to-slf4j/2.14.1/log4j-to-slf4j-2.14.1.jar!/, jar:file:/C:/Users/User/.m2/repository/org/apache/logging/log4j/log4j-api/2.14.1/log4j-api-2.14.1.jar!/, jar:file:/C:/Users/User/.m2/repository/org/slf4j/jul-to-slf4j/1.7.32/jul-to-slf4j-1.7.32.jar!/, jar:file:/C:/Users/User/.m2/repository/jakarta/annotation/jakarta.annotation-api/1.3.5/jakarta.annotation-api-1.3.5.jar!/, jar:file:/C:/Users/User/.m2/repository/org/yaml/snakeyaml/1.28/snakeyaml-1.28.jar!/, jar:file:/C:/Users/User/.m2/repository/org/springframework/boot/spring-boot-starter-json/2.5.4/spring-boot-starter-json-2.5.4.jar!/, jar:file:/C:/Users/User/.m2/repository/com/fasterxml/jackson/core/jackson-databind/2.12.4/jackson-databind-2.12.4.jar!/, jar:file:/C:/Users/User/.m2/repository/com/fasterxml/jackson/core/jackson-annotations/2.12.4/jackson-annotations-2.12.4.jar!/, jar:file:/C:/Users/User/.m2/repository/com/fasterxml/jackson/core/jackson-core/2.12.4/jackson-core-2.12.4.jar!/, jar:file:/C:/Users/User/.m2/repository/com/fasterxml/jackson/datatype/jackson-datatype-jdk8/2.12.4/jackson-datatype-jdk8-2.12.4.jar!/, jar:file:/C:/Users/User/.m2/repository/com/fasterxml/jackson/datatype/jackson-datatype-jsr310/2.12.4/jackson-datatype-jsr310-2.12.4.jar!/, jar:file:/C:/Users/User/.m2/repository/com/fasterxml/jackson/module/jackson-module-parameter-names/2.12.4/jackson-module-parameter-names-2.12.4.jar!/, jar:file:/C:/Users/User/.m2/repository/org/springframework/boot/spring-boot-starter-tomcat/2.5.4/spring-boot-starter-tomcat-2.5.4.jar!/, jar:file:/C:/Users/User/.m2/repository/org/apache/tomcat/embed/tomcat-embed-core/9.0.52/tomcat-embed-core-9.0.52.jar!/, jar:file:/C:/Users/User/.m2/repository/org/apache/tomcat/embed/tomcat-embed-el/9.0.52/tomcat-embed-el-9.0.52.jar!/, jar:file:/C:/Users/User/.m2/repository/org/apache/tomcat/embed/tomcat-embed-websocket/9.0.52/tomcat-embed-websocket-9.0.52.jar!/, jar:file:/C:/Users/User/.m2/repository/org/springframework/spring-web/5.3.9/spring-web-5.3.9.jar!/, jar:file:/C:/Users/User/.m2/repository/org/springframework/spring-beans/5.3.9/spring-beans-5.3.9.jar!/, jar:file:/C:/Users/User/.m2/repository/org/springframework/spring-webmvc/5.3.9/spring-webmvc-5.3.9.jar!/, jar:file:/C:/Users/User/.m2/repository/org/springframework/spring-aop/5.3.9/spring-aop-5.3.9.jar!/, jar:file:/C:/Users/User/.m2/repository/org/springframework/spring-context/5.3.9/spring-context-5.3.9.jar!/, jar:file:/C:/Users/User/.m2/repository/org/springframework/spring-expression/5.3.9/spring-expression-5.3.9.jar!/, jar:file:/C:/Users/User/.m2/repository/org/springframework/boot/spring-boot-starter-data-jpa/2.5.4/spring-boot-starter-data-jpa-2.5.4.jar!/, jar:file:/C:/Users/User/.m2/repository/org/springframework/boot/spring-boot-starter-aop/2.5.4/spring-boot-starter-aop-2.5.4.jar!/, jar:file:/C:/Users/User/.m2/repository/org/aspectj/aspectjweaver/1.9.7/aspectjweaver-1.9.7.jar!/, jar:file:/C:/Users/User/.m2/repository/org/springframework/boot/spring-boot-starter-jdbc/2.5.4/spring-boot-starter-jdbc-2.5.4.jar!/, jar:file:/C:/Users/User/.m2/repository/com/zaxxer/HikariCP/4.0.3/HikariCP-4.0.3.jar!/, jar:file:/C:/Users/User/.m2/repository/org/springframework/spring-jdbc/5.3.9/spring-jdbc-5.3.9.jar!/, jar:file:/C:/Users/User/.m2/repository/jakarta/transaction/jakarta.transaction-api/1.3.3/jakarta.transaction-api-1.3.3.jar!/, jar:file:/C:/Users/User/.m2/repository/jakarta/persistence/jakarta.persistence-api/2.2.3/jakarta.persistence-api-2.2.3.jar!/, jar:file:/C:/Users/User/.m2/repository/org/hibernate/hibernate-core/5.4.32.Final/hibernate-core-5.4.32.Final.jar!/, jar:file:/C:/Users/User/.m2/repository/org/jboss/logging/jboss-logging/3.4.2.Final/jboss-logging-3.4.2.Final.jar!/, jar:file:/C:/Users/User/.m2/repository/org/javassist/javassist/3.27.0-GA/javassist-3.27.0-GA.jar!/, jar:file:/C:/Users/User/.m2/repository/net/bytebuddy/byte-buddy/1.10.22/byte-buddy-1.10.22.jar!/, jar:file:/C:/Users/User/.m2/repository/antlr/antlr/2.7.7/antlr-2.7.7.jar!/, jar:file:/C:/Users/User/.m2/repository/org/jboss/jandex/2.2.3.Final/jandex-2.2.3.Final.jar!/, jar:file:/C:/Users/User/.m2/repository/com/fasterxml/classmate/1.5.1/classmate-1.5.1.jar!/, jar:file:/C:/Users/User/.m2/repository/org/dom4j/dom4j/2.1.3/dom4j-2.1.3.jar!/, jar:file:/C:/Users/User/.m2/repository/org/hibernate/common/hibernate-commons-annotations/5.1.2.Final/hibernate-commons-annotations-5.1.2.Final.jar!/, jar:file:/C:/Users/User/.m2/repository/org/glassfish/jaxb/jaxb-runtime/2.3.5/jaxb-runtime-2.3.5.jar!/, jar:file:/C:/Users/User/.m2/repository/org/glassfish/jaxb/txw2/2.3.5/txw2-2.3.5.jar!/, jar:file:/C:/Users/User/.m2/repository/com/sun/istack/istack-commons-runtime/3.0.12/istack-commons-runtime-3.0.12.jar!/, jar:file:/C:/Users/User/.m2/repository/com/sun/activation/jakarta.activation/1.2.2/jakarta.activation-1.2.2.jar!/, jar:file:/C:/Users/User/.m2/repository/org/springframework/data/spring-data-jpa/2.5.4/spring-data-jpa-2.5.4.jar!/, jar:file:/C:/Users/User/.m2/repository/org/springframework/data/spring-data-commons/2.5.4/spring-data-commons-2.5.4.jar!/, jar:file:/C:/Users/User/.m2/repository/org/springframework/spring-orm/5.3.9/spring-orm-5.3.9.jar!/, jar:file:/C:/Users/User/.m2/repository/org/springframework/spring-tx/5.3.9/spring-tx-5.3.9.jar!/, jar:file:/C:/Users/User/.m2/repository/org/springframework/spring-aspects/5.3.9/spring-aspects-5.3.9.jar!/, jar:file:/C:/Users/User/.m2/repository/com/h2database/h2/1.4.200/h2-1.4.200.jar!/, jar:file:/C:/Users/User/.m2/repository/javax/persistence/javax.persistence-api/2.2/javax.persistence-api-2.2.jar!/, jar:file:/C:/Users/User/.m2/repository/org/springframework/boot/spring-boot-starter-test/2.5.4/spring-boot-starter-test-2.5.4.jar!/, jar:file:/C:/Users/User/.m2/repository/org/springframework/boot/spring-boot-test/2.5.4/spring-boot-test-2.5.4.jar!/, jar:file:/C:/Users/User/.m2/repository/org/springframework/boot/spring-boot-test-autoconfigure/2.5.4/spring-boot-test-autoconfigure-2.5.4.jar!/, jar:file:/C:/Users/User/.m2/repository/com/jayway/jsonpath/json-path/2.5.0/json-path-2.5.0.jar!/, jar:file:/C:/Users/User/.m2/repository/net/minidev/json-smart/2.4.7/json-smart-2.4.7.jar!/, jar:file:/C:/Users/User/.m2/repository/net/minidev/accessors-smart/2.4.7/accessors-smart-2.4.7.jar!/, jar:file:/C:/Users/User/.m2/repository/org/ow2/asm/asm/9.1/asm-9.1.jar!/, jar:file:/C:/Users/User/.m2/repository/jakarta/xml/bind/jakarta.xml.bind-api/2.3.3/jakarta.xml.bind-api-2.3.3.jar!/, jar:file:/C:/Users/User/.m2/repository/jakarta/activation/jakarta.activation-api/1.2.2/jakarta.activation-api-1.2.2.jar!/, jar:file:/C:/Users/User/.m2/repository/org/assertj/assertj-core/3.19.0/assertj-core-3.19.0.jar!/, jar:file:/C:/Users/User/.m2/repository/org/hamcrest/hamcrest/2.2/hamcrest-2.2.jar!/, jar:file:/C:/Users/User/.m2/repository/org/junit/jupiter/junit-jupiter/5.7.2/junit-jupiter-5.7.2.jar!/, jar:file:/C:/Users/User/.m2/repository/org/junit/jupiter/junit-jupiter-api/5.7.2/junit-jupiter-api-5.7.2.jar!/, jar:file:/C:/Users/User/.m2/repository/org/apiguardian/apiguardian-api/1.1.0/apiguardian-api-1.1.0.jar!/, jar:file:/C:/Users/User/.m2/repository/org/opentest4j/opentest4j/1.2.0/opentest4j-1.2.0.jar!/, jar:file:/C:/Users/User/.m2/repository/org/junit/platform/junit-platform-commons/1.7.2/junit-platform-commons-1.7.2.jar!/, jar:file:/C:/Users/User/.m2/repository/org/junit/jupiter/junit-jupiter-params/5.7.2/junit-jupiter-params-5.7.2.jar!/, jar:file:/C:/Users/User/.m2/repository/org/junit/jupiter/junit-jupiter-engine/5.7.2/junit-jupiter-engine-5.7.2.jar!/, jar:file:/C:/Users/User/.m2/repository/org/junit/platform/junit-platform-engine/1.7.2/junit-platform-engine-1.7.2.jar!/, jar:file:/C:/Users/User/.m2/repository/org/mockito/mockito-core/3.9.0/mockito-core-3.9.0.jar!/, jar:file:/C:/Users/User/.m2/repository/net/bytebuddy/byte-buddy-agent/1.10.22/byte-buddy-agent-1.10.22.jar!/, jar:file:/C:/Users/User/.m2/repository/org/objenesis/objenesis/3.2/objenesis-3.2.jar!/, jar:file:/C:/Users/User/.m2/repository/org/mockito/mockito-junit-jupiter/3.9.0/mockito-junit-jupiter-3.9.0.jar!/, jar:file:/C:/Users/User/.m2/repository/org/skyscreamer/jsonassert/1.5.0/jsonassert-1.5.0.jar!/, jar:file:/C:/Users/User/.m2/repository/com/vaadin/external/google/android-json/0.0.20131108.vaadin1/android-json-0.0.20131108.vaadin1.jar!/, jar:file:/C:/Users/User/.m2/repository/org/springframework/spring-core/5.3.9/spring-core-5.3.9.jar!/, jar:file:/C:/Users/User/.m2/repository/org/springframework/spring-jcl/5.3.9/spring-jcl-5.3.9.jar!/, jar:file:/C:/Users/User/.m2/repository/org/springframework/spring-test/5.3.9/spring-test-5.3.9.jar!/, jar:file:/C:/Users/User/.m2/repository/org/xmlunit/xmlunit-core/2.8.2/xmlunit-core-2.8.2.jar!/, jar:file:/C:/Users/User/.m2/repository/com/tngtech/archunit/archunit-junit5/1.1.0/archunit-junit5-1.1.0.jar!/, jar:file:/C:/Users/User/.m2/repository/com/tngtech/archunit/archunit-junit5-api/1.1.0/archunit-junit5-api-1.1.0.jar!/, jar:file:/C:/Users/User/.m2/repository/com/tngtech/archunit/archunit-junit5-engine/1.1.0/archunit-junit5-engine-1.1.0.jar!/, jar:file:/C:/Users/User/.m2/repository/com/tngtech/archunit/archunit-junit5-engine-api/1.1.0/archunit-junit5-engine-api-1.1.0.jar!/, jar:file:/C:/Users/User/.m2/repository/com/tngtech/archunit/archunit/1.1.0/archunit-1.1.0.jar!/, jar:file:/C:/Users/User/.m2/repository/org/slf4j/slf4j-api/1.7.32/slf4j-api-1.7.32.jar!/]
02:43:07.861 [main] DEBUG com.tngtech.archunit.core.importer.JavaClassProcessor - Processing class 'com/example/songs/service/SongService'
02:43:07.864 [main] DEBUG com.tngtech.archunit.core.importer.JavaClassProcessor - Processing class 'com/example/songs/SongManagerApplication'
02:43:07.864 [main] DEBUG com.tngtech.archunit.core.importer.JavaClassProcessor - Processing class 'com/example/songs/controller/SongController'
02:43:07.865 [main] DEBUG com.tngtech.archunit.core.importer.JavaClassProcessor - Processing class 'com/example/songs/model/Song'
02:43:07.866 [main] DEBUG com.tngtech.archunit.core.importer.JavaClassProcessor - Processing class 'com/example/songs/repository/SongRepository'
02:43:07.867 [main] DEBUG com.tngtech.archunit.core.importer.JavaClassProcessor - Processing class 'org/springframework/web/bind/annotation/PathVariable'
02:43:07.867 [main] DEBUG com.tngtech.archunit.core.importer.JavaClassProcessor - Processing class 'org/springframework/web/bind/annotation/RequestMapping'
02:43:07.868 [main] DEBUG com.tngtech.archunit.core.importer.JavaClassProcessor - Processing class 'org/springframework/http/ResponseEntity$BodyBuilder'
02:43:07.868 [main] DEBUG com.tngtech.archunit.core.importer.JavaClassProcessor - Processing class 'org/springframework/web/bind/annotation/RequestBody'
02:43:07.869 [main] DEBUG com.tngtech.archunit.core.importer.JavaClassProcessor - Processing class 'org/springframework/boot/SpringApplication'
02:43:07.871 [main] DEBUG com.tngtech.archunit.core.importer.JavaClassProcessor - Processing class 'org/springframework/web/bind/annotation/PutMapping'
02:43:07.872 [main] DEBUG com.tngtech.archunit.core.importer.JavaClassProcessor - Processing class 'java/lang/Long'
02:43:07.873 [main] DEBUG com.tngtech.archunit.core.importer.JavaClassProcessor - Processing class 'org/springframework/stereotype/Service'
02:43:07.873 [main] DEBUG com.tngtech.archunit.core.importer.JavaClassProcessor - Processing class 'org/springframework/web/bind/annotation/GetMapping'
02:43:07.874 [main] DEBUG com.tngtech.archunit.core.importer.JavaClassProcessor - Processing class 'java/lang/String'
02:43:07.875 [main] DEBUG com.tngtech.archunit.core.importer.JavaClassProcessor - Processing class 'org/springframework/web/bind/annotation/DeleteMapping'
02:43:07.876 [main] DEBUG com.tngtech.archunit.core.importer.JavaClassProcessor - Processing class 'javax/persistence/Id'
02:43:07.876 [main] DEBUG com.tngtech.archunit.core.importer.JavaClassProcessor - Processing class 'org/springframework/web/bind/annotation/PostMapping'
02:43:07.877 [main] DEBUG com.tngtech.archunit.core.importer.JavaClassProcessor - Processing class 'java/lang/Void'
02:43:07.877 [main] DEBUG com.tngtech.archunit.core.importer.JavaClassProcessor - Processing class 'javax/persistence/Entity'
02:43:07.878 [main] DEBUG com.tngtech.archunit.core.importer.JavaClassProcessor - Processing class 'org/springframework/boot/autoconfigure/SpringBootApplication'
02:43:07.878 [main] DEBUG com.tngtech.archunit.core.importer.JavaClassProcessor - Processing class 'java/lang/RuntimeException'
02:43:07.879 [main] DEBUG com.tngtech.archunit.core.importer.JavaClassProcessor - Processing class 'org/springframework/web/bind/annotation/RestController'
02:43:07.880 [main] DEBUG com.tngtech.archunit.core.importer.JavaClassProcessor - Processing class 'javax/persistence/GenerationType'
02:43:07.880 [main] DEBUG com.tngtech.archunit.core.importer.JavaClassProcessor - Processing class 'java/util/List'
02:43:07.881 [main] DEBUG com.tngtech.archunit.core.importer.JavaClassProcessor - Processing class 'javax/persistence/GeneratedValue'
02:43:07.882 [main] DEBUG com.tngtech.archunit.core.importer.JavaClassProcessor - Processing class 'java/util/Optional'
02:43:07.882 [main] DEBUG com.tngtech.archunit.core.importer.JavaClassProcessor - Processing class 'java/lang/Object'
02:43:07.883 [main] DEBUG com.tngtech.archunit.core.importer.JavaClassProcessor - Processing class 'org/springframework/http/ResponseEntity'
02:43:07.883 [main] DEBUG com.tngtech.archunit.core.importer.JavaClassProcessor - Processing class 'org/springframework/http/ResponseEntity$HeadersBuilder'
02:43:07.884 [main] DEBUG com.tngtech.archunit.core.importer.JavaClassProcessor - Processing class 'org/springframework/data/jpa/repository/JpaRepository'
02:43:07.884 [main] DEBUG com.tngtech.archunit.core.importer.JavaClassProcessor - Processing class 'java/lang/annotation/Inherited'
02:43:07.885 [main] DEBUG com.tngtech.archunit.core.importer.JavaClassProcessor - Processing class 'org/springframework/context/annotation/ComponentScan$Filter'
02:43:07.885 [main] DEBUG com.tngtech.archunit.core.importer.JavaClassProcessor - Processing class 'java/lang/Enum'
02:43:07.886 [main] DEBUG com.tngtech.archunit.core.importer.JavaClassProcessor - Processing class 'org/springframework/context/ConfigurableApplicationContext'
02:43:07.886 [main] DEBUG com.tngtech.archunit.core.importer.JavaClassProcessor - Processing class 'java/lang/annotation/Documented'
02:43:07.886 [main] DEBUG com.tngtech.archunit.core.importer.JavaClassProcessor - Processing class 'java/lang/CharSequence'
02:43:07.887 [main] DEBUG com.tngtech.archunit.core.importer.JavaClassProcessor - Processing class 'org/springframework/data/repository/PagingAndSortingRepository'
02:43:07.887 [main] DEBUG com.tngtech.archunit.core.importer.JavaClassProcessor - Processing class 'org/springframework/http/HttpHeaders'
02:43:07.889 [main] DEBUG com.tngtech.archunit.core.importer.JavaClassProcessor - Processing class 'java/util/Collection'
02:43:07.890 [main] DEBUG com.tngtech.archunit.core.importer.JavaClassProcessor - Processing class 'org/springframework/web/bind/annotation/RequestMethod'
02:43:07.891 [main] DEBUG com.tngtech.archunit.core.importer.JavaClassProcessor - Processing class 'org/springframework/context/ApplicationListener'
02:43:07.891 [main] DEBUG com.tngtech.archunit.core.importer.JavaClassProcessor - Processing class 'java/lang/Exception'
02:43:07.891 [main] DEBUG com.tngtech.archunit.core.importer.JavaClassProcessor - Processing class 'java/io/Serializable'
02:43:07.891 [main] DEBUG com.tngtech.archunit.core.importer.JavaClassProcessor - Processing class 'org/springframework/context/annotation/Configuration'
02:43:07.892 [main] DEBUG com.tngtech.archunit.core.importer.JavaClassProcessor - Processing class 'org/springframework/http/HttpEntity'
02:43:07.893 [main] DEBUG com.tngtech.archunit.core.importer.JavaClassProcessor - Processing class 'org/springframework/beans/factory/support/BeanNameGenerator'
02:43:07.893 [main] DEBUG com.tngtech.archunit.core.importer.JavaClassProcessor - Processing class 'org/springframework/boot/SpringBootExceptionReporter'
02:43:07.893 [main] DEBUG com.tngtech.archunit.core.importer.JavaClassProcessor - Processing class 'java/lang/annotation/Annotation'
02:43:07.893 [main] DEBUG com.tngtech.archunit.core.importer.JavaClassProcessor - Processing class 'java/lang/Throwable'
02:43:07.895 [main] DEBUG com.tngtech.archunit.core.importer.JavaClassProcessor - Processing class 'org/springframework/boot/autoconfigure/AutoConfigurationExcludeFilter'
02:43:07.896 [main] DEBUG com.tngtech.archunit.core.importer.JavaClassProcessor - Processing class 'org/springframework/stereotype/Controller'
02:43:07.897 [main] DEBUG com.tngtech.archunit.core.importer.JavaClassProcessor - Processing class 'org/springframework/boot/context/TypeExcludeFilter'
02:43:07.897 [main] DEBUG com.tngtech.archunit.core.importer.JavaClassProcessor - Processing class 'java/lang/annotation/Retention'
02:43:07.898 [main] DEBUG com.tngtech.archunit.core.importer.JavaClassProcessor - Processing class 'org/springframework/data/repository/NoRepositoryBean'
02:43:07.898 [main] DEBUG com.tngtech.archunit.core.importer.JavaClassProcessor - Processing class 'org/springframework/boot/BootstrapRegistryInitializer'
02:43:07.899 [main] DEBUG com.tngtech.archunit.core.importer.JavaClassProcessor - Processing class 'jdk/internal/HotSpotIntrinsicCandidate'
02:43:07.899 [main] DEBUG com.tngtech.archunit.core.importer.JavaClassProcessor - Processing class 'org/springframework/lang/Nullable'
02:43:07.899 [main] DEBUG com.tngtech.archunit.core.importer.JavaClassProcessor - Processing class 'java/lang/Number'
02:43:07.899 [main] DEBUG com.tngtech.archunit.core.importer.JavaClassProcessor - Processing class 'org/springframework/context/annotation/FilterType'
02:43:07.900 [main] DEBUG com.tngtech.archunit.core.importer.JavaClassProcessor - Processing class 'org/springframework/core/annotation/AliasFor'
02:43:07.900 [main] DEBUG com.tngtech.archunit.core.importer.JavaClassProcessor - Processing class 'java/lang/SafeVarargs'
02:43:07.900 [main] DEBUG com.tngtech.archunit.core.importer.JavaClassProcessor - Processing class 'jdk/internal/vm/annotation/Stable'
02:43:07.901 [main] DEBUG com.tngtech.archunit.core.importer.JavaClassProcessor - Processing class 'org/springframework/boot/autoconfigure/EnableAutoConfiguration'
02:43:07.901 [main] DEBUG com.tngtech.archunit.core.importer.JavaClassProcessor - Processing class 'java/lang/Deprecated'
02:43:07.901 [main] DEBUG com.tngtech.archunit.core.importer.JavaClassProcessor - Processing class 'java/lang/annotation/Target'
02:43:07.902 [main] DEBUG com.tngtech.archunit.core.importer.JavaClassProcessor - Processing class 'org/springframework/core/env/StandardEnvironment'
02:43:07.902 [main] DEBUG com.tngtech.archunit.core.importer.JavaClassProcessor - Processing class 'java/lang/annotation/ElementType'
02:43:07.903 [main] DEBUG com.tngtech.archunit.core.importer.JavaClassProcessor - Processing class 'org/springframework/web/bind/annotation/ResponseBody'
02:43:07.903 [main] DEBUG com.tngtech.archunit.core.importer.JavaClassProcessor - Processing class 'org/springframework/context/annotation/ComponentScan'
02:43:07.904 [main] DEBUG com.tngtech.archunit.core.importer.JavaClassProcessor - Processing class 'org/springframework/data/repository/query/QueryByExampleExecutor'
02:43:07.905 [main] DEBUG com.tngtech.archunit.core.importer.JavaClassProcessor - Processing class 'org/springframework/stereotype/Component'
02:43:07.906 [main] DEBUG com.tngtech.archunit.core.importer.JavaClassProcessor - Processing class 'org/springframework/boot/SpringBootConfiguration'
02:43:07.906 [main] DEBUG com.tngtech.archunit.core.importer.JavaClassProcessor - Processing class 'java/lang/Class'
02:43:07.909 [main] DEBUG com.tngtech.archunit.core.importer.JavaClassProcessor - Processing class 'java/lang/Comparable'
02:43:07.910 [main] DEBUG com.tngtech.archunit.core.importer.JavaClassProcessor - Processing class 'org/springframework/context/ApplicationContextInitializer'
02:43:07.910 [main] DEBUG com.tngtech.archunit.core.importer.JavaClassProcessor - Processing class 'java/lang/annotation/RetentionPolicy'
02:43:07.912 [main] DEBUG com.tngtech.archunit.core.importer.JavaClassProcessor - Processing class 'org/springframework/web/bind/annotation/Mapping'
02:43:07.913 [main] DEBUG com.tngtech.archunit.core.importer.JavaClassProcessor - Processing class 'org/springframework/core/type/filter/TypeFilter'
02:43:07.913 [main] DEBUG com.tngtech.archunit.core.importer.JavaClassProcessor - Processing class 'java/util/Locale'
02:43:07.915 [main] DEBUG com.tngtech.archunit.core.importer.JavaClassProcessor - Processing class 'java/lang/reflect/Method'
02:43:07.916 [main] DEBUG com.tngtech.archunit.core.importer.JavaClassProcessor - Processing class 'org/springframework/context/PayloadApplicationEvent'
02:43:07.917 [main] DEBUG com.tngtech.archunit.core.importer.JavaClassProcessor - Processing class 'org/springframework/boot/autoconfigure/AutoConfigurationImportSelector'
02:43:07.918 [main] DEBUG com.tngtech.archunit.core.importer.JavaClassProcessor - Processing class 'jdk/internal/vm/annotation/ForceInline'
02:43:07.919 [main] DEBUG com.tngtech.archunit.core.importer.JavaClassProcessor - Processing class 'org/springframework/http/MediaType'
02:43:07.919 [main] DEBUG com.tngtech.archunit.core.importer.JavaClassProcessor - Processing class 'java/util/Locale$LanguageRange'
02:43:07.920 [main] DEBUG com.tngtech.archunit.core.importer.JavaClassProcessor - Processing class 'java/util/EventListener'
02:43:07.920 [main] DEBUG com.tngtech.archunit.core.importer.JavaClassProcessor - Processing class 'java/lang/Class$ReflectionData'
02:43:07.921 [main] DEBUG com.tngtech.archunit.core.importer.JavaClassProcessor - Processing class 'java/lang/reflect/Type'
02:43:07.921 [main] DEBUG com.tngtech.archunit.core.importer.JavaClassProcessor - Processing class 'jdk/internal/reflect/CallerSensitive'
02:43:07.921 [main] DEBUG com.tngtech.archunit.core.importer.JavaClassProcessor - Processing class 'org/springframework/beans/factory/BeanClassLoaderAware'
02:43:07.921 [main] DEBUG com.tngtech.archunit.core.importer.JavaClassProcessor - Processing class 'org/springframework/context/annotation/AnnotationScopeMetadataResolver'
02:43:07.922 [main] DEBUG com.tngtech.archunit.core.importer.JavaClassProcessor - Processing class 'java/lang/reflect/AnnotatedElement'
02:43:07.922 [main] DEBUG com.tngtech.archunit.core.importer.JavaClassProcessor - Processing class 'org/springframework/boot/autoconfigure/AutoConfigurationPackage'
02:43:07.923 [main] DEBUG com.tngtech.archunit.core.importer.JavaClassProcessor - Processing class 'org/springframework/data/repository/CrudRepository'
02:43:07.923 [main] DEBUG com.tngtech.archunit.core.importer.JavaClassProcessor - Processing class 'java/lang/Iterable'
02:43:07.923 [main] DEBUG com.tngtech.archunit.core.importer.JavaClassProcessor - Processing class 'java/lang/FunctionalInterface'
02:43:07.923 [main] DEBUG com.tngtech.archunit.core.importer.JavaClassProcessor - Processing class 'java/nio/charset/Charset'
02:43:07.924 [main] DEBUG com.tngtech.archunit.core.importer.JavaClassProcessor - Processing class 'java/lang/annotation/Repeatable'
02:43:07.924 [main] DEBUG com.tngtech.archunit.core.importer.JavaClassProcessor - Processing class 'org/springframework/beans/factory/BeanFactoryAware'
02:43:07.925 [main] DEBUG com.tngtech.archunit.core.importer.JavaClassProcessor - Processing class 'org/springframework/context/annotation/ComponentScans'
02:43:07.925 [main] DEBUG com.tngtech.archunit.core.importer.JavaClassProcessor - Processing class 'org/springframework/stereotype/Indexed'
02:43:07.926 [main] DEBUG com.tngtech.archunit.core.importer.JavaClassProcessor - Processing class 'java/lang/reflect/GenericDeclaration'
02:43:07.926 [main] DEBUG com.tngtech.archunit.core.importer.JavaClassProcessor - Processing class 'java/util/Map$Entry'
02:43:07.927 [main] DEBUG com.tngtech.archunit.core.importer.JavaClassProcessor - Processing class 'org/springframework/http/HttpMethod'
02:43:07.927 [main] DEBUG com.tngtech.archunit.core.importer.JavaClassProcessor - Processing class 'org/springframework/context/annotation/ScopedProxyMode'
02:43:07.928 [main] DEBUG com.tngtech.archunit.core.importer.JavaClassProcessor - Processing class 'org/springframework/util/MultiValueMap'
02:43:07.929 [main] DEBUG com.tngtech.archunit.core.importer.JavaClassProcessor - Processing class 'org/springframework/context/annotation/Import'
02:43:07.930 [main] DEBUG com.tngtech.archunit.core.importer.JavaClassProcessor - Processing class 'org/springframework/http/HttpRange'
02:43:07.931 [main] DEBUG com.tngtech.archunit.core.importer.JavaClassProcessor - Processing class 'java/lang/reflect/Field'
02:43:07.933 [main] DEBUG com.tngtech.archunit.core.importer.JavaClassProcessor - Processing class 'org/springframework/context/ApplicationContext'
02:43:07.934 [main] DEBUG com.tngtech.archunit.core.importer.JavaClassProcessor - Processing class 'org/springframework/context/Lifecycle'
02:43:07.934 [main] DEBUG com.tngtech.archunit.core.importer.JavaClassProcessor - Processing class 'org/springframework/context/ApplicationEvent'
02:43:07.935 [main] DEBUG com.tngtech.archunit.core.importer.JavaClassProcessor - Processing class 'org/springframework/context/annotation/ScopeMetadataResolver'
02:43:07.935 [main] DEBUG com.tngtech.archunit.core.importer.JavaClassProcessor - Processing class 'java/io/Closeable'
02:43:07.936 [main] DEBUG com.tngtech.archunit.core.importer.JavaClassProcessor - Processing class 'org/springframework/core/env/AbstractEnvironment'
02:43:07.937 [main] DEBUG com.tngtech.archunit.core.importer.JavaClassProcessor - Processing class 'org/springframework/beans/factory/HierarchicalBeanFactory'
02:43:07.938 [main] DEBUG com.tngtech.archunit.core.importer.JavaClassProcessor - Processing class 'org/springframework/boot/autoconfigure/AutoConfigurationImportListener'
02:43:07.938 [main] DEBUG com.tngtech.archunit.core.importer.JavaClassProcessor - Processing class 'java/nio/charset/spi/CharsetProvider'
02:43:07.938 [main] DEBUG com.tngtech.archunit.core.importer.JavaClassProcessor - Processing class 'java/lang/AutoCloseable'
02:43:07.938 [main] DEBUG com.tngtech.archunit.core.importer.JavaClassProcessor - Processing class 'java/util/EventObject'
02:43:07.939 [main] DEBUG com.tngtech.archunit.core.importer.JavaClassProcessor - Processing class 'org/springframework/util/MimeType'
02:43:07.940 [main] DEBUG com.tngtech.archunit.core.importer.JavaClassProcessor - Processing class 'java/lang/Character'
02:43:07.942 [main] DEBUG com.tngtech.archunit.core.importer.JavaClassProcessor - Processing class 'org/springframework/data/repository/Repository'
02:43:07.942 [main] DEBUG com.tngtech.archunit.core.importer.JavaClassProcessor - Processing class 'java/util/Map'
02:43:07.943 [main] DEBUG com.tngtech.archunit.core.importer.JavaClassProcessor - Processing class 'org/springframework/context/ApplicationEventPublisher'
02:43:07.943 [main] DEBUG com.tngtech.archunit.core.importer.JavaClassProcessor - Processing class 'java/lang/reflect/Executable'
02:43:07.944 [main] DEBUG com.tngtech.archunit.core.importer.JavaClassProcessor - Processing class 'org/springframework/boot/autoconfigure/AutoConfigurationPackages$Registrar'
02:43:07.944 [main] DEBUG com.tngtech.archunit.core.importer.JavaClassProcessor - Processing class 'java/lang/Cloneable'
02:43:07.944 [main] DEBUG com.tngtech.archunit.core.importer.JavaClassProcessor - Processing class 'java/lang/ThreadLocal'
02:43:07.944 [main] DEBUG com.tngtech.archunit.core.importer.JavaClassProcessor - Processing class 'java/lang/reflect/Member'
02:43:07.944 [main] DEBUG com.tngtech.archunit.core.importer.JavaClassProcessor - Processing class 'sun/util/locale/LocaleExtensions'
02:43:07.945 [main] DEBUG com.tngtech.archunit.core.importer.JavaClassProcessor - Processing class 'org/springframework/beans/factory/ListableBeanFactory'
02:43:07.945 [main] DEBUG com.tngtech.archunit.core.importer.JavaClassProcessor - Processing class 'org/springframework/core/Ordered'
02:43:07.946 [main] DEBUG com.tngtech.archunit.core.importer.JavaClassProcessor - Processing class 'org/springframework/context/annotation/DeferredImportSelector'
02:43:07.946 [main] DEBUG com.tngtech.archunit.core.importer.JavaClassProcessor - Processing class 'org/springframework/beans/factory/Aware'
02:43:07.946 [main] DEBUG com.tngtech.archunit.core.importer.JavaClassProcessor - Processing class 'org/springframework/core/ResolvableTypeProvider'
02:43:07.946 [main] DEBUG com.tngtech.archunit.core.importer.JavaClassProcessor - Processing class 'org/springframework/core/io/support/ResourceRegion'
02:43:07.947 [main] DEBUG com.tngtech.archunit.core.importer.JavaClassProcessor - Processing class 'org/springframework/boot/autoconfigure/AutoConfigurationImportFilter'
02:43:07.947 [main] DEBUG com.tngtech.archunit.core.importer.JavaClassProcessor - Processing class 'org/springframework/core/env/ConfigurableEnvironment'
02:43:07.947 [main] DEBUG com.tngtech.archunit.core.importer.JavaClassProcessor - Processing class 'org/springframework/core/env/EnvironmentCapable'
02:43:07.948 [main] DEBUG com.tngtech.archunit.core.importer.JavaClassProcessor - Processing class 'org/springframework/context/MessageSource'
02:43:07.948 [main] DEBUG com.tngtech.archunit.core.importer.JavaClassProcessor - Processing class 'java/lang/reflect/AccessibleObject'
02:43:07.949 [main] DEBUG com.tngtech.archunit.core.importer.JavaClassProcessor - Processing class 'org/springframework/context/ResourceLoaderAware'
02:43:07.949 [main] DEBUG com.tngtech.archunit.core.importer.JavaClassProcessor - Processing class 'org/springframework/context/annotation/DeferredImportSelector$Group'
02:43:07.949 [main] DEBUG com.tngtech.archunit.core.importer.JavaClassProcessor - Processing class 'org/springframework/context/EnvironmentAware'
02:43:07.949 [main] DEBUG com.tngtech.archunit.core.importer.JavaClassProcessor - Processing class 'org/springframework/core/io/support/ResourcePatternResolver'
02:43:07.950 [main] DEBUG com.tngtech.archunit.core.importer.JavaClassProcessor - Processing class 'sun/util/locale/Extension'
02:43:07.950 [main] DEBUG com.tngtech.archunit.core.importer.JavaClassProcessor - Processing class 'org/springframework/core/env/ConfigurablePropertyResolver'
02:43:07.950 [main] DEBUG com.tngtech.archunit.core.importer.JavaClassProcessor - Processing class 'org/springframework/context/annotation/DeferredImportSelector$Group$Entry'
02:43:07.951 [main] DEBUG com.tngtech.archunit.core.importer.JavaClassProcessor - Processing class 'org/springframework/context/annotation/ImportBeanDefinitionRegistrar'
02:43:07.951 [main] DEBUG com.tngtech.archunit.core.importer.JavaClassProcessor - Processing class 'org/springframework/context/annotation/ImportSelector'
02:43:07.951 [main] DEBUG com.tngtech.archunit.core.importer.JavaClassProcessor - Processing class 'org/springframework/core/io/ResourceLoader'
02:43:07.951 [main] DEBUG com.tngtech.archunit.core.importer.JavaClassProcessor - Processing class 'org/springframework/boot/autoconfigure/AutoConfigurationPackages'
02:43:07.952 [main] DEBUG com.tngtech.archunit.core.importer.JavaClassProcessor - Processing class 'org/springframework/boot/context/annotation/DeterminableImports'
02:43:07.952 [main] DEBUG com.tngtech.archunit.core.importer.JavaClassProcessor - Processing class 'org/springframework/core/env/Environment'
02:43:07.953 [main] DEBUG com.tngtech.archunit.core.importer.JavaClassProcessor - Processing class 'org/springframework/beans/factory/BeanFactory'
02:43:07.953 [main] DEBUG com.tngtech.archunit.core.importer.JavaClassProcessor - Processing class 'sun/util/locale/InternalLocaleBuilder$CaseInsensitiveString'
02:43:07.953 [main] DEBUG com.tngtech.archunit.core.importer.JavaClassProcessor - Processing class 'sun/util/locale/InternalLocaleBuilder$CaseInsensitiveChar'
02:43:07.954 [main] DEBUG com.tngtech.archunit.core.importer.JavaClassProcessor - Processing class 'org/springframework/core/env/PropertyResolver'
02:43:07.954 [main] DEBUG com.tngtech.archunit.core.importer.JavaClassProcessor - Processing class 'sun/util/locale/InternalLocaleBuilder'
02:43:07.956 [main] DEBUG com.tngtech.archunit.core.importer.JavaClassProcessor - Processing class 'java/io/IOException'
02:43:07.956 [main] DEBUG com.tngtech.archunit.core.importer.JavaClassProcessor - Processing class 'java/util/stream/IntStream'
02:43:07.959 [main] DEBUG com.tngtech.archunit.core.importer.JavaClassProcessor - Processing class 'java/lang/Module'
02:43:07.960 [main] DEBUG com.tngtech.archunit.core.importer.JavaClassProcessor - Processing class 'java/lang/ClassLoader'
02:43:07.962 [main] DEBUG com.tngtech.archunit.core.importer.JavaClassProcessor - Processing class 'java/lang/Class$AnnotationData'
02:43:07.963 [main] DEBUG com.tngtech.archunit.core.importer.JavaClassProcessor - Processing class 'sun/reflect/generics/repository/ClassRepository'
02:43:07.963 [main] DEBUG com.tngtech.archunit.core.importer.JavaClassProcessor - Processing class 'java/io/ObjectStreamField'
02:43:07.964 [main] DEBUG com.tngtech.archunit.core.importer.JavaClassProcessor - Processing class 'java/security/ProtectionDomain'
02:43:07.965 [main] DEBUG com.tngtech.archunit.core.importer.JavaClassProcessor - Processing class 'java/lang/reflect/Constructor'
02:43:07.965 [main] DEBUG com.tngtech.archunit.core.importer.JavaClassProcessor - Processing class 'jdk/internal/reflect/ReflectionFactory'
02:43:07.966 [main] DEBUG com.tngtech.archunit.core.importer.JavaClassProcessor - Processing class 'java/lang/ClassValue$ClassValueMap'
02:43:07.967 [main] DEBUG com.tngtech.archunit.core.importer.JavaClassProcessor - Processing class 'java/lang/ref/SoftReference'
02:43:07.968 [main] DEBUG com.tngtech.archunit.core.importer.JavaClassProcessor - Processing class 'sun/reflect/annotation/AnnotationType'
02:43:07.969 [main] DEBUG com.tngtech.archunit.core.importer.JavaClassProcessor - Processing class 'java/lang/SecurityException'
02:43:07.969 [main] DEBUG com.tngtech.archunit.core.importer.JavaClassProcessor - Processing class 'java/lang/NoSuchFieldException'
02:43:07.970 [main] DEBUG com.tngtech.archunit.core.importer.JavaClassProcessor - Processing class 'java/lang/PublicMethods$MethodList'
02:43:07.970 [main] DEBUG com.tngtech.archunit.core.importer.JavaClassProcessor - Processing class 'java/lang/NoSuchMethodException'
02:43:07.970 [main] DEBUG com.tngtech.archunit.core.importer.JavaClassProcessor - Processing class 'java/lang/Class$EnclosingMethodInfo'
02:43:07.971 [main] DEBUG com.tngtech.archunit.core.importer.JavaClassProcessor - Processing class 'java/net/URL'
02:43:07.972 [main] DEBUG com.tngtech.archunit.core.importer.JavaClassProcessor - Processing class 'java/lang/reflect/AnnotatedType'
02:43:07.973 [main] DEBUG com.tngtech.archunit.core.importer.JavaClassProcessor - Processing class 'java/io/InputStream'
02:43:07.974 [main] DEBUG com.tngtech.archunit.core.importer.JavaClassProcessor - Processing class 'java/lang/SecurityManager'
02:43:07.975 [main] DEBUG com.tngtech.archunit.core.importer.JavaClassProcessor - Processing class 'sun/reflect/generics/factory/GenericsFactory'
02:43:07.975 [main] DEBUG com.tngtech.archunit.core.importer.JavaClassProcessor - Processing class 'java/lang/ClassNotFoundException'
02:43:07.975 [main] DEBUG com.tngtech.archunit.core.importer.JavaClassProcessor - Processing class 'jdk/internal/reflect/ConstantPool'
02:43:07.976 [main] DEBUG com.tngtech.archunit.core.importer.JavaClassProcessor - Processing class 'java/lang/Package'
02:43:07.976 [main] DEBUG com.tngtech.archunit.core.importer.JavaClassProcessor - Processing class 'java/lang/InstantiationException'
02:43:07.977 [main] DEBUG com.tngtech.archunit.core.importer.JavaClassProcessor - Processing class 'java/lang/IllegalAccessException'
02:43:07.977 [main] DEBUG com.tngtech.archunit.core.importer.JavaClassProcessor - Processing class 'java/lang/reflect/TypeVariable'
02:43:07.978 [main] DEBUG com.tngtech.archunit.core.importer.JavaClassProcessor - Processing class 'java/io/ObjectStreamException'
02:43:07.979 [main] DEBUG com.tngtech.archunit.core.importer.JavaClassProcessor - Processing class 'java/lang/CloneNotSupportedException'
02:43:07.979 [main] DEBUG com.tngtech.archunit.core.importer.JavaClassProcessor - Processing class 'java/io/ObjectInputStream'
02:43:07.980 [main] DEBUG com.tngtech.archunit.core.importer.JavaClassProcessor - Processing class 'java/util/Iterator'
02:43:07.981 [main] DEBUG com.tngtech.archunit.core.importer.JavaClassProcessor - Processing class 'java/util/function/Consumer'
02:43:07.981 [main] DEBUG com.tngtech.archunit.core.importer.JavaClassProcessor - Processing class 'java/util/Spliterator'
02:43:07.981 [main] DEBUG com.tngtech.archunit.core.importer.JavaClassProcessor - Processing class 'java/lang/NumberFormatException'
02:43:07.982 [main] DEBUG com.tngtech.archunit.core.importer.JavaClassProcessor - Processing class 'java/math/BigInteger'
02:43:07.986 [main] DEBUG com.tngtech.archunit.core.importer.JavaClassProcessor - Processing class 'java/lang/InterruptedException'
02:43:07.986 [main] DEBUG com.tngtech.archunit.core.importer.JavaClassProcessor - Processing class 'java/util/Comparator'
02:43:07.987 [main] DEBUG com.tngtech.archunit.core.importer.JavaClassProcessor - Processing class 'java/lang/AbstractStringBuilder'
02:43:07.988 [main] DEBUG com.tngtech.archunit.core.importer.JavaClassProcessor - Processing class 'java/io/UnsupportedEncodingException'
02:43:07.989 [main] DEBUG com.tngtech.archunit.core.importer.JavaClassProcessor - Processing class 'java/util/stream/Stream'
02:43:07.990 [main] DEBUG com.tngtech.archunit.core.importer.JavaClassProcessor - Processing class 'java/lang/StringBuffer'
02:43:07.991 [main] DEBUG com.tngtech.archunit.core.importer.JavaClassProcessor - Processing class 'java/lang/StringBuilder'
02:43:07.992 [main] DEBUG com.tngtech.archunit.core.importer.JavaClassProcessor - Processing class 'java/util/concurrent/atomic/AtomicInteger'
02:43:07.993 [main] DEBUG com.tngtech.archunit.core.importer.JavaClassProcessor - Processing class 'java/util/function/Supplier'
02:43:07.993 [main] DEBUG com.tngtech.archunit.core.importer.JavaClassProcessor - Processing class 'java/lang/ThreadLocal$ThreadLocalMap'
02:43:07.993 [main] DEBUG com.tngtech.archunit.core.importer.JavaClassProcessor - Processing class 'java/lang/Thread'
02:43:07.994 [main] DEBUG com.tngtech.archunit.core.importer.JavaClassProcessor - Processing class 'java/lang/StackTraceElement'
02:43:07.995 [main] DEBUG com.tngtech.archunit.core.importer.JavaClassProcessor - Processing class 'java/io/PrintStream'
02:43:07.996 [main] DEBUG com.tngtech.archunit.core.importer.JavaClassProcessor - Processing class 'java/io/ObjectOutputStream'
02:43:07.997 [main] DEBUG com.tngtech.archunit.core.importer.JavaClassProcessor - Processing class 'java/io/PrintWriter'
02:43:07.997 [main] DEBUG com.tngtech.archunit.core.importer.JavaClassProcessor - Processing class 'java/lang/Throwable$PrintStreamOrWriter'
02:43:07.997 [main] DEBUG com.tngtech.archunit.core.importer.JavaClassProcessor - Processing class 'java/util/Set'
02:43:08.000 [main] DEBUG com.tngtech.archunit.core.importer.JavaClassProcessor - Processing class 'java/lang/reflect/Parameter'
02:43:08.001 [main] DEBUG com.tngtech.archunit.core.importer.JavaClassProcessor - Processing class 'sun/reflect/generics/repository/ConstructorRepository'
02:43:08.002 [main] DEBUG com.tngtech.archunit.core.importer.JavaClassProcessor - Processing class 'jdk/internal/reflect/FieldAccessor'
02:43:08.002 [main] DEBUG com.tngtech.archunit.core.importer.JavaClassProcessor - Processing class 'sun/reflect/generics/repository/FieldRepository'
02:43:08.002 [main] DEBUG com.tngtech.archunit.core.importer.JavaClassProcessor - Processing class 'java/lang/IllegalArgumentException'
02:43:08.003 [main] DEBUG com.tngtech.archunit.core.importer.JavaClassProcessor - Processing class 'jdk/internal/reflect/MethodAccessor'
02:43:08.003 [main] DEBUG com.tngtech.archunit.core.importer.JavaClassProcessor - Processing class 'sun/reflect/generics/repository/MethodRepository'
02:43:08.003 [main] DEBUG com.tngtech.archunit.core.importer.JavaClassProcessor - Processing class 'java/lang/reflect/InvocationTargetException'
02:43:08.004 [main] DEBUG com.tngtech.archunit.core.importer.JavaClassProcessor - Processing class 'java/util/SortedMap'
02:43:08.004 [main] DEBUG com.tngtech.archunit.core.importer.JavaClassProcessor - Processing class 'java/nio/CharBuffer'
02:43:08.005 [main] DEBUG com.tngtech.archunit.core.importer.JavaClassProcessor - Processing class 'java/nio/ByteBuffer'
02:43:08.005 [main] DEBUG com.tngtech.archunit.core.importer.JavaClassProcessor - Processing class 'java/nio/charset/CharsetDecoder'
02:43:08.006 [main] DEBUG com.tngtech.archunit.core.importer.JavaClassProcessor - Processing class 'java/nio/charset/CharsetEncoder'
02:43:08.006 [main] DEBUG com.tngtech.archunit.core.importer.JavaClassProcessor - Processing class 'java/util/function/IntFunction'
02:43:08.007 [main] DEBUG com.tngtech.archunit.core.importer.JavaClassProcessor - Processing class 'java/util/function/Predicate'
02:43:08.007 [main] DEBUG com.tngtech.archunit.core.importer.JavaClassProcessor - Processing class 'java/util/ListIterator'
02:43:08.007 [main] DEBUG com.tngtech.archunit.core.importer.JavaClassProcessor - Processing class 'java/util/function/UnaryOperator'
02:43:08.008 [main] DEBUG com.tngtech.archunit.core.importer.JavaClassProcessor - Processing class 'sun/util/locale/BaseLocale'
02:43:08.008 [main] DEBUG com.tngtech.archunit.core.importer.JavaClassProcessor - Processing class 'java/util/Locale$Cache'
02:43:08.009 [main] DEBUG com.tngtech.archunit.core.importer.JavaClassProcessor - Processing class 'java/util/Locale$Category'
02:43:08.009 [main] DEBUG com.tngtech.archunit.core.importer.JavaClassProcessor - Processing class 'java/util/MissingResourceException'
02:43:08.009 [main] DEBUG com.tngtech.archunit.core.importer.JavaClassProcessor - Processing class 'sun/util/locale/provider/LocaleResources'
02:43:08.010 [main] DEBUG com.tngtech.archunit.core.importer.JavaClassProcessor - Processing class 'java/util/Locale$FilteringMode'
02:43:08.011 [main] DEBUG com.tngtech.archunit.core.importer.JavaClassProcessor - Processing class 'java/util/Locale$IsoCountryCode'
02:43:08.011 [main] DEBUG com.tngtech.archunit.core.importer.JavaClassProcessor - Processing class 'java/util/function/BiFunction'
02:43:08.012 [main] DEBUG com.tngtech.archunit.core.importer.JavaClassProcessor - Processing class 'java/util/function/BiConsumer'
02:43:08.012 [main] DEBUG com.tngtech.archunit.core.importer.JavaClassProcessor - Processing class 'java/util/function/Function'
02:43:08.013 [main] DEBUG com.tngtech.archunit.core.importer.JavaClassProcessor - Processing class 'java/lang/invoke/SerializedLambda'
02:43:08.014 [main] DEBUG com.tngtech.archunit.core.importer.JavaClassProcessor - Processing class 'java/lang/Runnable'
02:43:08.015 [main] DEBUG com.tngtech.archunit.core.importer.JavaClassProcessor - Processing class 'org/springframework/beans/BeansException'
02:43:08.016 [main] DEBUG com.tngtech.archunit.core.importer.JavaClassProcessor - Processing class 'org/springframework/beans/factory/NoSuchBeanDefinitionException'
02:43:08.017 [main] DEBUG com.tngtech.archunit.core.importer.JavaClassProcessor - Processing class 'org/springframework/core/ResolvableType'
02:43:08.018 [main] DEBUG com.tngtech.archunit.core.importer.JavaClassProcessor - Processing class 'org/springframework/beans/factory/ObjectProvider'
02:43:08.020 [main] DEBUG com.tngtech.archunit.core.importer.JavaClassProcessor - Processing class 'org/springframework/beans/factory/config/BeanDefinition'
02:43:08.020 [main] DEBUG com.tngtech.archunit.core.importer.JavaClassProcessor - Processing class 'org/springframework/beans/factory/support/BeanDefinitionRegistry'
02:43:08.021 [main] DEBUG com.tngtech.archunit.core.importer.JavaClassProcessor - Processing class 'org/springframework/boot/BootstrapRegistry'
02:43:08.021 [main] DEBUG com.tngtech.archunit.core.importer.JavaClassProcessor - Processing class 'org/springframework/boot/ApplicationContextFactory'
02:43:08.021 [main] DEBUG com.tngtech.archunit.core.importer.JavaClassProcessor - Processing class 'org/springframework/boot/Banner'
02:43:08.022 [main] DEBUG com.tngtech.archunit.core.importer.JavaClassProcessor - Processing class 'org/springframework/boot/Banner$Mode'
02:43:08.022 [main] DEBUG com.tngtech.archunit.core.importer.JavaClassProcessor - Processing class 'org/apache/commons/logging/Log'
02:43:08.023 [main] DEBUG com.tngtech.archunit.core.importer.JavaClassProcessor - Processing class 'org/springframework/boot/SpringApplicationShutdownHook'
02:43:08.023 [main] DEBUG com.tngtech.archunit.core.importer.JavaClassProcessor - Processing class 'org/springframework/boot/WebApplicationType'
02:43:08.023 [main] DEBUG com.tngtech.archunit.core.importer.JavaClassProcessor - Processing class 'org/springframework/core/metrics/ApplicationStartup'
02:43:08.024 [main] DEBUG com.tngtech.archunit.core.importer.JavaClassProcessor - Processing class 'org/springframework/boot/SpringApplicationRunListeners'
02:43:08.025 [main] DEBUG com.tngtech.archunit.core.importer.JavaClassProcessor - Processing class 'org/springframework/boot/DefaultBootstrapContext'
02:43:08.026 [main] DEBUG com.tngtech.archunit.core.importer.JavaClassProcessor - Processing class 'org/springframework/boot/ApplicationArguments'
02:43:08.026 [main] DEBUG com.tngtech.archunit.core.importer.JavaClassProcessor - Processing class 'org/springframework/boot/ExitCodeGenerator'
02:43:08.027 [main] DEBUG com.tngtech.archunit.core.importer.JavaClassProcessor - Processing class 'org/springframework/boot/Bootstrapper'
02:43:08.028 [main] DEBUG com.tngtech.archunit.core.importer.JavaClassProcessor - Processing class 'org/springframework/boot/BeanDefinitionLoader'
02:43:08.029 [main] DEBUG com.tngtech.archunit.core.importer.JavaClassProcessor - Processing class 'org/springframework/boot/CommandLineRunner'
02:43:08.029 [main] DEBUG com.tngtech.archunit.core.importer.JavaClassProcessor - Processing class 'org/springframework/boot/SpringBootExceptionHandler'
02:43:08.029 [main] DEBUG com.tngtech.archunit.core.importer.JavaClassProcessor - Processing class 'java/util/Properties'
02:43:08.031 [main] DEBUG com.tngtech.archunit.core.importer.JavaClassProcessor - Processing class 'org/springframework/boot/ApplicationRunner'
02:43:08.031 [main] DEBUG com.tngtech.archunit.core.importer.JavaClassProcessor - Processing class 'org/springframework/boot/SpringApplicationShutdownHandlers'
02:43:08.032 [main] DEBUG com.tngtech.archunit.core.importer.JavaClassProcessor - Processing class 'org/springframework/core/type/classreading/MetadataReader'
02:43:08.033 [main] DEBUG com.tngtech.archunit.core.importer.JavaClassProcessor - Processing class 'org/springframework/core/type/classreading/MetadataReaderFactory'
02:43:08.033 [main] DEBUG com.tngtech.archunit.core.importer.JavaClassProcessor - Processing class 'org/springframework/boot/autoconfigure/AutoConfigurationMetadata'
02:43:08.034 [main] DEBUG com.tngtech.archunit.core.importer.JavaClassProcessor - Processing class 'org/springframework/boot/autoconfigure/AutoConfigurationImportEvent'
02:43:08.034 [main] DEBUG com.tngtech.archunit.core.importer.JavaClassProcessor - Processing class 'org/springframework/boot/autoconfigure/AutoConfigurationImportSelector$ConfigurationClassFilter'
02:43:08.034 [main] DEBUG com.tngtech.archunit.core.importer.JavaClassProcessor - Processing class 'org/springframework/boot/autoconfigure/AutoConfigurationImportSelector$AutoConfigurationEntry'
02:43:08.035 [main] DEBUG com.tngtech.archunit.core.importer.JavaClassProcessor - Processing class 'org/springframework/beans/factory/config/ConfigurableListableBeanFactory'
02:43:08.035 [main] DEBUG com.tngtech.archunit.core.importer.JavaClassProcessor - Processing class 'org/springframework/core/type/AnnotationMetadata'
02:43:08.036 [main] DEBUG com.tngtech.archunit.core.importer.JavaClassProcessor - Processing class 'org/springframework/core/annotation/AnnotationAttributes'
02:43:08.038 [main] DEBUG com.tngtech.archunit.core.importer.JavaClassProcessor - Processing class 'org/springframework/beans/factory/config/AutowireCapableBeanFactory'
02:43:08.038 [main] DEBUG com.tngtech.archunit.core.importer.JavaClassProcessor - Processing class 'java/lang/IllegalStateException'
02:43:08.039 [main] DEBUG com.tngtech.archunit.core.importer.JavaClassProcessor - Processing class 'java/time/Clock'
02:43:08.039 [main] DEBUG com.tngtech.archunit.core.importer.JavaClassProcessor - Processing class 'org/springframework/core/io/ProtocolResolver'
02:43:08.040 [main] DEBUG com.tngtech.archunit.core.importer.JavaClassProcessor - Processing class 'org/springframework/beans/factory/config/BeanFactoryPostProcessor'
02:43:08.040 [main] DEBUG com.tngtech.archunit.core.importer.JavaClassProcessor - Processing class 'org/springframework/context/NoSuchMessageException'
02:43:08.040 [main] DEBUG com.tngtech.archunit.core.importer.JavaClassProcessor - Processing class 'org/springframework/context/MessageSourceResolvable'
02:43:08.041 [main] DEBUG com.tngtech.archunit.core.importer.JavaClassProcessor - Processing class 'org/springframework/context/annotation/ScopeMetadata'
02:43:08.043 [main] DEBUG com.tngtech.archunit.core.importer.JavaClassProcessor - Processing class 'org/springframework/core/env/MutablePropertySources'
02:43:08.044 [main] DEBUG com.tngtech.archunit.core.importer.JavaClassProcessor - Processing class 'org/springframework/core/convert/support/ConfigurableConversionService'
02:43:08.044 [main] DEBUG com.tngtech.archunit.core.importer.JavaClassProcessor - Processing class 'org/springframework/core/env/MissingRequiredPropertiesException'
02:43:08.045 [main] DEBUG com.tngtech.archunit.core.importer.JavaClassProcessor - Processing class 'org/springframework/core/env/Profiles'
02:43:08.046 [main] DEBUG com.tngtech.archunit.core.importer.JavaClassProcessor - Processing class 'org/springframework/core/io/Resource'
02:43:08.047 [main] DEBUG com.tngtech.archunit.core.importer.JavaClassProcessor - Processing class 'org/springframework/data/domain/Example'
02:43:08.047 [main] DEBUG com.tngtech.archunit.core.importer.JavaClassProcessor - Processing class 'org/springframework/data/domain/Sort'
02:43:08.049 [main] DEBUG com.tngtech.archunit.core.importer.JavaClassProcessor - Processing class 'org/springframework/data/domain/Page'
02:43:08.049 [main] DEBUG com.tngtech.archunit.core.importer.JavaClassProcessor - Processing class 'org/springframework/data/domain/Pageable'
02:43:08.050 [main] DEBUG com.tngtech.archunit.core.importer.JavaClassProcessor - Processing class 'java/time/ZoneId'
02:43:08.050 [main] DEBUG com.tngtech.archunit.core.importer.JavaClassProcessor - Processing class 'java/text/DecimalFormatSymbols'
02:43:08.051 [main] DEBUG com.tngtech.archunit.core.importer.JavaClassProcessor - Processing class 'java/time/format/DateTimeFormatter'
02:43:08.052 [main] DEBUG com.tngtech.archunit.core.importer.JavaClassProcessor - Processing class 'java/util/regex/Pattern'
02:43:08.056 [main] DEBUG com.tngtech.archunit.core.importer.JavaClassProcessor - Processing class 'java/net/InetSocketAddress'
02:43:08.056 [main] DEBUG com.tngtech.archunit.core.importer.JavaClassProcessor - Processing class 'java/time/ZonedDateTime'
02:43:08.057 [main] DEBUG com.tngtech.archunit.core.importer.JavaClassProcessor - Processing class 'java/time/Duration'
02:43:08.059 [main] DEBUG com.tngtech.archunit.core.importer.JavaClassProcessor - Processing class 'org/springframework/http/CacheControl'
02:43:08.059 [main] DEBUG com.tngtech.archunit.core.importer.JavaClassProcessor - Processing class 'java/net/URI'
02:43:08.061 [main] DEBUG com.tngtech.archunit.core.importer.JavaClassProcessor - Processing class 'java/time/Instant'
02:43:08.062 [main] DEBUG com.tngtech.archunit.core.importer.JavaClassProcessor - Processing class 'org/springframework/http/ContentDisposition'
02:43:08.065 [main] DEBUG com.tngtech.archunit.core.importer.JavaClassProcessor - Processing class 'org/springframework/http/HttpStatus'
02:43:08.066 [main] DEBUG com.tngtech.archunit.core.importer.JavaClassProcessor - Processing class 'org/springframework/http/ResponseEntity$1'
02:43:08.067 [main] DEBUG com.tngtech.archunit.core.importer.JavaClassProcessor - Processing class 'java/util/BitSet'
02:43:08.070 [main] DEBUG com.tngtech.archunit.core.importer.JavaClassProcessor - Processing class 'sun/util/locale/LanguageTag'
02:43:08.071 [main] DEBUG com.tngtech.archunit.core.importer.JavaClassProcessor - Processing class 'sun/util/locale/LocaleSyntaxException'
]]></system-out>
  </testcase>
  <testcase name="noFieldInjectionAllowedAnywhere" classname="archtests.SongArchitectureTests" time="0.193">
    <system-out><![CDATA[02:43:08.103 [main] DEBUG com.tngtech.archunit.core.importer.UrlSource$From - Found URLs on sun.boot.class.path: []
02:43:08.108 [main] DEBUG com.tngtech.archunit.core.importer.UrlSource$From - Found URLs on java.class.path: [file:/M:/Lab/song-manager/target/test-classes/, file:/M:/Lab/song-manager/target/classes/, jar:file:/C:/Users/User/.m2/repository/org/springframework/boot/spring-boot-starter-web/2.5.4/spring-boot-starter-web-2.5.4.jar!/, jar:file:/C:/Users/User/.m2/repository/org/springframework/boot/spring-boot-starter/2.5.4/spring-boot-starter-2.5.4.jar!/, jar:file:/C:/Users/User/.m2/repository/org/springframework/boot/spring-boot/2.5.4/spring-boot-2.5.4.jar!/, jar:file:/C:/Users/User/.m2/repository/org/springframework/boot/spring-boot-autoconfigure/2.5.4/spring-boot-autoconfigure-2.5.4.jar!/, jar:file:/C:/Users/User/.m2/repository/org/springframework/boot/spring-boot-starter-logging/2.5.4/spring-boot-starter-logging-2.5.4.jar!/, jar:file:/C:/Users/User/.m2/repository/ch/qos/logback/logback-classic/1.2.5/logback-classic-1.2.5.jar!/, jar:file:/C:/Users/User/.m2/repository/ch/qos/logback/logback-core/1.2.5/logback-core-1.2.5.jar!/, jar:file:/C:/Users/User/.m2/repository/org/apache/logging/log4j/log4j-to-slf4j/2.14.1/log4j-to-slf4j-2.14.1.jar!/, jar:file:/C:/Users/User/.m2/repository/org/apache/logging/log4j/log4j-api/2.14.1/log4j-api-2.14.1.jar!/, jar:file:/C:/Users/User/.m2/repository/org/slf4j/jul-to-slf4j/1.7.32/jul-to-slf4j-1.7.32.jar!/, jar:file:/C:/Users/User/.m2/repository/jakarta/annotation/jakarta.annotation-api/1.3.5/jakarta.annotation-api-1.3.5.jar!/, jar:file:/C:/Users/User/.m2/repository/org/yaml/snakeyaml/1.28/snakeyaml-1.28.jar!/, jar:file:/C:/Users/User/.m2/repository/org/springframework/boot/spring-boot-starter-json/2.5.4/spring-boot-starter-json-2.5.4.jar!/, jar:file:/C:/Users/User/.m2/repository/com/fasterxml/jackson/core/jackson-databind/2.12.4/jackson-databind-2.12.4.jar!/, jar:file:/C:/Users/User/.m2/repository/com/fasterxml/jackson/core/jackson-annotations/2.12.4/jackson-annotations-2.12.4.jar!/, jar:file:/C:/Users/User/.m2/repository/com/fasterxml/jackson/core/jackson-core/2.12.4/jackson-core-2.12.4.jar!/, jar:file:/C:/Users/User/.m2/repository/com/fasterxml/jackson/datatype/jackson-datatype-jdk8/2.12.4/jackson-datatype-jdk8-2.12.4.jar!/, jar:file:/C:/Users/User/.m2/repository/com/fasterxml/jackson/datatype/jackson-datatype-jsr310/2.12.4/jackson-datatype-jsr310-2.12.4.jar!/, jar:file:/C:/Users/User/.m2/repository/com/fasterxml/jackson/module/jackson-module-parameter-names/2.12.4/jackson-module-parameter-names-2.12.4.jar!/, jar:file:/C:/Users/User/.m2/repository/org/springframework/boot/spring-boot-starter-tomcat/2.5.4/spring-boot-starter-tomcat-2.5.4.jar!/, jar:file:/C:/Users/User/.m2/repository/org/apache/tomcat/embed/tomcat-embed-core/9.0.52/tomcat-embed-core-9.0.52.jar!/, jar:file:/C:/Users/User/.m2/repository/org/apache/tomcat/embed/tomcat-embed-el/9.0.52/tomcat-embed-el-9.0.52.jar!/, jar:file:/C:/Users/User/.m2/repository/org/apache/tomcat/embed/tomcat-embed-websocket/9.0.52/tomcat-embed-websocket-9.0.52.jar!/, jar:file:/C:/Users/User/.m2/repository/org/springframework/spring-web/5.3.9/spring-web-5.3.9.jar!/, jar:file:/C:/Users/User/.m2/repository/org/springframework/spring-beans/5.3.9/spring-beans-5.3.9.jar!/, jar:file:/C:/Users/User/.m2/repository/org/springframework/spring-webmvc/5.3.9/spring-webmvc-5.3.9.jar!/, jar:file:/C:/Users/User/.m2/repository/org/springframework/spring-aop/5.3.9/spring-aop-5.3.9.jar!/, jar:file:/C:/Users/User/.m2/repository/org/springframework/spring-context/5.3.9/spring-context-5.3.9.jar!/, jar:file:/C:/Users/User/.m2/repository/org/springframework/spring-expression/5.3.9/spring-expression-5.3.9.jar!/, jar:file:/C:/Users/User/.m2/repository/org/springframework/boot/spring-boot-starter-data-jpa/2.5.4/spring-boot-starter-data-jpa-2.5.4.jar!/, jar:file:/C:/Users/User/.m2/repository/org/springframework/boot/spring-boot-starter-aop/2.5.4/spring-boot-starter-aop-2.5.4.jar!/, jar:file:/C:/Users/User/.m2/repository/org/aspectj/aspectjweaver/1.9.7/aspectjweaver-1.9.7.jar!/, jar:file:/C:/Users/User/.m2/repository/org/springframework/boot/spring-boot-starter-jdbc/2.5.4/spring-boot-starter-jdbc-2.5.4.jar!/, jar:file:/C:/Users/User/.m2/repository/com/zaxxer/HikariCP/4.0.3/HikariCP-4.0.3.jar!/, jar:file:/C:/Users/User/.m2/repository/org/springframework/spring-jdbc/5.3.9/spring-jdbc-5.3.9.jar!/, jar:file:/C:/Users/User/.m2/repository/jakarta/transaction/jakarta.transaction-api/1.3.3/jakarta.transaction-api-1.3.3.jar!/, jar:file:/C:/Users/User/.m2/repository/jakarta/persistence/jakarta.persistence-api/2.2.3/jakarta.persistence-api-2.2.3.jar!/, jar:file:/C:/Users/User/.m2/repository/org/hibernate/hibernate-core/5.4.32.Final/hibernate-core-5.4.32.Final.jar!/, jar:file:/C:/Users/User/.m2/repository/org/jboss/logging/jboss-logging/3.4.2.Final/jboss-logging-3.4.2.Final.jar!/, jar:file:/C:/Users/User/.m2/repository/org/javassist/javassist/3.27.0-GA/javassist-3.27.0-GA.jar!/, jar:file:/C:/Users/User/.m2/repository/net/bytebuddy/byte-buddy/1.10.22/byte-buddy-1.10.22.jar!/, jar:file:/C:/Users/User/.m2/repository/antlr/antlr/2.7.7/antlr-2.7.7.jar!/, jar:file:/C:/Users/User/.m2/repository/org/jboss/jandex/2.2.3.Final/jandex-2.2.3.Final.jar!/, jar:file:/C:/Users/User/.m2/repository/com/fasterxml/classmate/1.5.1/classmate-1.5.1.jar!/, jar:file:/C:/Users/User/.m2/repository/org/dom4j/dom4j/2.1.3/dom4j-2.1.3.jar!/, jar:file:/C:/Users/User/.m2/repository/org/hibernate/common/hibernate-commons-annotations/5.1.2.Final/hibernate-commons-annotations-5.1.2.Final.jar!/, jar:file:/C:/Users/User/.m2/repository/org/glassfish/jaxb/jaxb-runtime/2.3.5/jaxb-runtime-2.3.5.jar!/, jar:file:/C:/Users/User/.m2/repository/org/glassfish/jaxb/txw2/2.3.5/txw2-2.3.5.jar!/, jar:file:/C:/Users/User/.m2/repository/com/sun/istack/istack-commons-runtime/3.0.12/istack-commons-runtime-3.0.12.jar!/, jar:file:/C:/Users/User/.m2/repository/com/sun/activation/jakarta.activation/1.2.2/jakarta.activation-1.2.2.jar!/, jar:file:/C:/Users/User/.m2/repository/org/springframework/data/spring-data-jpa/2.5.4/spring-data-jpa-2.5.4.jar!/, jar:file:/C:/Users/User/.m2/repository/org/springframework/data/spring-data-commons/2.5.4/spring-data-commons-2.5.4.jar!/, jar:file:/C:/Users/User/.m2/repository/org/springframework/spring-orm/5.3.9/spring-orm-5.3.9.jar!/, jar:file:/C:/Users/User/.m2/repository/org/springframework/spring-tx/5.3.9/spring-tx-5.3.9.jar!/, jar:file:/C:/Users/User/.m2/repository/org/springframework/spring-aspects/5.3.9/spring-aspects-5.3.9.jar!/, jar:file:/C:/Users/User/.m2/repository/com/h2database/h2/1.4.200/h2-1.4.200.jar!/, jar:file:/C:/Users/User/.m2/repository/javax/persistence/javax.persistence-api/2.2/javax.persistence-api-2.2.jar!/, jar:file:/C:/Users/User/.m2/repository/org/springframework/boot/spring-boot-starter-test/2.5.4/spring-boot-starter-test-2.5.4.jar!/, jar:file:/C:/Users/User/.m2/repository/org/springframework/boot/spring-boot-test/2.5.4/spring-boot-test-2.5.4.jar!/, jar:file:/C:/Users/User/.m2/repository/org/springframework/boot/spring-boot-test-autoconfigure/2.5.4/spring-boot-test-autoconfigure-2.5.4.jar!/, jar:file:/C:/Users/User/.m2/repository/com/jayway/jsonpath/json-path/2.5.0/json-path-2.5.0.jar!/, jar:file:/C:/Users/User/.m2/repository/net/minidev/json-smart/2.4.7/json-smart-2.4.7.jar!/, jar:file:/C:/Users/User/.m2/repository/net/minidev/accessors-smart/2.4.7/accessors-smart-2.4.7.jar!/, jar:file:/C:/Users/User/.m2/repository/org/ow2/asm/asm/9.1/asm-9.1.jar!/, jar:file:/C:/Users/User/.m2/repository/jakarta/xml/bind/jakarta.xml.bind-api/2.3.3/jakarta.xml.bind-api-2.3.3.jar!/, jar:file:/C:/Users/User/.m2/repository/jakarta/activation/jakarta.activation-api/1.2.2/jakarta.activation-api-1.2.2.jar!/, jar:file:/C:/Users/User/.m2/repository/org/assertj/assertj-core/3.19.0/assertj-core-3.19.0.jar!/, jar:file:/C:/Users/User/.m2/repository/org/hamcrest/hamcrest/2.2/hamcrest-2.2.jar!/, jar:file:/C:/Users/User/.m2/repository/org/junit/jupiter/junit-jupiter/5.7.2/junit-jupiter-5.7.2.jar!/, jar:file:/C:/Users/User/.m2/repository/org/junit/jupiter/junit-jupiter-api/5.7.2/junit-jupiter-api-5.7.2.jar!/, jar:file:/C:/Users/User/.m2/repository/org/apiguardian/apiguardian-api/1.1.0/apiguardian-api-1.1.0.jar!/, jar:file:/C:/Users/User/.m2/repository/org/opentest4j/opentest4j/1.2.0/opentest4j-1.2.0.jar!/, jar:file:/C:/Users/User/.m2/repository/org/junit/platform/junit-platform-commons/1.7.2/junit-platform-commons-1.7.2.jar!/, jar:file:/C:/Users/User/.m2/repository/org/junit/jupiter/junit-jupiter-params/5.7.2/junit-jupiter-params-5.7.2.jar!/, jar:file:/C:/Users/User/.m2/repository/org/junit/jupiter/junit-jupiter-engine/5.7.2/junit-jupiter-engine-5.7.2.jar!/, jar:file:/C:/Users/User/.m2/repository/org/junit/platform/junit-platform-engine/1.7.2/junit-platform-engine-1.7.2.jar!/, jar:file:/C:/Users/User/.m2/repository/org/mockito/mockito-core/3.9.0/mockito-core-3.9.0.jar!/, jar:file:/C:/Users/User/.m2/repository/net/bytebuddy/byte-buddy-agent/1.10.22/byte-buddy-agent-1.10.22.jar!/, jar:file:/C:/Users/User/.m2/repository/org/objenesis/objenesis/3.2/objenesis-3.2.jar!/, jar:file:/C:/Users/User/.m2/repository/org/mockito/mockito-junit-jupiter/3.9.0/mockito-junit-jupiter-3.9.0.jar!/, jar:file:/C:/Users/User/.m2/repository/org/skyscreamer/jsonassert/1.5.0/jsonassert-1.5.0.jar!/, jar:file:/C:/Users/User/.m2/repository/com/vaadin/external/google/android-json/0.0.20131108.vaadin1/android-json-0.0.20131108.vaadin1.jar!/, jar:file:/C:/Users/User/.m2/repository/org/springframework/spring-core/5.3.9/spring-core-5.3.9.jar!/, jar:file:/C:/Users/User/.m2/repository/org/springframework/spring-jcl/5.3.9/spring-jcl-5.3.9.jar!/, jar:file:/C:/Users/User/.m2/repository/org/springframework/spring-test/5.3.9/spring-test-5.3.9.jar!/, jar:file:/C:/Users/User/.m2/repository/org/xmlunit/xmlunit-core/2.8.2/xmlunit-core-2.8.2.jar!/, jar:file:/C:/Users/User/.m2/repository/com/tngtech/archunit/archunit-junit5/1.1.0/archunit-junit5-1.1.0.jar!/, jar:file:/C:/Users/User/.m2/repository/com/tngtech/archunit/archunit-junit5-api/1.1.0/archunit-junit5-api-1.1.0.jar!/, jar:file:/C:/Users/User/.m2/repository/com/tngtech/archunit/archunit-junit5-engine/1.1.0/archunit-junit5-engine-1.1.0.jar!/, jar:file:/C:/Users/User/.m2/repository/com/tngtech/archunit/archunit-junit5-engine-api/1.1.0/archunit-junit5-engine-api-1.1.0.jar!/, jar:file:/C:/Users/User/.m2/repository/com/tngtech/archunit/archunit/1.1.0/archunit-1.1.0.jar!/, jar:file:/C:/Users/User/.m2/repository/org/slf4j/slf4j-api/1.7.32/slf4j-api-1.7.32.jar!/]
02:43:08.126 [main] DEBUG com.tngtech.archunit.core.importer.JavaClassProcessor - Processing class 'com/example/songs/service/SongService'
02:43:08.127 [main] DEBUG com.tngtech.archunit.core.importer.JavaClassProcessor - Processing class 'com/example/songs/SongManagerApplication'
02:43:08.128 [main] DEBUG com.tngtech.archunit.core.importer.JavaClassProcessor - Processing class 'com/example/songs/model/Song'
02:43:08.129 [main] DEBUG com.tngtech.archunit.core.importer.JavaClassProcessor - Processing class 'com/example/songs/controller/SongController'
02:43:08.129 [main] DEBUG com.tngtech.archunit.core.importer.JavaClassProcessor - Processing class 'com/example/songs/repository/SongRepository'
02:43:08.130 [main] DEBUG com.tngtech.archunit.core.importer.JavaClassProcessor - Processing class 'org/springframework/web/bind/annotation/PathVariable'
02:43:08.131 [main] DEBUG com.tngtech.archunit.core.importer.JavaClassProcessor - Processing class 'org/springframework/web/bind/annotation/RequestMapping'
02:43:08.131 [main] DEBUG com.tngtech.archunit.core.importer.JavaClassProcessor - Processing class 'org/springframework/http/ResponseEntity$BodyBuilder'
02:43:08.132 [main] DEBUG com.tngtech.archunit.core.importer.JavaClassProcessor - Processing class 'org/springframework/web/bind/annotation/RequestBody'
02:43:08.132 [main] DEBUG com.tngtech.archunit.core.importer.JavaClassProcessor - Processing class 'org/springframework/boot/SpringApplication'
02:43:08.134 [main] DEBUG com.tngtech.archunit.core.importer.JavaClassProcessor - Processing class 'org/springframework/web/bind/annotation/PutMapping'
02:43:08.135 [main] DEBUG com.tngtech.archunit.core.importer.JavaClassProcessor - Processing class 'java/lang/Long'
02:43:08.137 [main] DEBUG com.tngtech.archunit.core.importer.JavaClassProcessor - Processing class 'org/springframework/stereotype/Service'
02:43:08.137 [main] DEBUG com.tngtech.archunit.core.importer.JavaClassProcessor - Processing class 'org/springframework/web/bind/annotation/GetMapping'
02:43:08.137 [main] DEBUG com.tngtech.archunit.core.importer.JavaClassProcessor - Processing class 'java/lang/String'
02:43:08.139 [main] DEBUG com.tngtech.archunit.core.importer.JavaClassProcessor - Processing class 'org/springframework/web/bind/annotation/DeleteMapping'
02:43:08.139 [main] DEBUG com.tngtech.archunit.core.importer.JavaClassProcessor - Processing class 'javax/persistence/Id'
02:43:08.139 [main] DEBUG com.tngtech.archunit.core.importer.JavaClassProcessor - Processing class 'javax/persistence/Entity'
02:43:08.139 [main] DEBUG com.tngtech.archunit.core.importer.JavaClassProcessor - Processing class 'org/springframework/web/bind/annotation/PostMapping'
02:43:08.140 [main] DEBUG com.tngtech.archunit.core.importer.JavaClassProcessor - Processing class 'java/lang/Void'
02:43:08.141 [main] DEBUG com.tngtech.archunit.core.importer.JavaClassProcessor - Processing class 'org/springframework/boot/autoconfigure/SpringBootApplication'
02:43:08.141 [main] DEBUG com.tngtech.archunit.core.importer.JavaClassProcessor - Processing class 'java/lang/RuntimeException'
02:43:08.141 [main] DEBUG com.tngtech.archunit.core.importer.JavaClassProcessor - Processing class 'org/springframework/web/bind/annotation/RestController'
02:43:08.142 [main] DEBUG com.tngtech.archunit.core.importer.JavaClassProcessor - Processing class 'javax/persistence/GenerationType'
02:43:08.142 [main] DEBUG com.tngtech.archunit.core.importer.JavaClassProcessor - Processing class 'java/util/List'
02:43:08.143 [main] DEBUG com.tngtech.archunit.core.importer.JavaClassProcessor - Processing class 'javax/persistence/GeneratedValue'
02:43:08.143 [main] DEBUG com.tngtech.archunit.core.importer.JavaClassProcessor - Processing class 'java/util/Optional'
02:43:08.143 [main] DEBUG com.tngtech.archunit.core.importer.JavaClassProcessor - Processing class 'java/lang/Object'
02:43:08.144 [main] DEBUG com.tngtech.archunit.core.importer.JavaClassProcessor - Processing class 'org/springframework/http/ResponseEntity'
02:43:08.144 [main] DEBUG com.tngtech.archunit.core.importer.JavaClassProcessor - Processing class 'org/springframework/http/ResponseEntity$HeadersBuilder'
02:43:08.144 [main] DEBUG com.tngtech.archunit.core.importer.JavaClassProcessor - Processing class 'org/springframework/data/jpa/repository/JpaRepository'
02:43:08.145 [main] DEBUG com.tngtech.archunit.core.importer.JavaClassProcessor - Processing class 'java/lang/annotation/Inherited'
02:43:08.145 [main] DEBUG com.tngtech.archunit.core.importer.JavaClassProcessor - Processing class 'org/springframework/context/annotation/ComponentScan$Filter'
02:43:08.145 [main] DEBUG com.tngtech.archunit.core.importer.JavaClassProcessor - Processing class 'java/lang/Enum'
02:43:08.146 [main] DEBUG com.tngtech.archunit.core.importer.JavaClassProcessor - Processing class 'org/springframework/context/ConfigurableApplicationContext'
02:43:08.146 [main] DEBUG com.tngtech.archunit.core.importer.JavaClassProcessor - Processing class 'java/lang/annotation/Documented'
02:43:08.146 [main] DEBUG com.tngtech.archunit.core.importer.JavaClassProcessor - Processing class 'java/lang/CharSequence'
02:43:08.146 [main] DEBUG com.tngtech.archunit.core.importer.JavaClassProcessor - Processing class 'org/springframework/data/repository/PagingAndSortingRepository'
02:43:08.147 [main] DEBUG com.tngtech.archunit.core.importer.JavaClassProcessor - Processing class 'org/springframework/http/HttpHeaders'
02:43:08.148 [main] DEBUG com.tngtech.archunit.core.importer.JavaClassProcessor - Processing class 'java/util/Collection'
02:43:08.149 [main] DEBUG com.tngtech.archunit.core.importer.JavaClassProcessor - Processing class 'org/springframework/web/bind/annotation/RequestMethod'
02:43:08.149 [main] DEBUG com.tngtech.archunit.core.importer.JavaClassProcessor - Processing class 'org/springframework/context/ApplicationListener'
02:43:08.150 [main] DEBUG com.tngtech.archunit.core.importer.JavaClassProcessor - Processing class 'java/lang/Exception'
02:43:08.150 [main] DEBUG com.tngtech.archunit.core.importer.JavaClassProcessor - Processing class 'java/io/Serializable'
02:43:08.150 [main] DEBUG com.tngtech.archunit.core.importer.JavaClassProcessor - Processing class 'org/springframework/context/annotation/Configuration'
02:43:08.150 [main] DEBUG com.tngtech.archunit.core.importer.JavaClassProcessor - Processing class 'org/springframework/http/HttpEntity'
02:43:08.150 [main] DEBUG com.tngtech.archunit.core.importer.JavaClassProcessor - Processing class 'org/springframework/beans/factory/support/BeanNameGenerator'
02:43:08.150 [main] DEBUG com.tngtech.archunit.core.importer.JavaClassProcessor - Processing class 'org/springframework/boot/SpringBootExceptionReporter'
02:43:08.151 [main] DEBUG com.tngtech.archunit.core.importer.JavaClassProcessor - Processing class 'java/lang/annotation/Annotation'
02:43:08.151 [main] DEBUG com.tngtech.archunit.core.importer.JavaClassProcessor - Processing class 'java/lang/Throwable'
02:43:08.151 [main] DEBUG com.tngtech.archunit.core.importer.JavaClassProcessor - Processing class 'org/springframework/boot/autoconfigure/AutoConfigurationExcludeFilter'
02:43:08.152 [main] DEBUG com.tngtech.archunit.core.importer.JavaClassProcessor - Processing class 'org/springframework/stereotype/Controller'
02:43:08.152 [main] DEBUG com.tngtech.archunit.core.importer.JavaClassProcessor - Processing class 'org/springframework/boot/context/TypeExcludeFilter'
02:43:08.152 [main] DEBUG com.tngtech.archunit.core.importer.JavaClassProcessor - Processing class 'java/lang/annotation/Retention'
02:43:08.152 [main] DEBUG com.tngtech.archunit.core.importer.JavaClassProcessor - Processing class 'org/springframework/data/repository/NoRepositoryBean'
02:43:08.152 [main] DEBUG com.tngtech.archunit.core.importer.JavaClassProcessor - Processing class 'org/springframework/boot/BootstrapRegistryInitializer'
02:43:08.152 [main] DEBUG com.tngtech.archunit.core.importer.JavaClassProcessor - Processing class 'jdk/internal/HotSpotIntrinsicCandidate'
02:43:08.153 [main] DEBUG com.tngtech.archunit.core.importer.JavaClassProcessor - Processing class 'org/springframework/lang/Nullable'
02:43:08.153 [main] DEBUG com.tngtech.archunit.core.importer.JavaClassProcessor - Processing class 'java/lang/Number'
02:43:08.153 [main] DEBUG com.tngtech.archunit.core.importer.JavaClassProcessor - Processing class 'org/springframework/context/annotation/FilterType'
02:43:08.153 [main] DEBUG com.tngtech.archunit.core.importer.JavaClassProcessor - Processing class 'org/springframework/core/annotation/AliasFor'
02:43:08.153 [main] DEBUG com.tngtech.archunit.core.importer.JavaClassProcessor - Processing class 'java/lang/SafeVarargs'
02:43:08.154 [main] DEBUG com.tngtech.archunit.core.importer.JavaClassProcessor - Processing class 'jdk/internal/vm/annotation/Stable'
02:43:08.154 [main] DEBUG com.tngtech.archunit.core.importer.JavaClassProcessor - Processing class 'org/springframework/boot/autoconfigure/EnableAutoConfiguration'
02:43:08.154 [main] DEBUG com.tngtech.archunit.core.importer.JavaClassProcessor - Processing class 'java/lang/Deprecated'
02:43:08.154 [main] DEBUG com.tngtech.archunit.core.importer.JavaClassProcessor - Processing class 'java/lang/annotation/Target'
02:43:08.154 [main] DEBUG com.tngtech.archunit.core.importer.JavaClassProcessor - Processing class 'org/springframework/core/env/StandardEnvironment'
02:43:08.154 [main] DEBUG com.tngtech.archunit.core.importer.JavaClassProcessor - Processing class 'java/lang/annotation/ElementType'
02:43:08.154 [main] DEBUG com.tngtech.archunit.core.importer.JavaClassProcessor - Processing class 'org/springframework/web/bind/annotation/ResponseBody'
02:43:08.155 [main] DEBUG com.tngtech.archunit.core.importer.JavaClassProcessor - Processing class 'org/springframework/context/annotation/ComponentScan'
02:43:08.155 [main] DEBUG com.tngtech.archunit.core.importer.JavaClassProcessor - Processing class 'org/springframework/data/repository/query/QueryByExampleExecutor'
02:43:08.155 [main] DEBUG com.tngtech.archunit.core.importer.JavaClassProcessor - Processing class 'org/springframework/stereotype/Component'
02:43:08.155 [main] DEBUG com.tngtech.archunit.core.importer.JavaClassProcessor - Processing class 'org/springframework/boot/SpringBootConfiguration'
02:43:08.156 [main] DEBUG com.tngtech.archunit.core.importer.JavaClassProcessor - Processing class 'java/lang/Class'
02:43:08.157 [main] DEBUG com.tngtech.archunit.core.importer.JavaClassProcessor - Processing class 'java/lang/Comparable'
02:43:08.158 [main] DEBUG com.tngtech.archunit.core.importer.JavaClassProcessor - Processing class 'org/springframework/context/ApplicationContextInitializer'
02:43:08.158 [main] DEBUG com.tngtech.archunit.core.importer.JavaClassProcessor - Processing class 'java/lang/annotation/RetentionPolicy'
02:43:08.158 [main] DEBUG com.tngtech.archunit.core.importer.JavaClassProcessor - Processing class 'org/springframework/web/bind/annotation/Mapping'
02:43:08.158 [main] DEBUG com.tngtech.archunit.core.importer.JavaClassProcessor - Processing class 'org/springframework/core/type/filter/TypeFilter'
02:43:08.159 [main] DEBUG com.tngtech.archunit.core.importer.JavaClassProcessor - Processing class 'java/util/Locale'
02:43:08.160 [main] DEBUG com.tngtech.archunit.core.importer.JavaClassProcessor - Processing class 'java/lang/reflect/Method'
02:43:08.161 [main] DEBUG com.tngtech.archunit.core.importer.JavaClassProcessor - Processing class 'org/springframework/context/PayloadApplicationEvent'
02:43:08.161 [main] DEBUG com.tngtech.archunit.core.importer.JavaClassProcessor - Processing class 'org/springframework/boot/autoconfigure/AutoConfigurationImportSelector'
02:43:08.162 [main] DEBUG com.tngtech.archunit.core.importer.JavaClassProcessor - Processing class 'jdk/internal/vm/annotation/ForceInline'
02:43:08.163 [main] DEBUG com.tngtech.archunit.core.importer.JavaClassProcessor - Processing class 'org/springframework/http/MediaType'
02:43:08.163 [main] DEBUG com.tngtech.archunit.core.importer.JavaClassProcessor - Processing class 'java/util/Locale$LanguageRange'
02:43:08.164 [main] DEBUG com.tngtech.archunit.core.importer.JavaClassProcessor - Processing class 'java/util/EventListener'
02:43:08.164 [main] DEBUG com.tngtech.archunit.core.importer.JavaClassProcessor - Processing class 'java/lang/Class$ReflectionData'
02:43:08.164 [main] DEBUG com.tngtech.archunit.core.importer.JavaClassProcessor - Processing class 'java/lang/reflect/Type'
02:43:08.164 [main] DEBUG com.tngtech.archunit.core.importer.JavaClassProcessor - Processing class 'jdk/internal/reflect/CallerSensitive'
02:43:08.164 [main] DEBUG com.tngtech.archunit.core.importer.JavaClassProcessor - Processing class 'org/springframework/beans/factory/BeanClassLoaderAware'
02:43:08.164 [main] DEBUG com.tngtech.archunit.core.importer.JavaClassProcessor - Processing class 'org/springframework/context/annotation/AnnotationScopeMetadataResolver'
02:43:08.165 [main] DEBUG com.tngtech.archunit.core.importer.JavaClassProcessor - Processing class 'java/lang/reflect/AnnotatedElement'
02:43:08.165 [main] DEBUG com.tngtech.archunit.core.importer.JavaClassProcessor - Processing class 'org/springframework/boot/autoconfigure/AutoConfigurationPackage'
02:43:08.165 [main] DEBUG com.tngtech.archunit.core.importer.JavaClassProcessor - Processing class 'org/springframework/data/repository/CrudRepository'
02:43:08.165 [main] DEBUG com.tngtech.archunit.core.importer.JavaClassProcessor - Processing class 'java/lang/Iterable'
02:43:08.165 [main] DEBUG com.tngtech.archunit.core.importer.JavaClassProcessor - Processing class 'java/lang/FunctionalInterface'
02:43:08.166 [main] DEBUG com.tngtech.archunit.core.importer.JavaClassProcessor - Processing class 'java/nio/charset/Charset'
02:43:08.166 [main] DEBUG com.tngtech.archunit.core.importer.JavaClassProcessor - Processing class 'java/lang/annotation/Repeatable'
02:43:08.166 [main] DEBUG com.tngtech.archunit.core.importer.JavaClassProcessor - Processing class 'org/springframework/beans/factory/BeanFactoryAware'
02:43:08.167 [main] DEBUG com.tngtech.archunit.core.importer.JavaClassProcessor - Processing class 'org/springframework/context/annotation/ComponentScans'
02:43:08.167 [main] DEBUG com.tngtech.archunit.core.importer.JavaClassProcessor - Processing class 'org/springframework/stereotype/Indexed'
02:43:08.167 [main] DEBUG com.tngtech.archunit.core.importer.JavaClassProcessor - Processing class 'java/lang/reflect/GenericDeclaration'
02:43:08.167 [main] DEBUG com.tngtech.archunit.core.importer.JavaClassProcessor - Processing class 'java/util/Map$Entry'
02:43:08.168 [main] DEBUG com.tngtech.archunit.core.importer.JavaClassProcessor - Processing class 'org/springframework/http/HttpMethod'
02:43:08.168 [main] DEBUG com.tngtech.archunit.core.importer.JavaClassProcessor - Processing class 'org/springframework/context/annotation/ScopedProxyMode'
02:43:08.168 [main] DEBUG com.tngtech.archunit.core.importer.JavaClassProcessor - Processing class 'org/springframework/util/MultiValueMap'
02:43:08.169 [main] DEBUG com.tngtech.archunit.core.importer.JavaClassProcessor - Processing class 'org/springframework/context/annotation/Import'
02:43:08.169 [main] DEBUG com.tngtech.archunit.core.importer.JavaClassProcessor - Processing class 'org/springframework/http/HttpRange'
02:43:08.169 [main] DEBUG com.tngtech.archunit.core.importer.JavaClassProcessor - Processing class 'java/lang/reflect/Field'
02:43:08.170 [main] DEBUG com.tngtech.archunit.core.importer.JavaClassProcessor - Processing class 'org/springframework/context/ApplicationContext'
02:43:08.170 [main] DEBUG com.tngtech.archunit.core.importer.JavaClassProcessor - Processing class 'org/springframework/context/Lifecycle'
02:43:08.170 [main] DEBUG com.tngtech.archunit.core.importer.JavaClassProcessor - Processing class 'org/springframework/context/ApplicationEvent'
02:43:08.170 [main] DEBUG com.tngtech.archunit.core.importer.JavaClassProcessor - Processing class 'org/springframework/context/annotation/ScopeMetadataResolver'
02:43:08.171 [main] DEBUG com.tngtech.archunit.core.importer.JavaClassProcessor - Processing class 'java/io/Closeable'
02:43:08.171 [main] DEBUG com.tngtech.archunit.core.importer.JavaClassProcessor - Processing class 'org/springframework/core/env/AbstractEnvironment'
02:43:08.172 [main] DEBUG com.tngtech.archunit.core.importer.JavaClassProcessor - Processing class 'org/springframework/beans/factory/HierarchicalBeanFactory'
02:43:08.172 [main] DEBUG com.tngtech.archunit.core.importer.JavaClassProcessor - Processing class 'org/springframework/boot/autoconfigure/AutoConfigurationImportListener'
02:43:08.172 [main] DEBUG com.tngtech.archunit.core.importer.JavaClassProcessor - Processing class 'java/nio/charset/spi/CharsetProvider'
02:43:08.172 [main] DEBUG com.tngtech.archunit.core.importer.JavaClassProcessor - Processing class 'java/lang/AutoCloseable'
02:43:08.172 [main] DEBUG com.tngtech.archunit.core.importer.JavaClassProcessor - Processing class 'java/util/EventObject'
02:43:08.172 [main] DEBUG com.tngtech.archunit.core.importer.JavaClassProcessor - Processing class 'org/springframework/util/MimeType'
02:43:08.173 [main] DEBUG com.tngtech.archunit.core.importer.JavaClassProcessor - Processing class 'java/lang/Character'
02:43:08.174 [main] DEBUG com.tngtech.archunit.core.importer.JavaClassProcessor - Processing class 'org/springframework/data/repository/Repository'
02:43:08.175 [main] DEBUG com.tngtech.archunit.core.importer.JavaClassProcessor - Processing class 'java/util/Map'
02:43:08.175 [main] DEBUG com.tngtech.archunit.core.importer.JavaClassProcessor - Processing class 'org/springframework/context/ApplicationEventPublisher'
02:43:08.175 [main] DEBUG com.tngtech.archunit.core.importer.JavaClassProcessor - Processing class 'java/lang/reflect/Executable'
02:43:08.176 [main] DEBUG com.tngtech.archunit.core.importer.JavaClassProcessor - Processing class 'org/springframework/boot/autoconfigure/AutoConfigurationPackages$Registrar'
02:43:08.176 [main] DEBUG com.tngtech.archunit.core.importer.JavaClassProcessor - Processing class 'java/lang/Cloneable'
02:43:08.176 [main] DEBUG com.tngtech.archunit.core.importer.JavaClassProcessor - Processing class 'java/lang/ThreadLocal'
02:43:08.177 [main] DEBUG com.tngtech.archunit.core.importer.JavaClassProcessor - Processing class 'java/lang/reflect/Member'
02:43:08.177 [main] DEBUG com.tngtech.archunit.core.importer.JavaClassProcessor - Processing class 'sun/util/locale/LocaleExtensions'
02:43:08.177 [main] DEBUG com.tngtech.archunit.core.importer.JavaClassProcessor - Processing class 'org/springframework/beans/factory/ListableBeanFactory'
02:43:08.178 [main] DEBUG com.tngtech.archunit.core.importer.JavaClassProcessor - Processing class 'org/springframework/core/Ordered'
02:43:08.178 [main] DEBUG com.tngtech.archunit.core.importer.JavaClassProcessor - Processing class 'org/springframework/context/annotation/DeferredImportSelector'
02:43:08.178 [main] DEBUG com.tngtech.archunit.core.importer.JavaClassProcessor - Processing class 'org/springframework/beans/factory/Aware'
02:43:08.178 [main] DEBUG com.tngtech.archunit.core.importer.JavaClassProcessor - Processing class 'org/springframework/core/ResolvableTypeProvider'
02:43:08.178 [main] DEBUG com.tngtech.archunit.core.importer.JavaClassProcessor - Processing class 'org/springframework/core/io/support/ResourceRegion'
02:43:08.179 [main] DEBUG com.tngtech.archunit.core.importer.JavaClassProcessor - Processing class 'org/springframework/boot/autoconfigure/AutoConfigurationImportFilter'
02:43:08.179 [main] DEBUG com.tngtech.archunit.core.importer.JavaClassProcessor - Processing class 'org/springframework/core/env/ConfigurableEnvironment'
02:43:08.179 [main] DEBUG com.tngtech.archunit.core.importer.JavaClassProcessor - Processing class 'org/springframework/core/env/EnvironmentCapable'
02:43:08.179 [main] DEBUG com.tngtech.archunit.core.importer.JavaClassProcessor - Processing class 'org/springframework/context/MessageSource'
02:43:08.179 [main] DEBUG com.tngtech.archunit.core.importer.JavaClassProcessor - Processing class 'java/lang/reflect/AccessibleObject'
02:43:08.180 [main] DEBUG com.tngtech.archunit.core.importer.JavaClassProcessor - Processing class 'org/springframework/context/ResourceLoaderAware'
02:43:08.180 [main] DEBUG com.tngtech.archunit.core.importer.JavaClassProcessor - Processing class 'org/springframework/context/annotation/DeferredImportSelector$Group'
02:43:08.181 [main] DEBUG com.tngtech.archunit.core.importer.JavaClassProcessor - Processing class 'org/springframework/context/EnvironmentAware'
02:43:08.181 [main] DEBUG com.tngtech.archunit.core.importer.JavaClassProcessor - Processing class 'org/springframework/core/io/support/ResourcePatternResolver'
02:43:08.181 [main] DEBUG com.tngtech.archunit.core.importer.JavaClassProcessor - Processing class 'sun/util/locale/Extension'
02:43:08.181 [main] DEBUG com.tngtech.archunit.core.importer.JavaClassProcessor - Processing class 'org/springframework/core/env/ConfigurablePropertyResolver'
02:43:08.181 [main] DEBUG com.tngtech.archunit.core.importer.JavaClassProcessor - Processing class 'org/springframework/context/annotation/DeferredImportSelector$Group$Entry'
02:43:08.182 [main] DEBUG com.tngtech.archunit.core.importer.JavaClassProcessor - Processing class 'org/springframework/context/annotation/ImportBeanDefinitionRegistrar'
02:43:08.182 [main] DEBUG com.tngtech.archunit.core.importer.JavaClassProcessor - Processing class 'org/springframework/context/annotation/ImportSelector'
02:43:08.182 [main] DEBUG com.tngtech.archunit.core.importer.JavaClassProcessor - Processing class 'org/springframework/core/io/ResourceLoader'
02:43:08.182 [main] DEBUG com.tngtech.archunit.core.importer.JavaClassProcessor - Processing class 'org/springframework/boot/autoconfigure/AutoConfigurationPackages'
02:43:08.182 [main] DEBUG com.tngtech.archunit.core.importer.JavaClassProcessor - Processing class 'org/springframework/boot/context/annotation/DeterminableImports'
02:43:08.183 [main] DEBUG com.tngtech.archunit.core.importer.JavaClassProcessor - Processing class 'org/springframework/core/env/Environment'
02:43:08.183 [main] DEBUG com.tngtech.archunit.core.importer.JavaClassProcessor - Processing class 'org/springframework/beans/factory/BeanFactory'
02:43:08.183 [main] DEBUG com.tngtech.archunit.core.importer.JavaClassProcessor - Processing class 'sun/util/locale/InternalLocaleBuilder$CaseInsensitiveString'
02:43:08.183 [main] DEBUG com.tngtech.archunit.core.importer.JavaClassProcessor - Processing class 'sun/util/locale/InternalLocaleBuilder$CaseInsensitiveChar'
02:43:08.183 [main] DEBUG com.tngtech.archunit.core.importer.JavaClassProcessor - Processing class 'org/springframework/core/env/PropertyResolver'
02:43:08.183 [main] DEBUG com.tngtech.archunit.core.importer.JavaClassProcessor - Processing class 'sun/util/locale/InternalLocaleBuilder'
02:43:08.185 [main] DEBUG com.tngtech.archunit.core.importer.JavaClassProcessor - Processing class 'java/io/IOException'
02:43:08.185 [main] DEBUG com.tngtech.archunit.core.importer.JavaClassProcessor - Processing class 'java/util/stream/IntStream'
02:43:08.188 [main] DEBUG com.tngtech.archunit.core.importer.JavaClassProcessor - Processing class 'java/lang/ClassLoader'
02:43:08.189 [main] DEBUG com.tngtech.archunit.core.importer.JavaClassProcessor - Processing class 'java/security/ProtectionDomain'
02:43:08.190 [main] DEBUG com.tngtech.archunit.core.importer.JavaClassProcessor - Processing class 'java/io/ObjectStreamField'
02:43:08.190 [main] DEBUG com.tngtech.archunit.core.importer.JavaClassProcessor - Processing class 'java/lang/Class$AnnotationData'
02:43:08.191 [main] DEBUG com.tngtech.archunit.core.importer.JavaClassProcessor - Processing class 'java/lang/ClassValue$ClassValueMap'
02:43:08.191 [main] DEBUG com.tngtech.archunit.core.importer.JavaClassProcessor - Processing class 'java/lang/ref/SoftReference'
02:43:08.191 [main] DEBUG com.tngtech.archunit.core.importer.JavaClassProcessor - Processing class 'jdk/internal/reflect/ReflectionFactory'
02:43:08.192 [main] DEBUG com.tngtech.archunit.core.importer.JavaClassProcessor - Processing class 'sun/reflect/generics/repository/ClassRepository'
02:43:08.192 [main] DEBUG com.tngtech.archunit.core.importer.JavaClassProcessor - Processing class 'java/lang/Module'
02:43:08.193 [main] DEBUG com.tngtech.archunit.core.importer.JavaClassProcessor - Processing class 'java/lang/reflect/Constructor'
02:43:08.194 [main] DEBUG com.tngtech.archunit.core.importer.JavaClassProcessor - Processing class 'sun/reflect/annotation/AnnotationType'
02:43:08.194 [main] DEBUG com.tngtech.archunit.core.importer.JavaClassProcessor - Processing class 'java/lang/ClassNotFoundException'
02:43:08.194 [main] DEBUG com.tngtech.archunit.core.importer.JavaClassProcessor - Processing class 'java/lang/SecurityException'
02:43:08.195 [main] DEBUG com.tngtech.archunit.core.importer.JavaClassProcessor - Processing class 'java/net/URL'
02:43:08.196 [main] DEBUG com.tngtech.archunit.core.importer.JavaClassProcessor - Processing class 'java/lang/NoSuchMethodException'
02:43:08.196 [main] DEBUG com.tngtech.archunit.core.importer.JavaClassProcessor - Processing class 'java/lang/SecurityManager'
02:43:08.198 [main] DEBUG com.tngtech.archunit.core.importer.JavaClassProcessor - Processing class 'jdk/internal/reflect/ConstantPool'
02:43:08.198 [main] DEBUG com.tngtech.archunit.core.importer.JavaClassProcessor - Processing class 'java/lang/reflect/AnnotatedType'
02:43:08.198 [main] DEBUG com.tngtech.archunit.core.importer.JavaClassProcessor - Processing class 'java/lang/reflect/TypeVariable'
02:43:08.199 [main] DEBUG com.tngtech.archunit.core.importer.JavaClassProcessor - Processing class 'java/lang/NoSuchFieldException'
02:43:08.199 [main] DEBUG com.tngtech.archunit.core.importer.JavaClassProcessor - Processing class 'java/lang/Package'
02:43:08.200 [main] DEBUG com.tngtech.archunit.core.importer.JavaClassProcessor - Processing class 'java/lang/InstantiationException'
02:43:08.200 [main] DEBUG com.tngtech.archunit.core.importer.JavaClassProcessor - Processing class 'java/lang/IllegalAccessException'
02:43:08.200 [main] DEBUG com.tngtech.archunit.core.importer.JavaClassProcessor - Processing class 'sun/reflect/generics/factory/GenericsFactory'
02:43:08.200 [main] DEBUG com.tngtech.archunit.core.importer.JavaClassProcessor - Processing class 'java/lang/PublicMethods$MethodList'
02:43:08.200 [main] DEBUG com.tngtech.archunit.core.importer.JavaClassProcessor - Processing class 'java/io/InputStream'
02:43:08.201 [main] DEBUG com.tngtech.archunit.core.importer.JavaClassProcessor - Processing class 'java/lang/Class$EnclosingMethodInfo'
02:43:08.202 [main] DEBUG com.tngtech.archunit.core.importer.JavaClassProcessor - Processing class 'java/io/ObjectInputStream'
02:43:08.203 [main] DEBUG com.tngtech.archunit.core.importer.JavaClassProcessor - Processing class 'java/io/ObjectStreamException'
02:43:08.203 [main] DEBUG com.tngtech.archunit.core.importer.JavaClassProcessor - Processing class 'java/lang/CloneNotSupportedException'
02:43:08.204 [main] DEBUG com.tngtech.archunit.core.importer.JavaClassProcessor - Processing class 'java/util/function/Consumer'
02:43:08.204 [main] DEBUG com.tngtech.archunit.core.importer.JavaClassProcessor - Processing class 'java/util/Iterator'
02:43:08.204 [main] DEBUG com.tngtech.archunit.core.importer.JavaClassProcessor - Processing class 'java/util/Spliterator'
02:43:08.204 [main] DEBUG com.tngtech.archunit.core.importer.JavaClassProcessor - Processing class 'java/lang/NumberFormatException'
02:43:08.205 [main] DEBUG com.tngtech.archunit.core.importer.JavaClassProcessor - Processing class 'java/math/BigInteger'
02:43:08.209 [main] DEBUG com.tngtech.archunit.core.importer.JavaClassProcessor - Processing class 'java/lang/InterruptedException'
02:43:08.209 [main] DEBUG com.tngtech.archunit.core.importer.JavaClassProcessor - Processing class 'java/util/Comparator'
02:43:08.210 [main] DEBUG com.tngtech.archunit.core.importer.JavaClassProcessor - Processing class 'java/lang/StringBuffer'
02:43:08.211 [main] DEBUG com.tngtech.archunit.core.importer.JavaClassProcessor - Processing class 'java/lang/AbstractStringBuilder'
02:43:08.212 [main] DEBUG com.tngtech.archunit.core.importer.JavaClassProcessor - Processing class 'java/util/stream/Stream'
02:43:08.213 [main] DEBUG com.tngtech.archunit.core.importer.JavaClassProcessor - Processing class 'java/io/UnsupportedEncodingException'
02:43:08.213 [main] DEBUG com.tngtech.archunit.core.importer.JavaClassProcessor - Processing class 'java/lang/StringBuilder'
02:43:08.214 [main] DEBUG com.tngtech.archunit.core.importer.JavaClassProcessor - Processing class 'java/util/concurrent/atomic/AtomicInteger'
02:43:08.215 [main] DEBUG com.tngtech.archunit.core.importer.JavaClassProcessor - Processing class 'java/util/function/Supplier'
02:43:08.215 [main] DEBUG com.tngtech.archunit.core.importer.JavaClassProcessor - Processing class 'java/lang/ThreadLocal$ThreadLocalMap'
02:43:08.215 [main] DEBUG com.tngtech.archunit.core.importer.JavaClassProcessor - Processing class 'java/lang/Thread'
02:43:08.217 [main] DEBUG com.tngtech.archunit.core.importer.JavaClassProcessor - Processing class 'java/lang/StackTraceElement'
02:43:08.217 [main] DEBUG com.tngtech.archunit.core.importer.JavaClassProcessor - Processing class 'java/io/PrintStream'
02:43:08.218 [main] DEBUG com.tngtech.archunit.core.importer.JavaClassProcessor - Processing class 'java/lang/Throwable$PrintStreamOrWriter'
02:43:08.218 [main] DEBUG com.tngtech.archunit.core.importer.JavaClassProcessor - Processing class 'java/util/Set'
02:43:08.219 [main] DEBUG com.tngtech.archunit.core.importer.JavaClassProcessor - Processing class 'java/io/ObjectOutputStream'
02:43:08.219 [main] DEBUG com.tngtech.archunit.core.importer.JavaClassProcessor - Processing class 'java/io/PrintWriter'
02:43:08.222 [main] DEBUG com.tngtech.archunit.core.importer.JavaClassProcessor - Processing class 'java/lang/reflect/Parameter'
02:43:08.223 [main] DEBUG com.tngtech.archunit.core.importer.JavaClassProcessor - Processing class 'sun/reflect/generics/repository/ConstructorRepository'
02:43:08.224 [main] DEBUG com.tngtech.archunit.core.importer.JavaClassProcessor - Processing class 'sun/reflect/generics/repository/FieldRepository'
02:43:08.224 [main] DEBUG com.tngtech.archunit.core.importer.JavaClassProcessor - Processing class 'jdk/internal/reflect/FieldAccessor'
02:43:08.224 [main] DEBUG com.tngtech.archunit.core.importer.JavaClassProcessor - Processing class 'java/lang/IllegalArgumentException'
02:43:08.225 [main] DEBUG com.tngtech.archunit.core.importer.JavaClassProcessor - Processing class 'jdk/internal/reflect/MethodAccessor'
02:43:08.225 [main] DEBUG com.tngtech.archunit.core.importer.JavaClassProcessor - Processing class 'sun/reflect/generics/repository/MethodRepository'
02:43:08.225 [main] DEBUG com.tngtech.archunit.core.importer.JavaClassProcessor - Processing class 'java/lang/reflect/InvocationTargetException'
02:43:08.226 [main] DEBUG com.tngtech.archunit.core.importer.JavaClassProcessor - Processing class 'java/nio/ByteBuffer'
02:43:08.226 [main] DEBUG com.tngtech.archunit.core.importer.JavaClassProcessor - Processing class 'java/nio/CharBuffer'
02:43:08.227 [main] DEBUG com.tngtech.archunit.core.importer.JavaClassProcessor - Processing class 'java/util/SortedMap'
02:43:08.227 [main] DEBUG com.tngtech.archunit.core.importer.JavaClassProcessor - Processing class 'java/nio/charset/CharsetDecoder'
02:43:08.227 [main] DEBUG com.tngtech.archunit.core.importer.JavaClassProcessor - Processing class 'java/nio/charset/CharsetEncoder'
02:43:08.228 [main] DEBUG com.tngtech.archunit.core.importer.JavaClassProcessor - Processing class 'java/util/function/Predicate'
02:43:08.228 [main] DEBUG com.tngtech.archunit.core.importer.JavaClassProcessor - Processing class 'java/util/function/IntFunction'
02:43:08.229 [main] DEBUG com.tngtech.archunit.core.importer.JavaClassProcessor - Processing class 'java/util/ListIterator'
02:43:08.229 [main] DEBUG com.tngtech.archunit.core.importer.JavaClassProcessor - Processing class 'java/util/function/UnaryOperator'
02:43:08.229 [main] DEBUG com.tngtech.archunit.core.importer.JavaClassProcessor - Processing class 'java/util/Locale$Cache'
02:43:08.230 [main] DEBUG com.tngtech.archunit.core.importer.JavaClassProcessor - Processing class 'sun/util/locale/BaseLocale'
02:43:08.230 [main] DEBUG com.tngtech.archunit.core.importer.JavaClassProcessor - Processing class 'java/util/MissingResourceException'
02:43:08.230 [main] DEBUG com.tngtech.archunit.core.importer.JavaClassProcessor - Processing class 'java/util/Locale$Category'
02:43:08.230 [main] DEBUG com.tngtech.archunit.core.importer.JavaClassProcessor - Processing class 'sun/util/locale/provider/LocaleResources'
02:43:08.231 [main] DEBUG com.tngtech.archunit.core.importer.JavaClassProcessor - Processing class 'java/util/Locale$FilteringMode'
02:43:08.231 [main] DEBUG com.tngtech.archunit.core.importer.JavaClassProcessor - Processing class 'java/util/Locale$IsoCountryCode'
02:43:08.232 [main] DEBUG com.tngtech.archunit.core.importer.JavaClassProcessor - Processing class 'java/util/function/BiConsumer'
02:43:08.232 [main] DEBUG com.tngtech.archunit.core.importer.JavaClassProcessor - Processing class 'java/util/function/Function'
02:43:08.232 [main] DEBUG com.tngtech.archunit.core.importer.JavaClassProcessor - Processing class 'java/util/function/BiFunction'
02:43:08.233 [main] DEBUG com.tngtech.archunit.core.importer.JavaClassProcessor - Processing class 'java/lang/invoke/SerializedLambda'
02:43:08.234 [main] DEBUG com.tngtech.archunit.core.importer.JavaClassProcessor - Processing class 'java/lang/Runnable'
02:43:08.235 [main] DEBUG com.tngtech.archunit.core.importer.JavaClassProcessor - Processing class 'org/springframework/core/ResolvableType'
02:43:08.236 [main] DEBUG com.tngtech.archunit.core.importer.JavaClassProcessor - Processing class 'org/springframework/beans/factory/NoSuchBeanDefinitionException'
02:43:08.237 [main] DEBUG com.tngtech.archunit.core.importer.JavaClassProcessor - Processing class 'org/springframework/beans/BeansException'
02:43:08.237 [main] DEBUG com.tngtech.archunit.core.importer.JavaClassProcessor - Processing class 'org/springframework/beans/factory/ObjectProvider'
02:43:08.238 [main] DEBUG com.tngtech.archunit.core.importer.JavaClassProcessor - Processing class 'org/springframework/beans/factory/config/BeanDefinition'
02:43:08.238 [main] DEBUG com.tngtech.archunit.core.importer.JavaClassProcessor - Processing class 'org/springframework/beans/factory/support/BeanDefinitionRegistry'
02:43:08.239 [main] DEBUG com.tngtech.archunit.core.importer.JavaClassProcessor - Processing class 'org/springframework/boot/BootstrapRegistry'
02:43:08.239 [main] DEBUG com.tngtech.archunit.core.importer.JavaClassProcessor - Processing class 'org/springframework/core/metrics/ApplicationStartup'
02:43:08.239 [main] DEBUG com.tngtech.archunit.core.importer.JavaClassProcessor - Processing class 'org/springframework/boot/Banner'
02:43:08.239 [main] DEBUG com.tngtech.archunit.core.importer.JavaClassProcessor - Processing class 'org/springframework/boot/WebApplicationType'
02:43:08.240 [main] DEBUG com.tngtech.archunit.core.importer.JavaClassProcessor - Processing class 'org/springframework/boot/Banner$Mode'
02:43:08.240 [main] DEBUG com.tngtech.archunit.core.importer.JavaClassProcessor - Processing class 'org/apache/commons/logging/Log'
02:43:08.241 [main] DEBUG com.tngtech.archunit.core.importer.JavaClassProcessor - Processing class 'org/springframework/boot/ApplicationContextFactory'
02:43:08.241 [main] DEBUG com.tngtech.archunit.core.importer.JavaClassProcessor - Processing class 'org/springframework/boot/SpringApplicationShutdownHook'
02:43:08.242 [main] DEBUG com.tngtech.archunit.core.importer.JavaClassProcessor - Processing class 'org/springframework/boot/Bootstrapper'
02:43:08.242 [main] DEBUG com.tngtech.archunit.core.importer.JavaClassProcessor - Processing class 'org/springframework/boot/SpringApplicationRunListeners'
02:43:08.243 [main] DEBUG com.tngtech.archunit.core.importer.JavaClassProcessor - Processing class 'org/springframework/boot/SpringApplicationShutdownHandlers'
02:43:08.243 [main] DEBUG com.tngtech.archunit.core.importer.JavaClassProcessor - Processing class 'org/springframework/boot/ApplicationRunner'
02:43:08.243 [main] DEBUG com.tngtech.archunit.core.importer.JavaClassProcessor - Processing class 'org/springframework/boot/ApplicationArguments'
02:43:08.243 [main] DEBUG com.tngtech.archunit.core.importer.JavaClassProcessor - Processing class 'org/springframework/boot/DefaultBootstrapContext'
02:43:08.245 [main] DEBUG com.tngtech.archunit.core.importer.JavaClassProcessor - Processing class 'org/springframework/boot/ExitCodeGenerator'
02:43:08.245 [main] DEBUG com.tngtech.archunit.core.importer.JavaClassProcessor - Processing class 'org/springframework/boot/CommandLineRunner'
02:43:08.245 [main] DEBUG com.tngtech.archunit.core.importer.JavaClassProcessor - Processing class 'java/util/Properties'
02:43:08.247 [main] DEBUG com.tngtech.archunit.core.importer.JavaClassProcessor - Processing class 'org/springframework/boot/BeanDefinitionLoader'
02:43:08.248 [main] DEBUG com.tngtech.archunit.core.importer.JavaClassProcessor - Processing class 'org/springframework/boot/SpringBootExceptionHandler'
02:43:08.249 [main] DEBUG com.tngtech.archunit.core.importer.JavaClassProcessor - Processing class 'org/springframework/core/type/classreading/MetadataReader'
02:43:08.249 [main] DEBUG com.tngtech.archunit.core.importer.JavaClassProcessor - Processing class 'org/springframework/core/type/classreading/MetadataReaderFactory'
02:43:08.250 [main] DEBUG com.tngtech.archunit.core.importer.JavaClassProcessor - Processing class 'org/springframework/boot/autoconfigure/AutoConfigurationMetadata'
02:43:08.250 [main] DEBUG com.tngtech.archunit.core.importer.JavaClassProcessor - Processing class 'org/springframework/boot/autoconfigure/AutoConfigurationImportEvent'
02:43:08.250 [main] DEBUG com.tngtech.archunit.core.importer.JavaClassProcessor - Processing class 'org/springframework/beans/factory/config/ConfigurableListableBeanFactory'
02:43:08.250 [main] DEBUG com.tngtech.archunit.core.importer.JavaClassProcessor - Processing class 'org/springframework/boot/autoconfigure/AutoConfigurationImportSelector$ConfigurationClassFilter'
02:43:08.251 [main] DEBUG com.tngtech.archunit.core.importer.JavaClassProcessor - Processing class 'org/springframework/boot/autoconfigure/AutoConfigurationImportSelector$AutoConfigurationEntry'
02:43:08.251 [main] DEBUG com.tngtech.archunit.core.importer.JavaClassProcessor - Processing class 'org/springframework/core/type/AnnotationMetadata'
02:43:08.252 [main] DEBUG com.tngtech.archunit.core.importer.JavaClassProcessor - Processing class 'org/springframework/core/annotation/AnnotationAttributes'
02:43:08.254 [main] DEBUG com.tngtech.archunit.core.importer.JavaClassProcessor - Processing class 'org/springframework/beans/factory/config/AutowireCapableBeanFactory'
02:43:08.254 [main] DEBUG com.tngtech.archunit.core.importer.JavaClassProcessor - Processing class 'java/lang/IllegalStateException'
02:43:08.254 [main] DEBUG com.tngtech.archunit.core.importer.JavaClassProcessor - Processing class 'java/time/Clock'
02:43:08.255 [main] DEBUG com.tngtech.archunit.core.importer.JavaClassProcessor - Processing class 'org/springframework/core/io/ProtocolResolver'
02:43:08.255 [main] DEBUG com.tngtech.archunit.core.importer.JavaClassProcessor - Processing class 'org/springframework/beans/factory/config/BeanFactoryPostProcessor'
02:43:08.256 [main] DEBUG com.tngtech.archunit.core.importer.JavaClassProcessor - Processing class 'org/springframework/context/MessageSourceResolvable'
02:43:08.256 [main] DEBUG com.tngtech.archunit.core.importer.JavaClassProcessor - Processing class 'org/springframework/context/NoSuchMessageException'
02:43:08.256 [main] DEBUG com.tngtech.archunit.core.importer.JavaClassProcessor - Processing class 'org/springframework/context/annotation/ScopeMetadata'
02:43:08.259 [main] DEBUG com.tngtech.archunit.core.importer.JavaClassProcessor - Processing class 'org/springframework/core/env/MutablePropertySources'
02:43:08.260 [main] DEBUG com.tngtech.archunit.core.importer.JavaClassProcessor - Processing class 'org/springframework/core/convert/support/ConfigurableConversionService'
02:43:08.260 [main] DEBUG com.tngtech.archunit.core.importer.JavaClassProcessor - Processing class 'org/springframework/core/env/MissingRequiredPropertiesException'
02:43:08.261 [main] DEBUG com.tngtech.archunit.core.importer.JavaClassProcessor - Processing class 'org/springframework/core/env/Profiles'
02:43:08.261 [main] DEBUG com.tngtech.archunit.core.importer.JavaClassProcessor - Processing class 'org/springframework/core/io/Resource'
02:43:08.263 [main] DEBUG com.tngtech.archunit.core.importer.JavaClassProcessor - Processing class 'org/springframework/data/domain/Example'
02:43:08.263 [main] DEBUG com.tngtech.archunit.core.importer.JavaClassProcessor - Processing class 'org/springframework/data/domain/Sort'
02:43:08.264 [main] DEBUG com.tngtech.archunit.core.importer.JavaClassProcessor - Processing class 'org/springframework/data/domain/Page'
02:43:08.265 [main] DEBUG com.tngtech.archunit.core.importer.JavaClassProcessor - Processing class 'org/springframework/data/domain/Pageable'
02:43:08.266 [main] DEBUG com.tngtech.archunit.core.importer.JavaClassProcessor - Processing class 'java/time/ZoneId'
02:43:08.266 [main] DEBUG com.tngtech.archunit.core.importer.JavaClassProcessor - Processing class 'java/text/DecimalFormatSymbols'
02:43:08.267 [main] DEBUG com.tngtech.archunit.core.importer.JavaClassProcessor - Processing class 'java/time/format/DateTimeFormatter'
02:43:08.268 [main] DEBUG com.tngtech.archunit.core.importer.JavaClassProcessor - Processing class 'java/util/regex/Pattern'
02:43:08.271 [main] DEBUG com.tngtech.archunit.core.importer.JavaClassProcessor - Processing class 'java/time/Instant'
02:43:08.272 [main] DEBUG com.tngtech.archunit.core.importer.JavaClassProcessor - Processing class 'org/springframework/http/ContentDisposition'
02:43:08.272 [main] DEBUG com.tngtech.archunit.core.importer.JavaClassProcessor - Processing class 'java/time/ZonedDateTime'
02:43:08.273 [main] DEBUG com.tngtech.archunit.core.importer.JavaClassProcessor - Processing class 'org/springframework/http/CacheControl'
02:43:08.274 [main] DEBUG com.tngtech.archunit.core.importer.JavaClassProcessor - Processing class 'java/net/URI'
02:43:08.275 [main] DEBUG com.tngtech.archunit.core.importer.JavaClassProcessor - Processing class 'java/net/InetSocketAddress'
02:43:08.276 [main] DEBUG com.tngtech.archunit.core.importer.JavaClassProcessor - Processing class 'java/time/Duration'
02:43:08.278 [main] DEBUG com.tngtech.archunit.core.importer.JavaClassProcessor - Processing class 'org/springframework/http/HttpStatus'
02:43:08.279 [main] DEBUG com.tngtech.archunit.core.importer.JavaClassProcessor - Processing class 'org/springframework/http/ResponseEntity$1'
02:43:08.279 [main] DEBUG com.tngtech.archunit.core.importer.JavaClassProcessor - Processing class 'java/util/BitSet'
02:43:08.282 [main] DEBUG com.tngtech.archunit.core.importer.JavaClassProcessor - Processing class 'sun/util/locale/LocaleSyntaxException'
02:43:08.282 [main] DEBUG com.tngtech.archunit.core.importer.JavaClassProcessor - Processing class 'sun/util/locale/LanguageTag'
]]></system-out>
  </testcase>
  <testcase name="modelClassesShouldNotBeAnnotatedWithAutowired" classname="archtests.SongArchitectureTests" time="0.179">
    <system-out><![CDATA[02:43:08.296 [main] DEBUG com.tngtech.archunit.core.importer.UrlSource$From - Found URLs on sun.boot.class.path: []
02:43:08.299 [main] DEBUG com.tngtech.archunit.core.importer.UrlSource$From - Found URLs on java.class.path: [file:/M:/Lab/song-manager/target/test-classes/, file:/M:/Lab/song-manager/target/classes/, jar:file:/C:/Users/User/.m2/repository/org/springframework/boot/spring-boot-starter-web/2.5.4/spring-boot-starter-web-2.5.4.jar!/, jar:file:/C:/Users/User/.m2/repository/org/springframework/boot/spring-boot-starter/2.5.4/spring-boot-starter-2.5.4.jar!/, jar:file:/C:/Users/User/.m2/repository/org/springframework/boot/spring-boot/2.5.4/spring-boot-2.5.4.jar!/, jar:file:/C:/Users/User/.m2/repository/org/springframework/boot/spring-boot-autoconfigure/2.5.4/spring-boot-autoconfigure-2.5.4.jar!/, jar:file:/C:/Users/User/.m2/repository/org/springframework/boot/spring-boot-starter-logging/2.5.4/spring-boot-starter-logging-2.5.4.jar!/, jar:file:/C:/Users/User/.m2/repository/ch/qos/logback/logback-classic/1.2.5/logback-classic-1.2.5.jar!/, jar:file:/C:/Users/User/.m2/repository/ch/qos/logback/logback-core/1.2.5/logback-core-1.2.5.jar!/, jar:file:/C:/Users/User/.m2/repository/org/apache/logging/log4j/log4j-to-slf4j/2.14.1/log4j-to-slf4j-2.14.1.jar!/, jar:file:/C:/Users/User/.m2/repository/org/apache/logging/log4j/log4j-api/2.14.1/log4j-api-2.14.1.jar!/, jar:file:/C:/Users/User/.m2/repository/org/slf4j/jul-to-slf4j/1.7.32/jul-to-slf4j-1.7.32.jar!/, jar:file:/C:/Users/User/.m2/repository/jakarta/annotation/jakarta.annotation-api/1.3.5/jakarta.annotation-api-1.3.5.jar!/, jar:file:/C:/Users/User/.m2/repository/org/yaml/snakeyaml/1.28/snakeyaml-1.28.jar!/, jar:file:/C:/Users/User/.m2/repository/org/springframework/boot/spring-boot-starter-json/2.5.4/spring-boot-starter-json-2.5.4.jar!/, jar:file:/C:/Users/User/.m2/repository/com/fasterxml/jackson/core/jackson-databind/2.12.4/jackson-databind-2.12.4.jar!/, jar:file:/C:/Users/User/.m2/repository/com/fasterxml/jackson/core/jackson-annotations/2.12.4/jackson-annotations-2.12.4.jar!/, jar:file:/C:/Users/User/.m2/repository/com/fasterxml/jackson/core/jackson-core/2.12.4/jackson-core-2.12.4.jar!/, jar:file:/C:/Users/User/.m2/repository/com/fasterxml/jackson/datatype/jackson-datatype-jdk8/2.12.4/jackson-datatype-jdk8-2.12.4.jar!/, jar:file:/C:/Users/User/.m2/repository/com/fasterxml/jackson/datatype/jackson-datatype-jsr310/2.12.4/jackson-datatype-jsr310-2.12.4.jar!/, jar:file:/C:/Users/User/.m2/repository/com/fasterxml/jackson/module/jackson-module-parameter-names/2.12.4/jackson-module-parameter-names-2.12.4.jar!/, jar:file:/C:/Users/User/.m2/repository/org/springframework/boot/spring-boot-starter-tomcat/2.5.4/spring-boot-starter-tomcat-2.5.4.jar!/, jar:file:/C:/Users/User/.m2/repository/org/apache/tomcat/embed/tomcat-embed-core/9.0.52/tomcat-embed-core-9.0.52.jar!/, jar:file:/C:/Users/User/.m2/repository/org/apache/tomcat/embed/tomcat-embed-el/9.0.52/tomcat-embed-el-9.0.52.jar!/, jar:file:/C:/Users/User/.m2/repository/org/apache/tomcat/embed/tomcat-embed-websocket/9.0.52/tomcat-embed-websocket-9.0.52.jar!/, jar:file:/C:/Users/User/.m2/repository/org/springframework/spring-web/5.3.9/spring-web-5.3.9.jar!/, jar:file:/C:/Users/User/.m2/repository/org/springframework/spring-beans/5.3.9/spring-beans-5.3.9.jar!/, jar:file:/C:/Users/User/.m2/repository/org/springframework/spring-webmvc/5.3.9/spring-webmvc-5.3.9.jar!/, jar:file:/C:/Users/User/.m2/repository/org/springframework/spring-aop/5.3.9/spring-aop-5.3.9.jar!/, jar:file:/C:/Users/User/.m2/repository/org/springframework/spring-context/5.3.9/spring-context-5.3.9.jar!/, jar:file:/C:/Users/User/.m2/repository/org/springframework/spring-expression/5.3.9/spring-expression-5.3.9.jar!/, jar:file:/C:/Users/User/.m2/repository/org/springframework/boot/spring-boot-starter-data-jpa/2.5.4/spring-boot-starter-data-jpa-2.5.4.jar!/, jar:file:/C:/Users/User/.m2/repository/org/springframework/boot/spring-boot-starter-aop/2.5.4/spring-boot-starter-aop-2.5.4.jar!/, jar:file:/C:/Users/User/.m2/repository/org/aspectj/aspectjweaver/1.9.7/aspectjweaver-1.9.7.jar!/, jar:file:/C:/Users/User/.m2/repository/org/springframework/boot/spring-boot-starter-jdbc/2.5.4/spring-boot-starter-jdbc-2.5.4.jar!/, jar:file:/C:/Users/User/.m2/repository/com/zaxxer/HikariCP/4.0.3/HikariCP-4.0.3.jar!/, jar:file:/C:/Users/User/.m2/repository/org/springframework/spring-jdbc/5.3.9/spring-jdbc-5.3.9.jar!/, jar:file:/C:/Users/User/.m2/repository/jakarta/transaction/jakarta.transaction-api/1.3.3/jakarta.transaction-api-1.3.3.jar!/, jar:file:/C:/Users/User/.m2/repository/jakarta/persistence/jakarta.persistence-api/2.2.3/jakarta.persistence-api-2.2.3.jar!/, jar:file:/C:/Users/User/.m2/repository/org/hibernate/hibernate-core/5.4.32.Final/hibernate-core-5.4.32.Final.jar!/, jar:file:/C:/Users/User/.m2/repository/org/jboss/logging/jboss-logging/3.4.2.Final/jboss-logging-3.4.2.Final.jar!/, jar:file:/C:/Users/User/.m2/repository/org/javassist/javassist/3.27.0-GA/javassist-3.27.0-GA.jar!/, jar:file:/C:/Users/User/.m2/repository/net/bytebuddy/byte-buddy/1.10.22/byte-buddy-1.10.22.jar!/, jar:file:/C:/Users/User/.m2/repository/antlr/antlr/2.7.7/antlr-2.7.7.jar!/, jar:file:/C:/Users/User/.m2/repository/org/jboss/jandex/2.2.3.Final/jandex-2.2.3.Final.jar!/, jar:file:/C:/Users/User/.m2/repository/com/fasterxml/classmate/1.5.1/classmate-1.5.1.jar!/, jar:file:/C:/Users/User/.m2/repository/org/dom4j/dom4j/2.1.3/dom4j-2.1.3.jar!/, jar:file:/C:/Users/User/.m2/repository/org/hibernate/common/hibernate-commons-annotations/5.1.2.Final/hibernate-commons-annotations-5.1.2.Final.jar!/, jar:file:/C:/Users/User/.m2/repository/org/glassfish/jaxb/jaxb-runtime/2.3.5/jaxb-runtime-2.3.5.jar!/, jar:file:/C:/Users/User/.m2/repository/org/glassfish/jaxb/txw2/2.3.5/txw2-2.3.5.jar!/, jar:file:/C:/Users/User/.m2/repository/com/sun/istack/istack-commons-runtime/3.0.12/istack-commons-runtime-3.0.12.jar!/, jar:file:/C:/Users/User/.m2/repository/com/sun/activation/jakarta.activation/1.2.2/jakarta.activation-1.2.2.jar!/, jar:file:/C:/Users/User/.m2/repository/org/springframework/data/spring-data-jpa/2.5.4/spring-data-jpa-2.5.4.jar!/, jar:file:/C:/Users/User/.m2/repository/org/springframework/data/spring-data-commons/2.5.4/spring-data-commons-2.5.4.jar!/, jar:file:/C:/Users/User/.m2/repository/org/springframework/spring-orm/5.3.9/spring-orm-5.3.9.jar!/, jar:file:/C:/Users/User/.m2/repository/org/springframework/spring-tx/5.3.9/spring-tx-5.3.9.jar!/, jar:file:/C:/Users/User/.m2/repository/org/springframework/spring-aspects/5.3.9/spring-aspects-5.3.9.jar!/, jar:file:/C:/Users/User/.m2/repository/com/h2database/h2/1.4.200/h2-1.4.200.jar!/, jar:file:/C:/Users/User/.m2/repository/javax/persistence/javax.persistence-api/2.2/javax.persistence-api-2.2.jar!/, jar:file:/C:/Users/User/.m2/repository/org/springframework/boot/spring-boot-starter-test/2.5.4/spring-boot-starter-test-2.5.4.jar!/, jar:file:/C:/Users/User/.m2/repository/org/springframework/boot/spring-boot-test/2.5.4/spring-boot-test-2.5.4.jar!/, jar:file:/C:/Users/User/.m2/repository/org/springframework/boot/spring-boot-test-autoconfigure/2.5.4/spring-boot-test-autoconfigure-2.5.4.jar!/, jar:file:/C:/Users/User/.m2/repository/com/jayway/jsonpath/json-path/2.5.0/json-path-2.5.0.jar!/, jar:file:/C:/Users/User/.m2/repository/net/minidev/json-smart/2.4.7/json-smart-2.4.7.jar!/, jar:file:/C:/Users/User/.m2/repository/net/minidev/accessors-smart/2.4.7/accessors-smart-2.4.7.jar!/, jar:file:/C:/Users/User/.m2/repository/org/ow2/asm/asm/9.1/asm-9.1.jar!/, jar:file:/C:/Users/User/.m2/repository/jakarta/xml/bind/jakarta.xml.bind-api/2.3.3/jakarta.xml.bind-api-2.3.3.jar!/, jar:file:/C:/Users/User/.m2/repository/jakarta/activation/jakarta.activation-api/1.2.2/jakarta.activation-api-1.2.2.jar!/, jar:file:/C:/Users/User/.m2/repository/org/assertj/assertj-core/3.19.0/assertj-core-3.19.0.jar!/, jar:file:/C:/Users/User/.m2/repository/org/hamcrest/hamcrest/2.2/hamcrest-2.2.jar!/, jar:file:/C:/Users/User/.m2/repository/org/junit/jupiter/junit-jupiter/5.7.2/junit-jupiter-5.7.2.jar!/, jar:file:/C:/Users/User/.m2/repository/org/junit/jupiter/junit-jupiter-api/5.7.2/junit-jupiter-api-5.7.2.jar!/, jar:file:/C:/Users/User/.m2/repository/org/apiguardian/apiguardian-api/1.1.0/apiguardian-api-1.1.0.jar!/, jar:file:/C:/Users/User/.m2/repository/org/opentest4j/opentest4j/1.2.0/opentest4j-1.2.0.jar!/, jar:file:/C:/Users/User/.m2/repository/org/junit/platform/junit-platform-commons/1.7.2/junit-platform-commons-1.7.2.jar!/, jar:file:/C:/Users/User/.m2/repository/org/junit/jupiter/junit-jupiter-params/5.7.2/junit-jupiter-params-5.7.2.jar!/, jar:file:/C:/Users/User/.m2/repository/org/junit/jupiter/junit-jupiter-engine/5.7.2/junit-jupiter-engine-5.7.2.jar!/, jar:file:/C:/Users/User/.m2/repository/org/junit/platform/junit-platform-engine/1.7.2/junit-platform-engine-1.7.2.jar!/, jar:file:/C:/Users/User/.m2/repository/org/mockito/mockito-core/3.9.0/mockito-core-3.9.0.jar!/, jar:file:/C:/Users/User/.m2/repository/net/bytebuddy/byte-buddy-agent/1.10.22/byte-buddy-agent-1.10.22.jar!/, jar:file:/C:/Users/User/.m2/repository/org/objenesis/objenesis/3.2/objenesis-3.2.jar!/, jar:file:/C:/Users/User/.m2/repository/org/mockito/mockito-junit-jupiter/3.9.0/mockito-junit-jupiter-3.9.0.jar!/, jar:file:/C:/Users/User/.m2/repository/org/skyscreamer/jsonassert/1.5.0/jsonassert-1.5.0.jar!/, jar:file:/C:/Users/User/.m2/repository/com/vaadin/external/google/android-json/0.0.20131108.vaadin1/android-json-0.0.20131108.vaadin1.jar!/, jar:file:/C:/Users/User/.m2/repository/org/springframework/spring-core/5.3.9/spring-core-5.3.9.jar!/, jar:file:/C:/Users/User/.m2/repository/org/springframework/spring-jcl/5.3.9/spring-jcl-5.3.9.jar!/, jar:file:/C:/Users/User/.m2/repository/org/springframework/spring-test/5.3.9/spring-test-5.3.9.jar!/, jar:file:/C:/Users/User/.m2/repository/org/xmlunit/xmlunit-core/2.8.2/xmlunit-core-2.8.2.jar!/, jar:file:/C:/Users/User/.m2/repository/com/tngtech/archunit/archunit-junit5/1.1.0/archunit-junit5-1.1.0.jar!/, jar:file:/C:/Users/User/.m2/repository/com/tngtech/archunit/archunit-junit5-api/1.1.0/archunit-junit5-api-1.1.0.jar!/, jar:file:/C:/Users/User/.m2/repository/com/tngtech/archunit/archunit-junit5-engine/1.1.0/archunit-junit5-engine-1.1.0.jar!/, jar:file:/C:/Users/User/.m2/repository/com/tngtech/archunit/archunit-junit5-engine-api/1.1.0/archunit-junit5-engine-api-1.1.0.jar!/, jar:file:/C:/Users/User/.m2/repository/com/tngtech/archunit/archunit/1.1.0/archunit-1.1.0.jar!/, jar:file:/C:/Users/User/.m2/repository/org/slf4j/slf4j-api/1.7.32/slf4j-api-1.7.32.jar!/]
02:43:08.311 [main] DEBUG com.tngtech.archunit.core.importer.JavaClassProcessor - Processing class 'com/example/songs/service/SongService'
02:43:08.311 [main] DEBUG com.tngtech.archunit.core.importer.JavaClassProcessor - Processing class 'com/example/songs/model/Song'
02:43:08.312 [main] DEBUG com.tngtech.archunit.core.importer.JavaClassProcessor - Processing class 'com/example/songs/controller/SongController'
02:43:08.312 [main] DEBUG com.tngtech.archunit.core.importer.JavaClassProcessor - Processing class 'com/example/songs/SongManagerApplication'
02:43:08.313 [main] DEBUG com.tngtech.archunit.core.importer.JavaClassProcessor - Processing class 'com/example/songs/repository/SongRepository'
02:43:08.313 [main] DEBUG com.tngtech.archunit.core.importer.JavaClassProcessor - Processing class 'org/springframework/web/bind/annotation/PathVariable'
02:43:08.313 [main] DEBUG com.tngtech.archunit.core.importer.JavaClassProcessor - Processing class 'org/springframework/web/bind/annotation/RequestMapping'
02:43:08.314 [main] DEBUG com.tngtech.archunit.core.importer.JavaClassProcessor - Processing class 'org/springframework/http/ResponseEntity$BodyBuilder'
02:43:08.314 [main] DEBUG com.tngtech.archunit.core.importer.JavaClassProcessor - Processing class 'org/springframework/web/bind/annotation/RequestBody'
02:43:08.314 [main] DEBUG com.tngtech.archunit.core.importer.JavaClassProcessor - Processing class 'org/springframework/boot/SpringApplication'
02:43:08.316 [main] DEBUG com.tngtech.archunit.core.importer.JavaClassProcessor - Processing class 'org/springframework/web/bind/annotation/PutMapping'
02:43:08.317 [main] DEBUG com.tngtech.archunit.core.importer.JavaClassProcessor - Processing class 'java/lang/Long'
02:43:08.318 [main] DEBUG com.tngtech.archunit.core.importer.JavaClassProcessor - Processing class 'org/springframework/stereotype/Service'
02:43:08.318 [main] DEBUG com.tngtech.archunit.core.importer.JavaClassProcessor - Processing class 'org/springframework/web/bind/annotation/GetMapping'
02:43:08.318 [main] DEBUG com.tngtech.archunit.core.importer.JavaClassProcessor - Processing class 'java/lang/String'
02:43:08.320 [main] DEBUG com.tngtech.archunit.core.importer.JavaClassProcessor - Processing class 'org/springframework/web/bind/annotation/DeleteMapping'
02:43:08.320 [main] DEBUG com.tngtech.archunit.core.importer.JavaClassProcessor - Processing class 'javax/persistence/Id'
02:43:08.320 [main] DEBUG com.tngtech.archunit.core.importer.JavaClassProcessor - Processing class 'javax/persistence/Entity'
02:43:08.320 [main] DEBUG com.tngtech.archunit.core.importer.JavaClassProcessor - Processing class 'org/springframework/web/bind/annotation/PostMapping'
02:43:08.321 [main] DEBUG com.tngtech.archunit.core.importer.JavaClassProcessor - Processing class 'java/lang/Void'
02:43:08.321 [main] DEBUG com.tngtech.archunit.core.importer.JavaClassProcessor - Processing class 'org/springframework/boot/autoconfigure/SpringBootApplication'
02:43:08.321 [main] DEBUG com.tngtech.archunit.core.importer.JavaClassProcessor - Processing class 'java/lang/RuntimeException'
02:43:08.321 [main] DEBUG com.tngtech.archunit.core.importer.JavaClassProcessor - Processing class 'org/springframework/web/bind/annotation/RestController'
02:43:08.322 [main] DEBUG com.tngtech.archunit.core.importer.JavaClassProcessor - Processing class 'javax/persistence/GenerationType'
02:43:08.322 [main] DEBUG com.tngtech.archunit.core.importer.JavaClassProcessor - Processing class 'java/util/List'
02:43:08.322 [main] DEBUG com.tngtech.archunit.core.importer.JavaClassProcessor - Processing class 'javax/persistence/GeneratedValue'
02:43:08.322 [main] DEBUG com.tngtech.archunit.core.importer.JavaClassProcessor - Processing class 'java/util/Optional'
02:43:08.323 [main] DEBUG com.tngtech.archunit.core.importer.JavaClassProcessor - Processing class 'java/lang/Object'
02:43:08.323 [main] DEBUG com.tngtech.archunit.core.importer.JavaClassProcessor - Processing class 'org/springframework/http/ResponseEntity'
02:43:08.324 [main] DEBUG com.tngtech.archunit.core.importer.JavaClassProcessor - Processing class 'org/springframework/http/ResponseEntity$HeadersBuilder'
02:43:08.324 [main] DEBUG com.tngtech.archunit.core.importer.JavaClassProcessor - Processing class 'org/springframework/data/jpa/repository/JpaRepository'
02:43:08.324 [main] DEBUG com.tngtech.archunit.core.importer.JavaClassProcessor - Processing class 'java/lang/annotation/Inherited'
02:43:08.325 [main] DEBUG com.tngtech.archunit.core.importer.JavaClassProcessor - Processing class 'org/springframework/context/annotation/ComponentScan$Filter'
02:43:08.325 [main] DEBUG com.tngtech.archunit.core.importer.JavaClassProcessor - Processing class 'java/lang/Enum'
02:43:08.326 [main] DEBUG com.tngtech.archunit.core.importer.JavaClassProcessor - Processing class 'org/springframework/context/ConfigurableApplicationContext'
02:43:08.326 [main] DEBUG com.tngtech.archunit.core.importer.JavaClassProcessor - Processing class 'java/lang/annotation/Documented'
02:43:08.326 [main] DEBUG com.tngtech.archunit.core.importer.JavaClassProcessor - Processing class 'java/lang/CharSequence'
02:43:08.326 [main] DEBUG com.tngtech.archunit.core.importer.JavaClassProcessor - Processing class 'org/springframework/data/repository/PagingAndSortingRepository'
02:43:08.326 [main] DEBUG com.tngtech.archunit.core.importer.JavaClassProcessor - Processing class 'org/springframework/http/HttpHeaders'
02:43:08.328 [main] DEBUG com.tngtech.archunit.core.importer.JavaClassProcessor - Processing class 'java/util/Collection'
02:43:08.328 [main] DEBUG com.tngtech.archunit.core.importer.JavaClassProcessor - Processing class 'org/springframework/web/bind/annotation/RequestMethod'
02:43:08.329 [main] DEBUG com.tngtech.archunit.core.importer.JavaClassProcessor - Processing class 'org/springframework/context/ApplicationListener'
02:43:08.329 [main] DEBUG com.tngtech.archunit.core.importer.JavaClassProcessor - Processing class 'java/lang/Exception'
02:43:08.329 [main] DEBUG com.tngtech.archunit.core.importer.JavaClassProcessor - Processing class 'java/io/Serializable'
02:43:08.330 [main] DEBUG com.tngtech.archunit.core.importer.JavaClassProcessor - Processing class 'org/springframework/context/annotation/Configuration'
02:43:08.330 [main] DEBUG com.tngtech.archunit.core.importer.JavaClassProcessor - Processing class 'org/springframework/http/HttpEntity'
02:43:08.330 [main] DEBUG com.tngtech.archunit.core.importer.JavaClassProcessor - Processing class 'org/springframework/beans/factory/support/BeanNameGenerator'
02:43:08.330 [main] DEBUG com.tngtech.archunit.core.importer.JavaClassProcessor - Processing class 'org/springframework/boot/SpringBootExceptionReporter'
02:43:08.330 [main] DEBUG com.tngtech.archunit.core.importer.JavaClassProcessor - Processing class 'java/lang/annotation/Annotation'
02:43:08.330 [main] DEBUG com.tngtech.archunit.core.importer.JavaClassProcessor - Processing class 'java/lang/Throwable'
02:43:08.331 [main] DEBUG com.tngtech.archunit.core.importer.JavaClassProcessor - Processing class 'org/springframework/boot/autoconfigure/AutoConfigurationExcludeFilter'
02:43:08.332 [main] DEBUG com.tngtech.archunit.core.importer.JavaClassProcessor - Processing class 'org/springframework/stereotype/Controller'
02:43:08.332 [main] DEBUG com.tngtech.archunit.core.importer.JavaClassProcessor - Processing class 'org/springframework/boot/context/TypeExcludeFilter'
02:43:08.332 [main] DEBUG com.tngtech.archunit.core.importer.JavaClassProcessor - Processing class 'java/lang/annotation/Retention'
02:43:08.333 [main] DEBUG com.tngtech.archunit.core.importer.JavaClassProcessor - Processing class 'org/springframework/data/repository/NoRepositoryBean'
02:43:08.333 [main] DEBUG com.tngtech.archunit.core.importer.JavaClassProcessor - Processing class 'org/springframework/boot/BootstrapRegistryInitializer'
02:43:08.333 [main] DEBUG com.tngtech.archunit.core.importer.JavaClassProcessor - Processing class 'jdk/internal/HotSpotIntrinsicCandidate'
02:43:08.333 [main] DEBUG com.tngtech.archunit.core.importer.JavaClassProcessor - Processing class 'org/springframework/lang/Nullable'
02:43:08.333 [main] DEBUG com.tngtech.archunit.core.importer.JavaClassProcessor - Processing class 'java/lang/Number'
02:43:08.333 [main] DEBUG com.tngtech.archunit.core.importer.JavaClassProcessor - Processing class 'org/springframework/context/annotation/FilterType'
02:43:08.334 [main] DEBUG com.tngtech.archunit.core.importer.JavaClassProcessor - Processing class 'org/springframework/core/annotation/AliasFor'
02:43:08.334 [main] DEBUG com.tngtech.archunit.core.importer.JavaClassProcessor - Processing class 'java/lang/SafeVarargs'
02:43:08.334 [main] DEBUG com.tngtech.archunit.core.importer.JavaClassProcessor - Processing class 'jdk/internal/vm/annotation/Stable'
02:43:08.334 [main] DEBUG com.tngtech.archunit.core.importer.JavaClassProcessor - Processing class 'org/springframework/boot/autoconfigure/EnableAutoConfiguration'
02:43:08.334 [main] DEBUG com.tngtech.archunit.core.importer.JavaClassProcessor - Processing class 'java/lang/Deprecated'
02:43:08.334 [main] DEBUG com.tngtech.archunit.core.importer.JavaClassProcessor - Processing class 'java/lang/annotation/Target'
02:43:08.335 [main] DEBUG com.tngtech.archunit.core.importer.JavaClassProcessor - Processing class 'org/springframework/core/env/StandardEnvironment'
02:43:08.335 [main] DEBUG com.tngtech.archunit.core.importer.JavaClassProcessor - Processing class 'java/lang/annotation/ElementType'
02:43:08.335 [main] DEBUG com.tngtech.archunit.core.importer.JavaClassProcessor - Processing class 'org/springframework/web/bind/annotation/ResponseBody'
02:43:08.335 [main] DEBUG com.tngtech.archunit.core.importer.JavaClassProcessor - Processing class 'org/springframework/context/annotation/ComponentScan'
02:43:08.335 [main] DEBUG com.tngtech.archunit.core.importer.JavaClassProcessor - Processing class 'org/springframework/data/repository/query/QueryByExampleExecutor'
02:43:08.336 [main] DEBUG com.tngtech.archunit.core.importer.JavaClassProcessor - Processing class 'org/springframework/stereotype/Component'
02:43:08.336 [main] DEBUG com.tngtech.archunit.core.importer.JavaClassProcessor - Processing class 'org/springframework/boot/SpringBootConfiguration'
02:43:08.336 [main] DEBUG com.tngtech.archunit.core.importer.JavaClassProcessor - Processing class 'java/lang/Class'
02:43:08.338 [main] DEBUG com.tngtech.archunit.core.importer.JavaClassProcessor - Processing class 'java/lang/Comparable'
02:43:08.338 [main] DEBUG com.tngtech.archunit.core.importer.JavaClassProcessor - Processing class 'org/springframework/context/ApplicationContextInitializer'
02:43:08.338 [main] DEBUG com.tngtech.archunit.core.importer.JavaClassProcessor - Processing class 'java/lang/annotation/RetentionPolicy'
02:43:08.339 [main] DEBUG com.tngtech.archunit.core.importer.JavaClassProcessor - Processing class 'org/springframework/web/bind/annotation/Mapping'
02:43:08.339 [main] DEBUG com.tngtech.archunit.core.importer.JavaClassProcessor - Processing class 'org/springframework/core/type/filter/TypeFilter'
02:43:08.339 [main] DEBUG com.tngtech.archunit.core.importer.JavaClassProcessor - Processing class 'java/util/Locale'
02:43:08.340 [main] DEBUG com.tngtech.archunit.core.importer.JavaClassProcessor - Processing class 'java/lang/reflect/Method'
02:43:08.341 [main] DEBUG com.tngtech.archunit.core.importer.JavaClassProcessor - Processing class 'org/springframework/context/PayloadApplicationEvent'
02:43:08.341 [main] DEBUG com.tngtech.archunit.core.importer.JavaClassProcessor - Processing class 'org/springframework/boot/autoconfigure/AutoConfigurationImportSelector'
02:43:08.342 [main] DEBUG com.tngtech.archunit.core.importer.JavaClassProcessor - Processing class 'jdk/internal/vm/annotation/ForceInline'
02:43:08.342 [main] DEBUG com.tngtech.archunit.core.importer.JavaClassProcessor - Processing class 'org/springframework/http/MediaType'
02:43:08.343 [main] DEBUG com.tngtech.archunit.core.importer.JavaClassProcessor - Processing class 'java/util/Locale$LanguageRange'
02:43:08.344 [main] DEBUG com.tngtech.archunit.core.importer.JavaClassProcessor - Processing class 'java/util/EventListener'
02:43:08.344 [main] DEBUG com.tngtech.archunit.core.importer.JavaClassProcessor - Processing class 'java/lang/Class$ReflectionData'
02:43:08.344 [main] DEBUG com.tngtech.archunit.core.importer.JavaClassProcessor - Processing class 'java/lang/reflect/Type'
02:43:08.344 [main] DEBUG com.tngtech.archunit.core.importer.JavaClassProcessor - Processing class 'jdk/internal/reflect/CallerSensitive'
02:43:08.344 [main] DEBUG com.tngtech.archunit.core.importer.JavaClassProcessor - Processing class 'org/springframework/beans/factory/BeanClassLoaderAware'
02:43:08.345 [main] DEBUG com.tngtech.archunit.core.importer.JavaClassProcessor - Processing class 'org/springframework/context/annotation/AnnotationScopeMetadataResolver'
02:43:08.345 [main] DEBUG com.tngtech.archunit.core.importer.JavaClassProcessor - Processing class 'java/lang/reflect/AnnotatedElement'
02:43:08.345 [main] DEBUG com.tngtech.archunit.core.importer.JavaClassProcessor - Processing class 'org/springframework/boot/autoconfigure/AutoConfigurationPackage'
02:43:08.346 [main] DEBUG com.tngtech.archunit.core.importer.JavaClassProcessor - Processing class 'org/springframework/data/repository/CrudRepository'
02:43:08.346 [main] DEBUG com.tngtech.archunit.core.importer.JavaClassProcessor - Processing class 'java/lang/Iterable'
02:43:08.346 [main] DEBUG com.tngtech.archunit.core.importer.JavaClassProcessor - Processing class 'java/lang/FunctionalInterface'
02:43:08.346 [main] DEBUG com.tngtech.archunit.core.importer.JavaClassProcessor - Processing class 'java/nio/charset/Charset'
02:43:08.347 [main] DEBUG com.tngtech.archunit.core.importer.JavaClassProcessor - Processing class 'java/lang/annotation/Repeatable'
02:43:08.347 [main] DEBUG com.tngtech.archunit.core.importer.JavaClassProcessor - Processing class 'org/springframework/beans/factory/BeanFactoryAware'
02:43:08.347 [main] DEBUG com.tngtech.archunit.core.importer.JavaClassProcessor - Processing class 'org/springframework/context/annotation/ComponentScans'
02:43:08.347 [main] DEBUG com.tngtech.archunit.core.importer.JavaClassProcessor - Processing class 'org/springframework/stereotype/Indexed'
02:43:08.348 [main] DEBUG com.tngtech.archunit.core.importer.JavaClassProcessor - Processing class 'java/lang/reflect/GenericDeclaration'
02:43:08.348 [main] DEBUG com.tngtech.archunit.core.importer.JavaClassProcessor - Processing class 'java/util/Map$Entry'
02:43:08.348 [main] DEBUG com.tngtech.archunit.core.importer.JavaClassProcessor - Processing class 'org/springframework/http/HttpMethod'
02:43:08.349 [main] DEBUG com.tngtech.archunit.core.importer.JavaClassProcessor - Processing class 'org/springframework/context/annotation/ScopedProxyMode'
02:43:08.349 [main] DEBUG com.tngtech.archunit.core.importer.JavaClassProcessor - Processing class 'org/springframework/util/MultiValueMap'
02:43:08.349 [main] DEBUG com.tngtech.archunit.core.importer.JavaClassProcessor - Processing class 'org/springframework/context/annotation/Import'
02:43:08.349 [main] DEBUG com.tngtech.archunit.core.importer.JavaClassProcessor - Processing class 'org/springframework/http/HttpRange'
02:43:08.350 [main] DEBUG com.tngtech.archunit.core.importer.JavaClassProcessor - Processing class 'java/lang/reflect/Field'
02:43:08.351 [main] DEBUG com.tngtech.archunit.core.importer.JavaClassProcessor - Processing class 'org/springframework/context/ApplicationContext'
02:43:08.351 [main] DEBUG com.tngtech.archunit.core.importer.JavaClassProcessor - Processing class 'org/springframework/context/Lifecycle'
02:43:08.351 [main] DEBUG com.tngtech.archunit.core.importer.JavaClassProcessor - Processing class 'org/springframework/context/ApplicationEvent'
02:43:08.351 [main] DEBUG com.tngtech.archunit.core.importer.JavaClassProcessor - Processing class 'org/springframework/context/annotation/ScopeMetadataResolver'
02:43:08.351 [main] DEBUG com.tngtech.archunit.core.importer.JavaClassProcessor - Processing class 'java/io/Closeable'
02:43:08.351 [main] DEBUG com.tngtech.archunit.core.importer.JavaClassProcessor - Processing class 'org/springframework/core/env/AbstractEnvironment'
02:43:08.352 [main] DEBUG com.tngtech.archunit.core.importer.JavaClassProcessor - Processing class 'org/springframework/beans/factory/HierarchicalBeanFactory'
02:43:08.352 [main] DEBUG com.tngtech.archunit.core.importer.JavaClassProcessor - Processing class 'org/springframework/boot/autoconfigure/AutoConfigurationImportListener'
02:43:08.352 [main] DEBUG com.tngtech.archunit.core.importer.JavaClassProcessor - Processing class 'java/nio/charset/spi/CharsetProvider'
02:43:08.352 [main] DEBUG com.tngtech.archunit.core.importer.JavaClassProcessor - Processing class 'java/lang/AutoCloseable'
02:43:08.352 [main] DEBUG com.tngtech.archunit.core.importer.JavaClassProcessor - Processing class 'java/util/EventObject'
02:43:08.353 [main] DEBUG com.tngtech.archunit.core.importer.JavaClassProcessor - Processing class 'org/springframework/util/MimeType'
02:43:08.353 [main] DEBUG com.tngtech.archunit.core.importer.JavaClassProcessor - Processing class 'java/lang/Character'
02:43:08.354 [main] DEBUG com.tngtech.archunit.core.importer.JavaClassProcessor - Processing class 'org/springframework/data/repository/Repository'
02:43:08.354 [main] DEBUG com.tngtech.archunit.core.importer.JavaClassProcessor - Processing class 'java/util/Map'
02:43:08.355 [main] DEBUG com.tngtech.archunit.core.importer.JavaClassProcessor - Processing class 'org/springframework/context/ApplicationEventPublisher'
02:43:08.355 [main] DEBUG com.tngtech.archunit.core.importer.JavaClassProcessor - Processing class 'java/lang/reflect/Executable'
02:43:08.356 [main] DEBUG com.tngtech.archunit.core.importer.JavaClassProcessor - Processing class 'org/springframework/boot/autoconfigure/AutoConfigurationPackages$Registrar'
02:43:08.356 [main] DEBUG com.tngtech.archunit.core.importer.JavaClassProcessor - Processing class 'java/lang/Cloneable'
02:43:08.356 [main] DEBUG com.tngtech.archunit.core.importer.JavaClassProcessor - Processing class 'java/lang/ThreadLocal'
02:43:08.356 [main] DEBUG com.tngtech.archunit.core.importer.JavaClassProcessor - Processing class 'java/lang/reflect/Member'
02:43:08.356 [main] DEBUG com.tngtech.archunit.core.importer.JavaClassProcessor - Processing class 'sun/util/locale/LocaleExtensions'
02:43:08.357 [main] DEBUG com.tngtech.archunit.core.importer.JavaClassProcessor - Processing class 'org/springframework/beans/factory/ListableBeanFactory'
02:43:08.357 [main] DEBUG com.tngtech.archunit.core.importer.JavaClassProcessor - Processing class 'org/springframework/core/Ordered'
02:43:08.357 [main] DEBUG com.tngtech.archunit.core.importer.JavaClassProcessor - Processing class 'org/springframework/context/annotation/DeferredImportSelector'
02:43:08.357 [main] DEBUG com.tngtech.archunit.core.importer.JavaClassProcessor - Processing class 'org/springframework/beans/factory/Aware'
02:43:08.357 [main] DEBUG com.tngtech.archunit.core.importer.JavaClassProcessor - Processing class 'org/springframework/core/ResolvableTypeProvider'
02:43:08.358 [main] DEBUG com.tngtech.archunit.core.importer.JavaClassProcessor - Processing class 'org/springframework/core/io/support/ResourceRegion'
02:43:08.358 [main] DEBUG com.tngtech.archunit.core.importer.JavaClassProcessor - Processing class 'org/springframework/boot/autoconfigure/AutoConfigurationImportFilter'
02:43:08.358 [main] DEBUG com.tngtech.archunit.core.importer.JavaClassProcessor - Processing class 'org/springframework/core/env/ConfigurableEnvironment'
02:43:08.358 [main] DEBUG com.tngtech.archunit.core.importer.JavaClassProcessor - Processing class 'org/springframework/core/env/EnvironmentCapable'
02:43:08.358 [main] DEBUG com.tngtech.archunit.core.importer.JavaClassProcessor - Processing class 'org/springframework/context/MessageSource'
02:43:08.358 [main] DEBUG com.tngtech.archunit.core.importer.JavaClassProcessor - Processing class 'java/lang/reflect/AccessibleObject'
02:43:08.359 [main] DEBUG com.tngtech.archunit.core.importer.JavaClassProcessor - Processing class 'org/springframework/context/ResourceLoaderAware'
02:43:08.359 [main] DEBUG com.tngtech.archunit.core.importer.JavaClassProcessor - Processing class 'org/springframework/context/annotation/DeferredImportSelector$Group'
02:43:08.360 [main] DEBUG com.tngtech.archunit.core.importer.JavaClassProcessor - Processing class 'org/springframework/context/EnvironmentAware'
02:43:08.360 [main] DEBUG com.tngtech.archunit.core.importer.JavaClassProcessor - Processing class 'org/springframework/core/io/support/ResourcePatternResolver'
02:43:08.360 [main] DEBUG com.tngtech.archunit.core.importer.JavaClassProcessor - Processing class 'sun/util/locale/Extension'
02:43:08.360 [main] DEBUG com.tngtech.archunit.core.importer.JavaClassProcessor - Processing class 'org/springframework/core/env/ConfigurablePropertyResolver'
02:43:08.360 [main] DEBUG com.tngtech.archunit.core.importer.JavaClassProcessor - Processing class 'org/springframework/context/annotation/DeferredImportSelector$Group$Entry'
02:43:08.360 [main] DEBUG com.tngtech.archunit.core.importer.JavaClassProcessor - Processing class 'org/springframework/context/annotation/ImportBeanDefinitionRegistrar'
02:43:08.361 [main] DEBUG com.tngtech.archunit.core.importer.JavaClassProcessor - Processing class 'org/springframework/context/annotation/ImportSelector'
02:43:08.361 [main] DEBUG com.tngtech.archunit.core.importer.JavaClassProcessor - Processing class 'org/springframework/core/io/ResourceLoader'
02:43:08.361 [main] DEBUG com.tngtech.archunit.core.importer.JavaClassProcessor - Processing class 'org/springframework/boot/autoconfigure/AutoConfigurationPackages'
02:43:08.361 [main] DEBUG com.tngtech.archunit.core.importer.JavaClassProcessor - Processing class 'org/springframework/boot/context/annotation/DeterminableImports'
02:43:08.361 [main] DEBUG com.tngtech.archunit.core.importer.JavaClassProcessor - Processing class 'org/springframework/core/env/Environment'
02:43:08.362 [main] DEBUG com.tngtech.archunit.core.importer.JavaClassProcessor - Processing class 'org/springframework/beans/factory/BeanFactory'
02:43:08.362 [main] DEBUG com.tngtech.archunit.core.importer.JavaClassProcessor - Processing class 'sun/util/locale/InternalLocaleBuilder$CaseInsensitiveString'
02:43:08.362 [main] DEBUG com.tngtech.archunit.core.importer.JavaClassProcessor - Processing class 'sun/util/locale/InternalLocaleBuilder$CaseInsensitiveChar'
02:43:08.362 [main] DEBUG com.tngtech.archunit.core.importer.JavaClassProcessor - Processing class 'org/springframework/core/env/PropertyResolver'
02:43:08.362 [main] DEBUG com.tngtech.archunit.core.importer.JavaClassProcessor - Processing class 'sun/util/locale/InternalLocaleBuilder'
02:43:08.364 [main] DEBUG com.tngtech.archunit.core.importer.JavaClassProcessor - Processing class 'java/io/IOException'
02:43:08.365 [main] DEBUG com.tngtech.archunit.core.importer.JavaClassProcessor - Processing class 'java/util/stream/IntStream'
02:43:08.366 [main] DEBUG com.tngtech.archunit.core.importer.JavaClassProcessor - Processing class 'jdk/internal/reflect/ReflectionFactory'
02:43:08.367 [main] DEBUG com.tngtech.archunit.core.importer.JavaClassProcessor - Processing class 'sun/reflect/generics/repository/ClassRepository'
02:43:08.368 [main] DEBUG com.tngtech.archunit.core.importer.JavaClassProcessor - Processing class 'java/lang/reflect/Constructor'
02:43:08.368 [main] DEBUG com.tngtech.archunit.core.importer.JavaClassProcessor - Processing class 'java/lang/ClassLoader'
02:43:08.370 [main] DEBUG com.tngtech.archunit.core.importer.JavaClassProcessor - Processing class 'java/security/ProtectionDomain'
02:43:08.370 [main] DEBUG com.tngtech.archunit.core.importer.JavaClassProcessor - Processing class 'java/lang/ClassValue$ClassValueMap'
02:43:08.371 [main] DEBUG com.tngtech.archunit.core.importer.JavaClassProcessor - Processing class 'java/lang/Class$AnnotationData'
02:43:08.371 [main] DEBUG com.tngtech.archunit.core.importer.JavaClassProcessor - Processing class 'java/io/ObjectStreamField'
02:43:08.372 [main] DEBUG com.tngtech.archunit.core.importer.JavaClassProcessor - Processing class 'java/lang/ref/SoftReference'
02:43:08.372 [main] DEBUG com.tngtech.archunit.core.importer.JavaClassProcessor - Processing class 'java/lang/Module'
02:43:08.373 [main] DEBUG com.tngtech.archunit.core.importer.JavaClassProcessor - Processing class 'sun/reflect/annotation/AnnotationType'
02:43:08.373 [main] DEBUG com.tngtech.archunit.core.importer.JavaClassProcessor - Processing class 'java/net/URL'
02:43:08.374 [main] DEBUG com.tngtech.archunit.core.importer.JavaClassProcessor - Processing class 'java/lang/InstantiationException'
02:43:08.374 [main] DEBUG com.tngtech.archunit.core.importer.JavaClassProcessor - Processing class 'java/lang/IllegalAccessException'
02:43:08.374 [main] DEBUG com.tngtech.archunit.core.importer.JavaClassProcessor - Processing class 'java/lang/SecurityException'
02:43:08.383 [main] DEBUG com.tngtech.archunit.core.importer.JavaClassProcessor - Processing class 'java/lang/NoSuchMethodException'
02:43:08.384 [main] DEBUG com.tngtech.archunit.core.importer.JavaClassProcessor - Processing class 'sun/reflect/generics/factory/GenericsFactory'
02:43:08.384 [main] DEBUG com.tngtech.archunit.core.importer.JavaClassProcessor - Processing class 'java/lang/Package'
02:43:08.384 [main] DEBUG com.tngtech.archunit.core.importer.JavaClassProcessor - Processing class 'java/lang/reflect/AnnotatedType'
02:43:08.384 [main] DEBUG com.tngtech.archunit.core.importer.JavaClassProcessor - Processing class 'jdk/internal/reflect/ConstantPool'
02:43:08.385 [main] DEBUG com.tngtech.archunit.core.importer.JavaClassProcessor - Processing class 'java/lang/ClassNotFoundException'
02:43:08.385 [main] DEBUG com.tngtech.archunit.core.importer.JavaClassProcessor - Processing class 'java/lang/SecurityManager'
02:43:08.386 [main] DEBUG com.tngtech.archunit.core.importer.JavaClassProcessor - Processing class 'java/lang/PublicMethods$MethodList'
02:43:08.386 [main] DEBUG com.tngtech.archunit.core.importer.JavaClassProcessor - Processing class 'java/lang/NoSuchFieldException'
02:43:08.386 [main] DEBUG com.tngtech.archunit.core.importer.JavaClassProcessor - Processing class 'java/lang/reflect/TypeVariable'
02:43:08.387 [main] DEBUG com.tngtech.archunit.core.importer.JavaClassProcessor - Processing class 'java/io/InputStream'
02:43:08.387 [main] DEBUG com.tngtech.archunit.core.importer.JavaClassProcessor - Processing class 'java/lang/Class$EnclosingMethodInfo'
02:43:08.389 [main] DEBUG com.tngtech.archunit.core.importer.JavaClassProcessor - Processing class 'java/io/ObjectStreamException'
02:43:08.389 [main] DEBUG com.tngtech.archunit.core.importer.JavaClassProcessor - Processing class 'java/io/ObjectInputStream'
02:43:08.390 [main] DEBUG com.tngtech.archunit.core.importer.JavaClassProcessor - Processing class 'java/lang/CloneNotSupportedException'
02:43:08.390 [main] DEBUG com.tngtech.archunit.core.importer.JavaClassProcessor - Processing class 'java/util/Iterator'
02:43:08.391 [main] DEBUG com.tngtech.archunit.core.importer.JavaClassProcessor - Processing class 'java/util/function/Consumer'
02:43:08.391 [main] DEBUG com.tngtech.archunit.core.importer.JavaClassProcessor - Processing class 'java/util/Spliterator'
02:43:08.391 [main] DEBUG com.tngtech.archunit.core.importer.JavaClassProcessor - Processing class 'java/lang/NumberFormatException'
02:43:08.392 [main] DEBUG com.tngtech.archunit.core.importer.JavaClassProcessor - Processing class 'java/math/BigInteger'
02:43:08.396 [main] DEBUG com.tngtech.archunit.core.importer.JavaClassProcessor - Processing class 'java/lang/InterruptedException'
02:43:08.397 [main] DEBUG com.tngtech.archunit.core.importer.JavaClassProcessor - Processing class 'java/util/Comparator'
02:43:08.397 [main] DEBUG com.tngtech.archunit.core.importer.JavaClassProcessor - Processing class 'java/util/stream/Stream'
02:43:08.398 [main] DEBUG com.tngtech.archunit.core.importer.JavaClassProcessor - Processing class 'java/lang/StringBuffer'
02:43:08.399 [main] DEBUG com.tngtech.archunit.core.importer.JavaClassProcessor - Processing class 'java/io/UnsupportedEncodingException'
02:43:08.399 [main] DEBUG com.tngtech.archunit.core.importer.JavaClassProcessor - Processing class 'java/lang/AbstractStringBuilder'
02:43:08.400 [main] DEBUG com.tngtech.archunit.core.importer.JavaClassProcessor - Processing class 'java/lang/StringBuilder'
02:43:08.401 [main] DEBUG com.tngtech.archunit.core.importer.JavaClassProcessor - Processing class 'java/util/concurrent/atomic/AtomicInteger'
02:43:08.402 [main] DEBUG com.tngtech.archunit.core.importer.JavaClassProcessor - Processing class 'java/lang/Thread'
02:43:08.403 [main] DEBUG com.tngtech.archunit.core.importer.JavaClassProcessor - Processing class 'java/lang/ThreadLocal$ThreadLocalMap'
02:43:08.403 [main] DEBUG com.tngtech.archunit.core.importer.JavaClassProcessor - Processing class 'java/util/function/Supplier'
02:43:08.403 [main] DEBUG com.tngtech.archunit.core.importer.JavaClassProcessor - Processing class 'java/lang/StackTraceElement'
02:43:08.404 [main] DEBUG com.tngtech.archunit.core.importer.JavaClassProcessor - Processing class 'java/lang/Throwable$PrintStreamOrWriter'
02:43:08.404 [main] DEBUG com.tngtech.archunit.core.importer.JavaClassProcessor - Processing class 'java/util/Set'
02:43:08.405 [main] DEBUG com.tngtech.archunit.core.importer.JavaClassProcessor - Processing class 'java/io/PrintWriter'
02:43:08.405 [main] DEBUG com.tngtech.archunit.core.importer.JavaClassProcessor - Processing class 'java/io/ObjectOutputStream'
02:43:08.406 [main] DEBUG com.tngtech.archunit.core.importer.JavaClassProcessor - Processing class 'java/io/PrintStream'
02:43:08.408 [main] DEBUG com.tngtech.archunit.core.importer.JavaClassProcessor - Processing class 'java/lang/reflect/Parameter'
02:43:08.409 [main] DEBUG com.tngtech.archunit.core.importer.JavaClassProcessor - Processing class 'sun/reflect/generics/repository/ConstructorRepository'
02:43:08.410 [main] DEBUG com.tngtech.archunit.core.importer.JavaClassProcessor - Processing class 'sun/reflect/generics/repository/FieldRepository'
02:43:08.410 [main] DEBUG com.tngtech.archunit.core.importer.JavaClassProcessor - Processing class 'jdk/internal/reflect/FieldAccessor'
02:43:08.410 [main] DEBUG com.tngtech.archunit.core.importer.JavaClassProcessor - Processing class 'java/lang/IllegalArgumentException'
02:43:08.410 [main] DEBUG com.tngtech.archunit.core.importer.JavaClassProcessor - Processing class 'jdk/internal/reflect/MethodAccessor'
02:43:08.411 [main] DEBUG com.tngtech.archunit.core.importer.JavaClassProcessor - Processing class 'sun/reflect/generics/repository/MethodRepository'
02:43:08.411 [main] DEBUG com.tngtech.archunit.core.importer.JavaClassProcessor - Processing class 'java/lang/reflect/InvocationTargetException'
02:43:08.411 [main] DEBUG com.tngtech.archunit.core.importer.JavaClassProcessor - Processing class 'java/nio/charset/CharsetEncoder'
02:43:08.412 [main] DEBUG com.tngtech.archunit.core.importer.JavaClassProcessor - Processing class 'java/util/SortedMap'
02:43:08.412 [main] DEBUG com.tngtech.archunit.core.importer.JavaClassProcessor - Processing class 'java/nio/ByteBuffer'
02:43:08.413 [main] DEBUG com.tngtech.archunit.core.importer.JavaClassProcessor - Processing class 'java/nio/CharBuffer'
02:43:08.413 [main] DEBUG com.tngtech.archunit.core.importer.JavaClassProcessor - Processing class 'java/nio/charset/CharsetDecoder'
02:43:08.414 [main] DEBUG com.tngtech.archunit.core.importer.JavaClassProcessor - Processing class 'java/util/function/Predicate'
02:43:08.414 [main] DEBUG com.tngtech.archunit.core.importer.JavaClassProcessor - Processing class 'java/util/function/IntFunction'
02:43:08.414 [main] DEBUG com.tngtech.archunit.core.importer.JavaClassProcessor - Processing class 'java/util/ListIterator'
02:43:08.415 [main] DEBUG com.tngtech.archunit.core.importer.JavaClassProcessor - Processing class 'java/util/function/UnaryOperator'
02:43:08.415 [main] DEBUG com.tngtech.archunit.core.importer.JavaClassProcessor - Processing class 'java/util/Locale$Cache'
02:43:08.415 [main] DEBUG com.tngtech.archunit.core.importer.JavaClassProcessor - Processing class 'sun/util/locale/BaseLocale'
02:43:08.416 [main] DEBUG com.tngtech.archunit.core.importer.JavaClassProcessor - Processing class 'java/util/MissingResourceException'
02:43:08.416 [main] DEBUG com.tngtech.archunit.core.importer.JavaClassProcessor - Processing class 'java/util/Locale$Category'
02:43:08.416 [main] DEBUG com.tngtech.archunit.core.importer.JavaClassProcessor - Processing class 'java/util/Locale$FilteringMode'
02:43:08.416 [main] DEBUG com.tngtech.archunit.core.importer.JavaClassProcessor - Processing class 'sun/util/locale/provider/LocaleResources'
02:43:08.417 [main] DEBUG com.tngtech.archunit.core.importer.JavaClassProcessor - Processing class 'java/util/Locale$IsoCountryCode'
02:43:08.418 [main] DEBUG com.tngtech.archunit.core.importer.JavaClassProcessor - Processing class 'java/util/function/BiFunction'
02:43:08.418 [main] DEBUG com.tngtech.archunit.core.importer.JavaClassProcessor - Processing class 'java/util/function/Function'
02:43:08.419 [main] DEBUG com.tngtech.archunit.core.importer.JavaClassProcessor - Processing class 'java/util/function/BiConsumer'
02:43:08.420 [main] DEBUG com.tngtech.archunit.core.importer.JavaClassProcessor - Processing class 'java/lang/invoke/SerializedLambda'
02:43:08.420 [main] DEBUG com.tngtech.archunit.core.importer.JavaClassProcessor - Processing class 'java/lang/Runnable'
02:43:08.421 [main] DEBUG com.tngtech.archunit.core.importer.JavaClassProcessor - Processing class 'org/springframework/beans/BeansException'
02:43:08.421 [main] DEBUG com.tngtech.archunit.core.importer.JavaClassProcessor - Processing class 'org/springframework/beans/factory/NoSuchBeanDefinitionException'
02:43:08.422 [main] DEBUG com.tngtech.archunit.core.importer.JavaClassProcessor - Processing class 'org/springframework/beans/factory/ObjectProvider'
02:43:08.422 [main] DEBUG com.tngtech.archunit.core.importer.JavaClassProcessor - Processing class 'org/springframework/core/ResolvableType'
02:43:08.424 [main] DEBUG com.tngtech.archunit.core.importer.JavaClassProcessor - Processing class 'org/springframework/beans/factory/config/BeanDefinition'
02:43:08.425 [main] DEBUG com.tngtech.archunit.core.importer.JavaClassProcessor - Processing class 'org/springframework/beans/factory/support/BeanDefinitionRegistry'
02:43:08.425 [main] DEBUG com.tngtech.archunit.core.importer.JavaClassProcessor - Processing class 'org/springframework/boot/BootstrapRegistry'
02:43:08.425 [main] DEBUG com.tngtech.archunit.core.importer.JavaClassProcessor - Processing class 'org/apache/commons/logging/Log'
02:43:08.425 [main] DEBUG com.tngtech.archunit.core.importer.JavaClassProcessor - Processing class 'org/springframework/boot/ApplicationContextFactory'
02:43:08.426 [main] DEBUG com.tngtech.archunit.core.importer.JavaClassProcessor - Processing class 'org/springframework/boot/Banner$Mode'
02:43:08.426 [main] DEBUG com.tngtech.archunit.core.importer.JavaClassProcessor - Processing class 'org/springframework/core/metrics/ApplicationStartup'
02:43:08.426 [main] DEBUG com.tngtech.archunit.core.importer.JavaClassProcessor - Processing class 'org/springframework/boot/WebApplicationType'
02:43:08.426 [main] DEBUG com.tngtech.archunit.core.importer.JavaClassProcessor - Processing class 'org/springframework/boot/Banner'
02:43:08.427 [main] DEBUG com.tngtech.archunit.core.importer.JavaClassProcessor - Processing class 'org/springframework/boot/SpringApplicationShutdownHook'
02:43:08.427 [main] DEBUG com.tngtech.archunit.core.importer.JavaClassProcessor - Processing class 'org/springframework/boot/SpringApplicationRunListeners'
02:43:08.427 [main] DEBUG com.tngtech.archunit.core.importer.JavaClassProcessor - Processing class 'org/springframework/boot/DefaultBootstrapContext'
02:43:08.428 [main] DEBUG com.tngtech.archunit.core.importer.JavaClassProcessor - Processing class 'org/springframework/boot/ApplicationArguments'
02:43:08.428 [main] DEBUG com.tngtech.archunit.core.importer.JavaClassProcessor - Processing class 'org/springframework/boot/ExitCodeGenerator'
02:43:08.428 [main] DEBUG com.tngtech.archunit.core.importer.JavaClassProcessor - Processing class 'org/springframework/boot/Bootstrapper'
02:43:08.429 [main] DEBUG com.tngtech.archunit.core.importer.JavaClassProcessor - Processing class 'org/springframework/boot/SpringBootExceptionHandler'
02:43:08.429 [main] DEBUG com.tngtech.archunit.core.importer.JavaClassProcessor - Processing class 'java/util/Properties'
02:43:08.430 [main] DEBUG com.tngtech.archunit.core.importer.JavaClassProcessor - Processing class 'org/springframework/boot/CommandLineRunner'
02:43:08.430 [main] DEBUG com.tngtech.archunit.core.importer.JavaClassProcessor - Processing class 'org/springframework/boot/SpringApplicationShutdownHandlers'
02:43:08.431 [main] DEBUG com.tngtech.archunit.core.importer.JavaClassProcessor - Processing class 'org/springframework/boot/ApplicationRunner'
02:43:08.431 [main] DEBUG com.tngtech.archunit.core.importer.JavaClassProcessor - Processing class 'org/springframework/boot/BeanDefinitionLoader'
02:43:08.432 [main] DEBUG com.tngtech.archunit.core.importer.JavaClassProcessor - Processing class 'org/springframework/core/type/classreading/MetadataReader'
02:43:08.432 [main] DEBUG com.tngtech.archunit.core.importer.JavaClassProcessor - Processing class 'org/springframework/core/type/classreading/MetadataReaderFactory'
02:43:08.433 [main] DEBUG com.tngtech.archunit.core.importer.JavaClassProcessor - Processing class 'org/springframework/boot/autoconfigure/AutoConfigurationMetadata'
02:43:08.433 [main] DEBUG com.tngtech.archunit.core.importer.JavaClassProcessor - Processing class 'org/springframework/boot/autoconfigure/AutoConfigurationImportEvent'
02:43:08.433 [main] DEBUG com.tngtech.archunit.core.importer.JavaClassProcessor - Processing class 'org/springframework/boot/autoconfigure/AutoConfigurationImportSelector$AutoConfigurationEntry'
02:43:08.434 [main] DEBUG com.tngtech.archunit.core.importer.JavaClassProcessor - Processing class 'org/springframework/beans/factory/config/ConfigurableListableBeanFactory'
02:43:08.434 [main] DEBUG com.tngtech.archunit.core.importer.JavaClassProcessor - Processing class 'org/springframework/boot/autoconfigure/AutoConfigurationImportSelector$ConfigurationClassFilter'
02:43:08.434 [main] DEBUG com.tngtech.archunit.core.importer.JavaClassProcessor - Processing class 'org/springframework/core/type/AnnotationMetadata'
02:43:08.435 [main] DEBUG com.tngtech.archunit.core.importer.JavaClassProcessor - Processing class 'org/springframework/core/annotation/AnnotationAttributes'
02:43:08.436 [main] DEBUG com.tngtech.archunit.core.importer.JavaClassProcessor - Processing class 'org/springframework/beans/factory/config/AutowireCapableBeanFactory'
02:43:08.436 [main] DEBUG com.tngtech.archunit.core.importer.JavaClassProcessor - Processing class 'java/lang/IllegalStateException'
02:43:08.436 [main] DEBUG com.tngtech.archunit.core.importer.JavaClassProcessor - Processing class 'java/time/Clock'
02:43:08.437 [main] DEBUG com.tngtech.archunit.core.importer.JavaClassProcessor - Processing class 'org/springframework/core/io/ProtocolResolver'
02:43:08.437 [main] DEBUG com.tngtech.archunit.core.importer.JavaClassProcessor - Processing class 'org/springframework/beans/factory/config/BeanFactoryPostProcessor'
02:43:08.437 [main] DEBUG com.tngtech.archunit.core.importer.JavaClassProcessor - Processing class 'org/springframework/context/NoSuchMessageException'
02:43:08.437 [main] DEBUG com.tngtech.archunit.core.importer.JavaClassProcessor - Processing class 'org/springframework/context/MessageSourceResolvable'
02:43:08.438 [main] DEBUG com.tngtech.archunit.core.importer.JavaClassProcessor - Processing class 'org/springframework/context/annotation/ScopeMetadata'
02:43:08.440 [main] DEBUG com.tngtech.archunit.core.importer.JavaClassProcessor - Processing class 'org/springframework/core/env/MutablePropertySources'
02:43:08.440 [main] DEBUG com.tngtech.archunit.core.importer.JavaClassProcessor - Processing class 'org/springframework/core/convert/support/ConfigurableConversionService'
02:43:08.441 [main] DEBUG com.tngtech.archunit.core.importer.JavaClassProcessor - Processing class 'org/springframework/core/env/MissingRequiredPropertiesException'
02:43:08.441 [main] DEBUG com.tngtech.archunit.core.importer.JavaClassProcessor - Processing class 'org/springframework/core/env/Profiles'
02:43:08.442 [main] DEBUG com.tngtech.archunit.core.importer.JavaClassProcessor - Processing class 'org/springframework/core/io/Resource'
02:43:08.443 [main] DEBUG com.tngtech.archunit.core.importer.JavaClassProcessor - Processing class 'org/springframework/data/domain/Example'
02:43:08.443 [main] DEBUG com.tngtech.archunit.core.importer.JavaClassProcessor - Processing class 'org/springframework/data/domain/Sort'
02:43:08.444 [main] DEBUG com.tngtech.archunit.core.importer.JavaClassProcessor - Processing class 'org/springframework/data/domain/Page'
02:43:08.445 [main] DEBUG com.tngtech.archunit.core.importer.JavaClassProcessor - Processing class 'org/springframework/data/domain/Pageable'
02:43:08.446 [main] DEBUG com.tngtech.archunit.core.importer.JavaClassProcessor - Processing class 'java/util/regex/Pattern'
02:43:08.448 [main] DEBUG com.tngtech.archunit.core.importer.JavaClassProcessor - Processing class 'java/time/format/DateTimeFormatter'
02:43:08.449 [main] DEBUG com.tngtech.archunit.core.importer.JavaClassProcessor - Processing class 'java/text/DecimalFormatSymbols'
02:43:08.449 [main] DEBUG com.tngtech.archunit.core.importer.JavaClassProcessor - Processing class 'java/time/ZoneId'
02:43:08.450 [main] DEBUG com.tngtech.archunit.core.importer.JavaClassProcessor - Processing class 'java/net/URI'
02:43:08.451 [main] DEBUG com.tngtech.archunit.core.importer.JavaClassProcessor - Processing class 'java/time/ZonedDateTime'
02:43:08.452 [main] DEBUG com.tngtech.archunit.core.importer.JavaClassProcessor - Processing class 'java/net/InetSocketAddress'
02:43:08.453 [main] DEBUG com.tngtech.archunit.core.importer.JavaClassProcessor - Processing class 'java/time/Instant'
02:43:08.453 [main] DEBUG com.tngtech.archunit.core.importer.JavaClassProcessor - Processing class 'java/time/Duration'
02:43:08.455 [main] DEBUG com.tngtech.archunit.core.importer.JavaClassProcessor - Processing class 'org/springframework/http/ContentDisposition'
02:43:08.456 [main] DEBUG com.tngtech.archunit.core.importer.JavaClassProcessor - Processing class 'org/springframework/http/CacheControl'
02:43:08.458 [main] DEBUG com.tngtech.archunit.core.importer.JavaClassProcessor - Processing class 'org/springframework/http/HttpStatus'
02:43:08.460 [main] DEBUG com.tngtech.archunit.core.importer.JavaClassProcessor - Processing class 'org/springframework/http/ResponseEntity$1'
02:43:08.461 [main] DEBUG com.tngtech.archunit.core.importer.JavaClassProcessor - Processing class 'java/util/BitSet'
02:43:08.463 [main] DEBUG com.tngtech.archunit.core.importer.JavaClassProcessor - Processing class 'sun/util/locale/LocaleSyntaxException'
02:43:08.464 [main] DEBUG com.tngtech.archunit.core.importer.JavaClassProcessor - Processing class 'sun/util/locale/LanguageTag'
]]></system-out>
  </testcase>
  <testcase name="fieldsInModelShouldBePrivate" classname="archtests.SongArchitectureTests" time="0.176">
    <system-out><![CDATA[02:43:08.476 [main] DEBUG com.tngtech.archunit.core.importer.UrlSource$From - Found URLs on sun.boot.class.path: []
02:43:08.480 [main] DEBUG com.tngtech.archunit.core.importer.UrlSource$From - Found URLs on java.class.path: [file:/M:/Lab/song-manager/target/test-classes/, file:/M:/Lab/song-manager/target/classes/, jar:file:/C:/Users/User/.m2/repository/org/springframework/boot/spring-boot-starter-web/2.5.4/spring-boot-starter-web-2.5.4.jar!/, jar:file:/C:/Users/User/.m2/repository/org/springframework/boot/spring-boot-starter/2.5.4/spring-boot-starter-2.5.4.jar!/, jar:file:/C:/Users/User/.m2/repository/org/springframework/boot/spring-boot/2.5.4/spring-boot-2.5.4.jar!/, jar:file:/C:/Users/User/.m2/repository/org/springframework/boot/spring-boot-autoconfigure/2.5.4/spring-boot-autoconfigure-2.5.4.jar!/, jar:file:/C:/Users/User/.m2/repository/org/springframework/boot/spring-boot-starter-logging/2.5.4/spring-boot-starter-logging-2.5.4.jar!/, jar:file:/C:/Users/User/.m2/repository/ch/qos/logback/logback-classic/1.2.5/logback-classic-1.2.5.jar!/, jar:file:/C:/Users/User/.m2/repository/ch/qos/logback/logback-core/1.2.5/logback-core-1.2.5.jar!/, jar:file:/C:/Users/User/.m2/repository/org/apache/logging/log4j/log4j-to-slf4j/2.14.1/log4j-to-slf4j-2.14.1.jar!/, jar:file:/C:/Users/User/.m2/repository/org/apache/logging/log4j/log4j-api/2.14.1/log4j-api-2.14.1.jar!/, jar:file:/C:/Users/User/.m2/repository/org/slf4j/jul-to-slf4j/1.7.32/jul-to-slf4j-1.7.32.jar!/, jar:file:/C:/Users/User/.m2/repository/jakarta/annotation/jakarta.annotation-api/1.3.5/jakarta.annotation-api-1.3.5.jar!/, jar:file:/C:/Users/User/.m2/repository/org/yaml/snakeyaml/1.28/snakeyaml-1.28.jar!/, jar:file:/C:/Users/User/.m2/repository/org/springframework/boot/spring-boot-starter-json/2.5.4/spring-boot-starter-json-2.5.4.jar!/, jar:file:/C:/Users/User/.m2/repository/com/fasterxml/jackson/core/jackson-databind/2.12.4/jackson-databind-2.12.4.jar!/, jar:file:/C:/Users/User/.m2/repository/com/fasterxml/jackson/core/jackson-annotations/2.12.4/jackson-annotations-2.12.4.jar!/, jar:file:/C:/Users/User/.m2/repository/com/fasterxml/jackson/core/jackson-core/2.12.4/jackson-core-2.12.4.jar!/, jar:file:/C:/Users/User/.m2/repository/com/fasterxml/jackson/datatype/jackson-datatype-jdk8/2.12.4/jackson-datatype-jdk8-2.12.4.jar!/, jar:file:/C:/Users/User/.m2/repository/com/fasterxml/jackson/datatype/jackson-datatype-jsr310/2.12.4/jackson-datatype-jsr310-2.12.4.jar!/, jar:file:/C:/Users/User/.m2/repository/com/fasterxml/jackson/module/jackson-module-parameter-names/2.12.4/jackson-module-parameter-names-2.12.4.jar!/, jar:file:/C:/Users/User/.m2/repository/org/springframework/boot/spring-boot-starter-tomcat/2.5.4/spring-boot-starter-tomcat-2.5.4.jar!/, jar:file:/C:/Users/User/.m2/repository/org/apache/tomcat/embed/tomcat-embed-core/9.0.52/tomcat-embed-core-9.0.52.jar!/, jar:file:/C:/Users/User/.m2/repository/org/apache/tomcat/embed/tomcat-embed-el/9.0.52/tomcat-embed-el-9.0.52.jar!/, jar:file:/C:/Users/User/.m2/repository/org/apache/tomcat/embed/tomcat-embed-websocket/9.0.52/tomcat-embed-websocket-9.0.52.jar!/, jar:file:/C:/Users/User/.m2/repository/org/springframework/spring-web/5.3.9/spring-web-5.3.9.jar!/, jar:file:/C:/Users/User/.m2/repository/org/springframework/spring-beans/5.3.9/spring-beans-5.3.9.jar!/, jar:file:/C:/Users/User/.m2/repository/org/springframework/spring-webmvc/5.3.9/spring-webmvc-5.3.9.jar!/, jar:file:/C:/Users/User/.m2/repository/org/springframework/spring-aop/5.3.9/spring-aop-5.3.9.jar!/, jar:file:/C:/Users/User/.m2/repository/org/springframework/spring-context/5.3.9/spring-context-5.3.9.jar!/, jar:file:/C:/Users/User/.m2/repository/org/springframework/spring-expression/5.3.9/spring-expression-5.3.9.jar!/, jar:file:/C:/Users/User/.m2/repository/org/springframework/boot/spring-boot-starter-data-jpa/2.5.4/spring-boot-starter-data-jpa-2.5.4.jar!/, jar:file:/C:/Users/User/.m2/repository/org/springframework/boot/spring-boot-starter-aop/2.5.4/spring-boot-starter-aop-2.5.4.jar!/, jar:file:/C:/Users/User/.m2/repository/org/aspectj/aspectjweaver/1.9.7/aspectjweaver-1.9.7.jar!/, jar:file:/C:/Users/User/.m2/repository/org/springframework/boot/spring-boot-starter-jdbc/2.5.4/spring-boot-starter-jdbc-2.5.4.jar!/, jar:file:/C:/Users/User/.m2/repository/com/zaxxer/HikariCP/4.0.3/HikariCP-4.0.3.jar!/, jar:file:/C:/Users/User/.m2/repository/org/springframework/spring-jdbc/5.3.9/spring-jdbc-5.3.9.jar!/, jar:file:/C:/Users/User/.m2/repository/jakarta/transaction/jakarta.transaction-api/1.3.3/jakarta.transaction-api-1.3.3.jar!/, jar:file:/C:/Users/User/.m2/repository/jakarta/persistence/jakarta.persistence-api/2.2.3/jakarta.persistence-api-2.2.3.jar!/, jar:file:/C:/Users/User/.m2/repository/org/hibernate/hibernate-core/5.4.32.Final/hibernate-core-5.4.32.Final.jar!/, jar:file:/C:/Users/User/.m2/repository/org/jboss/logging/jboss-logging/3.4.2.Final/jboss-logging-3.4.2.Final.jar!/, jar:file:/C:/Users/User/.m2/repository/org/javassist/javassist/3.27.0-GA/javassist-3.27.0-GA.jar!/, jar:file:/C:/Users/User/.m2/repository/net/bytebuddy/byte-buddy/1.10.22/byte-buddy-1.10.22.jar!/, jar:file:/C:/Users/User/.m2/repository/antlr/antlr/2.7.7/antlr-2.7.7.jar!/, jar:file:/C:/Users/User/.m2/repository/org/jboss/jandex/2.2.3.Final/jandex-2.2.3.Final.jar!/, jar:file:/C:/Users/User/.m2/repository/com/fasterxml/classmate/1.5.1/classmate-1.5.1.jar!/, jar:file:/C:/Users/User/.m2/repository/org/dom4j/dom4j/2.1.3/dom4j-2.1.3.jar!/, jar:file:/C:/Users/User/.m2/repository/org/hibernate/common/hibernate-commons-annotations/5.1.2.Final/hibernate-commons-annotations-5.1.2.Final.jar!/, jar:file:/C:/Users/User/.m2/repository/org/glassfish/jaxb/jaxb-runtime/2.3.5/jaxb-runtime-2.3.5.jar!/, jar:file:/C:/Users/User/.m2/repository/org/glassfish/jaxb/txw2/2.3.5/txw2-2.3.5.jar!/, jar:file:/C:/Users/User/.m2/repository/com/sun/istack/istack-commons-runtime/3.0.12/istack-commons-runtime-3.0.12.jar!/, jar:file:/C:/Users/User/.m2/repository/com/sun/activation/jakarta.activation/1.2.2/jakarta.activation-1.2.2.jar!/, jar:file:/C:/Users/User/.m2/repository/org/springframework/data/spring-data-jpa/2.5.4/spring-data-jpa-2.5.4.jar!/, jar:file:/C:/Users/User/.m2/repository/org/springframework/data/spring-data-commons/2.5.4/spring-data-commons-2.5.4.jar!/, jar:file:/C:/Users/User/.m2/repository/org/springframework/spring-orm/5.3.9/spring-orm-5.3.9.jar!/, jar:file:/C:/Users/User/.m2/repository/org/springframework/spring-tx/5.3.9/spring-tx-5.3.9.jar!/, jar:file:/C:/Users/User/.m2/repository/org/springframework/spring-aspects/5.3.9/spring-aspects-5.3.9.jar!/, jar:file:/C:/Users/User/.m2/repository/com/h2database/h2/1.4.200/h2-1.4.200.jar!/, jar:file:/C:/Users/User/.m2/repository/javax/persistence/javax.persistence-api/2.2/javax.persistence-api-2.2.jar!/, jar:file:/C:/Users/User/.m2/repository/org/springframework/boot/spring-boot-starter-test/2.5.4/spring-boot-starter-test-2.5.4.jar!/, jar:file:/C:/Users/User/.m2/repository/org/springframework/boot/spring-boot-test/2.5.4/spring-boot-test-2.5.4.jar!/, jar:file:/C:/Users/User/.m2/repository/org/springframework/boot/spring-boot-test-autoconfigure/2.5.4/spring-boot-test-autoconfigure-2.5.4.jar!/, jar:file:/C:/Users/User/.m2/repository/com/jayway/jsonpath/json-path/2.5.0/json-path-2.5.0.jar!/, jar:file:/C:/Users/User/.m2/repository/net/minidev/json-smart/2.4.7/json-smart-2.4.7.jar!/, jar:file:/C:/Users/User/.m2/repository/net/minidev/accessors-smart/2.4.7/accessors-smart-2.4.7.jar!/, jar:file:/C:/Users/User/.m2/repository/org/ow2/asm/asm/9.1/asm-9.1.jar!/, jar:file:/C:/Users/User/.m2/repository/jakarta/xml/bind/jakarta.xml.bind-api/2.3.3/jakarta.xml.bind-api-2.3.3.jar!/, jar:file:/C:/Users/User/.m2/repository/jakarta/activation/jakarta.activation-api/1.2.2/jakarta.activation-api-1.2.2.jar!/, jar:file:/C:/Users/User/.m2/repository/org/assertj/assertj-core/3.19.0/assertj-core-3.19.0.jar!/, jar:file:/C:/Users/User/.m2/repository/org/hamcrest/hamcrest/2.2/hamcrest-2.2.jar!/, jar:file:/C:/Users/User/.m2/repository/org/junit/jupiter/junit-jupiter/5.7.2/junit-jupiter-5.7.2.jar!/, jar:file:/C:/Users/User/.m2/repository/org/junit/jupiter/junit-jupiter-api/5.7.2/junit-jupiter-api-5.7.2.jar!/, jar:file:/C:/Users/User/.m2/repository/org/apiguardian/apiguardian-api/1.1.0/apiguardian-api-1.1.0.jar!/, jar:file:/C:/Users/User/.m2/repository/org/opentest4j/opentest4j/1.2.0/opentest4j-1.2.0.jar!/, jar:file:/C:/Users/User/.m2/repository/org/junit/platform/junit-platform-commons/1.7.2/junit-platform-commons-1.7.2.jar!/, jar:file:/C:/Users/User/.m2/repository/org/junit/jupiter/junit-jupiter-params/5.7.2/junit-jupiter-params-5.7.2.jar!/, jar:file:/C:/Users/User/.m2/repository/org/junit/jupiter/junit-jupiter-engine/5.7.2/junit-jupiter-engine-5.7.2.jar!/, jar:file:/C:/Users/User/.m2/repository/org/junit/platform/junit-platform-engine/1.7.2/junit-platform-engine-1.7.2.jar!/, jar:file:/C:/Users/User/.m2/repository/org/mockito/mockito-core/3.9.0/mockito-core-3.9.0.jar!/, jar:file:/C:/Users/User/.m2/repository/net/bytebuddy/byte-buddy-agent/1.10.22/byte-buddy-agent-1.10.22.jar!/, jar:file:/C:/Users/User/.m2/repository/org/objenesis/objenesis/3.2/objenesis-3.2.jar!/, jar:file:/C:/Users/User/.m2/repository/org/mockito/mockito-junit-jupiter/3.9.0/mockito-junit-jupiter-3.9.0.jar!/, jar:file:/C:/Users/User/.m2/repository/org/skyscreamer/jsonassert/1.5.0/jsonassert-1.5.0.jar!/, jar:file:/C:/Users/User/.m2/repository/com/vaadin/external/google/android-json/0.0.20131108.vaadin1/android-json-0.0.20131108.vaadin1.jar!/, jar:file:/C:/Users/User/.m2/repository/org/springframework/spring-core/5.3.9/spring-core-5.3.9.jar!/, jar:file:/C:/Users/User/.m2/repository/org/springframework/spring-jcl/5.3.9/spring-jcl-5.3.9.jar!/, jar:file:/C:/Users/User/.m2/repository/org/springframework/spring-test/5.3.9/spring-test-5.3.9.jar!/, jar:file:/C:/Users/User/.m2/repository/org/xmlunit/xmlunit-core/2.8.2/xmlunit-core-2.8.2.jar!/, jar:file:/C:/Users/User/.m2/repository/com/tngtech/archunit/archunit-junit5/1.1.0/archunit-junit5-1.1.0.jar!/, jar:file:/C:/Users/User/.m2/repository/com/tngtech/archunit/archunit-junit5-api/1.1.0/archunit-junit5-api-1.1.0.jar!/, jar:file:/C:/Users/User/.m2/repository/com/tngtech/archunit/archunit-junit5-engine/1.1.0/archunit-junit5-engine-1.1.0.jar!/, jar:file:/C:/Users/User/.m2/repository/com/tngtech/archunit/archunit-junit5-engine-api/1.1.0/archunit-junit5-engine-api-1.1.0.jar!/, jar:file:/C:/Users/User/.m2/repository/com/tngtech/archunit/archunit/1.1.0/archunit-1.1.0.jar!/, jar:file:/C:/Users/User/.m2/repository/org/slf4j/slf4j-api/1.7.32/slf4j-api-1.7.32.jar!/]
02:43:08.495 [main] DEBUG com.tngtech.archunit.core.importer.JavaClassProcessor - Processing class 'com/example/songs/model/Song'
02:43:08.496 [main] DEBUG com.tngtech.archunit.core.importer.JavaClassProcessor - Processing class 'com/example/songs/SongManagerApplication'
02:43:08.497 [main] DEBUG com.tngtech.archunit.core.importer.JavaClassProcessor - Processing class 'com/example/songs/controller/SongController'
02:43:08.497 [main] DEBUG com.tngtech.archunit.core.importer.JavaClassProcessor - Processing class 'com/example/songs/repository/SongRepository'
02:43:08.498 [main] DEBUG com.tngtech.archunit.core.importer.JavaClassProcessor - Processing class 'com/example/songs/service/SongService'
02:43:08.498 [main] DEBUG com.tngtech.archunit.core.importer.JavaClassProcessor - Processing class 'org/springframework/web/bind/annotation/PathVariable'
02:43:08.499 [main] DEBUG com.tngtech.archunit.core.importer.JavaClassProcessor - Processing class 'org/springframework/web/bind/annotation/RequestMapping'
02:43:08.499 [main] DEBUG com.tngtech.archunit.core.importer.JavaClassProcessor - Processing class 'org/springframework/http/ResponseEntity$BodyBuilder'
02:43:08.499 [main] DEBUG com.tngtech.archunit.core.importer.JavaClassProcessor - Processing class 'org/springframework/web/bind/annotation/RequestBody'
02:43:08.500 [main] DEBUG com.tngtech.archunit.core.importer.JavaClassProcessor - Processing class 'org/springframework/boot/SpringApplication'
02:43:08.501 [main] DEBUG com.tngtech.archunit.core.importer.JavaClassProcessor - Processing class 'org/springframework/web/bind/annotation/PutMapping'
02:43:08.502 [main] DEBUG com.tngtech.archunit.core.importer.JavaClassProcessor - Processing class 'java/lang/Long'
02:43:08.504 [main] DEBUG com.tngtech.archunit.core.importer.JavaClassProcessor - Processing class 'org/springframework/stereotype/Service'
02:43:08.504 [main] DEBUG com.tngtech.archunit.core.importer.JavaClassProcessor - Processing class 'org/springframework/web/bind/annotation/GetMapping'
02:43:08.504 [main] DEBUG com.tngtech.archunit.core.importer.JavaClassProcessor - Processing class 'java/lang/String'
02:43:08.506 [main] DEBUG com.tngtech.archunit.core.importer.JavaClassProcessor - Processing class 'org/springframework/web/bind/annotation/DeleteMapping'
02:43:08.507 [main] DEBUG com.tngtech.archunit.core.importer.JavaClassProcessor - Processing class 'javax/persistence/Id'
02:43:08.507 [main] DEBUG com.tngtech.archunit.core.importer.JavaClassProcessor - Processing class 'javax/persistence/Entity'
02:43:08.507 [main] DEBUG com.tngtech.archunit.core.importer.JavaClassProcessor - Processing class 'org/springframework/web/bind/annotation/PostMapping'
02:43:08.507 [main] DEBUG com.tngtech.archunit.core.importer.JavaClassProcessor - Processing class 'java/lang/Void'
02:43:08.508 [main] DEBUG com.tngtech.archunit.core.importer.JavaClassProcessor - Processing class 'org/springframework/boot/autoconfigure/SpringBootApplication'
02:43:08.508 [main] DEBUG com.tngtech.archunit.core.importer.JavaClassProcessor - Processing class 'java/lang/RuntimeException'
02:43:08.508 [main] DEBUG com.tngtech.archunit.core.importer.JavaClassProcessor - Processing class 'org/springframework/web/bind/annotation/RestController'
02:43:08.509 [main] DEBUG com.tngtech.archunit.core.importer.JavaClassProcessor - Processing class 'javax/persistence/GenerationType'
02:43:08.509 [main] DEBUG com.tngtech.archunit.core.importer.JavaClassProcessor - Processing class 'java/util/List'
02:43:08.510 [main] DEBUG com.tngtech.archunit.core.importer.JavaClassProcessor - Processing class 'javax/persistence/GeneratedValue'
02:43:08.510 [main] DEBUG com.tngtech.archunit.core.importer.JavaClassProcessor - Processing class 'java/util/Optional'
02:43:08.510 [main] DEBUG com.tngtech.archunit.core.importer.JavaClassProcessor - Processing class 'java/lang/Object'
02:43:08.511 [main] DEBUG com.tngtech.archunit.core.importer.JavaClassProcessor - Processing class 'org/springframework/http/ResponseEntity'
02:43:08.511 [main] DEBUG com.tngtech.archunit.core.importer.JavaClassProcessor - Processing class 'org/springframework/http/ResponseEntity$HeadersBuilder'
02:43:08.512 [main] DEBUG com.tngtech.archunit.core.importer.JavaClassProcessor - Processing class 'org/springframework/data/jpa/repository/JpaRepository'
02:43:08.512 [main] DEBUG com.tngtech.archunit.core.importer.JavaClassProcessor - Processing class 'java/lang/annotation/Inherited'
02:43:08.512 [main] DEBUG com.tngtech.archunit.core.importer.JavaClassProcessor - Processing class 'org/springframework/context/annotation/ComponentScan$Filter'
02:43:08.512 [main] DEBUG com.tngtech.archunit.core.importer.JavaClassProcessor - Processing class 'java/lang/Enum'
02:43:08.512 [main] DEBUG com.tngtech.archunit.core.importer.JavaClassProcessor - Processing class 'org/springframework/context/ConfigurableApplicationContext'
02:43:08.512 [main] DEBUG com.tngtech.archunit.core.importer.JavaClassProcessor - Processing class 'java/lang/annotation/Documented'
02:43:08.513 [main] DEBUG com.tngtech.archunit.core.importer.JavaClassProcessor - Processing class 'java/lang/CharSequence'
02:43:08.513 [main] DEBUG com.tngtech.archunit.core.importer.JavaClassProcessor - Processing class 'org/springframework/data/repository/PagingAndSortingRepository'
02:43:08.513 [main] DEBUG com.tngtech.archunit.core.importer.JavaClassProcessor - Processing class 'org/springframework/http/HttpHeaders'
02:43:08.515 [main] DEBUG com.tngtech.archunit.core.importer.JavaClassProcessor - Processing class 'java/util/Collection'
02:43:08.515 [main] DEBUG com.tngtech.archunit.core.importer.JavaClassProcessor - Processing class 'org/springframework/web/bind/annotation/RequestMethod'
02:43:08.516 [main] DEBUG com.tngtech.archunit.core.importer.JavaClassProcessor - Processing class 'org/springframework/context/ApplicationListener'
02:43:08.516 [main] DEBUG com.tngtech.archunit.core.importer.JavaClassProcessor - Processing class 'java/lang/Exception'
02:43:08.516 [main] DEBUG com.tngtech.archunit.core.importer.JavaClassProcessor - Processing class 'java/io/Serializable'
02:43:08.516 [main] DEBUG com.tngtech.archunit.core.importer.JavaClassProcessor - Processing class 'org/springframework/context/annotation/Configuration'
02:43:08.516 [main] DEBUG com.tngtech.archunit.core.importer.JavaClassProcessor - Processing class 'org/springframework/http/HttpEntity'
02:43:08.517 [main] DEBUG com.tngtech.archunit.core.importer.JavaClassProcessor - Processing class 'org/springframework/beans/factory/support/BeanNameGenerator'
02:43:08.517 [main] DEBUG com.tngtech.archunit.core.importer.JavaClassProcessor - Processing class 'org/springframework/boot/SpringBootExceptionReporter'
02:43:08.517 [main] DEBUG com.tngtech.archunit.core.importer.JavaClassProcessor - Processing class 'java/lang/annotation/Annotation'
02:43:08.517 [main] DEBUG com.tngtech.archunit.core.importer.JavaClassProcessor - Processing class 'java/lang/Throwable'
02:43:08.518 [main] DEBUG com.tngtech.archunit.core.importer.JavaClassProcessor - Processing class 'org/springframework/boot/autoconfigure/AutoConfigurationExcludeFilter'
02:43:08.518 [main] DEBUG com.tngtech.archunit.core.importer.JavaClassProcessor - Processing class 'org/springframework/stereotype/Controller'
02:43:08.518 [main] DEBUG com.tngtech.archunit.core.importer.JavaClassProcessor - Processing class 'org/springframework/boot/context/TypeExcludeFilter'
02:43:08.518 [main] DEBUG com.tngtech.archunit.core.importer.JavaClassProcessor - Processing class 'java/lang/annotation/Retention'
02:43:08.518 [main] DEBUG com.tngtech.archunit.core.importer.JavaClassProcessor - Processing class 'org/springframework/data/repository/NoRepositoryBean'
02:43:08.518 [main] DEBUG com.tngtech.archunit.core.importer.JavaClassProcessor - Processing class 'org/springframework/boot/BootstrapRegistryInitializer'
02:43:08.518 [main] DEBUG com.tngtech.archunit.core.importer.JavaClassProcessor - Processing class 'jdk/internal/HotSpotIntrinsicCandidate'
02:43:08.519 [main] DEBUG com.tngtech.archunit.core.importer.JavaClassProcessor - Processing class 'org/springframework/lang/Nullable'
02:43:08.519 [main] DEBUG com.tngtech.archunit.core.importer.JavaClassProcessor - Processing class 'java/lang/Number'
02:43:08.519 [main] DEBUG com.tngtech.archunit.core.importer.JavaClassProcessor - Processing class 'org/springframework/context/annotation/FilterType'
02:43:08.519 [main] DEBUG com.tngtech.archunit.core.importer.JavaClassProcessor - Processing class 'org/springframework/core/annotation/AliasFor'
02:43:08.519 [main] DEBUG com.tngtech.archunit.core.importer.JavaClassProcessor - Processing class 'java/lang/SafeVarargs'
02:43:08.519 [main] DEBUG com.tngtech.archunit.core.importer.JavaClassProcessor - Processing class 'jdk/internal/vm/annotation/Stable'
02:43:08.519 [main] DEBUG com.tngtech.archunit.core.importer.JavaClassProcessor - Processing class 'org/springframework/boot/autoconfigure/EnableAutoConfiguration'
02:43:08.520 [main] DEBUG com.tngtech.archunit.core.importer.JavaClassProcessor - Processing class 'java/lang/Deprecated'
02:43:08.520 [main] DEBUG com.tngtech.archunit.core.importer.JavaClassProcessor - Processing class 'java/lang/annotation/Target'
02:43:08.520 [main] DEBUG com.tngtech.archunit.core.importer.JavaClassProcessor - Processing class 'org/springframework/core/env/StandardEnvironment'
02:43:08.520 [main] DEBUG com.tngtech.archunit.core.importer.JavaClassProcessor - Processing class 'java/lang/annotation/ElementType'
02:43:08.521 [main] DEBUG com.tngtech.archunit.core.importer.JavaClassProcessor - Processing class 'org/springframework/web/bind/annotation/ResponseBody'
02:43:08.521 [main] DEBUG com.tngtech.archunit.core.importer.JavaClassProcessor - Processing class 'org/springframework/context/annotation/ComponentScan'
02:43:08.521 [main] DEBUG com.tngtech.archunit.core.importer.JavaClassProcessor - Processing class 'org/springframework/data/repository/query/QueryByExampleExecutor'
02:43:08.521 [main] DEBUG com.tngtech.archunit.core.importer.JavaClassProcessor - Processing class 'org/springframework/stereotype/Component'
02:43:08.521 [main] DEBUG com.tngtech.archunit.core.importer.JavaClassProcessor - Processing class 'org/springframework/boot/SpringBootConfiguration'
02:43:08.522 [main] DEBUG com.tngtech.archunit.core.importer.JavaClassProcessor - Processing class 'java/lang/Class'
02:43:08.524 [main] DEBUG com.tngtech.archunit.core.importer.JavaClassProcessor - Processing class 'java/lang/Comparable'
02:43:08.525 [main] DEBUG com.tngtech.archunit.core.importer.JavaClassProcessor - Processing class 'org/springframework/context/ApplicationContextInitializer'
02:43:08.525 [main] DEBUG com.tngtech.archunit.core.importer.JavaClassProcessor - Processing class 'java/lang/annotation/RetentionPolicy'
02:43:08.525 [main] DEBUG com.tngtech.archunit.core.importer.JavaClassProcessor - Processing class 'org/springframework/web/bind/annotation/Mapping'
02:43:08.526 [main] DEBUG com.tngtech.archunit.core.importer.JavaClassProcessor - Processing class 'org/springframework/core/type/filter/TypeFilter'
02:43:08.526 [main] DEBUG com.tngtech.archunit.core.importer.JavaClassProcessor - Processing class 'java/util/Locale'
02:43:08.527 [main] DEBUG com.tngtech.archunit.core.importer.JavaClassProcessor - Processing class 'java/lang/reflect/Method'
02:43:08.528 [main] DEBUG com.tngtech.archunit.core.importer.JavaClassProcessor - Processing class 'org/springframework/context/PayloadApplicationEvent'
02:43:08.528 [main] DEBUG com.tngtech.archunit.core.importer.JavaClassProcessor - Processing class 'org/springframework/boot/autoconfigure/AutoConfigurationImportSelector'
02:43:08.529 [main] DEBUG com.tngtech.archunit.core.importer.JavaClassProcessor - Processing class 'jdk/internal/vm/annotation/ForceInline'
02:43:08.529 [main] DEBUG com.tngtech.archunit.core.importer.JavaClassProcessor - Processing class 'org/springframework/http/MediaType'
02:43:08.529 [main] DEBUG com.tngtech.archunit.core.importer.JavaClassProcessor - Processing class 'java/util/Locale$LanguageRange'
02:43:08.530 [main] DEBUG com.tngtech.archunit.core.importer.JavaClassProcessor - Processing class 'java/util/EventListener'
02:43:08.530 [main] DEBUG com.tngtech.archunit.core.importer.JavaClassProcessor - Processing class 'java/lang/Class$ReflectionData'
02:43:08.530 [main] DEBUG com.tngtech.archunit.core.importer.JavaClassProcessor - Processing class 'java/lang/reflect/Type'
02:43:08.530 [main] DEBUG com.tngtech.archunit.core.importer.JavaClassProcessor - Processing class 'jdk/internal/reflect/CallerSensitive'
02:43:08.530 [main] DEBUG com.tngtech.archunit.core.importer.JavaClassProcessor - Processing class 'org/springframework/beans/factory/BeanClassLoaderAware'
02:43:08.530 [main] DEBUG com.tngtech.archunit.core.importer.JavaClassProcessor - Processing class 'org/springframework/context/annotation/AnnotationScopeMetadataResolver'
02:43:08.530 [main] DEBUG com.tngtech.archunit.core.importer.JavaClassProcessor - Processing class 'java/lang/reflect/AnnotatedElement'
02:43:08.531 [main] DEBUG com.tngtech.archunit.core.importer.JavaClassProcessor - Processing class 'org/springframework/boot/autoconfigure/AutoConfigurationPackage'
02:43:08.531 [main] DEBUG com.tngtech.archunit.core.importer.JavaClassProcessor - Processing class 'org/springframework/data/repository/CrudRepository'
02:43:08.531 [main] DEBUG com.tngtech.archunit.core.importer.JavaClassProcessor - Processing class 'java/lang/Iterable'
02:43:08.531 [main] DEBUG com.tngtech.archunit.core.importer.JavaClassProcessor - Processing class 'java/lang/FunctionalInterface'
02:43:08.531 [main] DEBUG com.tngtech.archunit.core.importer.JavaClassProcessor - Processing class 'java/nio/charset/Charset'
02:43:08.532 [main] DEBUG com.tngtech.archunit.core.importer.JavaClassProcessor - Processing class 'java/lang/annotation/Repeatable'
02:43:08.532 [main] DEBUG com.tngtech.archunit.core.importer.JavaClassProcessor - Processing class 'org/springframework/beans/factory/BeanFactoryAware'
02:43:08.532 [main] DEBUG com.tngtech.archunit.core.importer.JavaClassProcessor - Processing class 'org/springframework/context/annotation/ComponentScans'
02:43:08.532 [main] DEBUG com.tngtech.archunit.core.importer.JavaClassProcessor - Processing class 'org/springframework/stereotype/Indexed'
02:43:08.532 [main] DEBUG com.tngtech.archunit.core.importer.JavaClassProcessor - Processing class 'java/lang/reflect/GenericDeclaration'
02:43:08.532 [main] DEBUG com.tngtech.archunit.core.importer.JavaClassProcessor - Processing class 'java/util/Map$Entry'
02:43:08.533 [main] DEBUG com.tngtech.archunit.core.importer.JavaClassProcessor - Processing class 'org/springframework/http/HttpMethod'
02:43:08.533 [main] DEBUG com.tngtech.archunit.core.importer.JavaClassProcessor - Processing class 'org/springframework/context/annotation/ScopedProxyMode'
02:43:08.533 [main] DEBUG com.tngtech.archunit.core.importer.JavaClassProcessor - Processing class 'org/springframework/util/MultiValueMap'
02:43:08.533 [main] DEBUG com.tngtech.archunit.core.importer.JavaClassProcessor - Processing class 'org/springframework/context/annotation/Import'
02:43:08.533 [main] DEBUG com.tngtech.archunit.core.importer.JavaClassProcessor - Processing class 'org/springframework/http/HttpRange'
02:43:08.534 [main] DEBUG com.tngtech.archunit.core.importer.JavaClassProcessor - Processing class 'java/lang/reflect/Field'
02:43:08.534 [main] DEBUG com.tngtech.archunit.core.importer.JavaClassProcessor - Processing class 'org/springframework/context/ApplicationContext'
02:43:08.534 [main] DEBUG com.tngtech.archunit.core.importer.JavaClassProcessor - Processing class 'org/springframework/context/Lifecycle'
02:43:08.534 [main] DEBUG com.tngtech.archunit.core.importer.JavaClassProcessor - Processing class 'org/springframework/context/ApplicationEvent'
02:43:08.535 [main] DEBUG com.tngtech.archunit.core.importer.JavaClassProcessor - Processing class 'org/springframework/context/annotation/ScopeMetadataResolver'
02:43:08.535 [main] DEBUG com.tngtech.archunit.core.importer.JavaClassProcessor - Processing class 'java/io/Closeable'
02:43:08.535 [main] DEBUG com.tngtech.archunit.core.importer.JavaClassProcessor - Processing class 'org/springframework/core/env/AbstractEnvironment'
02:43:08.535 [main] DEBUG com.tngtech.archunit.core.importer.JavaClassProcessor - Processing class 'org/springframework/beans/factory/HierarchicalBeanFactory'
02:43:08.536 [main] DEBUG com.tngtech.archunit.core.importer.JavaClassProcessor - Processing class 'org/springframework/boot/autoconfigure/AutoConfigurationImportListener'
02:43:08.536 [main] DEBUG com.tngtech.archunit.core.importer.JavaClassProcessor - Processing class 'java/nio/charset/spi/CharsetProvider'
02:43:08.536 [main] DEBUG com.tngtech.archunit.core.importer.JavaClassProcessor - Processing class 'java/lang/AutoCloseable'
02:43:08.536 [main] DEBUG com.tngtech.archunit.core.importer.JavaClassProcessor - Processing class 'java/util/EventObject'
02:43:08.536 [main] DEBUG com.tngtech.archunit.core.importer.JavaClassProcessor - Processing class 'org/springframework/util/MimeType'
02:43:08.537 [main] DEBUG com.tngtech.archunit.core.importer.JavaClassProcessor - Processing class 'java/lang/Character'
02:43:08.538 [main] DEBUG com.tngtech.archunit.core.importer.JavaClassProcessor - Processing class 'org/springframework/data/repository/Repository'
02:43:08.538 [main] DEBUG com.tngtech.archunit.core.importer.JavaClassProcessor - Processing class 'java/util/Map'
02:43:08.539 [main] DEBUG com.tngtech.archunit.core.importer.JavaClassProcessor - Processing class 'org/springframework/context/ApplicationEventPublisher'
02:43:08.539 [main] DEBUG com.tngtech.archunit.core.importer.JavaClassProcessor - Processing class 'java/lang/reflect/Executable'
02:43:08.539 [main] DEBUG com.tngtech.archunit.core.importer.JavaClassProcessor - Processing class 'org/springframework/boot/autoconfigure/AutoConfigurationPackages$Registrar'
02:43:08.539 [main] DEBUG com.tngtech.archunit.core.importer.JavaClassProcessor - Processing class 'java/lang/Cloneable'
02:43:08.539 [main] DEBUG com.tngtech.archunit.core.importer.JavaClassProcessor - Processing class 'java/lang/ThreadLocal'
02:43:08.540 [main] DEBUG com.tngtech.archunit.core.importer.JavaClassProcessor - Processing class 'java/lang/reflect/Member'
02:43:08.540 [main] DEBUG com.tngtech.archunit.core.importer.JavaClassProcessor - Processing class 'sun/util/locale/LocaleExtensions'
02:43:08.540 [main] DEBUG com.tngtech.archunit.core.importer.JavaClassProcessor - Processing class 'org/springframework/beans/factory/ListableBeanFactory'
02:43:08.540 [main] DEBUG com.tngtech.archunit.core.importer.JavaClassProcessor - Processing class 'org/springframework/core/Ordered'
02:43:08.541 [main] DEBUG com.tngtech.archunit.core.importer.JavaClassProcessor - Processing class 'org/springframework/context/annotation/DeferredImportSelector'
02:43:08.541 [main] DEBUG com.tngtech.archunit.core.importer.JavaClassProcessor - Processing class 'org/springframework/beans/factory/Aware'
02:43:08.541 [main] DEBUG com.tngtech.archunit.core.importer.JavaClassProcessor - Processing class 'org/springframework/core/ResolvableTypeProvider'
02:43:08.541 [main] DEBUG com.tngtech.archunit.core.importer.JavaClassProcessor - Processing class 'org/springframework/core/io/support/ResourceRegion'
02:43:08.541 [main] DEBUG com.tngtech.archunit.core.importer.JavaClassProcessor - Processing class 'org/springframework/boot/autoconfigure/AutoConfigurationImportFilter'
02:43:08.542 [main] DEBUG com.tngtech.archunit.core.importer.JavaClassProcessor - Processing class 'org/springframework/core/env/ConfigurableEnvironment'
02:43:08.542 [main] DEBUG com.tngtech.archunit.core.importer.JavaClassProcessor - Processing class 'org/springframework/core/env/EnvironmentCapable'
02:43:08.542 [main] DEBUG com.tngtech.archunit.core.importer.JavaClassProcessor - Processing class 'org/springframework/context/MessageSource'
02:43:08.542 [main] DEBUG com.tngtech.archunit.core.importer.JavaClassProcessor - Processing class 'java/lang/reflect/AccessibleObject'
02:43:08.543 [main] DEBUG com.tngtech.archunit.core.importer.JavaClassProcessor - Processing class 'org/springframework/context/ResourceLoaderAware'
02:43:08.543 [main] DEBUG com.tngtech.archunit.core.importer.JavaClassProcessor - Processing class 'org/springframework/context/annotation/DeferredImportSelector$Group'
02:43:08.543 [main] DEBUG com.tngtech.archunit.core.importer.JavaClassProcessor - Processing class 'org/springframework/context/EnvironmentAware'
02:43:08.543 [main] DEBUG com.tngtech.archunit.core.importer.JavaClassProcessor - Processing class 'org/springframework/core/io/support/ResourcePatternResolver'
02:43:08.543 [main] DEBUG com.tngtech.archunit.core.importer.JavaClassProcessor - Processing class 'sun/util/locale/Extension'
02:43:08.544 [main] DEBUG com.tngtech.archunit.core.importer.JavaClassProcessor - Processing class 'org/springframework/core/env/ConfigurablePropertyResolver'
02:43:08.544 [main] DEBUG com.tngtech.archunit.core.importer.JavaClassProcessor - Processing class 'org/springframework/context/annotation/DeferredImportSelector$Group$Entry'
02:43:08.544 [main] DEBUG com.tngtech.archunit.core.importer.JavaClassProcessor - Processing class 'org/springframework/context/annotation/ImportBeanDefinitionRegistrar'
02:43:08.544 [main] DEBUG com.tngtech.archunit.core.importer.JavaClassProcessor - Processing class 'org/springframework/context/annotation/ImportSelector'
02:43:08.544 [main] DEBUG com.tngtech.archunit.core.importer.JavaClassProcessor - Processing class 'org/springframework/core/io/ResourceLoader'
02:43:08.544 [main] DEBUG com.tngtech.archunit.core.importer.JavaClassProcessor - Processing class 'org/springframework/boot/autoconfigure/AutoConfigurationPackages'
02:43:08.545 [main] DEBUG com.tngtech.archunit.core.importer.JavaClassProcessor - Processing class 'org/springframework/boot/context/annotation/DeterminableImports'
02:43:08.545 [main] DEBUG com.tngtech.archunit.core.importer.JavaClassProcessor - Processing class 'org/springframework/core/env/Environment'
02:43:08.545 [main] DEBUG com.tngtech.archunit.core.importer.JavaClassProcessor - Processing class 'org/springframework/beans/factory/BeanFactory'
02:43:08.545 [main] DEBUG com.tngtech.archunit.core.importer.JavaClassProcessor - Processing class 'sun/util/locale/InternalLocaleBuilder$CaseInsensitiveString'
02:43:08.545 [main] DEBUG com.tngtech.archunit.core.importer.JavaClassProcessor - Processing class 'sun/util/locale/InternalLocaleBuilder$CaseInsensitiveChar'
02:43:08.545 [main] DEBUG com.tngtech.archunit.core.importer.JavaClassProcessor - Processing class 'org/springframework/core/env/PropertyResolver'
02:43:08.546 [main] DEBUG com.tngtech.archunit.core.importer.JavaClassProcessor - Processing class 'sun/util/locale/InternalLocaleBuilder'
02:43:08.547 [main] DEBUG com.tngtech.archunit.core.importer.JavaClassProcessor - Processing class 'java/io/IOException'
02:43:08.548 [main] DEBUG com.tngtech.archunit.core.importer.JavaClassProcessor - Processing class 'java/util/stream/IntStream'
02:43:08.549 [main] DEBUG com.tngtech.archunit.core.importer.JavaClassProcessor - Processing class 'java/lang/reflect/Constructor'
02:43:08.550 [main] DEBUG com.tngtech.archunit.core.importer.JavaClassProcessor - Processing class 'java/lang/Class$AnnotationData'
02:43:08.550 [main] DEBUG com.tngtech.archunit.core.importer.JavaClassProcessor - Processing class 'jdk/internal/reflect/ReflectionFactory'
02:43:08.551 [main] DEBUG com.tngtech.archunit.core.importer.JavaClassProcessor - Processing class 'java/lang/ClassValue$ClassValueMap'
02:43:08.552 [main] DEBUG com.tngtech.archunit.core.importer.JavaClassProcessor - Processing class 'sun/reflect/annotation/AnnotationType'
02:43:08.552 [main] DEBUG com.tngtech.archunit.core.importer.JavaClassProcessor - Processing class 'java/lang/Module'
02:43:08.553 [main] DEBUG com.tngtech.archunit.core.importer.JavaClassProcessor - Processing class 'java/security/ProtectionDomain'
02:43:08.553 [main] DEBUG com.tngtech.archunit.core.importer.JavaClassProcessor - Processing class 'java/lang/ClassLoader'
02:43:08.555 [main] DEBUG com.tngtech.archunit.core.importer.JavaClassProcessor - Processing class 'java/lang/ref/SoftReference'
02:43:08.555 [main] DEBUG com.tngtech.archunit.core.importer.JavaClassProcessor - Processing class 'sun/reflect/generics/repository/ClassRepository'
02:43:08.556 [main] DEBUG com.tngtech.archunit.core.importer.JavaClassProcessor - Processing class 'java/io/ObjectStreamField'
02:43:08.556 [main] DEBUG com.tngtech.archunit.core.importer.JavaClassProcessor - Processing class 'java/lang/SecurityException'
02:43:08.556 [main] DEBUG com.tngtech.archunit.core.importer.JavaClassProcessor - Processing class 'java/lang/NoSuchMethodException'
02:43:08.556 [main] DEBUG com.tngtech.archunit.core.importer.JavaClassProcessor - Processing class 'java/lang/NoSuchFieldException'
02:43:08.557 [main] DEBUG com.tngtech.archunit.core.importer.JavaClassProcessor - Processing class 'java/lang/reflect/TypeVariable'
02:43:08.557 [main] DEBUG com.tngtech.archunit.core.importer.JavaClassProcessor - Processing class 'java/lang/reflect/AnnotatedType'
02:43:08.557 [main] DEBUG com.tngtech.archunit.core.importer.JavaClassProcessor - Processing class 'java/lang/InstantiationException'
02:43:08.557 [main] DEBUG com.tngtech.archunit.core.importer.JavaClassProcessor - Processing class 'java/lang/IllegalAccessException'
02:43:08.557 [main] DEBUG com.tngtech.archunit.core.importer.JavaClassProcessor - Processing class 'java/io/InputStream'
02:43:08.558 [main] DEBUG com.tngtech.archunit.core.importer.JavaClassProcessor - Processing class 'java/lang/ClassNotFoundException'
02:43:08.558 [main] DEBUG com.tngtech.archunit.core.importer.JavaClassProcessor - Processing class 'java/net/URL'
02:43:08.559 [main] DEBUG com.tngtech.archunit.core.importer.JavaClassProcessor - Processing class 'jdk/internal/reflect/ConstantPool'
02:43:08.559 [main] DEBUG com.tngtech.archunit.core.importer.JavaClassProcessor - Processing class 'java/lang/SecurityManager'
02:43:08.560 [main] DEBUG com.tngtech.archunit.core.importer.JavaClassProcessor - Processing class 'java/lang/Package'
02:43:08.560 [main] DEBUG com.tngtech.archunit.core.importer.JavaClassProcessor - Processing class 'java/lang/PublicMethods$MethodList'
02:43:08.561 [main] DEBUG com.tngtech.archunit.core.importer.JavaClassProcessor - Processing class 'sun/reflect/generics/factory/GenericsFactory'
02:43:08.561 [main] DEBUG com.tngtech.archunit.core.importer.JavaClassProcessor - Processing class 'java/lang/Class$EnclosingMethodInfo'
02:43:08.563 [main] DEBUG com.tngtech.archunit.core.importer.JavaClassProcessor - Processing class 'java/lang/CloneNotSupportedException'
02:43:08.563 [main] DEBUG com.tngtech.archunit.core.importer.JavaClassProcessor - Processing class 'java/io/ObjectInputStream'
02:43:08.564 [main] DEBUG com.tngtech.archunit.core.importer.JavaClassProcessor - Processing class 'java/io/ObjectStreamException'
02:43:08.564 [main] DEBUG com.tngtech.archunit.core.importer.JavaClassProcessor - Processing class 'java/util/Iterator'
02:43:08.564 [main] DEBUG com.tngtech.archunit.core.importer.JavaClassProcessor - Processing class 'java/util/function/Consumer'
02:43:08.565 [main] DEBUG com.tngtech.archunit.core.importer.JavaClassProcessor - Processing class 'java/util/Spliterator'
02:43:08.565 [main] DEBUG com.tngtech.archunit.core.importer.JavaClassProcessor - Processing class 'java/lang/NumberFormatException'
02:43:08.566 [main] DEBUG com.tngtech.archunit.core.importer.JavaClassProcessor - Processing class 'java/math/BigInteger'
02:43:08.569 [main] DEBUG com.tngtech.archunit.core.importer.JavaClassProcessor - Processing class 'java/lang/InterruptedException'
02:43:08.569 [main] DEBUG com.tngtech.archunit.core.importer.JavaClassProcessor - Processing class 'java/util/Comparator'
02:43:08.570 [main] DEBUG com.tngtech.archunit.core.importer.JavaClassProcessor - Processing class 'java/util/stream/Stream'
02:43:08.570 [main] DEBUG com.tngtech.archunit.core.importer.JavaClassProcessor - Processing class 'java/lang/StringBuffer'
02:43:08.571 [main] DEBUG com.tngtech.archunit.core.importer.JavaClassProcessor - Processing class 'java/lang/AbstractStringBuilder'
02:43:08.572 [main] DEBUG com.tngtech.archunit.core.importer.JavaClassProcessor - Processing class 'java/io/UnsupportedEncodingException'
02:43:08.572 [main] DEBUG com.tngtech.archunit.core.importer.JavaClassProcessor - Processing class 'java/lang/StringBuilder'
02:43:08.573 [main] DEBUG com.tngtech.archunit.core.importer.JavaClassProcessor - Processing class 'java/util/concurrent/atomic/AtomicInteger'
02:43:08.574 [main] DEBUG com.tngtech.archunit.core.importer.JavaClassProcessor - Processing class 'java/lang/Thread'
02:43:08.574 [main] DEBUG com.tngtech.archunit.core.importer.JavaClassProcessor - Processing class 'java/lang/ThreadLocal$ThreadLocalMap'
02:43:08.575 [main] DEBUG com.tngtech.archunit.core.importer.JavaClassProcessor - Processing class 'java/util/function/Supplier'
02:43:08.575 [main] DEBUG com.tngtech.archunit.core.importer.JavaClassProcessor - Processing class 'java/lang/StackTraceElement'
02:43:08.575 [main] DEBUG com.tngtech.archunit.core.importer.JavaClassProcessor - Processing class 'java/io/PrintStream'
02:43:08.576 [main] DEBUG com.tngtech.archunit.core.importer.JavaClassProcessor - Processing class 'java/io/ObjectOutputStream'
02:43:08.577 [main] DEBUG com.tngtech.archunit.core.importer.JavaClassProcessor - Processing class 'java/io/PrintWriter'
02:43:08.578 [main] DEBUG com.tngtech.archunit.core.importer.JavaClassProcessor - Processing class 'java/lang/Throwable$PrintStreamOrWriter'
02:43:08.578 [main] DEBUG com.tngtech.archunit.core.importer.JavaClassProcessor - Processing class 'java/util/Set'
02:43:08.580 [main] DEBUG com.tngtech.archunit.core.importer.JavaClassProcessor - Processing class 'java/lang/reflect/Parameter'
02:43:08.580 [main] DEBUG com.tngtech.archunit.core.importer.JavaClassProcessor - Processing class 'sun/reflect/generics/repository/ConstructorRepository'
02:43:08.581 [main] DEBUG com.tngtech.archunit.core.importer.JavaClassProcessor - Processing class 'jdk/internal/reflect/FieldAccessor'
02:43:08.581 [main] DEBUG com.tngtech.archunit.core.importer.JavaClassProcessor - Processing class 'sun/reflect/generics/repository/FieldRepository'
02:43:08.582 [main] DEBUG com.tngtech.archunit.core.importer.JavaClassProcessor - Processing class 'java/lang/IllegalArgumentException'
02:43:08.582 [main] DEBUG com.tngtech.archunit.core.importer.JavaClassProcessor - Processing class 'sun/reflect/generics/repository/MethodRepository'
02:43:08.582 [main] DEBUG com.tngtech.archunit.core.importer.JavaClassProcessor - Processing class 'jdk/internal/reflect/MethodAccessor'
02:43:08.583 [main] DEBUG com.tngtech.archunit.core.importer.JavaClassProcessor - Processing class 'java/lang/reflect/InvocationTargetException'
02:43:08.583 [main] DEBUG com.tngtech.archunit.core.importer.JavaClassProcessor - Processing class 'java/util/SortedMap'
02:43:08.583 [main] DEBUG com.tngtech.archunit.core.importer.JavaClassProcessor - Processing class 'java/nio/ByteBuffer'
02:43:08.584 [main] DEBUG com.tngtech.archunit.core.importer.JavaClassProcessor - Processing class 'java/nio/CharBuffer'
02:43:08.584 [main] DEBUG com.tngtech.archunit.core.importer.JavaClassProcessor - Processing class 'java/nio/charset/CharsetEncoder'
02:43:08.585 [main] DEBUG com.tngtech.archunit.core.importer.JavaClassProcessor - Processing class 'java/nio/charset/CharsetDecoder'
02:43:08.585 [main] DEBUG com.tngtech.archunit.core.importer.JavaClassProcessor - Processing class 'java/util/function/IntFunction'
02:43:08.585 [main] DEBUG com.tngtech.archunit.core.importer.JavaClassProcessor - Processing class 'java/util/function/Predicate'
02:43:08.586 [main] DEBUG com.tngtech.archunit.core.importer.JavaClassProcessor - Processing class 'java/util/ListIterator'
02:43:08.586 [main] DEBUG com.tngtech.archunit.core.importer.JavaClassProcessor - Processing class 'java/util/function/UnaryOperator'
02:43:08.586 [main] DEBUG com.tngtech.archunit.core.importer.JavaClassProcessor - Processing class 'java/util/Locale$Cache'
02:43:08.587 [main] DEBUG com.tngtech.archunit.core.importer.JavaClassProcessor - Processing class 'sun/util/locale/BaseLocale'
02:43:08.587 [main] DEBUG com.tngtech.archunit.core.importer.JavaClassProcessor - Processing class 'sun/util/locale/provider/LocaleResources'
02:43:08.587 [main] DEBUG com.tngtech.archunit.core.importer.JavaClassProcessor - Processing class 'java/util/Locale$FilteringMode'
02:43:08.588 [main] DEBUG com.tngtech.archunit.core.importer.JavaClassProcessor - Processing class 'java/util/Locale$Category'
02:43:08.588 [main] DEBUG com.tngtech.archunit.core.importer.JavaClassProcessor - Processing class 'java/util/MissingResourceException'
02:43:08.588 [main] DEBUG com.tngtech.archunit.core.importer.JavaClassProcessor - Processing class 'java/util/Locale$IsoCountryCode'
02:43:08.589 [main] DEBUG com.tngtech.archunit.core.importer.JavaClassProcessor - Processing class 'java/util/function/BiFunction'
02:43:08.590 [main] DEBUG com.tngtech.archunit.core.importer.JavaClassProcessor - Processing class 'java/util/function/Function'
02:43:08.590 [main] DEBUG com.tngtech.archunit.core.importer.JavaClassProcessor - Processing class 'java/util/function/BiConsumer'
02:43:08.590 [main] DEBUG com.tngtech.archunit.core.importer.JavaClassProcessor - Processing class 'java/lang/invoke/SerializedLambda'
02:43:08.591 [main] DEBUG com.tngtech.archunit.core.importer.JavaClassProcessor - Processing class 'java/lang/Runnable'
02:43:08.592 [main] DEBUG com.tngtech.archunit.core.importer.JavaClassProcessor - Processing class 'org/springframework/beans/factory/NoSuchBeanDefinitionException'
02:43:08.592 [main] DEBUG com.tngtech.archunit.core.importer.JavaClassProcessor - Processing class 'org/springframework/beans/BeansException'
02:43:08.592 [main] DEBUG com.tngtech.archunit.core.importer.JavaClassProcessor - Processing class 'org/springframework/beans/factory/ObjectProvider'
02:43:08.593 [main] DEBUG com.tngtech.archunit.core.importer.JavaClassProcessor - Processing class 'org/springframework/core/ResolvableType'
02:43:08.594 [main] DEBUG com.tngtech.archunit.core.importer.JavaClassProcessor - Processing class 'org/springframework/beans/factory/config/BeanDefinition'
02:43:08.595 [main] DEBUG com.tngtech.archunit.core.importer.JavaClassProcessor - Processing class 'org/springframework/beans/factory/support/BeanDefinitionRegistry'
02:43:08.595 [main] DEBUG com.tngtech.archunit.core.importer.JavaClassProcessor - Processing class 'org/springframework/boot/BootstrapRegistry'
02:43:08.595 [main] DEBUG com.tngtech.archunit.core.importer.JavaClassProcessor - Processing class 'org/springframework/boot/ApplicationContextFactory'
02:43:08.596 [main] DEBUG com.tngtech.archunit.core.importer.JavaClassProcessor - Processing class 'org/springframework/boot/Banner$Mode'
02:43:08.596 [main] DEBUG com.tngtech.archunit.core.importer.JavaClassProcessor - Processing class 'org/springframework/boot/Banner'
02:43:08.596 [main] DEBUG com.tngtech.archunit.core.importer.JavaClassProcessor - Processing class 'org/springframework/boot/WebApplicationType'
02:43:08.596 [main] DEBUG com.tngtech.archunit.core.importer.JavaClassProcessor - Processing class 'org/springframework/boot/SpringApplicationShutdownHook'
02:43:08.597 [main] DEBUG com.tngtech.archunit.core.importer.JavaClassProcessor - Processing class 'org/springframework/core/metrics/ApplicationStartup'
02:43:08.597 [main] DEBUG com.tngtech.archunit.core.importer.JavaClassProcessor - Processing class 'org/apache/commons/logging/Log'
02:43:08.597 [main] DEBUG com.tngtech.archunit.core.importer.JavaClassProcessor - Processing class 'org/springframework/boot/Bootstrapper'
02:43:08.598 [main] DEBUG com.tngtech.archunit.core.importer.JavaClassProcessor - Processing class 'org/springframework/boot/ApplicationArguments'
02:43:08.598 [main] DEBUG com.tngtech.archunit.core.importer.JavaClassProcessor - Processing class 'org/springframework/boot/SpringApplicationRunListeners'
02:43:08.598 [main] DEBUG com.tngtech.archunit.core.importer.JavaClassProcessor - Processing class 'org/springframework/boot/DefaultBootstrapContext'
02:43:08.599 [main] DEBUG com.tngtech.archunit.core.importer.JavaClassProcessor - Processing class 'org/springframework/boot/SpringBootExceptionHandler'
02:43:08.600 [main] DEBUG com.tngtech.archunit.core.importer.JavaClassProcessor - Processing class 'org/springframework/boot/BeanDefinitionLoader'
02:43:08.601 [main] DEBUG com.tngtech.archunit.core.importer.JavaClassProcessor - Processing class 'org/springframework/boot/ExitCodeGenerator'
02:43:08.603 [main] DEBUG com.tngtech.archunit.core.importer.JavaClassProcessor - Processing class 'org/springframework/boot/SpringApplicationShutdownHandlers'
02:43:08.603 [main] DEBUG com.tngtech.archunit.core.importer.JavaClassProcessor - Processing class 'org/springframework/boot/ApplicationRunner'
02:43:08.603 [main] DEBUG com.tngtech.archunit.core.importer.JavaClassProcessor - Processing class 'org/springframework/boot/CommandLineRunner'
02:43:08.604 [main] DEBUG com.tngtech.archunit.core.importer.JavaClassProcessor - Processing class 'java/util/Properties'
02:43:08.607 [main] DEBUG com.tngtech.archunit.core.importer.JavaClassProcessor - Processing class 'org/springframework/core/type/classreading/MetadataReader'
02:43:08.608 [main] DEBUG com.tngtech.archunit.core.importer.JavaClassProcessor - Processing class 'org/springframework/core/type/classreading/MetadataReaderFactory'
02:43:08.609 [main] DEBUG com.tngtech.archunit.core.importer.JavaClassProcessor - Processing class 'org/springframework/boot/autoconfigure/AutoConfigurationMetadata'
02:43:08.609 [main] DEBUG com.tngtech.archunit.core.importer.JavaClassProcessor - Processing class 'org/springframework/boot/autoconfigure/AutoConfigurationImportEvent'
02:43:08.610 [main] DEBUG com.tngtech.archunit.core.importer.JavaClassProcessor - Processing class 'org/springframework/beans/factory/config/ConfigurableListableBeanFactory'
02:43:08.610 [main] DEBUG com.tngtech.archunit.core.importer.JavaClassProcessor - Processing class 'org/springframework/boot/autoconfigure/AutoConfigurationImportSelector$ConfigurationClassFilter'
02:43:08.611 [main] DEBUG com.tngtech.archunit.core.importer.JavaClassProcessor - Processing class 'org/springframework/boot/autoconfigure/AutoConfigurationImportSelector$AutoConfigurationEntry'
02:43:08.611 [main] DEBUG com.tngtech.archunit.core.importer.JavaClassProcessor - Processing class 'org/springframework/core/type/AnnotationMetadata'
02:43:08.612 [main] DEBUG com.tngtech.archunit.core.importer.JavaClassProcessor - Processing class 'org/springframework/core/annotation/AnnotationAttributes'
02:43:08.613 [main] DEBUG com.tngtech.archunit.core.importer.JavaClassProcessor - Processing class 'org/springframework/beans/factory/config/AutowireCapableBeanFactory'
02:43:08.614 [main] DEBUG com.tngtech.archunit.core.importer.JavaClassProcessor - Processing class 'java/lang/IllegalStateException'
02:43:08.614 [main] DEBUG com.tngtech.archunit.core.importer.JavaClassProcessor - Processing class 'java/time/Clock'
02:43:08.615 [main] DEBUG com.tngtech.archunit.core.importer.JavaClassProcessor - Processing class 'org/springframework/core/io/ProtocolResolver'
02:43:08.615 [main] DEBUG com.tngtech.archunit.core.importer.JavaClassProcessor - Processing class 'org/springframework/beans/factory/config/BeanFactoryPostProcessor'
02:43:08.615 [main] DEBUG com.tngtech.archunit.core.importer.JavaClassProcessor - Processing class 'org/springframework/context/MessageSourceResolvable'
02:43:08.616 [main] DEBUG com.tngtech.archunit.core.importer.JavaClassProcessor - Processing class 'org/springframework/context/NoSuchMessageException'
02:43:08.616 [main] DEBUG com.tngtech.archunit.core.importer.JavaClassProcessor - Processing class 'org/springframework/context/annotation/ScopeMetadata'
02:43:08.619 [main] DEBUG com.tngtech.archunit.core.importer.JavaClassProcessor - Processing class 'org/springframework/core/env/MutablePropertySources'
02:43:08.620 [main] DEBUG com.tngtech.archunit.core.importer.JavaClassProcessor - Processing class 'org/springframework/core/env/Profiles'
02:43:08.620 [main] DEBUG com.tngtech.archunit.core.importer.JavaClassProcessor - Processing class 'org/springframework/core/convert/support/ConfigurableConversionService'
02:43:08.621 [main] DEBUG com.tngtech.archunit.core.importer.JavaClassProcessor - Processing class 'org/springframework/core/env/MissingRequiredPropertiesException'
02:43:08.622 [main] DEBUG com.tngtech.archunit.core.importer.JavaClassProcessor - Processing class 'org/springframework/core/io/Resource'
02:43:08.623 [main] DEBUG com.tngtech.archunit.core.importer.JavaClassProcessor - Processing class 'org/springframework/data/domain/Example'
02:43:08.623 [main] DEBUG com.tngtech.archunit.core.importer.JavaClassProcessor - Processing class 'org/springframework/data/domain/Sort'
02:43:08.624 [main] DEBUG com.tngtech.archunit.core.importer.JavaClassProcessor - Processing class 'org/springframework/data/domain/Page'
02:43:08.625 [main] DEBUG com.tngtech.archunit.core.importer.JavaClassProcessor - Processing class 'org/springframework/data/domain/Pageable'
02:43:08.625 [main] DEBUG com.tngtech.archunit.core.importer.JavaClassProcessor - Processing class 'java/time/ZoneId'
02:43:08.626 [main] DEBUG com.tngtech.archunit.core.importer.JavaClassProcessor - Processing class 'java/time/format/DateTimeFormatter'
02:43:08.627 [main] DEBUG com.tngtech.archunit.core.importer.JavaClassProcessor - Processing class 'java/text/DecimalFormatSymbols'
02:43:08.628 [main] DEBUG com.tngtech.archunit.core.importer.JavaClassProcessor - Processing class 'java/util/regex/Pattern'
02:43:08.631 [main] DEBUG com.tngtech.archunit.core.importer.JavaClassProcessor - Processing class 'org/springframework/http/ContentDisposition'
02:43:08.632 [main] DEBUG com.tngtech.archunit.core.importer.JavaClassProcessor - Processing class 'org/springframework/http/CacheControl'
02:43:08.632 [main] DEBUG com.tngtech.archunit.core.importer.JavaClassProcessor - Processing class 'java/time/ZonedDateTime'
02:43:08.633 [main] DEBUG com.tngtech.archunit.core.importer.JavaClassProcessor - Processing class 'java/time/Instant'
02:43:08.634 [main] DEBUG com.tngtech.archunit.core.importer.JavaClassProcessor - Processing class 'java/net/InetSocketAddress'
02:43:08.634 [main] DEBUG com.tngtech.archunit.core.importer.JavaClassProcessor - Processing class 'java/time/Duration'
02:43:08.635 [main] DEBUG com.tngtech.archunit.core.importer.JavaClassProcessor - Processing class 'java/net/URI'
02:43:08.637 [main] DEBUG com.tngtech.archunit.core.importer.JavaClassProcessor - Processing class 'org/springframework/http/HttpStatus'
02:43:08.638 [main] DEBUG com.tngtech.archunit.core.importer.JavaClassProcessor - Processing class 'org/springframework/http/ResponseEntity$1'
02:43:08.639 [main] DEBUG com.tngtech.archunit.core.importer.JavaClassProcessor - Processing class 'java/util/BitSet'
02:43:08.641 [main] DEBUG com.tngtech.archunit.core.importer.JavaClassProcessor - Processing class 'sun/util/locale/LocaleSyntaxException'
02:43:08.641 [main] DEBUG com.tngtech.archunit.core.importer.JavaClassProcessor - Processing class 'sun/util/locale/LanguageTag'
]]></system-out>
  </testcase>
  <testcase name="repositoryClassNamesShouldEndWithRepository" classname="archtests.SongArchitectureTests" time="0.115">
    <system-out><![CDATA[02:43:08.653 [main] DEBUG com.tngtech.archunit.core.importer.UrlSource$From - Found URLs on sun.boot.class.path: []
02:43:08.656 [main] DEBUG com.tngtech.archunit.core.importer.UrlSource$From - Found URLs on java.class.path: [file:/M:/Lab/song-manager/target/test-classes/, file:/M:/Lab/song-manager/target/classes/, jar:file:/C:/Users/User/.m2/repository/org/springframework/boot/spring-boot-starter-web/2.5.4/spring-boot-starter-web-2.5.4.jar!/, jar:file:/C:/Users/User/.m2/repository/org/springframework/boot/spring-boot-starter/2.5.4/spring-boot-starter-2.5.4.jar!/, jar:file:/C:/Users/User/.m2/repository/org/springframework/boot/spring-boot/2.5.4/spring-boot-2.5.4.jar!/, jar:file:/C:/Users/User/.m2/repository/org/springframework/boot/spring-boot-autoconfigure/2.5.4/spring-boot-autoconfigure-2.5.4.jar!/, jar:file:/C:/Users/User/.m2/repository/org/springframework/boot/spring-boot-starter-logging/2.5.4/spring-boot-starter-logging-2.5.4.jar!/, jar:file:/C:/Users/User/.m2/repository/ch/qos/logback/logback-classic/1.2.5/logback-classic-1.2.5.jar!/, jar:file:/C:/Users/User/.m2/repository/ch/qos/logback/logback-core/1.2.5/logback-core-1.2.5.jar!/, jar:file:/C:/Users/User/.m2/repository/org/apache/logging/log4j/log4j-to-slf4j/2.14.1/log4j-to-slf4j-2.14.1.jar!/, jar:file:/C:/Users/User/.m2/repository/org/apache/logging/log4j/log4j-api/2.14.1/log4j-api-2.14.1.jar!/, jar:file:/C:/Users/User/.m2/repository/org/slf4j/jul-to-slf4j/1.7.32/jul-to-slf4j-1.7.32.jar!/, jar:file:/C:/Users/User/.m2/repository/jakarta/annotation/jakarta.annotation-api/1.3.5/jakarta.annotation-api-1.3.5.jar!/, jar:file:/C:/Users/User/.m2/repository/org/yaml/snakeyaml/1.28/snakeyaml-1.28.jar!/, jar:file:/C:/Users/User/.m2/repository/org/springframework/boot/spring-boot-starter-json/2.5.4/spring-boot-starter-json-2.5.4.jar!/, jar:file:/C:/Users/User/.m2/repository/com/fasterxml/jackson/core/jackson-databind/2.12.4/jackson-databind-2.12.4.jar!/, jar:file:/C:/Users/User/.m2/repository/com/fasterxml/jackson/core/jackson-annotations/2.12.4/jackson-annotations-2.12.4.jar!/, jar:file:/C:/Users/User/.m2/repository/com/fasterxml/jackson/core/jackson-core/2.12.4/jackson-core-2.12.4.jar!/, jar:file:/C:/Users/User/.m2/repository/com/fasterxml/jackson/datatype/jackson-datatype-jdk8/2.12.4/jackson-datatype-jdk8-2.12.4.jar!/, jar:file:/C:/Users/User/.m2/repository/com/fasterxml/jackson/datatype/jackson-datatype-jsr310/2.12.4/jackson-datatype-jsr310-2.12.4.jar!/, jar:file:/C:/Users/User/.m2/repository/com/fasterxml/jackson/module/jackson-module-parameter-names/2.12.4/jackson-module-parameter-names-2.12.4.jar!/, jar:file:/C:/Users/User/.m2/repository/org/springframework/boot/spring-boot-starter-tomcat/2.5.4/spring-boot-starter-tomcat-2.5.4.jar!/, jar:file:/C:/Users/User/.m2/repository/org/apache/tomcat/embed/tomcat-embed-core/9.0.52/tomcat-embed-core-9.0.52.jar!/, jar:file:/C:/Users/User/.m2/repository/org/apache/tomcat/embed/tomcat-embed-el/9.0.52/tomcat-embed-el-9.0.52.jar!/, jar:file:/C:/Users/User/.m2/repository/org/apache/tomcat/embed/tomcat-embed-websocket/9.0.52/tomcat-embed-websocket-9.0.52.jar!/, jar:file:/C:/Users/User/.m2/repository/org/springframework/spring-web/5.3.9/spring-web-5.3.9.jar!/, jar:file:/C:/Users/User/.m2/repository/org/springframework/spring-beans/5.3.9/spring-beans-5.3.9.jar!/, jar:file:/C:/Users/User/.m2/repository/org/springframework/spring-webmvc/5.3.9/spring-webmvc-5.3.9.jar!/, jar:file:/C:/Users/User/.m2/repository/org/springframework/spring-aop/5.3.9/spring-aop-5.3.9.jar!/, jar:file:/C:/Users/User/.m2/repository/org/springframework/spring-context/5.3.9/spring-context-5.3.9.jar!/, jar:file:/C:/Users/User/.m2/repository/org/springframework/spring-expression/5.3.9/spring-expression-5.3.9.jar!/, jar:file:/C:/Users/User/.m2/repository/org/springframework/boot/spring-boot-starter-data-jpa/2.5.4/spring-boot-starter-data-jpa-2.5.4.jar!/, jar:file:/C:/Users/User/.m2/repository/org/springframework/boot/spring-boot-starter-aop/2.5.4/spring-boot-starter-aop-2.5.4.jar!/, jar:file:/C:/Users/User/.m2/repository/org/aspectj/aspectjweaver/1.9.7/aspectjweaver-1.9.7.jar!/, jar:file:/C:/Users/User/.m2/repository/org/springframework/boot/spring-boot-starter-jdbc/2.5.4/spring-boot-starter-jdbc-2.5.4.jar!/, jar:file:/C:/Users/User/.m2/repository/com/zaxxer/HikariCP/4.0.3/HikariCP-4.0.3.jar!/, jar:file:/C:/Users/User/.m2/repository/org/springframework/spring-jdbc/5.3.9/spring-jdbc-5.3.9.jar!/, jar:file:/C:/Users/User/.m2/repository/jakarta/transaction/jakarta.transaction-api/1.3.3/jakarta.transaction-api-1.3.3.jar!/, jar:file:/C:/Users/User/.m2/repository/jakarta/persistence/jakarta.persistence-api/2.2.3/jakarta.persistence-api-2.2.3.jar!/, jar:file:/C:/Users/User/.m2/repository/org/hibernate/hibernate-core/5.4.32.Final/hibernate-core-5.4.32.Final.jar!/, jar:file:/C:/Users/User/.m2/repository/org/jboss/logging/jboss-logging/3.4.2.Final/jboss-logging-3.4.2.Final.jar!/, jar:file:/C:/Users/User/.m2/repository/org/javassist/javassist/3.27.0-GA/javassist-3.27.0-GA.jar!/, jar:file:/C:/Users/User/.m2/repository/net/bytebuddy/byte-buddy/1.10.22/byte-buddy-1.10.22.jar!/, jar:file:/C:/Users/User/.m2/repository/antlr/antlr/2.7.7/antlr-2.7.7.jar!/, jar:file:/C:/Users/User/.m2/repository/org/jboss/jandex/2.2.3.Final/jandex-2.2.3.Final.jar!/, jar:file:/C:/Users/User/.m2/repository/com/fasterxml/classmate/1.5.1/classmate-1.5.1.jar!/, jar:file:/C:/Users/User/.m2/repository/org/dom4j/dom4j/2.1.3/dom4j-2.1.3.jar!/, jar:file:/C:/Users/User/.m2/repository/org/hibernate/common/hibernate-commons-annotations/5.1.2.Final/hibernate-commons-annotations-5.1.2.Final.jar!/, jar:file:/C:/Users/User/.m2/repository/org/glassfish/jaxb/jaxb-runtime/2.3.5/jaxb-runtime-2.3.5.jar!/, jar:file:/C:/Users/User/.m2/repository/org/glassfish/jaxb/txw2/2.3.5/txw2-2.3.5.jar!/, jar:file:/C:/Users/User/.m2/repository/com/sun/istack/istack-commons-runtime/3.0.12/istack-commons-runtime-3.0.12.jar!/, jar:file:/C:/Users/User/.m2/repository/com/sun/activation/jakarta.activation/1.2.2/jakarta.activation-1.2.2.jar!/, jar:file:/C:/Users/User/.m2/repository/org/springframework/data/spring-data-jpa/2.5.4/spring-data-jpa-2.5.4.jar!/, jar:file:/C:/Users/User/.m2/repository/org/springframework/data/spring-data-commons/2.5.4/spring-data-commons-2.5.4.jar!/, jar:file:/C:/Users/User/.m2/repository/org/springframework/spring-orm/5.3.9/spring-orm-5.3.9.jar!/, jar:file:/C:/Users/User/.m2/repository/org/springframework/spring-tx/5.3.9/spring-tx-5.3.9.jar!/, jar:file:/C:/Users/User/.m2/repository/org/springframework/spring-aspects/5.3.9/spring-aspects-5.3.9.jar!/, jar:file:/C:/Users/User/.m2/repository/com/h2database/h2/1.4.200/h2-1.4.200.jar!/, jar:file:/C:/Users/User/.m2/repository/javax/persistence/javax.persistence-api/2.2/javax.persistence-api-2.2.jar!/, jar:file:/C:/Users/User/.m2/repository/org/springframework/boot/spring-boot-starter-test/2.5.4/spring-boot-starter-test-2.5.4.jar!/, jar:file:/C:/Users/User/.m2/repository/org/springframework/boot/spring-boot-test/2.5.4/spring-boot-test-2.5.4.jar!/, jar:file:/C:/Users/User/.m2/repository/org/springframework/boot/spring-boot-test-autoconfigure/2.5.4/spring-boot-test-autoconfigure-2.5.4.jar!/, jar:file:/C:/Users/User/.m2/repository/com/jayway/jsonpath/json-path/2.5.0/json-path-2.5.0.jar!/, jar:file:/C:/Users/User/.m2/repository/net/minidev/json-smart/2.4.7/json-smart-2.4.7.jar!/, jar:file:/C:/Users/User/.m2/repository/net/minidev/accessors-smart/2.4.7/accessors-smart-2.4.7.jar!/, jar:file:/C:/Users/User/.m2/repository/org/ow2/asm/asm/9.1/asm-9.1.jar!/, jar:file:/C:/Users/User/.m2/repository/jakarta/xml/bind/jakarta.xml.bind-api/2.3.3/jakarta.xml.bind-api-2.3.3.jar!/, jar:file:/C:/Users/User/.m2/repository/jakarta/activation/jakarta.activation-api/1.2.2/jakarta.activation-api-1.2.2.jar!/, jar:file:/C:/Users/User/.m2/repository/org/assertj/assertj-core/3.19.0/assertj-core-3.19.0.jar!/, jar:file:/C:/Users/User/.m2/repository/org/hamcrest/hamcrest/2.2/hamcrest-2.2.jar!/, jar:file:/C:/Users/User/.m2/repository/org/junit/jupiter/junit-jupiter/5.7.2/junit-jupiter-5.7.2.jar!/, jar:file:/C:/Users/User/.m2/repository/org/junit/jupiter/junit-jupiter-api/5.7.2/junit-jupiter-api-5.7.2.jar!/, jar:file:/C:/Users/User/.m2/repository/org/apiguardian/apiguardian-api/1.1.0/apiguardian-api-1.1.0.jar!/, jar:file:/C:/Users/User/.m2/repository/org/opentest4j/opentest4j/1.2.0/opentest4j-1.2.0.jar!/, jar:file:/C:/Users/User/.m2/repository/org/junit/platform/junit-platform-commons/1.7.2/junit-platform-commons-1.7.2.jar!/, jar:file:/C:/Users/User/.m2/repository/org/junit/jupiter/junit-jupiter-params/5.7.2/junit-jupiter-params-5.7.2.jar!/, jar:file:/C:/Users/User/.m2/repository/org/junit/jupiter/junit-jupiter-engine/5.7.2/junit-jupiter-engine-5.7.2.jar!/, jar:file:/C:/Users/User/.m2/repository/org/junit/platform/junit-platform-engine/1.7.2/junit-platform-engine-1.7.2.jar!/, jar:file:/C:/Users/User/.m2/repository/org/mockito/mockito-core/3.9.0/mockito-core-3.9.0.jar!/, jar:file:/C:/Users/User/.m2/repository/net/bytebuddy/byte-buddy-agent/1.10.22/byte-buddy-agent-1.10.22.jar!/, jar:file:/C:/Users/User/.m2/repository/org/objenesis/objenesis/3.2/objenesis-3.2.jar!/, jar:file:/C:/Users/User/.m2/repository/org/mockito/mockito-junit-jupiter/3.9.0/mockito-junit-jupiter-3.9.0.jar!/, jar:file:/C:/Users/User/.m2/repository/org/skyscreamer/jsonassert/1.5.0/jsonassert-1.5.0.jar!/, jar:file:/C:/Users/User/.m2/repository/com/vaadin/external/google/android-json/0.0.20131108.vaadin1/android-json-0.0.20131108.vaadin1.jar!/, jar:file:/C:/Users/User/.m2/repository/org/springframework/spring-core/5.3.9/spring-core-5.3.9.jar!/, jar:file:/C:/Users/User/.m2/repository/org/springframework/spring-jcl/5.3.9/spring-jcl-5.3.9.jar!/, jar:file:/C:/Users/User/.m2/repository/org/springframework/spring-test/5.3.9/spring-test-5.3.9.jar!/, jar:file:/C:/Users/User/.m2/repository/org/xmlunit/xmlunit-core/2.8.2/xmlunit-core-2.8.2.jar!/, jar:file:/C:/Users/User/.m2/repository/com/tngtech/archunit/archunit-junit5/1.1.0/archunit-junit5-1.1.0.jar!/, jar:file:/C:/Users/User/.m2/repository/com/tngtech/archunit/archunit-junit5-api/1.1.0/archunit-junit5-api-1.1.0.jar!/, jar:file:/C:/Users/User/.m2/repository/com/tngtech/archunit/archunit-junit5-engine/1.1.0/archunit-junit5-engine-1.1.0.jar!/, jar:file:/C:/Users/User/.m2/repository/com/tngtech/archunit/archunit-junit5-engine-api/1.1.0/archunit-junit5-engine-api-1.1.0.jar!/, jar:file:/C:/Users/User/.m2/repository/com/tngtech/archunit/archunit/1.1.0/archunit-1.1.0.jar!/, jar:file:/C:/Users/User/.m2/repository/org/slf4j/slf4j-api/1.7.32/slf4j-api-1.7.32.jar!/]
02:43:08.663 [main] DEBUG com.tngtech.archunit.core.importer.JavaClassProcessor - Processing class 'com/example/songs/repository/SongRepository'
02:43:08.664 [main] DEBUG com.tngtech.archunit.core.importer.JavaClassProcessor - Processing class 'com/example/songs/service/SongService'
02:43:08.664 [main] DEBUG com.tngtech.archunit.core.importer.JavaClassProcessor - Processing class 'com/example/songs/model/Song'
02:43:08.665 [main] DEBUG com.tngtech.archunit.core.importer.JavaClassProcessor - Processing class 'com/example/songs/SongManagerApplication'
02:43:08.665 [main] DEBUG com.tngtech.archunit.core.importer.JavaClassProcessor - Processing class 'com/example/songs/controller/SongController'
02:43:08.665 [main] DEBUG com.tngtech.archunit.core.importer.JavaClassProcessor - Processing class 'org/springframework/web/bind/annotation/PathVariable'
02:43:08.666 [main] DEBUG com.tngtech.archunit.core.importer.JavaClassProcessor - Processing class 'org/springframework/web/bind/annotation/RequestMapping'
02:43:08.666 [main] DEBUG com.tngtech.archunit.core.importer.JavaClassProcessor - Processing class 'org/springframework/http/ResponseEntity$BodyBuilder'
02:43:08.666 [main] DEBUG com.tngtech.archunit.core.importer.JavaClassProcessor - Processing class 'org/springframework/web/bind/annotation/RequestBody'
02:43:08.666 [main] DEBUG com.tngtech.archunit.core.importer.JavaClassProcessor - Processing class 'org/springframework/boot/SpringApplication'
02:43:08.667 [main] DEBUG com.tngtech.archunit.core.importer.JavaClassProcessor - Processing class 'org/springframework/web/bind/annotation/PutMapping'
02:43:08.668 [main] DEBUG com.tngtech.archunit.core.importer.JavaClassProcessor - Processing class 'java/lang/Long'
02:43:08.669 [main] DEBUG com.tngtech.archunit.core.importer.JavaClassProcessor - Processing class 'org/springframework/stereotype/Service'
02:43:08.669 [main] DEBUG com.tngtech.archunit.core.importer.JavaClassProcessor - Processing class 'org/springframework/web/bind/annotation/GetMapping'
02:43:08.669 [main] DEBUG com.tngtech.archunit.core.importer.JavaClassProcessor - Processing class 'java/lang/String'
02:43:08.670 [main] DEBUG com.tngtech.archunit.core.importer.JavaClassProcessor - Processing class 'org/springframework/web/bind/annotation/DeleteMapping'
02:43:08.671 [main] DEBUG com.tngtech.archunit.core.importer.JavaClassProcessor - Processing class 'javax/persistence/Id'
02:43:08.671 [main] DEBUG com.tngtech.archunit.core.importer.JavaClassProcessor - Processing class 'javax/persistence/Entity'
02:43:08.671 [main] DEBUG com.tngtech.archunit.core.importer.JavaClassProcessor - Processing class 'org/springframework/web/bind/annotation/PostMapping'
02:43:08.671 [main] DEBUG com.tngtech.archunit.core.importer.JavaClassProcessor - Processing class 'java/lang/Void'
02:43:08.671 [main] DEBUG com.tngtech.archunit.core.importer.JavaClassProcessor - Processing class 'org/springframework/boot/autoconfigure/SpringBootApplication'
02:43:08.671 [main] DEBUG com.tngtech.archunit.core.importer.JavaClassProcessor - Processing class 'java/lang/RuntimeException'
02:43:08.672 [main] DEBUG com.tngtech.archunit.core.importer.JavaClassProcessor - Processing class 'org/springframework/web/bind/annotation/RestController'
02:43:08.672 [main] DEBUG com.tngtech.archunit.core.importer.JavaClassProcessor - Processing class 'javax/persistence/GenerationType'
02:43:08.672 [main] DEBUG com.tngtech.archunit.core.importer.JavaClassProcessor - Processing class 'java/util/List'
02:43:08.672 [main] DEBUG com.tngtech.archunit.core.importer.JavaClassProcessor - Processing class 'javax/persistence/GeneratedValue'
02:43:08.672 [main] DEBUG com.tngtech.archunit.core.importer.JavaClassProcessor - Processing class 'java/util/Optional'
02:43:08.672 [main] DEBUG com.tngtech.archunit.core.importer.JavaClassProcessor - Processing class 'java/lang/Object'
02:43:08.673 [main] DEBUG com.tngtech.archunit.core.importer.JavaClassProcessor - Processing class 'org/springframework/http/ResponseEntity'
02:43:08.673 [main] DEBUG com.tngtech.archunit.core.importer.JavaClassProcessor - Processing class 'org/springframework/http/ResponseEntity$HeadersBuilder'
02:43:08.673 [main] DEBUG com.tngtech.archunit.core.importer.JavaClassProcessor - Processing class 'org/springframework/data/jpa/repository/JpaRepository'
02:43:08.673 [main] DEBUG com.tngtech.archunit.core.importer.JavaClassProcessor - Processing class 'java/lang/annotation/Inherited'
02:43:08.674 [main] DEBUG com.tngtech.archunit.core.importer.JavaClassProcessor - Processing class 'org/springframework/context/annotation/ComponentScan$Filter'
02:43:08.674 [main] DEBUG com.tngtech.archunit.core.importer.JavaClassProcessor - Processing class 'java/lang/Enum'
02:43:08.674 [main] DEBUG com.tngtech.archunit.core.importer.JavaClassProcessor - Processing class 'org/springframework/context/ConfigurableApplicationContext'
02:43:08.674 [main] DEBUG com.tngtech.archunit.core.importer.JavaClassProcessor - Processing class 'java/lang/annotation/Documented'
02:43:08.674 [main] DEBUG com.tngtech.archunit.core.importer.JavaClassProcessor - Processing class 'java/lang/CharSequence'
02:43:08.674 [main] DEBUG com.tngtech.archunit.core.importer.JavaClassProcessor - Processing class 'org/springframework/data/repository/PagingAndSortingRepository'
02:43:08.674 [main] DEBUG com.tngtech.archunit.core.importer.JavaClassProcessor - Processing class 'org/springframework/http/HttpHeaders'
02:43:08.676 [main] DEBUG com.tngtech.archunit.core.importer.JavaClassProcessor - Processing class 'java/util/Collection'
02:43:08.676 [main] DEBUG com.tngtech.archunit.core.importer.JavaClassProcessor - Processing class 'org/springframework/web/bind/annotation/RequestMethod'
02:43:08.676 [main] DEBUG com.tngtech.archunit.core.importer.JavaClassProcessor - Processing class 'org/springframework/context/ApplicationListener'
02:43:08.676 [main] DEBUG com.tngtech.archunit.core.importer.JavaClassProcessor - Processing class 'java/lang/Exception'
02:43:08.676 [main] DEBUG com.tngtech.archunit.core.importer.JavaClassProcessor - Processing class 'java/io/Serializable'
02:43:08.676 [main] DEBUG com.tngtech.archunit.core.importer.JavaClassProcessor - Processing class 'org/springframework/context/annotation/Configuration'
02:43:08.676 [main] DEBUG com.tngtech.archunit.core.importer.JavaClassProcessor - Processing class 'org/springframework/http/HttpEntity'
02:43:08.677 [main] DEBUG com.tngtech.archunit.core.importer.JavaClassProcessor - Processing class 'org/springframework/beans/factory/support/BeanNameGenerator'
02:43:08.677 [main] DEBUG com.tngtech.archunit.core.importer.JavaClassProcessor - Processing class 'org/springframework/boot/SpringBootExceptionReporter'
02:43:08.677 [main] DEBUG com.tngtech.archunit.core.importer.JavaClassProcessor - Processing class 'java/lang/annotation/Annotation'
02:43:08.677 [main] DEBUG com.tngtech.archunit.core.importer.JavaClassProcessor - Processing class 'java/lang/Throwable'
02:43:08.677 [main] DEBUG com.tngtech.archunit.core.importer.JavaClassProcessor - Processing class 'org/springframework/boot/autoconfigure/AutoConfigurationExcludeFilter'
02:43:08.678 [main] DEBUG com.tngtech.archunit.core.importer.JavaClassProcessor - Processing class 'org/springframework/stereotype/Controller'
02:43:08.678 [main] DEBUG com.tngtech.archunit.core.importer.JavaClassProcessor - Processing class 'org/springframework/boot/context/TypeExcludeFilter'
02:43:08.678 [main] DEBUG com.tngtech.archunit.core.importer.JavaClassProcessor - Processing class 'java/lang/annotation/Retention'
02:43:08.678 [main] DEBUG com.tngtech.archunit.core.importer.JavaClassProcessor - Processing class 'org/springframework/data/repository/NoRepositoryBean'
02:43:08.678 [main] DEBUG com.tngtech.archunit.core.importer.JavaClassProcessor - Processing class 'org/springframework/boot/BootstrapRegistryInitializer'
02:43:08.678 [main] DEBUG com.tngtech.archunit.core.importer.JavaClassProcessor - Processing class 'jdk/internal/HotSpotIntrinsicCandidate'
02:43:08.678 [main] DEBUG com.tngtech.archunit.core.importer.JavaClassProcessor - Processing class 'org/springframework/lang/Nullable'
02:43:08.678 [main] DEBUG com.tngtech.archunit.core.importer.JavaClassProcessor - Processing class 'java/lang/Number'
02:43:08.678 [main] DEBUG com.tngtech.archunit.core.importer.JavaClassProcessor - Processing class 'org/springframework/context/annotation/FilterType'
02:43:08.679 [main] DEBUG com.tngtech.archunit.core.importer.JavaClassProcessor - Processing class 'org/springframework/core/annotation/AliasFor'
02:43:08.679 [main] DEBUG com.tngtech.archunit.core.importer.JavaClassProcessor - Processing class 'java/lang/SafeVarargs'
02:43:08.679 [main] DEBUG com.tngtech.archunit.core.importer.JavaClassProcessor - Processing class 'jdk/internal/vm/annotation/Stable'
02:43:08.679 [main] DEBUG com.tngtech.archunit.core.importer.JavaClassProcessor - Processing class 'org/springframework/boot/autoconfigure/EnableAutoConfiguration'
02:43:08.679 [main] DEBUG com.tngtech.archunit.core.importer.JavaClassProcessor - Processing class 'java/lang/Deprecated'
02:43:08.679 [main] DEBUG com.tngtech.archunit.core.importer.JavaClassProcessor - Processing class 'java/lang/annotation/Target'
02:43:08.679 [main] DEBUG com.tngtech.archunit.core.importer.JavaClassProcessor - Processing class 'org/springframework/core/env/StandardEnvironment'
02:43:08.679 [main] DEBUG com.tngtech.archunit.core.importer.JavaClassProcessor - Processing class 'java/lang/annotation/ElementType'
02:43:08.679 [main] DEBUG com.tngtech.archunit.core.importer.JavaClassProcessor - Processing class 'org/springframework/web/bind/annotation/ResponseBody'
02:43:08.679 [main] DEBUG com.tngtech.archunit.core.importer.JavaClassProcessor - Processing class 'org/springframework/context/annotation/ComponentScan'
02:43:08.680 [main] DEBUG com.tngtech.archunit.core.importer.JavaClassProcessor - Processing class 'org/springframework/data/repository/query/QueryByExampleExecutor'
02:43:08.680 [main] DEBUG com.tngtech.archunit.core.importer.JavaClassProcessor - Processing class 'org/springframework/stereotype/Component'
02:43:08.680 [main] DEBUG com.tngtech.archunit.core.importer.JavaClassProcessor - Processing class 'org/springframework/boot/SpringBootConfiguration'
02:43:08.680 [main] DEBUG com.tngtech.archunit.core.importer.JavaClassProcessor - Processing class 'java/lang/Class'
02:43:08.681 [main] DEBUG com.tngtech.archunit.core.importer.JavaClassProcessor - Processing class 'java/lang/Comparable'
02:43:08.682 [main] DEBUG com.tngtech.archunit.core.importer.JavaClassProcessor - Processing class 'org/springframework/context/ApplicationContextInitializer'
02:43:08.682 [main] DEBUG com.tngtech.archunit.core.importer.JavaClassProcessor - Processing class 'java/lang/annotation/RetentionPolicy'
02:43:08.682 [main] DEBUG com.tngtech.archunit.core.importer.JavaClassProcessor - Processing class 'org/springframework/web/bind/annotation/Mapping'
02:43:08.682 [main] DEBUG com.tngtech.archunit.core.importer.JavaClassProcessor - Processing class 'org/springframework/core/type/filter/TypeFilter'
02:43:08.682 [main] DEBUG com.tngtech.archunit.core.importer.JavaClassProcessor - Processing class 'java/util/Locale'
02:43:08.683 [main] DEBUG com.tngtech.archunit.core.importer.JavaClassProcessor - Processing class 'java/lang/reflect/Method'
02:43:08.684 [main] DEBUG com.tngtech.archunit.core.importer.JavaClassProcessor - Processing class 'org/springframework/context/PayloadApplicationEvent'
02:43:08.684 [main] DEBUG com.tngtech.archunit.core.importer.JavaClassProcessor - Processing class 'org/springframework/boot/autoconfigure/AutoConfigurationImportSelector'
02:43:08.685 [main] DEBUG com.tngtech.archunit.core.importer.JavaClassProcessor - Processing class 'jdk/internal/vm/annotation/ForceInline'
02:43:08.685 [main] DEBUG com.tngtech.archunit.core.importer.JavaClassProcessor - Processing class 'org/springframework/http/MediaType'
02:43:08.685 [main] DEBUG com.tngtech.archunit.core.importer.JavaClassProcessor - Processing class 'java/util/Locale$LanguageRange'
02:43:08.686 [main] DEBUG com.tngtech.archunit.core.importer.JavaClassProcessor - Processing class 'java/util/EventListener'
02:43:08.686 [main] DEBUG com.tngtech.archunit.core.importer.JavaClassProcessor - Processing class 'java/lang/Class$ReflectionData'
02:43:08.686 [main] DEBUG com.tngtech.archunit.core.importer.JavaClassProcessor - Processing class 'java/lang/reflect/Type'
02:43:08.686 [main] DEBUG com.tngtech.archunit.core.importer.JavaClassProcessor - Processing class 'jdk/internal/reflect/CallerSensitive'
02:43:08.686 [main] DEBUG com.tngtech.archunit.core.importer.JavaClassProcessor - Processing class 'org/springframework/beans/factory/BeanClassLoaderAware'
02:43:08.687 [main] DEBUG com.tngtech.archunit.core.importer.JavaClassProcessor - Processing class 'org/springframework/context/annotation/AnnotationScopeMetadataResolver'
02:43:08.687 [main] DEBUG com.tngtech.archunit.core.importer.JavaClassProcessor - Processing class 'java/lang/reflect/AnnotatedElement'
02:43:08.687 [main] DEBUG com.tngtech.archunit.core.importer.JavaClassProcessor - Processing class 'org/springframework/boot/autoconfigure/AutoConfigurationPackage'
02:43:08.688 [main] DEBUG com.tngtech.archunit.core.importer.JavaClassProcessor - Processing class 'org/springframework/data/repository/CrudRepository'
02:43:08.688 [main] DEBUG com.tngtech.archunit.core.importer.JavaClassProcessor - Processing class 'java/lang/Iterable'
02:43:08.688 [main] DEBUG com.tngtech.archunit.core.importer.JavaClassProcessor - Processing class 'java/lang/FunctionalInterface'
02:43:08.688 [main] DEBUG com.tngtech.archunit.core.importer.JavaClassProcessor - Processing class 'java/nio/charset/Charset'
02:43:08.688 [main] DEBUG com.tngtech.archunit.core.importer.JavaClassProcessor - Processing class 'java/lang/annotation/Repeatable'
02:43:08.688 [main] DEBUG com.tngtech.archunit.core.importer.JavaClassProcessor - Processing class 'org/springframework/beans/factory/BeanFactoryAware'
02:43:08.688 [main] DEBUG com.tngtech.archunit.core.importer.JavaClassProcessor - Processing class 'org/springframework/context/annotation/ComponentScans'
02:43:08.689 [main] DEBUG com.tngtech.archunit.core.importer.JavaClassProcessor - Processing class 'org/springframework/stereotype/Indexed'
02:43:08.689 [main] DEBUG com.tngtech.archunit.core.importer.JavaClassProcessor - Processing class 'java/lang/reflect/GenericDeclaration'
02:43:08.689 [main] DEBUG com.tngtech.archunit.core.importer.JavaClassProcessor - Processing class 'java/util/Map$Entry'
02:43:08.689 [main] DEBUG com.tngtech.archunit.core.importer.JavaClassProcessor - Processing class 'org/springframework/http/HttpMethod'
02:43:08.689 [main] DEBUG com.tngtech.archunit.core.importer.JavaClassProcessor - Processing class 'org/springframework/context/annotation/ScopedProxyMode'
02:43:08.690 [main] DEBUG com.tngtech.archunit.core.importer.JavaClassProcessor - Processing class 'org/springframework/util/MultiValueMap'
02:43:08.690 [main] DEBUG com.tngtech.archunit.core.importer.JavaClassProcessor - Processing class 'org/springframework/context/annotation/Import'
02:43:08.690 [main] DEBUG com.tngtech.archunit.core.importer.JavaClassProcessor - Processing class 'org/springframework/http/HttpRange'
02:43:08.690 [main] DEBUG com.tngtech.archunit.core.importer.JavaClassProcessor - Processing class 'java/lang/reflect/Field'
02:43:08.691 [main] DEBUG com.tngtech.archunit.core.importer.JavaClassProcessor - Processing class 'org/springframework/context/ApplicationContext'
02:43:08.691 [main] DEBUG com.tngtech.archunit.core.importer.JavaClassProcessor - Processing class 'org/springframework/context/Lifecycle'
02:43:08.691 [main] DEBUG com.tngtech.archunit.core.importer.JavaClassProcessor - Processing class 'org/springframework/context/ApplicationEvent'
02:43:08.691 [main] DEBUG com.tngtech.archunit.core.importer.JavaClassProcessor - Processing class 'org/springframework/context/annotation/ScopeMetadataResolver'
02:43:08.691 [main] DEBUG com.tngtech.archunit.core.importer.JavaClassProcessor - Processing class 'java/io/Closeable'
02:43:08.692 [main] DEBUG com.tngtech.archunit.core.importer.JavaClassProcessor - Processing class 'org/springframework/core/env/AbstractEnvironment'
02:43:08.692 [main] DEBUG com.tngtech.archunit.core.importer.JavaClassProcessor - Processing class 'org/springframework/beans/factory/HierarchicalBeanFactory'
02:43:08.692 [main] DEBUG com.tngtech.archunit.core.importer.JavaClassProcessor - Processing class 'org/springframework/boot/autoconfigure/AutoConfigurationImportListener'
02:43:08.692 [main] DEBUG com.tngtech.archunit.core.importer.JavaClassProcessor - Processing class 'java/nio/charset/spi/CharsetProvider'
02:43:08.693 [main] DEBUG com.tngtech.archunit.core.importer.JavaClassProcessor - Processing class 'java/lang/AutoCloseable'
02:43:08.693 [main] DEBUG com.tngtech.archunit.core.importer.JavaClassProcessor - Processing class 'java/util/EventObject'
02:43:08.693 [main] DEBUG com.tngtech.archunit.core.importer.JavaClassProcessor - Processing class 'org/springframework/util/MimeType'
02:43:08.694 [main] DEBUG com.tngtech.archunit.core.importer.JavaClassProcessor - Processing class 'java/lang/Character'
02:43:08.695 [main] DEBUG com.tngtech.archunit.core.importer.JavaClassProcessor - Processing class 'org/springframework/data/repository/Repository'
02:43:08.695 [main] DEBUG com.tngtech.archunit.core.importer.JavaClassProcessor - Processing class 'java/util/Map'
02:43:08.695 [main] DEBUG com.tngtech.archunit.core.importer.JavaClassProcessor - Processing class 'org/springframework/context/ApplicationEventPublisher'
02:43:08.695 [main] DEBUG com.tngtech.archunit.core.importer.JavaClassProcessor - Processing class 'java/lang/reflect/Executable'
02:43:08.696 [main] DEBUG com.tngtech.archunit.core.importer.JavaClassProcessor - Processing class 'org/springframework/boot/autoconfigure/AutoConfigurationPackages$Registrar'
02:43:08.696 [main] DEBUG com.tngtech.archunit.core.importer.JavaClassProcessor - Processing class 'java/lang/Cloneable'
02:43:08.696 [main] DEBUG com.tngtech.archunit.core.importer.JavaClassProcessor - Processing class 'java/lang/ThreadLocal'
02:43:08.696 [main] DEBUG com.tngtech.archunit.core.importer.JavaClassProcessor - Processing class 'java/lang/reflect/Member'
02:43:08.696 [main] DEBUG com.tngtech.archunit.core.importer.JavaClassProcessor - Processing class 'sun/util/locale/LocaleExtensions'
02:43:08.697 [main] DEBUG com.tngtech.archunit.core.importer.JavaClassProcessor - Processing class 'org/springframework/beans/factory/ListableBeanFactory'
02:43:08.697 [main] DEBUG com.tngtech.archunit.core.importer.JavaClassProcessor - Processing class 'org/springframework/core/Ordered'
02:43:08.697 [main] DEBUG com.tngtech.archunit.core.importer.JavaClassProcessor - Processing class 'org/springframework/context/annotation/DeferredImportSelector'
02:43:08.697 [main] DEBUG com.tngtech.archunit.core.importer.JavaClassProcessor - Processing class 'org/springframework/beans/factory/Aware'
02:43:08.698 [main] DEBUG com.tngtech.archunit.core.importer.JavaClassProcessor - Processing class 'org/springframework/core/ResolvableTypeProvider'
02:43:08.698 [main] DEBUG com.tngtech.archunit.core.importer.JavaClassProcessor - Processing class 'org/springframework/core/io/support/ResourceRegion'
02:43:08.698 [main] DEBUG com.tngtech.archunit.core.importer.JavaClassProcessor - Processing class 'org/springframework/boot/autoconfigure/AutoConfigurationImportFilter'
02:43:08.698 [main] DEBUG com.tngtech.archunit.core.importer.JavaClassProcessor - Processing class 'org/springframework/core/env/ConfigurableEnvironment'
02:43:08.698 [main] DEBUG com.tngtech.archunit.core.importer.JavaClassProcessor - Processing class 'org/springframework/core/env/EnvironmentCapable'
02:43:08.698 [main] DEBUG com.tngtech.archunit.core.importer.JavaClassProcessor - Processing class 'org/springframework/context/MessageSource'
02:43:08.699 [main] DEBUG com.tngtech.archunit.core.importer.JavaClassProcessor - Processing class 'java/lang/reflect/AccessibleObject'
02:43:08.699 [main] DEBUG com.tngtech.archunit.core.importer.JavaClassProcessor - Processing class 'org/springframework/context/ResourceLoaderAware'
02:43:08.699 [main] DEBUG com.tngtech.archunit.core.importer.JavaClassProcessor - Processing class 'org/springframework/context/annotation/DeferredImportSelector$Group'
02:43:08.699 [main] DEBUG com.tngtech.archunit.core.importer.JavaClassProcessor - Processing class 'org/springframework/context/EnvironmentAware'
02:43:08.699 [main] DEBUG com.tngtech.archunit.core.importer.JavaClassProcessor - Processing class 'org/springframework/core/io/support/ResourcePatternResolver'
02:43:08.700 [main] DEBUG com.tngtech.archunit.core.importer.JavaClassProcessor - Processing class 'sun/util/locale/Extension'
02:43:08.700 [main] DEBUG com.tngtech.archunit.core.importer.JavaClassProcessor - Processing class 'org/springframework/core/env/ConfigurablePropertyResolver'
02:43:08.700 [main] DEBUG com.tngtech.archunit.core.importer.JavaClassProcessor - Processing class 'org/springframework/context/annotation/DeferredImportSelector$Group$Entry'
02:43:08.700 [main] DEBUG com.tngtech.archunit.core.importer.JavaClassProcessor - Processing class 'org/springframework/context/annotation/ImportBeanDefinitionRegistrar'
02:43:08.700 [main] DEBUG com.tngtech.archunit.core.importer.JavaClassProcessor - Processing class 'org/springframework/context/annotation/ImportSelector'
02:43:08.700 [main] DEBUG com.tngtech.archunit.core.importer.JavaClassProcessor - Processing class 'org/springframework/core/io/ResourceLoader'
02:43:08.701 [main] DEBUG com.tngtech.archunit.core.importer.JavaClassProcessor - Processing class 'org/springframework/boot/autoconfigure/AutoConfigurationPackages'
02:43:08.701 [main] DEBUG com.tngtech.archunit.core.importer.JavaClassProcessor - Processing class 'org/springframework/boot/context/annotation/DeterminableImports'
02:43:08.701 [main] DEBUG com.tngtech.archunit.core.importer.JavaClassProcessor - Processing class 'org/springframework/core/env/Environment'
02:43:08.701 [main] DEBUG com.tngtech.archunit.core.importer.JavaClassProcessor - Processing class 'org/springframework/beans/factory/BeanFactory'
02:43:08.701 [main] DEBUG com.tngtech.archunit.core.importer.JavaClassProcessor - Processing class 'sun/util/locale/InternalLocaleBuilder$CaseInsensitiveString'
02:43:08.701 [main] DEBUG com.tngtech.archunit.core.importer.JavaClassProcessor - Processing class 'sun/util/locale/InternalLocaleBuilder$CaseInsensitiveChar'
02:43:08.702 [main] DEBUG com.tngtech.archunit.core.importer.JavaClassProcessor - Processing class 'org/springframework/core/env/PropertyResolver'
02:43:08.702 [main] DEBUG com.tngtech.archunit.core.importer.JavaClassProcessor - Processing class 'sun/util/locale/InternalLocaleBuilder'
02:43:08.703 [main] DEBUG com.tngtech.archunit.core.importer.JavaClassProcessor - Processing class 'java/io/IOException'
02:43:08.703 [main] DEBUG com.tngtech.archunit.core.importer.JavaClassProcessor - Processing class 'java/util/stream/IntStream'
02:43:08.704 [main] DEBUG com.tngtech.archunit.core.importer.JavaClassProcessor - Processing class 'java/lang/Module'
02:43:08.705 [main] DEBUG com.tngtech.archunit.core.importer.JavaClassProcessor - Processing class 'java/lang/reflect/Constructor'
02:43:08.705 [main] DEBUG com.tngtech.archunit.core.importer.JavaClassProcessor - Processing class 'sun/reflect/generics/repository/ClassRepository'
02:43:08.705 [main] DEBUG com.tngtech.archunit.core.importer.JavaClassProcessor - Processing class 'java/io/ObjectStreamField'
02:43:08.706 [main] DEBUG com.tngtech.archunit.core.importer.JavaClassProcessor - Processing class 'java/lang/ClassLoader'
02:43:08.707 [main] DEBUG com.tngtech.archunit.core.importer.JavaClassProcessor - Processing class 'java/security/ProtectionDomain'
02:43:08.707 [main] DEBUG com.tngtech.archunit.core.importer.JavaClassProcessor - Processing class 'java/lang/ref/SoftReference'
02:43:08.707 [main] DEBUG com.tngtech.archunit.core.importer.JavaClassProcessor - Processing class 'sun/reflect/annotation/AnnotationType'
02:43:08.707 [main] DEBUG com.tngtech.archunit.core.importer.JavaClassProcessor - Processing class 'jdk/internal/reflect/ReflectionFactory'
02:43:08.707 [main] DEBUG com.tngtech.archunit.core.importer.JavaClassProcessor - Processing class 'java/lang/ClassValue$ClassValueMap'
02:43:08.708 [main] DEBUG com.tngtech.archunit.core.importer.JavaClassProcessor - Processing class 'java/lang/Class$AnnotationData'
02:43:08.708 [main] DEBUG com.tngtech.archunit.core.importer.JavaClassProcessor - Processing class 'java/lang/SecurityException'
02:43:08.708 [main] DEBUG com.tngtech.archunit.core.importer.JavaClassProcessor - Processing class 'java/lang/NoSuchFieldException'
02:43:08.708 [main] DEBUG com.tngtech.archunit.core.importer.JavaClassProcessor - Processing class 'java/lang/Package'
02:43:08.709 [main] DEBUG com.tngtech.archunit.core.importer.JavaClassProcessor - Processing class 'java/net/URL'
02:43:08.709 [main] DEBUG com.tngtech.archunit.core.importer.JavaClassProcessor - Processing class 'java/lang/NoSuchMethodException'
02:43:08.709 [main] DEBUG com.tngtech.archunit.core.importer.JavaClassProcessor - Processing class 'java/lang/SecurityManager'
02:43:08.710 [main] DEBUG com.tngtech.archunit.core.importer.JavaClassProcessor - Processing class 'java/lang/reflect/AnnotatedType'
02:43:08.710 [main] DEBUG com.tngtech.archunit.core.importer.JavaClassProcessor - Processing class 'java/io/InputStream'
02:43:08.710 [main] DEBUG com.tngtech.archunit.core.importer.JavaClassProcessor - Processing class 'java/lang/PublicMethods$MethodList'
02:43:08.710 [main] DEBUG com.tngtech.archunit.core.importer.JavaClassProcessor - Processing class 'java/lang/reflect/TypeVariable'
02:43:08.710 [main] DEBUG com.tngtech.archunit.core.importer.JavaClassProcessor - Processing class 'jdk/internal/reflect/ConstantPool'
02:43:08.711 [main] DEBUG com.tngtech.archunit.core.importer.JavaClassProcessor - Processing class 'java/lang/ClassNotFoundException'
02:43:08.711 [main] DEBUG com.tngtech.archunit.core.importer.JavaClassProcessor - Processing class 'java/lang/Class$EnclosingMethodInfo'
02:43:08.711 [main] DEBUG com.tngtech.archunit.core.importer.JavaClassProcessor - Processing class 'sun/reflect/generics/factory/GenericsFactory'
02:43:08.711 [main] DEBUG com.tngtech.archunit.core.importer.JavaClassProcessor - Processing class 'java/lang/InstantiationException'
02:43:08.711 [main] DEBUG com.tngtech.archunit.core.importer.JavaClassProcessor - Processing class 'java/lang/IllegalAccessException'
02:43:08.712 [main] DEBUG com.tngtech.archunit.core.importer.JavaClassProcessor - Processing class 'java/lang/CloneNotSupportedException'
02:43:08.712 [main] DEBUG com.tngtech.archunit.core.importer.JavaClassProcessor - Processing class 'java/io/ObjectStreamException'
02:43:08.712 [main] DEBUG com.tngtech.archunit.core.importer.JavaClassProcessor - Processing class 'java/io/ObjectInputStream'
02:43:08.713 [main] DEBUG com.tngtech.archunit.core.importer.JavaClassProcessor - Processing class 'java/util/Iterator'
02:43:08.713 [main] DEBUG com.tngtech.archunit.core.importer.JavaClassProcessor - Processing class 'java/util/Spliterator'
02:43:08.713 [main] DEBUG com.tngtech.archunit.core.importer.JavaClassProcessor - Processing class 'java/util/function/Consumer'
02:43:08.713 [main] DEBUG com.tngtech.archunit.core.importer.JavaClassProcessor - Processing class 'java/lang/NumberFormatException'
02:43:08.713 [main] DEBUG com.tngtech.archunit.core.importer.JavaClassProcessor - Processing class 'java/math/BigInteger'
02:43:08.715 [main] DEBUG com.tngtech.archunit.core.importer.JavaClassProcessor - Processing class 'java/lang/InterruptedException'
02:43:08.715 [main] DEBUG com.tngtech.archunit.core.importer.JavaClassProcessor - Processing class 'java/util/Comparator'
02:43:08.715 [main] DEBUG com.tngtech.archunit.core.importer.JavaClassProcessor - Processing class 'java/util/stream/Stream'
02:43:08.716 [main] DEBUG com.tngtech.archunit.core.importer.JavaClassProcessor - Processing class 'java/lang/StringBuffer'
02:43:08.716 [main] DEBUG com.tngtech.archunit.core.importer.JavaClassProcessor - Processing class 'java/lang/AbstractStringBuilder'
02:43:08.716 [main] DEBUG com.tngtech.archunit.core.importer.JavaClassProcessor - Processing class 'java/io/UnsupportedEncodingException'
02:43:08.717 [main] DEBUG com.tngtech.archunit.core.importer.JavaClassProcessor - Processing class 'java/lang/StringBuilder'
02:43:08.718 [main] DEBUG com.tngtech.archunit.core.importer.JavaClassProcessor - Processing class 'java/util/concurrent/atomic/AtomicInteger'
02:43:08.718 [main] DEBUG com.tngtech.archunit.core.importer.JavaClassProcessor - Processing class 'java/lang/Thread'
02:43:08.719 [main] DEBUG com.tngtech.archunit.core.importer.JavaClassProcessor - Processing class 'java/lang/ThreadLocal$ThreadLocalMap'
02:43:08.719 [main] DEBUG com.tngtech.archunit.core.importer.JavaClassProcessor - Processing class 'java/util/function/Supplier'
02:43:08.719 [main] DEBUG com.tngtech.archunit.core.importer.JavaClassProcessor - Processing class 'java/lang/StackTraceElement'
02:43:08.720 [main] DEBUG com.tngtech.archunit.core.importer.JavaClassProcessor - Processing class 'java/lang/Throwable$PrintStreamOrWriter'
02:43:08.720 [main] DEBUG com.tngtech.archunit.core.importer.JavaClassProcessor - Processing class 'java/util/Set'
02:43:08.720 [main] DEBUG com.tngtech.archunit.core.importer.JavaClassProcessor - Processing class 'java/io/PrintWriter'
02:43:08.720 [main] DEBUG com.tngtech.archunit.core.importer.JavaClassProcessor - Processing class 'java/io/PrintStream'
02:43:08.720 [main] DEBUG com.tngtech.archunit.core.importer.JavaClassProcessor - Processing class 'java/io/ObjectOutputStream'
02:43:08.722 [main] DEBUG com.tngtech.archunit.core.importer.JavaClassProcessor - Processing class 'java/lang/reflect/Parameter'
02:43:08.723 [main] DEBUG com.tngtech.archunit.core.importer.JavaClassProcessor - Processing class 'sun/reflect/generics/repository/ConstructorRepository'
02:43:08.723 [main] DEBUG com.tngtech.archunit.core.importer.JavaClassProcessor - Processing class 'sun/reflect/generics/repository/FieldRepository'
02:43:08.723 [main] DEBUG com.tngtech.archunit.core.importer.JavaClassProcessor - Processing class 'jdk/internal/reflect/FieldAccessor'
02:43:08.723 [main] DEBUG com.tngtech.archunit.core.importer.JavaClassProcessor - Processing class 'java/lang/IllegalArgumentException'
02:43:08.723 [main] DEBUG com.tngtech.archunit.core.importer.JavaClassProcessor - Processing class 'sun/reflect/generics/repository/MethodRepository'
02:43:08.723 [main] DEBUG com.tngtech.archunit.core.importer.JavaClassProcessor - Processing class 'jdk/internal/reflect/MethodAccessor'
02:43:08.724 [main] DEBUG com.tngtech.archunit.core.importer.JavaClassProcessor - Processing class 'java/lang/reflect/InvocationTargetException'
02:43:08.724 [main] DEBUG com.tngtech.archunit.core.importer.JavaClassProcessor - Processing class 'java/nio/CharBuffer'
02:43:08.724 [main] DEBUG com.tngtech.archunit.core.importer.JavaClassProcessor - Processing class 'java/nio/ByteBuffer'
02:43:08.724 [main] DEBUG com.tngtech.archunit.core.importer.JavaClassProcessor - Processing class 'java/nio/charset/CharsetDecoder'
02:43:08.725 [main] DEBUG com.tngtech.archunit.core.importer.JavaClassProcessor - Processing class 'java/nio/charset/CharsetEncoder'
02:43:08.725 [main] DEBUG com.tngtech.archunit.core.importer.JavaClassProcessor - Processing class 'java/util/SortedMap'
02:43:08.725 [main] DEBUG com.tngtech.archunit.core.importer.JavaClassProcessor - Processing class 'java/util/function/IntFunction'
02:43:08.725 [main] DEBUG com.tngtech.archunit.core.importer.JavaClassProcessor - Processing class 'java/util/function/Predicate'
02:43:08.725 [main] DEBUG com.tngtech.archunit.core.importer.JavaClassProcessor - Processing class 'java/util/ListIterator'
02:43:08.726 [main] DEBUG com.tngtech.archunit.core.importer.JavaClassProcessor - Processing class 'java/util/function/UnaryOperator'
02:43:08.726 [main] DEBUG com.tngtech.archunit.core.importer.JavaClassProcessor - Processing class 'sun/util/locale/BaseLocale'
02:43:08.726 [main] DEBUG com.tngtech.archunit.core.importer.JavaClassProcessor - Processing class 'java/util/Locale$Cache'
02:43:08.726 [main] DEBUG com.tngtech.archunit.core.importer.JavaClassProcessor - Processing class 'java/util/MissingResourceException'
02:43:08.726 [main] DEBUG com.tngtech.archunit.core.importer.JavaClassProcessor - Processing class 'java/util/Locale$FilteringMode'
02:43:08.726 [main] DEBUG com.tngtech.archunit.core.importer.JavaClassProcessor - Processing class 'java/util/Locale$Category'
02:43:08.726 [main] DEBUG com.tngtech.archunit.core.importer.JavaClassProcessor - Processing class 'sun/util/locale/provider/LocaleResources'
02:43:08.727 [main] DEBUG com.tngtech.archunit.core.importer.JavaClassProcessor - Processing class 'java/util/Locale$IsoCountryCode'
02:43:08.727 [main] DEBUG com.tngtech.archunit.core.importer.JavaClassProcessor - Processing class 'java/util/function/BiFunction'
02:43:08.728 [main] DEBUG com.tngtech.archunit.core.importer.JavaClassProcessor - Processing class 'java/util/function/BiConsumer'
02:43:08.728 [main] DEBUG com.tngtech.archunit.core.importer.JavaClassProcessor - Processing class 'java/util/function/Function'
02:43:08.728 [main] DEBUG com.tngtech.archunit.core.importer.JavaClassProcessor - Processing class 'java/lang/invoke/SerializedLambda'
02:43:08.729 [main] DEBUG com.tngtech.archunit.core.importer.JavaClassProcessor - Processing class 'java/lang/Runnable'
02:43:08.730 [main] DEBUG com.tngtech.archunit.core.importer.JavaClassProcessor - Processing class 'org/springframework/beans/factory/NoSuchBeanDefinitionException'
02:43:08.730 [main] DEBUG com.tngtech.archunit.core.importer.JavaClassProcessor - Processing class 'org/springframework/beans/BeansException'
02:43:08.730 [main] DEBUG com.tngtech.archunit.core.importer.JavaClassProcessor - Processing class 'org/springframework/beans/factory/ObjectProvider'
02:43:08.730 [main] DEBUG com.tngtech.archunit.core.importer.JavaClassProcessor - Processing class 'org/springframework/core/ResolvableType'
02:43:08.731 [main] DEBUG com.tngtech.archunit.core.importer.JavaClassProcessor - Processing class 'org/springframework/beans/factory/config/BeanDefinition'
02:43:08.732 [main] DEBUG com.tngtech.archunit.core.importer.JavaClassProcessor - Processing class 'org/springframework/beans/factory/support/BeanDefinitionRegistry'
02:43:08.732 [main] DEBUG com.tngtech.archunit.core.importer.JavaClassProcessor - Processing class 'org/springframework/boot/BootstrapRegistry'
02:43:08.732 [main] DEBUG com.tngtech.archunit.core.importer.JavaClassProcessor - Processing class 'org/springframework/boot/Banner'
02:43:08.732 [main] DEBUG com.tngtech.archunit.core.importer.JavaClassProcessor - Processing class 'org/springframework/boot/Banner$Mode'
02:43:08.732 [main] DEBUG com.tngtech.archunit.core.importer.JavaClassProcessor - Processing class 'org/springframework/boot/ApplicationContextFactory'
02:43:08.733 [main] DEBUG com.tngtech.archunit.core.importer.JavaClassProcessor - Processing class 'org/springframework/boot/WebApplicationType'
02:43:08.733 [main] DEBUG com.tngtech.archunit.core.importer.JavaClassProcessor - Processing class 'org/springframework/boot/SpringApplicationShutdownHook'
02:43:08.733 [main] DEBUG com.tngtech.archunit.core.importer.JavaClassProcessor - Processing class 'org/apache/commons/logging/Log'
02:43:08.733 [main] DEBUG com.tngtech.archunit.core.importer.JavaClassProcessor - Processing class 'org/springframework/core/metrics/ApplicationStartup'
02:43:08.734 [main] DEBUG com.tngtech.archunit.core.importer.JavaClassProcessor - Processing class 'org/springframework/boot/ApplicationArguments'
02:43:08.734 [main] DEBUG com.tngtech.archunit.core.importer.JavaClassProcessor - Processing class 'org/springframework/boot/CommandLineRunner'
02:43:08.734 [main] DEBUG com.tngtech.archunit.core.importer.JavaClassProcessor - Processing class 'org/springframework/boot/SpringApplicationShutdownHandlers'
02:43:08.734 [main] DEBUG com.tngtech.archunit.core.importer.JavaClassProcessor - Processing class 'org/springframework/boot/BeanDefinitionLoader'
02:43:08.735 [main] DEBUG com.tngtech.archunit.core.importer.JavaClassProcessor - Processing class 'org/springframework/boot/Bootstrapper'
02:43:08.735 [main] DEBUG com.tngtech.archunit.core.importer.JavaClassProcessor - Processing class 'org/springframework/boot/SpringApplicationRunListeners'
02:43:08.735 [main] DEBUG com.tngtech.archunit.core.importer.JavaClassProcessor - Processing class 'org/springframework/boot/ApplicationRunner'
02:43:08.735 [main] DEBUG com.tngtech.archunit.core.importer.JavaClassProcessor - Processing class 'java/util/Properties'
02:43:08.736 [main] DEBUG com.tngtech.archunit.core.importer.JavaClassProcessor - Processing class 'org/springframework/boot/DefaultBootstrapContext'
02:43:08.737 [main] DEBUG com.tngtech.archunit.core.importer.JavaClassProcessor - Processing class 'org/springframework/boot/SpringBootExceptionHandler'
02:43:08.737 [main] DEBUG com.tngtech.archunit.core.importer.JavaClassProcessor - Processing class 'org/springframework/boot/ExitCodeGenerator'
02:43:08.737 [main] DEBUG com.tngtech.archunit.core.importer.JavaClassProcessor - Processing class 'org/springframework/core/type/classreading/MetadataReader'
02:43:08.738 [main] DEBUG com.tngtech.archunit.core.importer.JavaClassProcessor - Processing class 'org/springframework/core/type/classreading/MetadataReaderFactory'
02:43:08.738 [main] DEBUG com.tngtech.archunit.core.importer.JavaClassProcessor - Processing class 'org/springframework/boot/autoconfigure/AutoConfigurationMetadata'
02:43:08.738 [main] DEBUG com.tngtech.archunit.core.importer.JavaClassProcessor - Processing class 'org/springframework/boot/autoconfigure/AutoConfigurationImportEvent'
02:43:08.738 [main] DEBUG com.tngtech.archunit.core.importer.JavaClassProcessor - Processing class 'org/springframework/boot/autoconfigure/AutoConfigurationImportSelector$AutoConfigurationEntry'
02:43:08.739 [main] DEBUG com.tngtech.archunit.core.importer.JavaClassProcessor - Processing class 'org/springframework/beans/factory/config/ConfigurableListableBeanFactory'
02:43:08.739 [main] DEBUG com.tngtech.archunit.core.importer.JavaClassProcessor - Processing class 'org/springframework/boot/autoconfigure/AutoConfigurationImportSelector$ConfigurationClassFilter'
02:43:08.739 [main] DEBUG com.tngtech.archunit.core.importer.JavaClassProcessor - Processing class 'org/springframework/core/type/AnnotationMetadata'
02:43:08.739 [main] DEBUG com.tngtech.archunit.core.importer.JavaClassProcessor - Processing class 'org/springframework/core/annotation/AnnotationAttributes'
02:43:08.740 [main] DEBUG com.tngtech.archunit.core.importer.JavaClassProcessor - Processing class 'org/springframework/beans/factory/config/AutowireCapableBeanFactory'
02:43:08.741 [main] DEBUG com.tngtech.archunit.core.importer.JavaClassProcessor - Processing class 'java/lang/IllegalStateException'
02:43:08.741 [main] DEBUG com.tngtech.archunit.core.importer.JavaClassProcessor - Processing class 'java/time/Clock'
02:43:08.742 [main] DEBUG com.tngtech.archunit.core.importer.JavaClassProcessor - Processing class 'org/springframework/core/io/ProtocolResolver'
02:43:08.742 [main] DEBUG com.tngtech.archunit.core.importer.JavaClassProcessor - Processing class 'org/springframework/beans/factory/config/BeanFactoryPostProcessor'
02:43:08.742 [main] DEBUG com.tngtech.archunit.core.importer.JavaClassProcessor - Processing class 'org/springframework/context/MessageSourceResolvable'
02:43:08.742 [main] DEBUG com.tngtech.archunit.core.importer.JavaClassProcessor - Processing class 'org/springframework/context/NoSuchMessageException'
02:43:08.742 [main] DEBUG com.tngtech.archunit.core.importer.JavaClassProcessor - Processing class 'org/springframework/context/annotation/ScopeMetadata'
02:43:08.745 [main] DEBUG com.tngtech.archunit.core.importer.JavaClassProcessor - Processing class 'org/springframework/core/env/MutablePropertySources'
02:43:08.745 [main] DEBUG com.tngtech.archunit.core.importer.JavaClassProcessor - Processing class 'org/springframework/core/convert/support/ConfigurableConversionService'
02:43:08.746 [main] DEBUG com.tngtech.archunit.core.importer.JavaClassProcessor - Processing class 'org/springframework/core/env/Profiles'
02:43:08.746 [main] DEBUG com.tngtech.archunit.core.importer.JavaClassProcessor - Processing class 'org/springframework/core/env/MissingRequiredPropertiesException'
02:43:08.746 [main] DEBUG com.tngtech.archunit.core.importer.JavaClassProcessor - Processing class 'org/springframework/core/io/Resource'
02:43:08.747 [main] DEBUG com.tngtech.archunit.core.importer.JavaClassProcessor - Processing class 'org/springframework/data/domain/Example'
02:43:08.747 [main] DEBUG com.tngtech.archunit.core.importer.JavaClassProcessor - Processing class 'org/springframework/data/domain/Sort'
02:43:08.748 [main] DEBUG com.tngtech.archunit.core.importer.JavaClassProcessor - Processing class 'org/springframework/data/domain/Page'
02:43:08.748 [main] DEBUG com.tngtech.archunit.core.importer.JavaClassProcessor - Processing class 'org/springframework/data/domain/Pageable'
02:43:08.749 [main] DEBUG com.tngtech.archunit.core.importer.JavaClassProcessor - Processing class 'java/text/DecimalFormatSymbols'
02:43:08.749 [main] DEBUG com.tngtech.archunit.core.importer.JavaClassProcessor - Processing class 'java/time/format/DateTimeFormatter'
02:43:08.750 [main] DEBUG com.tngtech.archunit.core.importer.JavaClassProcessor - Processing class 'java/time/ZoneId'
02:43:08.750 [main] DEBUG com.tngtech.archunit.core.importer.JavaClassProcessor - Processing class 'java/util/regex/Pattern'
02:43:08.751 [main] DEBUG com.tngtech.archunit.core.importer.JavaClassProcessor - Processing class 'java/time/Duration'
02:43:08.751 [main] DEBUG com.tngtech.archunit.core.importer.JavaClassProcessor - Processing class 'java/net/InetSocketAddress'
02:43:08.752 [main] DEBUG com.tngtech.archunit.core.importer.JavaClassProcessor - Processing class 'java/time/ZonedDateTime'
02:43:08.752 [main] DEBUG com.tngtech.archunit.core.importer.JavaClassProcessor - Processing class 'java/time/Instant'
02:43:08.753 [main] DEBUG com.tngtech.archunit.core.importer.JavaClassProcessor - Processing class 'org/springframework/http/CacheControl'
02:43:08.753 [main] DEBUG com.tngtech.archunit.core.importer.JavaClassProcessor - Processing class 'java/net/URI'
02:43:08.754 [main] DEBUG com.tngtech.archunit.core.importer.JavaClassProcessor - Processing class 'org/springframework/http/ContentDisposition'
02:43:08.755 [main] DEBUG com.tngtech.archunit.core.importer.JavaClassProcessor - Processing class 'org/springframework/http/HttpStatus'
02:43:08.756 [main] DEBUG com.tngtech.archunit.core.importer.JavaClassProcessor - Processing class 'org/springframework/http/ResponseEntity$1'
02:43:08.756 [main] DEBUG com.tngtech.archunit.core.importer.JavaClassProcessor - Processing class 'java/util/BitSet'
02:43:08.758 [main] DEBUG com.tngtech.archunit.core.importer.JavaClassProcessor - Processing class 'sun/util/locale/LocaleSyntaxException'
02:43:08.758 [main] DEBUG com.tngtech.archunit.core.importer.JavaClassProcessor - Processing class 'sun/util/locale/LanguageTag'
]]></system-out>
  </testcase>
  <testcase name="controllerClassesShouldBeAnnotatedWithRestController" classname="archtests.SongArchitectureTests" time="0.12">
    <system-out><![CDATA[02:43:08.768 [main] DEBUG com.tngtech.archunit.core.importer.UrlSource$From - Found URLs on sun.boot.class.path: []
02:43:08.770 [main] DEBUG com.tngtech.archunit.core.importer.UrlSource$From - Found URLs on java.class.path: [file:/M:/Lab/song-manager/target/test-classes/, file:/M:/Lab/song-manager/target/classes/, jar:file:/C:/Users/User/.m2/repository/org/springframework/boot/spring-boot-starter-web/2.5.4/spring-boot-starter-web-2.5.4.jar!/, jar:file:/C:/Users/User/.m2/repository/org/springframework/boot/spring-boot-starter/2.5.4/spring-boot-starter-2.5.4.jar!/, jar:file:/C:/Users/User/.m2/repository/org/springframework/boot/spring-boot/2.5.4/spring-boot-2.5.4.jar!/, jar:file:/C:/Users/User/.m2/repository/org/springframework/boot/spring-boot-autoconfigure/2.5.4/spring-boot-autoconfigure-2.5.4.jar!/, jar:file:/C:/Users/User/.m2/repository/org/springframework/boot/spring-boot-starter-logging/2.5.4/spring-boot-starter-logging-2.5.4.jar!/, jar:file:/C:/Users/User/.m2/repository/ch/qos/logback/logback-classic/1.2.5/logback-classic-1.2.5.jar!/, jar:file:/C:/Users/User/.m2/repository/ch/qos/logback/logback-core/1.2.5/logback-core-1.2.5.jar!/, jar:file:/C:/Users/User/.m2/repository/org/apache/logging/log4j/log4j-to-slf4j/2.14.1/log4j-to-slf4j-2.14.1.jar!/, jar:file:/C:/Users/User/.m2/repository/org/apache/logging/log4j/log4j-api/2.14.1/log4j-api-2.14.1.jar!/, jar:file:/C:/Users/User/.m2/repository/org/slf4j/jul-to-slf4j/1.7.32/jul-to-slf4j-1.7.32.jar!/, jar:file:/C:/Users/User/.m2/repository/jakarta/annotation/jakarta.annotation-api/1.3.5/jakarta.annotation-api-1.3.5.jar!/, jar:file:/C:/Users/User/.m2/repository/org/yaml/snakeyaml/1.28/snakeyaml-1.28.jar!/, jar:file:/C:/Users/User/.m2/repository/org/springframework/boot/spring-boot-starter-json/2.5.4/spring-boot-starter-json-2.5.4.jar!/, jar:file:/C:/Users/User/.m2/repository/com/fasterxml/jackson/core/jackson-databind/2.12.4/jackson-databind-2.12.4.jar!/, jar:file:/C:/Users/User/.m2/repository/com/fasterxml/jackson/core/jackson-annotations/2.12.4/jackson-annotations-2.12.4.jar!/, jar:file:/C:/Users/User/.m2/repository/com/fasterxml/jackson/core/jackson-core/2.12.4/jackson-core-2.12.4.jar!/, jar:file:/C:/Users/User/.m2/repository/com/fasterxml/jackson/datatype/jackson-datatype-jdk8/2.12.4/jackson-datatype-jdk8-2.12.4.jar!/, jar:file:/C:/Users/User/.m2/repository/com/fasterxml/jackson/datatype/jackson-datatype-jsr310/2.12.4/jackson-datatype-jsr310-2.12.4.jar!/, jar:file:/C:/Users/User/.m2/repository/com/fasterxml/jackson/module/jackson-module-parameter-names/2.12.4/jackson-module-parameter-names-2.12.4.jar!/, jar:file:/C:/Users/User/.m2/repository/org/springframework/boot/spring-boot-starter-tomcat/2.5.4/spring-boot-starter-tomcat-2.5.4.jar!/, jar:file:/C:/Users/User/.m2/repository/org/apache/tomcat/embed/tomcat-embed-core/9.0.52/tomcat-embed-core-9.0.52.jar!/, jar:file:/C:/Users/User/.m2/repository/org/apache/tomcat/embed/tomcat-embed-el/9.0.52/tomcat-embed-el-9.0.52.jar!/, jar:file:/C:/Users/User/.m2/repository/org/apache/tomcat/embed/tomcat-embed-websocket/9.0.52/tomcat-embed-websocket-9.0.52.jar!/, jar:file:/C:/Users/User/.m2/repository/org/springframework/spring-web/5.3.9/spring-web-5.3.9.jar!/, jar:file:/C:/Users/User/.m2/repository/org/springframework/spring-beans/5.3.9/spring-beans-5.3.9.jar!/, jar:file:/C:/Users/User/.m2/repository/org/springframework/spring-webmvc/5.3.9/spring-webmvc-5.3.9.jar!/, jar:file:/C:/Users/User/.m2/repository/org/springframework/spring-aop/5.3.9/spring-aop-5.3.9.jar!/, jar:file:/C:/Users/User/.m2/repository/org/springframework/spring-context/5.3.9/spring-context-5.3.9.jar!/, jar:file:/C:/Users/User/.m2/repository/org/springframework/spring-expression/5.3.9/spring-expression-5.3.9.jar!/, jar:file:/C:/Users/User/.m2/repository/org/springframework/boot/spring-boot-starter-data-jpa/2.5.4/spring-boot-starter-data-jpa-2.5.4.jar!/, jar:file:/C:/Users/User/.m2/repository/org/springframework/boot/spring-boot-starter-aop/2.5.4/spring-boot-starter-aop-2.5.4.jar!/, jar:file:/C:/Users/User/.m2/repository/org/aspectj/aspectjweaver/1.9.7/aspectjweaver-1.9.7.jar!/, jar:file:/C:/Users/User/.m2/repository/org/springframework/boot/spring-boot-starter-jdbc/2.5.4/spring-boot-starter-jdbc-2.5.4.jar!/, jar:file:/C:/Users/User/.m2/repository/com/zaxxer/HikariCP/4.0.3/HikariCP-4.0.3.jar!/, jar:file:/C:/Users/User/.m2/repository/org/springframework/spring-jdbc/5.3.9/spring-jdbc-5.3.9.jar!/, jar:file:/C:/Users/User/.m2/repository/jakarta/transaction/jakarta.transaction-api/1.3.3/jakarta.transaction-api-1.3.3.jar!/, jar:file:/C:/Users/User/.m2/repository/jakarta/persistence/jakarta.persistence-api/2.2.3/jakarta.persistence-api-2.2.3.jar!/, jar:file:/C:/Users/User/.m2/repository/org/hibernate/hibernate-core/5.4.32.Final/hibernate-core-5.4.32.Final.jar!/, jar:file:/C:/Users/User/.m2/repository/org/jboss/logging/jboss-logging/3.4.2.Final/jboss-logging-3.4.2.Final.jar!/, jar:file:/C:/Users/User/.m2/repository/org/javassist/javassist/3.27.0-GA/javassist-3.27.0-GA.jar!/, jar:file:/C:/Users/User/.m2/repository/net/bytebuddy/byte-buddy/1.10.22/byte-buddy-1.10.22.jar!/, jar:file:/C:/Users/User/.m2/repository/antlr/antlr/2.7.7/antlr-2.7.7.jar!/, jar:file:/C:/Users/User/.m2/repository/org/jboss/jandex/2.2.3.Final/jandex-2.2.3.Final.jar!/, jar:file:/C:/Users/User/.m2/repository/com/fasterxml/classmate/1.5.1/classmate-1.5.1.jar!/, jar:file:/C:/Users/User/.m2/repository/org/dom4j/dom4j/2.1.3/dom4j-2.1.3.jar!/, jar:file:/C:/Users/User/.m2/repository/org/hibernate/common/hibernate-commons-annotations/5.1.2.Final/hibernate-commons-annotations-5.1.2.Final.jar!/, jar:file:/C:/Users/User/.m2/repository/org/glassfish/jaxb/jaxb-runtime/2.3.5/jaxb-runtime-2.3.5.jar!/, jar:file:/C:/Users/User/.m2/repository/org/glassfish/jaxb/txw2/2.3.5/txw2-2.3.5.jar!/, jar:file:/C:/Users/User/.m2/repository/com/sun/istack/istack-commons-runtime/3.0.12/istack-commons-runtime-3.0.12.jar!/, jar:file:/C:/Users/User/.m2/repository/com/sun/activation/jakarta.activation/1.2.2/jakarta.activation-1.2.2.jar!/, jar:file:/C:/Users/User/.m2/repository/org/springframework/data/spring-data-jpa/2.5.4/spring-data-jpa-2.5.4.jar!/, jar:file:/C:/Users/User/.m2/repository/org/springframework/data/spring-data-commons/2.5.4/spring-data-commons-2.5.4.jar!/, jar:file:/C:/Users/User/.m2/repository/org/springframework/spring-orm/5.3.9/spring-orm-5.3.9.jar!/, jar:file:/C:/Users/User/.m2/repository/org/springframework/spring-tx/5.3.9/spring-tx-5.3.9.jar!/, jar:file:/C:/Users/User/.m2/repository/org/springframework/spring-aspects/5.3.9/spring-aspects-5.3.9.jar!/, jar:file:/C:/Users/User/.m2/repository/com/h2database/h2/1.4.200/h2-1.4.200.jar!/, jar:file:/C:/Users/User/.m2/repository/javax/persistence/javax.persistence-api/2.2/javax.persistence-api-2.2.jar!/, jar:file:/C:/Users/User/.m2/repository/org/springframework/boot/spring-boot-starter-test/2.5.4/spring-boot-starter-test-2.5.4.jar!/, jar:file:/C:/Users/User/.m2/repository/org/springframework/boot/spring-boot-test/2.5.4/spring-boot-test-2.5.4.jar!/, jar:file:/C:/Users/User/.m2/repository/org/springframework/boot/spring-boot-test-autoconfigure/2.5.4/spring-boot-test-autoconfigure-2.5.4.jar!/, jar:file:/C:/Users/User/.m2/repository/com/jayway/jsonpath/json-path/2.5.0/json-path-2.5.0.jar!/, jar:file:/C:/Users/User/.m2/repository/net/minidev/json-smart/2.4.7/json-smart-2.4.7.jar!/, jar:file:/C:/Users/User/.m2/repository/net/minidev/accessors-smart/2.4.7/accessors-smart-2.4.7.jar!/, jar:file:/C:/Users/User/.m2/repository/org/ow2/asm/asm/9.1/asm-9.1.jar!/, jar:file:/C:/Users/User/.m2/repository/jakarta/xml/bind/jakarta.xml.bind-api/2.3.3/jakarta.xml.bind-api-2.3.3.jar!/, jar:file:/C:/Users/User/.m2/repository/jakarta/activation/jakarta.activation-api/1.2.2/jakarta.activation-api-1.2.2.jar!/, jar:file:/C:/Users/User/.m2/repository/org/assertj/assertj-core/3.19.0/assertj-core-3.19.0.jar!/, jar:file:/C:/Users/User/.m2/repository/org/hamcrest/hamcrest/2.2/hamcrest-2.2.jar!/, jar:file:/C:/Users/User/.m2/repository/org/junit/jupiter/junit-jupiter/5.7.2/junit-jupiter-5.7.2.jar!/, jar:file:/C:/Users/User/.m2/repository/org/junit/jupiter/junit-jupiter-api/5.7.2/junit-jupiter-api-5.7.2.jar!/, jar:file:/C:/Users/User/.m2/repository/org/apiguardian/apiguardian-api/1.1.0/apiguardian-api-1.1.0.jar!/, jar:file:/C:/Users/User/.m2/repository/org/opentest4j/opentest4j/1.2.0/opentest4j-1.2.0.jar!/, jar:file:/C:/Users/User/.m2/repository/org/junit/platform/junit-platform-commons/1.7.2/junit-platform-commons-1.7.2.jar!/, jar:file:/C:/Users/User/.m2/repository/org/junit/jupiter/junit-jupiter-params/5.7.2/junit-jupiter-params-5.7.2.jar!/, jar:file:/C:/Users/User/.m2/repository/org/junit/jupiter/junit-jupiter-engine/5.7.2/junit-jupiter-engine-5.7.2.jar!/, jar:file:/C:/Users/User/.m2/repository/org/junit/platform/junit-platform-engine/1.7.2/junit-platform-engine-1.7.2.jar!/, jar:file:/C:/Users/User/.m2/repository/org/mockito/mockito-core/3.9.0/mockito-core-3.9.0.jar!/, jar:file:/C:/Users/User/.m2/repository/net/bytebuddy/byte-buddy-agent/1.10.22/byte-buddy-agent-1.10.22.jar!/, jar:file:/C:/Users/User/.m2/repository/org/objenesis/objenesis/3.2/objenesis-3.2.jar!/, jar:file:/C:/Users/User/.m2/repository/org/mockito/mockito-junit-jupiter/3.9.0/mockito-junit-jupiter-3.9.0.jar!/, jar:file:/C:/Users/User/.m2/repository/org/skyscreamer/jsonassert/1.5.0/jsonassert-1.5.0.jar!/, jar:file:/C:/Users/User/.m2/repository/com/vaadin/external/google/android-json/0.0.20131108.vaadin1/android-json-0.0.20131108.vaadin1.jar!/, jar:file:/C:/Users/User/.m2/repository/org/springframework/spring-core/5.3.9/spring-core-5.3.9.jar!/, jar:file:/C:/Users/User/.m2/repository/org/springframework/spring-jcl/5.3.9/spring-jcl-5.3.9.jar!/, jar:file:/C:/Users/User/.m2/repository/org/springframework/spring-test/5.3.9/spring-test-5.3.9.jar!/, jar:file:/C:/Users/User/.m2/repository/org/xmlunit/xmlunit-core/2.8.2/xmlunit-core-2.8.2.jar!/, jar:file:/C:/Users/User/.m2/repository/com/tngtech/archunit/archunit-junit5/1.1.0/archunit-junit5-1.1.0.jar!/, jar:file:/C:/Users/User/.m2/repository/com/tngtech/archunit/archunit-junit5-api/1.1.0/archunit-junit5-api-1.1.0.jar!/, jar:file:/C:/Users/User/.m2/repository/com/tngtech/archunit/archunit-junit5-engine/1.1.0/archunit-junit5-engine-1.1.0.jar!/, jar:file:/C:/Users/User/.m2/repository/com/tngtech/archunit/archunit-junit5-engine-api/1.1.0/archunit-junit5-engine-api-1.1.0.jar!/, jar:file:/C:/Users/User/.m2/repository/com/tngtech/archunit/archunit/1.1.0/archunit-1.1.0.jar!/, jar:file:/C:/Users/User/.m2/repository/org/slf4j/slf4j-api/1.7.32/slf4j-api-1.7.32.jar!/]
02:43:08.779 [main] DEBUG com.tngtech.archunit.core.importer.JavaClassProcessor - Processing class 'com/example/songs/SongManagerApplication'
02:43:08.780 [main] DEBUG com.tngtech.archunit.core.importer.JavaClassProcessor - Processing class 'com/example/songs/controller/SongController'
02:43:08.780 [main] DEBUG com.tngtech.archunit.core.importer.JavaClassProcessor - Processing class 'com/example/songs/model/Song'
02:43:08.781 [main] DEBUG com.tngtech.archunit.core.importer.JavaClassProcessor - Processing class 'com/example/songs/repository/SongRepository'
02:43:08.781 [main] DEBUG com.tngtech.archunit.core.importer.JavaClassProcessor - Processing class 'com/example/songs/service/SongService'
02:43:08.782 [main] DEBUG com.tngtech.archunit.core.importer.JavaClassProcessor - Processing class 'org/springframework/web/bind/annotation/PathVariable'
02:43:08.782 [main] DEBUG com.tngtech.archunit.core.importer.JavaClassProcessor - Processing class 'org/springframework/web/bind/annotation/RequestMapping'
02:43:08.782 [main] DEBUG com.tngtech.archunit.core.importer.JavaClassProcessor - Processing class 'org/springframework/http/ResponseEntity$BodyBuilder'
02:43:08.782 [main] DEBUG com.tngtech.archunit.core.importer.JavaClassProcessor - Processing class 'org/springframework/web/bind/annotation/RequestBody'
02:43:08.783 [main] DEBUG com.tngtech.archunit.core.importer.JavaClassProcessor - Processing class 'org/springframework/boot/SpringApplication'
02:43:08.783 [main] DEBUG com.tngtech.archunit.core.importer.JavaClassProcessor - Processing class 'org/springframework/web/bind/annotation/PutMapping'
02:43:08.783 [main] DEBUG com.tngtech.archunit.core.importer.JavaClassProcessor - Processing class 'java/lang/Long'
02:43:08.784 [main] DEBUG com.tngtech.archunit.core.importer.JavaClassProcessor - Processing class 'org/springframework/stereotype/Service'
02:43:08.784 [main] DEBUG com.tngtech.archunit.core.importer.JavaClassProcessor - Processing class 'org/springframework/web/bind/annotation/GetMapping'
02:43:08.784 [main] DEBUG com.tngtech.archunit.core.importer.JavaClassProcessor - Processing class 'java/lang/String'
02:43:08.785 [main] DEBUG com.tngtech.archunit.core.importer.JavaClassProcessor - Processing class 'org/springframework/web/bind/annotation/DeleteMapping'
02:43:08.785 [main] DEBUG com.tngtech.archunit.core.importer.JavaClassProcessor - Processing class 'javax/persistence/Id'
02:43:08.785 [main] DEBUG com.tngtech.archunit.core.importer.JavaClassProcessor - Processing class 'org/springframework/web/bind/annotation/PostMapping'
02:43:08.785 [main] DEBUG com.tngtech.archunit.core.importer.JavaClassProcessor - Processing class 'java/lang/Void'
02:43:08.785 [main] DEBUG com.tngtech.archunit.core.importer.JavaClassProcessor - Processing class 'javax/persistence/Entity'
02:43:08.785 [main] DEBUG com.tngtech.archunit.core.importer.JavaClassProcessor - Processing class 'org/springframework/boot/autoconfigure/SpringBootApplication'
02:43:08.786 [main] DEBUG com.tngtech.archunit.core.importer.JavaClassProcessor - Processing class 'java/lang/RuntimeException'
02:43:08.786 [main] DEBUG com.tngtech.archunit.core.importer.JavaClassProcessor - Processing class 'org/springframework/web/bind/annotation/RestController'
02:43:08.786 [main] DEBUG com.tngtech.archunit.core.importer.JavaClassProcessor - Processing class 'javax/persistence/GenerationType'
02:43:08.786 [main] DEBUG com.tngtech.archunit.core.importer.JavaClassProcessor - Processing class 'java/util/List'
02:43:08.786 [main] DEBUG com.tngtech.archunit.core.importer.JavaClassProcessor - Processing class 'javax/persistence/GeneratedValue'
02:43:08.786 [main] DEBUG com.tngtech.archunit.core.importer.JavaClassProcessor - Processing class 'java/util/Optional'
02:43:08.787 [main] DEBUG com.tngtech.archunit.core.importer.JavaClassProcessor - Processing class 'java/lang/Object'
02:43:08.787 [main] DEBUG com.tngtech.archunit.core.importer.JavaClassProcessor - Processing class 'org/springframework/http/ResponseEntity'
02:43:08.787 [main] DEBUG com.tngtech.archunit.core.importer.JavaClassProcessor - Processing class 'org/springframework/http/ResponseEntity$HeadersBuilder'
02:43:08.787 [main] DEBUG com.tngtech.archunit.core.importer.JavaClassProcessor - Processing class 'org/springframework/data/jpa/repository/JpaRepository'
02:43:08.787 [main] DEBUG com.tngtech.archunit.core.importer.JavaClassProcessor - Processing class 'java/lang/annotation/Inherited'
02:43:08.787 [main] DEBUG com.tngtech.archunit.core.importer.JavaClassProcessor - Processing class 'org/springframework/context/annotation/ComponentScan$Filter'
02:43:08.788 [main] DEBUG com.tngtech.archunit.core.importer.JavaClassProcessor - Processing class 'java/lang/Enum'
02:43:08.788 [main] DEBUG com.tngtech.archunit.core.importer.JavaClassProcessor - Processing class 'org/springframework/context/ConfigurableApplicationContext'
02:43:08.788 [main] DEBUG com.tngtech.archunit.core.importer.JavaClassProcessor - Processing class 'java/lang/annotation/Documented'
02:43:08.788 [main] DEBUG com.tngtech.archunit.core.importer.JavaClassProcessor - Processing class 'java/lang/CharSequence'
02:43:08.788 [main] DEBUG com.tngtech.archunit.core.importer.JavaClassProcessor - Processing class 'org/springframework/data/repository/PagingAndSortingRepository'
02:43:08.788 [main] DEBUG com.tngtech.archunit.core.importer.JavaClassProcessor - Processing class 'org/springframework/http/HttpHeaders'
02:43:08.789 [main] DEBUG com.tngtech.archunit.core.importer.JavaClassProcessor - Processing class 'java/util/Collection'
02:43:08.789 [main] DEBUG com.tngtech.archunit.core.importer.JavaClassProcessor - Processing class 'org/springframework/web/bind/annotation/RequestMethod'
02:43:08.789 [main] DEBUG com.tngtech.archunit.core.importer.JavaClassProcessor - Processing class 'org/springframework/context/ApplicationListener'
02:43:08.789 [main] DEBUG com.tngtech.archunit.core.importer.JavaClassProcessor - Processing class 'java/lang/Exception'
02:43:08.790 [main] DEBUG com.tngtech.archunit.core.importer.JavaClassProcessor - Processing class 'java/io/Serializable'
02:43:08.790 [main] DEBUG com.tngtech.archunit.core.importer.JavaClassProcessor - Processing class 'org/springframework/context/annotation/Configuration'
02:43:08.790 [main] DEBUG com.tngtech.archunit.core.importer.JavaClassProcessor - Processing class 'org/springframework/http/HttpEntity'
02:43:08.790 [main] DEBUG com.tngtech.archunit.core.importer.JavaClassProcessor - Processing class 'org/springframework/beans/factory/support/BeanNameGenerator'
02:43:08.790 [main] DEBUG com.tngtech.archunit.core.importer.JavaClassProcessor - Processing class 'org/springframework/boot/SpringBootExceptionReporter'
02:43:08.790 [main] DEBUG com.tngtech.archunit.core.importer.JavaClassProcessor - Processing class 'java/lang/annotation/Annotation'
02:43:08.790 [main] DEBUG com.tngtech.archunit.core.importer.JavaClassProcessor - Processing class 'java/lang/Throwable'
02:43:08.791 [main] DEBUG com.tngtech.archunit.core.importer.JavaClassProcessor - Processing class 'org/springframework/boot/autoconfigure/AutoConfigurationExcludeFilter'
02:43:08.791 [main] DEBUG com.tngtech.archunit.core.importer.JavaClassProcessor - Processing class 'org/springframework/stereotype/Controller'
02:43:08.791 [main] DEBUG com.tngtech.archunit.core.importer.JavaClassProcessor - Processing class 'org/springframework/boot/context/TypeExcludeFilter'
02:43:08.791 [main] DEBUG com.tngtech.archunit.core.importer.JavaClassProcessor - Processing class 'java/lang/annotation/Retention'
02:43:08.791 [main] DEBUG com.tngtech.archunit.core.importer.JavaClassProcessor - Processing class 'org/springframework/data/repository/NoRepositoryBean'
02:43:08.791 [main] DEBUG com.tngtech.archunit.core.importer.JavaClassProcessor - Processing class 'org/springframework/boot/BootstrapRegistryInitializer'
02:43:08.791 [main] DEBUG com.tngtech.archunit.core.importer.JavaClassProcessor - Processing class 'jdk/internal/HotSpotIntrinsicCandidate'
02:43:08.791 [main] DEBUG com.tngtech.archunit.core.importer.JavaClassProcessor - Processing class 'org/springframework/lang/Nullable'
02:43:08.791 [main] DEBUG com.tngtech.archunit.core.importer.JavaClassProcessor - Processing class 'java/lang/Number'
02:43:08.792 [main] DEBUG com.tngtech.archunit.core.importer.JavaClassProcessor - Processing class 'org/springframework/context/annotation/FilterType'
02:43:08.792 [main] DEBUG com.tngtech.archunit.core.importer.JavaClassProcessor - Processing class 'org/springframework/core/annotation/AliasFor'
02:43:08.792 [main] DEBUG com.tngtech.archunit.core.importer.JavaClassProcessor - Processing class 'java/lang/SafeVarargs'
02:43:08.792 [main] DEBUG com.tngtech.archunit.core.importer.JavaClassProcessor - Processing class 'jdk/internal/vm/annotation/Stable'
02:43:08.792 [main] DEBUG com.tngtech.archunit.core.importer.JavaClassProcessor - Processing class 'org/springframework/boot/autoconfigure/EnableAutoConfiguration'
02:43:08.792 [main] DEBUG com.tngtech.archunit.core.importer.JavaClassProcessor - Processing class 'java/lang/Deprecated'
02:43:08.792 [main] DEBUG com.tngtech.archunit.core.importer.JavaClassProcessor - Processing class 'java/lang/annotation/Target'
02:43:08.792 [main] DEBUG com.tngtech.archunit.core.importer.JavaClassProcessor - Processing class 'org/springframework/core/env/StandardEnvironment'
02:43:08.792 [main] DEBUG com.tngtech.archunit.core.importer.JavaClassProcessor - Processing class 'java/lang/annotation/ElementType'
02:43:08.793 [main] DEBUG com.tngtech.archunit.core.importer.JavaClassProcessor - Processing class 'org/springframework/web/bind/annotation/ResponseBody'
02:43:08.793 [main] DEBUG com.tngtech.archunit.core.importer.JavaClassProcessor - Processing class 'org/springframework/context/annotation/ComponentScan'
02:43:08.793 [main] DEBUG com.tngtech.archunit.core.importer.JavaClassProcessor - Processing class 'org/springframework/data/repository/query/QueryByExampleExecutor'
02:43:08.793 [main] DEBUG com.tngtech.archunit.core.importer.JavaClassProcessor - Processing class 'org/springframework/stereotype/Component'
02:43:08.793 [main] DEBUG com.tngtech.archunit.core.importer.JavaClassProcessor - Processing class 'org/springframework/boot/SpringBootConfiguration'
02:43:08.794 [main] DEBUG com.tngtech.archunit.core.importer.JavaClassProcessor - Processing class 'java/lang/Class'
02:43:08.794 [main] DEBUG com.tngtech.archunit.core.importer.JavaClassProcessor - Processing class 'java/lang/Comparable'
02:43:08.795 [main] DEBUG com.tngtech.archunit.core.importer.JavaClassProcessor - Processing class 'org/springframework/context/ApplicationContextInitializer'
02:43:08.795 [main] DEBUG com.tngtech.archunit.core.importer.JavaClassProcessor - Processing class 'java/lang/annotation/RetentionPolicy'
02:43:08.795 [main] DEBUG com.tngtech.archunit.core.importer.JavaClassProcessor - Processing class 'org/springframework/web/bind/annotation/Mapping'
02:43:08.795 [main] DEBUG com.tngtech.archunit.core.importer.JavaClassProcessor - Processing class 'org/springframework/core/type/filter/TypeFilter'
02:43:08.795 [main] DEBUG com.tngtech.archunit.core.importer.JavaClassProcessor - Processing class 'java/util/Locale'
02:43:08.796 [main] DEBUG com.tngtech.archunit.core.importer.JavaClassProcessor - Processing class 'java/lang/reflect/Method'
02:43:08.796 [main] DEBUG com.tngtech.archunit.core.importer.JavaClassProcessor - Processing class 'org/springframework/context/PayloadApplicationEvent'
02:43:08.796 [main] DEBUG com.tngtech.archunit.core.importer.JavaClassProcessor - Processing class 'org/springframework/boot/autoconfigure/AutoConfigurationImportSelector'
02:43:08.796 [main] DEBUG com.tngtech.archunit.core.importer.JavaClassProcessor - Processing class 'jdk/internal/vm/annotation/ForceInline'
02:43:08.797 [main] DEBUG com.tngtech.archunit.core.importer.JavaClassProcessor - Processing class 'org/springframework/http/MediaType'
02:43:08.797 [main] DEBUG com.tngtech.archunit.core.importer.JavaClassProcessor - Processing class 'java/util/Locale$LanguageRange'
02:43:08.797 [main] DEBUG com.tngtech.archunit.core.importer.JavaClassProcessor - Processing class 'java/util/EventListener'
02:43:08.797 [main] DEBUG com.tngtech.archunit.core.importer.JavaClassProcessor - Processing class 'java/lang/Class$ReflectionData'
02:43:08.797 [main] DEBUG com.tngtech.archunit.core.importer.JavaClassProcessor - Processing class 'java/lang/reflect/Type'
02:43:08.797 [main] DEBUG com.tngtech.archunit.core.importer.JavaClassProcessor - Processing class 'jdk/internal/reflect/CallerSensitive'
02:43:08.797 [main] DEBUG com.tngtech.archunit.core.importer.JavaClassProcessor - Processing class 'org/springframework/beans/factory/BeanClassLoaderAware'
02:43:08.798 [main] DEBUG com.tngtech.archunit.core.importer.JavaClassProcessor - Processing class 'org/springframework/context/annotation/AnnotationScopeMetadataResolver'
02:43:08.798 [main] DEBUG com.tngtech.archunit.core.importer.JavaClassProcessor - Processing class 'java/lang/reflect/AnnotatedElement'
02:43:08.798 [main] DEBUG com.tngtech.archunit.core.importer.JavaClassProcessor - Processing class 'org/springframework/boot/autoconfigure/AutoConfigurationPackage'
02:43:08.798 [main] DEBUG com.tngtech.archunit.core.importer.JavaClassProcessor - Processing class 'org/springframework/data/repository/CrudRepository'
02:43:08.798 [main] DEBUG com.tngtech.archunit.core.importer.JavaClassProcessor - Processing class 'java/lang/Iterable'
02:43:08.798 [main] DEBUG com.tngtech.archunit.core.importer.JavaClassProcessor - Processing class 'java/lang/FunctionalInterface'
02:43:08.798 [main] DEBUG com.tngtech.archunit.core.importer.JavaClassProcessor - Processing class 'java/nio/charset/Charset'
02:43:08.798 [main] DEBUG com.tngtech.archunit.core.importer.JavaClassProcessor - Processing class 'java/lang/annotation/Repeatable'
02:43:08.798 [main] DEBUG com.tngtech.archunit.core.importer.JavaClassProcessor - Processing class 'org/springframework/beans/factory/BeanFactoryAware'
02:43:08.799 [main] DEBUG com.tngtech.archunit.core.importer.JavaClassProcessor - Processing class 'org/springframework/context/annotation/ComponentScans'
02:43:08.799 [main] DEBUG com.tngtech.archunit.core.importer.JavaClassProcessor - Processing class 'org/springframework/stereotype/Indexed'
02:43:08.799 [main] DEBUG com.tngtech.archunit.core.importer.JavaClassProcessor - Processing class 'java/lang/reflect/GenericDeclaration'
02:43:08.799 [main] DEBUG com.tngtech.archunit.core.importer.JavaClassProcessor - Processing class 'java/util/Map$Entry'
02:43:08.799 [main] DEBUG com.tngtech.archunit.core.importer.JavaClassProcessor - Processing class 'org/springframework/http/HttpMethod'
02:43:08.799 [main] DEBUG com.tngtech.archunit.core.importer.JavaClassProcessor - Processing class 'org/springframework/context/annotation/ScopedProxyMode'
02:43:08.799 [main] DEBUG com.tngtech.archunit.core.importer.JavaClassProcessor - Processing class 'org/springframework/util/MultiValueMap'
02:43:08.800 [main] DEBUG com.tngtech.archunit.core.importer.JavaClassProcessor - Processing class 'org/springframework/context/annotation/Import'
02:43:08.800 [main] DEBUG com.tngtech.archunit.core.importer.JavaClassProcessor - Processing class 'org/springframework/http/HttpRange'
02:43:08.800 [main] DEBUG com.tngtech.archunit.core.importer.JavaClassProcessor - Processing class 'java/lang/reflect/Field'
02:43:08.800 [main] DEBUG com.tngtech.archunit.core.importer.JavaClassProcessor - Processing class 'org/springframework/context/ApplicationContext'
02:43:08.800 [main] DEBUG com.tngtech.archunit.core.importer.JavaClassProcessor - Processing class 'org/springframework/context/Lifecycle'
02:43:08.800 [main] DEBUG com.tngtech.archunit.core.importer.JavaClassProcessor - Processing class 'org/springframework/context/ApplicationEvent'
02:43:08.800 [main] DEBUG com.tngtech.archunit.core.importer.JavaClassProcessor - Processing class 'org/springframework/context/annotation/ScopeMetadataResolver'
02:43:08.800 [main] DEBUG com.tngtech.archunit.core.importer.JavaClassProcessor - Processing class 'java/io/Closeable'
02:43:08.801 [main] DEBUG com.tngtech.archunit.core.importer.JavaClassProcessor - Processing class 'org/springframework/core/env/AbstractEnvironment'
02:43:08.801 [main] DEBUG com.tngtech.archunit.core.importer.JavaClassProcessor - Processing class 'org/springframework/beans/factory/HierarchicalBeanFactory'
02:43:08.801 [main] DEBUG com.tngtech.archunit.core.importer.JavaClassProcessor - Processing class 'org/springframework/boot/autoconfigure/AutoConfigurationImportListener'
02:43:08.801 [main] DEBUG com.tngtech.archunit.core.importer.JavaClassProcessor - Processing class 'java/nio/charset/spi/CharsetProvider'
02:43:08.801 [main] DEBUG com.tngtech.archunit.core.importer.JavaClassProcessor - Processing class 'java/lang/AutoCloseable'
02:43:08.801 [main] DEBUG com.tngtech.archunit.core.importer.JavaClassProcessor - Processing class 'java/util/EventObject'
02:43:08.802 [main] DEBUG com.tngtech.archunit.core.importer.JavaClassProcessor - Processing class 'org/springframework/util/MimeType'
02:43:08.802 [main] DEBUG com.tngtech.archunit.core.importer.JavaClassProcessor - Processing class 'java/lang/Character'
02:43:08.802 [main] DEBUG com.tngtech.archunit.core.importer.JavaClassProcessor - Processing class 'org/springframework/data/repository/Repository'
02:43:08.802 [main] DEBUG com.tngtech.archunit.core.importer.JavaClassProcessor - Processing class 'java/util/Map'
02:43:08.803 [main] DEBUG com.tngtech.archunit.core.importer.JavaClassProcessor - Processing class 'org/springframework/context/ApplicationEventPublisher'
02:43:08.803 [main] DEBUG com.tngtech.archunit.core.importer.JavaClassProcessor - Processing class 'java/lang/reflect/Executable'
02:43:08.803 [main] DEBUG com.tngtech.archunit.core.importer.JavaClassProcessor - Processing class 'org/springframework/boot/autoconfigure/AutoConfigurationPackages$Registrar'
02:43:08.803 [main] DEBUG com.tngtech.archunit.core.importer.JavaClassProcessor - Processing class 'java/lang/Cloneable'
02:43:08.803 [main] DEBUG com.tngtech.archunit.core.importer.JavaClassProcessor - Processing class 'java/lang/ThreadLocal'
02:43:08.803 [main] DEBUG com.tngtech.archunit.core.importer.JavaClassProcessor - Processing class 'java/lang/reflect/Member'
02:43:08.803 [main] DEBUG com.tngtech.archunit.core.importer.JavaClassProcessor - Processing class 'sun/util/locale/LocaleExtensions'
02:43:08.804 [main] DEBUG com.tngtech.archunit.core.importer.JavaClassProcessor - Processing class 'org/springframework/beans/factory/ListableBeanFactory'
02:43:08.804 [main] DEBUG com.tngtech.archunit.core.importer.JavaClassProcessor - Processing class 'org/springframework/core/Ordered'
02:43:08.804 [main] DEBUG com.tngtech.archunit.core.importer.JavaClassProcessor - Processing class 'org/springframework/context/annotation/DeferredImportSelector'
02:43:08.804 [main] DEBUG com.tngtech.archunit.core.importer.JavaClassProcessor - Processing class 'org/springframework/beans/factory/Aware'
02:43:08.804 [main] DEBUG com.tngtech.archunit.core.importer.JavaClassProcessor - Processing class 'org/springframework/core/ResolvableTypeProvider'
02:43:08.805 [main] DEBUG com.tngtech.archunit.core.importer.JavaClassProcessor - Processing class 'org/springframework/core/io/support/ResourceRegion'
02:43:08.805 [main] DEBUG com.tngtech.archunit.core.importer.JavaClassProcessor - Processing class 'org/springframework/boot/autoconfigure/AutoConfigurationImportFilter'
02:43:08.805 [main] DEBUG com.tngtech.archunit.core.importer.JavaClassProcessor - Processing class 'org/springframework/core/env/ConfigurableEnvironment'
02:43:08.805 [main] DEBUG com.tngtech.archunit.core.importer.JavaClassProcessor - Processing class 'org/springframework/core/env/EnvironmentCapable'
02:43:08.805 [main] DEBUG com.tngtech.archunit.core.importer.JavaClassProcessor - Processing class 'org/springframework/context/MessageSource'
02:43:08.805 [main] DEBUG com.tngtech.archunit.core.importer.JavaClassProcessor - Processing class 'java/lang/reflect/AccessibleObject'
02:43:08.806 [main] DEBUG com.tngtech.archunit.core.importer.JavaClassProcessor - Processing class 'org/springframework/context/ResourceLoaderAware'
02:43:08.806 [main] DEBUG com.tngtech.archunit.core.importer.JavaClassProcessor - Processing class 'org/springframework/context/annotation/DeferredImportSelector$Group'
02:43:08.806 [main] DEBUG com.tngtech.archunit.core.importer.JavaClassProcessor - Processing class 'org/springframework/context/EnvironmentAware'
02:43:08.806 [main] DEBUG com.tngtech.archunit.core.importer.JavaClassProcessor - Processing class 'org/springframework/core/io/support/ResourcePatternResolver'
02:43:08.806 [main] DEBUG com.tngtech.archunit.core.importer.JavaClassProcessor - Processing class 'sun/util/locale/Extension'
02:43:08.806 [main] DEBUG com.tngtech.archunit.core.importer.JavaClassProcessor - Processing class 'org/springframework/core/env/ConfigurablePropertyResolver'
02:43:08.806 [main] DEBUG com.tngtech.archunit.core.importer.JavaClassProcessor - Processing class 'org/springframework/context/annotation/DeferredImportSelector$Group$Entry'
02:43:08.807 [main] DEBUG com.tngtech.archunit.core.importer.JavaClassProcessor - Processing class 'org/springframework/context/annotation/ImportBeanDefinitionRegistrar'
02:43:08.807 [main] DEBUG com.tngtech.archunit.core.importer.JavaClassProcessor - Processing class 'org/springframework/context/annotation/ImportSelector'
02:43:08.807 [main] DEBUG com.tngtech.archunit.core.importer.JavaClassProcessor - Processing class 'org/springframework/core/io/ResourceLoader'
02:43:08.807 [main] DEBUG com.tngtech.archunit.core.importer.JavaClassProcessor - Processing class 'org/springframework/boot/autoconfigure/AutoConfigurationPackages'
02:43:08.807 [main] DEBUG com.tngtech.archunit.core.importer.JavaClassProcessor - Processing class 'org/springframework/boot/context/annotation/DeterminableImports'
02:43:08.807 [main] DEBUG com.tngtech.archunit.core.importer.JavaClassProcessor - Processing class 'org/springframework/core/env/Environment'
02:43:08.807 [main] DEBUG com.tngtech.archunit.core.importer.JavaClassProcessor - Processing class 'org/springframework/beans/factory/BeanFactory'
02:43:08.808 [main] DEBUG com.tngtech.archunit.core.importer.JavaClassProcessor - Processing class 'sun/util/locale/InternalLocaleBuilder$CaseInsensitiveString'
02:43:08.808 [main] DEBUG com.tngtech.archunit.core.importer.JavaClassProcessor - Processing class 'sun/util/locale/InternalLocaleBuilder$CaseInsensitiveChar'
02:43:08.808 [main] DEBUG com.tngtech.archunit.core.importer.JavaClassProcessor - Processing class 'org/springframework/core/env/PropertyResolver'
02:43:08.808 [main] DEBUG com.tngtech.archunit.core.importer.JavaClassProcessor - Processing class 'sun/util/locale/InternalLocaleBuilder'
02:43:08.809 [main] DEBUG com.tngtech.archunit.core.importer.JavaClassProcessor - Processing class 'java/io/IOException'
02:43:08.809 [main] DEBUG com.tngtech.archunit.core.importer.JavaClassProcessor - Processing class 'java/util/stream/IntStream'
02:43:08.811 [main] DEBUG com.tngtech.archunit.core.importer.JavaClassProcessor - Processing class 'java/lang/ClassValue$ClassValueMap'
02:43:08.811 [main] DEBUG com.tngtech.archunit.core.importer.JavaClassProcessor - Processing class 'java/io/ObjectStreamField'
02:43:08.811 [main] DEBUG com.tngtech.archunit.core.importer.JavaClassProcessor - Processing class 'java/security/ProtectionDomain'
02:43:08.812 [main] DEBUG com.tngtech.archunit.core.importer.JavaClassProcessor - Processing class 'java/lang/ref/SoftReference'
02:43:08.812 [main] DEBUG com.tngtech.archunit.core.importer.JavaClassProcessor - Processing class 'sun/reflect/annotation/AnnotationType'
02:43:08.812 [main] DEBUG com.tngtech.archunit.core.importer.JavaClassProcessor - Processing class 'sun/reflect/generics/repository/ClassRepository'
02:43:08.812 [main] DEBUG com.tngtech.archunit.core.importer.JavaClassProcessor - Processing class 'java/lang/Module'
02:43:08.812 [main] DEBUG com.tngtech.archunit.core.importer.JavaClassProcessor - Processing class 'java/lang/reflect/Constructor'
02:43:08.813 [main] DEBUG com.tngtech.archunit.core.importer.JavaClassProcessor - Processing class 'java/lang/ClassLoader'
02:43:08.813 [main] DEBUG com.tngtech.archunit.core.importer.JavaClassProcessor - Processing class 'jdk/internal/reflect/ReflectionFactory'
02:43:08.814 [main] DEBUG com.tngtech.archunit.core.importer.JavaClassProcessor - Processing class 'java/lang/Class$AnnotationData'
02:43:08.814 [main] DEBUG com.tngtech.archunit.core.importer.JavaClassProcessor - Processing class 'java/lang/PublicMethods$MethodList'
02:43:08.815 [main] DEBUG com.tngtech.archunit.core.importer.JavaClassProcessor - Processing class 'java/lang/Class$EnclosingMethodInfo'
02:43:08.815 [main] DEBUG com.tngtech.archunit.core.importer.JavaClassProcessor - Processing class 'java/lang/NoSuchMethodException'
02:43:08.815 [main] DEBUG com.tngtech.archunit.core.importer.JavaClassProcessor - Processing class 'java/net/URL'
02:43:08.815 [main] DEBUG com.tngtech.archunit.core.importer.JavaClassProcessor - Processing class 'java/lang/SecurityException'
02:43:08.815 [main] DEBUG com.tngtech.archunit.core.importer.JavaClassProcessor - Processing class 'java/lang/ClassNotFoundException'
02:43:08.815 [main] DEBUG com.tngtech.archunit.core.importer.JavaClassProcessor - Processing class 'java/lang/Package'
02:43:08.816 [main] DEBUG com.tngtech.archunit.core.importer.JavaClassProcessor - Processing class 'java/lang/reflect/AnnotatedType'
02:43:08.816 [main] DEBUG com.tngtech.archunit.core.importer.JavaClassProcessor - Processing class 'java/io/InputStream'
02:43:08.816 [main] DEBUG com.tngtech.archunit.core.importer.JavaClassProcessor - Processing class 'java/lang/InstantiationException'
02:43:08.816 [main] DEBUG com.tngtech.archunit.core.importer.JavaClassProcessor - Processing class 'java/lang/IllegalAccessException'
02:43:08.816 [main] DEBUG com.tngtech.archunit.core.importer.JavaClassProcessor - Processing class 'jdk/internal/reflect/ConstantPool'
02:43:08.816 [main] DEBUG com.tngtech.archunit.core.importer.JavaClassProcessor - Processing class 'sun/reflect/generics/factory/GenericsFactory'
02:43:08.817 [main] DEBUG com.tngtech.archunit.core.importer.JavaClassProcessor - Processing class 'java/lang/SecurityManager'
02:43:08.817 [main] DEBUG com.tngtech.archunit.core.importer.JavaClassProcessor - Processing class 'java/lang/reflect/TypeVariable'
02:43:08.817 [main] DEBUG com.tngtech.archunit.core.importer.JavaClassProcessor - Processing class 'java/lang/NoSuchFieldException'
02:43:08.818 [main] DEBUG com.tngtech.archunit.core.importer.JavaClassProcessor - Processing class 'java/lang/CloneNotSupportedException'
02:43:08.818 [main] DEBUG com.tngtech.archunit.core.importer.JavaClassProcessor - Processing class 'java/io/ObjectStreamException'
02:43:08.818 [main] DEBUG com.tngtech.archunit.core.importer.JavaClassProcessor - Processing class 'java/io/ObjectInputStream'
02:43:08.819 [main] DEBUG com.tngtech.archunit.core.importer.JavaClassProcessor - Processing class 'java/util/Iterator'
02:43:08.819 [main] DEBUG com.tngtech.archunit.core.importer.JavaClassProcessor - Processing class 'java/util/function/Consumer'
02:43:08.819 [main] DEBUG com.tngtech.archunit.core.importer.JavaClassProcessor - Processing class 'java/util/Spliterator'
02:43:08.819 [main] DEBUG com.tngtech.archunit.core.importer.JavaClassProcessor - Processing class 'java/lang/NumberFormatException'
02:43:08.820 [main] DEBUG com.tngtech.archunit.core.importer.JavaClassProcessor - Processing class 'java/math/BigInteger'
02:43:08.821 [main] DEBUG com.tngtech.archunit.core.importer.JavaClassProcessor - Processing class 'java/lang/InterruptedException'
02:43:08.822 [main] DEBUG com.tngtech.archunit.core.importer.JavaClassProcessor - Processing class 'java/util/Comparator'
02:43:08.822 [main] DEBUG com.tngtech.archunit.core.importer.JavaClassProcessor - Processing class 'java/lang/StringBuffer'
02:43:08.822 [main] DEBUG com.tngtech.archunit.core.importer.JavaClassProcessor - Processing class 'java/io/UnsupportedEncodingException'
02:43:08.823 [main] DEBUG com.tngtech.archunit.core.importer.JavaClassProcessor - Processing class 'java/util/stream/Stream'
02:43:08.823 [main] DEBUG com.tngtech.archunit.core.importer.JavaClassProcessor - Processing class 'java/lang/AbstractStringBuilder'
02:43:08.824 [main] DEBUG com.tngtech.archunit.core.importer.JavaClassProcessor - Processing class 'java/lang/StringBuilder'
02:43:08.824 [main] DEBUG com.tngtech.archunit.core.importer.JavaClassProcessor - Processing class 'java/util/concurrent/atomic/AtomicInteger'
02:43:08.824 [main] DEBUG com.tngtech.archunit.core.importer.JavaClassProcessor - Processing class 'java/util/function/Supplier'
02:43:08.825 [main] DEBUG com.tngtech.archunit.core.importer.JavaClassProcessor - Processing class 'java/lang/ThreadLocal$ThreadLocalMap'
02:43:08.825 [main] DEBUG com.tngtech.archunit.core.importer.JavaClassProcessor - Processing class 'java/lang/Thread'
02:43:08.825 [main] DEBUG com.tngtech.archunit.core.importer.JavaClassProcessor - Processing class 'java/lang/StackTraceElement'
02:43:08.826 [main] DEBUG com.tngtech.archunit.core.importer.JavaClassProcessor - Processing class 'java/io/PrintStream'
02:43:08.826 [main] DEBUG com.tngtech.archunit.core.importer.JavaClassProcessor - Processing class 'java/lang/Throwable$PrintStreamOrWriter'
02:43:08.826 [main] DEBUG com.tngtech.archunit.core.importer.JavaClassProcessor - Processing class 'java/util/Set'
02:43:08.826 [main] DEBUG com.tngtech.archunit.core.importer.JavaClassProcessor - Processing class 'java/io/ObjectOutputStream'
02:43:08.827 [main] DEBUG com.tngtech.archunit.core.importer.JavaClassProcessor - Processing class 'java/io/PrintWriter'
02:43:08.828 [main] DEBUG com.tngtech.archunit.core.importer.JavaClassProcessor - Processing class 'java/lang/reflect/Parameter'
02:43:08.829 [main] DEBUG com.tngtech.archunit.core.importer.JavaClassProcessor - Processing class 'sun/reflect/generics/repository/ConstructorRepository'
02:43:08.829 [main] DEBUG com.tngtech.archunit.core.importer.JavaClassProcessor - Processing class 'jdk/internal/reflect/FieldAccessor'
02:43:08.829 [main] DEBUG com.tngtech.archunit.core.importer.JavaClassProcessor - Processing class 'sun/reflect/generics/repository/FieldRepository'
02:43:08.829 [main] DEBUG com.tngtech.archunit.core.importer.JavaClassProcessor - Processing class 'java/lang/IllegalArgumentException'
02:43:08.830 [main] DEBUG com.tngtech.archunit.core.importer.JavaClassProcessor - Processing class 'jdk/internal/reflect/MethodAccessor'
02:43:08.830 [main] DEBUG com.tngtech.archunit.core.importer.JavaClassProcessor - Processing class 'sun/reflect/generics/repository/MethodRepository'
02:43:08.830 [main] DEBUG com.tngtech.archunit.core.importer.JavaClassProcessor - Processing class 'java/lang/reflect/InvocationTargetException'
02:43:08.830 [main] DEBUG com.tngtech.archunit.core.importer.JavaClassProcessor - Processing class 'java/nio/charset/CharsetEncoder'
02:43:08.830 [main] DEBUG com.tngtech.archunit.core.importer.JavaClassProcessor - Processing class 'java/nio/ByteBuffer'
02:43:08.831 [main] DEBUG com.tngtech.archunit.core.importer.JavaClassProcessor - Processing class 'java/nio/CharBuffer'
02:43:08.831 [main] DEBUG com.tngtech.archunit.core.importer.JavaClassProcessor - Processing class 'java/util/SortedMap'
02:43:08.831 [main] DEBUG com.tngtech.archunit.core.importer.JavaClassProcessor - Processing class 'java/nio/charset/CharsetDecoder'
02:43:08.831 [main] DEBUG com.tngtech.archunit.core.importer.JavaClassProcessor - Processing class 'java/util/function/IntFunction'
02:43:08.831 [main] DEBUG com.tngtech.archunit.core.importer.JavaClassProcessor - Processing class 'java/util/function/Predicate'
02:43:08.832 [main] DEBUG com.tngtech.archunit.core.importer.JavaClassProcessor - Processing class 'java/util/ListIterator'
02:43:08.832 [main] DEBUG com.tngtech.archunit.core.importer.JavaClassProcessor - Processing class 'java/util/function/UnaryOperator'
02:43:08.832 [main] DEBUG com.tngtech.archunit.core.importer.JavaClassProcessor - Processing class 'sun/util/locale/BaseLocale'
02:43:08.832 [main] DEBUG com.tngtech.archunit.core.importer.JavaClassProcessor - Processing class 'java/util/Locale$Cache'
02:43:08.832 [main] DEBUG com.tngtech.archunit.core.importer.JavaClassProcessor - Processing class 'sun/util/locale/provider/LocaleResources'
02:43:08.833 [main] DEBUG com.tngtech.archunit.core.importer.JavaClassProcessor - Processing class 'java/util/Locale$Category'
02:43:08.833 [main] DEBUG com.tngtech.archunit.core.importer.JavaClassProcessor - Processing class 'java/util/Locale$IsoCountryCode'
02:43:08.833 [main] DEBUG com.tngtech.archunit.core.importer.JavaClassProcessor - Processing class 'java/util/MissingResourceException'
02:43:08.833 [main] DEBUG com.tngtech.archunit.core.importer.JavaClassProcessor - Processing class 'java/util/Locale$FilteringMode'
02:43:08.834 [main] DEBUG com.tngtech.archunit.core.importer.JavaClassProcessor - Processing class 'java/util/function/BiFunction'
02:43:08.834 [main] DEBUG com.tngtech.archunit.core.importer.JavaClassProcessor - Processing class 'java/util/function/Function'
02:43:08.834 [main] DEBUG com.tngtech.archunit.core.importer.JavaClassProcessor - Processing class 'java/util/function/BiConsumer'
02:43:08.835 [main] DEBUG com.tngtech.archunit.core.importer.JavaClassProcessor - Processing class 'java/lang/invoke/SerializedLambda'
02:43:08.835 [main] DEBUG com.tngtech.archunit.core.importer.JavaClassProcessor - Processing class 'java/lang/Runnable'
02:43:08.836 [main] DEBUG com.tngtech.archunit.core.importer.JavaClassProcessor - Processing class 'org/springframework/beans/BeansException'
02:43:08.836 [main] DEBUG com.tngtech.archunit.core.importer.JavaClassProcessor - Processing class 'org/springframework/core/ResolvableType'
02:43:08.837 [main] DEBUG com.tngtech.archunit.core.importer.JavaClassProcessor - Processing class 'org/springframework/beans/factory/NoSuchBeanDefinitionException'
02:43:08.837 [main] DEBUG com.tngtech.archunit.core.importer.JavaClassProcessor - Processing class 'org/springframework/beans/factory/ObjectProvider'
02:43:08.838 [main] DEBUG com.tngtech.archunit.core.importer.JavaClassProcessor - Processing class 'org/springframework/beans/factory/config/BeanDefinition'
02:43:08.838 [main] DEBUG com.tngtech.archunit.core.importer.JavaClassProcessor - Processing class 'org/springframework/beans/factory/support/BeanDefinitionRegistry'
02:43:08.838 [main] DEBUG com.tngtech.archunit.core.importer.JavaClassProcessor - Processing class 'org/springframework/boot/BootstrapRegistry'
02:43:08.838 [main] DEBUG com.tngtech.archunit.core.importer.JavaClassProcessor - Processing class 'org/springframework/core/metrics/ApplicationStartup'
02:43:08.839 [main] DEBUG com.tngtech.archunit.core.importer.JavaClassProcessor - Processing class 'org/apache/commons/logging/Log'
02:43:08.839 [main] DEBUG com.tngtech.archunit.core.importer.JavaClassProcessor - Processing class 'org/springframework/boot/Banner$Mode'
02:43:08.839 [main] DEBUG com.tngtech.archunit.core.importer.JavaClassProcessor - Processing class 'org/springframework/boot/Banner'
02:43:08.839 [main] DEBUG com.tngtech.archunit.core.importer.JavaClassProcessor - Processing class 'org/springframework/boot/WebApplicationType'
02:43:08.839 [main] DEBUG com.tngtech.archunit.core.importer.JavaClassProcessor - Processing class 'org/springframework/boot/ApplicationContextFactory'
02:43:08.840 [main] DEBUG com.tngtech.archunit.core.importer.JavaClassProcessor - Processing class 'org/springframework/boot/SpringApplicationShutdownHook'
02:43:08.840 [main] DEBUG com.tngtech.archunit.core.importer.JavaClassProcessor - Processing class 'org/springframework/boot/SpringApplicationRunListeners'
02:43:08.840 [main] DEBUG com.tngtech.archunit.core.importer.JavaClassProcessor - Processing class 'org/springframework/boot/DefaultBootstrapContext'
02:43:08.841 [main] DEBUG com.tngtech.archunit.core.importer.JavaClassProcessor - Processing class 'org/springframework/boot/ApplicationArguments'
02:43:08.841 [main] DEBUG com.tngtech.archunit.core.importer.JavaClassProcessor - Processing class 'org/springframework/boot/ApplicationRunner'
02:43:08.841 [main] DEBUG com.tngtech.archunit.core.importer.JavaClassProcessor - Processing class 'org/springframework/boot/SpringBootExceptionHandler'
02:43:08.841 [main] DEBUG com.tngtech.archunit.core.importer.JavaClassProcessor - Processing class 'org/springframework/boot/CommandLineRunner'
02:43:08.841 [main] DEBUG com.tngtech.archunit.core.importer.JavaClassProcessor - Processing class 'java/util/Properties'
02:43:08.849 [main] DEBUG com.tngtech.archunit.core.importer.JavaClassProcessor - Processing class 'org/springframework/boot/SpringApplicationShutdownHandlers'
02:43:08.849 [main] DEBUG com.tngtech.archunit.core.importer.JavaClassProcessor - Processing class 'org/springframework/boot/Bootstrapper'
02:43:08.850 [main] DEBUG com.tngtech.archunit.core.importer.JavaClassProcessor - Processing class 'org/springframework/boot/ExitCodeGenerator'
02:43:08.851 [main] DEBUG com.tngtech.archunit.core.importer.JavaClassProcessor - Processing class 'org/springframework/boot/BeanDefinitionLoader'
02:43:08.855 [main] DEBUG com.tngtech.archunit.core.importer.JavaClassProcessor - Processing class 'org/springframework/core/type/classreading/MetadataReader'
02:43:08.856 [main] DEBUG com.tngtech.archunit.core.importer.JavaClassProcessor - Processing class 'org/springframework/core/type/classreading/MetadataReaderFactory'
02:43:08.857 [main] DEBUG com.tngtech.archunit.core.importer.JavaClassProcessor - Processing class 'org/springframework/boot/autoconfigure/AutoConfigurationMetadata'
02:43:08.857 [main] DEBUG com.tngtech.archunit.core.importer.JavaClassProcessor - Processing class 'org/springframework/boot/autoconfigure/AutoConfigurationImportEvent'
02:43:08.858 [main] DEBUG com.tngtech.archunit.core.importer.JavaClassProcessor - Processing class 'org/springframework/beans/factory/config/ConfigurableListableBeanFactory'
02:43:08.858 [main] DEBUG com.tngtech.archunit.core.importer.JavaClassProcessor - Processing class 'org/springframework/boot/autoconfigure/AutoConfigurationImportSelector$AutoConfigurationEntry'
02:43:08.858 [main] DEBUG com.tngtech.archunit.core.importer.JavaClassProcessor - Processing class 'org/springframework/boot/autoconfigure/AutoConfigurationImportSelector$ConfigurationClassFilter'
02:43:08.858 [main] DEBUG com.tngtech.archunit.core.importer.JavaClassProcessor - Processing class 'org/springframework/core/annotation/AnnotationAttributes'
02:43:08.859 [main] DEBUG com.tngtech.archunit.core.importer.JavaClassProcessor - Processing class 'org/springframework/core/type/AnnotationMetadata'
02:43:08.860 [main] DEBUG com.tngtech.archunit.core.importer.JavaClassProcessor - Processing class 'org/springframework/beans/factory/config/AutowireCapableBeanFactory'
02:43:08.860 [main] DEBUG com.tngtech.archunit.core.importer.JavaClassProcessor - Processing class 'java/lang/IllegalStateException'
02:43:08.860 [main] DEBUG com.tngtech.archunit.core.importer.JavaClassProcessor - Processing class 'java/time/Clock'
02:43:08.860 [main] DEBUG com.tngtech.archunit.core.importer.JavaClassProcessor - Processing class 'org/springframework/beans/factory/config/BeanFactoryPostProcessor'
02:43:08.861 [main] DEBUG com.tngtech.archunit.core.importer.JavaClassProcessor - Processing class 'org/springframework/core/io/ProtocolResolver'
02:43:08.861 [main] DEBUG com.tngtech.archunit.core.importer.JavaClassProcessor - Processing class 'org/springframework/context/NoSuchMessageException'
02:43:08.861 [main] DEBUG com.tngtech.archunit.core.importer.JavaClassProcessor - Processing class 'org/springframework/context/MessageSourceResolvable'
02:43:08.861 [main] DEBUG com.tngtech.archunit.core.importer.JavaClassProcessor - Processing class 'org/springframework/context/annotation/ScopeMetadata'
02:43:08.863 [main] DEBUG com.tngtech.archunit.core.importer.JavaClassProcessor - Processing class 'org/springframework/core/env/MutablePropertySources'
02:43:08.863 [main] DEBUG com.tngtech.archunit.core.importer.JavaClassProcessor - Processing class 'org/springframework/core/env/Profiles'
02:43:08.864 [main] DEBUG com.tngtech.archunit.core.importer.JavaClassProcessor - Processing class 'org/springframework/core/convert/support/ConfigurableConversionService'
02:43:08.864 [main] DEBUG com.tngtech.archunit.core.importer.JavaClassProcessor - Processing class 'org/springframework/core/env/MissingRequiredPropertiesException'
02:43:08.864 [main] DEBUG com.tngtech.archunit.core.importer.JavaClassProcessor - Processing class 'org/springframework/core/io/Resource'
02:43:08.865 [main] DEBUG com.tngtech.archunit.core.importer.JavaClassProcessor - Processing class 'org/springframework/data/domain/Sort'
02:43:08.865 [main] DEBUG com.tngtech.archunit.core.importer.JavaClassProcessor - Processing class 'org/springframework/data/domain/Example'
02:43:08.866 [main] DEBUG com.tngtech.archunit.core.importer.JavaClassProcessor - Processing class 'org/springframework/data/domain/Page'
02:43:08.866 [main] DEBUG com.tngtech.archunit.core.importer.JavaClassProcessor - Processing class 'org/springframework/data/domain/Pageable'
02:43:08.866 [main] DEBUG com.tngtech.archunit.core.importer.JavaClassProcessor - Processing class 'java/util/regex/Pattern'
02:43:08.867 [main] DEBUG com.tngtech.archunit.core.importer.JavaClassProcessor - Processing class 'java/time/ZoneId'
02:43:08.867 [main] DEBUG com.tngtech.archunit.core.importer.JavaClassProcessor - Processing class 'java/time/format/DateTimeFormatter'
02:43:08.868 [main] DEBUG com.tngtech.archunit.core.importer.JavaClassProcessor - Processing class 'java/text/DecimalFormatSymbols'
02:43:08.868 [main] DEBUG com.tngtech.archunit.core.importer.JavaClassProcessor - Processing class 'java/net/URI'
02:43:08.869 [main] DEBUG com.tngtech.archunit.core.importer.JavaClassProcessor - Processing class 'java/time/ZonedDateTime'
02:43:08.869 [main] DEBUG com.tngtech.archunit.core.importer.JavaClassProcessor - Processing class 'java/net/InetSocketAddress'
02:43:08.870 [main] DEBUG com.tngtech.archunit.core.importer.JavaClassProcessor - Processing class 'java/time/Instant'
02:43:08.870 [main] DEBUG com.tngtech.archunit.core.importer.JavaClassProcessor - Processing class 'org/springframework/http/ContentDisposition'
02:43:08.871 [main] DEBUG com.tngtech.archunit.core.importer.JavaClassProcessor - Processing class 'java/time/Duration'
02:43:08.871 [main] DEBUG com.tngtech.archunit.core.importer.JavaClassProcessor - Processing class 'org/springframework/http/CacheControl'
02:43:08.873 [main] DEBUG com.tngtech.archunit.core.importer.JavaClassProcessor - Processing class 'org/springframework/http/HttpStatus'
02:43:08.873 [main] DEBUG com.tngtech.archunit.core.importer.JavaClassProcessor - Processing class 'org/springframework/http/ResponseEntity$1'
02:43:08.873 [main] DEBUG com.tngtech.archunit.core.importer.JavaClassProcessor - Processing class 'java/util/BitSet'
02:43:08.875 [main] DEBUG com.tngtech.archunit.core.importer.JavaClassProcessor - Processing class 'sun/util/locale/LocaleSyntaxException'
02:43:08.875 [main] DEBUG com.tngtech.archunit.core.importer.JavaClassProcessor - Processing class 'sun/util/locale/LanguageTag'
]]></system-out>
  </testcase>
  <testcase name="controllerFieldsShouldNotBeAutowired" classname="archtests.SongArchitectureTests" time="0.103">
    <system-out><![CDATA[02:43:08.888 [main] DEBUG com.tngtech.archunit.core.importer.UrlSource$From - Found URLs on sun.boot.class.path: []
02:43:08.891 [main] DEBUG com.tngtech.archunit.core.importer.UrlSource$From - Found URLs on java.class.path: [file:/M:/Lab/song-manager/target/test-classes/, file:/M:/Lab/song-manager/target/classes/, jar:file:/C:/Users/User/.m2/repository/org/springframework/boot/spring-boot-starter-web/2.5.4/spring-boot-starter-web-2.5.4.jar!/, jar:file:/C:/Users/User/.m2/repository/org/springframework/boot/spring-boot-starter/2.5.4/spring-boot-starter-2.5.4.jar!/, jar:file:/C:/Users/User/.m2/repository/org/springframework/boot/spring-boot/2.5.4/spring-boot-2.5.4.jar!/, jar:file:/C:/Users/User/.m2/repository/org/springframework/boot/spring-boot-autoconfigure/2.5.4/spring-boot-autoconfigure-2.5.4.jar!/, jar:file:/C:/Users/User/.m2/repository/org/springframework/boot/spring-boot-starter-logging/2.5.4/spring-boot-starter-logging-2.5.4.jar!/, jar:file:/C:/Users/User/.m2/repository/ch/qos/logback/logback-classic/1.2.5/logback-classic-1.2.5.jar!/, jar:file:/C:/Users/User/.m2/repository/ch/qos/logback/logback-core/1.2.5/logback-core-1.2.5.jar!/, jar:file:/C:/Users/User/.m2/repository/org/apache/logging/log4j/log4j-to-slf4j/2.14.1/log4j-to-slf4j-2.14.1.jar!/, jar:file:/C:/Users/User/.m2/repository/org/apache/logging/log4j/log4j-api/2.14.1/log4j-api-2.14.1.jar!/, jar:file:/C:/Users/User/.m2/repository/org/slf4j/jul-to-slf4j/1.7.32/jul-to-slf4j-1.7.32.jar!/, jar:file:/C:/Users/User/.m2/repository/jakarta/annotation/jakarta.annotation-api/1.3.5/jakarta.annotation-api-1.3.5.jar!/, jar:file:/C:/Users/User/.m2/repository/org/yaml/snakeyaml/1.28/snakeyaml-1.28.jar!/, jar:file:/C:/Users/User/.m2/repository/org/springframework/boot/spring-boot-starter-json/2.5.4/spring-boot-starter-json-2.5.4.jar!/, jar:file:/C:/Users/User/.m2/repository/com/fasterxml/jackson/core/jackson-databind/2.12.4/jackson-databind-2.12.4.jar!/, jar:file:/C:/Users/User/.m2/repository/com/fasterxml/jackson/core/jackson-annotations/2.12.4/jackson-annotations-2.12.4.jar!/, jar:file:/C:/Users/User/.m2/repository/com/fasterxml/jackson/core/jackson-core/2.12.4/jackson-core-2.12.4.jar!/, jar:file:/C:/Users/User/.m2/repository/com/fasterxml/jackson/datatype/jackson-datatype-jdk8/2.12.4/jackson-datatype-jdk8-2.12.4.jar!/, jar:file:/C:/Users/User/.m2/repository/com/fasterxml/jackson/datatype/jackson-datatype-jsr310/2.12.4/jackson-datatype-jsr310-2.12.4.jar!/, jar:file:/C:/Users/User/.m2/repository/com/fasterxml/jackson/module/jackson-module-parameter-names/2.12.4/jackson-module-parameter-names-2.12.4.jar!/, jar:file:/C:/Users/User/.m2/repository/org/springframework/boot/spring-boot-starter-tomcat/2.5.4/spring-boot-starter-tomcat-2.5.4.jar!/, jar:file:/C:/Users/User/.m2/repository/org/apache/tomcat/embed/tomcat-embed-core/9.0.52/tomcat-embed-core-9.0.52.jar!/, jar:file:/C:/Users/User/.m2/repository/org/apache/tomcat/embed/tomcat-embed-el/9.0.52/tomcat-embed-el-9.0.52.jar!/, jar:file:/C:/Users/User/.m2/repository/org/apache/tomcat/embed/tomcat-embed-websocket/9.0.52/tomcat-embed-websocket-9.0.52.jar!/, jar:file:/C:/Users/User/.m2/repository/org/springframework/spring-web/5.3.9/spring-web-5.3.9.jar!/, jar:file:/C:/Users/User/.m2/repository/org/springframework/spring-beans/5.3.9/spring-beans-5.3.9.jar!/, jar:file:/C:/Users/User/.m2/repository/org/springframework/spring-webmvc/5.3.9/spring-webmvc-5.3.9.jar!/, jar:file:/C:/Users/User/.m2/repository/org/springframework/spring-aop/5.3.9/spring-aop-5.3.9.jar!/, jar:file:/C:/Users/User/.m2/repository/org/springframework/spring-context/5.3.9/spring-context-5.3.9.jar!/, jar:file:/C:/Users/User/.m2/repository/org/springframework/spring-expression/5.3.9/spring-expression-5.3.9.jar!/, jar:file:/C:/Users/User/.m2/repository/org/springframework/boot/spring-boot-starter-data-jpa/2.5.4/spring-boot-starter-data-jpa-2.5.4.jar!/, jar:file:/C:/Users/User/.m2/repository/org/springframework/boot/spring-boot-starter-aop/2.5.4/spring-boot-starter-aop-2.5.4.jar!/, jar:file:/C:/Users/User/.m2/repository/org/aspectj/aspectjweaver/1.9.7/aspectjweaver-1.9.7.jar!/, jar:file:/C:/Users/User/.m2/repository/org/springframework/boot/spring-boot-starter-jdbc/2.5.4/spring-boot-starter-jdbc-2.5.4.jar!/, jar:file:/C:/Users/User/.m2/repository/com/zaxxer/HikariCP/4.0.3/HikariCP-4.0.3.jar!/, jar:file:/C:/Users/User/.m2/repository/org/springframework/spring-jdbc/5.3.9/spring-jdbc-5.3.9.jar!/, jar:file:/C:/Users/User/.m2/repository/jakarta/transaction/jakarta.transaction-api/1.3.3/jakarta.transaction-api-1.3.3.jar!/, jar:file:/C:/Users/User/.m2/repository/jakarta/persistence/jakarta.persistence-api/2.2.3/jakarta.persistence-api-2.2.3.jar!/, jar:file:/C:/Users/User/.m2/repository/org/hibernate/hibernate-core/5.4.32.Final/hibernate-core-5.4.32.Final.jar!/, jar:file:/C:/Users/User/.m2/repository/org/jboss/logging/jboss-logging/3.4.2.Final/jboss-logging-3.4.2.Final.jar!/, jar:file:/C:/Users/User/.m2/repository/org/javassist/javassist/3.27.0-GA/javassist-3.27.0-GA.jar!/, jar:file:/C:/Users/User/.m2/repository/net/bytebuddy/byte-buddy/1.10.22/byte-buddy-1.10.22.jar!/, jar:file:/C:/Users/User/.m2/repository/antlr/antlr/2.7.7/antlr-2.7.7.jar!/, jar:file:/C:/Users/User/.m2/repository/org/jboss/jandex/2.2.3.Final/jandex-2.2.3.Final.jar!/, jar:file:/C:/Users/User/.m2/repository/com/fasterxml/classmate/1.5.1/classmate-1.5.1.jar!/, jar:file:/C:/Users/User/.m2/repository/org/dom4j/dom4j/2.1.3/dom4j-2.1.3.jar!/, jar:file:/C:/Users/User/.m2/repository/org/hibernate/common/hibernate-commons-annotations/5.1.2.Final/hibernate-commons-annotations-5.1.2.Final.jar!/, jar:file:/C:/Users/User/.m2/repository/org/glassfish/jaxb/jaxb-runtime/2.3.5/jaxb-runtime-2.3.5.jar!/, jar:file:/C:/Users/User/.m2/repository/org/glassfish/jaxb/txw2/2.3.5/txw2-2.3.5.jar!/, jar:file:/C:/Users/User/.m2/repository/com/sun/istack/istack-commons-runtime/3.0.12/istack-commons-runtime-3.0.12.jar!/, jar:file:/C:/Users/User/.m2/repository/com/sun/activation/jakarta.activation/1.2.2/jakarta.activation-1.2.2.jar!/, jar:file:/C:/Users/User/.m2/repository/org/springframework/data/spring-data-jpa/2.5.4/spring-data-jpa-2.5.4.jar!/, jar:file:/C:/Users/User/.m2/repository/org/springframework/data/spring-data-commons/2.5.4/spring-data-commons-2.5.4.jar!/, jar:file:/C:/Users/User/.m2/repository/org/springframework/spring-orm/5.3.9/spring-orm-5.3.9.jar!/, jar:file:/C:/Users/User/.m2/repository/org/springframework/spring-tx/5.3.9/spring-tx-5.3.9.jar!/, jar:file:/C:/Users/User/.m2/repository/org/springframework/spring-aspects/5.3.9/spring-aspects-5.3.9.jar!/, jar:file:/C:/Users/User/.m2/repository/com/h2database/h2/1.4.200/h2-1.4.200.jar!/, jar:file:/C:/Users/User/.m2/repository/javax/persistence/javax.persistence-api/2.2/javax.persistence-api-2.2.jar!/, jar:file:/C:/Users/User/.m2/repository/org/springframework/boot/spring-boot-starter-test/2.5.4/spring-boot-starter-test-2.5.4.jar!/, jar:file:/C:/Users/User/.m2/repository/org/springframework/boot/spring-boot-test/2.5.4/spring-boot-test-2.5.4.jar!/, jar:file:/C:/Users/User/.m2/repository/org/springframework/boot/spring-boot-test-autoconfigure/2.5.4/spring-boot-test-autoconfigure-2.5.4.jar!/, jar:file:/C:/Users/User/.m2/repository/com/jayway/jsonpath/json-path/2.5.0/json-path-2.5.0.jar!/, jar:file:/C:/Users/User/.m2/repository/net/minidev/json-smart/2.4.7/json-smart-2.4.7.jar!/, jar:file:/C:/Users/User/.m2/repository/net/minidev/accessors-smart/2.4.7/accessors-smart-2.4.7.jar!/, jar:file:/C:/Users/User/.m2/repository/org/ow2/asm/asm/9.1/asm-9.1.jar!/, jar:file:/C:/Users/User/.m2/repository/jakarta/xml/bind/jakarta.xml.bind-api/2.3.3/jakarta.xml.bind-api-2.3.3.jar!/, jar:file:/C:/Users/User/.m2/repository/jakarta/activation/jakarta.activation-api/1.2.2/jakarta.activation-api-1.2.2.jar!/, jar:file:/C:/Users/User/.m2/repository/org/assertj/assertj-core/3.19.0/assertj-core-3.19.0.jar!/, jar:file:/C:/Users/User/.m2/repository/org/hamcrest/hamcrest/2.2/hamcrest-2.2.jar!/, jar:file:/C:/Users/User/.m2/repository/org/junit/jupiter/junit-jupiter/5.7.2/junit-jupiter-5.7.2.jar!/, jar:file:/C:/Users/User/.m2/repository/org/junit/jupiter/junit-jupiter-api/5.7.2/junit-jupiter-api-5.7.2.jar!/, jar:file:/C:/Users/User/.m2/repository/org/apiguardian/apiguardian-api/1.1.0/apiguardian-api-1.1.0.jar!/, jar:file:/C:/Users/User/.m2/repository/org/opentest4j/opentest4j/1.2.0/opentest4j-1.2.0.jar!/, jar:file:/C:/Users/User/.m2/repository/org/junit/platform/junit-platform-commons/1.7.2/junit-platform-commons-1.7.2.jar!/, jar:file:/C:/Users/User/.m2/repository/org/junit/jupiter/junit-jupiter-params/5.7.2/junit-jupiter-params-5.7.2.jar!/, jar:file:/C:/Users/User/.m2/repository/org/junit/jupiter/junit-jupiter-engine/5.7.2/junit-jupiter-engine-5.7.2.jar!/, jar:file:/C:/Users/User/.m2/repository/org/junit/platform/junit-platform-engine/1.7.2/junit-platform-engine-1.7.2.jar!/, jar:file:/C:/Users/User/.m2/repository/org/mockito/mockito-core/3.9.0/mockito-core-3.9.0.jar!/, jar:file:/C:/Users/User/.m2/repository/net/bytebuddy/byte-buddy-agent/1.10.22/byte-buddy-agent-1.10.22.jar!/, jar:file:/C:/Users/User/.m2/repository/org/objenesis/objenesis/3.2/objenesis-3.2.jar!/, jar:file:/C:/Users/User/.m2/repository/org/mockito/mockito-junit-jupiter/3.9.0/mockito-junit-jupiter-3.9.0.jar!/, jar:file:/C:/Users/User/.m2/repository/org/skyscreamer/jsonassert/1.5.0/jsonassert-1.5.0.jar!/, jar:file:/C:/Users/User/.m2/repository/com/vaadin/external/google/android-json/0.0.20131108.vaadin1/android-json-0.0.20131108.vaadin1.jar!/, jar:file:/C:/Users/User/.m2/repository/org/springframework/spring-core/5.3.9/spring-core-5.3.9.jar!/, jar:file:/C:/Users/User/.m2/repository/org/springframework/spring-jcl/5.3.9/spring-jcl-5.3.9.jar!/, jar:file:/C:/Users/User/.m2/repository/org/springframework/spring-test/5.3.9/spring-test-5.3.9.jar!/, jar:file:/C:/Users/User/.m2/repository/org/xmlunit/xmlunit-core/2.8.2/xmlunit-core-2.8.2.jar!/, jar:file:/C:/Users/User/.m2/repository/com/tngtech/archunit/archunit-junit5/1.1.0/archunit-junit5-1.1.0.jar!/, jar:file:/C:/Users/User/.m2/repository/com/tngtech/archunit/archunit-junit5-api/1.1.0/archunit-junit5-api-1.1.0.jar!/, jar:file:/C:/Users/User/.m2/repository/com/tngtech/archunit/archunit-junit5-engine/1.1.0/archunit-junit5-engine-1.1.0.jar!/, jar:file:/C:/Users/User/.m2/repository/com/tngtech/archunit/archunit-junit5-engine-api/1.1.0/archunit-junit5-engine-api-1.1.0.jar!/, jar:file:/C:/Users/User/.m2/repository/com/tngtech/archunit/archunit/1.1.0/archunit-1.1.0.jar!/, jar:file:/C:/Users/User/.m2/repository/org/slf4j/slf4j-api/1.7.32/slf4j-api-1.7.32.jar!/]
02:43:08.898 [main] DEBUG com.tngtech.archunit.core.importer.JavaClassProcessor - Processing class 'com/example/songs/SongManagerApplication'
02:43:08.899 [main] DEBUG com.tngtech.archunit.core.importer.JavaClassProcessor - Processing class 'com/example/songs/model/Song'
02:43:08.899 [main] DEBUG com.tngtech.archunit.core.importer.JavaClassProcessor - Processing class 'com/example/songs/controller/SongController'
02:43:08.899 [main] DEBUG com.tngtech.archunit.core.importer.JavaClassProcessor - Processing class 'com/example/songs/repository/SongRepository'
02:43:08.900 [main] DEBUG com.tngtech.archunit.core.importer.JavaClassProcessor - Processing class 'com/example/songs/service/SongService'
02:43:08.900 [main] DEBUG com.tngtech.archunit.core.importer.JavaClassProcessor - Processing class 'org/springframework/web/bind/annotation/PathVariable'
02:43:08.900 [main] DEBUG com.tngtech.archunit.core.importer.JavaClassProcessor - Processing class 'org/springframework/web/bind/annotation/RequestMapping'
02:43:08.900 [main] DEBUG com.tngtech.archunit.core.importer.JavaClassProcessor - Processing class 'org/springframework/http/ResponseEntity$BodyBuilder'
02:43:08.901 [main] DEBUG com.tngtech.archunit.core.importer.JavaClassProcessor - Processing class 'org/springframework/web/bind/annotation/RequestBody'
02:43:08.901 [main] DEBUG com.tngtech.archunit.core.importer.JavaClassProcessor - Processing class 'org/springframework/boot/SpringApplication'
02:43:08.902 [main] DEBUG com.tngtech.archunit.core.importer.JavaClassProcessor - Processing class 'org/springframework/web/bind/annotation/PutMapping'
02:43:08.902 [main] DEBUG com.tngtech.archunit.core.importer.JavaClassProcessor - Processing class 'java/lang/Long'
02:43:08.902 [main] DEBUG com.tngtech.archunit.core.importer.JavaClassProcessor - Processing class 'org/springframework/stereotype/Service'
02:43:08.902 [main] DEBUG com.tngtech.archunit.core.importer.JavaClassProcessor - Processing class 'org/springframework/web/bind/annotation/GetMapping'
02:43:08.903 [main] DEBUG com.tngtech.archunit.core.importer.JavaClassProcessor - Processing class 'java/lang/String'
02:43:08.903 [main] DEBUG com.tngtech.archunit.core.importer.JavaClassProcessor - Processing class 'org/springframework/web/bind/annotation/DeleteMapping'
02:43:08.903 [main] DEBUG com.tngtech.archunit.core.importer.JavaClassProcessor - Processing class 'javax/persistence/Id'
02:43:08.903 [main] DEBUG com.tngtech.archunit.core.importer.JavaClassProcessor - Processing class 'javax/persistence/Entity'
02:43:08.903 [main] DEBUG com.tngtech.archunit.core.importer.JavaClassProcessor - Processing class 'org/springframework/web/bind/annotation/PostMapping'
02:43:08.904 [main] DEBUG com.tngtech.archunit.core.importer.JavaClassProcessor - Processing class 'java/lang/Void'
02:43:08.904 [main] DEBUG com.tngtech.archunit.core.importer.JavaClassProcessor - Processing class 'org/springframework/boot/autoconfigure/SpringBootApplication'
02:43:08.904 [main] DEBUG com.tngtech.archunit.core.importer.JavaClassProcessor - Processing class 'java/lang/RuntimeException'
02:43:08.904 [main] DEBUG com.tngtech.archunit.core.importer.JavaClassProcessor - Processing class 'org/springframework/web/bind/annotation/RestController'
02:43:08.905 [main] DEBUG com.tngtech.archunit.core.importer.JavaClassProcessor - Processing class 'javax/persistence/GenerationType'
02:43:08.905 [main] DEBUG com.tngtech.archunit.core.importer.JavaClassProcessor - Processing class 'java/util/List'
02:43:08.905 [main] DEBUG com.tngtech.archunit.core.importer.JavaClassProcessor - Processing class 'javax/persistence/GeneratedValue'
02:43:08.905 [main] DEBUG com.tngtech.archunit.core.importer.JavaClassProcessor - Processing class 'java/util/Optional'
02:43:08.905 [main] DEBUG com.tngtech.archunit.core.importer.JavaClassProcessor - Processing class 'java/lang/Object'
02:43:08.905 [main] DEBUG com.tngtech.archunit.core.importer.JavaClassProcessor - Processing class 'org/springframework/http/ResponseEntity'
02:43:08.906 [main] DEBUG com.tngtech.archunit.core.importer.JavaClassProcessor - Processing class 'org/springframework/http/ResponseEntity$HeadersBuilder'
02:43:08.906 [main] DEBUG com.tngtech.archunit.core.importer.JavaClassProcessor - Processing class 'org/springframework/data/jpa/repository/JpaRepository'
02:43:08.906 [main] DEBUG com.tngtech.archunit.core.importer.JavaClassProcessor - Processing class 'java/lang/annotation/Inherited'
02:43:08.906 [main] DEBUG com.tngtech.archunit.core.importer.JavaClassProcessor - Processing class 'org/springframework/context/annotation/ComponentScan$Filter'
02:43:08.906 [main] DEBUG com.tngtech.archunit.core.importer.JavaClassProcessor - Processing class 'java/lang/Enum'
02:43:08.907 [main] DEBUG com.tngtech.archunit.core.importer.JavaClassProcessor - Processing class 'org/springframework/context/ConfigurableApplicationContext'
02:43:08.907 [main] DEBUG com.tngtech.archunit.core.importer.JavaClassProcessor - Processing class 'java/lang/annotation/Documented'
02:43:08.907 [main] DEBUG com.tngtech.archunit.core.importer.JavaClassProcessor - Processing class 'java/lang/CharSequence'
02:43:08.907 [main] DEBUG com.tngtech.archunit.core.importer.JavaClassProcessor - Processing class 'org/springframework/data/repository/PagingAndSortingRepository'
02:43:08.907 [main] DEBUG com.tngtech.archunit.core.importer.JavaClassProcessor - Processing class 'org/springframework/http/HttpHeaders'
02:43:08.908 [main] DEBUG com.tngtech.archunit.core.importer.JavaClassProcessor - Processing class 'java/util/Collection'
02:43:08.908 [main] DEBUG com.tngtech.archunit.core.importer.JavaClassProcessor - Processing class 'org/springframework/web/bind/annotation/RequestMethod'
02:43:08.908 [main] DEBUG com.tngtech.archunit.core.importer.JavaClassProcessor - Processing class 'org/springframework/context/ApplicationListener'
02:43:08.908 [main] DEBUG com.tngtech.archunit.core.importer.JavaClassProcessor - Processing class 'java/lang/Exception'
02:43:08.908 [main] DEBUG com.tngtech.archunit.core.importer.JavaClassProcessor - Processing class 'java/io/Serializable'
02:43:08.909 [main] DEBUG com.tngtech.archunit.core.importer.JavaClassProcessor - Processing class 'org/springframework/context/annotation/Configuration'
02:43:08.909 [main] DEBUG com.tngtech.archunit.core.importer.JavaClassProcessor - Processing class 'org/springframework/http/HttpEntity'
02:43:08.909 [main] DEBUG com.tngtech.archunit.core.importer.JavaClassProcessor - Processing class 'org/springframework/beans/factory/support/BeanNameGenerator'
02:43:08.909 [main] DEBUG com.tngtech.archunit.core.importer.JavaClassProcessor - Processing class 'org/springframework/boot/SpringBootExceptionReporter'
02:43:08.909 [main] DEBUG com.tngtech.archunit.core.importer.JavaClassProcessor - Processing class 'java/lang/annotation/Annotation'
02:43:08.909 [main] DEBUG com.tngtech.archunit.core.importer.JavaClassProcessor - Processing class 'java/lang/Throwable'
02:43:08.909 [main] DEBUG com.tngtech.archunit.core.importer.JavaClassProcessor - Processing class 'org/springframework/boot/autoconfigure/AutoConfigurationExcludeFilter'
02:43:08.909 [main] DEBUG com.tngtech.archunit.core.importer.JavaClassProcessor - Processing class 'org/springframework/stereotype/Controller'
02:43:08.909 [main] DEBUG com.tngtech.archunit.core.importer.JavaClassProcessor - Processing class 'org/springframework/boot/context/TypeExcludeFilter'
02:43:08.910 [main] DEBUG com.tngtech.archunit.core.importer.JavaClassProcessor - Processing class 'java/lang/annotation/Retention'
02:43:08.910 [main] DEBUG com.tngtech.archunit.core.importer.JavaClassProcessor - Processing class 'org/springframework/data/repository/NoRepositoryBean'
02:43:08.910 [main] DEBUG com.tngtech.archunit.core.importer.JavaClassProcessor - Processing class 'org/springframework/boot/BootstrapRegistryInitializer'
02:43:08.910 [main] DEBUG com.tngtech.archunit.core.importer.JavaClassProcessor - Processing class 'jdk/internal/HotSpotIntrinsicCandidate'
02:43:08.910 [main] DEBUG com.tngtech.archunit.core.importer.JavaClassProcessor - Processing class 'org/springframework/lang/Nullable'
02:43:08.910 [main] DEBUG com.tngtech.archunit.core.importer.JavaClassProcessor - Processing class 'java/lang/Number'
02:43:08.910 [main] DEBUG com.tngtech.archunit.core.importer.JavaClassProcessor - Processing class 'org/springframework/context/annotation/FilterType'
02:43:08.910 [main] DEBUG com.tngtech.archunit.core.importer.JavaClassProcessor - Processing class 'org/springframework/core/annotation/AliasFor'
02:43:08.910 [main] DEBUG com.tngtech.archunit.core.importer.JavaClassProcessor - Processing class 'java/lang/SafeVarargs'
02:43:08.910 [main] DEBUG com.tngtech.archunit.core.importer.JavaClassProcessor - Processing class 'jdk/internal/vm/annotation/Stable'
02:43:08.910 [main] DEBUG com.tngtech.archunit.core.importer.JavaClassProcessor - Processing class 'org/springframework/boot/autoconfigure/EnableAutoConfiguration'
02:43:08.911 [main] DEBUG com.tngtech.archunit.core.importer.JavaClassProcessor - Processing class 'java/lang/Deprecated'
02:43:08.911 [main] DEBUG com.tngtech.archunit.core.importer.JavaClassProcessor - Processing class 'java/lang/annotation/Target'
02:43:08.911 [main] DEBUG com.tngtech.archunit.core.importer.JavaClassProcessor - Processing class 'org/springframework/core/env/StandardEnvironment'
02:43:08.911 [main] DEBUG com.tngtech.archunit.core.importer.JavaClassProcessor - Processing class 'java/lang/annotation/ElementType'
02:43:08.911 [main] DEBUG com.tngtech.archunit.core.importer.JavaClassProcessor - Processing class 'org/springframework/web/bind/annotation/ResponseBody'
02:43:08.911 [main] DEBUG com.tngtech.archunit.core.importer.JavaClassProcessor - Processing class 'org/springframework/context/annotation/ComponentScan'
02:43:08.911 [main] DEBUG com.tngtech.archunit.core.importer.JavaClassProcessor - Processing class 'org/springframework/data/repository/query/QueryByExampleExecutor'
02:43:08.911 [main] DEBUG com.tngtech.archunit.core.importer.JavaClassProcessor - Processing class 'org/springframework/stereotype/Component'
02:43:08.912 [main] DEBUG com.tngtech.archunit.core.importer.JavaClassProcessor - Processing class 'org/springframework/boot/SpringBootConfiguration'
02:43:08.912 [main] DEBUG com.tngtech.archunit.core.importer.JavaClassProcessor - Processing class 'java/lang/Class'
02:43:08.912 [main] DEBUG com.tngtech.archunit.core.importer.JavaClassProcessor - Processing class 'java/lang/Comparable'
02:43:08.913 [main] DEBUG com.tngtech.archunit.core.importer.JavaClassProcessor - Processing class 'org/springframework/context/ApplicationContextInitializer'
02:43:08.913 [main] DEBUG com.tngtech.archunit.core.importer.JavaClassProcessor - Processing class 'java/lang/annotation/RetentionPolicy'
02:43:08.913 [main] DEBUG com.tngtech.archunit.core.importer.JavaClassProcessor - Processing class 'org/springframework/web/bind/annotation/Mapping'
02:43:08.913 [main] DEBUG com.tngtech.archunit.core.importer.JavaClassProcessor - Processing class 'org/springframework/core/type/filter/TypeFilter'
02:43:08.913 [main] DEBUG com.tngtech.archunit.core.importer.JavaClassProcessor - Processing class 'java/util/Locale'
02:43:08.914 [main] DEBUG com.tngtech.archunit.core.importer.JavaClassProcessor - Processing class 'java/lang/reflect/Method'
02:43:08.914 [main] DEBUG com.tngtech.archunit.core.importer.JavaClassProcessor - Processing class 'org/springframework/context/PayloadApplicationEvent'
02:43:08.914 [main] DEBUG com.tngtech.archunit.core.importer.JavaClassProcessor - Processing class 'org/springframework/boot/autoconfigure/AutoConfigurationImportSelector'
02:43:08.915 [main] DEBUG com.tngtech.archunit.core.importer.JavaClassProcessor - Processing class 'jdk/internal/vm/annotation/ForceInline'
02:43:08.915 [main] DEBUG com.tngtech.archunit.core.importer.JavaClassProcessor - Processing class 'org/springframework/http/MediaType'
02:43:08.915 [main] DEBUG com.tngtech.archunit.core.importer.JavaClassProcessor - Processing class 'java/util/Locale$LanguageRange'
02:43:08.915 [main] DEBUG com.tngtech.archunit.core.importer.JavaClassProcessor - Processing class 'java/util/EventListener'
02:43:08.915 [main] DEBUG com.tngtech.archunit.core.importer.JavaClassProcessor - Processing class 'java/lang/Class$ReflectionData'
02:43:08.915 [main] DEBUG com.tngtech.archunit.core.importer.JavaClassProcessor - Processing class 'java/lang/reflect/Type'
02:43:08.916 [main] DEBUG com.tngtech.archunit.core.importer.JavaClassProcessor - Processing class 'jdk/internal/reflect/CallerSensitive'
02:43:08.916 [main] DEBUG com.tngtech.archunit.core.importer.JavaClassProcessor - Processing class 'org/springframework/beans/factory/BeanClassLoaderAware'
02:43:08.916 [main] DEBUG com.tngtech.archunit.core.importer.JavaClassProcessor - Processing class 'org/springframework/context/annotation/AnnotationScopeMetadataResolver'
02:43:08.916 [main] DEBUG com.tngtech.archunit.core.importer.JavaClassProcessor - Processing class 'java/lang/reflect/AnnotatedElement'
02:43:08.916 [main] DEBUG com.tngtech.archunit.core.importer.JavaClassProcessor - Processing class 'org/springframework/boot/autoconfigure/AutoConfigurationPackage'
02:43:08.916 [main] DEBUG com.tngtech.archunit.core.importer.JavaClassProcessor - Processing class 'org/springframework/data/repository/CrudRepository'
02:43:08.916 [main] DEBUG com.tngtech.archunit.core.importer.JavaClassProcessor - Processing class 'java/lang/Iterable'
02:43:08.916 [main] DEBUG com.tngtech.archunit.core.importer.JavaClassProcessor - Processing class 'java/lang/FunctionalInterface'
02:43:08.917 [main] DEBUG com.tngtech.archunit.core.importer.JavaClassProcessor - Processing class 'java/nio/charset/Charset'
02:43:08.917 [main] DEBUG com.tngtech.archunit.core.importer.JavaClassProcessor - Processing class 'java/lang/annotation/Repeatable'
02:43:08.917 [main] DEBUG com.tngtech.archunit.core.importer.JavaClassProcessor - Processing class 'org/springframework/beans/factory/BeanFactoryAware'
02:43:08.917 [main] DEBUG com.tngtech.archunit.core.importer.JavaClassProcessor - Processing class 'org/springframework/context/annotation/ComponentScans'
02:43:08.917 [main] DEBUG com.tngtech.archunit.core.importer.JavaClassProcessor - Processing class 'org/springframework/stereotype/Indexed'
02:43:08.917 [main] DEBUG com.tngtech.archunit.core.importer.JavaClassProcessor - Processing class 'java/lang/reflect/GenericDeclaration'
02:43:08.917 [main] DEBUG com.tngtech.archunit.core.importer.JavaClassProcessor - Processing class 'java/util/Map$Entry'
02:43:08.918 [main] DEBUG com.tngtech.archunit.core.importer.JavaClassProcessor - Processing class 'org/springframework/http/HttpMethod'
02:43:08.918 [main] DEBUG com.tngtech.archunit.core.importer.JavaClassProcessor - Processing class 'org/springframework/context/annotation/ScopedProxyMode'
02:43:08.918 [main] DEBUG com.tngtech.archunit.core.importer.JavaClassProcessor - Processing class 'org/springframework/util/MultiValueMap'
02:43:08.918 [main] DEBUG com.tngtech.archunit.core.importer.JavaClassProcessor - Processing class 'org/springframework/context/annotation/Import'
02:43:08.919 [main] DEBUG com.tngtech.archunit.core.importer.JavaClassProcessor - Processing class 'org/springframework/http/HttpRange'
02:43:08.919 [main] DEBUG com.tngtech.archunit.core.importer.JavaClassProcessor - Processing class 'java/lang/reflect/Field'
02:43:08.919 [main] DEBUG com.tngtech.archunit.core.importer.JavaClassProcessor - Processing class 'org/springframework/context/ApplicationContext'
02:43:08.919 [main] DEBUG com.tngtech.archunit.core.importer.JavaClassProcessor - Processing class 'org/springframework/context/Lifecycle'
02:43:08.919 [main] DEBUG com.tngtech.archunit.core.importer.JavaClassProcessor - Processing class 'org/springframework/context/ApplicationEvent'
02:43:08.919 [main] DEBUG com.tngtech.archunit.core.importer.JavaClassProcessor - Processing class 'org/springframework/context/annotation/ScopeMetadataResolver'
02:43:08.919 [main] DEBUG com.tngtech.archunit.core.importer.JavaClassProcessor - Processing class 'java/io/Closeable'
02:43:08.920 [main] DEBUG com.tngtech.archunit.core.importer.JavaClassProcessor - Processing class 'org/springframework/core/env/AbstractEnvironment'
02:43:08.920 [main] DEBUG com.tngtech.archunit.core.importer.JavaClassProcessor - Processing class 'org/springframework/beans/factory/HierarchicalBeanFactory'
02:43:08.920 [main] DEBUG com.tngtech.archunit.core.importer.JavaClassProcessor - Processing class 'org/springframework/boot/autoconfigure/AutoConfigurationImportListener'
02:43:08.920 [main] DEBUG com.tngtech.archunit.core.importer.JavaClassProcessor - Processing class 'java/nio/charset/spi/CharsetProvider'
02:43:08.920 [main] DEBUG com.tngtech.archunit.core.importer.JavaClassProcessor - Processing class 'java/lang/AutoCloseable'
02:43:08.920 [main] DEBUG com.tngtech.archunit.core.importer.JavaClassProcessor - Processing class 'java/util/EventObject'
02:43:08.921 [main] DEBUG com.tngtech.archunit.core.importer.JavaClassProcessor - Processing class 'org/springframework/util/MimeType'
02:43:08.921 [main] DEBUG com.tngtech.archunit.core.importer.JavaClassProcessor - Processing class 'java/lang/Character'
02:43:08.922 [main] DEBUG com.tngtech.archunit.core.importer.JavaClassProcessor - Processing class 'org/springframework/data/repository/Repository'
02:43:08.922 [main] DEBUG com.tngtech.archunit.core.importer.JavaClassProcessor - Processing class 'java/util/Map'
02:43:08.922 [main] DEBUG com.tngtech.archunit.core.importer.JavaClassProcessor - Processing class 'org/springframework/context/ApplicationEventPublisher'
02:43:08.922 [main] DEBUG com.tngtech.archunit.core.importer.JavaClassProcessor - Processing class 'java/lang/reflect/Executable'
02:43:08.922 [main] DEBUG com.tngtech.archunit.core.importer.JavaClassProcessor - Processing class 'org/springframework/boot/autoconfigure/AutoConfigurationPackages$Registrar'
02:43:08.923 [main] DEBUG com.tngtech.archunit.core.importer.JavaClassProcessor - Processing class 'java/lang/Cloneable'
02:43:08.923 [main] DEBUG com.tngtech.archunit.core.importer.JavaClassProcessor - Processing class 'java/lang/ThreadLocal'
02:43:08.923 [main] DEBUG com.tngtech.archunit.core.importer.JavaClassProcessor - Processing class 'java/lang/reflect/Member'
02:43:08.923 [main] DEBUG com.tngtech.archunit.core.importer.JavaClassProcessor - Processing class 'sun/util/locale/LocaleExtensions'
02:43:08.923 [main] DEBUG com.tngtech.archunit.core.importer.JavaClassProcessor - Processing class 'org/springframework/beans/factory/ListableBeanFactory'
02:43:08.923 [main] DEBUG com.tngtech.archunit.core.importer.JavaClassProcessor - Processing class 'org/springframework/core/Ordered'
02:43:08.923 [main] DEBUG com.tngtech.archunit.core.importer.JavaClassProcessor - Processing class 'org/springframework/context/annotation/DeferredImportSelector'
02:43:08.923 [main] DEBUG com.tngtech.archunit.core.importer.JavaClassProcessor - Processing class 'org/springframework/beans/factory/Aware'
02:43:08.924 [main] DEBUG com.tngtech.archunit.core.importer.JavaClassProcessor - Processing class 'org/springframework/core/ResolvableTypeProvider'
02:43:08.924 [main] DEBUG com.tngtech.archunit.core.importer.JavaClassProcessor - Processing class 'org/springframework/core/io/support/ResourceRegion'
02:43:08.924 [main] DEBUG com.tngtech.archunit.core.importer.JavaClassProcessor - Processing class 'org/springframework/boot/autoconfigure/AutoConfigurationImportFilter'
02:43:08.924 [main] DEBUG com.tngtech.archunit.core.importer.JavaClassProcessor - Processing class 'org/springframework/core/env/ConfigurableEnvironment'
02:43:08.924 [main] DEBUG com.tngtech.archunit.core.importer.JavaClassProcessor - Processing class 'org/springframework/core/env/EnvironmentCapable'
02:43:08.925 [main] DEBUG com.tngtech.archunit.core.importer.JavaClassProcessor - Processing class 'org/springframework/context/MessageSource'
02:43:08.925 [main] DEBUG com.tngtech.archunit.core.importer.JavaClassProcessor - Processing class 'java/lang/reflect/AccessibleObject'
02:43:08.925 [main] DEBUG com.tngtech.archunit.core.importer.JavaClassProcessor - Processing class 'org/springframework/context/ResourceLoaderAware'
02:43:08.925 [main] DEBUG com.tngtech.archunit.core.importer.JavaClassProcessor - Processing class 'org/springframework/context/annotation/DeferredImportSelector$Group'
02:43:08.925 [main] DEBUG com.tngtech.archunit.core.importer.JavaClassProcessor - Processing class 'org/springframework/context/EnvironmentAware'
02:43:08.925 [main] DEBUG com.tngtech.archunit.core.importer.JavaClassProcessor - Processing class 'org/springframework/core/io/support/ResourcePatternResolver'
02:43:08.926 [main] DEBUG com.tngtech.archunit.core.importer.JavaClassProcessor - Processing class 'sun/util/locale/Extension'
02:43:08.926 [main] DEBUG com.tngtech.archunit.core.importer.JavaClassProcessor - Processing class 'org/springframework/core/env/ConfigurablePropertyResolver'
02:43:08.926 [main] DEBUG com.tngtech.archunit.core.importer.JavaClassProcessor - Processing class 'org/springframework/context/annotation/DeferredImportSelector$Group$Entry'
02:43:08.926 [main] DEBUG com.tngtech.archunit.core.importer.JavaClassProcessor - Processing class 'org/springframework/context/annotation/ImportBeanDefinitionRegistrar'
02:43:08.926 [main] DEBUG com.tngtech.archunit.core.importer.JavaClassProcessor - Processing class 'org/springframework/context/annotation/ImportSelector'
02:43:08.926 [main] DEBUG com.tngtech.archunit.core.importer.JavaClassProcessor - Processing class 'org/springframework/core/io/ResourceLoader'
02:43:08.926 [main] DEBUG com.tngtech.archunit.core.importer.JavaClassProcessor - Processing class 'org/springframework/boot/autoconfigure/AutoConfigurationPackages'
02:43:08.927 [main] DEBUG com.tngtech.archunit.core.importer.JavaClassProcessor - Processing class 'org/springframework/boot/context/annotation/DeterminableImports'
02:43:08.927 [main] DEBUG com.tngtech.archunit.core.importer.JavaClassProcessor - Processing class 'org/springframework/core/env/Environment'
02:43:08.927 [main] DEBUG com.tngtech.archunit.core.importer.JavaClassProcessor - Processing class 'org/springframework/beans/factory/BeanFactory'
02:43:08.927 [main] DEBUG com.tngtech.archunit.core.importer.JavaClassProcessor - Processing class 'sun/util/locale/InternalLocaleBuilder$CaseInsensitiveString'
02:43:08.927 [main] DEBUG com.tngtech.archunit.core.importer.JavaClassProcessor - Processing class 'sun/util/locale/InternalLocaleBuilder$CaseInsensitiveChar'
02:43:08.927 [main] DEBUG com.tngtech.archunit.core.importer.JavaClassProcessor - Processing class 'org/springframework/core/env/PropertyResolver'
02:43:08.927 [main] DEBUG com.tngtech.archunit.core.importer.JavaClassProcessor - Processing class 'sun/util/locale/InternalLocaleBuilder'
02:43:08.928 [main] DEBUG com.tngtech.archunit.core.importer.JavaClassProcessor - Processing class 'java/io/IOException'
02:43:08.929 [main] DEBUG com.tngtech.archunit.core.importer.JavaClassProcessor - Processing class 'java/util/stream/IntStream'
02:43:08.930 [main] DEBUG com.tngtech.archunit.core.importer.JavaClassProcessor - Processing class 'java/lang/ClassValue$ClassValueMap'
02:43:08.930 [main] DEBUG com.tngtech.archunit.core.importer.JavaClassProcessor - Processing class 'java/lang/ClassLoader'
02:43:08.931 [main] DEBUG com.tngtech.archunit.core.importer.JavaClassProcessor - Processing class 'java/lang/Class$AnnotationData'
02:43:08.931 [main] DEBUG com.tngtech.archunit.core.importer.JavaClassProcessor - Processing class 'sun/reflect/annotation/AnnotationType'
02:43:08.931 [main] DEBUG com.tngtech.archunit.core.importer.JavaClassProcessor - Processing class 'java/lang/ref/SoftReference'
02:43:08.931 [main] DEBUG com.tngtech.archunit.core.importer.JavaClassProcessor - Processing class 'java/lang/reflect/Constructor'
02:43:08.931 [main] DEBUG com.tngtech.archunit.core.importer.JavaClassProcessor - Processing class 'java/security/ProtectionDomain'
02:43:08.932 [main] DEBUG com.tngtech.archunit.core.importer.JavaClassProcessor - Processing class 'java/lang/Module'
02:43:08.932 [main] DEBUG com.tngtech.archunit.core.importer.JavaClassProcessor - Processing class 'java/io/ObjectStreamField'
02:43:08.932 [main] DEBUG com.tngtech.archunit.core.importer.JavaClassProcessor - Processing class 'sun/reflect/generics/repository/ClassRepository'
02:43:08.933 [main] DEBUG com.tngtech.archunit.core.importer.JavaClassProcessor - Processing class 'jdk/internal/reflect/ReflectionFactory'
02:43:08.933 [main] DEBUG com.tngtech.archunit.core.importer.JavaClassProcessor - Processing class 'java/lang/NoSuchMethodException'
02:43:08.933 [main] DEBUG com.tngtech.archunit.core.importer.JavaClassProcessor - Processing class 'java/lang/SecurityException'
02:43:08.933 [main] DEBUG com.tngtech.archunit.core.importer.JavaClassProcessor - Processing class 'sun/reflect/generics/factory/GenericsFactory'
02:43:08.934 [main] DEBUG com.tngtech.archunit.core.importer.JavaClassProcessor - Processing class 'jdk/internal/reflect/ConstantPool'
02:43:08.934 [main] DEBUG com.tngtech.archunit.core.importer.JavaClassProcessor - Processing class 'java/lang/SecurityManager'
02:43:08.934 [main] DEBUG com.tngtech.archunit.core.importer.JavaClassProcessor - Processing class 'java/lang/NoSuchFieldException'
02:43:08.935 [main] DEBUG com.tngtech.archunit.core.importer.JavaClassProcessor - Processing class 'java/lang/Class$EnclosingMethodInfo'
02:43:08.935 [main] DEBUG com.tngtech.archunit.core.importer.JavaClassProcessor - Processing class 'java/lang/ClassNotFoundException'
02:43:08.935 [main] DEBUG com.tngtech.archunit.core.importer.JavaClassProcessor - Processing class 'java/lang/reflect/AnnotatedType'
02:43:08.935 [main] DEBUG com.tngtech.archunit.core.importer.JavaClassProcessor - Processing class 'java/net/URL'
02:43:08.936 [main] DEBUG com.tngtech.archunit.core.importer.JavaClassProcessor - Processing class 'java/lang/InstantiationException'
02:43:08.936 [main] DEBUG com.tngtech.archunit.core.importer.JavaClassProcessor - Processing class 'java/lang/IllegalAccessException'
02:43:08.936 [main] DEBUG com.tngtech.archunit.core.importer.JavaClassProcessor - Processing class 'java/lang/reflect/TypeVariable'
02:43:08.936 [main] DEBUG com.tngtech.archunit.core.importer.JavaClassProcessor - Processing class 'java/lang/Package'
02:43:08.936 [main] DEBUG com.tngtech.archunit.core.importer.JavaClassProcessor - Processing class 'java/io/InputStream'
02:43:08.937 [main] DEBUG com.tngtech.archunit.core.importer.JavaClassProcessor - Processing class 'java/lang/PublicMethods$MethodList'
02:43:08.937 [main] DEBUG com.tngtech.archunit.core.importer.JavaClassProcessor - Processing class 'java/io/ObjectStreamException'
02:43:08.937 [main] DEBUG com.tngtech.archunit.core.importer.JavaClassProcessor - Processing class 'java/io/ObjectInputStream'
02:43:08.938 [main] DEBUG com.tngtech.archunit.core.importer.JavaClassProcessor - Processing class 'java/lang/CloneNotSupportedException'
02:43:08.938 [main] DEBUG com.tngtech.archunit.core.importer.JavaClassProcessor - Processing class 'java/util/Iterator'
02:43:08.938 [main] DEBUG com.tngtech.archunit.core.importer.JavaClassProcessor - Processing class 'java/util/function/Consumer'
02:43:08.938 [main] DEBUG com.tngtech.archunit.core.importer.JavaClassProcessor - Processing class 'java/util/Spliterator'
02:43:08.938 [main] DEBUG com.tngtech.archunit.core.importer.JavaClassProcessor - Processing class 'java/lang/NumberFormatException'
02:43:08.939 [main] DEBUG com.tngtech.archunit.core.importer.JavaClassProcessor - Processing class 'java/math/BigInteger'
02:43:08.940 [main] DEBUG com.tngtech.archunit.core.importer.JavaClassProcessor - Processing class 'java/lang/InterruptedException'
02:43:08.940 [main] DEBUG com.tngtech.archunit.core.importer.JavaClassProcessor - Processing class 'java/util/Comparator'
02:43:08.940 [main] DEBUG com.tngtech.archunit.core.importer.JavaClassProcessor - Processing class 'java/io/UnsupportedEncodingException'
02:43:08.940 [main] DEBUG com.tngtech.archunit.core.importer.JavaClassProcessor - Processing class 'java/lang/StringBuffer'
02:43:08.941 [main] DEBUG com.tngtech.archunit.core.importer.JavaClassProcessor - Processing class 'java/lang/AbstractStringBuilder'
02:43:08.941 [main] DEBUG com.tngtech.archunit.core.importer.JavaClassProcessor - Processing class 'java/util/stream/Stream'
02:43:08.942 [main] DEBUG com.tngtech.archunit.core.importer.JavaClassProcessor - Processing class 'java/lang/StringBuilder'
02:43:08.943 [main] DEBUG com.tngtech.archunit.core.importer.JavaClassProcessor - Processing class 'java/util/concurrent/atomic/AtomicInteger'
02:43:08.943 [main] DEBUG com.tngtech.archunit.core.importer.JavaClassProcessor - Processing class 'java/util/function/Supplier'
02:43:08.943 [main] DEBUG com.tngtech.archunit.core.importer.JavaClassProcessor - Processing class 'java/lang/ThreadLocal$ThreadLocalMap'
02:43:08.943 [main] DEBUG com.tngtech.archunit.core.importer.JavaClassProcessor - Processing class 'java/lang/Thread'
02:43:08.944 [main] DEBUG com.tngtech.archunit.core.importer.JavaClassProcessor - Processing class 'java/lang/StackTraceElement'
02:43:08.944 [main] DEBUG com.tngtech.archunit.core.importer.JavaClassProcessor - Processing class 'java/io/PrintStream'
02:43:08.944 [main] DEBUG com.tngtech.archunit.core.importer.JavaClassProcessor - Processing class 'java/io/ObjectOutputStream'
02:43:08.945 [main] DEBUG com.tngtech.archunit.core.importer.JavaClassProcessor - Processing class 'java/io/PrintWriter'
02:43:08.945 [main] DEBUG com.tngtech.archunit.core.importer.JavaClassProcessor - Processing class 'java/lang/Throwable$PrintStreamOrWriter'
02:43:08.945 [main] DEBUG com.tngtech.archunit.core.importer.JavaClassProcessor - Processing class 'java/util/Set'
02:43:08.946 [main] DEBUG com.tngtech.archunit.core.importer.JavaClassProcessor - Processing class 'java/lang/reflect/Parameter'
02:43:08.947 [main] DEBUG com.tngtech.archunit.core.importer.JavaClassProcessor - Processing class 'sun/reflect/generics/repository/ConstructorRepository'
02:43:08.947 [main] DEBUG com.tngtech.archunit.core.importer.JavaClassProcessor - Processing class 'jdk/internal/reflect/FieldAccessor'
02:43:08.947 [main] DEBUG com.tngtech.archunit.core.importer.JavaClassProcessor - Processing class 'sun/reflect/generics/repository/FieldRepository'
02:43:08.947 [main] DEBUG com.tngtech.archunit.core.importer.JavaClassProcessor - Processing class 'java/lang/IllegalArgumentException'
02:43:08.948 [main] DEBUG com.tngtech.archunit.core.importer.JavaClassProcessor - Processing class 'sun/reflect/generics/repository/MethodRepository'
02:43:08.948 [main] DEBUG com.tngtech.archunit.core.importer.JavaClassProcessor - Processing class 'jdk/internal/reflect/MethodAccessor'
02:43:08.948 [main] DEBUG com.tngtech.archunit.core.importer.JavaClassProcessor - Processing class 'java/lang/reflect/InvocationTargetException'
02:43:08.948 [main] DEBUG com.tngtech.archunit.core.importer.JavaClassProcessor - Processing class 'java/nio/charset/CharsetEncoder'
02:43:08.948 [main] DEBUG com.tngtech.archunit.core.importer.JavaClassProcessor - Processing class 'java/nio/ByteBuffer'
02:43:08.949 [main] DEBUG com.tngtech.archunit.core.importer.JavaClassProcessor - Processing class 'java/nio/CharBuffer'
02:43:08.949 [main] DEBUG com.tngtech.archunit.core.importer.JavaClassProcessor - Processing class 'java/nio/charset/CharsetDecoder'
02:43:08.949 [main] DEBUG com.tngtech.archunit.core.importer.JavaClassProcessor - Processing class 'java/util/SortedMap'
02:43:08.949 [main] DEBUG com.tngtech.archunit.core.importer.JavaClassProcessor - Processing class 'java/util/function/IntFunction'
02:43:08.950 [main] DEBUG com.tngtech.archunit.core.importer.JavaClassProcessor - Processing class 'java/util/function/Predicate'
02:43:08.950 [main] DEBUG com.tngtech.archunit.core.importer.JavaClassProcessor - Processing class 'java/util/ListIterator'
02:43:08.950 [main] DEBUG com.tngtech.archunit.core.importer.JavaClassProcessor - Processing class 'java/util/function/UnaryOperator'
02:43:08.950 [main] DEBUG com.tngtech.archunit.core.importer.JavaClassProcessor - Processing class 'sun/util/locale/BaseLocale'
02:43:08.950 [main] DEBUG com.tngtech.archunit.core.importer.JavaClassProcessor - Processing class 'java/util/Locale$Cache'
02:43:08.951 [main] DEBUG com.tngtech.archunit.core.importer.JavaClassProcessor - Processing class 'java/util/Locale$IsoCountryCode'
02:43:08.951 [main] DEBUG com.tngtech.archunit.core.importer.JavaClassProcessor - Processing class 'java/util/Locale$Category'
02:43:08.951 [main] DEBUG com.tngtech.archunit.core.importer.JavaClassProcessor - Processing class 'java/util/Locale$FilteringMode'
02:43:08.951 [main] DEBUG com.tngtech.archunit.core.importer.JavaClassProcessor - Processing class 'java/util/MissingResourceException'
02:43:08.951 [main] DEBUG com.tngtech.archunit.core.importer.JavaClassProcessor - Processing class 'sun/util/locale/provider/LocaleResources'
02:43:08.952 [main] DEBUG com.tngtech.archunit.core.importer.JavaClassProcessor - Processing class 'java/util/function/BiConsumer'
02:43:08.952 [main] DEBUG com.tngtech.archunit.core.importer.JavaClassProcessor - Processing class 'java/util/function/BiFunction'
02:43:08.952 [main] DEBUG com.tngtech.archunit.core.importer.JavaClassProcessor - Processing class 'java/util/function/Function'
02:43:08.953 [main] DEBUG com.tngtech.archunit.core.importer.JavaClassProcessor - Processing class 'java/lang/invoke/SerializedLambda'
02:43:08.953 [main] DEBUG com.tngtech.archunit.core.importer.JavaClassProcessor - Processing class 'java/lang/Runnable'
02:43:08.954 [main] DEBUG com.tngtech.archunit.core.importer.JavaClassProcessor - Processing class 'org/springframework/beans/BeansException'
02:43:08.954 [main] DEBUG com.tngtech.archunit.core.importer.JavaClassProcessor - Processing class 'org/springframework/beans/factory/NoSuchBeanDefinitionException'
02:43:08.954 [main] DEBUG com.tngtech.archunit.core.importer.JavaClassProcessor - Processing class 'org/springframework/core/ResolvableType'
02:43:08.955 [main] DEBUG com.tngtech.archunit.core.importer.JavaClassProcessor - Processing class 'org/springframework/beans/factory/ObjectProvider'
02:43:08.955 [main] DEBUG com.tngtech.archunit.core.importer.JavaClassProcessor - Processing class 'org/springframework/beans/factory/config/BeanDefinition'
02:43:08.956 [main] DEBUG com.tngtech.archunit.core.importer.JavaClassProcessor - Processing class 'org/springframework/beans/factory/support/BeanDefinitionRegistry'
02:43:08.956 [main] DEBUG com.tngtech.archunit.core.importer.JavaClassProcessor - Processing class 'org/springframework/boot/BootstrapRegistry'
02:43:08.956 [main] DEBUG com.tngtech.archunit.core.importer.JavaClassProcessor - Processing class 'org/apache/commons/logging/Log'
02:43:08.956 [main] DEBUG com.tngtech.archunit.core.importer.JavaClassProcessor - Processing class 'org/springframework/boot/ApplicationContextFactory'
02:43:08.956 [main] DEBUG com.tngtech.archunit.core.importer.JavaClassProcessor - Processing class 'org/springframework/boot/WebApplicationType'
02:43:08.957 [main] DEBUG com.tngtech.archunit.core.importer.JavaClassProcessor - Processing class 'org/springframework/boot/Banner$Mode'
02:43:08.957 [main] DEBUG com.tngtech.archunit.core.importer.JavaClassProcessor - Processing class 'org/springframework/boot/SpringApplicationShutdownHook'
02:43:08.957 [main] DEBUG com.tngtech.archunit.core.importer.JavaClassProcessor - Processing class 'org/springframework/core/metrics/ApplicationStartup'
02:43:08.957 [main] DEBUG com.tngtech.archunit.core.importer.JavaClassProcessor - Processing class 'org/springframework/boot/Banner'
02:43:08.957 [main] DEBUG com.tngtech.archunit.core.importer.JavaClassProcessor - Processing class 'org/springframework/boot/Bootstrapper'
02:43:08.958 [main] DEBUG com.tngtech.archunit.core.importer.JavaClassProcessor - Processing class 'org/springframework/boot/CommandLineRunner'
02:43:08.958 [main] DEBUG com.tngtech.archunit.core.importer.JavaClassProcessor - Processing class 'org/springframework/boot/ApplicationArguments'
02:43:08.958 [main] DEBUG com.tngtech.archunit.core.importer.JavaClassProcessor - Processing class 'org/springframework/boot/SpringApplicationShutdownHandlers'
02:43:08.958 [main] DEBUG com.tngtech.archunit.core.importer.JavaClassProcessor - Processing class 'java/util/Properties'
02:43:08.959 [main] DEBUG com.tngtech.archunit.core.importer.JavaClassProcessor - Processing class 'org/springframework/boot/DefaultBootstrapContext'
02:43:08.959 [main] DEBUG com.tngtech.archunit.core.importer.JavaClassProcessor - Processing class 'org/springframework/boot/SpringApplicationRunListeners'
02:43:08.959 [main] DEBUG com.tngtech.archunit.core.importer.JavaClassProcessor - Processing class 'org/springframework/boot/ExitCodeGenerator'
02:43:08.960 [main] DEBUG com.tngtech.archunit.core.importer.JavaClassProcessor - Processing class 'org/springframework/boot/SpringBootExceptionHandler'
02:43:08.960 [main] DEBUG com.tngtech.archunit.core.importer.JavaClassProcessor - Processing class 'org/springframework/boot/ApplicationRunner'
02:43:08.961 [main] DEBUG com.tngtech.archunit.core.importer.JavaClassProcessor - Processing class 'org/springframework/boot/BeanDefinitionLoader'
02:43:08.961 [main] DEBUG com.tngtech.archunit.core.importer.JavaClassProcessor - Processing class 'org/springframework/core/type/classreading/MetadataReader'
02:43:08.962 [main] DEBUG com.tngtech.archunit.core.importer.JavaClassProcessor - Processing class 'org/springframework/core/type/classreading/MetadataReaderFactory'
02:43:08.962 [main] DEBUG com.tngtech.archunit.core.importer.JavaClassProcessor - Processing class 'org/springframework/boot/autoconfigure/AutoConfigurationMetadata'
02:43:08.962 [main] DEBUG com.tngtech.archunit.core.importer.JavaClassProcessor - Processing class 'org/springframework/boot/autoconfigure/AutoConfigurationImportEvent'
02:43:08.962 [main] DEBUG com.tngtech.archunit.core.importer.JavaClassProcessor - Processing class 'org/springframework/boot/autoconfigure/AutoConfigurationImportSelector$ConfigurationClassFilter'
02:43:08.963 [main] DEBUG com.tngtech.archunit.core.importer.JavaClassProcessor - Processing class 'org/springframework/boot/autoconfigure/AutoConfigurationImportSelector$AutoConfigurationEntry'
02:43:08.963 [main] DEBUG com.tngtech.archunit.core.importer.JavaClassProcessor - Processing class 'org/springframework/beans/factory/config/ConfigurableListableBeanFactory'
02:43:08.963 [main] DEBUG com.tngtech.archunit.core.importer.JavaClassProcessor - Processing class 'org/springframework/core/type/AnnotationMetadata'
02:43:08.963 [main] DEBUG com.tngtech.archunit.core.importer.JavaClassProcessor - Processing class 'org/springframework/core/annotation/AnnotationAttributes'
02:43:08.964 [main] DEBUG com.tngtech.archunit.core.importer.JavaClassProcessor - Processing class 'org/springframework/beans/factory/config/AutowireCapableBeanFactory'
02:43:08.965 [main] DEBUG com.tngtech.archunit.core.importer.JavaClassProcessor - Processing class 'java/lang/IllegalStateException'
02:43:08.965 [main] DEBUG com.tngtech.archunit.core.importer.JavaClassProcessor - Processing class 'java/time/Clock'
02:43:08.965 [main] DEBUG com.tngtech.archunit.core.importer.JavaClassProcessor - Processing class 'org/springframework/core/io/ProtocolResolver'
02:43:08.966 [main] DEBUG com.tngtech.archunit.core.importer.JavaClassProcessor - Processing class 'org/springframework/beans/factory/config/BeanFactoryPostProcessor'
02:43:08.966 [main] DEBUG com.tngtech.archunit.core.importer.JavaClassProcessor - Processing class 'org/springframework/context/MessageSourceResolvable'
02:43:08.966 [main] DEBUG com.tngtech.archunit.core.importer.JavaClassProcessor - Processing class 'org/springframework/context/NoSuchMessageException'
02:43:08.966 [main] DEBUG com.tngtech.archunit.core.importer.JavaClassProcessor - Processing class 'org/springframework/context/annotation/ScopeMetadata'
02:43:08.968 [main] DEBUG com.tngtech.archunit.core.importer.JavaClassProcessor - Processing class 'org/springframework/core/env/MutablePropertySources'
02:43:08.969 [main] DEBUG com.tngtech.archunit.core.importer.JavaClassProcessor - Processing class 'org/springframework/core/convert/support/ConfigurableConversionService'
02:43:08.969 [main] DEBUG com.tngtech.archunit.core.importer.JavaClassProcessor - Processing class 'org/springframework/core/env/Profiles'
02:43:08.969 [main] DEBUG com.tngtech.archunit.core.importer.JavaClassProcessor - Processing class 'org/springframework/core/env/MissingRequiredPropertiesException'
02:43:08.970 [main] DEBUG com.tngtech.archunit.core.importer.JavaClassProcessor - Processing class 'org/springframework/core/io/Resource'
02:43:08.970 [main] DEBUG com.tngtech.archunit.core.importer.JavaClassProcessor - Processing class 'org/springframework/data/domain/Example'
02:43:08.971 [main] DEBUG com.tngtech.archunit.core.importer.JavaClassProcessor - Processing class 'org/springframework/data/domain/Sort'
02:43:08.971 [main] DEBUG com.tngtech.archunit.core.importer.JavaClassProcessor - Processing class 'org/springframework/data/domain/Page'
02:43:08.971 [main] DEBUG com.tngtech.archunit.core.importer.JavaClassProcessor - Processing class 'org/springframework/data/domain/Pageable'
02:43:08.972 [main] DEBUG com.tngtech.archunit.core.importer.JavaClassProcessor - Processing class 'java/util/regex/Pattern'
02:43:08.973 [main] DEBUG com.tngtech.archunit.core.importer.JavaClassProcessor - Processing class 'java/time/format/DateTimeFormatter'
02:43:08.973 [main] DEBUG com.tngtech.archunit.core.importer.JavaClassProcessor - Processing class 'java/time/ZoneId'
02:43:08.973 [main] DEBUG com.tngtech.archunit.core.importer.JavaClassProcessor - Processing class 'java/text/DecimalFormatSymbols'
02:43:08.974 [main] DEBUG com.tngtech.archunit.core.importer.JavaClassProcessor - Processing class 'java/time/ZonedDateTime'
02:43:08.974 [main] DEBUG com.tngtech.archunit.core.importer.JavaClassProcessor - Processing class 'org/springframework/http/ContentDisposition'
02:43:08.975 [main] DEBUG com.tngtech.archunit.core.importer.JavaClassProcessor - Processing class 'java/time/Instant'
02:43:08.975 [main] DEBUG com.tngtech.archunit.core.importer.JavaClassProcessor - Processing class 'java/net/InetSocketAddress'
02:43:08.976 [main] DEBUG com.tngtech.archunit.core.importer.JavaClassProcessor - Processing class 'java/time/Duration'
02:43:08.976 [main] DEBUG com.tngtech.archunit.core.importer.JavaClassProcessor - Processing class 'org/springframework/http/CacheControl'
02:43:08.976 [main] DEBUG com.tngtech.archunit.core.importer.JavaClassProcessor - Processing class 'java/net/URI'
02:43:08.979 [main] DEBUG com.tngtech.archunit.core.importer.JavaClassProcessor - Processing class 'org/springframework/http/HttpStatus'
02:43:08.979 [main] DEBUG com.tngtech.archunit.core.importer.JavaClassProcessor - Processing class 'org/springframework/http/ResponseEntity$1'
02:43:08.980 [main] DEBUG com.tngtech.archunit.core.importer.JavaClassProcessor - Processing class 'java/util/BitSet'
02:43:08.981 [main] DEBUG com.tngtech.archunit.core.importer.JavaClassProcessor - Processing class 'sun/util/locale/LocaleSyntaxException'
02:43:08.981 [main] DEBUG com.tngtech.archunit.core.importer.JavaClassProcessor - Processing class 'sun/util/locale/LanguageTag'
]]></system-out>
  </testcase>
  <testcase name="serviceShouldOnlyDependOnModelAndRepository" classname="archtests.SongArchitectureTests" time="0.129">
    <system-out><![CDATA[02:43:08.992 [main] DEBUG com.tngtech.archunit.core.importer.UrlSource$From - Found URLs on sun.boot.class.path: []
02:43:08.995 [main] DEBUG com.tngtech.archunit.core.importer.UrlSource$From - Found URLs on java.class.path: [file:/M:/Lab/song-manager/target/test-classes/, file:/M:/Lab/song-manager/target/classes/, jar:file:/C:/Users/User/.m2/repository/org/springframework/boot/spring-boot-starter-web/2.5.4/spring-boot-starter-web-2.5.4.jar!/, jar:file:/C:/Users/User/.m2/repository/org/springframework/boot/spring-boot-starter/2.5.4/spring-boot-starter-2.5.4.jar!/, jar:file:/C:/Users/User/.m2/repository/org/springframework/boot/spring-boot/2.5.4/spring-boot-2.5.4.jar!/, jar:file:/C:/Users/User/.m2/repository/org/springframework/boot/spring-boot-autoconfigure/2.5.4/spring-boot-autoconfigure-2.5.4.jar!/, jar:file:/C:/Users/User/.m2/repository/org/springframework/boot/spring-boot-starter-logging/2.5.4/spring-boot-starter-logging-2.5.4.jar!/, jar:file:/C:/Users/User/.m2/repository/ch/qos/logback/logback-classic/1.2.5/logback-classic-1.2.5.jar!/, jar:file:/C:/Users/User/.m2/repository/ch/qos/logback/logback-core/1.2.5/logback-core-1.2.5.jar!/, jar:file:/C:/Users/User/.m2/repository/org/apache/logging/log4j/log4j-to-slf4j/2.14.1/log4j-to-slf4j-2.14.1.jar!/, jar:file:/C:/Users/User/.m2/repository/org/apache/logging/log4j/log4j-api/2.14.1/log4j-api-2.14.1.jar!/, jar:file:/C:/Users/User/.m2/repository/org/slf4j/jul-to-slf4j/1.7.32/jul-to-slf4j-1.7.32.jar!/, jar:file:/C:/Users/User/.m2/repository/jakarta/annotation/jakarta.annotation-api/1.3.5/jakarta.annotation-api-1.3.5.jar!/, jar:file:/C:/Users/User/.m2/repository/org/yaml/snakeyaml/1.28/snakeyaml-1.28.jar!/, jar:file:/C:/Users/User/.m2/repository/org/springframework/boot/spring-boot-starter-json/2.5.4/spring-boot-starter-json-2.5.4.jar!/, jar:file:/C:/Users/User/.m2/repository/com/fasterxml/jackson/core/jackson-databind/2.12.4/jackson-databind-2.12.4.jar!/, jar:file:/C:/Users/User/.m2/repository/com/fasterxml/jackson/core/jackson-annotations/2.12.4/jackson-annotations-2.12.4.jar!/, jar:file:/C:/Users/User/.m2/repository/com/fasterxml/jackson/core/jackson-core/2.12.4/jackson-core-2.12.4.jar!/, jar:file:/C:/Users/User/.m2/repository/com/fasterxml/jackson/datatype/jackson-datatype-jdk8/2.12.4/jackson-datatype-jdk8-2.12.4.jar!/, jar:file:/C:/Users/User/.m2/repository/com/fasterxml/jackson/datatype/jackson-datatype-jsr310/2.12.4/jackson-datatype-jsr310-2.12.4.jar!/, jar:file:/C:/Users/User/.m2/repository/com/fasterxml/jackson/module/jackson-module-parameter-names/2.12.4/jackson-module-parameter-names-2.12.4.jar!/, jar:file:/C:/Users/User/.m2/repository/org/springframework/boot/spring-boot-starter-tomcat/2.5.4/spring-boot-starter-tomcat-2.5.4.jar!/, jar:file:/C:/Users/User/.m2/repository/org/apache/tomcat/embed/tomcat-embed-core/9.0.52/tomcat-embed-core-9.0.52.jar!/, jar:file:/C:/Users/User/.m2/repository/org/apache/tomcat/embed/tomcat-embed-el/9.0.52/tomcat-embed-el-9.0.52.jar!/, jar:file:/C:/Users/User/.m2/repository/org/apache/tomcat/embed/tomcat-embed-websocket/9.0.52/tomcat-embed-websocket-9.0.52.jar!/, jar:file:/C:/Users/User/.m2/repository/org/springframework/spring-web/5.3.9/spring-web-5.3.9.jar!/, jar:file:/C:/Users/User/.m2/repository/org/springframework/spring-beans/5.3.9/spring-beans-5.3.9.jar!/, jar:file:/C:/Users/User/.m2/repository/org/springframework/spring-webmvc/5.3.9/spring-webmvc-5.3.9.jar!/, jar:file:/C:/Users/User/.m2/repository/org/springframework/spring-aop/5.3.9/spring-aop-5.3.9.jar!/, jar:file:/C:/Users/User/.m2/repository/org/springframework/spring-context/5.3.9/spring-context-5.3.9.jar!/, jar:file:/C:/Users/User/.m2/repository/org/springframework/spring-expression/5.3.9/spring-expression-5.3.9.jar!/, jar:file:/C:/Users/User/.m2/repository/org/springframework/boot/spring-boot-starter-data-jpa/2.5.4/spring-boot-starter-data-jpa-2.5.4.jar!/, jar:file:/C:/Users/User/.m2/repository/org/springframework/boot/spring-boot-starter-aop/2.5.4/spring-boot-starter-aop-2.5.4.jar!/, jar:file:/C:/Users/User/.m2/repository/org/aspectj/aspectjweaver/1.9.7/aspectjweaver-1.9.7.jar!/, jar:file:/C:/Users/User/.m2/repository/org/springframework/boot/spring-boot-starter-jdbc/2.5.4/spring-boot-starter-jdbc-2.5.4.jar!/, jar:file:/C:/Users/User/.m2/repository/com/zaxxer/HikariCP/4.0.3/HikariCP-4.0.3.jar!/, jar:file:/C:/Users/User/.m2/repository/org/springframework/spring-jdbc/5.3.9/spring-jdbc-5.3.9.jar!/, jar:file:/C:/Users/User/.m2/repository/jakarta/transaction/jakarta.transaction-api/1.3.3/jakarta.transaction-api-1.3.3.jar!/, jar:file:/C:/Users/User/.m2/repository/jakarta/persistence/jakarta.persistence-api/2.2.3/jakarta.persistence-api-2.2.3.jar!/, jar:file:/C:/Users/User/.m2/repository/org/hibernate/hibernate-core/5.4.32.Final/hibernate-core-5.4.32.Final.jar!/, jar:file:/C:/Users/User/.m2/repository/org/jboss/logging/jboss-logging/3.4.2.Final/jboss-logging-3.4.2.Final.jar!/, jar:file:/C:/Users/User/.m2/repository/org/javassist/javassist/3.27.0-GA/javassist-3.27.0-GA.jar!/, jar:file:/C:/Users/User/.m2/repository/net/bytebuddy/byte-buddy/1.10.22/byte-buddy-1.10.22.jar!/, jar:file:/C:/Users/User/.m2/repository/antlr/antlr/2.7.7/antlr-2.7.7.jar!/, jar:file:/C:/Users/User/.m2/repository/org/jboss/jandex/2.2.3.Final/jandex-2.2.3.Final.jar!/, jar:file:/C:/Users/User/.m2/repository/com/fasterxml/classmate/1.5.1/classmate-1.5.1.jar!/, jar:file:/C:/Users/User/.m2/repository/org/dom4j/dom4j/2.1.3/dom4j-2.1.3.jar!/, jar:file:/C:/Users/User/.m2/repository/org/hibernate/common/hibernate-commons-annotations/5.1.2.Final/hibernate-commons-annotations-5.1.2.Final.jar!/, jar:file:/C:/Users/User/.m2/repository/org/glassfish/jaxb/jaxb-runtime/2.3.5/jaxb-runtime-2.3.5.jar!/, jar:file:/C:/Users/User/.m2/repository/org/glassfish/jaxb/txw2/2.3.5/txw2-2.3.5.jar!/, jar:file:/C:/Users/User/.m2/repository/com/sun/istack/istack-commons-runtime/3.0.12/istack-commons-runtime-3.0.12.jar!/, jar:file:/C:/Users/User/.m2/repository/com/sun/activation/jakarta.activation/1.2.2/jakarta.activation-1.2.2.jar!/, jar:file:/C:/Users/User/.m2/repository/org/springframework/data/spring-data-jpa/2.5.4/spring-data-jpa-2.5.4.jar!/, jar:file:/C:/Users/User/.m2/repository/org/springframework/data/spring-data-commons/2.5.4/spring-data-commons-2.5.4.jar!/, jar:file:/C:/Users/User/.m2/repository/org/springframework/spring-orm/5.3.9/spring-orm-5.3.9.jar!/, jar:file:/C:/Users/User/.m2/repository/org/springframework/spring-tx/5.3.9/spring-tx-5.3.9.jar!/, jar:file:/C:/Users/User/.m2/repository/org/springframework/spring-aspects/5.3.9/spring-aspects-5.3.9.jar!/, jar:file:/C:/Users/User/.m2/repository/com/h2database/h2/1.4.200/h2-1.4.200.jar!/, jar:file:/C:/Users/User/.m2/repository/javax/persistence/javax.persistence-api/2.2/javax.persistence-api-2.2.jar!/, jar:file:/C:/Users/User/.m2/repository/org/springframework/boot/spring-boot-starter-test/2.5.4/spring-boot-starter-test-2.5.4.jar!/, jar:file:/C:/Users/User/.m2/repository/org/springframework/boot/spring-boot-test/2.5.4/spring-boot-test-2.5.4.jar!/, jar:file:/C:/Users/User/.m2/repository/org/springframework/boot/spring-boot-test-autoconfigure/2.5.4/spring-boot-test-autoconfigure-2.5.4.jar!/, jar:file:/C:/Users/User/.m2/repository/com/jayway/jsonpath/json-path/2.5.0/json-path-2.5.0.jar!/, jar:file:/C:/Users/User/.m2/repository/net/minidev/json-smart/2.4.7/json-smart-2.4.7.jar!/, jar:file:/C:/Users/User/.m2/repository/net/minidev/accessors-smart/2.4.7/accessors-smart-2.4.7.jar!/, jar:file:/C:/Users/User/.m2/repository/org/ow2/asm/asm/9.1/asm-9.1.jar!/, jar:file:/C:/Users/User/.m2/repository/jakarta/xml/bind/jakarta.xml.bind-api/2.3.3/jakarta.xml.bind-api-2.3.3.jar!/, jar:file:/C:/Users/User/.m2/repository/jakarta/activation/jakarta.activation-api/1.2.2/jakarta.activation-api-1.2.2.jar!/, jar:file:/C:/Users/User/.m2/repository/org/assertj/assertj-core/3.19.0/assertj-core-3.19.0.jar!/, jar:file:/C:/Users/User/.m2/repository/org/hamcrest/hamcrest/2.2/hamcrest-2.2.jar!/, jar:file:/C:/Users/User/.m2/repository/org/junit/jupiter/junit-jupiter/5.7.2/junit-jupiter-5.7.2.jar!/, jar:file:/C:/Users/User/.m2/repository/org/junit/jupiter/junit-jupiter-api/5.7.2/junit-jupiter-api-5.7.2.jar!/, jar:file:/C:/Users/User/.m2/repository/org/apiguardian/apiguardian-api/1.1.0/apiguardian-api-1.1.0.jar!/, jar:file:/C:/Users/User/.m2/repository/org/opentest4j/opentest4j/1.2.0/opentest4j-1.2.0.jar!/, jar:file:/C:/Users/User/.m2/repository/org/junit/platform/junit-platform-commons/1.7.2/junit-platform-commons-1.7.2.jar!/, jar:file:/C:/Users/User/.m2/repository/org/junit/jupiter/junit-jupiter-params/5.7.2/junit-jupiter-params-5.7.2.jar!/, jar:file:/C:/Users/User/.m2/repository/org/junit/jupiter/junit-jupiter-engine/5.7.2/junit-jupiter-engine-5.7.2.jar!/, jar:file:/C:/Users/User/.m2/repository/org/junit/platform/junit-platform-engine/1.7.2/junit-platform-engine-1.7.2.jar!/, jar:file:/C:/Users/User/.m2/repository/org/mockito/mockito-core/3.9.0/mockito-core-3.9.0.jar!/, jar:file:/C:/Users/User/.m2/repository/net/bytebuddy/byte-buddy-agent/1.10.22/byte-buddy-agent-1.10.22.jar!/, jar:file:/C:/Users/User/.m2/repository/org/objenesis/objenesis/3.2/objenesis-3.2.jar!/, jar:file:/C:/Users/User/.m2/repository/org/mockito/mockito-junit-jupiter/3.9.0/mockito-junit-jupiter-3.9.0.jar!/, jar:file:/C:/Users/User/.m2/repository/org/skyscreamer/jsonassert/1.5.0/jsonassert-1.5.0.jar!/, jar:file:/C:/Users/User/.m2/repository/com/vaadin/external/google/android-json/0.0.20131108.vaadin1/android-json-0.0.20131108.vaadin1.jar!/, jar:file:/C:/Users/User/.m2/repository/org/springframework/spring-core/5.3.9/spring-core-5.3.9.jar!/, jar:file:/C:/Users/User/.m2/repository/org/springframework/spring-jcl/5.3.9/spring-jcl-5.3.9.jar!/, jar:file:/C:/Users/User/.m2/repository/org/springframework/spring-test/5.3.9/spring-test-5.3.9.jar!/, jar:file:/C:/Users/User/.m2/repository/org/xmlunit/xmlunit-core/2.8.2/xmlunit-core-2.8.2.jar!/, jar:file:/C:/Users/User/.m2/repository/com/tngtech/archunit/archunit-junit5/1.1.0/archunit-junit5-1.1.0.jar!/, jar:file:/C:/Users/User/.m2/repository/com/tngtech/archunit/archunit-junit5-api/1.1.0/archunit-junit5-api-1.1.0.jar!/, jar:file:/C:/Users/User/.m2/repository/com/tngtech/archunit/archunit-junit5-engine/1.1.0/archunit-junit5-engine-1.1.0.jar!/, jar:file:/C:/Users/User/.m2/repository/com/tngtech/archunit/archunit-junit5-engine-api/1.1.0/archunit-junit5-engine-api-1.1.0.jar!/, jar:file:/C:/Users/User/.m2/repository/com/tngtech/archunit/archunit/1.1.0/archunit-1.1.0.jar!/, jar:file:/C:/Users/User/.m2/repository/org/slf4j/slf4j-api/1.7.32/slf4j-api-1.7.32.jar!/]
02:43:09.004 [main] DEBUG com.tngtech.archunit.core.importer.JavaClassProcessor - Processing class 'com/example/songs/model/Song'
02:43:09.004 [main] DEBUG com.tngtech.archunit.core.importer.JavaClassProcessor - Processing class 'com/example/songs/SongManagerApplication'
02:43:09.005 [main] DEBUG com.tngtech.archunit.core.importer.JavaClassProcessor - Processing class 'com/example/songs/service/SongService'
02:43:09.005 [main] DEBUG com.tngtech.archunit.core.importer.JavaClassProcessor - Processing class 'com/example/songs/repository/SongRepository'
02:43:09.005 [main] DEBUG com.tngtech.archunit.core.importer.JavaClassProcessor - Processing class 'com/example/songs/controller/SongController'
02:43:09.006 [main] DEBUG com.tngtech.archunit.core.importer.JavaClassProcessor - Processing class 'org/springframework/web/bind/annotation/PathVariable'
02:43:09.006 [main] DEBUG com.tngtech.archunit.core.importer.JavaClassProcessor - Processing class 'org/springframework/web/bind/annotation/RequestMapping'
02:43:09.007 [main] DEBUG com.tngtech.archunit.core.importer.JavaClassProcessor - Processing class 'org/springframework/http/ResponseEntity$BodyBuilder'
02:43:09.007 [main] DEBUG com.tngtech.archunit.core.importer.JavaClassProcessor - Processing class 'org/springframework/web/bind/annotation/RequestBody'
02:43:09.007 [main] DEBUG com.tngtech.archunit.core.importer.JavaClassProcessor - Processing class 'org/springframework/boot/SpringApplication'
02:43:09.008 [main] DEBUG com.tngtech.archunit.core.importer.JavaClassProcessor - Processing class 'org/springframework/web/bind/annotation/PutMapping'
02:43:09.009 [main] DEBUG com.tngtech.archunit.core.importer.JavaClassProcessor - Processing class 'java/lang/Long'
02:43:09.009 [main] DEBUG com.tngtech.archunit.core.importer.JavaClassProcessor - Processing class 'org/springframework/stereotype/Service'
02:43:09.009 [main] DEBUG com.tngtech.archunit.core.importer.JavaClassProcessor - Processing class 'org/springframework/web/bind/annotation/GetMapping'
02:43:09.010 [main] DEBUG com.tngtech.archunit.core.importer.JavaClassProcessor - Processing class 'java/lang/String'
02:43:09.010 [main] DEBUG com.tngtech.archunit.core.importer.JavaClassProcessor - Processing class 'org/springframework/web/bind/annotation/DeleteMapping'
02:43:09.011 [main] DEBUG com.tngtech.archunit.core.importer.JavaClassProcessor - Processing class 'javax/persistence/Id'
02:43:09.011 [main] DEBUG com.tngtech.archunit.core.importer.JavaClassProcessor - Processing class 'javax/persistence/Entity'
02:43:09.011 [main] DEBUG com.tngtech.archunit.core.importer.JavaClassProcessor - Processing class 'org/springframework/web/bind/annotation/PostMapping'
02:43:09.011 [main] DEBUG com.tngtech.archunit.core.importer.JavaClassProcessor - Processing class 'java/lang/Void'
02:43:09.011 [main] DEBUG com.tngtech.archunit.core.importer.JavaClassProcessor - Processing class 'org/springframework/boot/autoconfigure/SpringBootApplication'
02:43:09.011 [main] DEBUG com.tngtech.archunit.core.importer.JavaClassProcessor - Processing class 'java/lang/RuntimeException'
02:43:09.012 [main] DEBUG com.tngtech.archunit.core.importer.JavaClassProcessor - Processing class 'org/springframework/web/bind/annotation/RestController'
02:43:09.012 [main] DEBUG com.tngtech.archunit.core.importer.JavaClassProcessor - Processing class 'javax/persistence/GenerationType'
02:43:09.012 [main] DEBUG com.tngtech.archunit.core.importer.JavaClassProcessor - Processing class 'java/util/List'
02:43:09.012 [main] DEBUG com.tngtech.archunit.core.importer.JavaClassProcessor - Processing class 'javax/persistence/GeneratedValue'
02:43:09.012 [main] DEBUG com.tngtech.archunit.core.importer.JavaClassProcessor - Processing class 'java/util/Optional'
02:43:09.013 [main] DEBUG com.tngtech.archunit.core.importer.JavaClassProcessor - Processing class 'java/lang/Object'
02:43:09.013 [main] DEBUG com.tngtech.archunit.core.importer.JavaClassProcessor - Processing class 'org/springframework/http/ResponseEntity'
02:43:09.013 [main] DEBUG com.tngtech.archunit.core.importer.JavaClassProcessor - Processing class 'org/springframework/http/ResponseEntity$HeadersBuilder'
02:43:09.013 [main] DEBUG com.tngtech.archunit.core.importer.JavaClassProcessor - Processing class 'org/springframework/data/jpa/repository/JpaRepository'
02:43:09.013 [main] DEBUG com.tngtech.archunit.core.importer.JavaClassProcessor - Processing class 'java/lang/annotation/Inherited'
02:43:09.014 [main] DEBUG com.tngtech.archunit.core.importer.JavaClassProcessor - Processing class 'org/springframework/context/annotation/ComponentScan$Filter'
02:43:09.014 [main] DEBUG com.tngtech.archunit.core.importer.JavaClassProcessor - Processing class 'java/lang/Enum'
02:43:09.014 [main] DEBUG com.tngtech.archunit.core.importer.JavaClassProcessor - Processing class 'org/springframework/context/ConfigurableApplicationContext'
02:43:09.014 [main] DEBUG com.tngtech.archunit.core.importer.JavaClassProcessor - Processing class 'java/lang/annotation/Documented'
02:43:09.014 [main] DEBUG com.tngtech.archunit.core.importer.JavaClassProcessor - Processing class 'java/lang/CharSequence'
02:43:09.014 [main] DEBUG com.tngtech.archunit.core.importer.JavaClassProcessor - Processing class 'org/springframework/data/repository/PagingAndSortingRepository'
02:43:09.015 [main] DEBUG com.tngtech.archunit.core.importer.JavaClassProcessor - Processing class 'org/springframework/http/HttpHeaders'
02:43:09.016 [main] DEBUG com.tngtech.archunit.core.importer.JavaClassProcessor - Processing class 'java/util/Collection'
02:43:09.016 [main] DEBUG com.tngtech.archunit.core.importer.JavaClassProcessor - Processing class 'org/springframework/web/bind/annotation/RequestMethod'
02:43:09.016 [main] DEBUG com.tngtech.archunit.core.importer.JavaClassProcessor - Processing class 'org/springframework/context/ApplicationListener'
02:43:09.016 [main] DEBUG com.tngtech.archunit.core.importer.JavaClassProcessor - Processing class 'java/lang/Exception'
02:43:09.016 [main] DEBUG com.tngtech.archunit.core.importer.JavaClassProcessor - Processing class 'java/io/Serializable'
02:43:09.017 [main] DEBUG com.tngtech.archunit.core.importer.JavaClassProcessor - Processing class 'org/springframework/context/annotation/Configuration'
02:43:09.017 [main] DEBUG com.tngtech.archunit.core.importer.JavaClassProcessor - Processing class 'org/springframework/http/HttpEntity'
02:43:09.017 [main] DEBUG com.tngtech.archunit.core.importer.JavaClassProcessor - Processing class 'org/springframework/beans/factory/support/BeanNameGenerator'
02:43:09.017 [main] DEBUG com.tngtech.archunit.core.importer.JavaClassProcessor - Processing class 'org/springframework/boot/SpringBootExceptionReporter'
02:43:09.017 [main] DEBUG com.tngtech.archunit.core.importer.JavaClassProcessor - Processing class 'java/lang/annotation/Annotation'
02:43:09.017 [main] DEBUG com.tngtech.archunit.core.importer.JavaClassProcessor - Processing class 'java/lang/Throwable'
02:43:09.017 [main] DEBUG com.tngtech.archunit.core.importer.JavaClassProcessor - Processing class 'org/springframework/boot/autoconfigure/AutoConfigurationExcludeFilter'
02:43:09.018 [main] DEBUG com.tngtech.archunit.core.importer.JavaClassProcessor - Processing class 'org/springframework/stereotype/Controller'
02:43:09.018 [main] DEBUG com.tngtech.archunit.core.importer.JavaClassProcessor - Processing class 'org/springframework/boot/context/TypeExcludeFilter'
02:43:09.018 [main] DEBUG com.tngtech.archunit.core.importer.JavaClassProcessor - Processing class 'java/lang/annotation/Retention'
02:43:09.018 [main] DEBUG com.tngtech.archunit.core.importer.JavaClassProcessor - Processing class 'org/springframework/data/repository/NoRepositoryBean'
02:43:09.018 [main] DEBUG com.tngtech.archunit.core.importer.JavaClassProcessor - Processing class 'org/springframework/boot/BootstrapRegistryInitializer'
02:43:09.018 [main] DEBUG com.tngtech.archunit.core.importer.JavaClassProcessor - Processing class 'jdk/internal/HotSpotIntrinsicCandidate'
02:43:09.018 [main] DEBUG com.tngtech.archunit.core.importer.JavaClassProcessor - Processing class 'org/springframework/lang/Nullable'
02:43:09.018 [main] DEBUG com.tngtech.archunit.core.importer.JavaClassProcessor - Processing class 'java/lang/Number'
02:43:09.018 [main] DEBUG com.tngtech.archunit.core.importer.JavaClassProcessor - Processing class 'org/springframework/context/annotation/FilterType'
02:43:09.019 [main] DEBUG com.tngtech.archunit.core.importer.JavaClassProcessor - Processing class 'org/springframework/core/annotation/AliasFor'
02:43:09.019 [main] DEBUG com.tngtech.archunit.core.importer.JavaClassProcessor - Processing class 'java/lang/SafeVarargs'
02:43:09.019 [main] DEBUG com.tngtech.archunit.core.importer.JavaClassProcessor - Processing class 'jdk/internal/vm/annotation/Stable'
02:43:09.019 [main] DEBUG com.tngtech.archunit.core.importer.JavaClassProcessor - Processing class 'org/springframework/boot/autoconfigure/EnableAutoConfiguration'
02:43:09.019 [main] DEBUG com.tngtech.archunit.core.importer.JavaClassProcessor - Processing class 'java/lang/Deprecated'
02:43:09.019 [main] DEBUG com.tngtech.archunit.core.importer.JavaClassProcessor - Processing class 'java/lang/annotation/Target'
02:43:09.019 [main] DEBUG com.tngtech.archunit.core.importer.JavaClassProcessor - Processing class 'org/springframework/core/env/StandardEnvironment'
02:43:09.019 [main] DEBUG com.tngtech.archunit.core.importer.JavaClassProcessor - Processing class 'java/lang/annotation/ElementType'
02:43:09.019 [main] DEBUG com.tngtech.archunit.core.importer.JavaClassProcessor - Processing class 'org/springframework/web/bind/annotation/ResponseBody'
02:43:09.020 [main] DEBUG com.tngtech.archunit.core.importer.JavaClassProcessor - Processing class 'org/springframework/context/annotation/ComponentScan'
02:43:09.020 [main] DEBUG com.tngtech.archunit.core.importer.JavaClassProcessor - Processing class 'org/springframework/data/repository/query/QueryByExampleExecutor'
02:43:09.020 [main] DEBUG com.tngtech.archunit.core.importer.JavaClassProcessor - Processing class 'org/springframework/stereotype/Component'
02:43:09.020 [main] DEBUG com.tngtech.archunit.core.importer.JavaClassProcessor - Processing class 'org/springframework/boot/SpringBootConfiguration'
02:43:09.020 [main] DEBUG com.tngtech.archunit.core.importer.JavaClassProcessor - Processing class 'java/lang/Class'
02:43:09.021 [main] DEBUG com.tngtech.archunit.core.importer.JavaClassProcessor - Processing class 'java/lang/Comparable'
02:43:09.021 [main] DEBUG com.tngtech.archunit.core.importer.JavaClassProcessor - Processing class 'org/springframework/context/ApplicationContextInitializer'
02:43:09.021 [main] DEBUG com.tngtech.archunit.core.importer.JavaClassProcessor - Processing class 'java/lang/annotation/RetentionPolicy'
02:43:09.021 [main] DEBUG com.tngtech.archunit.core.importer.JavaClassProcessor - Processing class 'org/springframework/web/bind/annotation/Mapping'
02:43:09.022 [main] DEBUG com.tngtech.archunit.core.importer.JavaClassProcessor - Processing class 'org/springframework/core/type/filter/TypeFilter'
02:43:09.022 [main] DEBUG com.tngtech.archunit.core.importer.JavaClassProcessor - Processing class 'java/util/Locale'
02:43:09.022 [main] DEBUG com.tngtech.archunit.core.importer.JavaClassProcessor - Processing class 'java/lang/reflect/Method'
02:43:09.023 [main] DEBUG com.tngtech.archunit.core.importer.JavaClassProcessor - Processing class 'org/springframework/context/PayloadApplicationEvent'
02:43:09.023 [main] DEBUG com.tngtech.archunit.core.importer.JavaClassProcessor - Processing class 'org/springframework/boot/autoconfigure/AutoConfigurationImportSelector'
02:43:09.023 [main] DEBUG com.tngtech.archunit.core.importer.JavaClassProcessor - Processing class 'jdk/internal/vm/annotation/ForceInline'
02:43:09.023 [main] DEBUG com.tngtech.archunit.core.importer.JavaClassProcessor - Processing class 'org/springframework/http/MediaType'
02:43:09.024 [main] DEBUG com.tngtech.archunit.core.importer.JavaClassProcessor - Processing class 'java/util/Locale$LanguageRange'
02:43:09.024 [main] DEBUG com.tngtech.archunit.core.importer.JavaClassProcessor - Processing class 'java/util/EventListener'
02:43:09.024 [main] DEBUG com.tngtech.archunit.core.importer.JavaClassProcessor - Processing class 'java/lang/Class$ReflectionData'
02:43:09.024 [main] DEBUG com.tngtech.archunit.core.importer.JavaClassProcessor - Processing class 'java/lang/reflect/Type'
02:43:09.024 [main] DEBUG com.tngtech.archunit.core.importer.JavaClassProcessor - Processing class 'jdk/internal/reflect/CallerSensitive'
02:43:09.024 [main] DEBUG com.tngtech.archunit.core.importer.JavaClassProcessor - Processing class 'org/springframework/beans/factory/BeanClassLoaderAware'
02:43:09.024 [main] DEBUG com.tngtech.archunit.core.importer.JavaClassProcessor - Processing class 'org/springframework/context/annotation/AnnotationScopeMetadataResolver'
02:43:09.024 [main] DEBUG com.tngtech.archunit.core.importer.JavaClassProcessor - Processing class 'java/lang/reflect/AnnotatedElement'
02:43:09.025 [main] DEBUG com.tngtech.archunit.core.importer.JavaClassProcessor - Processing class 'org/springframework/boot/autoconfigure/AutoConfigurationPackage'
02:43:09.025 [main] DEBUG com.tngtech.archunit.core.importer.JavaClassProcessor - Processing class 'org/springframework/data/repository/CrudRepository'
02:43:09.025 [main] DEBUG com.tngtech.archunit.core.importer.JavaClassProcessor - Processing class 'java/lang/Iterable'
02:43:09.025 [main] DEBUG com.tngtech.archunit.core.importer.JavaClassProcessor - Processing class 'java/lang/FunctionalInterface'
02:43:09.025 [main] DEBUG com.tngtech.archunit.core.importer.JavaClassProcessor - Processing class 'java/nio/charset/Charset'
02:43:09.025 [main] DEBUG com.tngtech.archunit.core.importer.JavaClassProcessor - Processing class 'java/lang/annotation/Repeatable'
02:43:09.025 [main] DEBUG com.tngtech.archunit.core.importer.JavaClassProcessor - Processing class 'org/springframework/beans/factory/BeanFactoryAware'
02:43:09.026 [main] DEBUG com.tngtech.archunit.core.importer.JavaClassProcessor - Processing class 'org/springframework/context/annotation/ComponentScans'
02:43:09.026 [main] DEBUG com.tngtech.archunit.core.importer.JavaClassProcessor - Processing class 'org/springframework/stereotype/Indexed'
02:43:09.026 [main] DEBUG com.tngtech.archunit.core.importer.JavaClassProcessor - Processing class 'java/lang/reflect/GenericDeclaration'
02:43:09.026 [main] DEBUG com.tngtech.archunit.core.importer.JavaClassProcessor - Processing class 'java/util/Map$Entry'
02:43:09.026 [main] DEBUG com.tngtech.archunit.core.importer.JavaClassProcessor - Processing class 'org/springframework/http/HttpMethod'
02:43:09.027 [main] DEBUG com.tngtech.archunit.core.importer.JavaClassProcessor - Processing class 'org/springframework/context/annotation/ScopedProxyMode'
02:43:09.027 [main] DEBUG com.tngtech.archunit.core.importer.JavaClassProcessor - Processing class 'org/springframework/util/MultiValueMap'
02:43:09.027 [main] DEBUG com.tngtech.archunit.core.importer.JavaClassProcessor - Processing class 'org/springframework/context/annotation/Import'
02:43:09.027 [main] DEBUG com.tngtech.archunit.core.importer.JavaClassProcessor - Processing class 'org/springframework/http/HttpRange'
02:43:09.028 [main] DEBUG com.tngtech.archunit.core.importer.JavaClassProcessor - Processing class 'java/lang/reflect/Field'
02:43:09.028 [main] DEBUG com.tngtech.archunit.core.importer.JavaClassProcessor - Processing class 'org/springframework/context/ApplicationContext'
02:43:09.028 [main] DEBUG com.tngtech.archunit.core.importer.JavaClassProcessor - Processing class 'org/springframework/context/Lifecycle'
02:43:09.028 [main] DEBUG com.tngtech.archunit.core.importer.JavaClassProcessor - Processing class 'org/springframework/context/ApplicationEvent'
02:43:09.028 [main] DEBUG com.tngtech.archunit.core.importer.JavaClassProcessor - Processing class 'org/springframework/context/annotation/ScopeMetadataResolver'
02:43:09.028 [main] DEBUG com.tngtech.archunit.core.importer.JavaClassProcessor - Processing class 'java/io/Closeable'
02:43:09.029 [main] DEBUG com.tngtech.archunit.core.importer.JavaClassProcessor - Processing class 'org/springframework/core/env/AbstractEnvironment'
02:43:09.029 [main] DEBUG com.tngtech.archunit.core.importer.JavaClassProcessor - Processing class 'org/springframework/beans/factory/HierarchicalBeanFactory'
02:43:09.029 [main] DEBUG com.tngtech.archunit.core.importer.JavaClassProcessor - Processing class 'org/springframework/boot/autoconfigure/AutoConfigurationImportListener'
02:43:09.029 [main] DEBUG com.tngtech.archunit.core.importer.JavaClassProcessor - Processing class 'java/nio/charset/spi/CharsetProvider'
02:43:09.029 [main] DEBUG com.tngtech.archunit.core.importer.JavaClassProcessor - Processing class 'java/lang/AutoCloseable'
02:43:09.029 [main] DEBUG com.tngtech.archunit.core.importer.JavaClassProcessor - Processing class 'java/util/EventObject'
02:43:09.030 [main] DEBUG com.tngtech.archunit.core.importer.JavaClassProcessor - Processing class 'org/springframework/util/MimeType'
02:43:09.030 [main] DEBUG com.tngtech.archunit.core.importer.JavaClassProcessor - Processing class 'java/lang/Character'
02:43:09.031 [main] DEBUG com.tngtech.archunit.core.importer.JavaClassProcessor - Processing class 'org/springframework/data/repository/Repository'
02:43:09.031 [main] DEBUG com.tngtech.archunit.core.importer.JavaClassProcessor - Processing class 'java/util/Map'
02:43:09.031 [main] DEBUG com.tngtech.archunit.core.importer.JavaClassProcessor - Processing class 'org/springframework/context/ApplicationEventPublisher'
02:43:09.031 [main] DEBUG com.tngtech.archunit.core.importer.JavaClassProcessor - Processing class 'java/lang/reflect/Executable'
02:43:09.032 [main] DEBUG com.tngtech.archunit.core.importer.JavaClassProcessor - Processing class 'org/springframework/boot/autoconfigure/AutoConfigurationPackages$Registrar'
02:43:09.032 [main] DEBUG com.tngtech.archunit.core.importer.JavaClassProcessor - Processing class 'java/lang/Cloneable'
02:43:09.032 [main] DEBUG com.tngtech.archunit.core.importer.JavaClassProcessor - Processing class 'java/lang/ThreadLocal'
02:43:09.032 [main] DEBUG com.tngtech.archunit.core.importer.JavaClassProcessor - Processing class 'java/lang/reflect/Member'
02:43:09.032 [main] DEBUG com.tngtech.archunit.core.importer.JavaClassProcessor - Processing class 'sun/util/locale/LocaleExtensions'
02:43:09.032 [main] DEBUG com.tngtech.archunit.core.importer.JavaClassProcessor - Processing class 'org/springframework/beans/factory/ListableBeanFactory'
02:43:09.033 [main] DEBUG com.tngtech.archunit.core.importer.JavaClassProcessor - Processing class 'org/springframework/core/Ordered'
02:43:09.033 [main] DEBUG com.tngtech.archunit.core.importer.JavaClassProcessor - Processing class 'org/springframework/context/annotation/DeferredImportSelector'
02:43:09.033 [main] DEBUG com.tngtech.archunit.core.importer.JavaClassProcessor - Processing class 'org/springframework/beans/factory/Aware'
02:43:09.033 [main] DEBUG com.tngtech.archunit.core.importer.JavaClassProcessor - Processing class 'org/springframework/core/ResolvableTypeProvider'
02:43:09.033 [main] DEBUG com.tngtech.archunit.core.importer.JavaClassProcessor - Processing class 'org/springframework/core/io/support/ResourceRegion'
02:43:09.033 [main] DEBUG com.tngtech.archunit.core.importer.JavaClassProcessor - Processing class 'org/springframework/boot/autoconfigure/AutoConfigurationImportFilter'
02:43:09.033 [main] DEBUG com.tngtech.archunit.core.importer.JavaClassProcessor - Processing class 'org/springframework/core/env/ConfigurableEnvironment'
02:43:09.034 [main] DEBUG com.tngtech.archunit.core.importer.JavaClassProcessor - Processing class 'org/springframework/core/env/EnvironmentCapable'
02:43:09.034 [main] DEBUG com.tngtech.archunit.core.importer.JavaClassProcessor - Processing class 'org/springframework/context/MessageSource'
02:43:09.034 [main] DEBUG com.tngtech.archunit.core.importer.JavaClassProcessor - Processing class 'java/lang/reflect/AccessibleObject'
02:43:09.034 [main] DEBUG com.tngtech.archunit.core.importer.JavaClassProcessor - Processing class 'org/springframework/context/ResourceLoaderAware'
02:43:09.034 [main] DEBUG com.tngtech.archunit.core.importer.JavaClassProcessor - Processing class 'org/springframework/context/annotation/DeferredImportSelector$Group'
02:43:09.035 [main] DEBUG com.tngtech.archunit.core.importer.JavaClassProcessor - Processing class 'org/springframework/context/EnvironmentAware'
02:43:09.035 [main] DEBUG com.tngtech.archunit.core.importer.JavaClassProcessor - Processing class 'org/springframework/core/io/support/ResourcePatternResolver'
02:43:09.035 [main] DEBUG com.tngtech.archunit.core.importer.JavaClassProcessor - Processing class 'sun/util/locale/Extension'
02:43:09.035 [main] DEBUG com.tngtech.archunit.core.importer.JavaClassProcessor - Processing class 'org/springframework/core/env/ConfigurablePropertyResolver'
02:43:09.035 [main] DEBUG com.tngtech.archunit.core.importer.JavaClassProcessor - Processing class 'org/springframework/context/annotation/DeferredImportSelector$Group$Entry'
02:43:09.036 [main] DEBUG com.tngtech.archunit.core.importer.JavaClassProcessor - Processing class 'org/springframework/context/annotation/ImportBeanDefinitionRegistrar'
02:43:09.036 [main] DEBUG com.tngtech.archunit.core.importer.JavaClassProcessor - Processing class 'org/springframework/context/annotation/ImportSelector'
02:43:09.036 [main] DEBUG com.tngtech.archunit.core.importer.JavaClassProcessor - Processing class 'org/springframework/core/io/ResourceLoader'
02:43:09.036 [main] DEBUG com.tngtech.archunit.core.importer.JavaClassProcessor - Processing class 'org/springframework/boot/autoconfigure/AutoConfigurationPackages'
02:43:09.036 [main] DEBUG com.tngtech.archunit.core.importer.JavaClassProcessor - Processing class 'org/springframework/boot/context/annotation/DeterminableImports'
02:43:09.036 [main] DEBUG com.tngtech.archunit.core.importer.JavaClassProcessor - Processing class 'org/springframework/core/env/Environment'
02:43:09.036 [main] DEBUG com.tngtech.archunit.core.importer.JavaClassProcessor - Processing class 'org/springframework/beans/factory/BeanFactory'
02:43:09.037 [main] DEBUG com.tngtech.archunit.core.importer.JavaClassProcessor - Processing class 'sun/util/locale/InternalLocaleBuilder$CaseInsensitiveString'
02:43:09.037 [main] DEBUG com.tngtech.archunit.core.importer.JavaClassProcessor - Processing class 'sun/util/locale/InternalLocaleBuilder$CaseInsensitiveChar'
02:43:09.037 [main] DEBUG com.tngtech.archunit.core.importer.JavaClassProcessor - Processing class 'org/springframework/core/env/PropertyResolver'
02:43:09.037 [main] DEBUG com.tngtech.archunit.core.importer.JavaClassProcessor - Processing class 'sun/util/locale/InternalLocaleBuilder'
02:43:09.038 [main] DEBUG com.tngtech.archunit.core.importer.JavaClassProcessor - Processing class 'java/io/IOException'
02:43:09.038 [main] DEBUG com.tngtech.archunit.core.importer.JavaClassProcessor - Processing class 'java/util/stream/IntStream'
02:43:09.040 [main] DEBUG com.tngtech.archunit.core.importer.JavaClassProcessor - Processing class 'java/io/ObjectStreamField'
02:43:09.040 [main] DEBUG com.tngtech.archunit.core.importer.JavaClassProcessor - Processing class 'sun/reflect/annotation/AnnotationType'
02:43:09.040 [main] DEBUG com.tngtech.archunit.core.importer.JavaClassProcessor - Processing class 'java/lang/ClassLoader'
02:43:09.041 [main] DEBUG com.tngtech.archunit.core.importer.JavaClassProcessor - Processing class 'java/lang/Class$AnnotationData'
02:43:09.041 [main] DEBUG com.tngtech.archunit.core.importer.JavaClassProcessor - Processing class 'jdk/internal/reflect/ReflectionFactory'
02:43:09.041 [main] DEBUG com.tngtech.archunit.core.importer.JavaClassProcessor - Processing class 'java/lang/ClassValue$ClassValueMap'
02:43:09.041 [main] DEBUG com.tngtech.archunit.core.importer.JavaClassProcessor - Processing class 'java/security/ProtectionDomain'
02:43:09.041 [main] DEBUG com.tngtech.archunit.core.importer.JavaClassProcessor - Processing class 'java/lang/ref/SoftReference'
02:43:09.042 [main] DEBUG com.tngtech.archunit.core.importer.JavaClassProcessor - Processing class 'sun/reflect/generics/repository/ClassRepository'
02:43:09.042 [main] DEBUG com.tngtech.archunit.core.importer.JavaClassProcessor - Processing class 'java/lang/Module'
02:43:09.042 [main] DEBUG com.tngtech.archunit.core.importer.JavaClassProcessor - Processing class 'java/lang/reflect/Constructor'
02:43:09.043 [main] DEBUG com.tngtech.archunit.core.importer.JavaClassProcessor - Processing class 'java/lang/NoSuchMethodException'
02:43:09.043 [main] DEBUG com.tngtech.archunit.core.importer.JavaClassProcessor - Processing class 'java/lang/Package'
02:43:09.043 [main] DEBUG com.tngtech.archunit.core.importer.JavaClassProcessor - Processing class 'java/lang/SecurityException'
02:43:09.043 [main] DEBUG com.tngtech.archunit.core.importer.JavaClassProcessor - Processing class 'java/lang/ClassNotFoundException'
02:43:09.043 [main] DEBUG com.tngtech.archunit.core.importer.JavaClassProcessor - Processing class 'java/net/URL'
02:43:09.044 [main] DEBUG com.tngtech.archunit.core.importer.JavaClassProcessor - Processing class 'java/lang/reflect/AnnotatedType'
02:43:09.044 [main] DEBUG com.tngtech.archunit.core.importer.JavaClassProcessor - Processing class 'java/lang/reflect/TypeVariable'
02:43:09.044 [main] DEBUG com.tngtech.archunit.core.importer.JavaClassProcessor - Processing class 'java/lang/InstantiationException'
02:43:09.044 [main] DEBUG com.tngtech.archunit.core.importer.JavaClassProcessor - Processing class 'java/lang/IllegalAccessException'
02:43:09.044 [main] DEBUG com.tngtech.archunit.core.importer.JavaClassProcessor - Processing class 'java/lang/SecurityManager'
02:43:09.045 [main] DEBUG com.tngtech.archunit.core.importer.JavaClassProcessor - Processing class 'java/lang/NoSuchFieldException'
02:43:09.045 [main] DEBUG com.tngtech.archunit.core.importer.JavaClassProcessor - Processing class 'java/lang/PublicMethods$MethodList'
02:43:09.045 [main] DEBUG com.tngtech.archunit.core.importer.JavaClassProcessor - Processing class 'sun/reflect/generics/factory/GenericsFactory'
02:43:09.046 [main] DEBUG com.tngtech.archunit.core.importer.JavaClassProcessor - Processing class 'jdk/internal/reflect/ConstantPool'
02:43:09.046 [main] DEBUG com.tngtech.archunit.core.importer.JavaClassProcessor - Processing class 'java/io/InputStream'
02:43:09.046 [main] DEBUG com.tngtech.archunit.core.importer.JavaClassProcessor - Processing class 'java/lang/Class$EnclosingMethodInfo'
02:43:09.046 [main] DEBUG com.tngtech.archunit.core.importer.JavaClassProcessor - Processing class 'java/io/ObjectInputStream'
02:43:09.047 [main] DEBUG com.tngtech.archunit.core.importer.JavaClassProcessor - Processing class 'java/lang/CloneNotSupportedException'
02:43:09.047 [main] DEBUG com.tngtech.archunit.core.importer.JavaClassProcessor - Processing class 'java/io/ObjectStreamException'
02:43:09.047 [main] DEBUG com.tngtech.archunit.core.importer.JavaClassProcessor - Processing class 'java/util/Iterator'
02:43:09.047 [main] DEBUG com.tngtech.archunit.core.importer.JavaClassProcessor - Processing class 'java/util/Spliterator'
02:43:09.047 [main] DEBUG com.tngtech.archunit.core.importer.JavaClassProcessor - Processing class 'java/util/function/Consumer'
02:43:09.047 [main] DEBUG com.tngtech.archunit.core.importer.JavaClassProcessor - Processing class 'java/lang/NumberFormatException'
02:43:09.048 [main] DEBUG com.tngtech.archunit.core.importer.JavaClassProcessor - Processing class 'java/math/BigInteger'
02:43:09.049 [main] DEBUG com.tngtech.archunit.core.importer.JavaClassProcessor - Processing class 'java/lang/InterruptedException'
02:43:09.049 [main] DEBUG com.tngtech.archunit.core.importer.JavaClassProcessor - Processing class 'java/util/Comparator'
02:43:09.050 [main] DEBUG com.tngtech.archunit.core.importer.JavaClassProcessor - Processing class 'java/util/stream/Stream'
02:43:09.050 [main] DEBUG com.tngtech.archunit.core.importer.JavaClassProcessor - Processing class 'java/lang/StringBuffer'
02:43:09.050 [main] DEBUG com.tngtech.archunit.core.importer.JavaClassProcessor - Processing class 'java/lang/AbstractStringBuilder'
02:43:09.051 [main] DEBUG com.tngtech.archunit.core.importer.JavaClassProcessor - Processing class 'java/io/UnsupportedEncodingException'
02:43:09.051 [main] DEBUG com.tngtech.archunit.core.importer.JavaClassProcessor - Processing class 'java/lang/StringBuilder'
02:43:09.052 [main] DEBUG com.tngtech.archunit.core.importer.JavaClassProcessor - Processing class 'java/util/concurrent/atomic/AtomicInteger'
02:43:09.052 [main] DEBUG com.tngtech.archunit.core.importer.JavaClassProcessor - Processing class 'java/lang/Thread'
02:43:09.052 [main] DEBUG com.tngtech.archunit.core.importer.JavaClassProcessor - Processing class 'java/util/function/Supplier'
02:43:09.052 [main] DEBUG com.tngtech.archunit.core.importer.JavaClassProcessor - Processing class 'java/lang/ThreadLocal$ThreadLocalMap'
02:43:09.053 [main] DEBUG com.tngtech.archunit.core.importer.JavaClassProcessor - Processing class 'java/lang/StackTraceElement'
02:43:09.053 [main] DEBUG com.tngtech.archunit.core.importer.JavaClassProcessor - Processing class 'java/lang/Throwable$PrintStreamOrWriter'
02:43:09.053 [main] DEBUG com.tngtech.archunit.core.importer.JavaClassProcessor - Processing class 'java/util/Set'
02:43:09.053 [main] DEBUG com.tngtech.archunit.core.importer.JavaClassProcessor - Processing class 'java/io/PrintWriter'
02:43:09.053 [main] DEBUG com.tngtech.archunit.core.importer.JavaClassProcessor - Processing class 'java/io/ObjectOutputStream'
02:43:09.054 [main] DEBUG com.tngtech.archunit.core.importer.JavaClassProcessor - Processing class 'java/io/PrintStream'
02:43:09.055 [main] DEBUG com.tngtech.archunit.core.importer.JavaClassProcessor - Processing class 'java/lang/reflect/Parameter'
02:43:09.055 [main] DEBUG com.tngtech.archunit.core.importer.JavaClassProcessor - Processing class 'sun/reflect/generics/repository/ConstructorRepository'
02:43:09.056 [main] DEBUG com.tngtech.archunit.core.importer.JavaClassProcessor - Processing class 'jdk/internal/reflect/FieldAccessor'
02:43:09.056 [main] DEBUG com.tngtech.archunit.core.importer.JavaClassProcessor - Processing class 'sun/reflect/generics/repository/FieldRepository'
02:43:09.056 [main] DEBUG com.tngtech.archunit.core.importer.JavaClassProcessor - Processing class 'java/lang/IllegalArgumentException'
02:43:09.056 [main] DEBUG com.tngtech.archunit.core.importer.JavaClassProcessor - Processing class 'jdk/internal/reflect/MethodAccessor'
02:43:09.056 [main] DEBUG com.tngtech.archunit.core.importer.JavaClassProcessor - Processing class 'sun/reflect/generics/repository/MethodRepository'
02:43:09.057 [main] DEBUG com.tngtech.archunit.core.importer.JavaClassProcessor - Processing class 'java/lang/reflect/InvocationTargetException'
02:43:09.057 [main] DEBUG com.tngtech.archunit.core.importer.JavaClassProcessor - Processing class 'java/nio/ByteBuffer'
02:43:09.057 [main] DEBUG com.tngtech.archunit.core.importer.JavaClassProcessor - Processing class 'java/util/SortedMap'
02:43:09.057 [main] DEBUG com.tngtech.archunit.core.importer.JavaClassProcessor - Processing class 'java/nio/charset/CharsetDecoder'
02:43:09.057 [main] DEBUG com.tngtech.archunit.core.importer.JavaClassProcessor - Processing class 'java/nio/CharBuffer'
02:43:09.057 [main] DEBUG com.tngtech.archunit.core.importer.JavaClassProcessor - Processing class 'java/nio/charset/CharsetEncoder'
02:43:09.058 [main] DEBUG com.tngtech.archunit.core.importer.JavaClassProcessor - Processing class 'java/util/function/IntFunction'
02:43:09.058 [main] DEBUG com.tngtech.archunit.core.importer.JavaClassProcessor - Processing class 'java/util/function/Predicate'
02:43:09.058 [main] DEBUG com.tngtech.archunit.core.importer.JavaClassProcessor - Processing class 'java/util/ListIterator'
02:43:09.058 [main] DEBUG com.tngtech.archunit.core.importer.JavaClassProcessor - Processing class 'java/util/function/UnaryOperator'
02:43:09.058 [main] DEBUG com.tngtech.archunit.core.importer.JavaClassProcessor - Processing class 'sun/util/locale/BaseLocale'
02:43:09.059 [main] DEBUG com.tngtech.archunit.core.importer.JavaClassProcessor - Processing class 'java/util/Locale$Cache'
02:43:09.059 [main] DEBUG com.tngtech.archunit.core.importer.JavaClassProcessor - Processing class 'java/util/MissingResourceException'
02:43:09.059 [main] DEBUG com.tngtech.archunit.core.importer.JavaClassProcessor - Processing class 'sun/util/locale/provider/LocaleResources'
02:43:09.059 [main] DEBUG com.tngtech.archunit.core.importer.JavaClassProcessor - Processing class 'java/util/Locale$Category'
02:43:09.059 [main] DEBUG com.tngtech.archunit.core.importer.JavaClassProcessor - Processing class 'java/util/Locale$FilteringMode'
02:43:09.059 [main] DEBUG com.tngtech.archunit.core.importer.JavaClassProcessor - Processing class 'java/util/Locale$IsoCountryCode'
02:43:09.060 [main] DEBUG com.tngtech.archunit.core.importer.JavaClassProcessor - Processing class 'java/util/function/BiFunction'
02:43:09.060 [main] DEBUG com.tngtech.archunit.core.importer.JavaClassProcessor - Processing class 'java/util/function/BiConsumer'
02:43:09.060 [main] DEBUG com.tngtech.archunit.core.importer.JavaClassProcessor - Processing class 'java/util/function/Function'
02:43:09.061 [main] DEBUG com.tngtech.archunit.core.importer.JavaClassProcessor - Processing class 'java/lang/invoke/SerializedLambda'
02:43:09.061 [main] DEBUG com.tngtech.archunit.core.importer.JavaClassProcessor - Processing class 'java/lang/Runnable'
02:43:09.062 [main] DEBUG com.tngtech.archunit.core.importer.JavaClassProcessor - Processing class 'org/springframework/beans/factory/ObjectProvider'
02:43:09.062 [main] DEBUG com.tngtech.archunit.core.importer.JavaClassProcessor - Processing class 'org/springframework/core/ResolvableType'
02:43:09.063 [main] DEBUG com.tngtech.archunit.core.importer.JavaClassProcessor - Processing class 'org/springframework/beans/BeansException'
02:43:09.063 [main] DEBUG com.tngtech.archunit.core.importer.JavaClassProcessor - Processing class 'org/springframework/beans/factory/NoSuchBeanDefinitionException'
02:43:09.064 [main] DEBUG com.tngtech.archunit.core.importer.JavaClassProcessor - Processing class 'org/springframework/beans/factory/config/BeanDefinition'
02:43:09.064 [main] DEBUG com.tngtech.archunit.core.importer.JavaClassProcessor - Processing class 'org/springframework/beans/factory/support/BeanDefinitionRegistry'
02:43:09.064 [main] DEBUG com.tngtech.archunit.core.importer.JavaClassProcessor - Processing class 'org/springframework/boot/BootstrapRegistry'
02:43:09.064 [main] DEBUG com.tngtech.archunit.core.importer.JavaClassProcessor - Processing class 'org/springframework/boot/WebApplicationType'
02:43:09.064 [main] DEBUG com.tngtech.archunit.core.importer.JavaClassProcessor - Processing class 'org/apache/commons/logging/Log'
02:43:09.065 [main] DEBUG com.tngtech.archunit.core.importer.JavaClassProcessor - Processing class 'org/springframework/boot/SpringApplicationShutdownHook'
02:43:09.065 [main] DEBUG com.tngtech.archunit.core.importer.JavaClassProcessor - Processing class 'org/springframework/boot/Banner'
02:43:09.065 [main] DEBUG com.tngtech.archunit.core.importer.JavaClassProcessor - Processing class 'org/springframework/core/metrics/ApplicationStartup'
02:43:09.065 [main] DEBUG com.tngtech.archunit.core.importer.JavaClassProcessor - Processing class 'org/springframework/boot/Banner$Mode'
02:43:09.065 [main] DEBUG com.tngtech.archunit.core.importer.JavaClassProcessor - Processing class 'org/springframework/boot/ApplicationContextFactory'
02:43:09.066 [main] DEBUG com.tngtech.archunit.core.importer.JavaClassProcessor - Processing class 'org/springframework/boot/ApplicationArguments'
02:43:09.066 [main] DEBUG com.tngtech.archunit.core.importer.JavaClassProcessor - Processing class 'org/springframework/boot/SpringBootExceptionHandler'
02:43:09.066 [main] DEBUG com.tngtech.archunit.core.importer.JavaClassProcessor - Processing class 'java/util/Properties'
02:43:09.067 [main] DEBUG com.tngtech.archunit.core.importer.JavaClassProcessor - Processing class 'org/springframework/boot/DefaultBootstrapContext'
02:43:09.067 [main] DEBUG com.tngtech.archunit.core.importer.JavaClassProcessor - Processing class 'org/springframework/boot/Bootstrapper'
02:43:09.067 [main] DEBUG com.tngtech.archunit.core.importer.JavaClassProcessor - Processing class 'org/springframework/boot/ExitCodeGenerator'
02:43:09.068 [main] DEBUG com.tngtech.archunit.core.importer.JavaClassProcessor - Processing class 'org/springframework/boot/SpringApplicationRunListeners'
02:43:09.068 [main] DEBUG com.tngtech.archunit.core.importer.JavaClassProcessor - Processing class 'org/springframework/boot/BeanDefinitionLoader'
02:43:09.069 [main] DEBUG com.tngtech.archunit.core.importer.JavaClassProcessor - Processing class 'org/springframework/boot/CommandLineRunner'
02:43:09.069 [main] DEBUG com.tngtech.archunit.core.importer.JavaClassProcessor - Processing class 'org/springframework/boot/SpringApplicationShutdownHandlers'
02:43:09.069 [main] DEBUG com.tngtech.archunit.core.importer.JavaClassProcessor - Processing class 'org/springframework/boot/ApplicationRunner'
02:43:09.069 [main] DEBUG com.tngtech.archunit.core.importer.JavaClassProcessor - Processing class 'org/springframework/core/type/classreading/MetadataReader'
02:43:09.070 [main] DEBUG com.tngtech.archunit.core.importer.JavaClassProcessor - Processing class 'org/springframework/core/type/classreading/MetadataReaderFactory'
02:43:09.070 [main] DEBUG com.tngtech.archunit.core.importer.JavaClassProcessor - Processing class 'org/springframework/boot/autoconfigure/AutoConfigurationMetadata'
02:43:09.070 [main] DEBUG com.tngtech.archunit.core.importer.JavaClassProcessor - Processing class 'org/springframework/boot/autoconfigure/AutoConfigurationImportEvent'
02:43:09.070 [main] DEBUG com.tngtech.archunit.core.importer.JavaClassProcessor - Processing class 'org/springframework/beans/factory/config/ConfigurableListableBeanFactory'
02:43:09.071 [main] DEBUG com.tngtech.archunit.core.importer.JavaClassProcessor - Processing class 'org/springframework/boot/autoconfigure/AutoConfigurationImportSelector$AutoConfigurationEntry'
02:43:09.071 [main] DEBUG com.tngtech.archunit.core.importer.JavaClassProcessor - Processing class 'org/springframework/boot/autoconfigure/AutoConfigurationImportSelector$ConfigurationClassFilter'
02:43:09.071 [main] DEBUG com.tngtech.archunit.core.importer.JavaClassProcessor - Processing class 'org/springframework/core/annotation/AnnotationAttributes'
02:43:09.072 [main] DEBUG com.tngtech.archunit.core.importer.JavaClassProcessor - Processing class 'org/springframework/core/type/AnnotationMetadata'
02:43:09.072 [main] DEBUG com.tngtech.archunit.core.importer.JavaClassProcessor - Processing class 'org/springframework/beans/factory/config/AutowireCapableBeanFactory'
02:43:09.073 [main] DEBUG com.tngtech.archunit.core.importer.JavaClassProcessor - Processing class 'java/lang/IllegalStateException'
02:43:09.073 [main] DEBUG com.tngtech.archunit.core.importer.JavaClassProcessor - Processing class 'java/time/Clock'
02:43:09.073 [main] DEBUG com.tngtech.archunit.core.importer.JavaClassProcessor - Processing class 'org/springframework/core/io/ProtocolResolver'
02:43:09.073 [main] DEBUG com.tngtech.archunit.core.importer.JavaClassProcessor - Processing class 'org/springframework/beans/factory/config/BeanFactoryPostProcessor'
02:43:09.074 [main] DEBUG com.tngtech.archunit.core.importer.JavaClassProcessor - Processing class 'org/springframework/context/MessageSourceResolvable'
02:43:09.074 [main] DEBUG com.tngtech.archunit.core.importer.JavaClassProcessor - Processing class 'org/springframework/context/NoSuchMessageException'
02:43:09.074 [main] DEBUG com.tngtech.archunit.core.importer.JavaClassProcessor - Processing class 'org/springframework/context/annotation/ScopeMetadata'
02:43:09.076 [main] DEBUG com.tngtech.archunit.core.importer.JavaClassProcessor - Processing class 'org/springframework/core/env/MutablePropertySources'
02:43:09.076 [main] DEBUG com.tngtech.archunit.core.importer.JavaClassProcessor - Processing class 'org/springframework/core/env/Profiles'
02:43:09.076 [main] DEBUG com.tngtech.archunit.core.importer.JavaClassProcessor - Processing class 'org/springframework/core/convert/support/ConfigurableConversionService'
02:43:09.077 [main] DEBUG com.tngtech.archunit.core.importer.JavaClassProcessor - Processing class 'org/springframework/core/env/MissingRequiredPropertiesException'
02:43:09.077 [main] DEBUG com.tngtech.archunit.core.importer.JavaClassProcessor - Processing class 'org/springframework/core/io/Resource'
02:43:09.078 [main] DEBUG com.tngtech.archunit.core.importer.JavaClassProcessor - Processing class 'org/springframework/data/domain/Example'
02:43:09.078 [main] DEBUG com.tngtech.archunit.core.importer.JavaClassProcessor - Processing class 'org/springframework/data/domain/Sort'
02:43:09.079 [main] DEBUG com.tngtech.archunit.core.importer.JavaClassProcessor - Processing class 'org/springframework/data/domain/Page'
02:43:09.079 [main] DEBUG com.tngtech.archunit.core.importer.JavaClassProcessor - Processing class 'org/springframework/data/domain/Pageable'
02:43:09.079 [main] DEBUG com.tngtech.archunit.core.importer.JavaClassProcessor - Processing class 'java/time/ZoneId'
02:43:09.080 [main] DEBUG com.tngtech.archunit.core.importer.JavaClassProcessor - Processing class 'java/util/regex/Pattern'
02:43:09.081 [main] DEBUG com.tngtech.archunit.core.importer.JavaClassProcessor - Processing class 'java/text/DecimalFormatSymbols'
02:43:09.081 [main] DEBUG com.tngtech.archunit.core.importer.JavaClassProcessor - Processing class 'java/time/format/DateTimeFormatter'
02:43:09.081 [main] DEBUG com.tngtech.archunit.core.importer.JavaClassProcessor - Processing class 'java/time/Instant'
02:43:09.082 [main] DEBUG com.tngtech.archunit.core.importer.JavaClassProcessor - Processing class 'org/springframework/http/ContentDisposition'
02:43:09.083 [main] DEBUG com.tngtech.archunit.core.importer.JavaClassProcessor - Processing class 'org/springframework/http/CacheControl'
02:43:09.083 [main] DEBUG com.tngtech.archunit.core.importer.JavaClassProcessor - Processing class 'java/time/ZonedDateTime'
02:43:09.083 [main] DEBUG com.tngtech.archunit.core.importer.JavaClassProcessor - Processing class 'java/net/InetSocketAddress'
02:43:09.084 [main] DEBUG com.tngtech.archunit.core.importer.JavaClassProcessor - Processing class 'java/time/Duration'
02:43:09.084 [main] DEBUG com.tngtech.archunit.core.importer.JavaClassProcessor - Processing class 'java/net/URI'
02:43:09.086 [main] DEBUG com.tngtech.archunit.core.importer.JavaClassProcessor - Processing class 'org/springframework/http/HttpStatus'
02:43:09.087 [main] DEBUG com.tngtech.archunit.core.importer.JavaClassProcessor - Processing class 'org/springframework/http/ResponseEntity$1'
02:43:09.088 [main] DEBUG com.tngtech.archunit.core.importer.JavaClassProcessor - Processing class 'java/util/BitSet'
02:43:09.090 [main] DEBUG com.tngtech.archunit.core.importer.JavaClassProcessor - Processing class 'sun/util/locale/LocaleSyntaxException'
02:43:09.090 [main] DEBUG com.tngtech.archunit.core.importer.JavaClassProcessor - Processing class 'sun/util/locale/LanguageTag'
]]></system-out>
  </testcase>
  <testcase name="repositoryShouldBeInterfaces" classname="archtests.SongArchitectureTests" time="0.099">
    <system-out><![CDATA[02:43:09.122 [main] DEBUG com.tngtech.archunit.core.importer.UrlSource$From - Found URLs on sun.boot.class.path: []
02:43:09.125 [main] DEBUG com.tngtech.archunit.core.importer.UrlSource$From - Found URLs on java.class.path: [file:/M:/Lab/song-manager/target/test-classes/, file:/M:/Lab/song-manager/target/classes/, jar:file:/C:/Users/User/.m2/repository/org/springframework/boot/spring-boot-starter-web/2.5.4/spring-boot-starter-web-2.5.4.jar!/, jar:file:/C:/Users/User/.m2/repository/org/springframework/boot/spring-boot-starter/2.5.4/spring-boot-starter-2.5.4.jar!/, jar:file:/C:/Users/User/.m2/repository/org/springframework/boot/spring-boot/2.5.4/spring-boot-2.5.4.jar!/, jar:file:/C:/Users/User/.m2/repository/org/springframework/boot/spring-boot-autoconfigure/2.5.4/spring-boot-autoconfigure-2.5.4.jar!/, jar:file:/C:/Users/User/.m2/repository/org/springframework/boot/spring-boot-starter-logging/2.5.4/spring-boot-starter-logging-2.5.4.jar!/, jar:file:/C:/Users/User/.m2/repository/ch/qos/logback/logback-classic/1.2.5/logback-classic-1.2.5.jar!/, jar:file:/C:/Users/User/.m2/repository/ch/qos/logback/logback-core/1.2.5/logback-core-1.2.5.jar!/, jar:file:/C:/Users/User/.m2/repository/org/apache/logging/log4j/log4j-to-slf4j/2.14.1/log4j-to-slf4j-2.14.1.jar!/, jar:file:/C:/Users/User/.m2/repository/org/apache/logging/log4j/log4j-api/2.14.1/log4j-api-2.14.1.jar!/, jar:file:/C:/Users/User/.m2/repository/org/slf4j/jul-to-slf4j/1.7.32/jul-to-slf4j-1.7.32.jar!/, jar:file:/C:/Users/User/.m2/repository/jakarta/annotation/jakarta.annotation-api/1.3.5/jakarta.annotation-api-1.3.5.jar!/, jar:file:/C:/Users/User/.m2/repository/org/yaml/snakeyaml/1.28/snakeyaml-1.28.jar!/, jar:file:/C:/Users/User/.m2/repository/org/springframework/boot/spring-boot-starter-json/2.5.4/spring-boot-starter-json-2.5.4.jar!/, jar:file:/C:/Users/User/.m2/repository/com/fasterxml/jackson/core/jackson-databind/2.12.4/jackson-databind-2.12.4.jar!/, jar:file:/C:/Users/User/.m2/repository/com/fasterxml/jackson/core/jackson-annotations/2.12.4/jackson-annotations-2.12.4.jar!/, jar:file:/C:/Users/User/.m2/repository/com/fasterxml/jackson/core/jackson-core/2.12.4/jackson-core-2.12.4.jar!/, jar:file:/C:/Users/User/.m2/repository/com/fasterxml/jackson/datatype/jackson-datatype-jdk8/2.12.4/jackson-datatype-jdk8-2.12.4.jar!/, jar:file:/C:/Users/User/.m2/repository/com/fasterxml/jackson/datatype/jackson-datatype-jsr310/2.12.4/jackson-datatype-jsr310-2.12.4.jar!/, jar:file:/C:/Users/User/.m2/repository/com/fasterxml/jackson/module/jackson-module-parameter-names/2.12.4/jackson-module-parameter-names-2.12.4.jar!/, jar:file:/C:/Users/User/.m2/repository/org/springframework/boot/spring-boot-starter-tomcat/2.5.4/spring-boot-starter-tomcat-2.5.4.jar!/, jar:file:/C:/Users/User/.m2/repository/org/apache/tomcat/embed/tomcat-embed-core/9.0.52/tomcat-embed-core-9.0.52.jar!/, jar:file:/C:/Users/User/.m2/repository/org/apache/tomcat/embed/tomcat-embed-el/9.0.52/tomcat-embed-el-9.0.52.jar!/, jar:file:/C:/Users/User/.m2/repository/org/apache/tomcat/embed/tomcat-embed-websocket/9.0.52/tomcat-embed-websocket-9.0.52.jar!/, jar:file:/C:/Users/User/.m2/repository/org/springframework/spring-web/5.3.9/spring-web-5.3.9.jar!/, jar:file:/C:/Users/User/.m2/repository/org/springframework/spring-beans/5.3.9/spring-beans-5.3.9.jar!/, jar:file:/C:/Users/User/.m2/repository/org/springframework/spring-webmvc/5.3.9/spring-webmvc-5.3.9.jar!/, jar:file:/C:/Users/User/.m2/repository/org/springframework/spring-aop/5.3.9/spring-aop-5.3.9.jar!/, jar:file:/C:/Users/User/.m2/repository/org/springframework/spring-context/5.3.9/spring-context-5.3.9.jar!/, jar:file:/C:/Users/User/.m2/repository/org/springframework/spring-expression/5.3.9/spring-expression-5.3.9.jar!/, jar:file:/C:/Users/User/.m2/repository/org/springframework/boot/spring-boot-starter-data-jpa/2.5.4/spring-boot-starter-data-jpa-2.5.4.jar!/, jar:file:/C:/Users/User/.m2/repository/org/springframework/boot/spring-boot-starter-aop/2.5.4/spring-boot-starter-aop-2.5.4.jar!/, jar:file:/C:/Users/User/.m2/repository/org/aspectj/aspectjweaver/1.9.7/aspectjweaver-1.9.7.jar!/, jar:file:/C:/Users/User/.m2/repository/org/springframework/boot/spring-boot-starter-jdbc/2.5.4/spring-boot-starter-jdbc-2.5.4.jar!/, jar:file:/C:/Users/User/.m2/repository/com/zaxxer/HikariCP/4.0.3/HikariCP-4.0.3.jar!/, jar:file:/C:/Users/User/.m2/repository/org/springframework/spring-jdbc/5.3.9/spring-jdbc-5.3.9.jar!/, jar:file:/C:/Users/User/.m2/repository/jakarta/transaction/jakarta.transaction-api/1.3.3/jakarta.transaction-api-1.3.3.jar!/, jar:file:/C:/Users/User/.m2/repository/jakarta/persistence/jakarta.persistence-api/2.2.3/jakarta.persistence-api-2.2.3.jar!/, jar:file:/C:/Users/User/.m2/repository/org/hibernate/hibernate-core/5.4.32.Final/hibernate-core-5.4.32.Final.jar!/, jar:file:/C:/Users/User/.m2/repository/org/jboss/logging/jboss-logging/3.4.2.Final/jboss-logging-3.4.2.Final.jar!/, jar:file:/C:/Users/User/.m2/repository/org/javassist/javassist/3.27.0-GA/javassist-3.27.0-GA.jar!/, jar:file:/C:/Users/User/.m2/repository/net/bytebuddy/byte-buddy/1.10.22/byte-buddy-1.10.22.jar!/, jar:file:/C:/Users/User/.m2/repository/antlr/antlr/2.7.7/antlr-2.7.7.jar!/, jar:file:/C:/Users/User/.m2/repository/org/jboss/jandex/2.2.3.Final/jandex-2.2.3.Final.jar!/, jar:file:/C:/Users/User/.m2/repository/com/fasterxml/classmate/1.5.1/classmate-1.5.1.jar!/, jar:file:/C:/Users/User/.m2/repository/org/dom4j/dom4j/2.1.3/dom4j-2.1.3.jar!/, jar:file:/C:/Users/User/.m2/repository/org/hibernate/common/hibernate-commons-annotations/5.1.2.Final/hibernate-commons-annotations-5.1.2.Final.jar!/, jar:file:/C:/Users/User/.m2/repository/org/glassfish/jaxb/jaxb-runtime/2.3.5/jaxb-runtime-2.3.5.jar!/, jar:file:/C:/Users/User/.m2/repository/org/glassfish/jaxb/txw2/2.3.5/txw2-2.3.5.jar!/, jar:file:/C:/Users/User/.m2/repository/com/sun/istack/istack-commons-runtime/3.0.12/istack-commons-runtime-3.0.12.jar!/, jar:file:/C:/Users/User/.m2/repository/com/sun/activation/jakarta.activation/1.2.2/jakarta.activation-1.2.2.jar!/, jar:file:/C:/Users/User/.m2/repository/org/springframework/data/spring-data-jpa/2.5.4/spring-data-jpa-2.5.4.jar!/, jar:file:/C:/Users/User/.m2/repository/org/springframework/data/spring-data-commons/2.5.4/spring-data-commons-2.5.4.jar!/, jar:file:/C:/Users/User/.m2/repository/org/springframework/spring-orm/5.3.9/spring-orm-5.3.9.jar!/, jar:file:/C:/Users/User/.m2/repository/org/springframework/spring-tx/5.3.9/spring-tx-5.3.9.jar!/, jar:file:/C:/Users/User/.m2/repository/org/springframework/spring-aspects/5.3.9/spring-aspects-5.3.9.jar!/, jar:file:/C:/Users/User/.m2/repository/com/h2database/h2/1.4.200/h2-1.4.200.jar!/, jar:file:/C:/Users/User/.m2/repository/javax/persistence/javax.persistence-api/2.2/javax.persistence-api-2.2.jar!/, jar:file:/C:/Users/User/.m2/repository/org/springframework/boot/spring-boot-starter-test/2.5.4/spring-boot-starter-test-2.5.4.jar!/, jar:file:/C:/Users/User/.m2/repository/org/springframework/boot/spring-boot-test/2.5.4/spring-boot-test-2.5.4.jar!/, jar:file:/C:/Users/User/.m2/repository/org/springframework/boot/spring-boot-test-autoconfigure/2.5.4/spring-boot-test-autoconfigure-2.5.4.jar!/, jar:file:/C:/Users/User/.m2/repository/com/jayway/jsonpath/json-path/2.5.0/json-path-2.5.0.jar!/, jar:file:/C:/Users/User/.m2/repository/net/minidev/json-smart/2.4.7/json-smart-2.4.7.jar!/, jar:file:/C:/Users/User/.m2/repository/net/minidev/accessors-smart/2.4.7/accessors-smart-2.4.7.jar!/, jar:file:/C:/Users/User/.m2/repository/org/ow2/asm/asm/9.1/asm-9.1.jar!/, jar:file:/C:/Users/User/.m2/repository/jakarta/xml/bind/jakarta.xml.bind-api/2.3.3/jakarta.xml.bind-api-2.3.3.jar!/, jar:file:/C:/Users/User/.m2/repository/jakarta/activation/jakarta.activation-api/1.2.2/jakarta.activation-api-1.2.2.jar!/, jar:file:/C:/Users/User/.m2/repository/org/assertj/assertj-core/3.19.0/assertj-core-3.19.0.jar!/, jar:file:/C:/Users/User/.m2/repository/org/hamcrest/hamcrest/2.2/hamcrest-2.2.jar!/, jar:file:/C:/Users/User/.m2/repository/org/junit/jupiter/junit-jupiter/5.7.2/junit-jupiter-5.7.2.jar!/, jar:file:/C:/Users/User/.m2/repository/org/junit/jupiter/junit-jupiter-api/5.7.2/junit-jupiter-api-5.7.2.jar!/, jar:file:/C:/Users/User/.m2/repository/org/apiguardian/apiguardian-api/1.1.0/apiguardian-api-1.1.0.jar!/, jar:file:/C:/Users/User/.m2/repository/org/opentest4j/opentest4j/1.2.0/opentest4j-1.2.0.jar!/, jar:file:/C:/Users/User/.m2/repository/org/junit/platform/junit-platform-commons/1.7.2/junit-platform-commons-1.7.2.jar!/, jar:file:/C:/Users/User/.m2/repository/org/junit/jupiter/junit-jupiter-params/5.7.2/junit-jupiter-params-5.7.2.jar!/, jar:file:/C:/Users/User/.m2/repository/org/junit/jupiter/junit-jupiter-engine/5.7.2/junit-jupiter-engine-5.7.2.jar!/, jar:file:/C:/Users/User/.m2/repository/org/junit/platform/junit-platform-engine/1.7.2/junit-platform-engine-1.7.2.jar!/, jar:file:/C:/Users/User/.m2/repository/org/mockito/mockito-core/3.9.0/mockito-core-3.9.0.jar!/, jar:file:/C:/Users/User/.m2/repository/net/bytebuddy/byte-buddy-agent/1.10.22/byte-buddy-agent-1.10.22.jar!/, jar:file:/C:/Users/User/.m2/repository/org/objenesis/objenesis/3.2/objenesis-3.2.jar!/, jar:file:/C:/Users/User/.m2/repository/org/mockito/mockito-junit-jupiter/3.9.0/mockito-junit-jupiter-3.9.0.jar!/, jar:file:/C:/Users/User/.m2/repository/org/skyscreamer/jsonassert/1.5.0/jsonassert-1.5.0.jar!/, jar:file:/C:/Users/User/.m2/repository/com/vaadin/external/google/android-json/0.0.20131108.vaadin1/android-json-0.0.20131108.vaadin1.jar!/, jar:file:/C:/Users/User/.m2/repository/org/springframework/spring-core/5.3.9/spring-core-5.3.9.jar!/, jar:file:/C:/Users/User/.m2/repository/org/springframework/spring-jcl/5.3.9/spring-jcl-5.3.9.jar!/, jar:file:/C:/Users/User/.m2/repository/org/springframework/spring-test/5.3.9/spring-test-5.3.9.jar!/, jar:file:/C:/Users/User/.m2/repository/org/xmlunit/xmlunit-core/2.8.2/xmlunit-core-2.8.2.jar!/, jar:file:/C:/Users/User/.m2/repository/com/tngtech/archunit/archunit-junit5/1.1.0/archunit-junit5-1.1.0.jar!/, jar:file:/C:/Users/User/.m2/repository/com/tngtech/archunit/archunit-junit5-api/1.1.0/archunit-junit5-api-1.1.0.jar!/, jar:file:/C:/Users/User/.m2/repository/com/tngtech/archunit/archunit-junit5-engine/1.1.0/archunit-junit5-engine-1.1.0.jar!/, jar:file:/C:/Users/User/.m2/repository/com/tngtech/archunit/archunit-junit5-engine-api/1.1.0/archunit-junit5-engine-api-1.1.0.jar!/, jar:file:/C:/Users/User/.m2/repository/com/tngtech/archunit/archunit/1.1.0/archunit-1.1.0.jar!/, jar:file:/C:/Users/User/.m2/repository/org/slf4j/slf4j-api/1.7.32/slf4j-api-1.7.32.jar!/]
02:43:09.133 [main] DEBUG com.tngtech.archunit.core.importer.JavaClassProcessor - Processing class 'com/example/songs/SongManagerApplication'
02:43:09.134 [main] DEBUG com.tngtech.archunit.core.importer.JavaClassProcessor - Processing class 'com/example/songs/controller/SongController'
02:43:09.134 [main] DEBUG com.tngtech.archunit.core.importer.JavaClassProcessor - Processing class 'com/example/songs/model/Song'
02:43:09.135 [main] DEBUG com.tngtech.archunit.core.importer.JavaClassProcessor - Processing class 'com/example/songs/service/SongService'
02:43:09.135 [main] DEBUG com.tngtech.archunit.core.importer.JavaClassProcessor - Processing class 'com/example/songs/repository/SongRepository'
02:43:09.136 [main] DEBUG com.tngtech.archunit.core.importer.JavaClassProcessor - Processing class 'org/springframework/web/bind/annotation/PathVariable'
02:43:09.136 [main] DEBUG com.tngtech.archunit.core.importer.JavaClassProcessor - Processing class 'org/springframework/web/bind/annotation/RequestMapping'
02:43:09.136 [main] DEBUG com.tngtech.archunit.core.importer.JavaClassProcessor - Processing class 'org/springframework/http/ResponseEntity$BodyBuilder'
02:43:09.136 [main] DEBUG com.tngtech.archunit.core.importer.JavaClassProcessor - Processing class 'org/springframework/web/bind/annotation/RequestBody'
02:43:09.137 [main] DEBUG com.tngtech.archunit.core.importer.JavaClassProcessor - Processing class 'org/springframework/boot/SpringApplication'
02:43:09.138 [main] DEBUG com.tngtech.archunit.core.importer.JavaClassProcessor - Processing class 'org/springframework/web/bind/annotation/PutMapping'
02:43:09.138 [main] DEBUG com.tngtech.archunit.core.importer.JavaClassProcessor - Processing class 'java/lang/Long'
02:43:09.138 [main] DEBUG com.tngtech.archunit.core.importer.JavaClassProcessor - Processing class 'org/springframework/stereotype/Service'
02:43:09.138 [main] DEBUG com.tngtech.archunit.core.importer.JavaClassProcessor - Processing class 'org/springframework/web/bind/annotation/GetMapping'
02:43:09.139 [main] DEBUG com.tngtech.archunit.core.importer.JavaClassProcessor - Processing class 'java/lang/String'
02:43:09.139 [main] DEBUG com.tngtech.archunit.core.importer.JavaClassProcessor - Processing class 'org/springframework/web/bind/annotation/DeleteMapping'
02:43:09.139 [main] DEBUG com.tngtech.archunit.core.importer.JavaClassProcessor - Processing class 'javax/persistence/Id'
02:43:09.139 [main] DEBUG com.tngtech.archunit.core.importer.JavaClassProcessor - Processing class 'org/springframework/web/bind/annotation/PostMapping'
02:43:09.140 [main] DEBUG com.tngtech.archunit.core.importer.JavaClassProcessor - Processing class 'java/lang/Void'
02:43:09.140 [main] DEBUG com.tngtech.archunit.core.importer.JavaClassProcessor - Processing class 'javax/persistence/Entity'
02:43:09.140 [main] DEBUG com.tngtech.archunit.core.importer.JavaClassProcessor - Processing class 'org/springframework/boot/autoconfigure/SpringBootApplication'
02:43:09.140 [main] DEBUG com.tngtech.archunit.core.importer.JavaClassProcessor - Processing class 'java/lang/RuntimeException'
02:43:09.140 [main] DEBUG com.tngtech.archunit.core.importer.JavaClassProcessor - Processing class 'org/springframework/web/bind/annotation/RestController'
02:43:09.141 [main] DEBUG com.tngtech.archunit.core.importer.JavaClassProcessor - Processing class 'javax/persistence/GenerationType'
02:43:09.141 [main] DEBUG com.tngtech.archunit.core.importer.JavaClassProcessor - Processing class 'java/util/List'
02:43:09.141 [main] DEBUG com.tngtech.archunit.core.importer.JavaClassProcessor - Processing class 'javax/persistence/GeneratedValue'
02:43:09.141 [main] DEBUG com.tngtech.archunit.core.importer.JavaClassProcessor - Processing class 'java/util/Optional'
02:43:09.141 [main] DEBUG com.tngtech.archunit.core.importer.JavaClassProcessor - Processing class 'java/lang/Object'
02:43:09.142 [main] DEBUG com.tngtech.archunit.core.importer.JavaClassProcessor - Processing class 'org/springframework/http/ResponseEntity'
02:43:09.142 [main] DEBUG com.tngtech.archunit.core.importer.JavaClassProcessor - Processing class 'org/springframework/http/ResponseEntity$HeadersBuilder'
02:43:09.142 [main] DEBUG com.tngtech.archunit.core.importer.JavaClassProcessor - Processing class 'org/springframework/data/jpa/repository/JpaRepository'
02:43:09.142 [main] DEBUG com.tngtech.archunit.core.importer.JavaClassProcessor - Processing class 'java/lang/annotation/Inherited'
02:43:09.142 [main] DEBUG com.tngtech.archunit.core.importer.JavaClassProcessor - Processing class 'org/springframework/context/annotation/ComponentScan$Filter'
02:43:09.142 [main] DEBUG com.tngtech.archunit.core.importer.JavaClassProcessor - Processing class 'java/lang/Enum'
02:43:09.143 [main] DEBUG com.tngtech.archunit.core.importer.JavaClassProcessor - Processing class 'org/springframework/context/ConfigurableApplicationContext'
02:43:09.143 [main] DEBUG com.tngtech.archunit.core.importer.JavaClassProcessor - Processing class 'java/lang/annotation/Documented'
02:43:09.143 [main] DEBUG com.tngtech.archunit.core.importer.JavaClassProcessor - Processing class 'java/lang/CharSequence'
02:43:09.143 [main] DEBUG com.tngtech.archunit.core.importer.JavaClassProcessor - Processing class 'org/springframework/data/repository/PagingAndSortingRepository'
02:43:09.143 [main] DEBUG com.tngtech.archunit.core.importer.JavaClassProcessor - Processing class 'org/springframework/http/HttpHeaders'
02:43:09.144 [main] DEBUG com.tngtech.archunit.core.importer.JavaClassProcessor - Processing class 'java/util/Collection'
02:43:09.144 [main] DEBUG com.tngtech.archunit.core.importer.JavaClassProcessor - Processing class 'org/springframework/web/bind/annotation/RequestMethod'
02:43:09.144 [main] DEBUG com.tngtech.archunit.core.importer.JavaClassProcessor - Processing class 'org/springframework/context/ApplicationListener'
02:43:09.144 [main] DEBUG com.tngtech.archunit.core.importer.JavaClassProcessor - Processing class 'java/lang/Exception'
02:43:09.144 [main] DEBUG com.tngtech.archunit.core.importer.JavaClassProcessor - Processing class 'java/io/Serializable'
02:43:09.145 [main] DEBUG com.tngtech.archunit.core.importer.JavaClassProcessor - Processing class 'org/springframework/context/annotation/Configuration'
02:43:09.145 [main] DEBUG com.tngtech.archunit.core.importer.JavaClassProcessor - Processing class 'org/springframework/http/HttpEntity'
02:43:09.145 [main] DEBUG com.tngtech.archunit.core.importer.JavaClassProcessor - Processing class 'org/springframework/beans/factory/support/BeanNameGenerator'
02:43:09.145 [main] DEBUG com.tngtech.archunit.core.importer.JavaClassProcessor - Processing class 'org/springframework/boot/SpringBootExceptionReporter'
02:43:09.145 [main] DEBUG com.tngtech.archunit.core.importer.JavaClassProcessor - Processing class 'java/lang/annotation/Annotation'
02:43:09.145 [main] DEBUG com.tngtech.archunit.core.importer.JavaClassProcessor - Processing class 'java/lang/Throwable'
02:43:09.145 [main] DEBUG com.tngtech.archunit.core.importer.JavaClassProcessor - Processing class 'org/springframework/boot/autoconfigure/AutoConfigurationExcludeFilter'
02:43:09.145 [main] DEBUG com.tngtech.archunit.core.importer.JavaClassProcessor - Processing class 'org/springframework/stereotype/Controller'
02:43:09.146 [main] DEBUG com.tngtech.archunit.core.importer.JavaClassProcessor - Processing class 'org/springframework/boot/context/TypeExcludeFilter'
02:43:09.146 [main] DEBUG com.tngtech.archunit.core.importer.JavaClassProcessor - Processing class 'java/lang/annotation/Retention'
02:43:09.146 [main] DEBUG com.tngtech.archunit.core.importer.JavaClassProcessor - Processing class 'org/springframework/data/repository/NoRepositoryBean'
02:43:09.146 [main] DEBUG com.tngtech.archunit.core.importer.JavaClassProcessor - Processing class 'org/springframework/boot/BootstrapRegistryInitializer'
02:43:09.146 [main] DEBUG com.tngtech.archunit.core.importer.JavaClassProcessor - Processing class 'jdk/internal/HotSpotIntrinsicCandidate'
02:43:09.146 [main] DEBUG com.tngtech.archunit.core.importer.JavaClassProcessor - Processing class 'org/springframework/lang/Nullable'
02:43:09.146 [main] DEBUG com.tngtech.archunit.core.importer.JavaClassProcessor - Processing class 'java/lang/Number'
02:43:09.146 [main] DEBUG com.tngtech.archunit.core.importer.JavaClassProcessor - Processing class 'org/springframework/context/annotation/FilterType'
02:43:09.146 [main] DEBUG com.tngtech.archunit.core.importer.JavaClassProcessor - Processing class 'org/springframework/core/annotation/AliasFor'
02:43:09.147 [main] DEBUG com.tngtech.archunit.core.importer.JavaClassProcessor - Processing class 'java/lang/SafeVarargs'
02:43:09.147 [main] DEBUG com.tngtech.archunit.core.importer.JavaClassProcessor - Processing class 'jdk/internal/vm/annotation/Stable'
02:43:09.147 [main] DEBUG com.tngtech.archunit.core.importer.JavaClassProcessor - Processing class 'org/springframework/boot/autoconfigure/EnableAutoConfiguration'
02:43:09.147 [main] DEBUG com.tngtech.archunit.core.importer.JavaClassProcessor - Processing class 'java/lang/Deprecated'
02:43:09.147 [main] DEBUG com.tngtech.archunit.core.importer.JavaClassProcessor - Processing class 'java/lang/annotation/Target'
02:43:09.147 [main] DEBUG com.tngtech.archunit.core.importer.JavaClassProcessor - Processing class 'org/springframework/core/env/StandardEnvironment'
02:43:09.147 [main] DEBUG com.tngtech.archunit.core.importer.JavaClassProcessor - Processing class 'java/lang/annotation/ElementType'
02:43:09.147 [main] DEBUG com.tngtech.archunit.core.importer.JavaClassProcessor - Processing class 'org/springframework/web/bind/annotation/ResponseBody'
02:43:09.147 [main] DEBUG com.tngtech.archunit.core.importer.JavaClassProcessor - Processing class 'org/springframework/context/annotation/ComponentScan'
02:43:09.147 [main] DEBUG com.tngtech.archunit.core.importer.JavaClassProcessor - Processing class 'org/springframework/data/repository/query/QueryByExampleExecutor'
02:43:09.148 [main] DEBUG com.tngtech.archunit.core.importer.JavaClassProcessor - Processing class 'org/springframework/stereotype/Component'
02:43:09.148 [main] DEBUG com.tngtech.archunit.core.importer.JavaClassProcessor - Processing class 'org/springframework/boot/SpringBootConfiguration'
02:43:09.148 [main] DEBUG com.tngtech.archunit.core.importer.JavaClassProcessor - Processing class 'java/lang/Class'
02:43:09.149 [main] DEBUG com.tngtech.archunit.core.importer.JavaClassProcessor - Processing class 'java/lang/Comparable'
02:43:09.149 [main] DEBUG com.tngtech.archunit.core.importer.JavaClassProcessor - Processing class 'org/springframework/context/ApplicationContextInitializer'
02:43:09.149 [main] DEBUG com.tngtech.archunit.core.importer.JavaClassProcessor - Processing class 'java/lang/annotation/RetentionPolicy'
02:43:09.149 [main] DEBUG com.tngtech.archunit.core.importer.JavaClassProcessor - Processing class 'org/springframework/web/bind/annotation/Mapping'
02:43:09.149 [main] DEBUG com.tngtech.archunit.core.importer.JavaClassProcessor - Processing class 'org/springframework/core/type/filter/TypeFilter'
02:43:09.149 [main] DEBUG com.tngtech.archunit.core.importer.JavaClassProcessor - Processing class 'java/util/Locale'
02:43:09.150 [main] DEBUG com.tngtech.archunit.core.importer.JavaClassProcessor - Processing class 'java/lang/reflect/Method'
02:43:09.150 [main] DEBUG com.tngtech.archunit.core.importer.JavaClassProcessor - Processing class 'org/springframework/context/PayloadApplicationEvent'
02:43:09.150 [main] DEBUG com.tngtech.archunit.core.importer.JavaClassProcessor - Processing class 'org/springframework/boot/autoconfigure/AutoConfigurationImportSelector'
02:43:09.150 [main] DEBUG com.tngtech.archunit.core.importer.JavaClassProcessor - Processing class 'jdk/internal/vm/annotation/ForceInline'
02:43:09.151 [main] DEBUG com.tngtech.archunit.core.importer.JavaClassProcessor - Processing class 'org/springframework/http/MediaType'
02:43:09.151 [main] DEBUG com.tngtech.archunit.core.importer.JavaClassProcessor - Processing class 'java/util/Locale$LanguageRange'
02:43:09.151 [main] DEBUG com.tngtech.archunit.core.importer.JavaClassProcessor - Processing class 'java/util/EventListener'
02:43:09.151 [main] DEBUG com.tngtech.archunit.core.importer.JavaClassProcessor - Processing class 'java/lang/Class$ReflectionData'
02:43:09.151 [main] DEBUG com.tngtech.archunit.core.importer.JavaClassProcessor - Processing class 'java/lang/reflect/Type'
02:43:09.151 [main] DEBUG com.tngtech.archunit.core.importer.JavaClassProcessor - Processing class 'jdk/internal/reflect/CallerSensitive'
02:43:09.151 [main] DEBUG com.tngtech.archunit.core.importer.JavaClassProcessor - Processing class 'org/springframework/beans/factory/BeanClassLoaderAware'
02:43:09.152 [main] DEBUG com.tngtech.archunit.core.importer.JavaClassProcessor - Processing class 'org/springframework/context/annotation/AnnotationScopeMetadataResolver'
02:43:09.152 [main] DEBUG com.tngtech.archunit.core.importer.JavaClassProcessor - Processing class 'java/lang/reflect/AnnotatedElement'
02:43:09.152 [main] DEBUG com.tngtech.archunit.core.importer.JavaClassProcessor - Processing class 'org/springframework/boot/autoconfigure/AutoConfigurationPackage'
02:43:09.152 [main] DEBUG com.tngtech.archunit.core.importer.JavaClassProcessor - Processing class 'org/springframework/data/repository/CrudRepository'
02:43:09.152 [main] DEBUG com.tngtech.archunit.core.importer.JavaClassProcessor - Processing class 'java/lang/Iterable'
02:43:09.152 [main] DEBUG com.tngtech.archunit.core.importer.JavaClassProcessor - Processing class 'java/lang/FunctionalInterface'
02:43:09.152 [main] DEBUG com.tngtech.archunit.core.importer.JavaClassProcessor - Processing class 'java/nio/charset/Charset'
02:43:09.152 [main] DEBUG com.tngtech.archunit.core.importer.JavaClassProcessor - Processing class 'java/lang/annotation/Repeatable'
02:43:09.152 [main] DEBUG com.tngtech.archunit.core.importer.JavaClassProcessor - Processing class 'org/springframework/beans/factory/BeanFactoryAware'
02:43:09.153 [main] DEBUG com.tngtech.archunit.core.importer.JavaClassProcessor - Processing class 'org/springframework/context/annotation/ComponentScans'
02:43:09.153 [main] DEBUG com.tngtech.archunit.core.importer.JavaClassProcessor - Processing class 'org/springframework/stereotype/Indexed'
02:43:09.153 [main] DEBUG com.tngtech.archunit.core.importer.JavaClassProcessor - Processing class 'java/lang/reflect/GenericDeclaration'
02:43:09.153 [main] DEBUG com.tngtech.archunit.core.importer.JavaClassProcessor - Processing class 'java/util/Map$Entry'
02:43:09.153 [main] DEBUG com.tngtech.archunit.core.importer.JavaClassProcessor - Processing class 'org/springframework/http/HttpMethod'
02:43:09.153 [main] DEBUG com.tngtech.archunit.core.importer.JavaClassProcessor - Processing class 'org/springframework/context/annotation/ScopedProxyMode'
02:43:09.153 [main] DEBUG com.tngtech.archunit.core.importer.JavaClassProcessor - Processing class 'org/springframework/util/MultiValueMap'
02:43:09.154 [main] DEBUG com.tngtech.archunit.core.importer.JavaClassProcessor - Processing class 'org/springframework/context/annotation/Import'
02:43:09.154 [main] DEBUG com.tngtech.archunit.core.importer.JavaClassProcessor - Processing class 'org/springframework/http/HttpRange'
02:43:09.154 [main] DEBUG com.tngtech.archunit.core.importer.JavaClassProcessor - Processing class 'java/lang/reflect/Field'
02:43:09.155 [main] DEBUG com.tngtech.archunit.core.importer.JavaClassProcessor - Processing class 'org/springframework/context/ApplicationContext'
02:43:09.155 [main] DEBUG com.tngtech.archunit.core.importer.JavaClassProcessor - Processing class 'org/springframework/context/Lifecycle'
02:43:09.155 [main] DEBUG com.tngtech.archunit.core.importer.JavaClassProcessor - Processing class 'org/springframework/context/ApplicationEvent'
02:43:09.155 [main] DEBUG com.tngtech.archunit.core.importer.JavaClassProcessor - Processing class 'org/springframework/context/annotation/ScopeMetadataResolver'
02:43:09.155 [main] DEBUG com.tngtech.archunit.core.importer.JavaClassProcessor - Processing class 'java/io/Closeable'
02:43:09.155 [main] DEBUG com.tngtech.archunit.core.importer.JavaClassProcessor - Processing class 'org/springframework/core/env/AbstractEnvironment'
02:43:09.156 [main] DEBUG com.tngtech.archunit.core.importer.JavaClassProcessor - Processing class 'org/springframework/beans/factory/HierarchicalBeanFactory'
02:43:09.156 [main] DEBUG com.tngtech.archunit.core.importer.JavaClassProcessor - Processing class 'org/springframework/boot/autoconfigure/AutoConfigurationImportListener'
02:43:09.156 [main] DEBUG com.tngtech.archunit.core.importer.JavaClassProcessor - Processing class 'java/nio/charset/spi/CharsetProvider'
02:43:09.156 [main] DEBUG com.tngtech.archunit.core.importer.JavaClassProcessor - Processing class 'java/lang/AutoCloseable'
02:43:09.156 [main] DEBUG com.tngtech.archunit.core.importer.JavaClassProcessor - Processing class 'java/util/EventObject'
02:43:09.156 [main] DEBUG com.tngtech.archunit.core.importer.JavaClassProcessor - Processing class 'org/springframework/util/MimeType'
02:43:09.156 [main] DEBUG com.tngtech.archunit.core.importer.JavaClassProcessor - Processing class 'java/lang/Character'
02:43:09.157 [main] DEBUG com.tngtech.archunit.core.importer.JavaClassProcessor - Processing class 'org/springframework/data/repository/Repository'
02:43:09.157 [main] DEBUG com.tngtech.archunit.core.importer.JavaClassProcessor - Processing class 'java/util/Map'
02:43:09.157 [main] DEBUG com.tngtech.archunit.core.importer.JavaClassProcessor - Processing class 'org/springframework/context/ApplicationEventPublisher'
02:43:09.157 [main] DEBUG com.tngtech.archunit.core.importer.JavaClassProcessor - Processing class 'java/lang/reflect/Executable'
02:43:09.158 [main] DEBUG com.tngtech.archunit.core.importer.JavaClassProcessor - Processing class 'org/springframework/boot/autoconfigure/AutoConfigurationPackages$Registrar'
02:43:09.158 [main] DEBUG com.tngtech.archunit.core.importer.JavaClassProcessor - Processing class 'java/lang/Cloneable'
02:43:09.158 [main] DEBUG com.tngtech.archunit.core.importer.JavaClassProcessor - Processing class 'java/lang/ThreadLocal'
02:43:09.158 [main] DEBUG com.tngtech.archunit.core.importer.JavaClassProcessor - Processing class 'java/lang/reflect/Member'
02:43:09.158 [main] DEBUG com.tngtech.archunit.core.importer.JavaClassProcessor - Processing class 'sun/util/locale/LocaleExtensions'
02:43:09.158 [main] DEBUG com.tngtech.archunit.core.importer.JavaClassProcessor - Processing class 'org/springframework/beans/factory/ListableBeanFactory'
02:43:09.158 [main] DEBUG com.tngtech.archunit.core.importer.JavaClassProcessor - Processing class 'org/springframework/core/Ordered'
02:43:09.158 [main] DEBUG com.tngtech.archunit.core.importer.JavaClassProcessor - Processing class 'org/springframework/context/annotation/DeferredImportSelector'
02:43:09.159 [main] DEBUG com.tngtech.archunit.core.importer.JavaClassProcessor - Processing class 'org/springframework/beans/factory/Aware'
02:43:09.159 [main] DEBUG com.tngtech.archunit.core.importer.JavaClassProcessor - Processing class 'org/springframework/core/ResolvableTypeProvider'
02:43:09.159 [main] DEBUG com.tngtech.archunit.core.importer.JavaClassProcessor - Processing class 'org/springframework/core/io/support/ResourceRegion'
02:43:09.159 [main] DEBUG com.tngtech.archunit.core.importer.JavaClassProcessor - Processing class 'org/springframework/boot/autoconfigure/AutoConfigurationImportFilter'
02:43:09.159 [main] DEBUG com.tngtech.archunit.core.importer.JavaClassProcessor - Processing class 'org/springframework/core/env/ConfigurableEnvironment'
02:43:09.159 [main] DEBUG com.tngtech.archunit.core.importer.JavaClassProcessor - Processing class 'org/springframework/core/env/EnvironmentCapable'
02:43:09.159 [main] DEBUG com.tngtech.archunit.core.importer.JavaClassProcessor - Processing class 'org/springframework/context/MessageSource'
02:43:09.159 [main] DEBUG com.tngtech.archunit.core.importer.JavaClassProcessor - Processing class 'java/lang/reflect/AccessibleObject'
02:43:09.160 [main] DEBUG com.tngtech.archunit.core.importer.JavaClassProcessor - Processing class 'org/springframework/context/ResourceLoaderAware'
02:43:09.160 [main] DEBUG com.tngtech.archunit.core.importer.JavaClassProcessor - Processing class 'org/springframework/context/annotation/DeferredImportSelector$Group'
02:43:09.160 [main] DEBUG com.tngtech.archunit.core.importer.JavaClassProcessor - Processing class 'org/springframework/context/EnvironmentAware'
02:43:09.160 [main] DEBUG com.tngtech.archunit.core.importer.JavaClassProcessor - Processing class 'org/springframework/core/io/support/ResourcePatternResolver'
02:43:09.160 [main] DEBUG com.tngtech.archunit.core.importer.JavaClassProcessor - Processing class 'sun/util/locale/Extension'
02:43:09.160 [main] DEBUG com.tngtech.archunit.core.importer.JavaClassProcessor - Processing class 'org/springframework/core/env/ConfigurablePropertyResolver'
02:43:09.160 [main] DEBUG com.tngtech.archunit.core.importer.JavaClassProcessor - Processing class 'org/springframework/context/annotation/DeferredImportSelector$Group$Entry'
02:43:09.160 [main] DEBUG com.tngtech.archunit.core.importer.JavaClassProcessor - Processing class 'org/springframework/context/annotation/ImportBeanDefinitionRegistrar'
02:43:09.160 [main] DEBUG com.tngtech.archunit.core.importer.JavaClassProcessor - Processing class 'org/springframework/context/annotation/ImportSelector'
02:43:09.161 [main] DEBUG com.tngtech.archunit.core.importer.JavaClassProcessor - Processing class 'org/springframework/core/io/ResourceLoader'
02:43:09.161 [main] DEBUG com.tngtech.archunit.core.importer.JavaClassProcessor - Processing class 'org/springframework/boot/autoconfigure/AutoConfigurationPackages'
02:43:09.161 [main] DEBUG com.tngtech.archunit.core.importer.JavaClassProcessor - Processing class 'org/springframework/boot/context/annotation/DeterminableImports'
02:43:09.161 [main] DEBUG com.tngtech.archunit.core.importer.JavaClassProcessor - Processing class 'org/springframework/core/env/Environment'
02:43:09.161 [main] DEBUG com.tngtech.archunit.core.importer.JavaClassProcessor - Processing class 'org/springframework/beans/factory/BeanFactory'
02:43:09.161 [main] DEBUG com.tngtech.archunit.core.importer.JavaClassProcessor - Processing class 'sun/util/locale/InternalLocaleBuilder$CaseInsensitiveString'
02:43:09.161 [main] DEBUG com.tngtech.archunit.core.importer.JavaClassProcessor - Processing class 'sun/util/locale/InternalLocaleBuilder$CaseInsensitiveChar'
02:43:09.161 [main] DEBUG com.tngtech.archunit.core.importer.JavaClassProcessor - Processing class 'org/springframework/core/env/PropertyResolver'
02:43:09.161 [main] DEBUG com.tngtech.archunit.core.importer.JavaClassProcessor - Processing class 'sun/util/locale/InternalLocaleBuilder'
02:43:09.162 [main] DEBUG com.tngtech.archunit.core.importer.JavaClassProcessor - Processing class 'java/io/IOException'
02:43:09.163 [main] DEBUG com.tngtech.archunit.core.importer.JavaClassProcessor - Processing class 'java/util/stream/IntStream'
02:43:09.164 [main] DEBUG com.tngtech.archunit.core.importer.JavaClassProcessor - Processing class 'java/lang/ClassLoader'
02:43:09.164 [main] DEBUG com.tngtech.archunit.core.importer.JavaClassProcessor - Processing class 'java/lang/reflect/Constructor'
02:43:09.165 [main] DEBUG com.tngtech.archunit.core.importer.JavaClassProcessor - Processing class 'jdk/internal/reflect/ReflectionFactory'
02:43:09.165 [main] DEBUG com.tngtech.archunit.core.importer.JavaClassProcessor - Processing class 'sun/reflect/annotation/AnnotationType'
02:43:09.165 [main] DEBUG com.tngtech.archunit.core.importer.JavaClassProcessor - Processing class 'java/lang/ref/SoftReference'
02:43:09.165 [main] DEBUG com.tngtech.archunit.core.importer.JavaClassProcessor - Processing class 'java/lang/Module'
02:43:09.165 [main] DEBUG com.tngtech.archunit.core.importer.JavaClassProcessor - Processing class 'java/security/ProtectionDomain'
02:43:09.166 [main] DEBUG com.tngtech.archunit.core.importer.JavaClassProcessor - Processing class 'java/lang/ClassValue$ClassValueMap'
02:43:09.166 [main] DEBUG com.tngtech.archunit.core.importer.JavaClassProcessor - Processing class 'java/lang/Class$AnnotationData'
02:43:09.166 [main] DEBUG com.tngtech.archunit.core.importer.JavaClassProcessor - Processing class 'sun/reflect/generics/repository/ClassRepository'
02:43:09.166 [main] DEBUG com.tngtech.archunit.core.importer.JavaClassProcessor - Processing class 'java/io/ObjectStreamField'
02:43:09.167 [main] DEBUG com.tngtech.archunit.core.importer.JavaClassProcessor - Processing class 'java/lang/SecurityException'
02:43:09.167 [main] DEBUG com.tngtech.archunit.core.importer.JavaClassProcessor - Processing class 'java/lang/NoSuchFieldException'
02:43:09.167 [main] DEBUG com.tngtech.archunit.core.importer.JavaClassProcessor - Processing class 'java/lang/NoSuchMethodException'
02:43:09.167 [main] DEBUG com.tngtech.archunit.core.importer.JavaClassProcessor - Processing class 'java/lang/ClassNotFoundException'
02:43:09.167 [main] DEBUG com.tngtech.archunit.core.importer.JavaClassProcessor - Processing class 'java/lang/reflect/TypeVariable'
02:43:09.167 [main] DEBUG com.tngtech.archunit.core.importer.JavaClassProcessor - Processing class 'sun/reflect/generics/factory/GenericsFactory'
02:43:09.167 [main] DEBUG com.tngtech.archunit.core.importer.JavaClassProcessor - Processing class 'java/lang/Class$EnclosingMethodInfo'
02:43:09.167 [main] DEBUG com.tngtech.archunit.core.importer.JavaClassProcessor - Processing class 'java/lang/reflect/AnnotatedType'
02:43:09.168 [main] DEBUG com.tngtech.archunit.core.importer.JavaClassProcessor - Processing class 'java/lang/Package'
02:43:09.168 [main] DEBUG com.tngtech.archunit.core.importer.JavaClassProcessor - Processing class 'java/io/InputStream'
02:43:09.168 [main] DEBUG com.tngtech.archunit.core.importer.JavaClassProcessor - Processing class 'jdk/internal/reflect/ConstantPool'
02:43:09.168 [main] DEBUG com.tngtech.archunit.core.importer.JavaClassProcessor - Processing class 'java/lang/PublicMethods$MethodList'
02:43:09.168 [main] DEBUG com.tngtech.archunit.core.importer.JavaClassProcessor - Processing class 'java/lang/InstantiationException'
02:43:09.168 [main] DEBUG com.tngtech.archunit.core.importer.JavaClassProcessor - Processing class 'java/lang/IllegalAccessException'
02:43:09.169 [main] DEBUG com.tngtech.archunit.core.importer.JavaClassProcessor - Processing class 'java/net/URL'
02:43:09.169 [main] DEBUG com.tngtech.archunit.core.importer.JavaClassProcessor - Processing class 'java/lang/SecurityManager'
02:43:09.170 [main] DEBUG com.tngtech.archunit.core.importer.JavaClassProcessor - Processing class 'java/lang/CloneNotSupportedException'
02:43:09.170 [main] DEBUG com.tngtech.archunit.core.importer.JavaClassProcessor - Processing class 'java/io/ObjectInputStream'
02:43:09.170 [main] DEBUG com.tngtech.archunit.core.importer.JavaClassProcessor - Processing class 'java/io/ObjectStreamException'
02:43:09.170 [main] DEBUG com.tngtech.archunit.core.importer.JavaClassProcessor - Processing class 'java/util/Spliterator'
02:43:09.170 [main] DEBUG com.tngtech.archunit.core.importer.JavaClassProcessor - Processing class 'java/util/Iterator'
02:43:09.170 [main] DEBUG com.tngtech.archunit.core.importer.JavaClassProcessor - Processing class 'java/util/function/Consumer'
02:43:09.171 [main] DEBUG com.tngtech.archunit.core.importer.JavaClassProcessor - Processing class 'java/lang/NumberFormatException'
02:43:09.171 [main] DEBUG com.tngtech.archunit.core.importer.JavaClassProcessor - Processing class 'java/math/BigInteger'
02:43:09.172 [main] DEBUG com.tngtech.archunit.core.importer.JavaClassProcessor - Processing class 'java/lang/InterruptedException'
02:43:09.172 [main] DEBUG com.tngtech.archunit.core.importer.JavaClassProcessor - Processing class 'java/util/Comparator'
02:43:09.173 [main] DEBUG com.tngtech.archunit.core.importer.JavaClassProcessor - Processing class 'java/io/UnsupportedEncodingException'
02:43:09.173 [main] DEBUG com.tngtech.archunit.core.importer.JavaClassProcessor - Processing class 'java/lang/StringBuffer'
02:43:09.173 [main] DEBUG com.tngtech.archunit.core.importer.JavaClassProcessor - Processing class 'java/util/stream/Stream'
02:43:09.173 [main] DEBUG com.tngtech.archunit.core.importer.JavaClassProcessor - Processing class 'java/lang/AbstractStringBuilder'
02:43:09.174 [main] DEBUG com.tngtech.archunit.core.importer.JavaClassProcessor - Processing class 'java/lang/StringBuilder'
02:43:09.174 [main] DEBUG com.tngtech.archunit.core.importer.JavaClassProcessor - Processing class 'java/util/concurrent/atomic/AtomicInteger'
02:43:09.175 [main] DEBUG com.tngtech.archunit.core.importer.JavaClassProcessor - Processing class 'java/lang/Thread'
02:43:09.175 [main] DEBUG com.tngtech.archunit.core.importer.JavaClassProcessor - Processing class 'java/lang/ThreadLocal$ThreadLocalMap'
02:43:09.175 [main] DEBUG com.tngtech.archunit.core.importer.JavaClassProcessor - Processing class 'java/util/function/Supplier'
02:43:09.175 [main] DEBUG com.tngtech.archunit.core.importer.JavaClassProcessor - Processing class 'java/lang/StackTraceElement'
02:43:09.176 [main] DEBUG com.tngtech.archunit.core.importer.JavaClassProcessor - Processing class 'java/lang/Throwable$PrintStreamOrWriter'
02:43:09.176 [main] DEBUG com.tngtech.archunit.core.importer.JavaClassProcessor - Processing class 'java/util/Set'
02:43:09.176 [main] DEBUG com.tngtech.archunit.core.importer.JavaClassProcessor - Processing class 'java/io/PrintWriter'
02:43:09.176 [main] DEBUG com.tngtech.archunit.core.importer.JavaClassProcessor - Processing class 'java/io/ObjectOutputStream'
02:43:09.176 [main] DEBUG com.tngtech.archunit.core.importer.JavaClassProcessor - Processing class 'java/io/PrintStream'
02:43:09.177 [main] DEBUG com.tngtech.archunit.core.importer.JavaClassProcessor - Processing class 'java/lang/reflect/Parameter'
02:43:09.178 [main] DEBUG com.tngtech.archunit.core.importer.JavaClassProcessor - Processing class 'sun/reflect/generics/repository/ConstructorRepository'
02:43:09.178 [main] DEBUG com.tngtech.archunit.core.importer.JavaClassProcessor - Processing class 'jdk/internal/reflect/FieldAccessor'
02:43:09.178 [main] DEBUG com.tngtech.archunit.core.importer.JavaClassProcessor - Processing class 'sun/reflect/generics/repository/FieldRepository'
02:43:09.178 [main] DEBUG com.tngtech.archunit.core.importer.JavaClassProcessor - Processing class 'java/lang/IllegalArgumentException'
02:43:09.179 [main] DEBUG com.tngtech.archunit.core.importer.JavaClassProcessor - Processing class 'sun/reflect/generics/repository/MethodRepository'
02:43:09.179 [main] DEBUG com.tngtech.archunit.core.importer.JavaClassProcessor - Processing class 'jdk/internal/reflect/MethodAccessor'
02:43:09.179 [main] DEBUG com.tngtech.archunit.core.importer.JavaClassProcessor - Processing class 'java/lang/reflect/InvocationTargetException'
02:43:09.179 [main] DEBUG com.tngtech.archunit.core.importer.JavaClassProcessor - Processing class 'java/nio/CharBuffer'
02:43:09.179 [main] DEBUG com.tngtech.archunit.core.importer.JavaClassProcessor - Processing class 'java/nio/ByteBuffer'
02:43:09.179 [main] DEBUG com.tngtech.archunit.core.importer.JavaClassProcessor - Processing class 'java/nio/charset/CharsetDecoder'
02:43:09.180 [main] DEBUG com.tngtech.archunit.core.importer.JavaClassProcessor - Processing class 'java/nio/charset/CharsetEncoder'
02:43:09.180 [main] DEBUG com.tngtech.archunit.core.importer.JavaClassProcessor - Processing class 'java/util/SortedMap'
02:43:09.180 [main] DEBUG com.tngtech.archunit.core.importer.JavaClassProcessor - Processing class 'java/util/function/Predicate'
02:43:09.180 [main] DEBUG com.tngtech.archunit.core.importer.JavaClassProcessor - Processing class 'java/util/function/IntFunction'
02:43:09.180 [main] DEBUG com.tngtech.archunit.core.importer.JavaClassProcessor - Processing class 'java/util/function/UnaryOperator'
02:43:09.180 [main] DEBUG com.tngtech.archunit.core.importer.JavaClassProcessor - Processing class 'java/util/ListIterator'
02:43:09.181 [main] DEBUG com.tngtech.archunit.core.importer.JavaClassProcessor - Processing class 'sun/util/locale/BaseLocale'
02:43:09.181 [main] DEBUG com.tngtech.archunit.core.importer.JavaClassProcessor - Processing class 'java/util/Locale$Cache'
02:43:09.181 [main] DEBUG com.tngtech.archunit.core.importer.JavaClassProcessor - Processing class 'java/util/MissingResourceException'
02:43:09.181 [main] DEBUG com.tngtech.archunit.core.importer.JavaClassProcessor - Processing class 'java/util/Locale$Category'
02:43:09.181 [main] DEBUG com.tngtech.archunit.core.importer.JavaClassProcessor - Processing class 'java/util/Locale$FilteringMode'
02:43:09.181 [main] DEBUG com.tngtech.archunit.core.importer.JavaClassProcessor - Processing class 'sun/util/locale/provider/LocaleResources'
02:43:09.181 [main] DEBUG com.tngtech.archunit.core.importer.JavaClassProcessor - Processing class 'java/util/Locale$IsoCountryCode'
02:43:09.182 [main] DEBUG com.tngtech.archunit.core.importer.JavaClassProcessor - Processing class 'java/util/function/BiFunction'
02:43:09.182 [main] DEBUG com.tngtech.archunit.core.importer.JavaClassProcessor - Processing class 'java/util/function/BiConsumer'
02:43:09.182 [main] DEBUG com.tngtech.archunit.core.importer.JavaClassProcessor - Processing class 'java/util/function/Function'
02:43:09.183 [main] DEBUG com.tngtech.archunit.core.importer.JavaClassProcessor - Processing class 'java/lang/invoke/SerializedLambda'
02:43:09.183 [main] DEBUG com.tngtech.archunit.core.importer.JavaClassProcessor - Processing class 'java/lang/Runnable'
02:43:09.183 [main] DEBUG com.tngtech.archunit.core.importer.JavaClassProcessor - Processing class 'org/springframework/beans/BeansException'
02:43:09.184 [main] DEBUG com.tngtech.archunit.core.importer.JavaClassProcessor - Processing class 'org/springframework/beans/factory/NoSuchBeanDefinitionException'
02:43:09.184 [main] DEBUG com.tngtech.archunit.core.importer.JavaClassProcessor - Processing class 'org/springframework/core/ResolvableType'
02:43:09.185 [main] DEBUG com.tngtech.archunit.core.importer.JavaClassProcessor - Processing class 'org/springframework/beans/factory/ObjectProvider'
02:43:09.185 [main] DEBUG com.tngtech.archunit.core.importer.JavaClassProcessor - Processing class 'org/springframework/beans/factory/config/BeanDefinition'
02:43:09.185 [main] DEBUG com.tngtech.archunit.core.importer.JavaClassProcessor - Processing class 'org/springframework/beans/factory/support/BeanDefinitionRegistry'
02:43:09.185 [main] DEBUG com.tngtech.archunit.core.importer.JavaClassProcessor - Processing class 'org/springframework/boot/BootstrapRegistry'
02:43:09.186 [main] DEBUG com.tngtech.archunit.core.importer.JavaClassProcessor - Processing class 'org/springframework/boot/SpringApplicationShutdownHook'
02:43:09.186 [main] DEBUG com.tngtech.archunit.core.importer.JavaClassProcessor - Processing class 'org/springframework/boot/ApplicationContextFactory'
02:43:09.186 [main] DEBUG com.tngtech.archunit.core.importer.JavaClassProcessor - Processing class 'org/apache/commons/logging/Log'
02:43:09.186 [main] DEBUG com.tngtech.archunit.core.importer.JavaClassProcessor - Processing class 'org/springframework/boot/WebApplicationType'
02:43:09.186 [main] DEBUG com.tngtech.archunit.core.importer.JavaClassProcessor - Processing class 'org/springframework/core/metrics/ApplicationStartup'
02:43:09.187 [main] DEBUG com.tngtech.archunit.core.importer.JavaClassProcessor - Processing class 'org/springframework/boot/Banner$Mode'
02:43:09.187 [main] DEBUG com.tngtech.archunit.core.importer.JavaClassProcessor - Processing class 'org/springframework/boot/Banner'
02:43:09.187 [main] DEBUG com.tngtech.archunit.core.importer.JavaClassProcessor - Processing class 'org/springframework/boot/ApplicationArguments'
02:43:09.187 [main] DEBUG com.tngtech.archunit.core.importer.JavaClassProcessor - Processing class 'org/springframework/boot/ExitCodeGenerator'
02:43:09.187 [main] DEBUG com.tngtech.archunit.core.importer.JavaClassProcessor - Processing class 'org/springframework/boot/SpringApplicationRunListeners'
02:43:09.188 [main] DEBUG com.tngtech.archunit.core.importer.JavaClassProcessor - Processing class 'org/springframework/boot/CommandLineRunner'
02:43:09.188 [main] DEBUG com.tngtech.archunit.core.importer.JavaClassProcessor - Processing class 'org/springframework/boot/Bootstrapper'
02:43:09.188 [main] DEBUG com.tngtech.archunit.core.importer.JavaClassProcessor - Processing class 'java/util/Properties'
02:43:09.189 [main] DEBUG com.tngtech.archunit.core.importer.JavaClassProcessor - Processing class 'org/springframework/boot/SpringApplicationShutdownHandlers'
02:43:09.189 [main] DEBUG com.tngtech.archunit.core.importer.JavaClassProcessor - Processing class 'org/springframework/boot/SpringBootExceptionHandler'
02:43:09.189 [main] DEBUG com.tngtech.archunit.core.importer.JavaClassProcessor - Processing class 'org/springframework/boot/DefaultBootstrapContext'
02:43:09.189 [main] DEBUG com.tngtech.archunit.core.importer.JavaClassProcessor - Processing class 'org/springframework/boot/ApplicationRunner'
02:43:09.190 [main] DEBUG com.tngtech.archunit.core.importer.JavaClassProcessor - Processing class 'org/springframework/boot/BeanDefinitionLoader'
02:43:09.191 [main] DEBUG com.tngtech.archunit.core.importer.JavaClassProcessor - Processing class 'org/springframework/core/type/classreading/MetadataReader'
02:43:09.191 [main] DEBUG com.tngtech.archunit.core.importer.JavaClassProcessor - Processing class 'org/springframework/core/type/classreading/MetadataReaderFactory'
02:43:09.191 [main] DEBUG com.tngtech.archunit.core.importer.JavaClassProcessor - Processing class 'org/springframework/boot/autoconfigure/AutoConfigurationMetadata'
02:43:09.191 [main] DEBUG com.tngtech.archunit.core.importer.JavaClassProcessor - Processing class 'org/springframework/boot/autoconfigure/AutoConfigurationImportEvent'
02:43:09.192 [main] DEBUG com.tngtech.archunit.core.importer.JavaClassProcessor - Processing class 'org/springframework/boot/autoconfigure/AutoConfigurationImportSelector$AutoConfigurationEntry'
02:43:09.192 [main] DEBUG com.tngtech.archunit.core.importer.JavaClassProcessor - Processing class 'org/springframework/boot/autoconfigure/AutoConfigurationImportSelector$ConfigurationClassFilter'
02:43:09.192 [main] DEBUG com.tngtech.archunit.core.importer.JavaClassProcessor - Processing class 'org/springframework/beans/factory/config/ConfigurableListableBeanFactory'
02:43:09.192 [main] DEBUG com.tngtech.archunit.core.importer.JavaClassProcessor - Processing class 'org/springframework/core/type/AnnotationMetadata'
02:43:09.192 [main] DEBUG com.tngtech.archunit.core.importer.JavaClassProcessor - Processing class 'org/springframework/core/annotation/AnnotationAttributes'
02:43:09.193 [main] DEBUG com.tngtech.archunit.core.importer.JavaClassProcessor - Processing class 'org/springframework/beans/factory/config/AutowireCapableBeanFactory'
02:43:09.194 [main] DEBUG com.tngtech.archunit.core.importer.JavaClassProcessor - Processing class 'java/lang/IllegalStateException'
02:43:09.194 [main] DEBUG com.tngtech.archunit.core.importer.JavaClassProcessor - Processing class 'java/time/Clock'
02:43:09.194 [main] DEBUG com.tngtech.archunit.core.importer.JavaClassProcessor - Processing class 'org/springframework/beans/factory/config/BeanFactoryPostProcessor'
02:43:09.194 [main] DEBUG com.tngtech.archunit.core.importer.JavaClassProcessor - Processing class 'org/springframework/core/io/ProtocolResolver'
02:43:09.195 [main] DEBUG com.tngtech.archunit.core.importer.JavaClassProcessor - Processing class 'org/springframework/context/MessageSourceResolvable'
02:43:09.195 [main] DEBUG com.tngtech.archunit.core.importer.JavaClassProcessor - Processing class 'org/springframework/context/NoSuchMessageException'
02:43:09.195 [main] DEBUG com.tngtech.archunit.core.importer.JavaClassProcessor - Processing class 'org/springframework/context/annotation/ScopeMetadata'
02:43:09.197 [main] DEBUG com.tngtech.archunit.core.importer.JavaClassProcessor - Processing class 'org/springframework/core/env/MutablePropertySources'
02:43:09.197 [main] DEBUG com.tngtech.archunit.core.importer.JavaClassProcessor - Processing class 'org/springframework/core/convert/support/ConfigurableConversionService'
02:43:09.197 [main] DEBUG com.tngtech.archunit.core.importer.JavaClassProcessor - Processing class 'org/springframework/core/env/Profiles'
02:43:09.198 [main] DEBUG com.tngtech.archunit.core.importer.JavaClassProcessor - Processing class 'org/springframework/core/env/MissingRequiredPropertiesException'
02:43:09.198 [main] DEBUG com.tngtech.archunit.core.importer.JavaClassProcessor - Processing class 'org/springframework/core/io/Resource'
02:43:09.199 [main] DEBUG com.tngtech.archunit.core.importer.JavaClassProcessor - Processing class 'org/springframework/data/domain/Example'
02:43:09.199 [main] DEBUG com.tngtech.archunit.core.importer.JavaClassProcessor - Processing class 'org/springframework/data/domain/Sort'
02:43:09.200 [main] DEBUG com.tngtech.archunit.core.importer.JavaClassProcessor - Processing class 'org/springframework/data/domain/Page'
02:43:09.200 [main] DEBUG com.tngtech.archunit.core.importer.JavaClassProcessor - Processing class 'org/springframework/data/domain/Pageable'
02:43:09.200 [main] DEBUG com.tngtech.archunit.core.importer.JavaClassProcessor - Processing class 'java/util/regex/Pattern'
02:43:09.201 [main] DEBUG com.tngtech.archunit.core.importer.JavaClassProcessor - Processing class 'java/time/ZoneId'
02:43:09.201 [main] DEBUG com.tngtech.archunit.core.importer.JavaClassProcessor - Processing class 'java/text/DecimalFormatSymbols'
02:43:09.202 [main] DEBUG com.tngtech.archunit.core.importer.JavaClassProcessor - Processing class 'java/time/format/DateTimeFormatter'
02:43:09.202 [main] DEBUG com.tngtech.archunit.core.importer.JavaClassProcessor - Processing class 'java/time/ZonedDateTime'
02:43:09.203 [main] DEBUG com.tngtech.archunit.core.importer.JavaClassProcessor - Processing class 'java/time/Instant'
02:43:09.203 [main] DEBUG com.tngtech.archunit.core.importer.JavaClassProcessor - Processing class 'org/springframework/http/ContentDisposition'
02:43:09.204 [main] DEBUG com.tngtech.archunit.core.importer.JavaClassProcessor - Processing class 'java/time/Duration'
02:43:09.204 [main] DEBUG com.tngtech.archunit.core.importer.JavaClassProcessor - Processing class 'java/net/URI'
02:43:09.205 [main] DEBUG com.tngtech.archunit.core.importer.JavaClassProcessor - Processing class 'org/springframework/http/CacheControl'
02:43:09.205 [main] DEBUG com.tngtech.archunit.core.importer.JavaClassProcessor - Processing class 'java/net/InetSocketAddress'
02:43:09.207 [main] DEBUG com.tngtech.archunit.core.importer.JavaClassProcessor - Processing class 'org/springframework/http/HttpStatus'
02:43:09.207 [main] DEBUG com.tngtech.archunit.core.importer.JavaClassProcessor - Processing class 'org/springframework/http/ResponseEntity$1'
02:43:09.208 [main] DEBUG com.tngtech.archunit.core.importer.JavaClassProcessor - Processing class 'java/util/BitSet'
02:43:09.209 [main] DEBUG com.tngtech.archunit.core.importer.JavaClassProcessor - Processing class 'sun/util/locale/LocaleSyntaxException'
02:43:09.209 [main] DEBUG com.tngtech.archunit.core.importer.JavaClassProcessor - Processing class 'sun/util/locale/LanguageTag'
]]></system-out>
  </testcase>
  <testcase name="controllersShouldNotDependOnOtherControllers" classname="archtests.SongArchitectureTests" time="0.112">
    <system-out><![CDATA[02:43:09.222 [main] DEBUG com.tngtech.archunit.core.importer.UrlSource$From - Found URLs on sun.boot.class.path: []
02:43:09.226 [main] DEBUG com.tngtech.archunit.core.importer.UrlSource$From - Found URLs on java.class.path: [file:/M:/Lab/song-manager/target/test-classes/, file:/M:/Lab/song-manager/target/classes/, jar:file:/C:/Users/User/.m2/repository/org/springframework/boot/spring-boot-starter-web/2.5.4/spring-boot-starter-web-2.5.4.jar!/, jar:file:/C:/Users/User/.m2/repository/org/springframework/boot/spring-boot-starter/2.5.4/spring-boot-starter-2.5.4.jar!/, jar:file:/C:/Users/User/.m2/repository/org/springframework/boot/spring-boot/2.5.4/spring-boot-2.5.4.jar!/, jar:file:/C:/Users/User/.m2/repository/org/springframework/boot/spring-boot-autoconfigure/2.5.4/spring-boot-autoconfigure-2.5.4.jar!/, jar:file:/C:/Users/User/.m2/repository/org/springframework/boot/spring-boot-starter-logging/2.5.4/spring-boot-starter-logging-2.5.4.jar!/, jar:file:/C:/Users/User/.m2/repository/ch/qos/logback/logback-classic/1.2.5/logback-classic-1.2.5.jar!/, jar:file:/C:/Users/User/.m2/repository/ch/qos/logback/logback-core/1.2.5/logback-core-1.2.5.jar!/, jar:file:/C:/Users/User/.m2/repository/org/apache/logging/log4j/log4j-to-slf4j/2.14.1/log4j-to-slf4j-2.14.1.jar!/, jar:file:/C:/Users/User/.m2/repository/org/apache/logging/log4j/log4j-api/2.14.1/log4j-api-2.14.1.jar!/, jar:file:/C:/Users/User/.m2/repository/org/slf4j/jul-to-slf4j/1.7.32/jul-to-slf4j-1.7.32.jar!/, jar:file:/C:/Users/User/.m2/repository/jakarta/annotation/jakarta.annotation-api/1.3.5/jakarta.annotation-api-1.3.5.jar!/, jar:file:/C:/Users/User/.m2/repository/org/yaml/snakeyaml/1.28/snakeyaml-1.28.jar!/, jar:file:/C:/Users/User/.m2/repository/org/springframework/boot/spring-boot-starter-json/2.5.4/spring-boot-starter-json-2.5.4.jar!/, jar:file:/C:/Users/User/.m2/repository/com/fasterxml/jackson/core/jackson-databind/2.12.4/jackson-databind-2.12.4.jar!/, jar:file:/C:/Users/User/.m2/repository/com/fasterxml/jackson/core/jackson-annotations/2.12.4/jackson-annotations-2.12.4.jar!/, jar:file:/C:/Users/User/.m2/repository/com/fasterxml/jackson/core/jackson-core/2.12.4/jackson-core-2.12.4.jar!/, jar:file:/C:/Users/User/.m2/repository/com/fasterxml/jackson/datatype/jackson-datatype-jdk8/2.12.4/jackson-datatype-jdk8-2.12.4.jar!/, jar:file:/C:/Users/User/.m2/repository/com/fasterxml/jackson/datatype/jackson-datatype-jsr310/2.12.4/jackson-datatype-jsr310-2.12.4.jar!/, jar:file:/C:/Users/User/.m2/repository/com/fasterxml/jackson/module/jackson-module-parameter-names/2.12.4/jackson-module-parameter-names-2.12.4.jar!/, jar:file:/C:/Users/User/.m2/repository/org/springframework/boot/spring-boot-starter-tomcat/2.5.4/spring-boot-starter-tomcat-2.5.4.jar!/, jar:file:/C:/Users/User/.m2/repository/org/apache/tomcat/embed/tomcat-embed-core/9.0.52/tomcat-embed-core-9.0.52.jar!/, jar:file:/C:/Users/User/.m2/repository/org/apache/tomcat/embed/tomcat-embed-el/9.0.52/tomcat-embed-el-9.0.52.jar!/, jar:file:/C:/Users/User/.m2/repository/org/apache/tomcat/embed/tomcat-embed-websocket/9.0.52/tomcat-embed-websocket-9.0.52.jar!/, jar:file:/C:/Users/User/.m2/repository/org/springframework/spring-web/5.3.9/spring-web-5.3.9.jar!/, jar:file:/C:/Users/User/.m2/repository/org/springframework/spring-beans/5.3.9/spring-beans-5.3.9.jar!/, jar:file:/C:/Users/User/.m2/repository/org/springframework/spring-webmvc/5.3.9/spring-webmvc-5.3.9.jar!/, jar:file:/C:/Users/User/.m2/repository/org/springframework/spring-aop/5.3.9/spring-aop-5.3.9.jar!/, jar:file:/C:/Users/User/.m2/repository/org/springframework/spring-context/5.3.9/spring-context-5.3.9.jar!/, jar:file:/C:/Users/User/.m2/repository/org/springframework/spring-expression/5.3.9/spring-expression-5.3.9.jar!/, jar:file:/C:/Users/User/.m2/repository/org/springframework/boot/spring-boot-starter-data-jpa/2.5.4/spring-boot-starter-data-jpa-2.5.4.jar!/, jar:file:/C:/Users/User/.m2/repository/org/springframework/boot/spring-boot-starter-aop/2.5.4/spring-boot-starter-aop-2.5.4.jar!/, jar:file:/C:/Users/User/.m2/repository/org/aspectj/aspectjweaver/1.9.7/aspectjweaver-1.9.7.jar!/, jar:file:/C:/Users/User/.m2/repository/org/springframework/boot/spring-boot-starter-jdbc/2.5.4/spring-boot-starter-jdbc-2.5.4.jar!/, jar:file:/C:/Users/User/.m2/repository/com/zaxxer/HikariCP/4.0.3/HikariCP-4.0.3.jar!/, jar:file:/C:/Users/User/.m2/repository/org/springframework/spring-jdbc/5.3.9/spring-jdbc-5.3.9.jar!/, jar:file:/C:/Users/User/.m2/repository/jakarta/transaction/jakarta.transaction-api/1.3.3/jakarta.transaction-api-1.3.3.jar!/, jar:file:/C:/Users/User/.m2/repository/jakarta/persistence/jakarta.persistence-api/2.2.3/jakarta.persistence-api-2.2.3.jar!/, jar:file:/C:/Users/User/.m2/repository/org/hibernate/hibernate-core/5.4.32.Final/hibernate-core-5.4.32.Final.jar!/, jar:file:/C:/Users/User/.m2/repository/org/jboss/logging/jboss-logging/3.4.2.Final/jboss-logging-3.4.2.Final.jar!/, jar:file:/C:/Users/User/.m2/repository/org/javassist/javassist/3.27.0-GA/javassist-3.27.0-GA.jar!/, jar:file:/C:/Users/User/.m2/repository/net/bytebuddy/byte-buddy/1.10.22/byte-buddy-1.10.22.jar!/, jar:file:/C:/Users/User/.m2/repository/antlr/antlr/2.7.7/antlr-2.7.7.jar!/, jar:file:/C:/Users/User/.m2/repository/org/jboss/jandex/2.2.3.Final/jandex-2.2.3.Final.jar!/, jar:file:/C:/Users/User/.m2/repository/com/fasterxml/classmate/1.5.1/classmate-1.5.1.jar!/, jar:file:/C:/Users/User/.m2/repository/org/dom4j/dom4j/2.1.3/dom4j-2.1.3.jar!/, jar:file:/C:/Users/User/.m2/repository/org/hibernate/common/hibernate-commons-annotations/5.1.2.Final/hibernate-commons-annotations-5.1.2.Final.jar!/, jar:file:/C:/Users/User/.m2/repository/org/glassfish/jaxb/jaxb-runtime/2.3.5/jaxb-runtime-2.3.5.jar!/, jar:file:/C:/Users/User/.m2/repository/org/glassfish/jaxb/txw2/2.3.5/txw2-2.3.5.jar!/, jar:file:/C:/Users/User/.m2/repository/com/sun/istack/istack-commons-runtime/3.0.12/istack-commons-runtime-3.0.12.jar!/, jar:file:/C:/Users/User/.m2/repository/com/sun/activation/jakarta.activation/1.2.2/jakarta.activation-1.2.2.jar!/, jar:file:/C:/Users/User/.m2/repository/org/springframework/data/spring-data-jpa/2.5.4/spring-data-jpa-2.5.4.jar!/, jar:file:/C:/Users/User/.m2/repository/org/springframework/data/spring-data-commons/2.5.4/spring-data-commons-2.5.4.jar!/, jar:file:/C:/Users/User/.m2/repository/org/springframework/spring-orm/5.3.9/spring-orm-5.3.9.jar!/, jar:file:/C:/Users/User/.m2/repository/org/springframework/spring-tx/5.3.9/spring-tx-5.3.9.jar!/, jar:file:/C:/Users/User/.m2/repository/org/springframework/spring-aspects/5.3.9/spring-aspects-5.3.9.jar!/, jar:file:/C:/Users/User/.m2/repository/com/h2database/h2/1.4.200/h2-1.4.200.jar!/, jar:file:/C:/Users/User/.m2/repository/javax/persistence/javax.persistence-api/2.2/javax.persistence-api-2.2.jar!/, jar:file:/C:/Users/User/.m2/repository/org/springframework/boot/spring-boot-starter-test/2.5.4/spring-boot-starter-test-2.5.4.jar!/, jar:file:/C:/Users/User/.m2/repository/org/springframework/boot/spring-boot-test/2.5.4/spring-boot-test-2.5.4.jar!/, jar:file:/C:/Users/User/.m2/repository/org/springframework/boot/spring-boot-test-autoconfigure/2.5.4/spring-boot-test-autoconfigure-2.5.4.jar!/, jar:file:/C:/Users/User/.m2/repository/com/jayway/jsonpath/json-path/2.5.0/json-path-2.5.0.jar!/, jar:file:/C:/Users/User/.m2/repository/net/minidev/json-smart/2.4.7/json-smart-2.4.7.jar!/, jar:file:/C:/Users/User/.m2/repository/net/minidev/accessors-smart/2.4.7/accessors-smart-2.4.7.jar!/, jar:file:/C:/Users/User/.m2/repository/org/ow2/asm/asm/9.1/asm-9.1.jar!/, jar:file:/C:/Users/User/.m2/repository/jakarta/xml/bind/jakarta.xml.bind-api/2.3.3/jakarta.xml.bind-api-2.3.3.jar!/, jar:file:/C:/Users/User/.m2/repository/jakarta/activation/jakarta.activation-api/1.2.2/jakarta.activation-api-1.2.2.jar!/, jar:file:/C:/Users/User/.m2/repository/org/assertj/assertj-core/3.19.0/assertj-core-3.19.0.jar!/, jar:file:/C:/Users/User/.m2/repository/org/hamcrest/hamcrest/2.2/hamcrest-2.2.jar!/, jar:file:/C:/Users/User/.m2/repository/org/junit/jupiter/junit-jupiter/5.7.2/junit-jupiter-5.7.2.jar!/, jar:file:/C:/Users/User/.m2/repository/org/junit/jupiter/junit-jupiter-api/5.7.2/junit-jupiter-api-5.7.2.jar!/, jar:file:/C:/Users/User/.m2/repository/org/apiguardian/apiguardian-api/1.1.0/apiguardian-api-1.1.0.jar!/, jar:file:/C:/Users/User/.m2/repository/org/opentest4j/opentest4j/1.2.0/opentest4j-1.2.0.jar!/, jar:file:/C:/Users/User/.m2/repository/org/junit/platform/junit-platform-commons/1.7.2/junit-platform-commons-1.7.2.jar!/, jar:file:/C:/Users/User/.m2/repository/org/junit/jupiter/junit-jupiter-params/5.7.2/junit-jupiter-params-5.7.2.jar!/, jar:file:/C:/Users/User/.m2/repository/org/junit/jupiter/junit-jupiter-engine/5.7.2/junit-jupiter-engine-5.7.2.jar!/, jar:file:/C:/Users/User/.m2/repository/org/junit/platform/junit-platform-engine/1.7.2/junit-platform-engine-1.7.2.jar!/, jar:file:/C:/Users/User/.m2/repository/org/mockito/mockito-core/3.9.0/mockito-core-3.9.0.jar!/, jar:file:/C:/Users/User/.m2/repository/net/bytebuddy/byte-buddy-agent/1.10.22/byte-buddy-agent-1.10.22.jar!/, jar:file:/C:/Users/User/.m2/repository/org/objenesis/objenesis/3.2/objenesis-3.2.jar!/, jar:file:/C:/Users/User/.m2/repository/org/mockito/mockito-junit-jupiter/3.9.0/mockito-junit-jupiter-3.9.0.jar!/, jar:file:/C:/Users/User/.m2/repository/org/skyscreamer/jsonassert/1.5.0/jsonassert-1.5.0.jar!/, jar:file:/C:/Users/User/.m2/repository/com/vaadin/external/google/android-json/0.0.20131108.vaadin1/android-json-0.0.20131108.vaadin1.jar!/, jar:file:/C:/Users/User/.m2/repository/org/springframework/spring-core/5.3.9/spring-core-5.3.9.jar!/, jar:file:/C:/Users/User/.m2/repository/org/springframework/spring-jcl/5.3.9/spring-jcl-5.3.9.jar!/, jar:file:/C:/Users/User/.m2/repository/org/springframework/spring-test/5.3.9/spring-test-5.3.9.jar!/, jar:file:/C:/Users/User/.m2/repository/org/xmlunit/xmlunit-core/2.8.2/xmlunit-core-2.8.2.jar!/, jar:file:/C:/Users/User/.m2/repository/com/tngtech/archunit/archunit-junit5/1.1.0/archunit-junit5-1.1.0.jar!/, jar:file:/C:/Users/User/.m2/repository/com/tngtech/archunit/archunit-junit5-api/1.1.0/archunit-junit5-api-1.1.0.jar!/, jar:file:/C:/Users/User/.m2/repository/com/tngtech/archunit/archunit-junit5-engine/1.1.0/archunit-junit5-engine-1.1.0.jar!/, jar:file:/C:/Users/User/.m2/repository/com/tngtech/archunit/archunit-junit5-engine-api/1.1.0/archunit-junit5-engine-api-1.1.0.jar!/, jar:file:/C:/Users/User/.m2/repository/com/tngtech/archunit/archunit/1.1.0/archunit-1.1.0.jar!/, jar:file:/C:/Users/User/.m2/repository/org/slf4j/slf4j-api/1.7.32/slf4j-api-1.7.32.jar!/]
02:43:09.233 [main] DEBUG com.tngtech.archunit.core.importer.JavaClassProcessor - Processing class 'com/example/songs/repository/SongRepository'
02:43:09.233 [main] DEBUG com.tngtech.archunit.core.importer.JavaClassProcessor - Processing class 'com/example/songs/SongManagerApplication'
02:43:09.234 [main] DEBUG com.tngtech.archunit.core.importer.JavaClassProcessor - Processing class 'com/example/songs/service/SongService'
02:43:09.234 [main] DEBUG com.tngtech.archunit.core.importer.JavaClassProcessor - Processing class 'com/example/songs/model/Song'
02:43:09.234 [main] DEBUG com.tngtech.archunit.core.importer.JavaClassProcessor - Processing class 'com/example/songs/controller/SongController'
02:43:09.235 [main] DEBUG com.tngtech.archunit.core.importer.JavaClassProcessor - Processing class 'org/springframework/web/bind/annotation/PathVariable'
02:43:09.235 [main] DEBUG com.tngtech.archunit.core.importer.JavaClassProcessor - Processing class 'org/springframework/web/bind/annotation/RequestMapping'
02:43:09.235 [main] DEBUG com.tngtech.archunit.core.importer.JavaClassProcessor - Processing class 'org/springframework/http/ResponseEntity$BodyBuilder'
02:43:09.235 [main] DEBUG com.tngtech.archunit.core.importer.JavaClassProcessor - Processing class 'org/springframework/web/bind/annotation/RequestBody'
02:43:09.236 [main] DEBUG com.tngtech.archunit.core.importer.JavaClassProcessor - Processing class 'org/springframework/boot/SpringApplication'
02:43:09.237 [main] DEBUG com.tngtech.archunit.core.importer.JavaClassProcessor - Processing class 'org/springframework/web/bind/annotation/PutMapping'
02:43:09.237 [main] DEBUG com.tngtech.archunit.core.importer.JavaClassProcessor - Processing class 'java/lang/Long'
02:43:09.237 [main] DEBUG com.tngtech.archunit.core.importer.JavaClassProcessor - Processing class 'org/springframework/stereotype/Service'
02:43:09.237 [main] DEBUG com.tngtech.archunit.core.importer.JavaClassProcessor - Processing class 'org/springframework/web/bind/annotation/GetMapping'
02:43:09.237 [main] DEBUG com.tngtech.archunit.core.importer.JavaClassProcessor - Processing class 'java/lang/String'
02:43:09.238 [main] DEBUG com.tngtech.archunit.core.importer.JavaClassProcessor - Processing class 'org/springframework/web/bind/annotation/DeleteMapping'
02:43:09.238 [main] DEBUG com.tngtech.archunit.core.importer.JavaClassProcessor - Processing class 'javax/persistence/Id'
02:43:09.238 [main] DEBUG com.tngtech.archunit.core.importer.JavaClassProcessor - Processing class 'javax/persistence/Entity'
02:43:09.238 [main] DEBUG com.tngtech.archunit.core.importer.JavaClassProcessor - Processing class 'org/springframework/web/bind/annotation/PostMapping'
02:43:09.238 [main] DEBUG com.tngtech.archunit.core.importer.JavaClassProcessor - Processing class 'java/lang/Void'
02:43:09.239 [main] DEBUG com.tngtech.archunit.core.importer.JavaClassProcessor - Processing class 'org/springframework/boot/autoconfigure/SpringBootApplication'
02:43:09.239 [main] DEBUG com.tngtech.archunit.core.importer.JavaClassProcessor - Processing class 'java/lang/RuntimeException'
02:43:09.239 [main] DEBUG com.tngtech.archunit.core.importer.JavaClassProcessor - Processing class 'org/springframework/web/bind/annotation/RestController'
02:43:09.239 [main] DEBUG com.tngtech.archunit.core.importer.JavaClassProcessor - Processing class 'javax/persistence/GenerationType'
02:43:09.239 [main] DEBUG com.tngtech.archunit.core.importer.JavaClassProcessor - Processing class 'java/util/List'
02:43:09.240 [main] DEBUG com.tngtech.archunit.core.importer.JavaClassProcessor - Processing class 'javax/persistence/GeneratedValue'
02:43:09.240 [main] DEBUG com.tngtech.archunit.core.importer.JavaClassProcessor - Processing class 'java/util/Optional'
02:43:09.240 [main] DEBUG com.tngtech.archunit.core.importer.JavaClassProcessor - Processing class 'java/lang/Object'
02:43:09.240 [main] DEBUG com.tngtech.archunit.core.importer.JavaClassProcessor - Processing class 'org/springframework/http/ResponseEntity'
02:43:09.240 [main] DEBUG com.tngtech.archunit.core.importer.JavaClassProcessor - Processing class 'org/springframework/http/ResponseEntity$HeadersBuilder'
02:43:09.241 [main] DEBUG com.tngtech.archunit.core.importer.JavaClassProcessor - Processing class 'org/springframework/data/jpa/repository/JpaRepository'
02:43:09.241 [main] DEBUG com.tngtech.archunit.core.importer.JavaClassProcessor - Processing class 'java/lang/annotation/Inherited'
02:43:09.241 [main] DEBUG com.tngtech.archunit.core.importer.JavaClassProcessor - Processing class 'org/springframework/context/annotation/ComponentScan$Filter'
02:43:09.241 [main] DEBUG com.tngtech.archunit.core.importer.JavaClassProcessor - Processing class 'java/lang/Enum'
02:43:09.241 [main] DEBUG com.tngtech.archunit.core.importer.JavaClassProcessor - Processing class 'org/springframework/context/ConfigurableApplicationContext'
02:43:09.241 [main] DEBUG com.tngtech.archunit.core.importer.JavaClassProcessor - Processing class 'java/lang/annotation/Documented'
02:43:09.241 [main] DEBUG com.tngtech.archunit.core.importer.JavaClassProcessor - Processing class 'java/lang/CharSequence'
02:43:09.241 [main] DEBUG com.tngtech.archunit.core.importer.JavaClassProcessor - Processing class 'org/springframework/data/repository/PagingAndSortingRepository'
02:43:09.242 [main] DEBUG com.tngtech.archunit.core.importer.JavaClassProcessor - Processing class 'org/springframework/http/HttpHeaders'
02:43:09.242 [main] DEBUG com.tngtech.archunit.core.importer.JavaClassProcessor - Processing class 'java/util/Collection'
02:43:09.243 [main] DEBUG com.tngtech.archunit.core.importer.JavaClassProcessor - Processing class 'org/springframework/web/bind/annotation/RequestMethod'
02:43:09.243 [main] DEBUG com.tngtech.archunit.core.importer.JavaClassProcessor - Processing class 'org/springframework/context/ApplicationListener'
02:43:09.243 [main] DEBUG com.tngtech.archunit.core.importer.JavaClassProcessor - Processing class 'java/lang/Exception'
02:43:09.243 [main] DEBUG com.tngtech.archunit.core.importer.JavaClassProcessor - Processing class 'java/io/Serializable'
02:43:09.243 [main] DEBUG com.tngtech.archunit.core.importer.JavaClassProcessor - Processing class 'org/springframework/context/annotation/Configuration'
02:43:09.243 [main] DEBUG com.tngtech.archunit.core.importer.JavaClassProcessor - Processing class 'org/springframework/http/HttpEntity'
02:43:09.243 [main] DEBUG com.tngtech.archunit.core.importer.JavaClassProcessor - Processing class 'org/springframework/beans/factory/support/BeanNameGenerator'
02:43:09.243 [main] DEBUG com.tngtech.archunit.core.importer.JavaClassProcessor - Processing class 'org/springframework/boot/SpringBootExceptionReporter'
02:43:09.244 [main] DEBUG com.tngtech.archunit.core.importer.JavaClassProcessor - Processing class 'java/lang/annotation/Annotation'
02:43:09.244 [main] DEBUG com.tngtech.archunit.core.importer.JavaClassProcessor - Processing class 'java/lang/Throwable'
02:43:09.245 [main] DEBUG com.tngtech.archunit.core.importer.JavaClassProcessor - Processing class 'org/springframework/boot/autoconfigure/AutoConfigurationExcludeFilter'
02:43:09.245 [main] DEBUG com.tngtech.archunit.core.importer.JavaClassProcessor - Processing class 'org/springframework/stereotype/Controller'
02:43:09.246 [main] DEBUG com.tngtech.archunit.core.importer.JavaClassProcessor - Processing class 'org/springframework/boot/context/TypeExcludeFilter'
02:43:09.246 [main] DEBUG com.tngtech.archunit.core.importer.JavaClassProcessor - Processing class 'java/lang/annotation/Retention'
02:43:09.246 [main] DEBUG com.tngtech.archunit.core.importer.JavaClassProcessor - Processing class 'org/springframework/data/repository/NoRepositoryBean'
02:43:09.247 [main] DEBUG com.tngtech.archunit.core.importer.JavaClassProcessor - Processing class 'org/springframework/boot/BootstrapRegistryInitializer'
02:43:09.247 [main] DEBUG com.tngtech.archunit.core.importer.JavaClassProcessor - Processing class 'jdk/internal/HotSpotIntrinsicCandidate'
02:43:09.247 [main] DEBUG com.tngtech.archunit.core.importer.JavaClassProcessor - Processing class 'org/springframework/lang/Nullable'
02:43:09.247 [main] DEBUG com.tngtech.archunit.core.importer.JavaClassProcessor - Processing class 'java/lang/Number'
02:43:09.247 [main] DEBUG com.tngtech.archunit.core.importer.JavaClassProcessor - Processing class 'org/springframework/context/annotation/FilterType'
02:43:09.248 [main] DEBUG com.tngtech.archunit.core.importer.JavaClassProcessor - Processing class 'org/springframework/core/annotation/AliasFor'
02:43:09.248 [main] DEBUG com.tngtech.archunit.core.importer.JavaClassProcessor - Processing class 'java/lang/SafeVarargs'
02:43:09.248 [main] DEBUG com.tngtech.archunit.core.importer.JavaClassProcessor - Processing class 'jdk/internal/vm/annotation/Stable'
02:43:09.248 [main] DEBUG com.tngtech.archunit.core.importer.JavaClassProcessor - Processing class 'org/springframework/boot/autoconfigure/EnableAutoConfiguration'
02:43:09.248 [main] DEBUG com.tngtech.archunit.core.importer.JavaClassProcessor - Processing class 'java/lang/Deprecated'
02:43:09.248 [main] DEBUG com.tngtech.archunit.core.importer.JavaClassProcessor - Processing class 'java/lang/annotation/Target'
02:43:09.249 [main] DEBUG com.tngtech.archunit.core.importer.JavaClassProcessor - Processing class 'org/springframework/core/env/StandardEnvironment'
02:43:09.249 [main] DEBUG com.tngtech.archunit.core.importer.JavaClassProcessor - Processing class 'java/lang/annotation/ElementType'
02:43:09.249 [main] DEBUG com.tngtech.archunit.core.importer.JavaClassProcessor - Processing class 'org/springframework/web/bind/annotation/ResponseBody'
02:43:09.249 [main] DEBUG com.tngtech.archunit.core.importer.JavaClassProcessor - Processing class 'org/springframework/context/annotation/ComponentScan'
02:43:09.250 [main] DEBUG com.tngtech.archunit.core.importer.JavaClassProcessor - Processing class 'org/springframework/data/repository/query/QueryByExampleExecutor'
02:43:09.250 [main] DEBUG com.tngtech.archunit.core.importer.JavaClassProcessor - Processing class 'org/springframework/stereotype/Component'
02:43:09.250 [main] DEBUG com.tngtech.archunit.core.importer.JavaClassProcessor - Processing class 'org/springframework/boot/SpringBootConfiguration'
02:43:09.250 [main] DEBUG com.tngtech.archunit.core.importer.JavaClassProcessor - Processing class 'java/lang/Class'
02:43:09.252 [main] DEBUG com.tngtech.archunit.core.importer.JavaClassProcessor - Processing class 'java/lang/Comparable'
02:43:09.252 [main] DEBUG com.tngtech.archunit.core.importer.JavaClassProcessor - Processing class 'org/springframework/context/ApplicationContextInitializer'
02:43:09.252 [main] DEBUG com.tngtech.archunit.core.importer.JavaClassProcessor - Processing class 'java/lang/annotation/RetentionPolicy'
02:43:09.252 [main] DEBUG com.tngtech.archunit.core.importer.JavaClassProcessor - Processing class 'org/springframework/web/bind/annotation/Mapping'
02:43:09.253 [main] DEBUG com.tngtech.archunit.core.importer.JavaClassProcessor - Processing class 'org/springframework/core/type/filter/TypeFilter'
02:43:09.253 [main] DEBUG com.tngtech.archunit.core.importer.JavaClassProcessor - Processing class 'java/util/Locale'
02:43:09.254 [main] DEBUG com.tngtech.archunit.core.importer.JavaClassProcessor - Processing class 'java/lang/reflect/Method'
02:43:09.255 [main] DEBUG com.tngtech.archunit.core.importer.JavaClassProcessor - Processing class 'org/springframework/context/PayloadApplicationEvent'
02:43:09.255 [main] DEBUG com.tngtech.archunit.core.importer.JavaClassProcessor - Processing class 'org/springframework/boot/autoconfigure/AutoConfigurationImportSelector'
02:43:09.255 [main] DEBUG com.tngtech.archunit.core.importer.JavaClassProcessor - Processing class 'jdk/internal/vm/annotation/ForceInline'
02:43:09.256 [main] DEBUG com.tngtech.archunit.core.importer.JavaClassProcessor - Processing class 'org/springframework/http/MediaType'
02:43:09.256 [main] DEBUG com.tngtech.archunit.core.importer.JavaClassProcessor - Processing class 'java/util/Locale$LanguageRange'
02:43:09.257 [main] DEBUG com.tngtech.archunit.core.importer.JavaClassProcessor - Processing class 'java/util/EventListener'
02:43:09.257 [main] DEBUG com.tngtech.archunit.core.importer.JavaClassProcessor - Processing class 'java/lang/Class$ReflectionData'
02:43:09.257 [main] DEBUG com.tngtech.archunit.core.importer.JavaClassProcessor - Processing class 'java/lang/reflect/Type'
02:43:09.257 [main] DEBUG com.tngtech.archunit.core.importer.JavaClassProcessor - Processing class 'jdk/internal/reflect/CallerSensitive'
02:43:09.257 [main] DEBUG com.tngtech.archunit.core.importer.JavaClassProcessor - Processing class 'org/springframework/beans/factory/BeanClassLoaderAware'
02:43:09.258 [main] DEBUG com.tngtech.archunit.core.importer.JavaClassProcessor - Processing class 'org/springframework/context/annotation/AnnotationScopeMetadataResolver'
02:43:09.258 [main] DEBUG com.tngtech.archunit.core.importer.JavaClassProcessor - Processing class 'java/lang/reflect/AnnotatedElement'
02:43:09.258 [main] DEBUG com.tngtech.archunit.core.importer.JavaClassProcessor - Processing class 'org/springframework/boot/autoconfigure/AutoConfigurationPackage'
02:43:09.259 [main] DEBUG com.tngtech.archunit.core.importer.JavaClassProcessor - Processing class 'org/springframework/data/repository/CrudRepository'
02:43:09.259 [main] DEBUG com.tngtech.archunit.core.importer.JavaClassProcessor - Processing class 'java/lang/Iterable'
02:43:09.259 [main] DEBUG com.tngtech.archunit.core.importer.JavaClassProcessor - Processing class 'java/lang/FunctionalInterface'
02:43:09.259 [main] DEBUG com.tngtech.archunit.core.importer.JavaClassProcessor - Processing class 'java/nio/charset/Charset'
02:43:09.260 [main] DEBUG com.tngtech.archunit.core.importer.JavaClassProcessor - Processing class 'java/lang/annotation/Repeatable'
02:43:09.260 [main] DEBUG com.tngtech.archunit.core.importer.JavaClassProcessor - Processing class 'org/springframework/beans/factory/BeanFactoryAware'
02:43:09.260 [main] DEBUG com.tngtech.archunit.core.importer.JavaClassProcessor - Processing class 'org/springframework/context/annotation/ComponentScans'
02:43:09.261 [main] DEBUG com.tngtech.archunit.core.importer.JavaClassProcessor - Processing class 'org/springframework/stereotype/Indexed'
02:43:09.261 [main] DEBUG com.tngtech.archunit.core.importer.JavaClassProcessor - Processing class 'java/lang/reflect/GenericDeclaration'
02:43:09.261 [main] DEBUG com.tngtech.archunit.core.importer.JavaClassProcessor - Processing class 'java/util/Map$Entry'
02:43:09.262 [main] DEBUG com.tngtech.archunit.core.importer.JavaClassProcessor - Processing class 'org/springframework/http/HttpMethod'
02:43:09.262 [main] DEBUG com.tngtech.archunit.core.importer.JavaClassProcessor - Processing class 'org/springframework/context/annotation/ScopedProxyMode'
02:43:09.262 [main] DEBUG com.tngtech.archunit.core.importer.JavaClassProcessor - Processing class 'org/springframework/util/MultiValueMap'
02:43:09.262 [main] DEBUG com.tngtech.archunit.core.importer.JavaClassProcessor - Processing class 'org/springframework/context/annotation/Import'
02:43:09.262 [main] DEBUG com.tngtech.archunit.core.importer.JavaClassProcessor - Processing class 'org/springframework/http/HttpRange'
02:43:09.262 [main] DEBUG com.tngtech.archunit.core.importer.JavaClassProcessor - Processing class 'java/lang/reflect/Field'
02:43:09.263 [main] DEBUG com.tngtech.archunit.core.importer.JavaClassProcessor - Processing class 'org/springframework/context/ApplicationContext'
02:43:09.263 [main] DEBUG com.tngtech.archunit.core.importer.JavaClassProcessor - Processing class 'org/springframework/context/Lifecycle'
02:43:09.263 [main] DEBUG com.tngtech.archunit.core.importer.JavaClassProcessor - Processing class 'org/springframework/context/ApplicationEvent'
02:43:09.263 [main] DEBUG com.tngtech.archunit.core.importer.JavaClassProcessor - Processing class 'org/springframework/context/annotation/ScopeMetadataResolver'
02:43:09.263 [main] DEBUG com.tngtech.archunit.core.importer.JavaClassProcessor - Processing class 'java/io/Closeable'
02:43:09.263 [main] DEBUG com.tngtech.archunit.core.importer.JavaClassProcessor - Processing class 'org/springframework/core/env/AbstractEnvironment'
02:43:09.264 [main] DEBUG com.tngtech.archunit.core.importer.JavaClassProcessor - Processing class 'org/springframework/beans/factory/HierarchicalBeanFactory'
02:43:09.264 [main] DEBUG com.tngtech.archunit.core.importer.JavaClassProcessor - Processing class 'org/springframework/boot/autoconfigure/AutoConfigurationImportListener'
02:43:09.264 [main] DEBUG com.tngtech.archunit.core.importer.JavaClassProcessor - Processing class 'java/nio/charset/spi/CharsetProvider'
02:43:09.264 [main] DEBUG com.tngtech.archunit.core.importer.JavaClassProcessor - Processing class 'java/lang/AutoCloseable'
02:43:09.264 [main] DEBUG com.tngtech.archunit.core.importer.JavaClassProcessor - Processing class 'java/util/EventObject'
02:43:09.264 [main] DEBUG com.tngtech.archunit.core.importer.JavaClassProcessor - Processing class 'org/springframework/util/MimeType'
02:43:09.264 [main] DEBUG com.tngtech.archunit.core.importer.JavaClassProcessor - Processing class 'java/lang/Character'
02:43:09.265 [main] DEBUG com.tngtech.archunit.core.importer.JavaClassProcessor - Processing class 'org/springframework/data/repository/Repository'
02:43:09.265 [main] DEBUG com.tngtech.archunit.core.importer.JavaClassProcessor - Processing class 'java/util/Map'
02:43:09.265 [main] DEBUG com.tngtech.archunit.core.importer.JavaClassProcessor - Processing class 'org/springframework/context/ApplicationEventPublisher'
02:43:09.265 [main] DEBUG com.tngtech.archunit.core.importer.JavaClassProcessor - Processing class 'java/lang/reflect/Executable'
02:43:09.266 [main] DEBUG com.tngtech.archunit.core.importer.JavaClassProcessor - Processing class 'org/springframework/boot/autoconfigure/AutoConfigurationPackages$Registrar'
02:43:09.266 [main] DEBUG com.tngtech.archunit.core.importer.JavaClassProcessor - Processing class 'java/lang/Cloneable'
02:43:09.266 [main] DEBUG com.tngtech.archunit.core.importer.JavaClassProcessor - Processing class 'java/lang/ThreadLocal'
02:43:09.266 [main] DEBUG com.tngtech.archunit.core.importer.JavaClassProcessor - Processing class 'java/lang/reflect/Member'
02:43:09.266 [main] DEBUG com.tngtech.archunit.core.importer.JavaClassProcessor - Processing class 'sun/util/locale/LocaleExtensions'
02:43:09.266 [main] DEBUG com.tngtech.archunit.core.importer.JavaClassProcessor - Processing class 'org/springframework/beans/factory/ListableBeanFactory'
02:43:09.266 [main] DEBUG com.tngtech.archunit.core.importer.JavaClassProcessor - Processing class 'org/springframework/core/Ordered'
02:43:09.266 [main] DEBUG com.tngtech.archunit.core.importer.JavaClassProcessor - Processing class 'org/springframework/context/annotation/DeferredImportSelector'
02:43:09.266 [main] DEBUG com.tngtech.archunit.core.importer.JavaClassProcessor - Processing class 'org/springframework/beans/factory/Aware'
02:43:09.267 [main] DEBUG com.tngtech.archunit.core.importer.JavaClassProcessor - Processing class 'org/springframework/core/ResolvableTypeProvider'
02:43:09.267 [main] DEBUG com.tngtech.archunit.core.importer.JavaClassProcessor - Processing class 'org/springframework/core/io/support/ResourceRegion'
02:43:09.267 [main] DEBUG com.tngtech.archunit.core.importer.JavaClassProcessor - Processing class 'org/springframework/boot/autoconfigure/AutoConfigurationImportFilter'
02:43:09.267 [main] DEBUG com.tngtech.archunit.core.importer.JavaClassProcessor - Processing class 'org/springframework/core/env/ConfigurableEnvironment'
02:43:09.267 [main] DEBUG com.tngtech.archunit.core.importer.JavaClassProcessor - Processing class 'org/springframework/core/env/EnvironmentCapable'
02:43:09.267 [main] DEBUG com.tngtech.archunit.core.importer.JavaClassProcessor - Processing class 'org/springframework/context/MessageSource'
02:43:09.267 [main] DEBUG com.tngtech.archunit.core.importer.JavaClassProcessor - Processing class 'java/lang/reflect/AccessibleObject'
02:43:09.267 [main] DEBUG com.tngtech.archunit.core.importer.JavaClassProcessor - Processing class 'org/springframework/context/ResourceLoaderAware'
02:43:09.267 [main] DEBUG com.tngtech.archunit.core.importer.JavaClassProcessor - Processing class 'org/springframework/context/annotation/DeferredImportSelector$Group'
02:43:09.268 [main] DEBUG com.tngtech.archunit.core.importer.JavaClassProcessor - Processing class 'org/springframework/context/EnvironmentAware'
02:43:09.268 [main] DEBUG com.tngtech.archunit.core.importer.JavaClassProcessor - Processing class 'org/springframework/core/io/support/ResourcePatternResolver'
02:43:09.268 [main] DEBUG com.tngtech.archunit.core.importer.JavaClassProcessor - Processing class 'sun/util/locale/Extension'
02:43:09.268 [main] DEBUG com.tngtech.archunit.core.importer.JavaClassProcessor - Processing class 'org/springframework/core/env/ConfigurablePropertyResolver'
02:43:09.268 [main] DEBUG com.tngtech.archunit.core.importer.JavaClassProcessor - Processing class 'org/springframework/context/annotation/DeferredImportSelector$Group$Entry'
02:43:09.268 [main] DEBUG com.tngtech.archunit.core.importer.JavaClassProcessor - Processing class 'org/springframework/context/annotation/ImportBeanDefinitionRegistrar'
02:43:09.268 [main] DEBUG com.tngtech.archunit.core.importer.JavaClassProcessor - Processing class 'org/springframework/context/annotation/ImportSelector'
02:43:09.268 [main] DEBUG com.tngtech.archunit.core.importer.JavaClassProcessor - Processing class 'org/springframework/core/io/ResourceLoader'
02:43:09.268 [main] DEBUG com.tngtech.archunit.core.importer.JavaClassProcessor - Processing class 'org/springframework/boot/autoconfigure/AutoConfigurationPackages'
02:43:09.268 [main] DEBUG com.tngtech.archunit.core.importer.JavaClassProcessor - Processing class 'org/springframework/boot/context/annotation/DeterminableImports'
02:43:09.269 [main] DEBUG com.tngtech.archunit.core.importer.JavaClassProcessor - Processing class 'org/springframework/core/env/Environment'
02:43:09.269 [main] DEBUG com.tngtech.archunit.core.importer.JavaClassProcessor - Processing class 'org/springframework/beans/factory/BeanFactory'
02:43:09.269 [main] DEBUG com.tngtech.archunit.core.importer.JavaClassProcessor - Processing class 'sun/util/locale/InternalLocaleBuilder$CaseInsensitiveString'
02:43:09.269 [main] DEBUG com.tngtech.archunit.core.importer.JavaClassProcessor - Processing class 'sun/util/locale/InternalLocaleBuilder$CaseInsensitiveChar'
02:43:09.269 [main] DEBUG com.tngtech.archunit.core.importer.JavaClassProcessor - Processing class 'org/springframework/core/env/PropertyResolver'
02:43:09.269 [main] DEBUG com.tngtech.archunit.core.importer.JavaClassProcessor - Processing class 'sun/util/locale/InternalLocaleBuilder'
02:43:09.270 [main] DEBUG com.tngtech.archunit.core.importer.JavaClassProcessor - Processing class 'java/io/IOException'
02:43:09.270 [main] DEBUG com.tngtech.archunit.core.importer.JavaClassProcessor - Processing class 'java/util/stream/IntStream'
02:43:09.276 [main] DEBUG com.tngtech.archunit.core.importer.JavaClassProcessor - Processing class 'java/lang/Module'
02:43:09.277 [main] DEBUG com.tngtech.archunit.core.importer.JavaClassProcessor - Processing class 'java/lang/ClassLoader'
02:43:09.278 [main] DEBUG com.tngtech.archunit.core.importer.JavaClassProcessor - Processing class 'sun/reflect/generics/repository/ClassRepository'
02:43:09.278 [main] DEBUG com.tngtech.archunit.core.importer.JavaClassProcessor - Processing class 'jdk/internal/reflect/ReflectionFactory'
02:43:09.278 [main] DEBUG com.tngtech.archunit.core.importer.JavaClassProcessor - Processing class 'java/security/ProtectionDomain'
02:43:09.279 [main] DEBUG com.tngtech.archunit.core.importer.JavaClassProcessor - Processing class 'java/lang/reflect/Constructor'
02:43:09.279 [main] DEBUG com.tngtech.archunit.core.importer.JavaClassProcessor - Processing class 'java/io/ObjectStreamField'
02:43:09.279 [main] DEBUG com.tngtech.archunit.core.importer.JavaClassProcessor - Processing class 'java/lang/ref/SoftReference'
02:43:09.280 [main] DEBUG com.tngtech.archunit.core.importer.JavaClassProcessor - Processing class 'sun/reflect/annotation/AnnotationType'
02:43:09.280 [main] DEBUG com.tngtech.archunit.core.importer.JavaClassProcessor - Processing class 'java/lang/ClassValue$ClassValueMap'
02:43:09.280 [main] DEBUG com.tngtech.archunit.core.importer.JavaClassProcessor - Processing class 'java/lang/Class$AnnotationData'
02:43:09.280 [main] DEBUG com.tngtech.archunit.core.importer.JavaClassProcessor - Processing class 'java/lang/SecurityException'
02:43:09.280 [main] DEBUG com.tngtech.archunit.core.importer.JavaClassProcessor - Processing class 'java/lang/NoSuchMethodException'
02:43:09.281 [main] DEBUG com.tngtech.archunit.core.importer.JavaClassProcessor - Processing class 'java/lang/reflect/AnnotatedType'
02:43:09.281 [main] DEBUG com.tngtech.archunit.core.importer.JavaClassProcessor - Processing class 'java/lang/ClassNotFoundException'
02:43:09.281 [main] DEBUG com.tngtech.archunit.core.importer.JavaClassProcessor - Processing class 'java/io/InputStream'
02:43:09.281 [main] DEBUG com.tngtech.archunit.core.importer.JavaClassProcessor - Processing class 'java/lang/SecurityManager'
02:43:09.281 [main] DEBUG com.tngtech.archunit.core.importer.JavaClassProcessor - Processing class 'java/lang/NoSuchFieldException'
02:43:09.281 [main] DEBUG com.tngtech.archunit.core.importer.JavaClassProcessor - Processing class 'java/lang/InstantiationException'
02:43:09.281 [main] DEBUG com.tngtech.archunit.core.importer.JavaClassProcessor - Processing class 'java/lang/IllegalAccessException'
02:43:09.282 [main] DEBUG com.tngtech.archunit.core.importer.JavaClassProcessor - Processing class 'java/lang/reflect/TypeVariable'
02:43:09.282 [main] DEBUG com.tngtech.archunit.core.importer.JavaClassProcessor - Processing class 'jdk/internal/reflect/ConstantPool'
02:43:09.282 [main] DEBUG com.tngtech.archunit.core.importer.JavaClassProcessor - Processing class 'java/lang/Class$EnclosingMethodInfo'
02:43:09.282 [main] DEBUG com.tngtech.archunit.core.importer.JavaClassProcessor - Processing class 'java/net/URL'
02:43:09.282 [main] DEBUG com.tngtech.archunit.core.importer.JavaClassProcessor - Processing class 'java/lang/Package'
02:43:09.283 [main] DEBUG com.tngtech.archunit.core.importer.JavaClassProcessor - Processing class 'java/lang/PublicMethods$MethodList'
02:43:09.283 [main] DEBUG com.tngtech.archunit.core.importer.JavaClassProcessor - Processing class 'sun/reflect/generics/factory/GenericsFactory'
02:43:09.284 [main] DEBUG com.tngtech.archunit.core.importer.JavaClassProcessor - Processing class 'java/io/ObjectStreamException'
02:43:09.284 [main] DEBUG com.tngtech.archunit.core.importer.JavaClassProcessor - Processing class 'java/io/ObjectInputStream'
02:43:09.284 [main] DEBUG com.tngtech.archunit.core.importer.JavaClassProcessor - Processing class 'java/lang/CloneNotSupportedException'
02:43:09.284 [main] DEBUG com.tngtech.archunit.core.importer.JavaClassProcessor - Processing class 'java/util/Iterator'
02:43:09.284 [main] DEBUG com.tngtech.archunit.core.importer.JavaClassProcessor - Processing class 'java/util/function/Consumer'
02:43:09.284 [main] DEBUG com.tngtech.archunit.core.importer.JavaClassProcessor - Processing class 'java/util/Spliterator'
02:43:09.285 [main] DEBUG com.tngtech.archunit.core.importer.JavaClassProcessor - Processing class 'java/lang/NumberFormatException'
02:43:09.285 [main] DEBUG com.tngtech.archunit.core.importer.JavaClassProcessor - Processing class 'java/math/BigInteger'
02:43:09.287 [main] DEBUG com.tngtech.archunit.core.importer.JavaClassProcessor - Processing class 'java/lang/InterruptedException'
02:43:09.287 [main] DEBUG com.tngtech.archunit.core.importer.JavaClassProcessor - Processing class 'java/util/Comparator'
02:43:09.287 [main] DEBUG com.tngtech.archunit.core.importer.JavaClassProcessor - Processing class 'java/util/stream/Stream'
02:43:09.287 [main] DEBUG com.tngtech.archunit.core.importer.JavaClassProcessor - Processing class 'java/lang/AbstractStringBuilder'
02:43:09.288 [main] DEBUG com.tngtech.archunit.core.importer.JavaClassProcessor - Processing class 'java/lang/StringBuffer'
02:43:09.288 [main] DEBUG com.tngtech.archunit.core.importer.JavaClassProcessor - Processing class 'java/io/UnsupportedEncodingException'
02:43:09.288 [main] DEBUG com.tngtech.archunit.core.importer.JavaClassProcessor - Processing class 'java/lang/StringBuilder'
02:43:09.289 [main] DEBUG com.tngtech.archunit.core.importer.JavaClassProcessor - Processing class 'java/util/concurrent/atomic/AtomicInteger'
02:43:09.289 [main] DEBUG com.tngtech.archunit.core.importer.JavaClassProcessor - Processing class 'java/lang/Thread'
02:43:09.289 [main] DEBUG com.tngtech.archunit.core.importer.JavaClassProcessor - Processing class 'java/util/function/Supplier'
02:43:09.289 [main] DEBUG com.tngtech.archunit.core.importer.JavaClassProcessor - Processing class 'java/lang/ThreadLocal$ThreadLocalMap'
02:43:09.290 [main] DEBUG com.tngtech.archunit.core.importer.JavaClassProcessor - Processing class 'java/lang/StackTraceElement'
02:43:09.290 [main] DEBUG com.tngtech.archunit.core.importer.JavaClassProcessor - Processing class 'java/io/PrintStream'
02:43:09.290 [main] DEBUG com.tngtech.archunit.core.importer.JavaClassProcessor - Processing class 'java/io/ObjectOutputStream'
02:43:09.290 [main] DEBUG com.tngtech.archunit.core.importer.JavaClassProcessor - Processing class 'java/lang/Throwable$PrintStreamOrWriter'
02:43:09.291 [main] DEBUG com.tngtech.archunit.core.importer.JavaClassProcessor - Processing class 'java/util/Set'
02:43:09.291 [main] DEBUG com.tngtech.archunit.core.importer.JavaClassProcessor - Processing class 'java/io/PrintWriter'
02:43:09.292 [main] DEBUG com.tngtech.archunit.core.importer.JavaClassProcessor - Processing class 'java/lang/reflect/Parameter'
02:43:09.292 [main] DEBUG com.tngtech.archunit.core.importer.JavaClassProcessor - Processing class 'sun/reflect/generics/repository/ConstructorRepository'
02:43:09.292 [main] DEBUG com.tngtech.archunit.core.importer.JavaClassProcessor - Processing class 'jdk/internal/reflect/FieldAccessor'
02:43:09.292 [main] DEBUG com.tngtech.archunit.core.importer.JavaClassProcessor - Processing class 'sun/reflect/generics/repository/FieldRepository'
02:43:09.293 [main] DEBUG com.tngtech.archunit.core.importer.JavaClassProcessor - Processing class 'java/lang/IllegalArgumentException'
02:43:09.293 [main] DEBUG com.tngtech.archunit.core.importer.JavaClassProcessor - Processing class 'sun/reflect/generics/repository/MethodRepository'
02:43:09.293 [main] DEBUG com.tngtech.archunit.core.importer.JavaClassProcessor - Processing class 'jdk/internal/reflect/MethodAccessor'
02:43:09.293 [main] DEBUG com.tngtech.archunit.core.importer.JavaClassProcessor - Processing class 'java/lang/reflect/InvocationTargetException'
02:43:09.293 [main] DEBUG com.tngtech.archunit.core.importer.JavaClassProcessor - Processing class 'java/nio/charset/CharsetEncoder'
02:43:09.293 [main] DEBUG com.tngtech.archunit.core.importer.JavaClassProcessor - Processing class 'java/util/SortedMap'
02:43:09.293 [main] DEBUG com.tngtech.archunit.core.importer.JavaClassProcessor - Processing class 'java/nio/CharBuffer'
02:43:09.294 [main] DEBUG com.tngtech.archunit.core.importer.JavaClassProcessor - Processing class 'java/nio/ByteBuffer'
02:43:09.294 [main] DEBUG com.tngtech.archunit.core.importer.JavaClassProcessor - Processing class 'java/nio/charset/CharsetDecoder'
02:43:09.294 [main] DEBUG com.tngtech.archunit.core.importer.JavaClassProcessor - Processing class 'java/util/function/IntFunction'
02:43:09.294 [main] DEBUG com.tngtech.archunit.core.importer.JavaClassProcessor - Processing class 'java/util/function/Predicate'
02:43:09.295 [main] DEBUG com.tngtech.archunit.core.importer.JavaClassProcessor - Processing class 'java/util/function/UnaryOperator'
02:43:09.295 [main] DEBUG com.tngtech.archunit.core.importer.JavaClassProcessor - Processing class 'java/util/ListIterator'
02:43:09.295 [main] DEBUG com.tngtech.archunit.core.importer.JavaClassProcessor - Processing class 'java/util/Locale$Cache'
02:43:09.295 [main] DEBUG com.tngtech.archunit.core.importer.JavaClassProcessor - Processing class 'sun/util/locale/BaseLocale'
02:43:09.295 [main] DEBUG com.tngtech.archunit.core.importer.JavaClassProcessor - Processing class 'sun/util/locale/provider/LocaleResources'
02:43:09.295 [main] DEBUG com.tngtech.archunit.core.importer.JavaClassProcessor - Processing class 'java/util/Locale$FilteringMode'
02:43:09.295 [main] DEBUG com.tngtech.archunit.core.importer.JavaClassProcessor - Processing class 'java/util/MissingResourceException'
02:43:09.295 [main] DEBUG com.tngtech.archunit.core.importer.JavaClassProcessor - Processing class 'java/util/Locale$Category'
02:43:09.295 [main] DEBUG com.tngtech.archunit.core.importer.JavaClassProcessor - Processing class 'java/util/Locale$IsoCountryCode'
02:43:09.296 [main] DEBUG com.tngtech.archunit.core.importer.JavaClassProcessor - Processing class 'java/util/function/BiFunction'
02:43:09.296 [main] DEBUG com.tngtech.archunit.core.importer.JavaClassProcessor - Processing class 'java/util/function/BiConsumer'
02:43:09.296 [main] DEBUG com.tngtech.archunit.core.importer.JavaClassProcessor - Processing class 'java/util/function/Function'
02:43:09.297 [main] DEBUG com.tngtech.archunit.core.importer.JavaClassProcessor - Processing class 'java/lang/invoke/SerializedLambda'
02:43:09.297 [main] DEBUG com.tngtech.archunit.core.importer.JavaClassProcessor - Processing class 'java/lang/Runnable'
02:43:09.298 [main] DEBUG com.tngtech.archunit.core.importer.JavaClassProcessor - Processing class 'org/springframework/beans/factory/ObjectProvider'
02:43:09.298 [main] DEBUG com.tngtech.archunit.core.importer.JavaClassProcessor - Processing class 'org/springframework/core/ResolvableType'
02:43:09.299 [main] DEBUG com.tngtech.archunit.core.importer.JavaClassProcessor - Processing class 'org/springframework/beans/factory/NoSuchBeanDefinitionException'
02:43:09.299 [main] DEBUG com.tngtech.archunit.core.importer.JavaClassProcessor - Processing class 'org/springframework/beans/BeansException'
02:43:09.299 [main] DEBUG com.tngtech.archunit.core.importer.JavaClassProcessor - Processing class 'org/springframework/beans/factory/config/BeanDefinition'
02:43:09.300 [main] DEBUG com.tngtech.archunit.core.importer.JavaClassProcessor - Processing class 'org/springframework/beans/factory/support/BeanDefinitionRegistry'
02:43:09.300 [main] DEBUG com.tngtech.archunit.core.importer.JavaClassProcessor - Processing class 'org/springframework/boot/BootstrapRegistry'
02:43:09.300 [main] DEBUG com.tngtech.archunit.core.importer.JavaClassProcessor - Processing class 'org/springframework/core/metrics/ApplicationStartup'
02:43:09.300 [main] DEBUG com.tngtech.archunit.core.importer.JavaClassProcessor - Processing class 'org/springframework/boot/WebApplicationType'
02:43:09.300 [main] DEBUG com.tngtech.archunit.core.importer.JavaClassProcessor - Processing class 'org/springframework/boot/SpringApplicationShutdownHook'
02:43:09.301 [main] DEBUG com.tngtech.archunit.core.importer.JavaClassProcessor - Processing class 'org/springframework/boot/Banner'
02:43:09.301 [main] DEBUG com.tngtech.archunit.core.importer.JavaClassProcessor - Processing class 'org/springframework/boot/ApplicationContextFactory'
02:43:09.301 [main] DEBUG com.tngtech.archunit.core.importer.JavaClassProcessor - Processing class 'org/springframework/boot/Banner$Mode'
02:43:09.301 [main] DEBUG com.tngtech.archunit.core.importer.JavaClassProcessor - Processing class 'org/apache/commons/logging/Log'
02:43:09.301 [main] DEBUG com.tngtech.archunit.core.importer.JavaClassProcessor - Processing class 'org/springframework/boot/ApplicationArguments'
02:43:09.302 [main] DEBUG com.tngtech.archunit.core.importer.JavaClassProcessor - Processing class 'org/springframework/boot/ExitCodeGenerator'
02:43:09.302 [main] DEBUG com.tngtech.archunit.core.importer.JavaClassProcessor - Processing class 'org/springframework/boot/Bootstrapper'
02:43:09.302 [main] DEBUG com.tngtech.archunit.core.importer.JavaClassProcessor - Processing class 'java/util/Properties'
02:43:09.303 [main] DEBUG com.tngtech.archunit.core.importer.JavaClassProcessor - Processing class 'org/springframework/boot/BeanDefinitionLoader'
02:43:09.303 [main] DEBUG com.tngtech.archunit.core.importer.JavaClassProcessor - Processing class 'org/springframework/boot/DefaultBootstrapContext'
02:43:09.303 [main] DEBUG com.tngtech.archunit.core.importer.JavaClassProcessor - Processing class 'org/springframework/boot/SpringApplicationShutdownHandlers'
02:43:09.304 [main] DEBUG com.tngtech.archunit.core.importer.JavaClassProcessor - Processing class 'org/springframework/boot/SpringApplicationRunListeners'
02:43:09.304 [main] DEBUG com.tngtech.archunit.core.importer.JavaClassProcessor - Processing class 'org/springframework/boot/SpringBootExceptionHandler'
02:43:09.304 [main] DEBUG com.tngtech.archunit.core.importer.JavaClassProcessor - Processing class 'org/springframework/boot/ApplicationRunner'
02:43:09.304 [main] DEBUG com.tngtech.archunit.core.importer.JavaClassProcessor - Processing class 'org/springframework/boot/CommandLineRunner'
02:43:09.305 [main] DEBUG com.tngtech.archunit.core.importer.JavaClassProcessor - Processing class 'org/springframework/core/type/classreading/MetadataReader'
02:43:09.305 [main] DEBUG com.tngtech.archunit.core.importer.JavaClassProcessor - Processing class 'org/springframework/core/type/classreading/MetadataReaderFactory'
02:43:09.305 [main] DEBUG com.tngtech.archunit.core.importer.JavaClassProcessor - Processing class 'org/springframework/boot/autoconfigure/AutoConfigurationMetadata'
02:43:09.305 [main] DEBUG com.tngtech.archunit.core.importer.JavaClassProcessor - Processing class 'org/springframework/boot/autoconfigure/AutoConfigurationImportEvent'
02:43:09.306 [main] DEBUG com.tngtech.archunit.core.importer.JavaClassProcessor - Processing class 'org/springframework/beans/factory/config/ConfigurableListableBeanFactory'
02:43:09.306 [main] DEBUG com.tngtech.archunit.core.importer.JavaClassProcessor - Processing class 'org/springframework/boot/autoconfigure/AutoConfigurationImportSelector$AutoConfigurationEntry'
02:43:09.306 [main] DEBUG com.tngtech.archunit.core.importer.JavaClassProcessor - Processing class 'org/springframework/boot/autoconfigure/AutoConfigurationImportSelector$ConfigurationClassFilter'
02:43:09.306 [main] DEBUG com.tngtech.archunit.core.importer.JavaClassProcessor - Processing class 'org/springframework/core/annotation/AnnotationAttributes'
02:43:09.307 [main] DEBUG com.tngtech.archunit.core.importer.JavaClassProcessor - Processing class 'org/springframework/core/type/AnnotationMetadata'
02:43:09.307 [main] DEBUG com.tngtech.archunit.core.importer.JavaClassProcessor - Processing class 'org/springframework/beans/factory/config/AutowireCapableBeanFactory'
02:43:09.307 [main] DEBUG com.tngtech.archunit.core.importer.JavaClassProcessor - Processing class 'java/lang/IllegalStateException'
02:43:09.308 [main] DEBUG com.tngtech.archunit.core.importer.JavaClassProcessor - Processing class 'java/time/Clock'
02:43:09.308 [main] DEBUG com.tngtech.archunit.core.importer.JavaClassProcessor - Processing class 'org/springframework/core/io/ProtocolResolver'
02:43:09.308 [main] DEBUG com.tngtech.archunit.core.importer.JavaClassProcessor - Processing class 'org/springframework/beans/factory/config/BeanFactoryPostProcessor'
02:43:09.308 [main] DEBUG com.tngtech.archunit.core.importer.JavaClassProcessor - Processing class 'org/springframework/context/MessageSourceResolvable'
02:43:09.308 [main] DEBUG com.tngtech.archunit.core.importer.JavaClassProcessor - Processing class 'org/springframework/context/NoSuchMessageException'
02:43:09.309 [main] DEBUG com.tngtech.archunit.core.importer.JavaClassProcessor - Processing class 'org/springframework/context/annotation/ScopeMetadata'
02:43:09.310 [main] DEBUG com.tngtech.archunit.core.importer.JavaClassProcessor - Processing class 'org/springframework/core/env/MutablePropertySources'
02:43:09.310 [main] DEBUG com.tngtech.archunit.core.importer.JavaClassProcessor - Processing class 'org/springframework/core/convert/support/ConfigurableConversionService'
02:43:09.310 [main] DEBUG com.tngtech.archunit.core.importer.JavaClassProcessor - Processing class 'org/springframework/core/env/Profiles'
02:43:09.311 [main] DEBUG com.tngtech.archunit.core.importer.JavaClassProcessor - Processing class 'org/springframework/core/env/MissingRequiredPropertiesException'
02:43:09.311 [main] DEBUG com.tngtech.archunit.core.importer.JavaClassProcessor - Processing class 'org/springframework/core/io/Resource'
02:43:09.312 [main] DEBUG com.tngtech.archunit.core.importer.JavaClassProcessor - Processing class 'org/springframework/data/domain/Example'
02:43:09.312 [main] DEBUG com.tngtech.archunit.core.importer.JavaClassProcessor - Processing class 'org/springframework/data/domain/Sort'
02:43:09.312 [main] DEBUG com.tngtech.archunit.core.importer.JavaClassProcessor - Processing class 'org/springframework/data/domain/Page'
02:43:09.313 [main] DEBUG com.tngtech.archunit.core.importer.JavaClassProcessor - Processing class 'org/springframework/data/domain/Pageable'
02:43:09.313 [main] DEBUG com.tngtech.archunit.core.importer.JavaClassProcessor - Processing class 'java/time/format/DateTimeFormatter'
02:43:09.313 [main] DEBUG com.tngtech.archunit.core.importer.JavaClassProcessor - Processing class 'java/time/ZoneId'
02:43:09.314 [main] DEBUG com.tngtech.archunit.core.importer.JavaClassProcessor - Processing class 'java/util/regex/Pattern'
02:43:09.315 [main] DEBUG com.tngtech.archunit.core.importer.JavaClassProcessor - Processing class 'java/text/DecimalFormatSymbols'
02:43:09.315 [main] DEBUG com.tngtech.archunit.core.importer.JavaClassProcessor - Processing class 'java/time/ZonedDateTime'
02:43:09.316 [main] DEBUG com.tngtech.archunit.core.importer.JavaClassProcessor - Processing class 'org/springframework/http/ContentDisposition'
02:43:09.316 [main] DEBUG com.tngtech.archunit.core.importer.JavaClassProcessor - Processing class 'java/net/InetSocketAddress'
02:43:09.317 [main] DEBUG com.tngtech.archunit.core.importer.JavaClassProcessor - Processing class 'java/net/URI'
02:43:09.317 [main] DEBUG com.tngtech.archunit.core.importer.JavaClassProcessor - Processing class 'org/springframework/http/CacheControl'
02:43:09.318 [main] DEBUG com.tngtech.archunit.core.importer.JavaClassProcessor - Processing class 'java/time/Duration'
02:43:09.318 [main] DEBUG com.tngtech.archunit.core.importer.JavaClassProcessor - Processing class 'java/time/Instant'
02:43:09.320 [main] DEBUG com.tngtech.archunit.core.importer.JavaClassProcessor - Processing class 'org/springframework/http/HttpStatus'
02:43:09.320 [main] DEBUG com.tngtech.archunit.core.importer.JavaClassProcessor - Processing class 'org/springframework/http/ResponseEntity$1'
02:43:09.321 [main] DEBUG com.tngtech.archunit.core.importer.JavaClassProcessor - Processing class 'java/util/BitSet'
02:43:09.322 [main] DEBUG com.tngtech.archunit.core.importer.JavaClassProcessor - Processing class 'sun/util/locale/LocaleSyntaxException'
02:43:09.323 [main] DEBUG com.tngtech.archunit.core.importer.JavaClassProcessor - Processing class 'sun/util/locale/LanguageTag'
]]></system-out>
  </testcase>
  <testcase name="allClassesShouldBeInAppropriatePackages" classname="archtests.SongArchitectureTests" time="0.103">
    <system-out><![CDATA[02:43:09.335 [main] DEBUG com.tngtech.archunit.core.importer.UrlSource$From - Found URLs on sun.boot.class.path: []
02:43:09.339 [main] DEBUG com.tngtech.archunit.core.importer.UrlSource$From - Found URLs on java.class.path: [file:/M:/Lab/song-manager/target/test-classes/, file:/M:/Lab/song-manager/target/classes/, jar:file:/C:/Users/User/.m2/repository/org/springframework/boot/spring-boot-starter-web/2.5.4/spring-boot-starter-web-2.5.4.jar!/, jar:file:/C:/Users/User/.m2/repository/org/springframework/boot/spring-boot-starter/2.5.4/spring-boot-starter-2.5.4.jar!/, jar:file:/C:/Users/User/.m2/repository/org/springframework/boot/spring-boot/2.5.4/spring-boot-2.5.4.jar!/, jar:file:/C:/Users/User/.m2/repository/org/springframework/boot/spring-boot-autoconfigure/2.5.4/spring-boot-autoconfigure-2.5.4.jar!/, jar:file:/C:/Users/User/.m2/repository/org/springframework/boot/spring-boot-starter-logging/2.5.4/spring-boot-starter-logging-2.5.4.jar!/, jar:file:/C:/Users/User/.m2/repository/ch/qos/logback/logback-classic/1.2.5/logback-classic-1.2.5.jar!/, jar:file:/C:/Users/User/.m2/repository/ch/qos/logback/logback-core/1.2.5/logback-core-1.2.5.jar!/, jar:file:/C:/Users/User/.m2/repository/org/apache/logging/log4j/log4j-to-slf4j/2.14.1/log4j-to-slf4j-2.14.1.jar!/, jar:file:/C:/Users/User/.m2/repository/org/apache/logging/log4j/log4j-api/2.14.1/log4j-api-2.14.1.jar!/, jar:file:/C:/Users/User/.m2/repository/org/slf4j/jul-to-slf4j/1.7.32/jul-to-slf4j-1.7.32.jar!/, jar:file:/C:/Users/User/.m2/repository/jakarta/annotation/jakarta.annotation-api/1.3.5/jakarta.annotation-api-1.3.5.jar!/, jar:file:/C:/Users/User/.m2/repository/org/yaml/snakeyaml/1.28/snakeyaml-1.28.jar!/, jar:file:/C:/Users/User/.m2/repository/org/springframework/boot/spring-boot-starter-json/2.5.4/spring-boot-starter-json-2.5.4.jar!/, jar:file:/C:/Users/User/.m2/repository/com/fasterxml/jackson/core/jackson-databind/2.12.4/jackson-databind-2.12.4.jar!/, jar:file:/C:/Users/User/.m2/repository/com/fasterxml/jackson/core/jackson-annotations/2.12.4/jackson-annotations-2.12.4.jar!/, jar:file:/C:/Users/User/.m2/repository/com/fasterxml/jackson/core/jackson-core/2.12.4/jackson-core-2.12.4.jar!/, jar:file:/C:/Users/User/.m2/repository/com/fasterxml/jackson/datatype/jackson-datatype-jdk8/2.12.4/jackson-datatype-jdk8-2.12.4.jar!/, jar:file:/C:/Users/User/.m2/repository/com/fasterxml/jackson/datatype/jackson-datatype-jsr310/2.12.4/jackson-datatype-jsr310-2.12.4.jar!/, jar:file:/C:/Users/User/.m2/repository/com/fasterxml/jackson/module/jackson-module-parameter-names/2.12.4/jackson-module-parameter-names-2.12.4.jar!/, jar:file:/C:/Users/User/.m2/repository/org/springframework/boot/spring-boot-starter-tomcat/2.5.4/spring-boot-starter-tomcat-2.5.4.jar!/, jar:file:/C:/Users/User/.m2/repository/org/apache/tomcat/embed/tomcat-embed-core/9.0.52/tomcat-embed-core-9.0.52.jar!/, jar:file:/C:/Users/User/.m2/repository/org/apache/tomcat/embed/tomcat-embed-el/9.0.52/tomcat-embed-el-9.0.52.jar!/, jar:file:/C:/Users/User/.m2/repository/org/apache/tomcat/embed/tomcat-embed-websocket/9.0.52/tomcat-embed-websocket-9.0.52.jar!/, jar:file:/C:/Users/User/.m2/repository/org/springframework/spring-web/5.3.9/spring-web-5.3.9.jar!/, jar:file:/C:/Users/User/.m2/repository/org/springframework/spring-beans/5.3.9/spring-beans-5.3.9.jar!/, jar:file:/C:/Users/User/.m2/repository/org/springframework/spring-webmvc/5.3.9/spring-webmvc-5.3.9.jar!/, jar:file:/C:/Users/User/.m2/repository/org/springframework/spring-aop/5.3.9/spring-aop-5.3.9.jar!/, jar:file:/C:/Users/User/.m2/repository/org/springframework/spring-context/5.3.9/spring-context-5.3.9.jar!/, jar:file:/C:/Users/User/.m2/repository/org/springframework/spring-expression/5.3.9/spring-expression-5.3.9.jar!/, jar:file:/C:/Users/User/.m2/repository/org/springframework/boot/spring-boot-starter-data-jpa/2.5.4/spring-boot-starter-data-jpa-2.5.4.jar!/, jar:file:/C:/Users/User/.m2/repository/org/springframework/boot/spring-boot-starter-aop/2.5.4/spring-boot-starter-aop-2.5.4.jar!/, jar:file:/C:/Users/User/.m2/repository/org/aspectj/aspectjweaver/1.9.7/aspectjweaver-1.9.7.jar!/, jar:file:/C:/Users/User/.m2/repository/org/springframework/boot/spring-boot-starter-jdbc/2.5.4/spring-boot-starter-jdbc-2.5.4.jar!/, jar:file:/C:/Users/User/.m2/repository/com/zaxxer/HikariCP/4.0.3/HikariCP-4.0.3.jar!/, jar:file:/C:/Users/User/.m2/repository/org/springframework/spring-jdbc/5.3.9/spring-jdbc-5.3.9.jar!/, jar:file:/C:/Users/User/.m2/repository/jakarta/transaction/jakarta.transaction-api/1.3.3/jakarta.transaction-api-1.3.3.jar!/, jar:file:/C:/Users/User/.m2/repository/jakarta/persistence/jakarta.persistence-api/2.2.3/jakarta.persistence-api-2.2.3.jar!/, jar:file:/C:/Users/User/.m2/repository/org/hibernate/hibernate-core/5.4.32.Final/hibernate-core-5.4.32.Final.jar!/, jar:file:/C:/Users/User/.m2/repository/org/jboss/logging/jboss-logging/3.4.2.Final/jboss-logging-3.4.2.Final.jar!/, jar:file:/C:/Users/User/.m2/repository/org/javassist/javassist/3.27.0-GA/javassist-3.27.0-GA.jar!/, jar:file:/C:/Users/User/.m2/repository/net/bytebuddy/byte-buddy/1.10.22/byte-buddy-1.10.22.jar!/, jar:file:/C:/Users/User/.m2/repository/antlr/antlr/2.7.7/antlr-2.7.7.jar!/, jar:file:/C:/Users/User/.m2/repository/org/jboss/jandex/2.2.3.Final/jandex-2.2.3.Final.jar!/, jar:file:/C:/Users/User/.m2/repository/com/fasterxml/classmate/1.5.1/classmate-1.5.1.jar!/, jar:file:/C:/Users/User/.m2/repository/org/dom4j/dom4j/2.1.3/dom4j-2.1.3.jar!/, jar:file:/C:/Users/User/.m2/repository/org/hibernate/common/hibernate-commons-annotations/5.1.2.Final/hibernate-commons-annotations-5.1.2.Final.jar!/, jar:file:/C:/Users/User/.m2/repository/org/glassfish/jaxb/jaxb-runtime/2.3.5/jaxb-runtime-2.3.5.jar!/, jar:file:/C:/Users/User/.m2/repository/org/glassfish/jaxb/txw2/2.3.5/txw2-2.3.5.jar!/, jar:file:/C:/Users/User/.m2/repository/com/sun/istack/istack-commons-runtime/3.0.12/istack-commons-runtime-3.0.12.jar!/, jar:file:/C:/Users/User/.m2/repository/com/sun/activation/jakarta.activation/1.2.2/jakarta.activation-1.2.2.jar!/, jar:file:/C:/Users/User/.m2/repository/org/springframework/data/spring-data-jpa/2.5.4/spring-data-jpa-2.5.4.jar!/, jar:file:/C:/Users/User/.m2/repository/org/springframework/data/spring-data-commons/2.5.4/spring-data-commons-2.5.4.jar!/, jar:file:/C:/Users/User/.m2/repository/org/springframework/spring-orm/5.3.9/spring-orm-5.3.9.jar!/, jar:file:/C:/Users/User/.m2/repository/org/springframework/spring-tx/5.3.9/spring-tx-5.3.9.jar!/, jar:file:/C:/Users/User/.m2/repository/org/springframework/spring-aspects/5.3.9/spring-aspects-5.3.9.jar!/, jar:file:/C:/Users/User/.m2/repository/com/h2database/h2/1.4.200/h2-1.4.200.jar!/, jar:file:/C:/Users/User/.m2/repository/javax/persistence/javax.persistence-api/2.2/javax.persistence-api-2.2.jar!/, jar:file:/C:/Users/User/.m2/repository/org/springframework/boot/spring-boot-starter-test/2.5.4/spring-boot-starter-test-2.5.4.jar!/, jar:file:/C:/Users/User/.m2/repository/org/springframework/boot/spring-boot-test/2.5.4/spring-boot-test-2.5.4.jar!/, jar:file:/C:/Users/User/.m2/repository/org/springframework/boot/spring-boot-test-autoconfigure/2.5.4/spring-boot-test-autoconfigure-2.5.4.jar!/, jar:file:/C:/Users/User/.m2/repository/com/jayway/jsonpath/json-path/2.5.0/json-path-2.5.0.jar!/, jar:file:/C:/Users/User/.m2/repository/net/minidev/json-smart/2.4.7/json-smart-2.4.7.jar!/, jar:file:/C:/Users/User/.m2/repository/net/minidev/accessors-smart/2.4.7/accessors-smart-2.4.7.jar!/, jar:file:/C:/Users/User/.m2/repository/org/ow2/asm/asm/9.1/asm-9.1.jar!/, jar:file:/C:/Users/User/.m2/repository/jakarta/xml/bind/jakarta.xml.bind-api/2.3.3/jakarta.xml.bind-api-2.3.3.jar!/, jar:file:/C:/Users/User/.m2/repository/jakarta/activation/jakarta.activation-api/1.2.2/jakarta.activation-api-1.2.2.jar!/, jar:file:/C:/Users/User/.m2/repository/org/assertj/assertj-core/3.19.0/assertj-core-3.19.0.jar!/, jar:file:/C:/Users/User/.m2/repository/org/hamcrest/hamcrest/2.2/hamcrest-2.2.jar!/, jar:file:/C:/Users/User/.m2/repository/org/junit/jupiter/junit-jupiter/5.7.2/junit-jupiter-5.7.2.jar!/, jar:file:/C:/Users/User/.m2/repository/org/junit/jupiter/junit-jupiter-api/5.7.2/junit-jupiter-api-5.7.2.jar!/, jar:file:/C:/Users/User/.m2/repository/org/apiguardian/apiguardian-api/1.1.0/apiguardian-api-1.1.0.jar!/, jar:file:/C:/Users/User/.m2/repository/org/opentest4j/opentest4j/1.2.0/opentest4j-1.2.0.jar!/, jar:file:/C:/Users/User/.m2/repository/org/junit/platform/junit-platform-commons/1.7.2/junit-platform-commons-1.7.2.jar!/, jar:file:/C:/Users/User/.m2/repository/org/junit/jupiter/junit-jupiter-params/5.7.2/junit-jupiter-params-5.7.2.jar!/, jar:file:/C:/Users/User/.m2/repository/org/junit/jupiter/junit-jupiter-engine/5.7.2/junit-jupiter-engine-5.7.2.jar!/, jar:file:/C:/Users/User/.m2/repository/org/junit/platform/junit-platform-engine/1.7.2/junit-platform-engine-1.7.2.jar!/, jar:file:/C:/Users/User/.m2/repository/org/mockito/mockito-core/3.9.0/mockito-core-3.9.0.jar!/, jar:file:/C:/Users/User/.m2/repository/net/bytebuddy/byte-buddy-agent/1.10.22/byte-buddy-agent-1.10.22.jar!/, jar:file:/C:/Users/User/.m2/repository/org/objenesis/objenesis/3.2/objenesis-3.2.jar!/, jar:file:/C:/Users/User/.m2/repository/org/mockito/mockito-junit-jupiter/3.9.0/mockito-junit-jupiter-3.9.0.jar!/, jar:file:/C:/Users/User/.m2/repository/org/skyscreamer/jsonassert/1.5.0/jsonassert-1.5.0.jar!/, jar:file:/C:/Users/User/.m2/repository/com/vaadin/external/google/android-json/0.0.20131108.vaadin1/android-json-0.0.20131108.vaadin1.jar!/, jar:file:/C:/Users/User/.m2/repository/org/springframework/spring-core/5.3.9/spring-core-5.3.9.jar!/, jar:file:/C:/Users/User/.m2/repository/org/springframework/spring-jcl/5.3.9/spring-jcl-5.3.9.jar!/, jar:file:/C:/Users/User/.m2/repository/org/springframework/spring-test/5.3.9/spring-test-5.3.9.jar!/, jar:file:/C:/Users/User/.m2/repository/org/xmlunit/xmlunit-core/2.8.2/xmlunit-core-2.8.2.jar!/, jar:file:/C:/Users/User/.m2/repository/com/tngtech/archunit/archunit-junit5/1.1.0/archunit-junit5-1.1.0.jar!/, jar:file:/C:/Users/User/.m2/repository/com/tngtech/archunit/archunit-junit5-api/1.1.0/archunit-junit5-api-1.1.0.jar!/, jar:file:/C:/Users/User/.m2/repository/com/tngtech/archunit/archunit-junit5-engine/1.1.0/archunit-junit5-engine-1.1.0.jar!/, jar:file:/C:/Users/User/.m2/repository/com/tngtech/archunit/archunit-junit5-engine-api/1.1.0/archunit-junit5-engine-api-1.1.0.jar!/, jar:file:/C:/Users/User/.m2/repository/com/tngtech/archunit/archunit/1.1.0/archunit-1.1.0.jar!/, jar:file:/C:/Users/User/.m2/repository/org/slf4j/slf4j-api/1.7.32/slf4j-api-1.7.32.jar!/]
02:43:09.348 [main] DEBUG com.tngtech.archunit.core.importer.JavaClassProcessor - Processing class 'com/example/songs/SongManagerApplication'
02:43:09.348 [main] DEBUG com.tngtech.archunit.core.importer.JavaClassProcessor - Processing class 'com/example/songs/model/Song'
02:43:09.349 [main] DEBUG com.tngtech.archunit.core.importer.JavaClassProcessor - Processing class 'com/example/songs/service/SongService'
02:43:09.349 [main] DEBUG com.tngtech.archunit.core.importer.JavaClassProcessor - Processing class 'com/example/songs/repository/SongRepository'
02:43:09.349 [main] DEBUG com.tngtech.archunit.core.importer.JavaClassProcessor - Processing class 'com/example/songs/controller/SongController'
02:43:09.350 [main] DEBUG com.tngtech.archunit.core.importer.JavaClassProcessor - Processing class 'org/springframework/web/bind/annotation/PathVariable'
02:43:09.350 [main] DEBUG com.tngtech.archunit.core.importer.JavaClassProcessor - Processing class 'org/springframework/web/bind/annotation/RequestMapping'
02:43:09.350 [main] DEBUG com.tngtech.archunit.core.importer.JavaClassProcessor - Processing class 'org/springframework/http/ResponseEntity$BodyBuilder'
02:43:09.350 [main] DEBUG com.tngtech.archunit.core.importer.JavaClassProcessor - Processing class 'org/springframework/web/bind/annotation/RequestBody'
02:43:09.351 [main] DEBUG com.tngtech.archunit.core.importer.JavaClassProcessor - Processing class 'org/springframework/boot/SpringApplication'
02:43:09.351 [main] DEBUG com.tngtech.archunit.core.importer.JavaClassProcessor - Processing class 'org/springframework/web/bind/annotation/PutMapping'
02:43:09.352 [main] DEBUG com.tngtech.archunit.core.importer.JavaClassProcessor - Processing class 'java/lang/Long'
02:43:09.352 [main] DEBUG com.tngtech.archunit.core.importer.JavaClassProcessor - Processing class 'org/springframework/stereotype/Service'
02:43:09.352 [main] DEBUG com.tngtech.archunit.core.importer.JavaClassProcessor - Processing class 'org/springframework/web/bind/annotation/GetMapping'
02:43:09.352 [main] DEBUG com.tngtech.archunit.core.importer.JavaClassProcessor - Processing class 'java/lang/String'
02:43:09.353 [main] DEBUG com.tngtech.archunit.core.importer.JavaClassProcessor - Processing class 'org/springframework/web/bind/annotation/DeleteMapping'
02:43:09.353 [main] DEBUG com.tngtech.archunit.core.importer.JavaClassProcessor - Processing class 'javax/persistence/Id'
02:43:09.353 [main] DEBUG com.tngtech.archunit.core.importer.JavaClassProcessor - Processing class 'javax/persistence/Entity'
02:43:09.353 [main] DEBUG com.tngtech.archunit.core.importer.JavaClassProcessor - Processing class 'org/springframework/web/bind/annotation/PostMapping'
02:43:09.353 [main] DEBUG com.tngtech.archunit.core.importer.JavaClassProcessor - Processing class 'java/lang/Void'
02:43:09.353 [main] DEBUG com.tngtech.archunit.core.importer.JavaClassProcessor - Processing class 'org/springframework/boot/autoconfigure/SpringBootApplication'
02:43:09.353 [main] DEBUG com.tngtech.archunit.core.importer.JavaClassProcessor - Processing class 'java/lang/RuntimeException'
02:43:09.354 [main] DEBUG com.tngtech.archunit.core.importer.JavaClassProcessor - Processing class 'org/springframework/web/bind/annotation/RestController'
02:43:09.354 [main] DEBUG com.tngtech.archunit.core.importer.JavaClassProcessor - Processing class 'javax/persistence/GenerationType'
02:43:09.354 [main] DEBUG com.tngtech.archunit.core.importer.JavaClassProcessor - Processing class 'java/util/List'
02:43:09.354 [main] DEBUG com.tngtech.archunit.core.importer.JavaClassProcessor - Processing class 'javax/persistence/GeneratedValue'
02:43:09.354 [main] DEBUG com.tngtech.archunit.core.importer.JavaClassProcessor - Processing class 'java/util/Optional'
02:43:09.355 [main] DEBUG com.tngtech.archunit.core.importer.JavaClassProcessor - Processing class 'java/lang/Object'
02:43:09.355 [main] DEBUG com.tngtech.archunit.core.importer.JavaClassProcessor - Processing class 'org/springframework/http/ResponseEntity'
02:43:09.355 [main] DEBUG com.tngtech.archunit.core.importer.JavaClassProcessor - Processing class 'org/springframework/http/ResponseEntity$HeadersBuilder'
02:43:09.355 [main] DEBUG com.tngtech.archunit.core.importer.JavaClassProcessor - Processing class 'org/springframework/data/jpa/repository/JpaRepository'
02:43:09.355 [main] DEBUG com.tngtech.archunit.core.importer.JavaClassProcessor - Processing class 'java/lang/annotation/Inherited'
02:43:09.355 [main] DEBUG com.tngtech.archunit.core.importer.JavaClassProcessor - Processing class 'org/springframework/context/annotation/ComponentScan$Filter'
02:43:09.355 [main] DEBUG com.tngtech.archunit.core.importer.JavaClassProcessor - Processing class 'java/lang/Enum'
02:43:09.356 [main] DEBUG com.tngtech.archunit.core.importer.JavaClassProcessor - Processing class 'org/springframework/context/ConfigurableApplicationContext'
02:43:09.356 [main] DEBUG com.tngtech.archunit.core.importer.JavaClassProcessor - Processing class 'java/lang/annotation/Documented'
02:43:09.356 [main] DEBUG com.tngtech.archunit.core.importer.JavaClassProcessor - Processing class 'java/lang/CharSequence'
02:43:09.356 [main] DEBUG com.tngtech.archunit.core.importer.JavaClassProcessor - Processing class 'org/springframework/data/repository/PagingAndSortingRepository'
02:43:09.356 [main] DEBUG com.tngtech.archunit.core.importer.JavaClassProcessor - Processing class 'org/springframework/http/HttpHeaders'
02:43:09.357 [main] DEBUG com.tngtech.archunit.core.importer.JavaClassProcessor - Processing class 'java/util/Collection'
02:43:09.357 [main] DEBUG com.tngtech.archunit.core.importer.JavaClassProcessor - Processing class 'org/springframework/web/bind/annotation/RequestMethod'
02:43:09.357 [main] DEBUG com.tngtech.archunit.core.importer.JavaClassProcessor - Processing class 'org/springframework/context/ApplicationListener'
02:43:09.357 [main] DEBUG com.tngtech.archunit.core.importer.JavaClassProcessor - Processing class 'java/lang/Exception'
02:43:09.357 [main] DEBUG com.tngtech.archunit.core.importer.JavaClassProcessor - Processing class 'java/io/Serializable'
02:43:09.358 [main] DEBUG com.tngtech.archunit.core.importer.JavaClassProcessor - Processing class 'org/springframework/context/annotation/Configuration'
02:43:09.358 [main] DEBUG com.tngtech.archunit.core.importer.JavaClassProcessor - Processing class 'org/springframework/http/HttpEntity'
02:43:09.358 [main] DEBUG com.tngtech.archunit.core.importer.JavaClassProcessor - Processing class 'org/springframework/beans/factory/support/BeanNameGenerator'
02:43:09.358 [main] DEBUG com.tngtech.archunit.core.importer.JavaClassProcessor - Processing class 'org/springframework/boot/SpringBootExceptionReporter'
02:43:09.358 [main] DEBUG com.tngtech.archunit.core.importer.JavaClassProcessor - Processing class 'java/lang/annotation/Annotation'
02:43:09.358 [main] DEBUG com.tngtech.archunit.core.importer.JavaClassProcessor - Processing class 'java/lang/Throwable'
02:43:09.359 [main] DEBUG com.tngtech.archunit.core.importer.JavaClassProcessor - Processing class 'org/springframework/boot/autoconfigure/AutoConfigurationExcludeFilter'
02:43:09.359 [main] DEBUG com.tngtech.archunit.core.importer.JavaClassProcessor - Processing class 'org/springframework/stereotype/Controller'
02:43:09.360 [main] DEBUG com.tngtech.archunit.core.importer.JavaClassProcessor - Processing class 'org/springframework/boot/context/TypeExcludeFilter'
02:43:09.360 [main] DEBUG com.tngtech.archunit.core.importer.JavaClassProcessor - Processing class 'java/lang/annotation/Retention'
02:43:09.360 [main] DEBUG com.tngtech.archunit.core.importer.JavaClassProcessor - Processing class 'org/springframework/data/repository/NoRepositoryBean'
02:43:09.360 [main] DEBUG com.tngtech.archunit.core.importer.JavaClassProcessor - Processing class 'org/springframework/boot/BootstrapRegistryInitializer'
02:43:09.360 [main] DEBUG com.tngtech.archunit.core.importer.JavaClassProcessor - Processing class 'jdk/internal/HotSpotIntrinsicCandidate'
02:43:09.360 [main] DEBUG com.tngtech.archunit.core.importer.JavaClassProcessor - Processing class 'org/springframework/lang/Nullable'
02:43:09.360 [main] DEBUG com.tngtech.archunit.core.importer.JavaClassProcessor - Processing class 'java/lang/Number'
02:43:09.361 [main] DEBUG com.tngtech.archunit.core.importer.JavaClassProcessor - Processing class 'org/springframework/context/annotation/FilterType'
02:43:09.361 [main] DEBUG com.tngtech.archunit.core.importer.JavaClassProcessor - Processing class 'org/springframework/core/annotation/AliasFor'
02:43:09.361 [main] DEBUG com.tngtech.archunit.core.importer.JavaClassProcessor - Processing class 'java/lang/SafeVarargs'
02:43:09.361 [main] DEBUG com.tngtech.archunit.core.importer.JavaClassProcessor - Processing class 'jdk/internal/vm/annotation/Stable'
02:43:09.361 [main] DEBUG com.tngtech.archunit.core.importer.JavaClassProcessor - Processing class 'org/springframework/boot/autoconfigure/EnableAutoConfiguration'
02:43:09.361 [main] DEBUG com.tngtech.archunit.core.importer.JavaClassProcessor - Processing class 'java/lang/Deprecated'
02:43:09.361 [main] DEBUG com.tngtech.archunit.core.importer.JavaClassProcessor - Processing class 'java/lang/annotation/Target'
02:43:09.362 [main] DEBUG com.tngtech.archunit.core.importer.JavaClassProcessor - Processing class 'org/springframework/core/env/StandardEnvironment'
02:43:09.362 [main] DEBUG com.tngtech.archunit.core.importer.JavaClassProcessor - Processing class 'java/lang/annotation/ElementType'
02:43:09.362 [main] DEBUG com.tngtech.archunit.core.importer.JavaClassProcessor - Processing class 'org/springframework/web/bind/annotation/ResponseBody'
02:43:09.362 [main] DEBUG com.tngtech.archunit.core.importer.JavaClassProcessor - Processing class 'org/springframework/context/annotation/ComponentScan'
02:43:09.362 [main] DEBUG com.tngtech.archunit.core.importer.JavaClassProcessor - Processing class 'org/springframework/data/repository/query/QueryByExampleExecutor'
02:43:09.363 [main] DEBUG com.tngtech.archunit.core.importer.JavaClassProcessor - Processing class 'org/springframework/stereotype/Component'
02:43:09.363 [main] DEBUG com.tngtech.archunit.core.importer.JavaClassProcessor - Processing class 'org/springframework/boot/SpringBootConfiguration'
02:43:09.363 [main] DEBUG com.tngtech.archunit.core.importer.JavaClassProcessor - Processing class 'java/lang/Class'
02:43:09.364 [main] DEBUG com.tngtech.archunit.core.importer.JavaClassProcessor - Processing class 'java/lang/Comparable'
02:43:09.364 [main] DEBUG com.tngtech.archunit.core.importer.JavaClassProcessor - Processing class 'org/springframework/context/ApplicationContextInitializer'
02:43:09.364 [main] DEBUG com.tngtech.archunit.core.importer.JavaClassProcessor - Processing class 'java/lang/annotation/RetentionPolicy'
02:43:09.364 [main] DEBUG com.tngtech.archunit.core.importer.JavaClassProcessor - Processing class 'org/springframework/web/bind/annotation/Mapping'
02:43:09.364 [main] DEBUG com.tngtech.archunit.core.importer.JavaClassProcessor - Processing class 'org/springframework/core/type/filter/TypeFilter'
02:43:09.364 [main] DEBUG com.tngtech.archunit.core.importer.JavaClassProcessor - Processing class 'java/util/Locale'
02:43:09.365 [main] DEBUG com.tngtech.archunit.core.importer.JavaClassProcessor - Processing class 'java/lang/reflect/Method'
02:43:09.365 [main] DEBUG com.tngtech.archunit.core.importer.JavaClassProcessor - Processing class 'org/springframework/context/PayloadApplicationEvent'
02:43:09.365 [main] DEBUG com.tngtech.archunit.core.importer.JavaClassProcessor - Processing class 'org/springframework/boot/autoconfigure/AutoConfigurationImportSelector'
02:43:09.366 [main] DEBUG com.tngtech.archunit.core.importer.JavaClassProcessor - Processing class 'jdk/internal/vm/annotation/ForceInline'
02:43:09.366 [main] DEBUG com.tngtech.archunit.core.importer.JavaClassProcessor - Processing class 'org/springframework/http/MediaType'
02:43:09.366 [main] DEBUG com.tngtech.archunit.core.importer.JavaClassProcessor - Processing class 'java/util/Locale$LanguageRange'
02:43:09.366 [main] DEBUG com.tngtech.archunit.core.importer.JavaClassProcessor - Processing class 'java/util/EventListener'
02:43:09.366 [main] DEBUG com.tngtech.archunit.core.importer.JavaClassProcessor - Processing class 'java/lang/Class$ReflectionData'
02:43:09.366 [main] DEBUG com.tngtech.archunit.core.importer.JavaClassProcessor - Processing class 'java/lang/reflect/Type'
02:43:09.366 [main] DEBUG com.tngtech.archunit.core.importer.JavaClassProcessor - Processing class 'jdk/internal/reflect/CallerSensitive'
02:43:09.367 [main] DEBUG com.tngtech.archunit.core.importer.JavaClassProcessor - Processing class 'org/springframework/beans/factory/BeanClassLoaderAware'
02:43:09.367 [main] DEBUG com.tngtech.archunit.core.importer.JavaClassProcessor - Processing class 'org/springframework/context/annotation/AnnotationScopeMetadataResolver'
02:43:09.367 [main] DEBUG com.tngtech.archunit.core.importer.JavaClassProcessor - Processing class 'java/lang/reflect/AnnotatedElement'
02:43:09.367 [main] DEBUG com.tngtech.archunit.core.importer.JavaClassProcessor - Processing class 'org/springframework/boot/autoconfigure/AutoConfigurationPackage'
02:43:09.367 [main] DEBUG com.tngtech.archunit.core.importer.JavaClassProcessor - Processing class 'org/springframework/data/repository/CrudRepository'
02:43:09.367 [main] DEBUG com.tngtech.archunit.core.importer.JavaClassProcessor - Processing class 'java/lang/Iterable'
02:43:09.367 [main] DEBUG com.tngtech.archunit.core.importer.JavaClassProcessor - Processing class 'java/lang/FunctionalInterface'
02:43:09.367 [main] DEBUG com.tngtech.archunit.core.importer.JavaClassProcessor - Processing class 'java/nio/charset/Charset'
02:43:09.367 [main] DEBUG com.tngtech.archunit.core.importer.JavaClassProcessor - Processing class 'java/lang/annotation/Repeatable'
02:43:09.367 [main] DEBUG com.tngtech.archunit.core.importer.JavaClassProcessor - Processing class 'org/springframework/beans/factory/BeanFactoryAware'
02:43:09.368 [main] DEBUG com.tngtech.archunit.core.importer.JavaClassProcessor - Processing class 'org/springframework/context/annotation/ComponentScans'
02:43:09.368 [main] DEBUG com.tngtech.archunit.core.importer.JavaClassProcessor - Processing class 'org/springframework/stereotype/Indexed'
02:43:09.368 [main] DEBUG com.tngtech.archunit.core.importer.JavaClassProcessor - Processing class 'java/lang/reflect/GenericDeclaration'
02:43:09.368 [main] DEBUG com.tngtech.archunit.core.importer.JavaClassProcessor - Processing class 'java/util/Map$Entry'
02:43:09.368 [main] DEBUG com.tngtech.archunit.core.importer.JavaClassProcessor - Processing class 'org/springframework/http/HttpMethod'
02:43:09.368 [main] DEBUG com.tngtech.archunit.core.importer.JavaClassProcessor - Processing class 'org/springframework/context/annotation/ScopedProxyMode'
02:43:09.368 [main] DEBUG com.tngtech.archunit.core.importer.JavaClassProcessor - Processing class 'org/springframework/util/MultiValueMap'
02:43:09.369 [main] DEBUG com.tngtech.archunit.core.importer.JavaClassProcessor - Processing class 'org/springframework/context/annotation/Import'
02:43:09.369 [main] DEBUG com.tngtech.archunit.core.importer.JavaClassProcessor - Processing class 'org/springframework/http/HttpRange'
02:43:09.369 [main] DEBUG com.tngtech.archunit.core.importer.JavaClassProcessor - Processing class 'java/lang/reflect/Field'
02:43:09.369 [main] DEBUG com.tngtech.archunit.core.importer.JavaClassProcessor - Processing class 'org/springframework/context/ApplicationContext'
02:43:09.369 [main] DEBUG com.tngtech.archunit.core.importer.JavaClassProcessor - Processing class 'org/springframework/context/Lifecycle'
02:43:09.369 [main] DEBUG com.tngtech.archunit.core.importer.JavaClassProcessor - Processing class 'org/springframework/context/ApplicationEvent'
02:43:09.369 [main] DEBUG com.tngtech.archunit.core.importer.JavaClassProcessor - Processing class 'org/springframework/context/annotation/ScopeMetadataResolver'
02:43:09.369 [main] DEBUG com.tngtech.archunit.core.importer.JavaClassProcessor - Processing class 'java/io/Closeable'
02:43:09.370 [main] DEBUG com.tngtech.archunit.core.importer.JavaClassProcessor - Processing class 'org/springframework/core/env/AbstractEnvironment'
02:43:09.370 [main] DEBUG com.tngtech.archunit.core.importer.JavaClassProcessor - Processing class 'org/springframework/beans/factory/HierarchicalBeanFactory'
02:43:09.370 [main] DEBUG com.tngtech.archunit.core.importer.JavaClassProcessor - Processing class 'org/springframework/boot/autoconfigure/AutoConfigurationImportListener'
02:43:09.370 [main] DEBUG com.tngtech.archunit.core.importer.JavaClassProcessor - Processing class 'java/nio/charset/spi/CharsetProvider'
02:43:09.370 [main] DEBUG com.tngtech.archunit.core.importer.JavaClassProcessor - Processing class 'java/lang/AutoCloseable'
02:43:09.370 [main] DEBUG com.tngtech.archunit.core.importer.JavaClassProcessor - Processing class 'java/util/EventObject'
02:43:09.370 [main] DEBUG com.tngtech.archunit.core.importer.JavaClassProcessor - Processing class 'org/springframework/util/MimeType'
02:43:09.370 [main] DEBUG com.tngtech.archunit.core.importer.JavaClassProcessor - Processing class 'java/lang/Character'
02:43:09.371 [main] DEBUG com.tngtech.archunit.core.importer.JavaClassProcessor - Processing class 'org/springframework/data/repository/Repository'
02:43:09.371 [main] DEBUG com.tngtech.archunit.core.importer.JavaClassProcessor - Processing class 'java/util/Map'
02:43:09.371 [main] DEBUG com.tngtech.archunit.core.importer.JavaClassProcessor - Processing class 'org/springframework/context/ApplicationEventPublisher'
02:43:09.371 [main] DEBUG com.tngtech.archunit.core.importer.JavaClassProcessor - Processing class 'java/lang/reflect/Executable'
02:43:09.372 [main] DEBUG com.tngtech.archunit.core.importer.JavaClassProcessor - Processing class 'org/springframework/boot/autoconfigure/AutoConfigurationPackages$Registrar'
02:43:09.372 [main] DEBUG com.tngtech.archunit.core.importer.JavaClassProcessor - Processing class 'java/lang/Cloneable'
02:43:09.372 [main] DEBUG com.tngtech.archunit.core.importer.JavaClassProcessor - Processing class 'java/lang/ThreadLocal'
02:43:09.372 [main] DEBUG com.tngtech.archunit.core.importer.JavaClassProcessor - Processing class 'java/lang/reflect/Member'
02:43:09.372 [main] DEBUG com.tngtech.archunit.core.importer.JavaClassProcessor - Processing class 'sun/util/locale/LocaleExtensions'
02:43:09.372 [main] DEBUG com.tngtech.archunit.core.importer.JavaClassProcessor - Processing class 'org/springframework/beans/factory/ListableBeanFactory'
02:43:09.372 [main] DEBUG com.tngtech.archunit.core.importer.JavaClassProcessor - Processing class 'org/springframework/core/Ordered'
02:43:09.372 [main] DEBUG com.tngtech.archunit.core.importer.JavaClassProcessor - Processing class 'org/springframework/context/annotation/DeferredImportSelector'
02:43:09.372 [main] DEBUG com.tngtech.archunit.core.importer.JavaClassProcessor - Processing class 'org/springframework/beans/factory/Aware'
02:43:09.372 [main] DEBUG com.tngtech.archunit.core.importer.JavaClassProcessor - Processing class 'org/springframework/core/ResolvableTypeProvider'
02:43:09.373 [main] DEBUG com.tngtech.archunit.core.importer.JavaClassProcessor - Processing class 'org/springframework/core/io/support/ResourceRegion'
02:43:09.373 [main] DEBUG com.tngtech.archunit.core.importer.JavaClassProcessor - Processing class 'org/springframework/boot/autoconfigure/AutoConfigurationImportFilter'
02:43:09.373 [main] DEBUG com.tngtech.archunit.core.importer.JavaClassProcessor - Processing class 'org/springframework/core/env/ConfigurableEnvironment'
02:43:09.373 [main] DEBUG com.tngtech.archunit.core.importer.JavaClassProcessor - Processing class 'org/springframework/core/env/EnvironmentCapable'
02:43:09.373 [main] DEBUG com.tngtech.archunit.core.importer.JavaClassProcessor - Processing class 'org/springframework/context/MessageSource'
02:43:09.373 [main] DEBUG com.tngtech.archunit.core.importer.JavaClassProcessor - Processing class 'java/lang/reflect/AccessibleObject'
02:43:09.373 [main] DEBUG com.tngtech.archunit.core.importer.JavaClassProcessor - Processing class 'org/springframework/context/ResourceLoaderAware'
02:43:09.373 [main] DEBUG com.tngtech.archunit.core.importer.JavaClassProcessor - Processing class 'org/springframework/context/annotation/DeferredImportSelector$Group'
02:43:09.373 [main] DEBUG com.tngtech.archunit.core.importer.JavaClassProcessor - Processing class 'org/springframework/context/EnvironmentAware'
02:43:09.374 [main] DEBUG com.tngtech.archunit.core.importer.JavaClassProcessor - Processing class 'org/springframework/core/io/support/ResourcePatternResolver'
02:43:09.374 [main] DEBUG com.tngtech.archunit.core.importer.JavaClassProcessor - Processing class 'sun/util/locale/Extension'
02:43:09.374 [main] DEBUG com.tngtech.archunit.core.importer.JavaClassProcessor - Processing class 'org/springframework/core/env/ConfigurablePropertyResolver'
02:43:09.374 [main] DEBUG com.tngtech.archunit.core.importer.JavaClassProcessor - Processing class 'org/springframework/context/annotation/DeferredImportSelector$Group$Entry'
02:43:09.374 [main] DEBUG com.tngtech.archunit.core.importer.JavaClassProcessor - Processing class 'org/springframework/context/annotation/ImportBeanDefinitionRegistrar'
02:43:09.374 [main] DEBUG com.tngtech.archunit.core.importer.JavaClassProcessor - Processing class 'org/springframework/context/annotation/ImportSelector'
02:43:09.374 [main] DEBUG com.tngtech.archunit.core.importer.JavaClassProcessor - Processing class 'org/springframework/core/io/ResourceLoader'
02:43:09.374 [main] DEBUG com.tngtech.archunit.core.importer.JavaClassProcessor - Processing class 'org/springframework/boot/autoconfigure/AutoConfigurationPackages'
02:43:09.375 [main] DEBUG com.tngtech.archunit.core.importer.JavaClassProcessor - Processing class 'org/springframework/boot/context/annotation/DeterminableImports'
02:43:09.375 [main] DEBUG com.tngtech.archunit.core.importer.JavaClassProcessor - Processing class 'org/springframework/core/env/Environment'
02:43:09.375 [main] DEBUG com.tngtech.archunit.core.importer.JavaClassProcessor - Processing class 'org/springframework/beans/factory/BeanFactory'
02:43:09.375 [main] DEBUG com.tngtech.archunit.core.importer.JavaClassProcessor - Processing class 'sun/util/locale/InternalLocaleBuilder$CaseInsensitiveString'
02:43:09.375 [main] DEBUG com.tngtech.archunit.core.importer.JavaClassProcessor - Processing class 'sun/util/locale/InternalLocaleBuilder$CaseInsensitiveChar'
02:43:09.375 [main] DEBUG com.tngtech.archunit.core.importer.JavaClassProcessor - Processing class 'org/springframework/core/env/PropertyResolver'
02:43:09.375 [main] DEBUG com.tngtech.archunit.core.importer.JavaClassProcessor - Processing class 'sun/util/locale/InternalLocaleBuilder'
02:43:09.376 [main] DEBUG com.tngtech.archunit.core.importer.JavaClassProcessor - Processing class 'java/io/IOException'
02:43:09.376 [main] DEBUG com.tngtech.archunit.core.importer.JavaClassProcessor - Processing class 'java/util/stream/IntStream'
02:43:09.377 [main] DEBUG com.tngtech.archunit.core.importer.JavaClassProcessor - Processing class 'java/security/ProtectionDomain'
02:43:09.378 [main] DEBUG com.tngtech.archunit.core.importer.JavaClassProcessor - Processing class 'java/io/ObjectStreamField'
02:43:09.378 [main] DEBUG com.tngtech.archunit.core.importer.JavaClassProcessor - Processing class 'java/lang/Module'
02:43:09.378 [main] DEBUG com.tngtech.archunit.core.importer.JavaClassProcessor - Processing class 'java/lang/ref/SoftReference'
02:43:09.379 [main] DEBUG com.tngtech.archunit.core.importer.JavaClassProcessor - Processing class 'sun/reflect/generics/repository/ClassRepository'
02:43:09.379 [main] DEBUG com.tngtech.archunit.core.importer.JavaClassProcessor - Processing class 'jdk/internal/reflect/ReflectionFactory'
02:43:09.379 [main] DEBUG com.tngtech.archunit.core.importer.JavaClassProcessor - Processing class 'sun/reflect/annotation/AnnotationType'
02:43:09.379 [main] DEBUG com.tngtech.archunit.core.importer.JavaClassProcessor - Processing class 'java/lang/Class$AnnotationData'
02:43:09.379 [main] DEBUG com.tngtech.archunit.core.importer.JavaClassProcessor - Processing class 'java/lang/reflect/Constructor'
02:43:09.379 [main] DEBUG com.tngtech.archunit.core.importer.JavaClassProcessor - Processing class 'java/lang/ClassLoader'
02:43:09.380 [main] DEBUG com.tngtech.archunit.core.importer.JavaClassProcessor - Processing class 'java/lang/ClassValue$ClassValueMap'
02:43:09.380 [main] DEBUG com.tngtech.archunit.core.importer.JavaClassProcessor - Processing class 'java/lang/SecurityException'
02:43:09.381 [main] DEBUG com.tngtech.archunit.core.importer.JavaClassProcessor - Processing class 'java/lang/NoSuchMethodException'
02:43:09.381 [main] DEBUG com.tngtech.archunit.core.importer.JavaClassProcessor - Processing class 'java/lang/reflect/AnnotatedType'
02:43:09.381 [main] DEBUG com.tngtech.archunit.core.importer.JavaClassProcessor - Processing class 'java/lang/NoSuchFieldException'
02:43:09.381 [main] DEBUG com.tngtech.archunit.core.importer.JavaClassProcessor - Processing class 'sun/reflect/generics/factory/GenericsFactory'
02:43:09.381 [main] DEBUG com.tngtech.archunit.core.importer.JavaClassProcessor - Processing class 'java/lang/InstantiationException'
02:43:09.381 [main] DEBUG com.tngtech.archunit.core.importer.JavaClassProcessor - Processing class 'java/lang/IllegalAccessException'
02:43:09.381 [main] DEBUG com.tngtech.archunit.core.importer.JavaClassProcessor - Processing class 'java/lang/ClassNotFoundException'
02:43:09.382 [main] DEBUG com.tngtech.archunit.core.importer.JavaClassProcessor - Processing class 'java/lang/SecurityManager'
02:43:09.382 [main] DEBUG com.tngtech.archunit.core.importer.JavaClassProcessor - Processing class 'java/net/URL'
02:43:09.382 [main] DEBUG com.tngtech.archunit.core.importer.JavaClassProcessor - Processing class 'java/lang/PublicMethods$MethodList'
02:43:09.382 [main] DEBUG com.tngtech.archunit.core.importer.JavaClassProcessor - Processing class 'java/io/InputStream'
02:43:09.382 [main] DEBUG com.tngtech.archunit.core.importer.JavaClassProcessor - Processing class 'jdk/internal/reflect/ConstantPool'
02:43:09.383 [main] DEBUG com.tngtech.archunit.core.importer.JavaClassProcessor - Processing class 'java/lang/Class$EnclosingMethodInfo'
02:43:09.383 [main] DEBUG com.tngtech.archunit.core.importer.JavaClassProcessor - Processing class 'java/lang/reflect/TypeVariable'
02:43:09.383 [main] DEBUG com.tngtech.archunit.core.importer.JavaClassProcessor - Processing class 'java/lang/Package'
02:43:09.384 [main] DEBUG com.tngtech.archunit.core.importer.JavaClassProcessor - Processing class 'java/io/ObjectInputStream'
02:43:09.384 [main] DEBUG com.tngtech.archunit.core.importer.JavaClassProcessor - Processing class 'java/io/ObjectStreamException'
02:43:09.384 [main] DEBUG com.tngtech.archunit.core.importer.JavaClassProcessor - Processing class 'java/lang/CloneNotSupportedException'
02:43:09.385 [main] DEBUG com.tngtech.archunit.core.importer.JavaClassProcessor - Processing class 'java/util/Spliterator'
02:43:09.385 [main] DEBUG com.tngtech.archunit.core.importer.JavaClassProcessor - Processing class 'java/util/Iterator'
02:43:09.385 [main] DEBUG com.tngtech.archunit.core.importer.JavaClassProcessor - Processing class 'java/util/function/Consumer'
02:43:09.385 [main] DEBUG com.tngtech.archunit.core.importer.JavaClassProcessor - Processing class 'java/lang/NumberFormatException'
02:43:09.385 [main] DEBUG com.tngtech.archunit.core.importer.JavaClassProcessor - Processing class 'java/math/BigInteger'
02:43:09.386 [main] DEBUG com.tngtech.archunit.core.importer.JavaClassProcessor - Processing class 'java/lang/InterruptedException'
02:43:09.387 [main] DEBUG com.tngtech.archunit.core.importer.JavaClassProcessor - Processing class 'java/util/Comparator'
02:43:09.387 [main] DEBUG com.tngtech.archunit.core.importer.JavaClassProcessor - Processing class 'java/lang/StringBuffer'
02:43:09.387 [main] DEBUG com.tngtech.archunit.core.importer.JavaClassProcessor - Processing class 'java/util/stream/Stream'
02:43:09.388 [main] DEBUG com.tngtech.archunit.core.importer.JavaClassProcessor - Processing class 'java/io/UnsupportedEncodingException'
02:43:09.388 [main] DEBUG com.tngtech.archunit.core.importer.JavaClassProcessor - Processing class 'java/lang/AbstractStringBuilder'
02:43:09.388 [main] DEBUG com.tngtech.archunit.core.importer.JavaClassProcessor - Processing class 'java/lang/StringBuilder'
02:43:09.389 [main] DEBUG com.tngtech.archunit.core.importer.JavaClassProcessor - Processing class 'java/util/concurrent/atomic/AtomicInteger'
02:43:09.389 [main] DEBUG com.tngtech.archunit.core.importer.JavaClassProcessor - Processing class 'java/util/function/Supplier'
02:43:09.389 [main] DEBUG com.tngtech.archunit.core.importer.JavaClassProcessor - Processing class 'java/lang/ThreadLocal$ThreadLocalMap'
02:43:09.389 [main] DEBUG com.tngtech.archunit.core.importer.JavaClassProcessor - Processing class 'java/lang/Thread'
02:43:09.390 [main] DEBUG com.tngtech.archunit.core.importer.JavaClassProcessor - Processing class 'java/lang/StackTraceElement'
02:43:09.390 [main] DEBUG com.tngtech.archunit.core.importer.JavaClassProcessor - Processing class 'java/io/PrintStream'
02:43:09.390 [main] DEBUG com.tngtech.archunit.core.importer.JavaClassProcessor - Processing class 'java/io/ObjectOutputStream'
02:43:09.391 [main] DEBUG com.tngtech.archunit.core.importer.JavaClassProcessor - Processing class 'java/io/PrintWriter'
02:43:09.391 [main] DEBUG com.tngtech.archunit.core.importer.JavaClassProcessor - Processing class 'java/lang/Throwable$PrintStreamOrWriter'
02:43:09.391 [main] DEBUG com.tngtech.archunit.core.importer.JavaClassProcessor - Processing class 'java/util/Set'
02:43:09.392 [main] DEBUG com.tngtech.archunit.core.importer.JavaClassProcessor - Processing class 'java/lang/reflect/Parameter'
02:43:09.393 [main] DEBUG com.tngtech.archunit.core.importer.JavaClassProcessor - Processing class 'sun/reflect/generics/repository/ConstructorRepository'
02:43:09.393 [main] DEBUG com.tngtech.archunit.core.importer.JavaClassProcessor - Processing class 'jdk/internal/reflect/FieldAccessor'
02:43:09.393 [main] DEBUG com.tngtech.archunit.core.importer.JavaClassProcessor - Processing class 'sun/reflect/generics/repository/FieldRepository'
02:43:09.393 [main] DEBUG com.tngtech.archunit.core.importer.JavaClassProcessor - Processing class 'java/lang/IllegalArgumentException'
02:43:09.393 [main] DEBUG com.tngtech.archunit.core.importer.JavaClassProcessor - Processing class 'sun/reflect/generics/repository/MethodRepository'
02:43:09.393 [main] DEBUG com.tngtech.archunit.core.importer.JavaClassProcessor - Processing class 'jdk/internal/reflect/MethodAccessor'
02:43:09.393 [main] DEBUG com.tngtech.archunit.core.importer.JavaClassProcessor - Processing class 'java/lang/reflect/InvocationTargetException'
02:43:09.394 [main] DEBUG com.tngtech.archunit.core.importer.JavaClassProcessor - Processing class 'java/util/SortedMap'
02:43:09.394 [main] DEBUG com.tngtech.archunit.core.importer.JavaClassProcessor - Processing class 'java/nio/ByteBuffer'
02:43:09.394 [main] DEBUG com.tngtech.archunit.core.importer.JavaClassProcessor - Processing class 'java/nio/charset/CharsetEncoder'
02:43:09.394 [main] DEBUG com.tngtech.archunit.core.importer.JavaClassProcessor - Processing class 'java/nio/charset/CharsetDecoder'
02:43:09.394 [main] DEBUG com.tngtech.archunit.core.importer.JavaClassProcessor - Processing class 'java/nio/CharBuffer'
02:43:09.395 [main] DEBUG com.tngtech.archunit.core.importer.JavaClassProcessor - Processing class 'java/util/function/IntFunction'
02:43:09.395 [main] DEBUG com.tngtech.archunit.core.importer.JavaClassProcessor - Processing class 'java/util/function/Predicate'
02:43:09.395 [main] DEBUG com.tngtech.archunit.core.importer.JavaClassProcessor - Processing class 'java/util/ListIterator'
02:43:09.395 [main] DEBUG com.tngtech.archunit.core.importer.JavaClassProcessor - Processing class 'java/util/function/UnaryOperator'
02:43:09.395 [main] DEBUG com.tngtech.archunit.core.importer.JavaClassProcessor - Processing class 'sun/util/locale/BaseLocale'
02:43:09.395 [main] DEBUG com.tngtech.archunit.core.importer.JavaClassProcessor - Processing class 'java/util/Locale$Cache'
02:43:09.396 [main] DEBUG com.tngtech.archunit.core.importer.JavaClassProcessor - Processing class 'java/util/MissingResourceException'
02:43:09.396 [main] DEBUG com.tngtech.archunit.core.importer.JavaClassProcessor - Processing class 'java/util/Locale$IsoCountryCode'
02:43:09.396 [main] DEBUG com.tngtech.archunit.core.importer.JavaClassProcessor - Processing class 'java/util/Locale$FilteringMode'
02:43:09.396 [main] DEBUG com.tngtech.archunit.core.importer.JavaClassProcessor - Processing class 'sun/util/locale/provider/LocaleResources'
02:43:09.396 [main] DEBUG com.tngtech.archunit.core.importer.JavaClassProcessor - Processing class 'java/util/Locale$Category'
02:43:09.397 [main] DEBUG com.tngtech.archunit.core.importer.JavaClassProcessor - Processing class 'java/util/function/BiConsumer'
02:43:09.397 [main] DEBUG com.tngtech.archunit.core.importer.JavaClassProcessor - Processing class 'java/util/function/BiFunction'
02:43:09.397 [main] DEBUG com.tngtech.archunit.core.importer.JavaClassProcessor - Processing class 'java/util/function/Function'
02:43:09.398 [main] DEBUG com.tngtech.archunit.core.importer.JavaClassProcessor - Processing class 'java/lang/invoke/SerializedLambda'
02:43:09.398 [main] DEBUG com.tngtech.archunit.core.importer.JavaClassProcessor - Processing class 'java/lang/Runnable'
02:43:09.398 [main] DEBUG com.tngtech.archunit.core.importer.JavaClassProcessor - Processing class 'org/springframework/beans/BeansException'
02:43:09.399 [main] DEBUG com.tngtech.archunit.core.importer.JavaClassProcessor - Processing class 'org/springframework/beans/factory/NoSuchBeanDefinitionException'
02:43:09.399 [main] DEBUG com.tngtech.archunit.core.importer.JavaClassProcessor - Processing class 'org/springframework/beans/factory/ObjectProvider'
02:43:09.399 [main] DEBUG com.tngtech.archunit.core.importer.JavaClassProcessor - Processing class 'org/springframework/core/ResolvableType'
02:43:09.400 [main] DEBUG com.tngtech.archunit.core.importer.JavaClassProcessor - Processing class 'org/springframework/beans/factory/config/BeanDefinition'
02:43:09.400 [main] DEBUG com.tngtech.archunit.core.importer.JavaClassProcessor - Processing class 'org/springframework/beans/factory/support/BeanDefinitionRegistry'
02:43:09.401 [main] DEBUG com.tngtech.archunit.core.importer.JavaClassProcessor - Processing class 'org/springframework/boot/BootstrapRegistry'
02:43:09.401 [main] DEBUG com.tngtech.archunit.core.importer.JavaClassProcessor - Processing class 'org/springframework/boot/Banner'
02:43:09.401 [main] DEBUG com.tngtech.archunit.core.importer.JavaClassProcessor - Processing class 'org/apache/commons/logging/Log'
02:43:09.401 [main] DEBUG com.tngtech.archunit.core.importer.JavaClassProcessor - Processing class 'org/springframework/boot/SpringApplicationShutdownHook'
02:43:09.401 [main] DEBUG com.tngtech.archunit.core.importer.JavaClassProcessor - Processing class 'org/springframework/boot/WebApplicationType'
02:43:09.402 [main] DEBUG com.tngtech.archunit.core.importer.JavaClassProcessor - Processing class 'org/springframework/boot/Banner$Mode'
02:43:09.402 [main] DEBUG com.tngtech.archunit.core.importer.JavaClassProcessor - Processing class 'org/springframework/boot/ApplicationContextFactory'
02:43:09.402 [main] DEBUG com.tngtech.archunit.core.importer.JavaClassProcessor - Processing class 'org/springframework/core/metrics/ApplicationStartup'
02:43:09.402 [main] DEBUG com.tngtech.archunit.core.importer.JavaClassProcessor - Processing class 'java/util/Properties'
02:43:09.403 [main] DEBUG com.tngtech.archunit.core.importer.JavaClassProcessor - Processing class 'org/springframework/boot/ExitCodeGenerator'
02:43:09.403 [main] DEBUG com.tngtech.archunit.core.importer.JavaClassProcessor - Processing class 'org/springframework/boot/ApplicationArguments'
02:43:09.403 [main] DEBUG com.tngtech.archunit.core.importer.JavaClassProcessor - Processing class 'org/springframework/boot/SpringApplicationRunListeners'
02:43:09.404 [main] DEBUG com.tngtech.archunit.core.importer.JavaClassProcessor - Processing class 'org/springframework/boot/DefaultBootstrapContext'
02:43:09.404 [main] DEBUG com.tngtech.archunit.core.importer.JavaClassProcessor - Processing class 'org/springframework/boot/ApplicationRunner'
02:43:09.404 [main] DEBUG com.tngtech.archunit.core.importer.JavaClassProcessor - Processing class 'org/springframework/boot/SpringBootExceptionHandler'
02:43:09.404 [main] DEBUG com.tngtech.archunit.core.importer.JavaClassProcessor - Processing class 'org/springframework/boot/CommandLineRunner'
02:43:09.404 [main] DEBUG com.tngtech.archunit.core.importer.JavaClassProcessor - Processing class 'org/springframework/boot/Bootstrapper'
02:43:09.405 [main] DEBUG com.tngtech.archunit.core.importer.JavaClassProcessor - Processing class 'org/springframework/boot/SpringApplicationShutdownHandlers'
02:43:09.405 [main] DEBUG com.tngtech.archunit.core.importer.JavaClassProcessor - Processing class 'org/springframework/boot/BeanDefinitionLoader'
02:43:09.406 [main] DEBUG com.tngtech.archunit.core.importer.JavaClassProcessor - Processing class 'org/springframework/core/type/classreading/MetadataReader'
02:43:09.406 [main] DEBUG com.tngtech.archunit.core.importer.JavaClassProcessor - Processing class 'org/springframework/core/type/classreading/MetadataReaderFactory'
02:43:09.406 [main] DEBUG com.tngtech.archunit.core.importer.JavaClassProcessor - Processing class 'org/springframework/boot/autoconfigure/AutoConfigurationMetadata'
02:43:09.407 [main] DEBUG com.tngtech.archunit.core.importer.JavaClassProcessor - Processing class 'org/springframework/boot/autoconfigure/AutoConfigurationImportEvent'
02:43:09.407 [main] DEBUG com.tngtech.archunit.core.importer.JavaClassProcessor - Processing class 'org/springframework/boot/autoconfigure/AutoConfigurationImportSelector$AutoConfigurationEntry'
02:43:09.407 [main] DEBUG com.tngtech.archunit.core.importer.JavaClassProcessor - Processing class 'org/springframework/beans/factory/config/ConfigurableListableBeanFactory'
02:43:09.407 [main] DEBUG com.tngtech.archunit.core.importer.JavaClassProcessor - Processing class 'org/springframework/boot/autoconfigure/AutoConfigurationImportSelector$ConfigurationClassFilter'
02:43:09.407 [main] DEBUG com.tngtech.archunit.core.importer.JavaClassProcessor - Processing class 'org/springframework/core/type/AnnotationMetadata'
02:43:09.408 [main] DEBUG com.tngtech.archunit.core.importer.JavaClassProcessor - Processing class 'org/springframework/core/annotation/AnnotationAttributes'
02:43:09.409 [main] DEBUG com.tngtech.archunit.core.importer.JavaClassProcessor - Processing class 'org/springframework/beans/factory/config/AutowireCapableBeanFactory'
02:43:09.409 [main] DEBUG com.tngtech.archunit.core.importer.JavaClassProcessor - Processing class 'java/lang/IllegalStateException'
02:43:09.409 [main] DEBUG com.tngtech.archunit.core.importer.JavaClassProcessor - Processing class 'java/time/Clock'
02:43:09.410 [main] DEBUG com.tngtech.archunit.core.importer.JavaClassProcessor - Processing class 'org/springframework/core/io/ProtocolResolver'
02:43:09.410 [main] DEBUG com.tngtech.archunit.core.importer.JavaClassProcessor - Processing class 'org/springframework/beans/factory/config/BeanFactoryPostProcessor'
02:43:09.410 [main] DEBUG com.tngtech.archunit.core.importer.JavaClassProcessor - Processing class 'org/springframework/context/NoSuchMessageException'
02:43:09.410 [main] DEBUG com.tngtech.archunit.core.importer.JavaClassProcessor - Processing class 'org/springframework/context/MessageSourceResolvable'
02:43:09.411 [main] DEBUG com.tngtech.archunit.core.importer.JavaClassProcessor - Processing class 'org/springframework/context/annotation/ScopeMetadata'
02:43:09.413 [main] DEBUG com.tngtech.archunit.core.importer.JavaClassProcessor - Processing class 'org/springframework/core/env/MutablePropertySources'
02:43:09.413 [main] DEBUG com.tngtech.archunit.core.importer.JavaClassProcessor - Processing class 'org/springframework/core/env/Profiles'
02:43:09.414 [main] DEBUG com.tngtech.archunit.core.importer.JavaClassProcessor - Processing class 'org/springframework/core/convert/support/ConfigurableConversionService'
02:43:09.414 [main] DEBUG com.tngtech.archunit.core.importer.JavaClassProcessor - Processing class 'org/springframework/core/env/MissingRequiredPropertiesException'
02:43:09.415 [main] DEBUG com.tngtech.archunit.core.importer.JavaClassProcessor - Processing class 'org/springframework/core/io/Resource'
02:43:09.416 [main] DEBUG com.tngtech.archunit.core.importer.JavaClassProcessor - Processing class 'org/springframework/data/domain/Example'
02:43:09.416 [main] DEBUG com.tngtech.archunit.core.importer.JavaClassProcessor - Processing class 'org/springframework/data/domain/Sort'
02:43:09.417 [main] DEBUG com.tngtech.archunit.core.importer.JavaClassProcessor - Processing class 'org/springframework/data/domain/Page'
02:43:09.417 [main] DEBUG com.tngtech.archunit.core.importer.JavaClassProcessor - Processing class 'org/springframework/data/domain/Pageable'
02:43:09.418 [main] DEBUG com.tngtech.archunit.core.importer.JavaClassProcessor - Processing class 'java/time/format/DateTimeFormatter'
02:43:09.419 [main] DEBUG com.tngtech.archunit.core.importer.JavaClassProcessor - Processing class 'java/time/ZoneId'
02:43:09.419 [main] DEBUG com.tngtech.archunit.core.importer.JavaClassProcessor - Processing class 'java/text/DecimalFormatSymbols'
02:43:09.419 [main] DEBUG com.tngtech.archunit.core.importer.JavaClassProcessor - Processing class 'java/util/regex/Pattern'
02:43:09.420 [main] DEBUG com.tngtech.archunit.core.importer.JavaClassProcessor - Processing class 'java/time/Instant'
02:43:09.421 [main] DEBUG com.tngtech.archunit.core.importer.JavaClassProcessor - Processing class 'java/time/ZonedDateTime'
02:43:09.422 [main] DEBUG com.tngtech.archunit.core.importer.JavaClassProcessor - Processing class 'org/springframework/http/ContentDisposition'
02:43:09.423 [main] DEBUG com.tngtech.archunit.core.importer.JavaClassProcessor - Processing class 'java/net/InetSocketAddress'
02:43:09.423 [main] DEBUG com.tngtech.archunit.core.importer.JavaClassProcessor - Processing class 'java/net/URI'
02:43:09.424 [main] DEBUG com.tngtech.archunit.core.importer.JavaClassProcessor - Processing class 'org/springframework/http/CacheControl'
02:43:09.425 [main] DEBUG com.tngtech.archunit.core.importer.JavaClassProcessor - Processing class 'java/time/Duration'
02:43:09.426 [main] DEBUG com.tngtech.archunit.core.importer.JavaClassProcessor - Processing class 'org/springframework/http/HttpStatus'
02:43:09.427 [main] DEBUG com.tngtech.archunit.core.importer.JavaClassProcessor - Processing class 'org/springframework/http/ResponseEntity$1'
02:43:09.427 [main] DEBUG com.tngtech.archunit.core.importer.JavaClassProcessor - Processing class 'java/util/BitSet'
02:43:09.428 [main] DEBUG com.tngtech.archunit.core.importer.JavaClassProcessor - Processing class 'sun/util/locale/LocaleSyntaxException'
02:43:09.429 [main] DEBUG com.tngtech.archunit.core.importer.JavaClassProcessor - Processing class 'sun/util/locale/LanguageTag'
]]></system-out>
  </testcase>
  <testcase name="modelClassesShouldBePublic" classname="archtests.SongArchitectureTests" time="0.099">
    <system-out><![CDATA[02:43:09.439 [main] DEBUG com.tngtech.archunit.core.importer.UrlSource$From - Found URLs on sun.boot.class.path: []
02:43:09.444 [main] DEBUG com.tngtech.archunit.core.importer.UrlSource$From - Found URLs on java.class.path: [file:/M:/Lab/song-manager/target/test-classes/, file:/M:/Lab/song-manager/target/classes/, jar:file:/C:/Users/User/.m2/repository/org/springframework/boot/spring-boot-starter-web/2.5.4/spring-boot-starter-web-2.5.4.jar!/, jar:file:/C:/Users/User/.m2/repository/org/springframework/boot/spring-boot-starter/2.5.4/spring-boot-starter-2.5.4.jar!/, jar:file:/C:/Users/User/.m2/repository/org/springframework/boot/spring-boot/2.5.4/spring-boot-2.5.4.jar!/, jar:file:/C:/Users/User/.m2/repository/org/springframework/boot/spring-boot-autoconfigure/2.5.4/spring-boot-autoconfigure-2.5.4.jar!/, jar:file:/C:/Users/User/.m2/repository/org/springframework/boot/spring-boot-starter-logging/2.5.4/spring-boot-starter-logging-2.5.4.jar!/, jar:file:/C:/Users/User/.m2/repository/ch/qos/logback/logback-classic/1.2.5/logback-classic-1.2.5.jar!/, jar:file:/C:/Users/User/.m2/repository/ch/qos/logback/logback-core/1.2.5/logback-core-1.2.5.jar!/, jar:file:/C:/Users/User/.m2/repository/org/apache/logging/log4j/log4j-to-slf4j/2.14.1/log4j-to-slf4j-2.14.1.jar!/, jar:file:/C:/Users/User/.m2/repository/org/apache/logging/log4j/log4j-api/2.14.1/log4j-api-2.14.1.jar!/, jar:file:/C:/Users/User/.m2/repository/org/slf4j/jul-to-slf4j/1.7.32/jul-to-slf4j-1.7.32.jar!/, jar:file:/C:/Users/User/.m2/repository/jakarta/annotation/jakarta.annotation-api/1.3.5/jakarta.annotation-api-1.3.5.jar!/, jar:file:/C:/Users/User/.m2/repository/org/yaml/snakeyaml/1.28/snakeyaml-1.28.jar!/, jar:file:/C:/Users/User/.m2/repository/org/springframework/boot/spring-boot-starter-json/2.5.4/spring-boot-starter-json-2.5.4.jar!/, jar:file:/C:/Users/User/.m2/repository/com/fasterxml/jackson/core/jackson-databind/2.12.4/jackson-databind-2.12.4.jar!/, jar:file:/C:/Users/User/.m2/repository/com/fasterxml/jackson/core/jackson-annotations/2.12.4/jackson-annotations-2.12.4.jar!/, jar:file:/C:/Users/User/.m2/repository/com/fasterxml/jackson/core/jackson-core/2.12.4/jackson-core-2.12.4.jar!/, jar:file:/C:/Users/User/.m2/repository/com/fasterxml/jackson/datatype/jackson-datatype-jdk8/2.12.4/jackson-datatype-jdk8-2.12.4.jar!/, jar:file:/C:/Users/User/.m2/repository/com/fasterxml/jackson/datatype/jackson-datatype-jsr310/2.12.4/jackson-datatype-jsr310-2.12.4.jar!/, jar:file:/C:/Users/User/.m2/repository/com/fasterxml/jackson/module/jackson-module-parameter-names/2.12.4/jackson-module-parameter-names-2.12.4.jar!/, jar:file:/C:/Users/User/.m2/repository/org/springframework/boot/spring-boot-starter-tomcat/2.5.4/spring-boot-starter-tomcat-2.5.4.jar!/, jar:file:/C:/Users/User/.m2/repository/org/apache/tomcat/embed/tomcat-embed-core/9.0.52/tomcat-embed-core-9.0.52.jar!/, jar:file:/C:/Users/User/.m2/repository/org/apache/tomcat/embed/tomcat-embed-el/9.0.52/tomcat-embed-el-9.0.52.jar!/, jar:file:/C:/Users/User/.m2/repository/org/apache/tomcat/embed/tomcat-embed-websocket/9.0.52/tomcat-embed-websocket-9.0.52.jar!/, jar:file:/C:/Users/User/.m2/repository/org/springframework/spring-web/5.3.9/spring-web-5.3.9.jar!/, jar:file:/C:/Users/User/.m2/repository/org/springframework/spring-beans/5.3.9/spring-beans-5.3.9.jar!/, jar:file:/C:/Users/User/.m2/repository/org/springframework/spring-webmvc/5.3.9/spring-webmvc-5.3.9.jar!/, jar:file:/C:/Users/User/.m2/repository/org/springframework/spring-aop/5.3.9/spring-aop-5.3.9.jar!/, jar:file:/C:/Users/User/.m2/repository/org/springframework/spring-context/5.3.9/spring-context-5.3.9.jar!/, jar:file:/C:/Users/User/.m2/repository/org/springframework/spring-expression/5.3.9/spring-expression-5.3.9.jar!/, jar:file:/C:/Users/User/.m2/repository/org/springframework/boot/spring-boot-starter-data-jpa/2.5.4/spring-boot-starter-data-jpa-2.5.4.jar!/, jar:file:/C:/Users/User/.m2/repository/org/springframework/boot/spring-boot-starter-aop/2.5.4/spring-boot-starter-aop-2.5.4.jar!/, jar:file:/C:/Users/User/.m2/repository/org/aspectj/aspectjweaver/1.9.7/aspectjweaver-1.9.7.jar!/, jar:file:/C:/Users/User/.m2/repository/org/springframework/boot/spring-boot-starter-jdbc/2.5.4/spring-boot-starter-jdbc-2.5.4.jar!/, jar:file:/C:/Users/User/.m2/repository/com/zaxxer/HikariCP/4.0.3/HikariCP-4.0.3.jar!/, jar:file:/C:/Users/User/.m2/repository/org/springframework/spring-jdbc/5.3.9/spring-jdbc-5.3.9.jar!/, jar:file:/C:/Users/User/.m2/repository/jakarta/transaction/jakarta.transaction-api/1.3.3/jakarta.transaction-api-1.3.3.jar!/, jar:file:/C:/Users/User/.m2/repository/jakarta/persistence/jakarta.persistence-api/2.2.3/jakarta.persistence-api-2.2.3.jar!/, jar:file:/C:/Users/User/.m2/repository/org/hibernate/hibernate-core/5.4.32.Final/hibernate-core-5.4.32.Final.jar!/, jar:file:/C:/Users/User/.m2/repository/org/jboss/logging/jboss-logging/3.4.2.Final/jboss-logging-3.4.2.Final.jar!/, jar:file:/C:/Users/User/.m2/repository/org/javassist/javassist/3.27.0-GA/javassist-3.27.0-GA.jar!/, jar:file:/C:/Users/User/.m2/repository/net/bytebuddy/byte-buddy/1.10.22/byte-buddy-1.10.22.jar!/, jar:file:/C:/Users/User/.m2/repository/antlr/antlr/2.7.7/antlr-2.7.7.jar!/, jar:file:/C:/Users/User/.m2/repository/org/jboss/jandex/2.2.3.Final/jandex-2.2.3.Final.jar!/, jar:file:/C:/Users/User/.m2/repository/com/fasterxml/classmate/1.5.1/classmate-1.5.1.jar!/, jar:file:/C:/Users/User/.m2/repository/org/dom4j/dom4j/2.1.3/dom4j-2.1.3.jar!/, jar:file:/C:/Users/User/.m2/repository/org/hibernate/common/hibernate-commons-annotations/5.1.2.Final/hibernate-commons-annotations-5.1.2.Final.jar!/, jar:file:/C:/Users/User/.m2/repository/org/glassfish/jaxb/jaxb-runtime/2.3.5/jaxb-runtime-2.3.5.jar!/, jar:file:/C:/Users/User/.m2/repository/org/glassfish/jaxb/txw2/2.3.5/txw2-2.3.5.jar!/, jar:file:/C:/Users/User/.m2/repository/com/sun/istack/istack-commons-runtime/3.0.12/istack-commons-runtime-3.0.12.jar!/, jar:file:/C:/Users/User/.m2/repository/com/sun/activation/jakarta.activation/1.2.2/jakarta.activation-1.2.2.jar!/, jar:file:/C:/Users/User/.m2/repository/org/springframework/data/spring-data-jpa/2.5.4/spring-data-jpa-2.5.4.jar!/, jar:file:/C:/Users/User/.m2/repository/org/springframework/data/spring-data-commons/2.5.4/spring-data-commons-2.5.4.jar!/, jar:file:/C:/Users/User/.m2/repository/org/springframework/spring-orm/5.3.9/spring-orm-5.3.9.jar!/, jar:file:/C:/Users/User/.m2/repository/org/springframework/spring-tx/5.3.9/spring-tx-5.3.9.jar!/, jar:file:/C:/Users/User/.m2/repository/org/springframework/spring-aspects/5.3.9/spring-aspects-5.3.9.jar!/, jar:file:/C:/Users/User/.m2/repository/com/h2database/h2/1.4.200/h2-1.4.200.jar!/, jar:file:/C:/Users/User/.m2/repository/javax/persistence/javax.persistence-api/2.2/javax.persistence-api-2.2.jar!/, jar:file:/C:/Users/User/.m2/repository/org/springframework/boot/spring-boot-starter-test/2.5.4/spring-boot-starter-test-2.5.4.jar!/, jar:file:/C:/Users/User/.m2/repository/org/springframework/boot/spring-boot-test/2.5.4/spring-boot-test-2.5.4.jar!/, jar:file:/C:/Users/User/.m2/repository/org/springframework/boot/spring-boot-test-autoconfigure/2.5.4/spring-boot-test-autoconfigure-2.5.4.jar!/, jar:file:/C:/Users/User/.m2/repository/com/jayway/jsonpath/json-path/2.5.0/json-path-2.5.0.jar!/, jar:file:/C:/Users/User/.m2/repository/net/minidev/json-smart/2.4.7/json-smart-2.4.7.jar!/, jar:file:/C:/Users/User/.m2/repository/net/minidev/accessors-smart/2.4.7/accessors-smart-2.4.7.jar!/, jar:file:/C:/Users/User/.m2/repository/org/ow2/asm/asm/9.1/asm-9.1.jar!/, jar:file:/C:/Users/User/.m2/repository/jakarta/xml/bind/jakarta.xml.bind-api/2.3.3/jakarta.xml.bind-api-2.3.3.jar!/, jar:file:/C:/Users/User/.m2/repository/jakarta/activation/jakarta.activation-api/1.2.2/jakarta.activation-api-1.2.2.jar!/, jar:file:/C:/Users/User/.m2/repository/org/assertj/assertj-core/3.19.0/assertj-core-3.19.0.jar!/, jar:file:/C:/Users/User/.m2/repository/org/hamcrest/hamcrest/2.2/hamcrest-2.2.jar!/, jar:file:/C:/Users/User/.m2/repository/org/junit/jupiter/junit-jupiter/5.7.2/junit-jupiter-5.7.2.jar!/, jar:file:/C:/Users/User/.m2/repository/org/junit/jupiter/junit-jupiter-api/5.7.2/junit-jupiter-api-5.7.2.jar!/, jar:file:/C:/Users/User/.m2/repository/org/apiguardian/apiguardian-api/1.1.0/apiguardian-api-1.1.0.jar!/, jar:file:/C:/Users/User/.m2/repository/org/opentest4j/opentest4j/1.2.0/opentest4j-1.2.0.jar!/, jar:file:/C:/Users/User/.m2/repository/org/junit/platform/junit-platform-commons/1.7.2/junit-platform-commons-1.7.2.jar!/, jar:file:/C:/Users/User/.m2/repository/org/junit/jupiter/junit-jupiter-params/5.7.2/junit-jupiter-params-5.7.2.jar!/, jar:file:/C:/Users/User/.m2/repository/org/junit/jupiter/junit-jupiter-engine/5.7.2/junit-jupiter-engine-5.7.2.jar!/, jar:file:/C:/Users/User/.m2/repository/org/junit/platform/junit-platform-engine/1.7.2/junit-platform-engine-1.7.2.jar!/, jar:file:/C:/Users/User/.m2/repository/org/mockito/mockito-core/3.9.0/mockito-core-3.9.0.jar!/, jar:file:/C:/Users/User/.m2/repository/net/bytebuddy/byte-buddy-agent/1.10.22/byte-buddy-agent-1.10.22.jar!/, jar:file:/C:/Users/User/.m2/repository/org/objenesis/objenesis/3.2/objenesis-3.2.jar!/, jar:file:/C:/Users/User/.m2/repository/org/mockito/mockito-junit-jupiter/3.9.0/mockito-junit-jupiter-3.9.0.jar!/, jar:file:/C:/Users/User/.m2/repository/org/skyscreamer/jsonassert/1.5.0/jsonassert-1.5.0.jar!/, jar:file:/C:/Users/User/.m2/repository/com/vaadin/external/google/android-json/0.0.20131108.vaadin1/android-json-0.0.20131108.vaadin1.jar!/, jar:file:/C:/Users/User/.m2/repository/org/springframework/spring-core/5.3.9/spring-core-5.3.9.jar!/, jar:file:/C:/Users/User/.m2/repository/org/springframework/spring-jcl/5.3.9/spring-jcl-5.3.9.jar!/, jar:file:/C:/Users/User/.m2/repository/org/springframework/spring-test/5.3.9/spring-test-5.3.9.jar!/, jar:file:/C:/Users/User/.m2/repository/org/xmlunit/xmlunit-core/2.8.2/xmlunit-core-2.8.2.jar!/, jar:file:/C:/Users/User/.m2/repository/com/tngtech/archunit/archunit-junit5/1.1.0/archunit-junit5-1.1.0.jar!/, jar:file:/C:/Users/User/.m2/repository/com/tngtech/archunit/archunit-junit5-api/1.1.0/archunit-junit5-api-1.1.0.jar!/, jar:file:/C:/Users/User/.m2/repository/com/tngtech/archunit/archunit-junit5-engine/1.1.0/archunit-junit5-engine-1.1.0.jar!/, jar:file:/C:/Users/User/.m2/repository/com/tngtech/archunit/archunit-junit5-engine-api/1.1.0/archunit-junit5-engine-api-1.1.0.jar!/, jar:file:/C:/Users/User/.m2/repository/com/tngtech/archunit/archunit/1.1.0/archunit-1.1.0.jar!/, jar:file:/C:/Users/User/.m2/repository/org/slf4j/slf4j-api/1.7.32/slf4j-api-1.7.32.jar!/]
02:43:09.450 [main] DEBUG com.tngtech.archunit.core.importer.JavaClassProcessor - Processing class 'com/example/songs/service/SongService'
02:43:09.451 [main] DEBUG com.tngtech.archunit.core.importer.JavaClassProcessor - Processing class 'com/example/songs/controller/SongController'
02:43:09.451 [main] DEBUG com.tngtech.archunit.core.importer.JavaClassProcessor - Processing class 'com/example/songs/repository/SongRepository'
02:43:09.451 [main] DEBUG com.tngtech.archunit.core.importer.JavaClassProcessor - Processing class 'com/example/songs/SongManagerApplication'
02:43:09.451 [main] DEBUG com.tngtech.archunit.core.importer.JavaClassProcessor - Processing class 'com/example/songs/model/Song'
02:43:09.452 [main] DEBUG com.tngtech.archunit.core.importer.JavaClassProcessor - Processing class 'org/springframework/web/bind/annotation/PathVariable'
02:43:09.452 [main] DEBUG com.tngtech.archunit.core.importer.JavaClassProcessor - Processing class 'org/springframework/web/bind/annotation/RequestMapping'
02:43:09.452 [main] DEBUG com.tngtech.archunit.core.importer.JavaClassProcessor - Processing class 'org/springframework/http/ResponseEntity$BodyBuilder'
02:43:09.452 [main] DEBUG com.tngtech.archunit.core.importer.JavaClassProcessor - Processing class 'org/springframework/web/bind/annotation/RequestBody'
02:43:09.453 [main] DEBUG com.tngtech.archunit.core.importer.JavaClassProcessor - Processing class 'org/springframework/boot/SpringApplication'
02:43:09.453 [main] DEBUG com.tngtech.archunit.core.importer.JavaClassProcessor - Processing class 'org/springframework/web/bind/annotation/PutMapping'
02:43:09.454 [main] DEBUG com.tngtech.archunit.core.importer.JavaClassProcessor - Processing class 'java/lang/Long'
02:43:09.454 [main] DEBUG com.tngtech.archunit.core.importer.JavaClassProcessor - Processing class 'org/springframework/stereotype/Service'
02:43:09.454 [main] DEBUG com.tngtech.archunit.core.importer.JavaClassProcessor - Processing class 'org/springframework/web/bind/annotation/GetMapping'
02:43:09.454 [main] DEBUG com.tngtech.archunit.core.importer.JavaClassProcessor - Processing class 'java/lang/String'
02:43:09.455 [main] DEBUG com.tngtech.archunit.core.importer.JavaClassProcessor - Processing class 'org/springframework/web/bind/annotation/DeleteMapping'
02:43:09.455 [main] DEBUG com.tngtech.archunit.core.importer.JavaClassProcessor - Processing class 'javax/persistence/Id'
02:43:09.455 [main] DEBUG com.tngtech.archunit.core.importer.JavaClassProcessor - Processing class 'org/springframework/web/bind/annotation/PostMapping'
02:43:09.455 [main] DEBUG com.tngtech.archunit.core.importer.JavaClassProcessor - Processing class 'java/lang/Void'
02:43:09.455 [main] DEBUG com.tngtech.archunit.core.importer.JavaClassProcessor - Processing class 'javax/persistence/Entity'
02:43:09.455 [main] DEBUG com.tngtech.archunit.core.importer.JavaClassProcessor - Processing class 'org/springframework/boot/autoconfigure/SpringBootApplication'
02:43:09.455 [main] DEBUG com.tngtech.archunit.core.importer.JavaClassProcessor - Processing class 'java/lang/RuntimeException'
02:43:09.455 [main] DEBUG com.tngtech.archunit.core.importer.JavaClassProcessor - Processing class 'org/springframework/web/bind/annotation/RestController'
02:43:09.456 [main] DEBUG com.tngtech.archunit.core.importer.JavaClassProcessor - Processing class 'javax/persistence/GenerationType'
02:43:09.456 [main] DEBUG com.tngtech.archunit.core.importer.JavaClassProcessor - Processing class 'java/util/List'
02:43:09.456 [main] DEBUG com.tngtech.archunit.core.importer.JavaClassProcessor - Processing class 'javax/persistence/GeneratedValue'
02:43:09.456 [main] DEBUG com.tngtech.archunit.core.importer.JavaClassProcessor - Processing class 'java/util/Optional'
02:43:09.456 [main] DEBUG com.tngtech.archunit.core.importer.JavaClassProcessor - Processing class 'java/lang/Object'
02:43:09.456 [main] DEBUG com.tngtech.archunit.core.importer.JavaClassProcessor - Processing class 'org/springframework/http/ResponseEntity'
02:43:09.457 [main] DEBUG com.tngtech.archunit.core.importer.JavaClassProcessor - Processing class 'org/springframework/http/ResponseEntity$HeadersBuilder'
02:43:09.457 [main] DEBUG com.tngtech.archunit.core.importer.JavaClassProcessor - Processing class 'org/springframework/data/jpa/repository/JpaRepository'
02:43:09.457 [main] DEBUG com.tngtech.archunit.core.importer.JavaClassProcessor - Processing class 'java/lang/annotation/Inherited'
02:43:09.457 [main] DEBUG com.tngtech.archunit.core.importer.JavaClassProcessor - Processing class 'org/springframework/context/annotation/ComponentScan$Filter'
02:43:09.457 [main] DEBUG com.tngtech.archunit.core.importer.JavaClassProcessor - Processing class 'java/lang/Enum'
02:43:09.457 [main] DEBUG com.tngtech.archunit.core.importer.JavaClassProcessor - Processing class 'org/springframework/context/ConfigurableApplicationContext'
02:43:09.457 [main] DEBUG com.tngtech.archunit.core.importer.JavaClassProcessor - Processing class 'java/lang/annotation/Documented'
02:43:09.457 [main] DEBUG com.tngtech.archunit.core.importer.JavaClassProcessor - Processing class 'java/lang/CharSequence'
02:43:09.458 [main] DEBUG com.tngtech.archunit.core.importer.JavaClassProcessor - Processing class 'org/springframework/data/repository/PagingAndSortingRepository'
02:43:09.458 [main] DEBUG com.tngtech.archunit.core.importer.JavaClassProcessor - Processing class 'org/springframework/http/HttpHeaders'
02:43:09.459 [main] DEBUG com.tngtech.archunit.core.importer.JavaClassProcessor - Processing class 'java/util/Collection'
02:43:09.459 [main] DEBUG com.tngtech.archunit.core.importer.JavaClassProcessor - Processing class 'org/springframework/web/bind/annotation/RequestMethod'
02:43:09.459 [main] DEBUG com.tngtech.archunit.core.importer.JavaClassProcessor - Processing class 'org/springframework/context/ApplicationListener'
02:43:09.459 [main] DEBUG com.tngtech.archunit.core.importer.JavaClassProcessor - Processing class 'java/lang/Exception'
02:43:09.459 [main] DEBUG com.tngtech.archunit.core.importer.JavaClassProcessor - Processing class 'java/io/Serializable'
02:43:09.459 [main] DEBUG com.tngtech.archunit.core.importer.JavaClassProcessor - Processing class 'org/springframework/context/annotation/Configuration'
02:43:09.459 [main] DEBUG com.tngtech.archunit.core.importer.JavaClassProcessor - Processing class 'org/springframework/http/HttpEntity'
02:43:09.459 [main] DEBUG com.tngtech.archunit.core.importer.JavaClassProcessor - Processing class 'org/springframework/beans/factory/support/BeanNameGenerator'
02:43:09.459 [main] DEBUG com.tngtech.archunit.core.importer.JavaClassProcessor - Processing class 'org/springframework/boot/SpringBootExceptionReporter'
02:43:09.460 [main] DEBUG com.tngtech.archunit.core.importer.JavaClassProcessor - Processing class 'java/lang/annotation/Annotation'
02:43:09.460 [main] DEBUG com.tngtech.archunit.core.importer.JavaClassProcessor - Processing class 'java/lang/Throwable'
02:43:09.460 [main] DEBUG com.tngtech.archunit.core.importer.JavaClassProcessor - Processing class 'org/springframework/boot/autoconfigure/AutoConfigurationExcludeFilter'
02:43:09.460 [main] DEBUG com.tngtech.archunit.core.importer.JavaClassProcessor - Processing class 'org/springframework/stereotype/Controller'
02:43:09.460 [main] DEBUG com.tngtech.archunit.core.importer.JavaClassProcessor - Processing class 'org/springframework/boot/context/TypeExcludeFilter'
02:43:09.460 [main] DEBUG com.tngtech.archunit.core.importer.JavaClassProcessor - Processing class 'java/lang/annotation/Retention'
02:43:09.460 [main] DEBUG com.tngtech.archunit.core.importer.JavaClassProcessor - Processing class 'org/springframework/data/repository/NoRepositoryBean'
02:43:09.460 [main] DEBUG com.tngtech.archunit.core.importer.JavaClassProcessor - Processing class 'org/springframework/boot/BootstrapRegistryInitializer'
02:43:09.460 [main] DEBUG com.tngtech.archunit.core.importer.JavaClassProcessor - Processing class 'jdk/internal/HotSpotIntrinsicCandidate'
02:43:09.460 [main] DEBUG com.tngtech.archunit.core.importer.JavaClassProcessor - Processing class 'org/springframework/lang/Nullable'
02:43:09.460 [main] DEBUG com.tngtech.archunit.core.importer.JavaClassProcessor - Processing class 'java/lang/Number'
02:43:09.461 [main] DEBUG com.tngtech.archunit.core.importer.JavaClassProcessor - Processing class 'org/springframework/context/annotation/FilterType'
02:43:09.461 [main] DEBUG com.tngtech.archunit.core.importer.JavaClassProcessor - Processing class 'org/springframework/core/annotation/AliasFor'
02:43:09.461 [main] DEBUG com.tngtech.archunit.core.importer.JavaClassProcessor - Processing class 'java/lang/SafeVarargs'
02:43:09.461 [main] DEBUG com.tngtech.archunit.core.importer.JavaClassProcessor - Processing class 'jdk/internal/vm/annotation/Stable'
02:43:09.461 [main] DEBUG com.tngtech.archunit.core.importer.JavaClassProcessor - Processing class 'org/springframework/boot/autoconfigure/EnableAutoConfiguration'
02:43:09.461 [main] DEBUG com.tngtech.archunit.core.importer.JavaClassProcessor - Processing class 'java/lang/Deprecated'
02:43:09.461 [main] DEBUG com.tngtech.archunit.core.importer.JavaClassProcessor - Processing class 'java/lang/annotation/Target'
02:43:09.461 [main] DEBUG com.tngtech.archunit.core.importer.JavaClassProcessor - Processing class 'org/springframework/core/env/StandardEnvironment'
02:43:09.461 [main] DEBUG com.tngtech.archunit.core.importer.JavaClassProcessor - Processing class 'java/lang/annotation/ElementType'
02:43:09.461 [main] DEBUG com.tngtech.archunit.core.importer.JavaClassProcessor - Processing class 'org/springframework/web/bind/annotation/ResponseBody'
02:43:09.461 [main] DEBUG com.tngtech.archunit.core.importer.JavaClassProcessor - Processing class 'org/springframework/context/annotation/ComponentScan'
02:43:09.462 [main] DEBUG com.tngtech.archunit.core.importer.JavaClassProcessor - Processing class 'org/springframework/data/repository/query/QueryByExampleExecutor'
02:43:09.462 [main] DEBUG com.tngtech.archunit.core.importer.JavaClassProcessor - Processing class 'org/springframework/stereotype/Component'
02:43:09.462 [main] DEBUG com.tngtech.archunit.core.importer.JavaClassProcessor - Processing class 'org/springframework/boot/SpringBootConfiguration'
02:43:09.462 [main] DEBUG com.tngtech.archunit.core.importer.JavaClassProcessor - Processing class 'java/lang/Class'
02:43:09.463 [main] DEBUG com.tngtech.archunit.core.importer.JavaClassProcessor - Processing class 'java/lang/Comparable'
02:43:09.463 [main] DEBUG com.tngtech.archunit.core.importer.JavaClassProcessor - Processing class 'org/springframework/context/ApplicationContextInitializer'
02:43:09.463 [main] DEBUG com.tngtech.archunit.core.importer.JavaClassProcessor - Processing class 'java/lang/annotation/RetentionPolicy'
02:43:09.463 [main] DEBUG com.tngtech.archunit.core.importer.JavaClassProcessor - Processing class 'org/springframework/web/bind/annotation/Mapping'
02:43:09.463 [main] DEBUG com.tngtech.archunit.core.importer.JavaClassProcessor - Processing class 'org/springframework/core/type/filter/TypeFilter'
02:43:09.463 [main] DEBUG com.tngtech.archunit.core.importer.JavaClassProcessor - Processing class 'java/util/Locale'
02:43:09.464 [main] DEBUG com.tngtech.archunit.core.importer.JavaClassProcessor - Processing class 'java/lang/reflect/Method'
02:43:09.464 [main] DEBUG com.tngtech.archunit.core.importer.JavaClassProcessor - Processing class 'org/springframework/context/PayloadApplicationEvent'
02:43:09.464 [main] DEBUG com.tngtech.archunit.core.importer.JavaClassProcessor - Processing class 'org/springframework/boot/autoconfigure/AutoConfigurationImportSelector'
02:43:09.465 [main] DEBUG com.tngtech.archunit.core.importer.JavaClassProcessor - Processing class 'jdk/internal/vm/annotation/ForceInline'
02:43:09.465 [main] DEBUG com.tngtech.archunit.core.importer.JavaClassProcessor - Processing class 'org/springframework/http/MediaType'
02:43:09.465 [main] DEBUG com.tngtech.archunit.core.importer.JavaClassProcessor - Processing class 'java/util/Locale$LanguageRange'
02:43:09.465 [main] DEBUG com.tngtech.archunit.core.importer.JavaClassProcessor - Processing class 'java/util/EventListener'
02:43:09.465 [main] DEBUG com.tngtech.archunit.core.importer.JavaClassProcessor - Processing class 'java/lang/Class$ReflectionData'
02:43:09.466 [main] DEBUG com.tngtech.archunit.core.importer.JavaClassProcessor - Processing class 'java/lang/reflect/Type'
02:43:09.466 [main] DEBUG com.tngtech.archunit.core.importer.JavaClassProcessor - Processing class 'jdk/internal/reflect/CallerSensitive'
02:43:09.466 [main] DEBUG com.tngtech.archunit.core.importer.JavaClassProcessor - Processing class 'org/springframework/beans/factory/BeanClassLoaderAware'
02:43:09.466 [main] DEBUG com.tngtech.archunit.core.importer.JavaClassProcessor - Processing class 'org/springframework/context/annotation/AnnotationScopeMetadataResolver'
02:43:09.466 [main] DEBUG com.tngtech.archunit.core.importer.JavaClassProcessor - Processing class 'java/lang/reflect/AnnotatedElement'
02:43:09.466 [main] DEBUG com.tngtech.archunit.core.importer.JavaClassProcessor - Processing class 'org/springframework/boot/autoconfigure/AutoConfigurationPackage'
02:43:09.466 [main] DEBUG com.tngtech.archunit.core.importer.JavaClassProcessor - Processing class 'org/springframework/data/repository/CrudRepository'
02:43:09.466 [main] DEBUG com.tngtech.archunit.core.importer.JavaClassProcessor - Processing class 'java/lang/Iterable'
02:43:09.466 [main] DEBUG com.tngtech.archunit.core.importer.JavaClassProcessor - Processing class 'java/lang/FunctionalInterface'
02:43:09.467 [main] DEBUG com.tngtech.archunit.core.importer.JavaClassProcessor - Processing class 'java/nio/charset/Charset'
02:43:09.467 [main] DEBUG com.tngtech.archunit.core.importer.JavaClassProcessor - Processing class 'java/lang/annotation/Repeatable'
02:43:09.467 [main] DEBUG com.tngtech.archunit.core.importer.JavaClassProcessor - Processing class 'org/springframework/beans/factory/BeanFactoryAware'
02:43:09.467 [main] DEBUG com.tngtech.archunit.core.importer.JavaClassProcessor - Processing class 'org/springframework/context/annotation/ComponentScans'
02:43:09.467 [main] DEBUG com.tngtech.archunit.core.importer.JavaClassProcessor - Processing class 'org/springframework/stereotype/Indexed'
02:43:09.467 [main] DEBUG com.tngtech.archunit.core.importer.JavaClassProcessor - Processing class 'java/lang/reflect/GenericDeclaration'
02:43:09.467 [main] DEBUG com.tngtech.archunit.core.importer.JavaClassProcessor - Processing class 'java/util/Map$Entry'
02:43:09.468 [main] DEBUG com.tngtech.archunit.core.importer.JavaClassProcessor - Processing class 'org/springframework/http/HttpMethod'
02:43:09.468 [main] DEBUG com.tngtech.archunit.core.importer.JavaClassProcessor - Processing class 'org/springframework/context/annotation/ScopedProxyMode'
02:43:09.468 [main] DEBUG com.tngtech.archunit.core.importer.JavaClassProcessor - Processing class 'org/springframework/util/MultiValueMap'
02:43:09.468 [main] DEBUG com.tngtech.archunit.core.importer.JavaClassProcessor - Processing class 'org/springframework/context/annotation/Import'
02:43:09.468 [main] DEBUG com.tngtech.archunit.core.importer.JavaClassProcessor - Processing class 'org/springframework/http/HttpRange'
02:43:09.468 [main] DEBUG com.tngtech.archunit.core.importer.JavaClassProcessor - Processing class 'java/lang/reflect/Field'
02:43:09.469 [main] DEBUG com.tngtech.archunit.core.importer.JavaClassProcessor - Processing class 'org/springframework/context/ApplicationContext'
02:43:09.469 [main] DEBUG com.tngtech.archunit.core.importer.JavaClassProcessor - Processing class 'org/springframework/context/Lifecycle'
02:43:09.469 [main] DEBUG com.tngtech.archunit.core.importer.JavaClassProcessor - Processing class 'org/springframework/context/ApplicationEvent'
02:43:09.469 [main] DEBUG com.tngtech.archunit.core.importer.JavaClassProcessor - Processing class 'org/springframework/context/annotation/ScopeMetadataResolver'
02:43:09.469 [main] DEBUG com.tngtech.archunit.core.importer.JavaClassProcessor - Processing class 'java/io/Closeable'
02:43:09.469 [main] DEBUG com.tngtech.archunit.core.importer.JavaClassProcessor - Processing class 'org/springframework/core/env/AbstractEnvironment'
02:43:09.470 [main] DEBUG com.tngtech.archunit.core.importer.JavaClassProcessor - Processing class 'org/springframework/beans/factory/HierarchicalBeanFactory'
02:43:09.470 [main] DEBUG com.tngtech.archunit.core.importer.JavaClassProcessor - Processing class 'org/springframework/boot/autoconfigure/AutoConfigurationImportListener'
02:43:09.470 [main] DEBUG com.tngtech.archunit.core.importer.JavaClassProcessor - Processing class 'java/nio/charset/spi/CharsetProvider'
02:43:09.470 [main] DEBUG com.tngtech.archunit.core.importer.JavaClassProcessor - Processing class 'java/lang/AutoCloseable'
02:43:09.470 [main] DEBUG com.tngtech.archunit.core.importer.JavaClassProcessor - Processing class 'java/util/EventObject'
02:43:09.470 [main] DEBUG com.tngtech.archunit.core.importer.JavaClassProcessor - Processing class 'org/springframework/util/MimeType'
02:43:09.471 [main] DEBUG com.tngtech.archunit.core.importer.JavaClassProcessor - Processing class 'java/lang/Character'
02:43:09.471 [main] DEBUG com.tngtech.archunit.core.importer.JavaClassProcessor - Processing class 'org/springframework/data/repository/Repository'
02:43:09.471 [main] DEBUG com.tngtech.archunit.core.importer.JavaClassProcessor - Processing class 'java/util/Map'
02:43:09.471 [main] DEBUG com.tngtech.archunit.core.importer.JavaClassProcessor - Processing class 'org/springframework/context/ApplicationEventPublisher'
02:43:09.471 [main] DEBUG com.tngtech.archunit.core.importer.JavaClassProcessor - Processing class 'java/lang/reflect/Executable'
02:43:09.472 [main] DEBUG com.tngtech.archunit.core.importer.JavaClassProcessor - Processing class 'org/springframework/boot/autoconfigure/AutoConfigurationPackages$Registrar'
02:43:09.472 [main] DEBUG com.tngtech.archunit.core.importer.JavaClassProcessor - Processing class 'java/lang/Cloneable'
02:43:09.472 [main] DEBUG com.tngtech.archunit.core.importer.JavaClassProcessor - Processing class 'java/lang/ThreadLocal'
02:43:09.472 [main] DEBUG com.tngtech.archunit.core.importer.JavaClassProcessor - Processing class 'java/lang/reflect/Member'
02:43:09.472 [main] DEBUG com.tngtech.archunit.core.importer.JavaClassProcessor - Processing class 'sun/util/locale/LocaleExtensions'
02:43:09.472 [main] DEBUG com.tngtech.archunit.core.importer.JavaClassProcessor - Processing class 'org/springframework/beans/factory/ListableBeanFactory'
02:43:09.473 [main] DEBUG com.tngtech.archunit.core.importer.JavaClassProcessor - Processing class 'org/springframework/core/Ordered'
02:43:09.473 [main] DEBUG com.tngtech.archunit.core.importer.JavaClassProcessor - Processing class 'org/springframework/context/annotation/DeferredImportSelector'
02:43:09.473 [main] DEBUG com.tngtech.archunit.core.importer.JavaClassProcessor - Processing class 'org/springframework/beans/factory/Aware'
02:43:09.473 [main] DEBUG com.tngtech.archunit.core.importer.JavaClassProcessor - Processing class 'org/springframework/core/ResolvableTypeProvider'
02:43:09.473 [main] DEBUG com.tngtech.archunit.core.importer.JavaClassProcessor - Processing class 'org/springframework/core/io/support/ResourceRegion'
02:43:09.473 [main] DEBUG com.tngtech.archunit.core.importer.JavaClassProcessor - Processing class 'org/springframework/boot/autoconfigure/AutoConfigurationImportFilter'
02:43:09.473 [main] DEBUG com.tngtech.archunit.core.importer.JavaClassProcessor - Processing class 'org/springframework/core/env/ConfigurableEnvironment'
02:43:09.473 [main] DEBUG com.tngtech.archunit.core.importer.JavaClassProcessor - Processing class 'org/springframework/core/env/EnvironmentCapable'
02:43:09.474 [main] DEBUG com.tngtech.archunit.core.importer.JavaClassProcessor - Processing class 'org/springframework/context/MessageSource'
02:43:09.474 [main] DEBUG com.tngtech.archunit.core.importer.JavaClassProcessor - Processing class 'java/lang/reflect/AccessibleObject'
02:43:09.474 [main] DEBUG com.tngtech.archunit.core.importer.JavaClassProcessor - Processing class 'org/springframework/context/ResourceLoaderAware'
02:43:09.474 [main] DEBUG com.tngtech.archunit.core.importer.JavaClassProcessor - Processing class 'org/springframework/context/annotation/DeferredImportSelector$Group'
02:43:09.474 [main] DEBUG com.tngtech.archunit.core.importer.JavaClassProcessor - Processing class 'org/springframework/context/EnvironmentAware'
02:43:09.475 [main] DEBUG com.tngtech.archunit.core.importer.JavaClassProcessor - Processing class 'org/springframework/core/io/support/ResourcePatternResolver'
02:43:09.475 [main] DEBUG com.tngtech.archunit.core.importer.JavaClassProcessor - Processing class 'sun/util/locale/Extension'
02:43:09.475 [main] DEBUG com.tngtech.archunit.core.importer.JavaClassProcessor - Processing class 'org/springframework/core/env/ConfigurablePropertyResolver'
02:43:09.475 [main] DEBUG com.tngtech.archunit.core.importer.JavaClassProcessor - Processing class 'org/springframework/context/annotation/DeferredImportSelector$Group$Entry'
02:43:09.475 [main] DEBUG com.tngtech.archunit.core.importer.JavaClassProcessor - Processing class 'org/springframework/context/annotation/ImportBeanDefinitionRegistrar'
02:43:09.475 [main] DEBUG com.tngtech.archunit.core.importer.JavaClassProcessor - Processing class 'org/springframework/context/annotation/ImportSelector'
02:43:09.475 [main] DEBUG com.tngtech.archunit.core.importer.JavaClassProcessor - Processing class 'org/springframework/core/io/ResourceLoader'
02:43:09.475 [main] DEBUG com.tngtech.archunit.core.importer.JavaClassProcessor - Processing class 'org/springframework/boot/autoconfigure/AutoConfigurationPackages'
02:43:09.476 [main] DEBUG com.tngtech.archunit.core.importer.JavaClassProcessor - Processing class 'org/springframework/boot/context/annotation/DeterminableImports'
02:43:09.476 [main] DEBUG com.tngtech.archunit.core.importer.JavaClassProcessor - Processing class 'org/springframework/core/env/Environment'
02:43:09.476 [main] DEBUG com.tngtech.archunit.core.importer.JavaClassProcessor - Processing class 'org/springframework/beans/factory/BeanFactory'
02:43:09.476 [main] DEBUG com.tngtech.archunit.core.importer.JavaClassProcessor - Processing class 'sun/util/locale/InternalLocaleBuilder$CaseInsensitiveString'
02:43:09.476 [main] DEBUG com.tngtech.archunit.core.importer.JavaClassProcessor - Processing class 'sun/util/locale/InternalLocaleBuilder$CaseInsensitiveChar'
02:43:09.476 [main] DEBUG com.tngtech.archunit.core.importer.JavaClassProcessor - Processing class 'org/springframework/core/env/PropertyResolver'
02:43:09.476 [main] DEBUG com.tngtech.archunit.core.importer.JavaClassProcessor - Processing class 'sun/util/locale/InternalLocaleBuilder'
02:43:09.477 [main] DEBUG com.tngtech.archunit.core.importer.JavaClassProcessor - Processing class 'java/io/IOException'
02:43:09.477 [main] DEBUG com.tngtech.archunit.core.importer.JavaClassProcessor - Processing class 'java/util/stream/IntStream'
02:43:09.479 [main] DEBUG com.tngtech.archunit.core.importer.JavaClassProcessor - Processing class 'sun/reflect/annotation/AnnotationType'
02:43:09.479 [main] DEBUG com.tngtech.archunit.core.importer.JavaClassProcessor - Processing class 'java/lang/Module'
02:43:09.479 [main] DEBUG com.tngtech.archunit.core.importer.JavaClassProcessor - Processing class 'java/lang/ClassValue$ClassValueMap'
02:43:09.480 [main] DEBUG com.tngtech.archunit.core.importer.JavaClassProcessor - Processing class 'java/io/ObjectStreamField'
02:43:09.480 [main] DEBUG com.tngtech.archunit.core.importer.JavaClassProcessor - Processing class 'java/lang/reflect/Constructor'
02:43:09.480 [main] DEBUG com.tngtech.archunit.core.importer.JavaClassProcessor - Processing class 'java/lang/ref/SoftReference'
02:43:09.480 [main] DEBUG com.tngtech.archunit.core.importer.JavaClassProcessor - Processing class 'java/lang/ClassLoader'
02:43:09.481 [main] DEBUG com.tngtech.archunit.core.importer.JavaClassProcessor - Processing class 'java/lang/Class$AnnotationData'
02:43:09.481 [main] DEBUG com.tngtech.archunit.core.importer.JavaClassProcessor - Processing class 'java/security/ProtectionDomain'
02:43:09.481 [main] DEBUG com.tngtech.archunit.core.importer.JavaClassProcessor - Processing class 'sun/reflect/generics/repository/ClassRepository'
02:43:09.481 [main] DEBUG com.tngtech.archunit.core.importer.JavaClassProcessor - Processing class 'jdk/internal/reflect/ReflectionFactory'
02:43:09.481 [main] DEBUG com.tngtech.archunit.core.importer.JavaClassProcessor - Processing class 'java/lang/NoSuchMethodException'
02:43:09.481 [main] DEBUG com.tngtech.archunit.core.importer.JavaClassProcessor - Processing class 'java/lang/SecurityException'
02:43:09.482 [main] DEBUG com.tngtech.archunit.core.importer.JavaClassProcessor - Processing class 'java/lang/ClassNotFoundException'
02:43:09.482 [main] DEBUG com.tngtech.archunit.core.importer.JavaClassProcessor - Processing class 'java/lang/NoSuchFieldException'
02:43:09.482 [main] DEBUG com.tngtech.archunit.core.importer.JavaClassProcessor - Processing class 'java/lang/Package'
02:43:09.482 [main] DEBUG com.tngtech.archunit.core.importer.JavaClassProcessor - Processing class 'java/lang/SecurityManager'
02:43:09.483 [main] DEBUG com.tngtech.archunit.core.importer.JavaClassProcessor - Processing class 'java/io/InputStream'
02:43:09.483 [main] DEBUG com.tngtech.archunit.core.importer.JavaClassProcessor - Processing class 'java/net/URL'
02:43:09.483 [main] DEBUG com.tngtech.archunit.core.importer.JavaClassProcessor - Processing class 'java/lang/reflect/AnnotatedType'
02:43:09.483 [main] DEBUG com.tngtech.archunit.core.importer.JavaClassProcessor - Processing class 'java/lang/PublicMethods$MethodList'
02:43:09.484 [main] DEBUG com.tngtech.archunit.core.importer.JavaClassProcessor - Processing class 'java/lang/InstantiationException'
02:43:09.484 [main] DEBUG com.tngtech.archunit.core.importer.JavaClassProcessor - Processing class 'java/lang/IllegalAccessException'
02:43:09.484 [main] DEBUG com.tngtech.archunit.core.importer.JavaClassProcessor - Processing class 'jdk/internal/reflect/ConstantPool'
02:43:09.484 [main] DEBUG com.tngtech.archunit.core.importer.JavaClassProcessor - Processing class 'sun/reflect/generics/factory/GenericsFactory'
02:43:09.484 [main] DEBUG com.tngtech.archunit.core.importer.JavaClassProcessor - Processing class 'java/lang/reflect/TypeVariable'
02:43:09.484 [main] DEBUG com.tngtech.archunit.core.importer.JavaClassProcessor - Processing class 'java/lang/Class$EnclosingMethodInfo'
02:43:09.485 [main] DEBUG com.tngtech.archunit.core.importer.JavaClassProcessor - Processing class 'java/io/ObjectStreamException'
02:43:09.485 [main] DEBUG com.tngtech.archunit.core.importer.JavaClassProcessor - Processing class 'java/io/ObjectInputStream'
02:43:09.485 [main] DEBUG com.tngtech.archunit.core.importer.JavaClassProcessor - Processing class 'java/lang/CloneNotSupportedException'
02:43:09.485 [main] DEBUG com.tngtech.archunit.core.importer.JavaClassProcessor - Processing class 'java/util/Iterator'
02:43:09.486 [main] DEBUG com.tngtech.archunit.core.importer.JavaClassProcessor - Processing class 'java/util/function/Consumer'
02:43:09.486 [main] DEBUG com.tngtech.archunit.core.importer.JavaClassProcessor - Processing class 'java/util/Spliterator'
02:43:09.486 [main] DEBUG com.tngtech.archunit.core.importer.JavaClassProcessor - Processing class 'java/lang/NumberFormatException'
02:43:09.486 [main] DEBUG com.tngtech.archunit.core.importer.JavaClassProcessor - Processing class 'java/math/BigInteger'
02:43:09.487 [main] DEBUG com.tngtech.archunit.core.importer.JavaClassProcessor - Processing class 'java/lang/InterruptedException'
02:43:09.487 [main] DEBUG com.tngtech.archunit.core.importer.JavaClassProcessor - Processing class 'java/util/Comparator'
02:43:09.488 [main] DEBUG com.tngtech.archunit.core.importer.JavaClassProcessor - Processing class 'java/util/stream/Stream'
02:43:09.488 [main] DEBUG com.tngtech.archunit.core.importer.JavaClassProcessor - Processing class 'java/lang/StringBuffer'
02:43:09.488 [main] DEBUG com.tngtech.archunit.core.importer.JavaClassProcessor - Processing class 'java/io/UnsupportedEncodingException'
02:43:09.488 [main] DEBUG com.tngtech.archunit.core.importer.JavaClassProcessor - Processing class 'java/lang/AbstractStringBuilder'
02:43:09.489 [main] DEBUG com.tngtech.archunit.core.importer.JavaClassProcessor - Processing class 'java/lang/StringBuilder'
02:43:09.489 [main] DEBUG com.tngtech.archunit.core.importer.JavaClassProcessor - Processing class 'java/util/concurrent/atomic/AtomicInteger'
02:43:09.490 [main] DEBUG com.tngtech.archunit.core.importer.JavaClassProcessor - Processing class 'java/lang/ThreadLocal$ThreadLocalMap'
02:43:09.490 [main] DEBUG com.tngtech.archunit.core.importer.JavaClassProcessor - Processing class 'java/lang/Thread'
02:43:09.490 [main] DEBUG com.tngtech.archunit.core.importer.JavaClassProcessor - Processing class 'java/util/function/Supplier'
02:43:09.490 [main] DEBUG com.tngtech.archunit.core.importer.JavaClassProcessor - Processing class 'java/lang/StackTraceElement'
02:43:09.491 [main] DEBUG com.tngtech.archunit.core.importer.JavaClassProcessor - Processing class 'java/io/PrintWriter'
02:43:09.491 [main] DEBUG com.tngtech.archunit.core.importer.JavaClassProcessor - Processing class 'java/io/PrintStream'
02:43:09.491 [main] DEBUG com.tngtech.archunit.core.importer.JavaClassProcessor - Processing class 'java/lang/Throwable$PrintStreamOrWriter'
02:43:09.491 [main] DEBUG com.tngtech.archunit.core.importer.JavaClassProcessor - Processing class 'java/util/Set'
02:43:09.491 [main] DEBUG com.tngtech.archunit.core.importer.JavaClassProcessor - Processing class 'java/io/ObjectOutputStream'
02:43:09.492 [main] DEBUG com.tngtech.archunit.core.importer.JavaClassProcessor - Processing class 'java/lang/reflect/Parameter'
02:43:09.493 [main] DEBUG com.tngtech.archunit.core.importer.JavaClassProcessor - Processing class 'sun/reflect/generics/repository/ConstructorRepository'
02:43:09.493 [main] DEBUG com.tngtech.archunit.core.importer.JavaClassProcessor - Processing class 'sun/reflect/generics/repository/FieldRepository'
02:43:09.493 [main] DEBUG com.tngtech.archunit.core.importer.JavaClassProcessor - Processing class 'jdk/internal/reflect/FieldAccessor'
02:43:09.493 [main] DEBUG com.tngtech.archunit.core.importer.JavaClassProcessor - Processing class 'java/lang/IllegalArgumentException'
02:43:09.494 [main] DEBUG com.tngtech.archunit.core.importer.JavaClassProcessor - Processing class 'jdk/internal/reflect/MethodAccessor'
02:43:09.494 [main] DEBUG com.tngtech.archunit.core.importer.JavaClassProcessor - Processing class 'sun/reflect/generics/repository/MethodRepository'
02:43:09.494 [main] DEBUG com.tngtech.archunit.core.importer.JavaClassProcessor - Processing class 'java/lang/reflect/InvocationTargetException'
02:43:09.494 [main] DEBUG com.tngtech.archunit.core.importer.JavaClassProcessor - Processing class 'java/nio/charset/CharsetEncoder'
02:43:09.494 [main] DEBUG com.tngtech.archunit.core.importer.JavaClassProcessor - Processing class 'java/nio/charset/CharsetDecoder'
02:43:09.494 [main] DEBUG com.tngtech.archunit.core.importer.JavaClassProcessor - Processing class 'java/nio/ByteBuffer'
02:43:09.494 [main] DEBUG com.tngtech.archunit.core.importer.JavaClassProcessor - Processing class 'java/nio/CharBuffer'
02:43:09.495 [main] DEBUG com.tngtech.archunit.core.importer.JavaClassProcessor - Processing class 'java/util/SortedMap'
02:43:09.495 [main] DEBUG com.tngtech.archunit.core.importer.JavaClassProcessor - Processing class 'java/util/function/Predicate'
02:43:09.495 [main] DEBUG com.tngtech.archunit.core.importer.JavaClassProcessor - Processing class 'java/util/function/IntFunction'
02:43:09.495 [main] DEBUG com.tngtech.archunit.core.importer.JavaClassProcessor - Processing class 'java/util/ListIterator'
02:43:09.495 [main] DEBUG com.tngtech.archunit.core.importer.JavaClassProcessor - Processing class 'java/util/function/UnaryOperator'
02:43:09.496 [main] DEBUG com.tngtech.archunit.core.importer.JavaClassProcessor - Processing class 'sun/util/locale/BaseLocale'
02:43:09.496 [main] DEBUG com.tngtech.archunit.core.importer.JavaClassProcessor - Processing class 'java/util/Locale$Cache'
02:43:09.496 [main] DEBUG com.tngtech.archunit.core.importer.JavaClassProcessor - Processing class 'sun/util/locale/provider/LocaleResources'
02:43:09.496 [main] DEBUG com.tngtech.archunit.core.importer.JavaClassProcessor - Processing class 'java/util/MissingResourceException'
02:43:09.496 [main] DEBUG com.tngtech.archunit.core.importer.JavaClassProcessor - Processing class 'java/util/Locale$FilteringMode'
02:43:09.496 [main] DEBUG com.tngtech.archunit.core.importer.JavaClassProcessor - Processing class 'java/util/Locale$Category'
02:43:09.496 [main] DEBUG com.tngtech.archunit.core.importer.JavaClassProcessor - Processing class 'java/util/Locale$IsoCountryCode'
02:43:09.497 [main] DEBUG com.tngtech.archunit.core.importer.JavaClassProcessor - Processing class 'java/util/function/BiFunction'
02:43:09.497 [main] DEBUG com.tngtech.archunit.core.importer.JavaClassProcessor - Processing class 'java/util/function/Function'
02:43:09.497 [main] DEBUG com.tngtech.archunit.core.importer.JavaClassProcessor - Processing class 'java/util/function/BiConsumer'
02:43:09.498 [main] DEBUG com.tngtech.archunit.core.importer.JavaClassProcessor - Processing class 'java/lang/invoke/SerializedLambda'
02:43:09.498 [main] DEBUG com.tngtech.archunit.core.importer.JavaClassProcessor - Processing class 'java/lang/Runnable'
02:43:09.499 [main] DEBUG com.tngtech.archunit.core.importer.JavaClassProcessor - Processing class 'org/springframework/beans/factory/ObjectProvider'
02:43:09.499 [main] DEBUG com.tngtech.archunit.core.importer.JavaClassProcessor - Processing class 'org/springframework/core/ResolvableType'
02:43:09.500 [main] DEBUG com.tngtech.archunit.core.importer.JavaClassProcessor - Processing class 'org/springframework/beans/BeansException'
02:43:09.500 [main] DEBUG com.tngtech.archunit.core.importer.JavaClassProcessor - Processing class 'org/springframework/beans/factory/NoSuchBeanDefinitionException'
02:43:09.500 [main] DEBUG com.tngtech.archunit.core.importer.JavaClassProcessor - Processing class 'org/springframework/beans/factory/config/BeanDefinition'
02:43:09.501 [main] DEBUG com.tngtech.archunit.core.importer.JavaClassProcessor - Processing class 'org/springframework/beans/factory/support/BeanDefinitionRegistry'
02:43:09.501 [main] DEBUG com.tngtech.archunit.core.importer.JavaClassProcessor - Processing class 'org/springframework/boot/BootstrapRegistry'
02:43:09.501 [main] DEBUG com.tngtech.archunit.core.importer.JavaClassProcessor - Processing class 'org/springframework/boot/SpringApplicationShutdownHook'
02:43:09.501 [main] DEBUG com.tngtech.archunit.core.importer.JavaClassProcessor - Processing class 'org/springframework/boot/Banner$Mode'
02:43:09.501 [main] DEBUG com.tngtech.archunit.core.importer.JavaClassProcessor - Processing class 'org/springframework/boot/WebApplicationType'
02:43:09.502 [main] DEBUG com.tngtech.archunit.core.importer.JavaClassProcessor - Processing class 'org/springframework/core/metrics/ApplicationStartup'
02:43:09.502 [main] DEBUG com.tngtech.archunit.core.importer.JavaClassProcessor - Processing class 'org/springframework/boot/ApplicationContextFactory'
02:43:09.502 [main] DEBUG com.tngtech.archunit.core.importer.JavaClassProcessor - Processing class 'org/apache/commons/logging/Log'
02:43:09.502 [main] DEBUG com.tngtech.archunit.core.importer.JavaClassProcessor - Processing class 'org/springframework/boot/Banner'
02:43:09.503 [main] DEBUG com.tngtech.archunit.core.importer.JavaClassProcessor - Processing class 'org/springframework/boot/DefaultBootstrapContext'
02:43:09.503 [main] DEBUG com.tngtech.archunit.core.importer.JavaClassProcessor - Processing class 'org/springframework/boot/ApplicationRunner'
02:43:09.503 [main] DEBUG com.tngtech.archunit.core.importer.JavaClassProcessor - Processing class 'org/springframework/boot/ApplicationArguments'
02:43:09.503 [main] DEBUG com.tngtech.archunit.core.importer.JavaClassProcessor - Processing class 'org/springframework/boot/SpringApplicationRunListeners'
02:43:09.504 [main] DEBUG com.tngtech.archunit.core.importer.JavaClassProcessor - Processing class 'org/springframework/boot/BeanDefinitionLoader'
02:43:09.504 [main] DEBUG com.tngtech.archunit.core.importer.JavaClassProcessor - Processing class 'org/springframework/boot/CommandLineRunner'
02:43:09.504 [main] DEBUG com.tngtech.archunit.core.importer.JavaClassProcessor - Processing class 'org/springframework/boot/Bootstrapper'
02:43:09.504 [main] DEBUG com.tngtech.archunit.core.importer.JavaClassProcessor - Processing class 'org/springframework/boot/ExitCodeGenerator'
02:43:09.505 [main] DEBUG com.tngtech.archunit.core.importer.JavaClassProcessor - Processing class 'java/util/Properties'
02:43:09.505 [main] DEBUG com.tngtech.archunit.core.importer.JavaClassProcessor - Processing class 'org/springframework/boot/SpringBootExceptionHandler'
02:43:09.505 [main] DEBUG com.tngtech.archunit.core.importer.JavaClassProcessor - Processing class 'org/springframework/boot/SpringApplicationShutdownHandlers'
02:43:09.506 [main] DEBUG com.tngtech.archunit.core.importer.JavaClassProcessor - Processing class 'org/springframework/core/type/classreading/MetadataReader'
02:43:09.506 [main] DEBUG com.tngtech.archunit.core.importer.JavaClassProcessor - Processing class 'org/springframework/core/type/classreading/MetadataReaderFactory'
02:43:09.507 [main] DEBUG com.tngtech.archunit.core.importer.JavaClassProcessor - Processing class 'org/springframework/boot/autoconfigure/AutoConfigurationMetadata'
02:43:09.507 [main] DEBUG com.tngtech.archunit.core.importer.JavaClassProcessor - Processing class 'org/springframework/boot/autoconfigure/AutoConfigurationImportEvent'
02:43:09.507 [main] DEBUG com.tngtech.archunit.core.importer.JavaClassProcessor - Processing class 'org/springframework/beans/factory/config/ConfigurableListableBeanFactory'
02:43:09.507 [main] DEBUG com.tngtech.archunit.core.importer.JavaClassProcessor - Processing class 'org/springframework/boot/autoconfigure/AutoConfigurationImportSelector$AutoConfigurationEntry'
02:43:09.507 [main] DEBUG com.tngtech.archunit.core.importer.JavaClassProcessor - Processing class 'org/springframework/boot/autoconfigure/AutoConfigurationImportSelector$ConfigurationClassFilter'
02:43:09.508 [main] DEBUG com.tngtech.archunit.core.importer.JavaClassProcessor - Processing class 'org/springframework/core/annotation/AnnotationAttributes'
02:43:09.508 [main] DEBUG com.tngtech.archunit.core.importer.JavaClassProcessor - Processing class 'org/springframework/core/type/AnnotationMetadata'
02:43:09.509 [main] DEBUG com.tngtech.archunit.core.importer.JavaClassProcessor - Processing class 'org/springframework/beans/factory/config/AutowireCapableBeanFactory'
02:43:09.509 [main] DEBUG com.tngtech.archunit.core.importer.JavaClassProcessor - Processing class 'java/lang/IllegalStateException'
02:43:09.509 [main] DEBUG com.tngtech.archunit.core.importer.JavaClassProcessor - Processing class 'java/time/Clock'
02:43:09.509 [main] DEBUG com.tngtech.archunit.core.importer.JavaClassProcessor - Processing class 'org/springframework/core/io/ProtocolResolver'
02:43:09.510 [main] DEBUG com.tngtech.archunit.core.importer.JavaClassProcessor - Processing class 'org/springframework/beans/factory/config/BeanFactoryPostProcessor'
02:43:09.510 [main] DEBUG com.tngtech.archunit.core.importer.JavaClassProcessor - Processing class 'org/springframework/context/MessageSourceResolvable'
02:43:09.510 [main] DEBUG com.tngtech.archunit.core.importer.JavaClassProcessor - Processing class 'org/springframework/context/NoSuchMessageException'
02:43:09.510 [main] DEBUG com.tngtech.archunit.core.importer.JavaClassProcessor - Processing class 'org/springframework/context/annotation/ScopeMetadata'
02:43:09.512 [main] DEBUG com.tngtech.archunit.core.importer.JavaClassProcessor - Processing class 'org/springframework/core/env/MutablePropertySources'
02:43:09.512 [main] DEBUG com.tngtech.archunit.core.importer.JavaClassProcessor - Processing class 'org/springframework/core/env/Profiles'
02:43:09.512 [main] DEBUG com.tngtech.archunit.core.importer.JavaClassProcessor - Processing class 'org/springframework/core/env/MissingRequiredPropertiesException'
02:43:09.513 [main] DEBUG com.tngtech.archunit.core.importer.JavaClassProcessor - Processing class 'org/springframework/core/convert/support/ConfigurableConversionService'
02:43:09.513 [main] DEBUG com.tngtech.archunit.core.importer.JavaClassProcessor - Processing class 'org/springframework/core/io/Resource'
02:43:09.514 [main] DEBUG com.tngtech.archunit.core.importer.JavaClassProcessor - Processing class 'org/springframework/data/domain/Example'
02:43:09.514 [main] DEBUG com.tngtech.archunit.core.importer.JavaClassProcessor - Processing class 'org/springframework/data/domain/Sort'
02:43:09.515 [main] DEBUG com.tngtech.archunit.core.importer.JavaClassProcessor - Processing class 'org/springframework/data/domain/Page'
02:43:09.515 [main] DEBUG com.tngtech.archunit.core.importer.JavaClassProcessor - Processing class 'org/springframework/data/domain/Pageable'
02:43:09.515 [main] DEBUG com.tngtech.archunit.core.importer.JavaClassProcessor - Processing class 'java/time/format/DateTimeFormatter'
02:43:09.516 [main] DEBUG com.tngtech.archunit.core.importer.JavaClassProcessor - Processing class 'java/text/DecimalFormatSymbols'
02:43:09.516 [main] DEBUG com.tngtech.archunit.core.importer.JavaClassProcessor - Processing class 'java/util/regex/Pattern'
02:43:09.517 [main] DEBUG com.tngtech.archunit.core.importer.JavaClassProcessor - Processing class 'java/time/ZoneId'
02:43:09.518 [main] DEBUG com.tngtech.archunit.core.importer.JavaClassProcessor - Processing class 'java/time/ZonedDateTime'
02:43:09.518 [main] DEBUG com.tngtech.archunit.core.importer.JavaClassProcessor - Processing class 'java/time/Instant'
02:43:09.519 [main] DEBUG com.tngtech.archunit.core.importer.JavaClassProcessor - Processing class 'java/net/InetSocketAddress'
02:43:09.519 [main] DEBUG com.tngtech.archunit.core.importer.JavaClassProcessor - Processing class 'org/springframework/http/ContentDisposition'
02:43:09.519 [main] DEBUG com.tngtech.archunit.core.importer.JavaClassProcessor - Processing class 'java/net/URI'
02:43:09.520 [main] DEBUG com.tngtech.archunit.core.importer.JavaClassProcessor - Processing class 'org/springframework/http/CacheControl'
02:43:09.521 [main] DEBUG com.tngtech.archunit.core.importer.JavaClassProcessor - Processing class 'java/time/Duration'
02:43:09.522 [main] DEBUG com.tngtech.archunit.core.importer.JavaClassProcessor - Processing class 'org/springframework/http/HttpStatus'
02:43:09.523 [main] DEBUG com.tngtech.archunit.core.importer.JavaClassProcessor - Processing class 'org/springframework/http/ResponseEntity$1'
02:43:09.523 [main] DEBUG com.tngtech.archunit.core.importer.JavaClassProcessor - Processing class 'java/util/BitSet'
02:43:09.525 [main] DEBUG com.tngtech.archunit.core.importer.JavaClassProcessor - Processing class 'sun/util/locale/LocaleSyntaxException'
02:43:09.525 [main] DEBUG com.tngtech.archunit.core.importer.JavaClassProcessor - Processing class 'sun/util/locale/LanguageTag'
]]></system-out>
  </testcase>
  <testcase name="serviceClassNamesShouldEndWithService" classname="archtests.SongArchitectureTests" time="0.096">
    <system-out><![CDATA[02:43:09.538 [main] DEBUG com.tngtech.archunit.core.importer.UrlSource$From - Found URLs on sun.boot.class.path: []
02:43:09.541 [main] DEBUG com.tngtech.archunit.core.importer.UrlSource$From - Found URLs on java.class.path: [file:/M:/Lab/song-manager/target/test-classes/, file:/M:/Lab/song-manager/target/classes/, jar:file:/C:/Users/User/.m2/repository/org/springframework/boot/spring-boot-starter-web/2.5.4/spring-boot-starter-web-2.5.4.jar!/, jar:file:/C:/Users/User/.m2/repository/org/springframework/boot/spring-boot-starter/2.5.4/spring-boot-starter-2.5.4.jar!/, jar:file:/C:/Users/User/.m2/repository/org/springframework/boot/spring-boot/2.5.4/spring-boot-2.5.4.jar!/, jar:file:/C:/Users/User/.m2/repository/org/springframework/boot/spring-boot-autoconfigure/2.5.4/spring-boot-autoconfigure-2.5.4.jar!/, jar:file:/C:/Users/User/.m2/repository/org/springframework/boot/spring-boot-starter-logging/2.5.4/spring-boot-starter-logging-2.5.4.jar!/, jar:file:/C:/Users/User/.m2/repository/ch/qos/logback/logback-classic/1.2.5/logback-classic-1.2.5.jar!/, jar:file:/C:/Users/User/.m2/repository/ch/qos/logback/logback-core/1.2.5/logback-core-1.2.5.jar!/, jar:file:/C:/Users/User/.m2/repository/org/apache/logging/log4j/log4j-to-slf4j/2.14.1/log4j-to-slf4j-2.14.1.jar!/, jar:file:/C:/Users/User/.m2/repository/org/apache/logging/log4j/log4j-api/2.14.1/log4j-api-2.14.1.jar!/, jar:file:/C:/Users/User/.m2/repository/org/slf4j/jul-to-slf4j/1.7.32/jul-to-slf4j-1.7.32.jar!/, jar:file:/C:/Users/User/.m2/repository/jakarta/annotation/jakarta.annotation-api/1.3.5/jakarta.annotation-api-1.3.5.jar!/, jar:file:/C:/Users/User/.m2/repository/org/yaml/snakeyaml/1.28/snakeyaml-1.28.jar!/, jar:file:/C:/Users/User/.m2/repository/org/springframework/boot/spring-boot-starter-json/2.5.4/spring-boot-starter-json-2.5.4.jar!/, jar:file:/C:/Users/User/.m2/repository/com/fasterxml/jackson/core/jackson-databind/2.12.4/jackson-databind-2.12.4.jar!/, jar:file:/C:/Users/User/.m2/repository/com/fasterxml/jackson/core/jackson-annotations/2.12.4/jackson-annotations-2.12.4.jar!/, jar:file:/C:/Users/User/.m2/repository/com/fasterxml/jackson/core/jackson-core/2.12.4/jackson-core-2.12.4.jar!/, jar:file:/C:/Users/User/.m2/repository/com/fasterxml/jackson/datatype/jackson-datatype-jdk8/2.12.4/jackson-datatype-jdk8-2.12.4.jar!/, jar:file:/C:/Users/User/.m2/repository/com/fasterxml/jackson/datatype/jackson-datatype-jsr310/2.12.4/jackson-datatype-jsr310-2.12.4.jar!/, jar:file:/C:/Users/User/.m2/repository/com/fasterxml/jackson/module/jackson-module-parameter-names/2.12.4/jackson-module-parameter-names-2.12.4.jar!/, jar:file:/C:/Users/User/.m2/repository/org/springframework/boot/spring-boot-starter-tomcat/2.5.4/spring-boot-starter-tomcat-2.5.4.jar!/, jar:file:/C:/Users/User/.m2/repository/org/apache/tomcat/embed/tomcat-embed-core/9.0.52/tomcat-embed-core-9.0.52.jar!/, jar:file:/C:/Users/User/.m2/repository/org/apache/tomcat/embed/tomcat-embed-el/9.0.52/tomcat-embed-el-9.0.52.jar!/, jar:file:/C:/Users/User/.m2/repository/org/apache/tomcat/embed/tomcat-embed-websocket/9.0.52/tomcat-embed-websocket-9.0.52.jar!/, jar:file:/C:/Users/User/.m2/repository/org/springframework/spring-web/5.3.9/spring-web-5.3.9.jar!/, jar:file:/C:/Users/User/.m2/repository/org/springframework/spring-beans/5.3.9/spring-beans-5.3.9.jar!/, jar:file:/C:/Users/User/.m2/repository/org/springframework/spring-webmvc/5.3.9/spring-webmvc-5.3.9.jar!/, jar:file:/C:/Users/User/.m2/repository/org/springframework/spring-aop/5.3.9/spring-aop-5.3.9.jar!/, jar:file:/C:/Users/User/.m2/repository/org/springframework/spring-context/5.3.9/spring-context-5.3.9.jar!/, jar:file:/C:/Users/User/.m2/repository/org/springframework/spring-expression/5.3.9/spring-expression-5.3.9.jar!/, jar:file:/C:/Users/User/.m2/repository/org/springframework/boot/spring-boot-starter-data-jpa/2.5.4/spring-boot-starter-data-jpa-2.5.4.jar!/, jar:file:/C:/Users/User/.m2/repository/org/springframework/boot/spring-boot-starter-aop/2.5.4/spring-boot-starter-aop-2.5.4.jar!/, jar:file:/C:/Users/User/.m2/repository/org/aspectj/aspectjweaver/1.9.7/aspectjweaver-1.9.7.jar!/, jar:file:/C:/Users/User/.m2/repository/org/springframework/boot/spring-boot-starter-jdbc/2.5.4/spring-boot-starter-jdbc-2.5.4.jar!/, jar:file:/C:/Users/User/.m2/repository/com/zaxxer/HikariCP/4.0.3/HikariCP-4.0.3.jar!/, jar:file:/C:/Users/User/.m2/repository/org/springframework/spring-jdbc/5.3.9/spring-jdbc-5.3.9.jar!/, jar:file:/C:/Users/User/.m2/repository/jakarta/transaction/jakarta.transaction-api/1.3.3/jakarta.transaction-api-1.3.3.jar!/, jar:file:/C:/Users/User/.m2/repository/jakarta/persistence/jakarta.persistence-api/2.2.3/jakarta.persistence-api-2.2.3.jar!/, jar:file:/C:/Users/User/.m2/repository/org/hibernate/hibernate-core/5.4.32.Final/hibernate-core-5.4.32.Final.jar!/, jar:file:/C:/Users/User/.m2/repository/org/jboss/logging/jboss-logging/3.4.2.Final/jboss-logging-3.4.2.Final.jar!/, jar:file:/C:/Users/User/.m2/repository/org/javassist/javassist/3.27.0-GA/javassist-3.27.0-GA.jar!/, jar:file:/C:/Users/User/.m2/repository/net/bytebuddy/byte-buddy/1.10.22/byte-buddy-1.10.22.jar!/, jar:file:/C:/Users/User/.m2/repository/antlr/antlr/2.7.7/antlr-2.7.7.jar!/, jar:file:/C:/Users/User/.m2/repository/org/jboss/jandex/2.2.3.Final/jandex-2.2.3.Final.jar!/, jar:file:/C:/Users/User/.m2/repository/com/fasterxml/classmate/1.5.1/classmate-1.5.1.jar!/, jar:file:/C:/Users/User/.m2/repository/org/dom4j/dom4j/2.1.3/dom4j-2.1.3.jar!/, jar:file:/C:/Users/User/.m2/repository/org/hibernate/common/hibernate-commons-annotations/5.1.2.Final/hibernate-commons-annotations-5.1.2.Final.jar!/, jar:file:/C:/Users/User/.m2/repository/org/glassfish/jaxb/jaxb-runtime/2.3.5/jaxb-runtime-2.3.5.jar!/, jar:file:/C:/Users/User/.m2/repository/org/glassfish/jaxb/txw2/2.3.5/txw2-2.3.5.jar!/, jar:file:/C:/Users/User/.m2/repository/com/sun/istack/istack-commons-runtime/3.0.12/istack-commons-runtime-3.0.12.jar!/, jar:file:/C:/Users/User/.m2/repository/com/sun/activation/jakarta.activation/1.2.2/jakarta.activation-1.2.2.jar!/, jar:file:/C:/Users/User/.m2/repository/org/springframework/data/spring-data-jpa/2.5.4/spring-data-jpa-2.5.4.jar!/, jar:file:/C:/Users/User/.m2/repository/org/springframework/data/spring-data-commons/2.5.4/spring-data-commons-2.5.4.jar!/, jar:file:/C:/Users/User/.m2/repository/org/springframework/spring-orm/5.3.9/spring-orm-5.3.9.jar!/, jar:file:/C:/Users/User/.m2/repository/org/springframework/spring-tx/5.3.9/spring-tx-5.3.9.jar!/, jar:file:/C:/Users/User/.m2/repository/org/springframework/spring-aspects/5.3.9/spring-aspects-5.3.9.jar!/, jar:file:/C:/Users/User/.m2/repository/com/h2database/h2/1.4.200/h2-1.4.200.jar!/, jar:file:/C:/Users/User/.m2/repository/javax/persistence/javax.persistence-api/2.2/javax.persistence-api-2.2.jar!/, jar:file:/C:/Users/User/.m2/repository/org/springframework/boot/spring-boot-starter-test/2.5.4/spring-boot-starter-test-2.5.4.jar!/, jar:file:/C:/Users/User/.m2/repository/org/springframework/boot/spring-boot-test/2.5.4/spring-boot-test-2.5.4.jar!/, jar:file:/C:/Users/User/.m2/repository/org/springframework/boot/spring-boot-test-autoconfigure/2.5.4/spring-boot-test-autoconfigure-2.5.4.jar!/, jar:file:/C:/Users/User/.m2/repository/com/jayway/jsonpath/json-path/2.5.0/json-path-2.5.0.jar!/, jar:file:/C:/Users/User/.m2/repository/net/minidev/json-smart/2.4.7/json-smart-2.4.7.jar!/, jar:file:/C:/Users/User/.m2/repository/net/minidev/accessors-smart/2.4.7/accessors-smart-2.4.7.jar!/, jar:file:/C:/Users/User/.m2/repository/org/ow2/asm/asm/9.1/asm-9.1.jar!/, jar:file:/C:/Users/User/.m2/repository/jakarta/xml/bind/jakarta.xml.bind-api/2.3.3/jakarta.xml.bind-api-2.3.3.jar!/, jar:file:/C:/Users/User/.m2/repository/jakarta/activation/jakarta.activation-api/1.2.2/jakarta.activation-api-1.2.2.jar!/, jar:file:/C:/Users/User/.m2/repository/org/assertj/assertj-core/3.19.0/assertj-core-3.19.0.jar!/, jar:file:/C:/Users/User/.m2/repository/org/hamcrest/hamcrest/2.2/hamcrest-2.2.jar!/, jar:file:/C:/Users/User/.m2/repository/org/junit/jupiter/junit-jupiter/5.7.2/junit-jupiter-5.7.2.jar!/, jar:file:/C:/Users/User/.m2/repository/org/junit/jupiter/junit-jupiter-api/5.7.2/junit-jupiter-api-5.7.2.jar!/, jar:file:/C:/Users/User/.m2/repository/org/apiguardian/apiguardian-api/1.1.0/apiguardian-api-1.1.0.jar!/, jar:file:/C:/Users/User/.m2/repository/org/opentest4j/opentest4j/1.2.0/opentest4j-1.2.0.jar!/, jar:file:/C:/Users/User/.m2/repository/org/junit/platform/junit-platform-commons/1.7.2/junit-platform-commons-1.7.2.jar!/, jar:file:/C:/Users/User/.m2/repository/org/junit/jupiter/junit-jupiter-params/5.7.2/junit-jupiter-params-5.7.2.jar!/, jar:file:/C:/Users/User/.m2/repository/org/junit/jupiter/junit-jupiter-engine/5.7.2/junit-jupiter-engine-5.7.2.jar!/, jar:file:/C:/Users/User/.m2/repository/org/junit/platform/junit-platform-engine/1.7.2/junit-platform-engine-1.7.2.jar!/, jar:file:/C:/Users/User/.m2/repository/org/mockito/mockito-core/3.9.0/mockito-core-3.9.0.jar!/, jar:file:/C:/Users/User/.m2/repository/net/bytebuddy/byte-buddy-agent/1.10.22/byte-buddy-agent-1.10.22.jar!/, jar:file:/C:/Users/User/.m2/repository/org/objenesis/objenesis/3.2/objenesis-3.2.jar!/, jar:file:/C:/Users/User/.m2/repository/org/mockito/mockito-junit-jupiter/3.9.0/mockito-junit-jupiter-3.9.0.jar!/, jar:file:/C:/Users/User/.m2/repository/org/skyscreamer/jsonassert/1.5.0/jsonassert-1.5.0.jar!/, jar:file:/C:/Users/User/.m2/repository/com/vaadin/external/google/android-json/0.0.20131108.vaadin1/android-json-0.0.20131108.vaadin1.jar!/, jar:file:/C:/Users/User/.m2/repository/org/springframework/spring-core/5.3.9/spring-core-5.3.9.jar!/, jar:file:/C:/Users/User/.m2/repository/org/springframework/spring-jcl/5.3.9/spring-jcl-5.3.9.jar!/, jar:file:/C:/Users/User/.m2/repository/org/springframework/spring-test/5.3.9/spring-test-5.3.9.jar!/, jar:file:/C:/Users/User/.m2/repository/org/xmlunit/xmlunit-core/2.8.2/xmlunit-core-2.8.2.jar!/, jar:file:/C:/Users/User/.m2/repository/com/tngtech/archunit/archunit-junit5/1.1.0/archunit-junit5-1.1.0.jar!/, jar:file:/C:/Users/User/.m2/repository/com/tngtech/archunit/archunit-junit5-api/1.1.0/archunit-junit5-api-1.1.0.jar!/, jar:file:/C:/Users/User/.m2/repository/com/tngtech/archunit/archunit-junit5-engine/1.1.0/archunit-junit5-engine-1.1.0.jar!/, jar:file:/C:/Users/User/.m2/repository/com/tngtech/archunit/archunit-junit5-engine-api/1.1.0/archunit-junit5-engine-api-1.1.0.jar!/, jar:file:/C:/Users/User/.m2/repository/com/tngtech/archunit/archunit/1.1.0/archunit-1.1.0.jar!/, jar:file:/C:/Users/User/.m2/repository/org/slf4j/slf4j-api/1.7.32/slf4j-api-1.7.32.jar!/]
02:43:09.548 [main] DEBUG com.tngtech.archunit.core.importer.JavaClassProcessor - Processing class 'com/example/songs/repository/SongRepository'
02:43:09.548 [main] DEBUG com.tngtech.archunit.core.importer.JavaClassProcessor - Processing class 'com/example/songs/service/SongService'
02:43:09.549 [main] DEBUG com.tngtech.archunit.core.importer.JavaClassProcessor - Processing class 'com/example/songs/SongManagerApplication'
02:43:09.549 [main] DEBUG com.tngtech.archunit.core.importer.JavaClassProcessor - Processing class 'com/example/songs/model/Song'
02:43:09.549 [main] DEBUG com.tngtech.archunit.core.importer.JavaClassProcessor - Processing class 'com/example/songs/controller/SongController'
02:43:09.550 [main] DEBUG com.tngtech.archunit.core.importer.JavaClassProcessor - Processing class 'org/springframework/web/bind/annotation/PathVariable'
02:43:09.550 [main] DEBUG com.tngtech.archunit.core.importer.JavaClassProcessor - Processing class 'org/springframework/web/bind/annotation/RequestMapping'
02:43:09.550 [main] DEBUG com.tngtech.archunit.core.importer.JavaClassProcessor - Processing class 'org/springframework/http/ResponseEntity$BodyBuilder'
02:43:09.550 [main] DEBUG com.tngtech.archunit.core.importer.JavaClassProcessor - Processing class 'org/springframework/web/bind/annotation/RequestBody'
02:43:09.550 [main] DEBUG com.tngtech.archunit.core.importer.JavaClassProcessor - Processing class 'org/springframework/boot/SpringApplication'
02:43:09.551 [main] DEBUG com.tngtech.archunit.core.importer.JavaClassProcessor - Processing class 'org/springframework/web/bind/annotation/PutMapping'
02:43:09.551 [main] DEBUG com.tngtech.archunit.core.importer.JavaClassProcessor - Processing class 'java/lang/Long'
02:43:09.552 [main] DEBUG com.tngtech.archunit.core.importer.JavaClassProcessor - Processing class 'org/springframework/stereotype/Service'
02:43:09.552 [main] DEBUG com.tngtech.archunit.core.importer.JavaClassProcessor - Processing class 'org/springframework/web/bind/annotation/GetMapping'
02:43:09.552 [main] DEBUG com.tngtech.archunit.core.importer.JavaClassProcessor - Processing class 'java/lang/String'
02:43:09.553 [main] DEBUG com.tngtech.archunit.core.importer.JavaClassProcessor - Processing class 'org/springframework/web/bind/annotation/DeleteMapping'
02:43:09.553 [main] DEBUG com.tngtech.archunit.core.importer.JavaClassProcessor - Processing class 'javax/persistence/Id'
02:43:09.553 [main] DEBUG com.tngtech.archunit.core.importer.JavaClassProcessor - Processing class 'javax/persistence/Entity'
02:43:09.553 [main] DEBUG com.tngtech.archunit.core.importer.JavaClassProcessor - Processing class 'org/springframework/web/bind/annotation/PostMapping'
02:43:09.553 [main] DEBUG com.tngtech.archunit.core.importer.JavaClassProcessor - Processing class 'java/lang/Void'
02:43:09.553 [main] DEBUG com.tngtech.archunit.core.importer.JavaClassProcessor - Processing class 'org/springframework/boot/autoconfigure/SpringBootApplication'
02:43:09.553 [main] DEBUG com.tngtech.archunit.core.importer.JavaClassProcessor - Processing class 'java/lang/RuntimeException'
02:43:09.554 [main] DEBUG com.tngtech.archunit.core.importer.JavaClassProcessor - Processing class 'org/springframework/web/bind/annotation/RestController'
02:43:09.554 [main] DEBUG com.tngtech.archunit.core.importer.JavaClassProcessor - Processing class 'javax/persistence/GenerationType'
02:43:09.554 [main] DEBUG com.tngtech.archunit.core.importer.JavaClassProcessor - Processing class 'java/util/List'
02:43:09.554 [main] DEBUG com.tngtech.archunit.core.importer.JavaClassProcessor - Processing class 'javax/persistence/GeneratedValue'
02:43:09.554 [main] DEBUG com.tngtech.archunit.core.importer.JavaClassProcessor - Processing class 'java/util/Optional'
02:43:09.555 [main] DEBUG com.tngtech.archunit.core.importer.JavaClassProcessor - Processing class 'java/lang/Object'
02:43:09.555 [main] DEBUG com.tngtech.archunit.core.importer.JavaClassProcessor - Processing class 'org/springframework/http/ResponseEntity'
02:43:09.555 [main] DEBUG com.tngtech.archunit.core.importer.JavaClassProcessor - Processing class 'org/springframework/http/ResponseEntity$HeadersBuilder'
02:43:09.555 [main] DEBUG com.tngtech.archunit.core.importer.JavaClassProcessor - Processing class 'org/springframework/data/jpa/repository/JpaRepository'
02:43:09.556 [main] DEBUG com.tngtech.archunit.core.importer.JavaClassProcessor - Processing class 'java/lang/annotation/Inherited'
02:43:09.556 [main] DEBUG com.tngtech.archunit.core.importer.JavaClassProcessor - Processing class 'org/springframework/context/annotation/ComponentScan$Filter'
02:43:09.556 [main] DEBUG com.tngtech.archunit.core.importer.JavaClassProcessor - Processing class 'java/lang/Enum'
02:43:09.556 [main] DEBUG com.tngtech.archunit.core.importer.JavaClassProcessor - Processing class 'org/springframework/context/ConfigurableApplicationContext'
02:43:09.556 [main] DEBUG com.tngtech.archunit.core.importer.JavaClassProcessor - Processing class 'java/lang/annotation/Documented'
02:43:09.556 [main] DEBUG com.tngtech.archunit.core.importer.JavaClassProcessor - Processing class 'java/lang/CharSequence'
02:43:09.556 [main] DEBUG com.tngtech.archunit.core.importer.JavaClassProcessor - Processing class 'org/springframework/data/repository/PagingAndSortingRepository'
02:43:09.557 [main] DEBUG com.tngtech.archunit.core.importer.JavaClassProcessor - Processing class 'org/springframework/http/HttpHeaders'
02:43:09.558 [main] DEBUG com.tngtech.archunit.core.importer.JavaClassProcessor - Processing class 'java/util/Collection'
02:43:09.558 [main] DEBUG com.tngtech.archunit.core.importer.JavaClassProcessor - Processing class 'org/springframework/web/bind/annotation/RequestMethod'
02:43:09.559 [main] DEBUG com.tngtech.archunit.core.importer.JavaClassProcessor - Processing class 'org/springframework/context/ApplicationListener'
02:43:09.559 [main] DEBUG com.tngtech.archunit.core.importer.JavaClassProcessor - Processing class 'java/lang/Exception'
02:43:09.559 [main] DEBUG com.tngtech.archunit.core.importer.JavaClassProcessor - Processing class 'java/io/Serializable'
02:43:09.559 [main] DEBUG com.tngtech.archunit.core.importer.JavaClassProcessor - Processing class 'org/springframework/context/annotation/Configuration'
02:43:09.559 [main] DEBUG com.tngtech.archunit.core.importer.JavaClassProcessor - Processing class 'org/springframework/http/HttpEntity'
02:43:09.559 [main] DEBUG com.tngtech.archunit.core.importer.JavaClassProcessor - Processing class 'org/springframework/beans/factory/support/BeanNameGenerator'
02:43:09.559 [main] DEBUG com.tngtech.archunit.core.importer.JavaClassProcessor - Processing class 'org/springframework/boot/SpringBootExceptionReporter'
02:43:09.560 [main] DEBUG com.tngtech.archunit.core.importer.JavaClassProcessor - Processing class 'java/lang/annotation/Annotation'
02:43:09.560 [main] DEBUG com.tngtech.archunit.core.importer.JavaClassProcessor - Processing class 'java/lang/Throwable'
02:43:09.560 [main] DEBUG com.tngtech.archunit.core.importer.JavaClassProcessor - Processing class 'org/springframework/boot/autoconfigure/AutoConfigurationExcludeFilter'
02:43:09.560 [main] DEBUG com.tngtech.archunit.core.importer.JavaClassProcessor - Processing class 'org/springframework/stereotype/Controller'
02:43:09.560 [main] DEBUG com.tngtech.archunit.core.importer.JavaClassProcessor - Processing class 'org/springframework/boot/context/TypeExcludeFilter'
02:43:09.560 [main] DEBUG com.tngtech.archunit.core.importer.JavaClassProcessor - Processing class 'java/lang/annotation/Retention'
02:43:09.560 [main] DEBUG com.tngtech.archunit.core.importer.JavaClassProcessor - Processing class 'org/springframework/data/repository/NoRepositoryBean'
02:43:09.561 [main] DEBUG com.tngtech.archunit.core.importer.JavaClassProcessor - Processing class 'org/springframework/boot/BootstrapRegistryInitializer'
02:43:09.561 [main] DEBUG com.tngtech.archunit.core.importer.JavaClassProcessor - Processing class 'jdk/internal/HotSpotIntrinsicCandidate'
02:43:09.561 [main] DEBUG com.tngtech.archunit.core.importer.JavaClassProcessor - Processing class 'org/springframework/lang/Nullable'
02:43:09.561 [main] DEBUG com.tngtech.archunit.core.importer.JavaClassProcessor - Processing class 'java/lang/Number'
02:43:09.561 [main] DEBUG com.tngtech.archunit.core.importer.JavaClassProcessor - Processing class 'org/springframework/context/annotation/FilterType'
02:43:09.561 [main] DEBUG com.tngtech.archunit.core.importer.JavaClassProcessor - Processing class 'org/springframework/core/annotation/AliasFor'
02:43:09.561 [main] DEBUG com.tngtech.archunit.core.importer.JavaClassProcessor - Processing class 'java/lang/SafeVarargs'
02:43:09.561 [main] DEBUG com.tngtech.archunit.core.importer.JavaClassProcessor - Processing class 'jdk/internal/vm/annotation/Stable'
02:43:09.561 [main] DEBUG com.tngtech.archunit.core.importer.JavaClassProcessor - Processing class 'org/springframework/boot/autoconfigure/EnableAutoConfiguration'
02:43:09.561 [main] DEBUG com.tngtech.archunit.core.importer.JavaClassProcessor - Processing class 'java/lang/Deprecated'
02:43:09.561 [main] DEBUG com.tngtech.archunit.core.importer.JavaClassProcessor - Processing class 'java/lang/annotation/Target'
02:43:09.562 [main] DEBUG com.tngtech.archunit.core.importer.JavaClassProcessor - Processing class 'org/springframework/core/env/StandardEnvironment'
02:43:09.562 [main] DEBUG com.tngtech.archunit.core.importer.JavaClassProcessor - Processing class 'java/lang/annotation/ElementType'
02:43:09.562 [main] DEBUG com.tngtech.archunit.core.importer.JavaClassProcessor - Processing class 'org/springframework/web/bind/annotation/ResponseBody'
02:43:09.562 [main] DEBUG com.tngtech.archunit.core.importer.JavaClassProcessor - Processing class 'org/springframework/context/annotation/ComponentScan'
02:43:09.562 [main] DEBUG com.tngtech.archunit.core.importer.JavaClassProcessor - Processing class 'org/springframework/data/repository/query/QueryByExampleExecutor'
02:43:09.562 [main] DEBUG com.tngtech.archunit.core.importer.JavaClassProcessor - Processing class 'org/springframework/stereotype/Component'
02:43:09.562 [main] DEBUG com.tngtech.archunit.core.importer.JavaClassProcessor - Processing class 'org/springframework/boot/SpringBootConfiguration'
02:43:09.562 [main] DEBUG com.tngtech.archunit.core.importer.JavaClassProcessor - Processing class 'java/lang/Class'
02:43:09.563 [main] DEBUG com.tngtech.archunit.core.importer.JavaClassProcessor - Processing class 'java/lang/Comparable'
02:43:09.563 [main] DEBUG com.tngtech.archunit.core.importer.JavaClassProcessor - Processing class 'org/springframework/context/ApplicationContextInitializer'
02:43:09.564 [main] DEBUG com.tngtech.archunit.core.importer.JavaClassProcessor - Processing class 'java/lang/annotation/RetentionPolicy'
02:43:09.564 [main] DEBUG com.tngtech.archunit.core.importer.JavaClassProcessor - Processing class 'org/springframework/web/bind/annotation/Mapping'
02:43:09.564 [main] DEBUG com.tngtech.archunit.core.importer.JavaClassProcessor - Processing class 'org/springframework/core/type/filter/TypeFilter'
02:43:09.564 [main] DEBUG com.tngtech.archunit.core.importer.JavaClassProcessor - Processing class 'java/util/Locale'
02:43:09.564 [main] DEBUG com.tngtech.archunit.core.importer.JavaClassProcessor - Processing class 'java/lang/reflect/Method'
02:43:09.565 [main] DEBUG com.tngtech.archunit.core.importer.JavaClassProcessor - Processing class 'org/springframework/context/PayloadApplicationEvent'
02:43:09.565 [main] DEBUG com.tngtech.archunit.core.importer.JavaClassProcessor - Processing class 'org/springframework/boot/autoconfigure/AutoConfigurationImportSelector'
02:43:09.565 [main] DEBUG com.tngtech.archunit.core.importer.JavaClassProcessor - Processing class 'jdk/internal/vm/annotation/ForceInline'
02:43:09.565 [main] DEBUG com.tngtech.archunit.core.importer.JavaClassProcessor - Processing class 'org/springframework/http/MediaType'
02:43:09.566 [main] DEBUG com.tngtech.archunit.core.importer.JavaClassProcessor - Processing class 'java/util/Locale$LanguageRange'
02:43:09.566 [main] DEBUG com.tngtech.archunit.core.importer.JavaClassProcessor - Processing class 'java/util/EventListener'
02:43:09.566 [main] DEBUG com.tngtech.archunit.core.importer.JavaClassProcessor - Processing class 'java/lang/Class$ReflectionData'
02:43:09.566 [main] DEBUG com.tngtech.archunit.core.importer.JavaClassProcessor - Processing class 'java/lang/reflect/Type'
02:43:09.566 [main] DEBUG com.tngtech.archunit.core.importer.JavaClassProcessor - Processing class 'jdk/internal/reflect/CallerSensitive'
02:43:09.566 [main] DEBUG com.tngtech.archunit.core.importer.JavaClassProcessor - Processing class 'org/springframework/beans/factory/BeanClassLoaderAware'
02:43:09.566 [main] DEBUG com.tngtech.archunit.core.importer.JavaClassProcessor - Processing class 'org/springframework/context/annotation/AnnotationScopeMetadataResolver'
02:43:09.566 [main] DEBUG com.tngtech.archunit.core.importer.JavaClassProcessor - Processing class 'java/lang/reflect/AnnotatedElement'
02:43:09.567 [main] DEBUG com.tngtech.archunit.core.importer.JavaClassProcessor - Processing class 'org/springframework/boot/autoconfigure/AutoConfigurationPackage'
02:43:09.567 [main] DEBUG com.tngtech.archunit.core.importer.JavaClassProcessor - Processing class 'org/springframework/data/repository/CrudRepository'
02:43:09.567 [main] DEBUG com.tngtech.archunit.core.importer.JavaClassProcessor - Processing class 'java/lang/Iterable'
02:43:09.567 [main] DEBUG com.tngtech.archunit.core.importer.JavaClassProcessor - Processing class 'java/lang/FunctionalInterface'
02:43:09.567 [main] DEBUG com.tngtech.archunit.core.importer.JavaClassProcessor - Processing class 'java/nio/charset/Charset'
02:43:09.567 [main] DEBUG com.tngtech.archunit.core.importer.JavaClassProcessor - Processing class 'java/lang/annotation/Repeatable'
02:43:09.567 [main] DEBUG com.tngtech.archunit.core.importer.JavaClassProcessor - Processing class 'org/springframework/beans/factory/BeanFactoryAware'
02:43:09.568 [main] DEBUG com.tngtech.archunit.core.importer.JavaClassProcessor - Processing class 'org/springframework/context/annotation/ComponentScans'
02:43:09.568 [main] DEBUG com.tngtech.archunit.core.importer.JavaClassProcessor - Processing class 'org/springframework/stereotype/Indexed'
02:43:09.568 [main] DEBUG com.tngtech.archunit.core.importer.JavaClassProcessor - Processing class 'java/lang/reflect/GenericDeclaration'
02:43:09.568 [main] DEBUG com.tngtech.archunit.core.importer.JavaClassProcessor - Processing class 'java/util/Map$Entry'
02:43:09.568 [main] DEBUG com.tngtech.archunit.core.importer.JavaClassProcessor - Processing class 'org/springframework/http/HttpMethod'
02:43:09.568 [main] DEBUG com.tngtech.archunit.core.importer.JavaClassProcessor - Processing class 'org/springframework/context/annotation/ScopedProxyMode'
02:43:09.568 [main] DEBUG com.tngtech.archunit.core.importer.JavaClassProcessor - Processing class 'org/springframework/util/MultiValueMap'
02:43:09.568 [main] DEBUG com.tngtech.archunit.core.importer.JavaClassProcessor - Processing class 'org/springframework/context/annotation/Import'
02:43:09.569 [main] DEBUG com.tngtech.archunit.core.importer.JavaClassProcessor - Processing class 'org/springframework/http/HttpRange'
02:43:09.569 [main] DEBUG com.tngtech.archunit.core.importer.JavaClassProcessor - Processing class 'java/lang/reflect/Field'
02:43:09.569 [main] DEBUG com.tngtech.archunit.core.importer.JavaClassProcessor - Processing class 'org/springframework/context/ApplicationContext'
02:43:09.569 [main] DEBUG com.tngtech.archunit.core.importer.JavaClassProcessor - Processing class 'org/springframework/context/Lifecycle'
02:43:09.569 [main] DEBUG com.tngtech.archunit.core.importer.JavaClassProcessor - Processing class 'org/springframework/context/ApplicationEvent'
02:43:09.569 [main] DEBUG com.tngtech.archunit.core.importer.JavaClassProcessor - Processing class 'org/springframework/context/annotation/ScopeMetadataResolver'
02:43:09.570 [main] DEBUG com.tngtech.archunit.core.importer.JavaClassProcessor - Processing class 'java/io/Closeable'
02:43:09.570 [main] DEBUG com.tngtech.archunit.core.importer.JavaClassProcessor - Processing class 'org/springframework/core/env/AbstractEnvironment'
02:43:09.570 [main] DEBUG com.tngtech.archunit.core.importer.JavaClassProcessor - Processing class 'org/springframework/beans/factory/HierarchicalBeanFactory'
02:43:09.570 [main] DEBUG com.tngtech.archunit.core.importer.JavaClassProcessor - Processing class 'org/springframework/boot/autoconfigure/AutoConfigurationImportListener'
02:43:09.570 [main] DEBUG com.tngtech.archunit.core.importer.JavaClassProcessor - Processing class 'java/nio/charset/spi/CharsetProvider'
02:43:09.570 [main] DEBUG com.tngtech.archunit.core.importer.JavaClassProcessor - Processing class 'java/lang/AutoCloseable'
02:43:09.570 [main] DEBUG com.tngtech.archunit.core.importer.JavaClassProcessor - Processing class 'java/util/EventObject'
02:43:09.571 [main] DEBUG com.tngtech.archunit.core.importer.JavaClassProcessor - Processing class 'org/springframework/util/MimeType'
02:43:09.571 [main] DEBUG com.tngtech.archunit.core.importer.JavaClassProcessor - Processing class 'java/lang/Character'
02:43:09.571 [main] DEBUG com.tngtech.archunit.core.importer.JavaClassProcessor - Processing class 'org/springframework/data/repository/Repository'
02:43:09.571 [main] DEBUG com.tngtech.archunit.core.importer.JavaClassProcessor - Processing class 'java/util/Map'
02:43:09.572 [main] DEBUG com.tngtech.archunit.core.importer.JavaClassProcessor - Processing class 'org/springframework/context/ApplicationEventPublisher'
02:43:09.572 [main] DEBUG com.tngtech.archunit.core.importer.JavaClassProcessor - Processing class 'java/lang/reflect/Executable'
02:43:09.572 [main] DEBUG com.tngtech.archunit.core.importer.JavaClassProcessor - Processing class 'org/springframework/boot/autoconfigure/AutoConfigurationPackages$Registrar'
02:43:09.572 [main] DEBUG com.tngtech.archunit.core.importer.JavaClassProcessor - Processing class 'java/lang/Cloneable'
02:43:09.572 [main] DEBUG com.tngtech.archunit.core.importer.JavaClassProcessor - Processing class 'java/lang/ThreadLocal'
02:43:09.572 [main] DEBUG com.tngtech.archunit.core.importer.JavaClassProcessor - Processing class 'java/lang/reflect/Member'
02:43:09.572 [main] DEBUG com.tngtech.archunit.core.importer.JavaClassProcessor - Processing class 'sun/util/locale/LocaleExtensions'
02:43:09.572 [main] DEBUG com.tngtech.archunit.core.importer.JavaClassProcessor - Processing class 'org/springframework/beans/factory/ListableBeanFactory'
02:43:09.573 [main] DEBUG com.tngtech.archunit.core.importer.JavaClassProcessor - Processing class 'org/springframework/core/Ordered'
02:43:09.573 [main] DEBUG com.tngtech.archunit.core.importer.JavaClassProcessor - Processing class 'org/springframework/context/annotation/DeferredImportSelector'
02:43:09.573 [main] DEBUG com.tngtech.archunit.core.importer.JavaClassProcessor - Processing class 'org/springframework/beans/factory/Aware'
02:43:09.573 [main] DEBUG com.tngtech.archunit.core.importer.JavaClassProcessor - Processing class 'org/springframework/core/ResolvableTypeProvider'
02:43:09.573 [main] DEBUG com.tngtech.archunit.core.importer.JavaClassProcessor - Processing class 'org/springframework/core/io/support/ResourceRegion'
02:43:09.573 [main] DEBUG com.tngtech.archunit.core.importer.JavaClassProcessor - Processing class 'org/springframework/boot/autoconfigure/AutoConfigurationImportFilter'
02:43:09.573 [main] DEBUG com.tngtech.archunit.core.importer.JavaClassProcessor - Processing class 'org/springframework/core/env/ConfigurableEnvironment'
02:43:09.574 [main] DEBUG com.tngtech.archunit.core.importer.JavaClassProcessor - Processing class 'org/springframework/core/env/EnvironmentCapable'
02:43:09.574 [main] DEBUG com.tngtech.archunit.core.importer.JavaClassProcessor - Processing class 'org/springframework/context/MessageSource'
02:43:09.574 [main] DEBUG com.tngtech.archunit.core.importer.JavaClassProcessor - Processing class 'java/lang/reflect/AccessibleObject'
02:43:09.574 [main] DEBUG com.tngtech.archunit.core.importer.JavaClassProcessor - Processing class 'org/springframework/context/ResourceLoaderAware'
02:43:09.574 [main] DEBUG com.tngtech.archunit.core.importer.JavaClassProcessor - Processing class 'org/springframework/context/annotation/DeferredImportSelector$Group'
02:43:09.574 [main] DEBUG com.tngtech.archunit.core.importer.JavaClassProcessor - Processing class 'org/springframework/context/EnvironmentAware'
02:43:09.574 [main] DEBUG com.tngtech.archunit.core.importer.JavaClassProcessor - Processing class 'org/springframework/core/io/support/ResourcePatternResolver'
02:43:09.574 [main] DEBUG com.tngtech.archunit.core.importer.JavaClassProcessor - Processing class 'sun/util/locale/Extension'
02:43:09.575 [main] DEBUG com.tngtech.archunit.core.importer.JavaClassProcessor - Processing class 'org/springframework/core/env/ConfigurablePropertyResolver'
02:43:09.575 [main] DEBUG com.tngtech.archunit.core.importer.JavaClassProcessor - Processing class 'org/springframework/context/annotation/DeferredImportSelector$Group$Entry'
02:43:09.575 [main] DEBUG com.tngtech.archunit.core.importer.JavaClassProcessor - Processing class 'org/springframework/context/annotation/ImportBeanDefinitionRegistrar'
02:43:09.575 [main] DEBUG com.tngtech.archunit.core.importer.JavaClassProcessor - Processing class 'org/springframework/context/annotation/ImportSelector'
02:43:09.575 [main] DEBUG com.tngtech.archunit.core.importer.JavaClassProcessor - Processing class 'org/springframework/core/io/ResourceLoader'
02:43:09.575 [main] DEBUG com.tngtech.archunit.core.importer.JavaClassProcessor - Processing class 'org/springframework/boot/autoconfigure/AutoConfigurationPackages'
02:43:09.575 [main] DEBUG com.tngtech.archunit.core.importer.JavaClassProcessor - Processing class 'org/springframework/boot/context/annotation/DeterminableImports'
02:43:09.575 [main] DEBUG com.tngtech.archunit.core.importer.JavaClassProcessor - Processing class 'org/springframework/core/env/Environment'
02:43:09.575 [main] DEBUG com.tngtech.archunit.core.importer.JavaClassProcessor - Processing class 'org/springframework/beans/factory/BeanFactory'
02:43:09.576 [main] DEBUG com.tngtech.archunit.core.importer.JavaClassProcessor - Processing class 'sun/util/locale/InternalLocaleBuilder$CaseInsensitiveString'
02:43:09.576 [main] DEBUG com.tngtech.archunit.core.importer.JavaClassProcessor - Processing class 'sun/util/locale/InternalLocaleBuilder$CaseInsensitiveChar'
02:43:09.576 [main] DEBUG com.tngtech.archunit.core.importer.JavaClassProcessor - Processing class 'org/springframework/core/env/PropertyResolver'
02:43:09.576 [main] DEBUG com.tngtech.archunit.core.importer.JavaClassProcessor - Processing class 'sun/util/locale/InternalLocaleBuilder'
02:43:09.577 [main] DEBUG com.tngtech.archunit.core.importer.JavaClassProcessor - Processing class 'java/io/IOException'
02:43:09.577 [main] DEBUG com.tngtech.archunit.core.importer.JavaClassProcessor - Processing class 'java/util/stream/IntStream'
02:43:09.578 [main] DEBUG com.tngtech.archunit.core.importer.JavaClassProcessor - Processing class 'java/security/ProtectionDomain'
02:43:09.578 [main] DEBUG com.tngtech.archunit.core.importer.JavaClassProcessor - Processing class 'java/lang/Class$AnnotationData'
02:43:09.578 [main] DEBUG com.tngtech.archunit.core.importer.JavaClassProcessor - Processing class 'sun/reflect/generics/repository/ClassRepository'
02:43:09.578 [main] DEBUG com.tngtech.archunit.core.importer.JavaClassProcessor - Processing class 'sun/reflect/annotation/AnnotationType'
02:43:09.579 [main] DEBUG com.tngtech.archunit.core.importer.JavaClassProcessor - Processing class 'java/io/ObjectStreamField'
02:43:09.579 [main] DEBUG com.tngtech.archunit.core.importer.JavaClassProcessor - Processing class 'java/lang/ClassValue$ClassValueMap'
02:43:09.579 [main] DEBUG com.tngtech.archunit.core.importer.JavaClassProcessor - Processing class 'java/lang/ref/SoftReference'
02:43:09.579 [main] DEBUG com.tngtech.archunit.core.importer.JavaClassProcessor - Processing class 'jdk/internal/reflect/ReflectionFactory'
02:43:09.579 [main] DEBUG com.tngtech.archunit.core.importer.JavaClassProcessor - Processing class 'java/lang/reflect/Constructor'
02:43:09.580 [main] DEBUG com.tngtech.archunit.core.importer.JavaClassProcessor - Processing class 'java/lang/ClassLoader'
02:43:09.580 [main] DEBUG com.tngtech.archunit.core.importer.JavaClassProcessor - Processing class 'java/lang/Module'
02:43:09.581 [main] DEBUG com.tngtech.archunit.core.importer.JavaClassProcessor - Processing class 'java/io/InputStream'
02:43:09.581 [main] DEBUG com.tngtech.archunit.core.importer.JavaClassProcessor - Processing class 'java/lang/PublicMethods$MethodList'
02:43:09.581 [main] DEBUG com.tngtech.archunit.core.importer.JavaClassProcessor - Processing class 'java/lang/NoSuchMethodException'
02:43:09.581 [main] DEBUG com.tngtech.archunit.core.importer.JavaClassProcessor - Processing class 'java/lang/SecurityException'
02:43:09.581 [main] DEBUG com.tngtech.archunit.core.importer.JavaClassProcessor - Processing class 'java/lang/reflect/TypeVariable'
02:43:09.582 [main] DEBUG com.tngtech.archunit.core.importer.JavaClassProcessor - Processing class 'jdk/internal/reflect/ConstantPool'
02:43:09.582 [main] DEBUG com.tngtech.archunit.core.importer.JavaClassProcessor - Processing class 'java/lang/Package'
02:43:09.582 [main] DEBUG com.tngtech.archunit.core.importer.JavaClassProcessor - Processing class 'java/lang/NoSuchFieldException'
02:43:09.582 [main] DEBUG com.tngtech.archunit.core.importer.JavaClassProcessor - Processing class 'java/lang/reflect/AnnotatedType'
02:43:09.582 [main] DEBUG com.tngtech.archunit.core.importer.JavaClassProcessor - Processing class 'java/lang/ClassNotFoundException'
02:43:09.582 [main] DEBUG com.tngtech.archunit.core.importer.JavaClassProcessor - Processing class 'java/lang/SecurityManager'
02:43:09.583 [main] DEBUG com.tngtech.archunit.core.importer.JavaClassProcessor - Processing class 'java/lang/Class$EnclosingMethodInfo'
02:43:09.583 [main] DEBUG com.tngtech.archunit.core.importer.JavaClassProcessor - Processing class 'sun/reflect/generics/factory/GenericsFactory'
02:43:09.583 [main] DEBUG com.tngtech.archunit.core.importer.JavaClassProcessor - Processing class 'java/lang/InstantiationException'
02:43:09.583 [main] DEBUG com.tngtech.archunit.core.importer.JavaClassProcessor - Processing class 'java/lang/IllegalAccessException'
02:43:09.583 [main] DEBUG com.tngtech.archunit.core.importer.JavaClassProcessor - Processing class 'java/net/URL'
02:43:09.584 [main] DEBUG com.tngtech.archunit.core.importer.JavaClassProcessor - Processing class 'java/lang/CloneNotSupportedException'
02:43:09.584 [main] DEBUG com.tngtech.archunit.core.importer.JavaClassProcessor - Processing class 'java/io/ObjectStreamException'
02:43:09.584 [main] DEBUG com.tngtech.archunit.core.importer.JavaClassProcessor - Processing class 'java/io/ObjectInputStream'
02:43:09.584 [main] DEBUG com.tngtech.archunit.core.importer.JavaClassProcessor - Processing class 'java/util/Iterator'
02:43:09.585 [main] DEBUG com.tngtech.archunit.core.importer.JavaClassProcessor - Processing class 'java/util/Spliterator'
02:43:09.585 [main] DEBUG com.tngtech.archunit.core.importer.JavaClassProcessor - Processing class 'java/util/function/Consumer'
02:43:09.585 [main] DEBUG com.tngtech.archunit.core.importer.JavaClassProcessor - Processing class 'java/lang/NumberFormatException'
02:43:09.585 [main] DEBUG com.tngtech.archunit.core.importer.JavaClassProcessor - Processing class 'java/math/BigInteger'
02:43:09.587 [main] DEBUG com.tngtech.archunit.core.importer.JavaClassProcessor - Processing class 'java/lang/InterruptedException'
02:43:09.587 [main] DEBUG com.tngtech.archunit.core.importer.JavaClassProcessor - Processing class 'java/util/Comparator'
02:43:09.588 [main] DEBUG com.tngtech.archunit.core.importer.JavaClassProcessor - Processing class 'java/lang/StringBuffer'
02:43:09.588 [main] DEBUG com.tngtech.archunit.core.importer.JavaClassProcessor - Processing class 'java/io/UnsupportedEncodingException'
02:43:09.588 [main] DEBUG com.tngtech.archunit.core.importer.JavaClassProcessor - Processing class 'java/util/stream/Stream'
02:43:09.589 [main] DEBUG com.tngtech.archunit.core.importer.JavaClassProcessor - Processing class 'java/lang/AbstractStringBuilder'
02:43:09.589 [main] DEBUG com.tngtech.archunit.core.importer.JavaClassProcessor - Processing class 'java/lang/StringBuilder'
02:43:09.590 [main] DEBUG com.tngtech.archunit.core.importer.JavaClassProcessor - Processing class 'java/util/concurrent/atomic/AtomicInteger'
02:43:09.590 [main] DEBUG com.tngtech.archunit.core.importer.JavaClassProcessor - Processing class 'java/util/function/Supplier'
02:43:09.590 [main] DEBUG com.tngtech.archunit.core.importer.JavaClassProcessor - Processing class 'java/lang/ThreadLocal$ThreadLocalMap'
02:43:09.590 [main] DEBUG com.tngtech.archunit.core.importer.JavaClassProcessor - Processing class 'java/lang/Thread'
02:43:09.591 [main] DEBUG com.tngtech.archunit.core.importer.JavaClassProcessor - Processing class 'java/lang/StackTraceElement'
02:43:09.591 [main] DEBUG com.tngtech.archunit.core.importer.JavaClassProcessor - Processing class 'java/lang/Throwable$PrintStreamOrWriter'
02:43:09.592 [main] DEBUG com.tngtech.archunit.core.importer.JavaClassProcessor - Processing class 'java/util/Set'
02:43:09.592 [main] DEBUG com.tngtech.archunit.core.importer.JavaClassProcessor - Processing class 'java/io/ObjectOutputStream'
02:43:09.592 [main] DEBUG com.tngtech.archunit.core.importer.JavaClassProcessor - Processing class 'java/io/PrintStream'
02:43:09.592 [main] DEBUG com.tngtech.archunit.core.importer.JavaClassProcessor - Processing class 'java/io/PrintWriter'
02:43:09.594 [main] DEBUG com.tngtech.archunit.core.importer.JavaClassProcessor - Processing class 'java/lang/reflect/Parameter'
02:43:09.594 [main] DEBUG com.tngtech.archunit.core.importer.JavaClassProcessor - Processing class 'sun/reflect/generics/repository/ConstructorRepository'
02:43:09.595 [main] DEBUG com.tngtech.archunit.core.importer.JavaClassProcessor - Processing class 'sun/reflect/generics/repository/FieldRepository'
02:43:09.595 [main] DEBUG com.tngtech.archunit.core.importer.JavaClassProcessor - Processing class 'jdk/internal/reflect/FieldAccessor'
02:43:09.595 [main] DEBUG com.tngtech.archunit.core.importer.JavaClassProcessor - Processing class 'java/lang/IllegalArgumentException'
02:43:09.595 [main] DEBUG com.tngtech.archunit.core.importer.JavaClassProcessor - Processing class 'sun/reflect/generics/repository/MethodRepository'
02:43:09.595 [main] DEBUG com.tngtech.archunit.core.importer.JavaClassProcessor - Processing class 'jdk/internal/reflect/MethodAccessor'
02:43:09.595 [main] DEBUG com.tngtech.archunit.core.importer.JavaClassProcessor - Processing class 'java/lang/reflect/InvocationTargetException'
02:43:09.595 [main] DEBUG com.tngtech.archunit.core.importer.JavaClassProcessor - Processing class 'java/nio/charset/CharsetEncoder'
02:43:09.596 [main] DEBUG com.tngtech.archunit.core.importer.JavaClassProcessor - Processing class 'java/util/SortedMap'
02:43:09.596 [main] DEBUG com.tngtech.archunit.core.importer.JavaClassProcessor - Processing class 'java/nio/CharBuffer'
02:43:09.596 [main] DEBUG com.tngtech.archunit.core.importer.JavaClassProcessor - Processing class 'java/nio/ByteBuffer'
02:43:09.596 [main] DEBUG com.tngtech.archunit.core.importer.JavaClassProcessor - Processing class 'java/nio/charset/CharsetDecoder'
02:43:09.596 [main] DEBUG com.tngtech.archunit.core.importer.JavaClassProcessor - Processing class 'java/util/function/Predicate'
02:43:09.597 [main] DEBUG com.tngtech.archunit.core.importer.JavaClassProcessor - Processing class 'java/util/function/IntFunction'
02:43:09.597 [main] DEBUG com.tngtech.archunit.core.importer.JavaClassProcessor - Processing class 'java/util/function/UnaryOperator'
02:43:09.597 [main] DEBUG com.tngtech.archunit.core.importer.JavaClassProcessor - Processing class 'java/util/ListIterator'
02:43:09.597 [main] DEBUG com.tngtech.archunit.core.importer.JavaClassProcessor - Processing class 'java/util/Locale$Cache'
02:43:09.597 [main] DEBUG com.tngtech.archunit.core.importer.JavaClassProcessor - Processing class 'sun/util/locale/BaseLocale'
02:43:09.597 [main] DEBUG com.tngtech.archunit.core.importer.JavaClassProcessor - Processing class 'java/util/Locale$IsoCountryCode'
02:43:09.597 [main] DEBUG com.tngtech.archunit.core.importer.JavaClassProcessor - Processing class 'java/util/Locale$Category'
02:43:09.597 [main] DEBUG com.tngtech.archunit.core.importer.JavaClassProcessor - Processing class 'java/util/MissingResourceException'
02:43:09.597 [main] DEBUG com.tngtech.archunit.core.importer.JavaClassProcessor - Processing class 'sun/util/locale/provider/LocaleResources'
02:43:09.598 [main] DEBUG com.tngtech.archunit.core.importer.JavaClassProcessor - Processing class 'java/util/Locale$FilteringMode'
02:43:09.599 [main] DEBUG com.tngtech.archunit.core.importer.JavaClassProcessor - Processing class 'java/util/function/BiFunction'
02:43:09.599 [main] DEBUG com.tngtech.archunit.core.importer.JavaClassProcessor - Processing class 'java/util/function/Function'
02:43:09.599 [main] DEBUG com.tngtech.archunit.core.importer.JavaClassProcessor - Processing class 'java/util/function/BiConsumer'
02:43:09.600 [main] DEBUG com.tngtech.archunit.core.importer.JavaClassProcessor - Processing class 'java/lang/invoke/SerializedLambda'
02:43:09.600 [main] DEBUG com.tngtech.archunit.core.importer.JavaClassProcessor - Processing class 'java/lang/Runnable'
02:43:09.602 [main] DEBUG com.tngtech.archunit.core.importer.JavaClassProcessor - Processing class 'org/springframework/beans/factory/ObjectProvider'
02:43:09.602 [main] DEBUG com.tngtech.archunit.core.importer.JavaClassProcessor - Processing class 'org/springframework/beans/factory/NoSuchBeanDefinitionException'
02:43:09.602 [main] DEBUG com.tngtech.archunit.core.importer.JavaClassProcessor - Processing class 'org/springframework/core/ResolvableType'
02:43:09.603 [main] DEBUG com.tngtech.archunit.core.importer.JavaClassProcessor - Processing class 'org/springframework/beans/BeansException'
02:43:09.603 [main] DEBUG com.tngtech.archunit.core.importer.JavaClassProcessor - Processing class 'org/springframework/beans/factory/config/BeanDefinition'
02:43:09.604 [main] DEBUG com.tngtech.archunit.core.importer.JavaClassProcessor - Processing class 'org/springframework/beans/factory/support/BeanDefinitionRegistry'
02:43:09.604 [main] DEBUG com.tngtech.archunit.core.importer.JavaClassProcessor - Processing class 'org/springframework/boot/BootstrapRegistry'
02:43:09.604 [main] DEBUG com.tngtech.archunit.core.importer.JavaClassProcessor - Processing class 'org/springframework/boot/WebApplicationType'
02:43:09.604 [main] DEBUG com.tngtech.archunit.core.importer.JavaClassProcessor - Processing class 'org/springframework/boot/ApplicationContextFactory'
02:43:09.604 [main] DEBUG com.tngtech.archunit.core.importer.JavaClassProcessor - Processing class 'org/springframework/boot/SpringApplicationShutdownHook'
02:43:09.605 [main] DEBUG com.tngtech.archunit.core.importer.JavaClassProcessor - Processing class 'org/springframework/boot/Banner$Mode'
02:43:09.605 [main] DEBUG com.tngtech.archunit.core.importer.JavaClassProcessor - Processing class 'org/apache/commons/logging/Log'
02:43:09.605 [main] DEBUG com.tngtech.archunit.core.importer.JavaClassProcessor - Processing class 'org/springframework/boot/Banner'
02:43:09.605 [main] DEBUG com.tngtech.archunit.core.importer.JavaClassProcessor - Processing class 'org/springframework/core/metrics/ApplicationStartup'
02:43:09.606 [main] DEBUG com.tngtech.archunit.core.importer.JavaClassProcessor - Processing class 'org/springframework/boot/BeanDefinitionLoader'
02:43:09.606 [main] DEBUG com.tngtech.archunit.core.importer.JavaClassProcessor - Processing class 'org/springframework/boot/ApplicationArguments'
02:43:09.606 [main] DEBUG com.tngtech.archunit.core.importer.JavaClassProcessor - Processing class 'org/springframework/boot/SpringBootExceptionHandler'
02:43:09.606 [main] DEBUG com.tngtech.archunit.core.importer.JavaClassProcessor - Processing class 'java/util/Properties'
02:43:09.607 [main] DEBUG com.tngtech.archunit.core.importer.JavaClassProcessor - Processing class 'org/springframework/boot/SpringApplicationRunListeners'
02:43:09.607 [main] DEBUG com.tngtech.archunit.core.importer.JavaClassProcessor - Processing class 'org/springframework/boot/DefaultBootstrapContext'
02:43:09.608 [main] DEBUG com.tngtech.archunit.core.importer.JavaClassProcessor - Processing class 'org/springframework/boot/ApplicationRunner'
02:43:09.608 [main] DEBUG com.tngtech.archunit.core.importer.JavaClassProcessor - Processing class 'org/springframework/boot/SpringApplicationShutdownHandlers'
02:43:09.608 [main] DEBUG com.tngtech.archunit.core.importer.JavaClassProcessor - Processing class 'org/springframework/boot/ExitCodeGenerator'
02:43:09.608 [main] DEBUG com.tngtech.archunit.core.importer.JavaClassProcessor - Processing class 'org/springframework/boot/CommandLineRunner'
02:43:09.609 [main] DEBUG com.tngtech.archunit.core.importer.JavaClassProcessor - Processing class 'org/springframework/boot/Bootstrapper'
02:43:09.609 [main] DEBUG com.tngtech.archunit.core.importer.JavaClassProcessor - Processing class 'org/springframework/core/type/classreading/MetadataReader'
02:43:09.610 [main] DEBUG com.tngtech.archunit.core.importer.JavaClassProcessor - Processing class 'org/springframework/core/type/classreading/MetadataReaderFactory'
02:43:09.610 [main] DEBUG com.tngtech.archunit.core.importer.JavaClassProcessor - Processing class 'org/springframework/boot/autoconfigure/AutoConfigurationMetadata'
02:43:09.610 [main] DEBUG com.tngtech.archunit.core.importer.JavaClassProcessor - Processing class 'org/springframework/boot/autoconfigure/AutoConfigurationImportEvent'
02:43:09.610 [main] DEBUG com.tngtech.archunit.core.importer.JavaClassProcessor - Processing class 'org/springframework/boot/autoconfigure/AutoConfigurationImportSelector$AutoConfigurationEntry'
02:43:09.611 [main] DEBUG com.tngtech.archunit.core.importer.JavaClassProcessor - Processing class 'org/springframework/beans/factory/config/ConfigurableListableBeanFactory'
02:43:09.611 [main] DEBUG com.tngtech.archunit.core.importer.JavaClassProcessor - Processing class 'org/springframework/boot/autoconfigure/AutoConfigurationImportSelector$ConfigurationClassFilter'
02:43:09.611 [main] DEBUG com.tngtech.archunit.core.importer.JavaClassProcessor - Processing class 'org/springframework/core/type/AnnotationMetadata'
02:43:09.611 [main] DEBUG com.tngtech.archunit.core.importer.JavaClassProcessor - Processing class 'org/springframework/core/annotation/AnnotationAttributes'
02:43:09.612 [main] DEBUG com.tngtech.archunit.core.importer.JavaClassProcessor - Processing class 'org/springframework/beans/factory/config/AutowireCapableBeanFactory'
02:43:09.613 [main] DEBUG com.tngtech.archunit.core.importer.JavaClassProcessor - Processing class 'java/lang/IllegalStateException'
02:43:09.613 [main] DEBUG com.tngtech.archunit.core.importer.JavaClassProcessor - Processing class 'java/time/Clock'
02:43:09.613 [main] DEBUG com.tngtech.archunit.core.importer.JavaClassProcessor - Processing class 'org/springframework/beans/factory/config/BeanFactoryPostProcessor'
02:43:09.613 [main] DEBUG com.tngtech.archunit.core.importer.JavaClassProcessor - Processing class 'org/springframework/core/io/ProtocolResolver'
02:43:09.613 [main] DEBUG com.tngtech.archunit.core.importer.JavaClassProcessor - Processing class 'org/springframework/context/MessageSourceResolvable'
02:43:09.614 [main] DEBUG com.tngtech.archunit.core.importer.JavaClassProcessor - Processing class 'org/springframework/context/NoSuchMessageException'
02:43:09.614 [main] DEBUG com.tngtech.archunit.core.importer.JavaClassProcessor - Processing class 'org/springframework/context/annotation/ScopeMetadata'
02:43:09.615 [main] DEBUG com.tngtech.archunit.core.importer.JavaClassProcessor - Processing class 'org/springframework/core/env/MutablePropertySources'
02:43:09.615 [main] DEBUG com.tngtech.archunit.core.importer.JavaClassProcessor - Processing class 'org/springframework/core/convert/support/ConfigurableConversionService'
02:43:09.615 [main] DEBUG com.tngtech.archunit.core.importer.JavaClassProcessor - Processing class 'org/springframework/core/env/Profiles'
02:43:09.616 [main] DEBUG com.tngtech.archunit.core.importer.JavaClassProcessor - Processing class 'org/springframework/core/env/MissingRequiredPropertiesException'
02:43:09.616 [main] DEBUG com.tngtech.archunit.core.importer.JavaClassProcessor - Processing class 'org/springframework/core/io/Resource'
02:43:09.617 [main] DEBUG com.tngtech.archunit.core.importer.JavaClassProcessor - Processing class 'org/springframework/data/domain/Example'
02:43:09.617 [main] DEBUG com.tngtech.archunit.core.importer.JavaClassProcessor - Processing class 'org/springframework/data/domain/Sort'
02:43:09.617 [main] DEBUG com.tngtech.archunit.core.importer.JavaClassProcessor - Processing class 'org/springframework/data/domain/Page'
02:43:09.617 [main] DEBUG com.tngtech.archunit.core.importer.JavaClassProcessor - Processing class 'org/springframework/data/domain/Pageable'
02:43:09.618 [main] DEBUG com.tngtech.archunit.core.importer.JavaClassProcessor - Processing class 'java/time/format/DateTimeFormatter'
02:43:09.618 [main] DEBUG com.tngtech.archunit.core.importer.JavaClassProcessor - Processing class 'java/util/regex/Pattern'
02:43:09.619 [main] DEBUG com.tngtech.archunit.core.importer.JavaClassProcessor - Processing class 'java/text/DecimalFormatSymbols'
02:43:09.619 [main] DEBUG com.tngtech.archunit.core.importer.JavaClassProcessor - Processing class 'java/time/ZoneId'
02:43:09.619 [main] DEBUG com.tngtech.archunit.core.importer.JavaClassProcessor - Processing class 'java/net/InetSocketAddress'
02:43:09.619 [main] DEBUG com.tngtech.archunit.core.importer.JavaClassProcessor - Processing class 'java/time/ZonedDateTime'
02:43:09.620 [main] DEBUG com.tngtech.archunit.core.importer.JavaClassProcessor - Processing class 'java/time/Instant'
02:43:09.620 [main] DEBUG com.tngtech.archunit.core.importer.JavaClassProcessor - Processing class 'java/net/URI'
02:43:09.621 [main] DEBUG com.tngtech.archunit.core.importer.JavaClassProcessor - Processing class 'org/springframework/http/ContentDisposition'
02:43:09.622 [main] DEBUG com.tngtech.archunit.core.importer.JavaClassProcessor - Processing class 'java/time/Duration'
02:43:09.622 [main] DEBUG com.tngtech.archunit.core.importer.JavaClassProcessor - Processing class 'org/springframework/http/CacheControl'
02:43:09.623 [main] DEBUG com.tngtech.archunit.core.importer.JavaClassProcessor - Processing class 'org/springframework/http/HttpStatus'
02:43:09.624 [main] DEBUG com.tngtech.archunit.core.importer.JavaClassProcessor - Processing class 'org/springframework/http/ResponseEntity$1'
02:43:09.624 [main] DEBUG com.tngtech.archunit.core.importer.JavaClassProcessor - Processing class 'java/util/BitSet'
02:43:09.625 [main] DEBUG com.tngtech.archunit.core.importer.JavaClassProcessor - Processing class 'sun/util/locale/LocaleSyntaxException'
02:43:09.625 [main] DEBUG com.tngtech.archunit.core.importer.JavaClassProcessor - Processing class 'sun/util/locale/LanguageTag'
]]></system-out>
  </testcase>
  <testcase name="repositoriesShouldNotDependOnServices" classname="archtests.SongArchitectureTests" time="0.103">
    <system-out><![CDATA[02:43:09.635 [main] DEBUG com.tngtech.archunit.core.importer.UrlSource$From - Found URLs on sun.boot.class.path: []
02:43:09.638 [main] DEBUG com.tngtech.archunit.core.importer.UrlSource$From - Found URLs on java.class.path: [file:/M:/Lab/song-manager/target/test-classes/, file:/M:/Lab/song-manager/target/classes/, jar:file:/C:/Users/User/.m2/repository/org/springframework/boot/spring-boot-starter-web/2.5.4/spring-boot-starter-web-2.5.4.jar!/, jar:file:/C:/Users/User/.m2/repository/org/springframework/boot/spring-boot-starter/2.5.4/spring-boot-starter-2.5.4.jar!/, jar:file:/C:/Users/User/.m2/repository/org/springframework/boot/spring-boot/2.5.4/spring-boot-2.5.4.jar!/, jar:file:/C:/Users/User/.m2/repository/org/springframework/boot/spring-boot-autoconfigure/2.5.4/spring-boot-autoconfigure-2.5.4.jar!/, jar:file:/C:/Users/User/.m2/repository/org/springframework/boot/spring-boot-starter-logging/2.5.4/spring-boot-starter-logging-2.5.4.jar!/, jar:file:/C:/Users/User/.m2/repository/ch/qos/logback/logback-classic/1.2.5/logback-classic-1.2.5.jar!/, jar:file:/C:/Users/User/.m2/repository/ch/qos/logback/logback-core/1.2.5/logback-core-1.2.5.jar!/, jar:file:/C:/Users/User/.m2/repository/org/apache/logging/log4j/log4j-to-slf4j/2.14.1/log4j-to-slf4j-2.14.1.jar!/, jar:file:/C:/Users/User/.m2/repository/org/apache/logging/log4j/log4j-api/2.14.1/log4j-api-2.14.1.jar!/, jar:file:/C:/Users/User/.m2/repository/org/slf4j/jul-to-slf4j/1.7.32/jul-to-slf4j-1.7.32.jar!/, jar:file:/C:/Users/User/.m2/repository/jakarta/annotation/jakarta.annotation-api/1.3.5/jakarta.annotation-api-1.3.5.jar!/, jar:file:/C:/Users/User/.m2/repository/org/yaml/snakeyaml/1.28/snakeyaml-1.28.jar!/, jar:file:/C:/Users/User/.m2/repository/org/springframework/boot/spring-boot-starter-json/2.5.4/spring-boot-starter-json-2.5.4.jar!/, jar:file:/C:/Users/User/.m2/repository/com/fasterxml/jackson/core/jackson-databind/2.12.4/jackson-databind-2.12.4.jar!/, jar:file:/C:/Users/User/.m2/repository/com/fasterxml/jackson/core/jackson-annotations/2.12.4/jackson-annotations-2.12.4.jar!/, jar:file:/C:/Users/User/.m2/repository/com/fasterxml/jackson/core/jackson-core/2.12.4/jackson-core-2.12.4.jar!/, jar:file:/C:/Users/User/.m2/repository/com/fasterxml/jackson/datatype/jackson-datatype-jdk8/2.12.4/jackson-datatype-jdk8-2.12.4.jar!/, jar:file:/C:/Users/User/.m2/repository/com/fasterxml/jackson/datatype/jackson-datatype-jsr310/2.12.4/jackson-datatype-jsr310-2.12.4.jar!/, jar:file:/C:/Users/User/.m2/repository/com/fasterxml/jackson/module/jackson-module-parameter-names/2.12.4/jackson-module-parameter-names-2.12.4.jar!/, jar:file:/C:/Users/User/.m2/repository/org/springframework/boot/spring-boot-starter-tomcat/2.5.4/spring-boot-starter-tomcat-2.5.4.jar!/, jar:file:/C:/Users/User/.m2/repository/org/apache/tomcat/embed/tomcat-embed-core/9.0.52/tomcat-embed-core-9.0.52.jar!/, jar:file:/C:/Users/User/.m2/repository/org/apache/tomcat/embed/tomcat-embed-el/9.0.52/tomcat-embed-el-9.0.52.jar!/, jar:file:/C:/Users/User/.m2/repository/org/apache/tomcat/embed/tomcat-embed-websocket/9.0.52/tomcat-embed-websocket-9.0.52.jar!/, jar:file:/C:/Users/User/.m2/repository/org/springframework/spring-web/5.3.9/spring-web-5.3.9.jar!/, jar:file:/C:/Users/User/.m2/repository/org/springframework/spring-beans/5.3.9/spring-beans-5.3.9.jar!/, jar:file:/C:/Users/User/.m2/repository/org/springframework/spring-webmvc/5.3.9/spring-webmvc-5.3.9.jar!/, jar:file:/C:/Users/User/.m2/repository/org/springframework/spring-aop/5.3.9/spring-aop-5.3.9.jar!/, jar:file:/C:/Users/User/.m2/repository/org/springframework/spring-context/5.3.9/spring-context-5.3.9.jar!/, jar:file:/C:/Users/User/.m2/repository/org/springframework/spring-expression/5.3.9/spring-expression-5.3.9.jar!/, jar:file:/C:/Users/User/.m2/repository/org/springframework/boot/spring-boot-starter-data-jpa/2.5.4/spring-boot-starter-data-jpa-2.5.4.jar!/, jar:file:/C:/Users/User/.m2/repository/org/springframework/boot/spring-boot-starter-aop/2.5.4/spring-boot-starter-aop-2.5.4.jar!/, jar:file:/C:/Users/User/.m2/repository/org/aspectj/aspectjweaver/1.9.7/aspectjweaver-1.9.7.jar!/, jar:file:/C:/Users/User/.m2/repository/org/springframework/boot/spring-boot-starter-jdbc/2.5.4/spring-boot-starter-jdbc-2.5.4.jar!/, jar:file:/C:/Users/User/.m2/repository/com/zaxxer/HikariCP/4.0.3/HikariCP-4.0.3.jar!/, jar:file:/C:/Users/User/.m2/repository/org/springframework/spring-jdbc/5.3.9/spring-jdbc-5.3.9.jar!/, jar:file:/C:/Users/User/.m2/repository/jakarta/transaction/jakarta.transaction-api/1.3.3/jakarta.transaction-api-1.3.3.jar!/, jar:file:/C:/Users/User/.m2/repository/jakarta/persistence/jakarta.persistence-api/2.2.3/jakarta.persistence-api-2.2.3.jar!/, jar:file:/C:/Users/User/.m2/repository/org/hibernate/hibernate-core/5.4.32.Final/hibernate-core-5.4.32.Final.jar!/, jar:file:/C:/Users/User/.m2/repository/org/jboss/logging/jboss-logging/3.4.2.Final/jboss-logging-3.4.2.Final.jar!/, jar:file:/C:/Users/User/.m2/repository/org/javassist/javassist/3.27.0-GA/javassist-3.27.0-GA.jar!/, jar:file:/C:/Users/User/.m2/repository/net/bytebuddy/byte-buddy/1.10.22/byte-buddy-1.10.22.jar!/, jar:file:/C:/Users/User/.m2/repository/antlr/antlr/2.7.7/antlr-2.7.7.jar!/, jar:file:/C:/Users/User/.m2/repository/org/jboss/jandex/2.2.3.Final/jandex-2.2.3.Final.jar!/, jar:file:/C:/Users/User/.m2/repository/com/fasterxml/classmate/1.5.1/classmate-1.5.1.jar!/, jar:file:/C:/Users/User/.m2/repository/org/dom4j/dom4j/2.1.3/dom4j-2.1.3.jar!/, jar:file:/C:/Users/User/.m2/repository/org/hibernate/common/hibernate-commons-annotations/5.1.2.Final/hibernate-commons-annotations-5.1.2.Final.jar!/, jar:file:/C:/Users/User/.m2/repository/org/glassfish/jaxb/jaxb-runtime/2.3.5/jaxb-runtime-2.3.5.jar!/, jar:file:/C:/Users/User/.m2/repository/org/glassfish/jaxb/txw2/2.3.5/txw2-2.3.5.jar!/, jar:file:/C:/Users/User/.m2/repository/com/sun/istack/istack-commons-runtime/3.0.12/istack-commons-runtime-3.0.12.jar!/, jar:file:/C:/Users/User/.m2/repository/com/sun/activation/jakarta.activation/1.2.2/jakarta.activation-1.2.2.jar!/, jar:file:/C:/Users/User/.m2/repository/org/springframework/data/spring-data-jpa/2.5.4/spring-data-jpa-2.5.4.jar!/, jar:file:/C:/Users/User/.m2/repository/org/springframework/data/spring-data-commons/2.5.4/spring-data-commons-2.5.4.jar!/, jar:file:/C:/Users/User/.m2/repository/org/springframework/spring-orm/5.3.9/spring-orm-5.3.9.jar!/, jar:file:/C:/Users/User/.m2/repository/org/springframework/spring-tx/5.3.9/spring-tx-5.3.9.jar!/, jar:file:/C:/Users/User/.m2/repository/org/springframework/spring-aspects/5.3.9/spring-aspects-5.3.9.jar!/, jar:file:/C:/Users/User/.m2/repository/com/h2database/h2/1.4.200/h2-1.4.200.jar!/, jar:file:/C:/Users/User/.m2/repository/javax/persistence/javax.persistence-api/2.2/javax.persistence-api-2.2.jar!/, jar:file:/C:/Users/User/.m2/repository/org/springframework/boot/spring-boot-starter-test/2.5.4/spring-boot-starter-test-2.5.4.jar!/, jar:file:/C:/Users/User/.m2/repository/org/springframework/boot/spring-boot-test/2.5.4/spring-boot-test-2.5.4.jar!/, jar:file:/C:/Users/User/.m2/repository/org/springframework/boot/spring-boot-test-autoconfigure/2.5.4/spring-boot-test-autoconfigure-2.5.4.jar!/, jar:file:/C:/Users/User/.m2/repository/com/jayway/jsonpath/json-path/2.5.0/json-path-2.5.0.jar!/, jar:file:/C:/Users/User/.m2/repository/net/minidev/json-smart/2.4.7/json-smart-2.4.7.jar!/, jar:file:/C:/Users/User/.m2/repository/net/minidev/accessors-smart/2.4.7/accessors-smart-2.4.7.jar!/, jar:file:/C:/Users/User/.m2/repository/org/ow2/asm/asm/9.1/asm-9.1.jar!/, jar:file:/C:/Users/User/.m2/repository/jakarta/xml/bind/jakarta.xml.bind-api/2.3.3/jakarta.xml.bind-api-2.3.3.jar!/, jar:file:/C:/Users/User/.m2/repository/jakarta/activation/jakarta.activation-api/1.2.2/jakarta.activation-api-1.2.2.jar!/, jar:file:/C:/Users/User/.m2/repository/org/assertj/assertj-core/3.19.0/assertj-core-3.19.0.jar!/, jar:file:/C:/Users/User/.m2/repository/org/hamcrest/hamcrest/2.2/hamcrest-2.2.jar!/, jar:file:/C:/Users/User/.m2/repository/org/junit/jupiter/junit-jupiter/5.7.2/junit-jupiter-5.7.2.jar!/, jar:file:/C:/Users/User/.m2/repository/org/junit/jupiter/junit-jupiter-api/5.7.2/junit-jupiter-api-5.7.2.jar!/, jar:file:/C:/Users/User/.m2/repository/org/apiguardian/apiguardian-api/1.1.0/apiguardian-api-1.1.0.jar!/, jar:file:/C:/Users/User/.m2/repository/org/opentest4j/opentest4j/1.2.0/opentest4j-1.2.0.jar!/, jar:file:/C:/Users/User/.m2/repository/org/junit/platform/junit-platform-commons/1.7.2/junit-platform-commons-1.7.2.jar!/, jar:file:/C:/Users/User/.m2/repository/org/junit/jupiter/junit-jupiter-params/5.7.2/junit-jupiter-params-5.7.2.jar!/, jar:file:/C:/Users/User/.m2/repository/org/junit/jupiter/junit-jupiter-engine/5.7.2/junit-jupiter-engine-5.7.2.jar!/, jar:file:/C:/Users/User/.m2/repository/org/junit/platform/junit-platform-engine/1.7.2/junit-platform-engine-1.7.2.jar!/, jar:file:/C:/Users/User/.m2/repository/org/mockito/mockito-core/3.9.0/mockito-core-3.9.0.jar!/, jar:file:/C:/Users/User/.m2/repository/net/bytebuddy/byte-buddy-agent/1.10.22/byte-buddy-agent-1.10.22.jar!/, jar:file:/C:/Users/User/.m2/repository/org/objenesis/objenesis/3.2/objenesis-3.2.jar!/, jar:file:/C:/Users/User/.m2/repository/org/mockito/mockito-junit-jupiter/3.9.0/mockito-junit-jupiter-3.9.0.jar!/, jar:file:/C:/Users/User/.m2/repository/org/skyscreamer/jsonassert/1.5.0/jsonassert-1.5.0.jar!/, jar:file:/C:/Users/User/.m2/repository/com/vaadin/external/google/android-json/0.0.20131108.vaadin1/android-json-0.0.20131108.vaadin1.jar!/, jar:file:/C:/Users/User/.m2/repository/org/springframework/spring-core/5.3.9/spring-core-5.3.9.jar!/, jar:file:/C:/Users/User/.m2/repository/org/springframework/spring-jcl/5.3.9/spring-jcl-5.3.9.jar!/, jar:file:/C:/Users/User/.m2/repository/org/springframework/spring-test/5.3.9/spring-test-5.3.9.jar!/, jar:file:/C:/Users/User/.m2/repository/org/xmlunit/xmlunit-core/2.8.2/xmlunit-core-2.8.2.jar!/, jar:file:/C:/Users/User/.m2/repository/com/tngtech/archunit/archunit-junit5/1.1.0/archunit-junit5-1.1.0.jar!/, jar:file:/C:/Users/User/.m2/repository/com/tngtech/archunit/archunit-junit5-api/1.1.0/archunit-junit5-api-1.1.0.jar!/, jar:file:/C:/Users/User/.m2/repository/com/tngtech/archunit/archunit-junit5-engine/1.1.0/archunit-junit5-engine-1.1.0.jar!/, jar:file:/C:/Users/User/.m2/repository/com/tngtech/archunit/archunit-junit5-engine-api/1.1.0/archunit-junit5-engine-api-1.1.0.jar!/, jar:file:/C:/Users/User/.m2/repository/com/tngtech/archunit/archunit/1.1.0/archunit-1.1.0.jar!/, jar:file:/C:/Users/User/.m2/repository/org/slf4j/slf4j-api/1.7.32/slf4j-api-1.7.32.jar!/]
02:43:09.647 [main] DEBUG com.tngtech.archunit.core.importer.JavaClassProcessor - Processing class 'com/example/songs/repository/SongRepository'
02:43:09.648 [main] DEBUG com.tngtech.archunit.core.importer.JavaClassProcessor - Processing class 'com/example/songs/service/SongService'
02:43:09.648 [main] DEBUG com.tngtech.archunit.core.importer.JavaClassProcessor - Processing class 'com/example/songs/SongManagerApplication'
02:43:09.648 [main] DEBUG com.tngtech.archunit.core.importer.JavaClassProcessor - Processing class 'com/example/songs/controller/SongController'
02:43:09.649 [main] DEBUG com.tngtech.archunit.core.importer.JavaClassProcessor - Processing class 'com/example/songs/model/Song'
02:43:09.649 [main] DEBUG com.tngtech.archunit.core.importer.JavaClassProcessor - Processing class 'org/springframework/web/bind/annotation/PathVariable'
02:43:09.650 [main] DEBUG com.tngtech.archunit.core.importer.JavaClassProcessor - Processing class 'org/springframework/web/bind/annotation/RequestMapping'
02:43:09.650 [main] DEBUG com.tngtech.archunit.core.importer.JavaClassProcessor - Processing class 'org/springframework/http/ResponseEntity$BodyBuilder'
02:43:09.650 [main] DEBUG com.tngtech.archunit.core.importer.JavaClassProcessor - Processing class 'org/springframework/web/bind/annotation/RequestBody'
02:43:09.650 [main] DEBUG com.tngtech.archunit.core.importer.JavaClassProcessor - Processing class 'org/springframework/boot/SpringApplication'
02:43:09.651 [main] DEBUG com.tngtech.archunit.core.importer.JavaClassProcessor - Processing class 'org/springframework/web/bind/annotation/PutMapping'
02:43:09.651 [main] DEBUG com.tngtech.archunit.core.importer.JavaClassProcessor - Processing class 'java/lang/Long'
02:43:09.652 [main] DEBUG com.tngtech.archunit.core.importer.JavaClassProcessor - Processing class 'org/springframework/stereotype/Service'
02:43:09.652 [main] DEBUG com.tngtech.archunit.core.importer.JavaClassProcessor - Processing class 'org/springframework/web/bind/annotation/GetMapping'
02:43:09.652 [main] DEBUG com.tngtech.archunit.core.importer.JavaClassProcessor - Processing class 'java/lang/String'
02:43:09.653 [main] DEBUG com.tngtech.archunit.core.importer.JavaClassProcessor - Processing class 'org/springframework/web/bind/annotation/DeleteMapping'
02:43:09.653 [main] DEBUG com.tngtech.archunit.core.importer.JavaClassProcessor - Processing class 'javax/persistence/Id'
02:43:09.653 [main] DEBUG com.tngtech.archunit.core.importer.JavaClassProcessor - Processing class 'org/springframework/web/bind/annotation/PostMapping'
02:43:09.653 [main] DEBUG com.tngtech.archunit.core.importer.JavaClassProcessor - Processing class 'java/lang/Void'
02:43:09.653 [main] DEBUG com.tngtech.archunit.core.importer.JavaClassProcessor - Processing class 'javax/persistence/Entity'
02:43:09.653 [main] DEBUG com.tngtech.archunit.core.importer.JavaClassProcessor - Processing class 'org/springframework/boot/autoconfigure/SpringBootApplication'
02:43:09.654 [main] DEBUG com.tngtech.archunit.core.importer.JavaClassProcessor - Processing class 'java/lang/RuntimeException'
02:43:09.654 [main] DEBUG com.tngtech.archunit.core.importer.JavaClassProcessor - Processing class 'org/springframework/web/bind/annotation/RestController'
02:43:09.654 [main] DEBUG com.tngtech.archunit.core.importer.JavaClassProcessor - Processing class 'javax/persistence/GenerationType'
02:43:09.654 [main] DEBUG com.tngtech.archunit.core.importer.JavaClassProcessor - Processing class 'java/util/List'
02:43:09.655 [main] DEBUG com.tngtech.archunit.core.importer.JavaClassProcessor - Processing class 'javax/persistence/GeneratedValue'
02:43:09.655 [main] DEBUG com.tngtech.archunit.core.importer.JavaClassProcessor - Processing class 'java/util/Optional'
02:43:09.655 [main] DEBUG com.tngtech.archunit.core.importer.JavaClassProcessor - Processing class 'java/lang/Object'
02:43:09.655 [main] DEBUG com.tngtech.archunit.core.importer.JavaClassProcessor - Processing class 'org/springframework/http/ResponseEntity'
02:43:09.655 [main] DEBUG com.tngtech.archunit.core.importer.JavaClassProcessor - Processing class 'org/springframework/http/ResponseEntity$HeadersBuilder'
02:43:09.655 [main] DEBUG com.tngtech.archunit.core.importer.JavaClassProcessor - Processing class 'org/springframework/data/jpa/repository/JpaRepository'
02:43:09.656 [main] DEBUG com.tngtech.archunit.core.importer.JavaClassProcessor - Processing class 'java/lang/annotation/Inherited'
02:43:09.656 [main] DEBUG com.tngtech.archunit.core.importer.JavaClassProcessor - Processing class 'org/springframework/context/annotation/ComponentScan$Filter'
02:43:09.656 [main] DEBUG com.tngtech.archunit.core.importer.JavaClassProcessor - Processing class 'java/lang/Enum'
02:43:09.656 [main] DEBUG com.tngtech.archunit.core.importer.JavaClassProcessor - Processing class 'org/springframework/context/ConfigurableApplicationContext'
02:43:09.656 [main] DEBUG com.tngtech.archunit.core.importer.JavaClassProcessor - Processing class 'java/lang/annotation/Documented'
02:43:09.656 [main] DEBUG com.tngtech.archunit.core.importer.JavaClassProcessor - Processing class 'java/lang/CharSequence'
02:43:09.656 [main] DEBUG com.tngtech.archunit.core.importer.JavaClassProcessor - Processing class 'org/springframework/data/repository/PagingAndSortingRepository'
02:43:09.657 [main] DEBUG com.tngtech.archunit.core.importer.JavaClassProcessor - Processing class 'org/springframework/http/HttpHeaders'
02:43:09.657 [main] DEBUG com.tngtech.archunit.core.importer.JavaClassProcessor - Processing class 'java/util/Collection'
02:43:09.658 [main] DEBUG com.tngtech.archunit.core.importer.JavaClassProcessor - Processing class 'org/springframework/web/bind/annotation/RequestMethod'
02:43:09.658 [main] DEBUG com.tngtech.archunit.core.importer.JavaClassProcessor - Processing class 'org/springframework/context/ApplicationListener'
02:43:09.658 [main] DEBUG com.tngtech.archunit.core.importer.JavaClassProcessor - Processing class 'java/lang/Exception'
02:43:09.658 [main] DEBUG com.tngtech.archunit.core.importer.JavaClassProcessor - Processing class 'java/io/Serializable'
02:43:09.658 [main] DEBUG com.tngtech.archunit.core.importer.JavaClassProcessor - Processing class 'org/springframework/context/annotation/Configuration'
02:43:09.658 [main] DEBUG com.tngtech.archunit.core.importer.JavaClassProcessor - Processing class 'org/springframework/http/HttpEntity'
02:43:09.658 [main] DEBUG com.tngtech.archunit.core.importer.JavaClassProcessor - Processing class 'org/springframework/beans/factory/support/BeanNameGenerator'
02:43:09.658 [main] DEBUG com.tngtech.archunit.core.importer.JavaClassProcessor - Processing class 'org/springframework/boot/SpringBootExceptionReporter'
02:43:09.659 [main] DEBUG com.tngtech.archunit.core.importer.JavaClassProcessor - Processing class 'java/lang/annotation/Annotation'
02:43:09.659 [main] DEBUG com.tngtech.archunit.core.importer.JavaClassProcessor - Processing class 'java/lang/Throwable'
02:43:09.659 [main] DEBUG com.tngtech.archunit.core.importer.JavaClassProcessor - Processing class 'org/springframework/boot/autoconfigure/AutoConfigurationExcludeFilter'
02:43:09.659 [main] DEBUG com.tngtech.archunit.core.importer.JavaClassProcessor - Processing class 'org/springframework/stereotype/Controller'
02:43:09.659 [main] DEBUG com.tngtech.archunit.core.importer.JavaClassProcessor - Processing class 'org/springframework/boot/context/TypeExcludeFilter'
02:43:09.659 [main] DEBUG com.tngtech.archunit.core.importer.JavaClassProcessor - Processing class 'java/lang/annotation/Retention'
02:43:09.659 [main] DEBUG com.tngtech.archunit.core.importer.JavaClassProcessor - Processing class 'org/springframework/data/repository/NoRepositoryBean'
02:43:09.659 [main] DEBUG com.tngtech.archunit.core.importer.JavaClassProcessor - Processing class 'org/springframework/boot/BootstrapRegistryInitializer'
02:43:09.659 [main] DEBUG com.tngtech.archunit.core.importer.JavaClassProcessor - Processing class 'jdk/internal/HotSpotIntrinsicCandidate'
02:43:09.660 [main] DEBUG com.tngtech.archunit.core.importer.JavaClassProcessor - Processing class 'org/springframework/lang/Nullable'
02:43:09.660 [main] DEBUG com.tngtech.archunit.core.importer.JavaClassProcessor - Processing class 'java/lang/Number'
02:43:09.660 [main] DEBUG com.tngtech.archunit.core.importer.JavaClassProcessor - Processing class 'org/springframework/context/annotation/FilterType'
02:43:09.660 [main] DEBUG com.tngtech.archunit.core.importer.JavaClassProcessor - Processing class 'org/springframework/core/annotation/AliasFor'
02:43:09.660 [main] DEBUG com.tngtech.archunit.core.importer.JavaClassProcessor - Processing class 'java/lang/SafeVarargs'
02:43:09.660 [main] DEBUG com.tngtech.archunit.core.importer.JavaClassProcessor - Processing class 'jdk/internal/vm/annotation/Stable'
02:43:09.660 [main] DEBUG com.tngtech.archunit.core.importer.JavaClassProcessor - Processing class 'org/springframework/boot/autoconfigure/EnableAutoConfiguration'
02:43:09.660 [main] DEBUG com.tngtech.archunit.core.importer.JavaClassProcessor - Processing class 'java/lang/Deprecated'
02:43:09.660 [main] DEBUG com.tngtech.archunit.core.importer.JavaClassProcessor - Processing class 'java/lang/annotation/Target'
02:43:09.660 [main] DEBUG com.tngtech.archunit.core.importer.JavaClassProcessor - Processing class 'org/springframework/core/env/StandardEnvironment'
02:43:09.660 [main] DEBUG com.tngtech.archunit.core.importer.JavaClassProcessor - Processing class 'java/lang/annotation/ElementType'
02:43:09.661 [main] DEBUG com.tngtech.archunit.core.importer.JavaClassProcessor - Processing class 'org/springframework/web/bind/annotation/ResponseBody'
02:43:09.661 [main] DEBUG com.tngtech.archunit.core.importer.JavaClassProcessor - Processing class 'org/springframework/context/annotation/ComponentScan'
02:43:09.661 [main] DEBUG com.tngtech.archunit.core.importer.JavaClassProcessor - Processing class 'org/springframework/data/repository/query/QueryByExampleExecutor'
02:43:09.661 [main] DEBUG com.tngtech.archunit.core.importer.JavaClassProcessor - Processing class 'org/springframework/stereotype/Component'
02:43:09.661 [main] DEBUG com.tngtech.archunit.core.importer.JavaClassProcessor - Processing class 'org/springframework/boot/SpringBootConfiguration'
02:43:09.661 [main] DEBUG com.tngtech.archunit.core.importer.JavaClassProcessor - Processing class 'java/lang/Class'
02:43:09.662 [main] DEBUG com.tngtech.archunit.core.importer.JavaClassProcessor - Processing class 'java/lang/Comparable'
02:43:09.662 [main] DEBUG com.tngtech.archunit.core.importer.JavaClassProcessor - Processing class 'org/springframework/context/ApplicationContextInitializer'
02:43:09.662 [main] DEBUG com.tngtech.archunit.core.importer.JavaClassProcessor - Processing class 'java/lang/annotation/RetentionPolicy'
02:43:09.663 [main] DEBUG com.tngtech.archunit.core.importer.JavaClassProcessor - Processing class 'org/springframework/web/bind/annotation/Mapping'
02:43:09.663 [main] DEBUG com.tngtech.archunit.core.importer.JavaClassProcessor - Processing class 'org/springframework/core/type/filter/TypeFilter'
02:43:09.663 [main] DEBUG com.tngtech.archunit.core.importer.JavaClassProcessor - Processing class 'java/util/Locale'
02:43:09.663 [main] DEBUG com.tngtech.archunit.core.importer.JavaClassProcessor - Processing class 'java/lang/reflect/Method'
02:43:09.664 [main] DEBUG com.tngtech.archunit.core.importer.JavaClassProcessor - Processing class 'org/springframework/context/PayloadApplicationEvent'
02:43:09.664 [main] DEBUG com.tngtech.archunit.core.importer.JavaClassProcessor - Processing class 'org/springframework/boot/autoconfigure/AutoConfigurationImportSelector'
02:43:09.664 [main] DEBUG com.tngtech.archunit.core.importer.JavaClassProcessor - Processing class 'jdk/internal/vm/annotation/ForceInline'
02:43:09.664 [main] DEBUG com.tngtech.archunit.core.importer.JavaClassProcessor - Processing class 'org/springframework/http/MediaType'
02:43:09.665 [main] DEBUG com.tngtech.archunit.core.importer.JavaClassProcessor - Processing class 'java/util/Locale$LanguageRange'
02:43:09.665 [main] DEBUG com.tngtech.archunit.core.importer.JavaClassProcessor - Processing class 'java/util/EventListener'
02:43:09.665 [main] DEBUG com.tngtech.archunit.core.importer.JavaClassProcessor - Processing class 'java/lang/Class$ReflectionData'
02:43:09.665 [main] DEBUG com.tngtech.archunit.core.importer.JavaClassProcessor - Processing class 'java/lang/reflect/Type'
02:43:09.665 [main] DEBUG com.tngtech.archunit.core.importer.JavaClassProcessor - Processing class 'jdk/internal/reflect/CallerSensitive'
02:43:09.665 [main] DEBUG com.tngtech.archunit.core.importer.JavaClassProcessor - Processing class 'org/springframework/beans/factory/BeanClassLoaderAware'
02:43:09.665 [main] DEBUG com.tngtech.archunit.core.importer.JavaClassProcessor - Processing class 'org/springframework/context/annotation/AnnotationScopeMetadataResolver'
02:43:09.665 [main] DEBUG com.tngtech.archunit.core.importer.JavaClassProcessor - Processing class 'java/lang/reflect/AnnotatedElement'
02:43:09.666 [main] DEBUG com.tngtech.archunit.core.importer.JavaClassProcessor - Processing class 'org/springframework/boot/autoconfigure/AutoConfigurationPackage'
02:43:09.666 [main] DEBUG com.tngtech.archunit.core.importer.JavaClassProcessor - Processing class 'org/springframework/data/repository/CrudRepository'
02:43:09.666 [main] DEBUG com.tngtech.archunit.core.importer.JavaClassProcessor - Processing class 'java/lang/Iterable'
02:43:09.666 [main] DEBUG com.tngtech.archunit.core.importer.JavaClassProcessor - Processing class 'java/lang/FunctionalInterface'
02:43:09.670 [main] DEBUG com.tngtech.archunit.core.importer.JavaClassProcessor - Processing class 'java/nio/charset/Charset'
02:43:09.671 [main] DEBUG com.tngtech.archunit.core.importer.JavaClassProcessor - Processing class 'java/lang/annotation/Repeatable'
02:43:09.671 [main] DEBUG com.tngtech.archunit.core.importer.JavaClassProcessor - Processing class 'org/springframework/beans/factory/BeanFactoryAware'
02:43:09.671 [main] DEBUG com.tngtech.archunit.core.importer.JavaClassProcessor - Processing class 'org/springframework/context/annotation/ComponentScans'
02:43:09.671 [main] DEBUG com.tngtech.archunit.core.importer.JavaClassProcessor - Processing class 'org/springframework/stereotype/Indexed'
02:43:09.672 [main] DEBUG com.tngtech.archunit.core.importer.JavaClassProcessor - Processing class 'java/lang/reflect/GenericDeclaration'
02:43:09.672 [main] DEBUG com.tngtech.archunit.core.importer.JavaClassProcessor - Processing class 'java/util/Map$Entry'
02:43:09.672 [main] DEBUG com.tngtech.archunit.core.importer.JavaClassProcessor - Processing class 'org/springframework/http/HttpMethod'
02:43:09.672 [main] DEBUG com.tngtech.archunit.core.importer.JavaClassProcessor - Processing class 'org/springframework/context/annotation/ScopedProxyMode'
02:43:09.672 [main] DEBUG com.tngtech.archunit.core.importer.JavaClassProcessor - Processing class 'org/springframework/util/MultiValueMap'
02:43:09.672 [main] DEBUG com.tngtech.archunit.core.importer.JavaClassProcessor - Processing class 'org/springframework/context/annotation/Import'
02:43:09.673 [main] DEBUG com.tngtech.archunit.core.importer.JavaClassProcessor - Processing class 'org/springframework/http/HttpRange'
02:43:09.673 [main] DEBUG com.tngtech.archunit.core.importer.JavaClassProcessor - Processing class 'java/lang/reflect/Field'
02:43:09.673 [main] DEBUG com.tngtech.archunit.core.importer.JavaClassProcessor - Processing class 'org/springframework/context/ApplicationContext'
02:43:09.673 [main] DEBUG com.tngtech.archunit.core.importer.JavaClassProcessor - Processing class 'org/springframework/context/Lifecycle'
02:43:09.673 [main] DEBUG com.tngtech.archunit.core.importer.JavaClassProcessor - Processing class 'org/springframework/context/ApplicationEvent'
02:43:09.673 [main] DEBUG com.tngtech.archunit.core.importer.JavaClassProcessor - Processing class 'org/springframework/context/annotation/ScopeMetadataResolver'
02:43:09.673 [main] DEBUG com.tngtech.archunit.core.importer.JavaClassProcessor - Processing class 'java/io/Closeable'
02:43:09.674 [main] DEBUG com.tngtech.archunit.core.importer.JavaClassProcessor - Processing class 'org/springframework/core/env/AbstractEnvironment'
02:43:09.674 [main] DEBUG com.tngtech.archunit.core.importer.JavaClassProcessor - Processing class 'org/springframework/beans/factory/HierarchicalBeanFactory'
02:43:09.674 [main] DEBUG com.tngtech.archunit.core.importer.JavaClassProcessor - Processing class 'org/springframework/boot/autoconfigure/AutoConfigurationImportListener'
02:43:09.674 [main] DEBUG com.tngtech.archunit.core.importer.JavaClassProcessor - Processing class 'java/nio/charset/spi/CharsetProvider'
02:43:09.674 [main] DEBUG com.tngtech.archunit.core.importer.JavaClassProcessor - Processing class 'java/lang/AutoCloseable'
02:43:09.674 [main] DEBUG com.tngtech.archunit.core.importer.JavaClassProcessor - Processing class 'java/util/EventObject'
02:43:09.675 [main] DEBUG com.tngtech.archunit.core.importer.JavaClassProcessor - Processing class 'org/springframework/util/MimeType'
02:43:09.675 [main] DEBUG com.tngtech.archunit.core.importer.JavaClassProcessor - Processing class 'java/lang/Character'
02:43:09.675 [main] DEBUG com.tngtech.archunit.core.importer.JavaClassProcessor - Processing class 'org/springframework/data/repository/Repository'
02:43:09.675 [main] DEBUG com.tngtech.archunit.core.importer.JavaClassProcessor - Processing class 'java/util/Map'
02:43:09.676 [main] DEBUG com.tngtech.archunit.core.importer.JavaClassProcessor - Processing class 'org/springframework/context/ApplicationEventPublisher'
02:43:09.676 [main] DEBUG com.tngtech.archunit.core.importer.JavaClassProcessor - Processing class 'java/lang/reflect/Executable'
02:43:09.676 [main] DEBUG com.tngtech.archunit.core.importer.JavaClassProcessor - Processing class 'org/springframework/boot/autoconfigure/AutoConfigurationPackages$Registrar'
02:43:09.676 [main] DEBUG com.tngtech.archunit.core.importer.JavaClassProcessor - Processing class 'java/lang/Cloneable'
02:43:09.676 [main] DEBUG com.tngtech.archunit.core.importer.JavaClassProcessor - Processing class 'java/lang/ThreadLocal'
02:43:09.676 [main] DEBUG com.tngtech.archunit.core.importer.JavaClassProcessor - Processing class 'java/lang/reflect/Member'
02:43:09.677 [main] DEBUG com.tngtech.archunit.core.importer.JavaClassProcessor - Processing class 'sun/util/locale/LocaleExtensions'
02:43:09.677 [main] DEBUG com.tngtech.archunit.core.importer.JavaClassProcessor - Processing class 'org/springframework/beans/factory/ListableBeanFactory'
02:43:09.677 [main] DEBUG com.tngtech.archunit.core.importer.JavaClassProcessor - Processing class 'org/springframework/core/Ordered'
02:43:09.677 [main] DEBUG com.tngtech.archunit.core.importer.JavaClassProcessor - Processing class 'org/springframework/context/annotation/DeferredImportSelector'
02:43:09.677 [main] DEBUG com.tngtech.archunit.core.importer.JavaClassProcessor - Processing class 'org/springframework/beans/factory/Aware'
02:43:09.677 [main] DEBUG com.tngtech.archunit.core.importer.JavaClassProcessor - Processing class 'org/springframework/core/ResolvableTypeProvider'
02:43:09.678 [main] DEBUG com.tngtech.archunit.core.importer.JavaClassProcessor - Processing class 'org/springframework/core/io/support/ResourceRegion'
02:43:09.678 [main] DEBUG com.tngtech.archunit.core.importer.JavaClassProcessor - Processing class 'org/springframework/boot/autoconfigure/AutoConfigurationImportFilter'
02:43:09.678 [main] DEBUG com.tngtech.archunit.core.importer.JavaClassProcessor - Processing class 'org/springframework/core/env/ConfigurableEnvironment'
02:43:09.678 [main] DEBUG com.tngtech.archunit.core.importer.JavaClassProcessor - Processing class 'org/springframework/core/env/EnvironmentCapable'
02:43:09.678 [main] DEBUG com.tngtech.archunit.core.importer.JavaClassProcessor - Processing class 'org/springframework/context/MessageSource'
02:43:09.678 [main] DEBUG com.tngtech.archunit.core.importer.JavaClassProcessor - Processing class 'java/lang/reflect/AccessibleObject'
02:43:09.678 [main] DEBUG com.tngtech.archunit.core.importer.JavaClassProcessor - Processing class 'org/springframework/context/ResourceLoaderAware'
02:43:09.679 [main] DEBUG com.tngtech.archunit.core.importer.JavaClassProcessor - Processing class 'org/springframework/context/annotation/DeferredImportSelector$Group'
02:43:09.679 [main] DEBUG com.tngtech.archunit.core.importer.JavaClassProcessor - Processing class 'org/springframework/context/EnvironmentAware'
02:43:09.679 [main] DEBUG com.tngtech.archunit.core.importer.JavaClassProcessor - Processing class 'org/springframework/core/io/support/ResourcePatternResolver'
02:43:09.679 [main] DEBUG com.tngtech.archunit.core.importer.JavaClassProcessor - Processing class 'sun/util/locale/Extension'
02:43:09.679 [main] DEBUG com.tngtech.archunit.core.importer.JavaClassProcessor - Processing class 'org/springframework/core/env/ConfigurablePropertyResolver'
02:43:09.679 [main] DEBUG com.tngtech.archunit.core.importer.JavaClassProcessor - Processing class 'org/springframework/context/annotation/DeferredImportSelector$Group$Entry'
02:43:09.679 [main] DEBUG com.tngtech.archunit.core.importer.JavaClassProcessor - Processing class 'org/springframework/context/annotation/ImportBeanDefinitionRegistrar'
02:43:09.680 [main] DEBUG com.tngtech.archunit.core.importer.JavaClassProcessor - Processing class 'org/springframework/context/annotation/ImportSelector'
02:43:09.680 [main] DEBUG com.tngtech.archunit.core.importer.JavaClassProcessor - Processing class 'org/springframework/core/io/ResourceLoader'
02:43:09.680 [main] DEBUG com.tngtech.archunit.core.importer.JavaClassProcessor - Processing class 'org/springframework/boot/autoconfigure/AutoConfigurationPackages'
02:43:09.680 [main] DEBUG com.tngtech.archunit.core.importer.JavaClassProcessor - Processing class 'org/springframework/boot/context/annotation/DeterminableImports'
02:43:09.680 [main] DEBUG com.tngtech.archunit.core.importer.JavaClassProcessor - Processing class 'org/springframework/core/env/Environment'
02:43:09.680 [main] DEBUG com.tngtech.archunit.core.importer.JavaClassProcessor - Processing class 'org/springframework/beans/factory/BeanFactory'
02:43:09.680 [main] DEBUG com.tngtech.archunit.core.importer.JavaClassProcessor - Processing class 'sun/util/locale/InternalLocaleBuilder$CaseInsensitiveString'
02:43:09.680 [main] DEBUG com.tngtech.archunit.core.importer.JavaClassProcessor - Processing class 'sun/util/locale/InternalLocaleBuilder$CaseInsensitiveChar'
02:43:09.680 [main] DEBUG com.tngtech.archunit.core.importer.JavaClassProcessor - Processing class 'org/springframework/core/env/PropertyResolver'
02:43:09.681 [main] DEBUG com.tngtech.archunit.core.importer.JavaClassProcessor - Processing class 'sun/util/locale/InternalLocaleBuilder'
02:43:09.681 [main] DEBUG com.tngtech.archunit.core.importer.JavaClassProcessor - Processing class 'java/io/IOException'
02:43:09.682 [main] DEBUG com.tngtech.archunit.core.importer.JavaClassProcessor - Processing class 'java/util/stream/IntStream'
02:43:09.683 [main] DEBUG com.tngtech.archunit.core.importer.JavaClassProcessor - Processing class 'sun/reflect/annotation/AnnotationType'
02:43:09.683 [main] DEBUG com.tngtech.archunit.core.importer.JavaClassProcessor - Processing class 'java/lang/ClassValue$ClassValueMap'
02:43:09.683 [main] DEBUG com.tngtech.archunit.core.importer.JavaClassProcessor - Processing class 'jdk/internal/reflect/ReflectionFactory'
02:43:09.684 [main] DEBUG com.tngtech.archunit.core.importer.JavaClassProcessor - Processing class 'java/io/ObjectStreamField'
02:43:09.684 [main] DEBUG com.tngtech.archunit.core.importer.JavaClassProcessor - Processing class 'java/lang/ref/SoftReference'
02:43:09.684 [main] DEBUG com.tngtech.archunit.core.importer.JavaClassProcessor - Processing class 'java/lang/Module'
02:43:09.684 [main] DEBUG com.tngtech.archunit.core.importer.JavaClassProcessor - Processing class 'java/lang/reflect/Constructor'
02:43:09.685 [main] DEBUG com.tngtech.archunit.core.importer.JavaClassProcessor - Processing class 'java/lang/ClassLoader'
02:43:09.685 [main] DEBUG com.tngtech.archunit.core.importer.JavaClassProcessor - Processing class 'java/security/ProtectionDomain'
02:43:09.685 [main] DEBUG com.tngtech.archunit.core.importer.JavaClassProcessor - Processing class 'java/lang/Class$AnnotationData'
02:43:09.685 [main] DEBUG com.tngtech.archunit.core.importer.JavaClassProcessor - Processing class 'sun/reflect/generics/repository/ClassRepository'
02:43:09.686 [main] DEBUG com.tngtech.archunit.core.importer.JavaClassProcessor - Processing class 'java/lang/SecurityException'
02:43:09.686 [main] DEBUG com.tngtech.archunit.core.importer.JavaClassProcessor - Processing class 'java/lang/NoSuchMethodException'
02:43:09.686 [main] DEBUG com.tngtech.archunit.core.importer.JavaClassProcessor - Processing class 'java/lang/PublicMethods$MethodList'
02:43:09.686 [main] DEBUG com.tngtech.archunit.core.importer.JavaClassProcessor - Processing class 'java/lang/NoSuchFieldException'
02:43:09.686 [main] DEBUG com.tngtech.archunit.core.importer.JavaClassProcessor - Processing class 'java/lang/reflect/AnnotatedType'
02:43:09.686 [main] DEBUG com.tngtech.archunit.core.importer.JavaClassProcessor - Processing class 'java/lang/Class$EnclosingMethodInfo'
02:43:09.687 [main] DEBUG com.tngtech.archunit.core.importer.JavaClassProcessor - Processing class 'java/lang/InstantiationException'
02:43:09.687 [main] DEBUG com.tngtech.archunit.core.importer.JavaClassProcessor - Processing class 'java/lang/IllegalAccessException'
02:43:09.687 [main] DEBUG com.tngtech.archunit.core.importer.JavaClassProcessor - Processing class 'java/io/InputStream'
02:43:09.687 [main] DEBUG com.tngtech.archunit.core.importer.JavaClassProcessor - Processing class 'jdk/internal/reflect/ConstantPool'
02:43:09.687 [main] DEBUG com.tngtech.archunit.core.importer.JavaClassProcessor - Processing class 'java/lang/reflect/TypeVariable'
02:43:09.687 [main] DEBUG com.tngtech.archunit.core.importer.JavaClassProcessor - Processing class 'java/lang/ClassNotFoundException'
02:43:09.688 [main] DEBUG com.tngtech.archunit.core.importer.JavaClassProcessor - Processing class 'sun/reflect/generics/factory/GenericsFactory'
02:43:09.688 [main] DEBUG com.tngtech.archunit.core.importer.JavaClassProcessor - Processing class 'java/lang/SecurityManager'
02:43:09.688 [main] DEBUG com.tngtech.archunit.core.importer.JavaClassProcessor - Processing class 'java/net/URL'
02:43:09.688 [main] DEBUG com.tngtech.archunit.core.importer.JavaClassProcessor - Processing class 'java/lang/Package'
02:43:09.689 [main] DEBUG com.tngtech.archunit.core.importer.JavaClassProcessor - Processing class 'java/lang/CloneNotSupportedException'
02:43:09.689 [main] DEBUG com.tngtech.archunit.core.importer.JavaClassProcessor - Processing class 'java/io/ObjectStreamException'
02:43:09.689 [main] DEBUG com.tngtech.archunit.core.importer.JavaClassProcessor - Processing class 'java/io/ObjectInputStream'
02:43:09.690 [main] DEBUG com.tngtech.archunit.core.importer.JavaClassProcessor - Processing class 'java/util/function/Consumer'
02:43:09.690 [main] DEBUG com.tngtech.archunit.core.importer.JavaClassProcessor - Processing class 'java/util/Iterator'
02:43:09.690 [main] DEBUG com.tngtech.archunit.core.importer.JavaClassProcessor - Processing class 'java/util/Spliterator'
02:43:09.690 [main] DEBUG com.tngtech.archunit.core.importer.JavaClassProcessor - Processing class 'java/lang/NumberFormatException'
02:43:09.690 [main] DEBUG com.tngtech.archunit.core.importer.JavaClassProcessor - Processing class 'java/math/BigInteger'
02:43:09.691 [main] DEBUG com.tngtech.archunit.core.importer.JavaClassProcessor - Processing class 'java/lang/InterruptedException'
02:43:09.692 [main] DEBUG com.tngtech.archunit.core.importer.JavaClassProcessor - Processing class 'java/util/Comparator'
02:43:09.692 [main] DEBUG com.tngtech.archunit.core.importer.JavaClassProcessor - Processing class 'java/lang/StringBuffer'
02:43:09.692 [main] DEBUG com.tngtech.archunit.core.importer.JavaClassProcessor - Processing class 'java/lang/AbstractStringBuilder'
02:43:09.693 [main] DEBUG com.tngtech.archunit.core.importer.JavaClassProcessor - Processing class 'java/util/stream/Stream'
02:43:09.693 [main] DEBUG com.tngtech.archunit.core.importer.JavaClassProcessor - Processing class 'java/io/UnsupportedEncodingException'
02:43:09.693 [main] DEBUG com.tngtech.archunit.core.importer.JavaClassProcessor - Processing class 'java/lang/StringBuilder'
02:43:09.694 [main] DEBUG com.tngtech.archunit.core.importer.JavaClassProcessor - Processing class 'java/util/concurrent/atomic/AtomicInteger'
02:43:09.694 [main] DEBUG com.tngtech.archunit.core.importer.JavaClassProcessor - Processing class 'java/lang/ThreadLocal$ThreadLocalMap'
02:43:09.694 [main] DEBUG com.tngtech.archunit.core.importer.JavaClassProcessor - Processing class 'java/lang/Thread'
02:43:09.694 [main] DEBUG com.tngtech.archunit.core.importer.JavaClassProcessor - Processing class 'java/util/function/Supplier'
02:43:09.694 [main] DEBUG com.tngtech.archunit.core.importer.JavaClassProcessor - Processing class 'java/lang/StackTraceElement'
02:43:09.695 [main] DEBUG com.tngtech.archunit.core.importer.JavaClassProcessor - Processing class 'java/io/PrintWriter'
02:43:09.695 [main] DEBUG com.tngtech.archunit.core.importer.JavaClassProcessor - Processing class 'java/lang/Throwable$PrintStreamOrWriter'
02:43:09.695 [main] DEBUG com.tngtech.archunit.core.importer.JavaClassProcessor - Processing class 'java/util/Set'
02:43:09.695 [main] DEBUG com.tngtech.archunit.core.importer.JavaClassProcessor - Processing class 'java/io/ObjectOutputStream'
02:43:09.696 [main] DEBUG com.tngtech.archunit.core.importer.JavaClassProcessor - Processing class 'java/io/PrintStream'
02:43:09.697 [main] DEBUG com.tngtech.archunit.core.importer.JavaClassProcessor - Processing class 'java/lang/reflect/Parameter'
02:43:09.697 [main] DEBUG com.tngtech.archunit.core.importer.JavaClassProcessor - Processing class 'sun/reflect/generics/repository/ConstructorRepository'
02:43:09.697 [main] DEBUG com.tngtech.archunit.core.importer.JavaClassProcessor - Processing class 'sun/reflect/generics/repository/FieldRepository'
02:43:09.697 [main] DEBUG com.tngtech.archunit.core.importer.JavaClassProcessor - Processing class 'jdk/internal/reflect/FieldAccessor'
02:43:09.697 [main] DEBUG com.tngtech.archunit.core.importer.JavaClassProcessor - Processing class 'java/lang/IllegalArgumentException'
02:43:09.698 [main] DEBUG com.tngtech.archunit.core.importer.JavaClassProcessor - Processing class 'sun/reflect/generics/repository/MethodRepository'
02:43:09.698 [main] DEBUG com.tngtech.archunit.core.importer.JavaClassProcessor - Processing class 'jdk/internal/reflect/MethodAccessor'
02:43:09.698 [main] DEBUG com.tngtech.archunit.core.importer.JavaClassProcessor - Processing class 'java/lang/reflect/InvocationTargetException'
02:43:09.698 [main] DEBUG com.tngtech.archunit.core.importer.JavaClassProcessor - Processing class 'java/util/SortedMap'
02:43:09.698 [main] DEBUG com.tngtech.archunit.core.importer.JavaClassProcessor - Processing class 'java/nio/charset/CharsetEncoder'
02:43:09.698 [main] DEBUG com.tngtech.archunit.core.importer.JavaClassProcessor - Processing class 'java/nio/charset/CharsetDecoder'
02:43:09.698 [main] DEBUG com.tngtech.archunit.core.importer.JavaClassProcessor - Processing class 'java/nio/ByteBuffer'
02:43:09.699 [main] DEBUG com.tngtech.archunit.core.importer.JavaClassProcessor - Processing class 'java/nio/CharBuffer'
02:43:09.699 [main] DEBUG com.tngtech.archunit.core.importer.JavaClassProcessor - Processing class 'java/util/function/Predicate'
02:43:09.699 [main] DEBUG com.tngtech.archunit.core.importer.JavaClassProcessor - Processing class 'java/util/function/IntFunction'
02:43:09.699 [main] DEBUG com.tngtech.archunit.core.importer.JavaClassProcessor - Processing class 'java/util/ListIterator'
02:43:09.699 [main] DEBUG com.tngtech.archunit.core.importer.JavaClassProcessor - Processing class 'java/util/function/UnaryOperator'
02:43:09.699 [main] DEBUG com.tngtech.archunit.core.importer.JavaClassProcessor - Processing class 'sun/util/locale/BaseLocale'
02:43:09.699 [main] DEBUG com.tngtech.archunit.core.importer.JavaClassProcessor - Processing class 'java/util/Locale$Cache'
02:43:09.700 [main] DEBUG com.tngtech.archunit.core.importer.JavaClassProcessor - Processing class 'java/util/MissingResourceException'
02:43:09.700 [main] DEBUG com.tngtech.archunit.core.importer.JavaClassProcessor - Processing class 'java/util/Locale$Category'
02:43:09.700 [main] DEBUG com.tngtech.archunit.core.importer.JavaClassProcessor - Processing class 'java/util/Locale$IsoCountryCode'
02:43:09.700 [main] DEBUG com.tngtech.archunit.core.importer.JavaClassProcessor - Processing class 'sun/util/locale/provider/LocaleResources'
02:43:09.700 [main] DEBUG com.tngtech.archunit.core.importer.JavaClassProcessor - Processing class 'java/util/Locale$FilteringMode'
02:43:09.701 [main] DEBUG com.tngtech.archunit.core.importer.JavaClassProcessor - Processing class 'java/util/function/BiFunction'
02:43:09.701 [main] DEBUG com.tngtech.archunit.core.importer.JavaClassProcessor - Processing class 'java/util/function/BiConsumer'
02:43:09.701 [main] DEBUG com.tngtech.archunit.core.importer.JavaClassProcessor - Processing class 'java/util/function/Function'
02:43:09.701 [main] DEBUG com.tngtech.archunit.core.importer.JavaClassProcessor - Processing class 'java/lang/invoke/SerializedLambda'
02:43:09.702 [main] DEBUG com.tngtech.archunit.core.importer.JavaClassProcessor - Processing class 'java/lang/Runnable'
02:43:09.702 [main] DEBUG com.tngtech.archunit.core.importer.JavaClassProcessor - Processing class 'org/springframework/beans/factory/NoSuchBeanDefinitionException'
02:43:09.702 [main] DEBUG com.tngtech.archunit.core.importer.JavaClassProcessor - Processing class 'org/springframework/beans/factory/ObjectProvider'
02:43:09.703 [main] DEBUG com.tngtech.archunit.core.importer.JavaClassProcessor - Processing class 'org/springframework/beans/BeansException'
02:43:09.703 [main] DEBUG com.tngtech.archunit.core.importer.JavaClassProcessor - Processing class 'org/springframework/core/ResolvableType'
02:43:09.704 [main] DEBUG com.tngtech.archunit.core.importer.JavaClassProcessor - Processing class 'org/springframework/beans/factory/config/BeanDefinition'
02:43:09.704 [main] DEBUG com.tngtech.archunit.core.importer.JavaClassProcessor - Processing class 'org/springframework/beans/factory/support/BeanDefinitionRegistry'
02:43:09.704 [main] DEBUG com.tngtech.archunit.core.importer.JavaClassProcessor - Processing class 'org/springframework/boot/BootstrapRegistry'
02:43:09.705 [main] DEBUG com.tngtech.archunit.core.importer.JavaClassProcessor - Processing class 'org/apache/commons/logging/Log'
02:43:09.705 [main] DEBUG com.tngtech.archunit.core.importer.JavaClassProcessor - Processing class 'org/springframework/core/metrics/ApplicationStartup'
02:43:09.705 [main] DEBUG com.tngtech.archunit.core.importer.JavaClassProcessor - Processing class 'org/springframework/boot/SpringApplicationShutdownHook'
02:43:09.705 [main] DEBUG com.tngtech.archunit.core.importer.JavaClassProcessor - Processing class 'org/springframework/boot/ApplicationContextFactory'
02:43:09.705 [main] DEBUG com.tngtech.archunit.core.importer.JavaClassProcessor - Processing class 'org/springframework/boot/WebApplicationType'
02:43:09.706 [main] DEBUG com.tngtech.archunit.core.importer.JavaClassProcessor - Processing class 'org/springframework/boot/Banner$Mode'
02:43:09.706 [main] DEBUG com.tngtech.archunit.core.importer.JavaClassProcessor - Processing class 'org/springframework/boot/Banner'
02:43:09.706 [main] DEBUG com.tngtech.archunit.core.importer.JavaClassProcessor - Processing class 'org/springframework/boot/DefaultBootstrapContext'
02:43:09.706 [main] DEBUG com.tngtech.archunit.core.importer.JavaClassProcessor - Processing class 'org/springframework/boot/SpringApplicationRunListeners'
02:43:09.707 [main] DEBUG com.tngtech.archunit.core.importer.JavaClassProcessor - Processing class 'org/springframework/boot/ApplicationArguments'
02:43:09.707 [main] DEBUG com.tngtech.archunit.core.importer.JavaClassProcessor - Processing class 'org/springframework/boot/SpringBootExceptionHandler'
02:43:09.707 [main] DEBUG com.tngtech.archunit.core.importer.JavaClassProcessor - Processing class 'org/springframework/boot/Bootstrapper'
02:43:09.707 [main] DEBUG com.tngtech.archunit.core.importer.JavaClassProcessor - Processing class 'org/springframework/boot/BeanDefinitionLoader'
02:43:09.708 [main] DEBUG com.tngtech.archunit.core.importer.JavaClassProcessor - Processing class 'java/util/Properties'
02:43:09.708 [main] DEBUG com.tngtech.archunit.core.importer.JavaClassProcessor - Processing class 'org/springframework/boot/SpringApplicationShutdownHandlers'
02:43:09.709 [main] DEBUG com.tngtech.archunit.core.importer.JavaClassProcessor - Processing class 'org/springframework/boot/CommandLineRunner'
02:43:09.709 [main] DEBUG com.tngtech.archunit.core.importer.JavaClassProcessor - Processing class 'org/springframework/boot/ExitCodeGenerator'
02:43:09.710 [main] DEBUG com.tngtech.archunit.core.importer.JavaClassProcessor - Processing class 'org/springframework/boot/ApplicationRunner'
02:43:09.710 [main] DEBUG com.tngtech.archunit.core.importer.JavaClassProcessor - Processing class 'org/springframework/core/type/classreading/MetadataReader'
02:43:09.710 [main] DEBUG com.tngtech.archunit.core.importer.JavaClassProcessor - Processing class 'org/springframework/core/type/classreading/MetadataReaderFactory'
02:43:09.711 [main] DEBUG com.tngtech.archunit.core.importer.JavaClassProcessor - Processing class 'org/springframework/boot/autoconfigure/AutoConfigurationMetadata'
02:43:09.711 [main] DEBUG com.tngtech.archunit.core.importer.JavaClassProcessor - Processing class 'org/springframework/boot/autoconfigure/AutoConfigurationImportEvent'
02:43:09.711 [main] DEBUG com.tngtech.archunit.core.importer.JavaClassProcessor - Processing class 'org/springframework/boot/autoconfigure/AutoConfigurationImportSelector$AutoConfigurationEntry'
02:43:09.711 [main] DEBUG com.tngtech.archunit.core.importer.JavaClassProcessor - Processing class 'org/springframework/beans/factory/config/ConfigurableListableBeanFactory'
02:43:09.711 [main] DEBUG com.tngtech.archunit.core.importer.JavaClassProcessor - Processing class 'org/springframework/boot/autoconfigure/AutoConfigurationImportSelector$ConfigurationClassFilter'
02:43:09.712 [main] DEBUG com.tngtech.archunit.core.importer.JavaClassProcessor - Processing class 'org/springframework/core/annotation/AnnotationAttributes'
02:43:09.712 [main] DEBUG com.tngtech.archunit.core.importer.JavaClassProcessor - Processing class 'org/springframework/core/type/AnnotationMetadata'
02:43:09.713 [main] DEBUG com.tngtech.archunit.core.importer.JavaClassProcessor - Processing class 'org/springframework/beans/factory/config/AutowireCapableBeanFactory'
02:43:09.713 [main] DEBUG com.tngtech.archunit.core.importer.JavaClassProcessor - Processing class 'java/lang/IllegalStateException'
02:43:09.713 [main] DEBUG com.tngtech.archunit.core.importer.JavaClassProcessor - Processing class 'java/time/Clock'
02:43:09.713 [main] DEBUG com.tngtech.archunit.core.importer.JavaClassProcessor - Processing class 'org/springframework/core/io/ProtocolResolver'
02:43:09.714 [main] DEBUG com.tngtech.archunit.core.importer.JavaClassProcessor - Processing class 'org/springframework/beans/factory/config/BeanFactoryPostProcessor'
02:43:09.714 [main] DEBUG com.tngtech.archunit.core.importer.JavaClassProcessor - Processing class 'org/springframework/context/NoSuchMessageException'
02:43:09.714 [main] DEBUG com.tngtech.archunit.core.importer.JavaClassProcessor - Processing class 'org/springframework/context/MessageSourceResolvable'
02:43:09.714 [main] DEBUG com.tngtech.archunit.core.importer.JavaClassProcessor - Processing class 'org/springframework/context/annotation/ScopeMetadata'
02:43:09.716 [main] DEBUG com.tngtech.archunit.core.importer.JavaClassProcessor - Processing class 'org/springframework/core/env/MutablePropertySources'
02:43:09.716 [main] DEBUG com.tngtech.archunit.core.importer.JavaClassProcessor - Processing class 'org/springframework/core/env/Profiles'
02:43:09.716 [main] DEBUG com.tngtech.archunit.core.importer.JavaClassProcessor - Processing class 'org/springframework/core/convert/support/ConfigurableConversionService'
02:43:09.716 [main] DEBUG com.tngtech.archunit.core.importer.JavaClassProcessor - Processing class 'org/springframework/core/env/MissingRequiredPropertiesException'
02:43:09.717 [main] DEBUG com.tngtech.archunit.core.importer.JavaClassProcessor - Processing class 'org/springframework/core/io/Resource'
02:43:09.717 [main] DEBUG com.tngtech.archunit.core.importer.JavaClassProcessor - Processing class 'org/springframework/data/domain/Example'
02:43:09.718 [main] DEBUG com.tngtech.archunit.core.importer.JavaClassProcessor - Processing class 'org/springframework/data/domain/Sort'
02:43:09.718 [main] DEBUG com.tngtech.archunit.core.importer.JavaClassProcessor - Processing class 'org/springframework/data/domain/Page'
02:43:09.718 [main] DEBUG com.tngtech.archunit.core.importer.JavaClassProcessor - Processing class 'org/springframework/data/domain/Pageable'
02:43:09.719 [main] DEBUG com.tngtech.archunit.core.importer.JavaClassProcessor - Processing class 'java/time/ZoneId'
02:43:09.719 [main] DEBUG com.tngtech.archunit.core.importer.JavaClassProcessor - Processing class 'java/time/format/DateTimeFormatter'
02:43:09.719 [main] DEBUG com.tngtech.archunit.core.importer.JavaClassProcessor - Processing class 'java/text/DecimalFormatSymbols'
02:43:09.720 [main] DEBUG com.tngtech.archunit.core.importer.JavaClassProcessor - Processing class 'java/util/regex/Pattern'
02:43:09.721 [main] DEBUG com.tngtech.archunit.core.importer.JavaClassProcessor - Processing class 'java/time/ZonedDateTime'
02:43:09.721 [main] DEBUG com.tngtech.archunit.core.importer.JavaClassProcessor - Processing class 'java/time/Instant'
02:43:09.721 [main] DEBUG com.tngtech.archunit.core.importer.JavaClassProcessor - Processing class 'org/springframework/http/CacheControl'
02:43:09.722 [main] DEBUG com.tngtech.archunit.core.importer.JavaClassProcessor - Processing class 'org/springframework/http/ContentDisposition'
02:43:09.722 [main] DEBUG com.tngtech.archunit.core.importer.JavaClassProcessor - Processing class 'java/net/InetSocketAddress'
02:43:09.722 [main] DEBUG com.tngtech.archunit.core.importer.JavaClassProcessor - Processing class 'java/net/URI'
02:43:09.723 [main] DEBUG com.tngtech.archunit.core.importer.JavaClassProcessor - Processing class 'java/time/Duration'
02:43:09.725 [main] DEBUG com.tngtech.archunit.core.importer.JavaClassProcessor - Processing class 'org/springframework/http/HttpStatus'
02:43:09.725 [main] DEBUG com.tngtech.archunit.core.importer.JavaClassProcessor - Processing class 'org/springframework/http/ResponseEntity$1'
02:43:09.726 [main] DEBUG com.tngtech.archunit.core.importer.JavaClassProcessor - Processing class 'java/util/BitSet'
02:43:09.727 [main] DEBUG com.tngtech.archunit.core.importer.JavaClassProcessor - Processing class 'sun/util/locale/LocaleSyntaxException'
02:43:09.727 [main] DEBUG com.tngtech.archunit.core.importer.JavaClassProcessor - Processing class 'sun/util/locale/LanguageTag'
]]></system-out>
  </testcase>
  <testcase name="servicesShouldNotDependOnControllers" classname="archtests.SongArchitectureTests" time="0.107">
    <system-out><![CDATA[02:43:09.739 [main] DEBUG com.tngtech.archunit.core.importer.UrlSource$From - Found URLs on sun.boot.class.path: []
02:43:09.744 [main] DEBUG com.tngtech.archunit.core.importer.UrlSource$From - Found URLs on java.class.path: [file:/M:/Lab/song-manager/target/test-classes/, file:/M:/Lab/song-manager/target/classes/, jar:file:/C:/Users/User/.m2/repository/org/springframework/boot/spring-boot-starter-web/2.5.4/spring-boot-starter-web-2.5.4.jar!/, jar:file:/C:/Users/User/.m2/repository/org/springframework/boot/spring-boot-starter/2.5.4/spring-boot-starter-2.5.4.jar!/, jar:file:/C:/Users/User/.m2/repository/org/springframework/boot/spring-boot/2.5.4/spring-boot-2.5.4.jar!/, jar:file:/C:/Users/User/.m2/repository/org/springframework/boot/spring-boot-autoconfigure/2.5.4/spring-boot-autoconfigure-2.5.4.jar!/, jar:file:/C:/Users/User/.m2/repository/org/springframework/boot/spring-boot-starter-logging/2.5.4/spring-boot-starter-logging-2.5.4.jar!/, jar:file:/C:/Users/User/.m2/repository/ch/qos/logback/logback-classic/1.2.5/logback-classic-1.2.5.jar!/, jar:file:/C:/Users/User/.m2/repository/ch/qos/logback/logback-core/1.2.5/logback-core-1.2.5.jar!/, jar:file:/C:/Users/User/.m2/repository/org/apache/logging/log4j/log4j-to-slf4j/2.14.1/log4j-to-slf4j-2.14.1.jar!/, jar:file:/C:/Users/User/.m2/repository/org/apache/logging/log4j/log4j-api/2.14.1/log4j-api-2.14.1.jar!/, jar:file:/C:/Users/User/.m2/repository/org/slf4j/jul-to-slf4j/1.7.32/jul-to-slf4j-1.7.32.jar!/, jar:file:/C:/Users/User/.m2/repository/jakarta/annotation/jakarta.annotation-api/1.3.5/jakarta.annotation-api-1.3.5.jar!/, jar:file:/C:/Users/User/.m2/repository/org/yaml/snakeyaml/1.28/snakeyaml-1.28.jar!/, jar:file:/C:/Users/User/.m2/repository/org/springframework/boot/spring-boot-starter-json/2.5.4/spring-boot-starter-json-2.5.4.jar!/, jar:file:/C:/Users/User/.m2/repository/com/fasterxml/jackson/core/jackson-databind/2.12.4/jackson-databind-2.12.4.jar!/, jar:file:/C:/Users/User/.m2/repository/com/fasterxml/jackson/core/jackson-annotations/2.12.4/jackson-annotations-2.12.4.jar!/, jar:file:/C:/Users/User/.m2/repository/com/fasterxml/jackson/core/jackson-core/2.12.4/jackson-core-2.12.4.jar!/, jar:file:/C:/Users/User/.m2/repository/com/fasterxml/jackson/datatype/jackson-datatype-jdk8/2.12.4/jackson-datatype-jdk8-2.12.4.jar!/, jar:file:/C:/Users/User/.m2/repository/com/fasterxml/jackson/datatype/jackson-datatype-jsr310/2.12.4/jackson-datatype-jsr310-2.12.4.jar!/, jar:file:/C:/Users/User/.m2/repository/com/fasterxml/jackson/module/jackson-module-parameter-names/2.12.4/jackson-module-parameter-names-2.12.4.jar!/, jar:file:/C:/Users/User/.m2/repository/org/springframework/boot/spring-boot-starter-tomcat/2.5.4/spring-boot-starter-tomcat-2.5.4.jar!/, jar:file:/C:/Users/User/.m2/repository/org/apache/tomcat/embed/tomcat-embed-core/9.0.52/tomcat-embed-core-9.0.52.jar!/, jar:file:/C:/Users/User/.m2/repository/org/apache/tomcat/embed/tomcat-embed-el/9.0.52/tomcat-embed-el-9.0.52.jar!/, jar:file:/C:/Users/User/.m2/repository/org/apache/tomcat/embed/tomcat-embed-websocket/9.0.52/tomcat-embed-websocket-9.0.52.jar!/, jar:file:/C:/Users/User/.m2/repository/org/springframework/spring-web/5.3.9/spring-web-5.3.9.jar!/, jar:file:/C:/Users/User/.m2/repository/org/springframework/spring-beans/5.3.9/spring-beans-5.3.9.jar!/, jar:file:/C:/Users/User/.m2/repository/org/springframework/spring-webmvc/5.3.9/spring-webmvc-5.3.9.jar!/, jar:file:/C:/Users/User/.m2/repository/org/springframework/spring-aop/5.3.9/spring-aop-5.3.9.jar!/, jar:file:/C:/Users/User/.m2/repository/org/springframework/spring-context/5.3.9/spring-context-5.3.9.jar!/, jar:file:/C:/Users/User/.m2/repository/org/springframework/spring-expression/5.3.9/spring-expression-5.3.9.jar!/, jar:file:/C:/Users/User/.m2/repository/org/springframework/boot/spring-boot-starter-data-jpa/2.5.4/spring-boot-starter-data-jpa-2.5.4.jar!/, jar:file:/C:/Users/User/.m2/repository/org/springframework/boot/spring-boot-starter-aop/2.5.4/spring-boot-starter-aop-2.5.4.jar!/, jar:file:/C:/Users/User/.m2/repository/org/aspectj/aspectjweaver/1.9.7/aspectjweaver-1.9.7.jar!/, jar:file:/C:/Users/User/.m2/repository/org/springframework/boot/spring-boot-starter-jdbc/2.5.4/spring-boot-starter-jdbc-2.5.4.jar!/, jar:file:/C:/Users/User/.m2/repository/com/zaxxer/HikariCP/4.0.3/HikariCP-4.0.3.jar!/, jar:file:/C:/Users/User/.m2/repository/org/springframework/spring-jdbc/5.3.9/spring-jdbc-5.3.9.jar!/, jar:file:/C:/Users/User/.m2/repository/jakarta/transaction/jakarta.transaction-api/1.3.3/jakarta.transaction-api-1.3.3.jar!/, jar:file:/C:/Users/User/.m2/repository/jakarta/persistence/jakarta.persistence-api/2.2.3/jakarta.persistence-api-2.2.3.jar!/, jar:file:/C:/Users/User/.m2/repository/org/hibernate/hibernate-core/5.4.32.Final/hibernate-core-5.4.32.Final.jar!/, jar:file:/C:/Users/User/.m2/repository/org/jboss/logging/jboss-logging/3.4.2.Final/jboss-logging-3.4.2.Final.jar!/, jar:file:/C:/Users/User/.m2/repository/org/javassist/javassist/3.27.0-GA/javassist-3.27.0-GA.jar!/, jar:file:/C:/Users/User/.m2/repository/net/bytebuddy/byte-buddy/1.10.22/byte-buddy-1.10.22.jar!/, jar:file:/C:/Users/User/.m2/repository/antlr/antlr/2.7.7/antlr-2.7.7.jar!/, jar:file:/C:/Users/User/.m2/repository/org/jboss/jandex/2.2.3.Final/jandex-2.2.3.Final.jar!/, jar:file:/C:/Users/User/.m2/repository/com/fasterxml/classmate/1.5.1/classmate-1.5.1.jar!/, jar:file:/C:/Users/User/.m2/repository/org/dom4j/dom4j/2.1.3/dom4j-2.1.3.jar!/, jar:file:/C:/Users/User/.m2/repository/org/hibernate/common/hibernate-commons-annotations/5.1.2.Final/hibernate-commons-annotations-5.1.2.Final.jar!/, jar:file:/C:/Users/User/.m2/repository/org/glassfish/jaxb/jaxb-runtime/2.3.5/jaxb-runtime-2.3.5.jar!/, jar:file:/C:/Users/User/.m2/repository/org/glassfish/jaxb/txw2/2.3.5/txw2-2.3.5.jar!/, jar:file:/C:/Users/User/.m2/repository/com/sun/istack/istack-commons-runtime/3.0.12/istack-commons-runtime-3.0.12.jar!/, jar:file:/C:/Users/User/.m2/repository/com/sun/activation/jakarta.activation/1.2.2/jakarta.activation-1.2.2.jar!/, jar:file:/C:/Users/User/.m2/repository/org/springframework/data/spring-data-jpa/2.5.4/spring-data-jpa-2.5.4.jar!/, jar:file:/C:/Users/User/.m2/repository/org/springframework/data/spring-data-commons/2.5.4/spring-data-commons-2.5.4.jar!/, jar:file:/C:/Users/User/.m2/repository/org/springframework/spring-orm/5.3.9/spring-orm-5.3.9.jar!/, jar:file:/C:/Users/User/.m2/repository/org/springframework/spring-tx/5.3.9/spring-tx-5.3.9.jar!/, jar:file:/C:/Users/User/.m2/repository/org/springframework/spring-aspects/5.3.9/spring-aspects-5.3.9.jar!/, jar:file:/C:/Users/User/.m2/repository/com/h2database/h2/1.4.200/h2-1.4.200.jar!/, jar:file:/C:/Users/User/.m2/repository/javax/persistence/javax.persistence-api/2.2/javax.persistence-api-2.2.jar!/, jar:file:/C:/Users/User/.m2/repository/org/springframework/boot/spring-boot-starter-test/2.5.4/spring-boot-starter-test-2.5.4.jar!/, jar:file:/C:/Users/User/.m2/repository/org/springframework/boot/spring-boot-test/2.5.4/spring-boot-test-2.5.4.jar!/, jar:file:/C:/Users/User/.m2/repository/org/springframework/boot/spring-boot-test-autoconfigure/2.5.4/spring-boot-test-autoconfigure-2.5.4.jar!/, jar:file:/C:/Users/User/.m2/repository/com/jayway/jsonpath/json-path/2.5.0/json-path-2.5.0.jar!/, jar:file:/C:/Users/User/.m2/repository/net/minidev/json-smart/2.4.7/json-smart-2.4.7.jar!/, jar:file:/C:/Users/User/.m2/repository/net/minidev/accessors-smart/2.4.7/accessors-smart-2.4.7.jar!/, jar:file:/C:/Users/User/.m2/repository/org/ow2/asm/asm/9.1/asm-9.1.jar!/, jar:file:/C:/Users/User/.m2/repository/jakarta/xml/bind/jakarta.xml.bind-api/2.3.3/jakarta.xml.bind-api-2.3.3.jar!/, jar:file:/C:/Users/User/.m2/repository/jakarta/activation/jakarta.activation-api/1.2.2/jakarta.activation-api-1.2.2.jar!/, jar:file:/C:/Users/User/.m2/repository/org/assertj/assertj-core/3.19.0/assertj-core-3.19.0.jar!/, jar:file:/C:/Users/User/.m2/repository/org/hamcrest/hamcrest/2.2/hamcrest-2.2.jar!/, jar:file:/C:/Users/User/.m2/repository/org/junit/jupiter/junit-jupiter/5.7.2/junit-jupiter-5.7.2.jar!/, jar:file:/C:/Users/User/.m2/repository/org/junit/jupiter/junit-jupiter-api/5.7.2/junit-jupiter-api-5.7.2.jar!/, jar:file:/C:/Users/User/.m2/repository/org/apiguardian/apiguardian-api/1.1.0/apiguardian-api-1.1.0.jar!/, jar:file:/C:/Users/User/.m2/repository/org/opentest4j/opentest4j/1.2.0/opentest4j-1.2.0.jar!/, jar:file:/C:/Users/User/.m2/repository/org/junit/platform/junit-platform-commons/1.7.2/junit-platform-commons-1.7.2.jar!/, jar:file:/C:/Users/User/.m2/repository/org/junit/jupiter/junit-jupiter-params/5.7.2/junit-jupiter-params-5.7.2.jar!/, jar:file:/C:/Users/User/.m2/repository/org/junit/jupiter/junit-jupiter-engine/5.7.2/junit-jupiter-engine-5.7.2.jar!/, jar:file:/C:/Users/User/.m2/repository/org/junit/platform/junit-platform-engine/1.7.2/junit-platform-engine-1.7.2.jar!/, jar:file:/C:/Users/User/.m2/repository/org/mockito/mockito-core/3.9.0/mockito-core-3.9.0.jar!/, jar:file:/C:/Users/User/.m2/repository/net/bytebuddy/byte-buddy-agent/1.10.22/byte-buddy-agent-1.10.22.jar!/, jar:file:/C:/Users/User/.m2/repository/org/objenesis/objenesis/3.2/objenesis-3.2.jar!/, jar:file:/C:/Users/User/.m2/repository/org/mockito/mockito-junit-jupiter/3.9.0/mockito-junit-jupiter-3.9.0.jar!/, jar:file:/C:/Users/User/.m2/repository/org/skyscreamer/jsonassert/1.5.0/jsonassert-1.5.0.jar!/, jar:file:/C:/Users/User/.m2/repository/com/vaadin/external/google/android-json/0.0.20131108.vaadin1/android-json-0.0.20131108.vaadin1.jar!/, jar:file:/C:/Users/User/.m2/repository/org/springframework/spring-core/5.3.9/spring-core-5.3.9.jar!/, jar:file:/C:/Users/User/.m2/repository/org/springframework/spring-jcl/5.3.9/spring-jcl-5.3.9.jar!/, jar:file:/C:/Users/User/.m2/repository/org/springframework/spring-test/5.3.9/spring-test-5.3.9.jar!/, jar:file:/C:/Users/User/.m2/repository/org/xmlunit/xmlunit-core/2.8.2/xmlunit-core-2.8.2.jar!/, jar:file:/C:/Users/User/.m2/repository/com/tngtech/archunit/archunit-junit5/1.1.0/archunit-junit5-1.1.0.jar!/, jar:file:/C:/Users/User/.m2/repository/com/tngtech/archunit/archunit-junit5-api/1.1.0/archunit-junit5-api-1.1.0.jar!/, jar:file:/C:/Users/User/.m2/repository/com/tngtech/archunit/archunit-junit5-engine/1.1.0/archunit-junit5-engine-1.1.0.jar!/, jar:file:/C:/Users/User/.m2/repository/com/tngtech/archunit/archunit-junit5-engine-api/1.1.0/archunit-junit5-engine-api-1.1.0.jar!/, jar:file:/C:/Users/User/.m2/repository/com/tngtech/archunit/archunit/1.1.0/archunit-1.1.0.jar!/, jar:file:/C:/Users/User/.m2/repository/org/slf4j/slf4j-api/1.7.32/slf4j-api-1.7.32.jar!/]
02:43:09.751 [main] DEBUG com.tngtech.archunit.core.importer.JavaClassProcessor - Processing class 'com/example/songs/service/SongService'
02:43:09.751 [main] DEBUG com.tngtech.archunit.core.importer.JavaClassProcessor - Processing class 'com/example/songs/repository/SongRepository'
02:43:09.752 [main] DEBUG com.tngtech.archunit.core.importer.JavaClassProcessor - Processing class 'com/example/songs/SongManagerApplication'
02:43:09.752 [main] DEBUG com.tngtech.archunit.core.importer.JavaClassProcessor - Processing class 'com/example/songs/model/Song'
02:43:09.752 [main] DEBUG com.tngtech.archunit.core.importer.JavaClassProcessor - Processing class 'com/example/songs/controller/SongController'
02:43:09.753 [main] DEBUG com.tngtech.archunit.core.importer.JavaClassProcessor - Processing class 'org/springframework/web/bind/annotation/PathVariable'
02:43:09.754 [main] DEBUG com.tngtech.archunit.core.importer.JavaClassProcessor - Processing class 'org/springframework/web/bind/annotation/RequestMapping'
02:43:09.754 [main] DEBUG com.tngtech.archunit.core.importer.JavaClassProcessor - Processing class 'org/springframework/http/ResponseEntity$BodyBuilder'
02:43:09.754 [main] DEBUG com.tngtech.archunit.core.importer.JavaClassProcessor - Processing class 'org/springframework/web/bind/annotation/RequestBody'
02:43:09.754 [main] DEBUG com.tngtech.archunit.core.importer.JavaClassProcessor - Processing class 'org/springframework/boot/SpringApplication'
02:43:09.755 [main] DEBUG com.tngtech.archunit.core.importer.JavaClassProcessor - Processing class 'org/springframework/web/bind/annotation/PutMapping'
02:43:09.756 [main] DEBUG com.tngtech.archunit.core.importer.JavaClassProcessor - Processing class 'java/lang/Long'
02:43:09.756 [main] DEBUG com.tngtech.archunit.core.importer.JavaClassProcessor - Processing class 'org/springframework/stereotype/Service'
02:43:09.756 [main] DEBUG com.tngtech.archunit.core.importer.JavaClassProcessor - Processing class 'org/springframework/web/bind/annotation/GetMapping'
02:43:09.756 [main] DEBUG com.tngtech.archunit.core.importer.JavaClassProcessor - Processing class 'java/lang/String'
02:43:09.757 [main] DEBUG com.tngtech.archunit.core.importer.JavaClassProcessor - Processing class 'org/springframework/web/bind/annotation/DeleteMapping'
02:43:09.757 [main] DEBUG com.tngtech.archunit.core.importer.JavaClassProcessor - Processing class 'javax/persistence/Id'
02:43:09.758 [main] DEBUG com.tngtech.archunit.core.importer.JavaClassProcessor - Processing class 'javax/persistence/Entity'
02:43:09.758 [main] DEBUG com.tngtech.archunit.core.importer.JavaClassProcessor - Processing class 'org/springframework/web/bind/annotation/PostMapping'
02:43:09.758 [main] DEBUG com.tngtech.archunit.core.importer.JavaClassProcessor - Processing class 'java/lang/Void'
02:43:09.758 [main] DEBUG com.tngtech.archunit.core.importer.JavaClassProcessor - Processing class 'org/springframework/boot/autoconfigure/SpringBootApplication'
02:43:09.758 [main] DEBUG com.tngtech.archunit.core.importer.JavaClassProcessor - Processing class 'java/lang/RuntimeException'
02:43:09.759 [main] DEBUG com.tngtech.archunit.core.importer.JavaClassProcessor - Processing class 'org/springframework/web/bind/annotation/RestController'
02:43:09.759 [main] DEBUG com.tngtech.archunit.core.importer.JavaClassProcessor - Processing class 'javax/persistence/GenerationType'
02:43:09.759 [main] DEBUG com.tngtech.archunit.core.importer.JavaClassProcessor - Processing class 'java/util/List'
02:43:09.759 [main] DEBUG com.tngtech.archunit.core.importer.JavaClassProcessor - Processing class 'javax/persistence/GeneratedValue'
02:43:09.760 [main] DEBUG com.tngtech.archunit.core.importer.JavaClassProcessor - Processing class 'java/util/Optional'
02:43:09.760 [main] DEBUG com.tngtech.archunit.core.importer.JavaClassProcessor - Processing class 'java/lang/Object'
02:43:09.760 [main] DEBUG com.tngtech.archunit.core.importer.JavaClassProcessor - Processing class 'org/springframework/http/ResponseEntity'
02:43:09.760 [main] DEBUG com.tngtech.archunit.core.importer.JavaClassProcessor - Processing class 'org/springframework/http/ResponseEntity$HeadersBuilder'
02:43:09.761 [main] DEBUG com.tngtech.archunit.core.importer.JavaClassProcessor - Processing class 'org/springframework/data/jpa/repository/JpaRepository'
02:43:09.761 [main] DEBUG com.tngtech.archunit.core.importer.JavaClassProcessor - Processing class 'java/lang/annotation/Inherited'
02:43:09.761 [main] DEBUG com.tngtech.archunit.core.importer.JavaClassProcessor - Processing class 'org/springframework/context/annotation/ComponentScan$Filter'
02:43:09.761 [main] DEBUG com.tngtech.archunit.core.importer.JavaClassProcessor - Processing class 'java/lang/Enum'
02:43:09.762 [main] DEBUG com.tngtech.archunit.core.importer.JavaClassProcessor - Processing class 'org/springframework/context/ConfigurableApplicationContext'
02:43:09.762 [main] DEBUG com.tngtech.archunit.core.importer.JavaClassProcessor - Processing class 'java/lang/annotation/Documented'
02:43:09.762 [main] DEBUG com.tngtech.archunit.core.importer.JavaClassProcessor - Processing class 'java/lang/CharSequence'
02:43:09.762 [main] DEBUG com.tngtech.archunit.core.importer.JavaClassProcessor - Processing class 'org/springframework/data/repository/PagingAndSortingRepository'
02:43:09.763 [main] DEBUG com.tngtech.archunit.core.importer.JavaClassProcessor - Processing class 'org/springframework/http/HttpHeaders'
02:43:09.764 [main] DEBUG com.tngtech.archunit.core.importer.JavaClassProcessor - Processing class 'java/util/Collection'
02:43:09.764 [main] DEBUG com.tngtech.archunit.core.importer.JavaClassProcessor - Processing class 'org/springframework/web/bind/annotation/RequestMethod'
02:43:09.764 [main] DEBUG com.tngtech.archunit.core.importer.JavaClassProcessor - Processing class 'org/springframework/context/ApplicationListener'
02:43:09.764 [main] DEBUG com.tngtech.archunit.core.importer.JavaClassProcessor - Processing class 'java/lang/Exception'
02:43:09.765 [main] DEBUG com.tngtech.archunit.core.importer.JavaClassProcessor - Processing class 'java/io/Serializable'
02:43:09.765 [main] DEBUG com.tngtech.archunit.core.importer.JavaClassProcessor - Processing class 'org/springframework/context/annotation/Configuration'
02:43:09.765 [main] DEBUG com.tngtech.archunit.core.importer.JavaClassProcessor - Processing class 'org/springframework/http/HttpEntity'
02:43:09.765 [main] DEBUG com.tngtech.archunit.core.importer.JavaClassProcessor - Processing class 'org/springframework/beans/factory/support/BeanNameGenerator'
02:43:09.765 [main] DEBUG com.tngtech.archunit.core.importer.JavaClassProcessor - Processing class 'org/springframework/boot/SpringBootExceptionReporter'
02:43:09.766 [main] DEBUG com.tngtech.archunit.core.importer.JavaClassProcessor - Processing class 'java/lang/annotation/Annotation'
02:43:09.766 [main] DEBUG com.tngtech.archunit.core.importer.JavaClassProcessor - Processing class 'java/lang/Throwable'
02:43:09.767 [main] DEBUG com.tngtech.archunit.core.importer.JavaClassProcessor - Processing class 'org/springframework/boot/autoconfigure/AutoConfigurationExcludeFilter'
02:43:09.767 [main] DEBUG com.tngtech.archunit.core.importer.JavaClassProcessor - Processing class 'org/springframework/stereotype/Controller'
02:43:09.767 [main] DEBUG com.tngtech.archunit.core.importer.JavaClassProcessor - Processing class 'org/springframework/boot/context/TypeExcludeFilter'
02:43:09.768 [main] DEBUG com.tngtech.archunit.core.importer.JavaClassProcessor - Processing class 'java/lang/annotation/Retention'
02:43:09.768 [main] DEBUG com.tngtech.archunit.core.importer.JavaClassProcessor - Processing class 'org/springframework/data/repository/NoRepositoryBean'
02:43:09.768 [main] DEBUG com.tngtech.archunit.core.importer.JavaClassProcessor - Processing class 'org/springframework/boot/BootstrapRegistryInitializer'
02:43:09.768 [main] DEBUG com.tngtech.archunit.core.importer.JavaClassProcessor - Processing class 'jdk/internal/HotSpotIntrinsicCandidate'
02:43:09.768 [main] DEBUG com.tngtech.archunit.core.importer.JavaClassProcessor - Processing class 'org/springframework/lang/Nullable'
02:43:09.768 [main] DEBUG com.tngtech.archunit.core.importer.JavaClassProcessor - Processing class 'java/lang/Number'
02:43:09.768 [main] DEBUG com.tngtech.archunit.core.importer.JavaClassProcessor - Processing class 'org/springframework/context/annotation/FilterType'
02:43:09.769 [main] DEBUG com.tngtech.archunit.core.importer.JavaClassProcessor - Processing class 'org/springframework/core/annotation/AliasFor'
02:43:09.769 [main] DEBUG com.tngtech.archunit.core.importer.JavaClassProcessor - Processing class 'java/lang/SafeVarargs'
02:43:09.769 [main] DEBUG com.tngtech.archunit.core.importer.JavaClassProcessor - Processing class 'jdk/internal/vm/annotation/Stable'
02:43:09.769 [main] DEBUG com.tngtech.archunit.core.importer.JavaClassProcessor - Processing class 'org/springframework/boot/autoconfigure/EnableAutoConfiguration'
02:43:09.769 [main] DEBUG com.tngtech.archunit.core.importer.JavaClassProcessor - Processing class 'java/lang/Deprecated'
02:43:09.769 [main] DEBUG com.tngtech.archunit.core.importer.JavaClassProcessor - Processing class 'java/lang/annotation/Target'
02:43:09.769 [main] DEBUG com.tngtech.archunit.core.importer.JavaClassProcessor - Processing class 'org/springframework/core/env/StandardEnvironment'
02:43:09.769 [main] DEBUG com.tngtech.archunit.core.importer.JavaClassProcessor - Processing class 'java/lang/annotation/ElementType'
02:43:09.769 [main] DEBUG com.tngtech.archunit.core.importer.JavaClassProcessor - Processing class 'org/springframework/web/bind/annotation/ResponseBody'
02:43:09.769 [main] DEBUG com.tngtech.archunit.core.importer.JavaClassProcessor - Processing class 'org/springframework/context/annotation/ComponentScan'
02:43:09.770 [main] DEBUG com.tngtech.archunit.core.importer.JavaClassProcessor - Processing class 'org/springframework/data/repository/query/QueryByExampleExecutor'
02:43:09.770 [main] DEBUG com.tngtech.archunit.core.importer.JavaClassProcessor - Processing class 'org/springframework/stereotype/Component'
02:43:09.770 [main] DEBUG com.tngtech.archunit.core.importer.JavaClassProcessor - Processing class 'org/springframework/boot/SpringBootConfiguration'
02:43:09.770 [main] DEBUG com.tngtech.archunit.core.importer.JavaClassProcessor - Processing class 'java/lang/Class'
02:43:09.771 [main] DEBUG com.tngtech.archunit.core.importer.JavaClassProcessor - Processing class 'java/lang/Comparable'
02:43:09.771 [main] DEBUG com.tngtech.archunit.core.importer.JavaClassProcessor - Processing class 'org/springframework/context/ApplicationContextInitializer'
02:43:09.771 [main] DEBUG com.tngtech.archunit.core.importer.JavaClassProcessor - Processing class 'java/lang/annotation/RetentionPolicy'
02:43:09.771 [main] DEBUG com.tngtech.archunit.core.importer.JavaClassProcessor - Processing class 'org/springframework/web/bind/annotation/Mapping'
02:43:09.771 [main] DEBUG com.tngtech.archunit.core.importer.JavaClassProcessor - Processing class 'org/springframework/core/type/filter/TypeFilter'
02:43:09.771 [main] DEBUG com.tngtech.archunit.core.importer.JavaClassProcessor - Processing class 'java/util/Locale'
02:43:09.772 [main] DEBUG com.tngtech.archunit.core.importer.JavaClassProcessor - Processing class 'java/lang/reflect/Method'
02:43:09.772 [main] DEBUG com.tngtech.archunit.core.importer.JavaClassProcessor - Processing class 'org/springframework/context/PayloadApplicationEvent'
02:43:09.772 [main] DEBUG com.tngtech.archunit.core.importer.JavaClassProcessor - Processing class 'org/springframework/boot/autoconfigure/AutoConfigurationImportSelector'
02:43:09.773 [main] DEBUG com.tngtech.archunit.core.importer.JavaClassProcessor - Processing class 'jdk/internal/vm/annotation/ForceInline'
02:43:09.773 [main] DEBUG com.tngtech.archunit.core.importer.JavaClassProcessor - Processing class 'org/springframework/http/MediaType'
02:43:09.773 [main] DEBUG com.tngtech.archunit.core.importer.JavaClassProcessor - Processing class 'java/util/Locale$LanguageRange'
02:43:09.773 [main] DEBUG com.tngtech.archunit.core.importer.JavaClassProcessor - Processing class 'java/util/EventListener'
02:43:09.773 [main] DEBUG com.tngtech.archunit.core.importer.JavaClassProcessor - Processing class 'java/lang/Class$ReflectionData'
02:43:09.774 [main] DEBUG com.tngtech.archunit.core.importer.JavaClassProcessor - Processing class 'java/lang/reflect/Type'
02:43:09.774 [main] DEBUG com.tngtech.archunit.core.importer.JavaClassProcessor - Processing class 'jdk/internal/reflect/CallerSensitive'
02:43:09.774 [main] DEBUG com.tngtech.archunit.core.importer.JavaClassProcessor - Processing class 'org/springframework/beans/factory/BeanClassLoaderAware'
02:43:09.774 [main] DEBUG com.tngtech.archunit.core.importer.JavaClassProcessor - Processing class 'org/springframework/context/annotation/AnnotationScopeMetadataResolver'
02:43:09.774 [main] DEBUG com.tngtech.archunit.core.importer.JavaClassProcessor - Processing class 'java/lang/reflect/AnnotatedElement'
02:43:09.774 [main] DEBUG com.tngtech.archunit.core.importer.JavaClassProcessor - Processing class 'org/springframework/boot/autoconfigure/AutoConfigurationPackage'
02:43:09.774 [main] DEBUG com.tngtech.archunit.core.importer.JavaClassProcessor - Processing class 'org/springframework/data/repository/CrudRepository'
02:43:09.774 [main] DEBUG com.tngtech.archunit.core.importer.JavaClassProcessor - Processing class 'java/lang/Iterable'
02:43:09.774 [main] DEBUG com.tngtech.archunit.core.importer.JavaClassProcessor - Processing class 'java/lang/FunctionalInterface'
02:43:09.774 [main] DEBUG com.tngtech.archunit.core.importer.JavaClassProcessor - Processing class 'java/nio/charset/Charset'
02:43:09.775 [main] DEBUG com.tngtech.archunit.core.importer.JavaClassProcessor - Processing class 'java/lang/annotation/Repeatable'
02:43:09.775 [main] DEBUG com.tngtech.archunit.core.importer.JavaClassProcessor - Processing class 'org/springframework/beans/factory/BeanFactoryAware'
02:43:09.775 [main] DEBUG com.tngtech.archunit.core.importer.JavaClassProcessor - Processing class 'org/springframework/context/annotation/ComponentScans'
02:43:09.775 [main] DEBUG com.tngtech.archunit.core.importer.JavaClassProcessor - Processing class 'org/springframework/stereotype/Indexed'
02:43:09.775 [main] DEBUG com.tngtech.archunit.core.importer.JavaClassProcessor - Processing class 'java/lang/reflect/GenericDeclaration'
02:43:09.775 [main] DEBUG com.tngtech.archunit.core.importer.JavaClassProcessor - Processing class 'java/util/Map$Entry'
02:43:09.775 [main] DEBUG com.tngtech.archunit.core.importer.JavaClassProcessor - Processing class 'org/springframework/http/HttpMethod'
02:43:09.776 [main] DEBUG com.tngtech.archunit.core.importer.JavaClassProcessor - Processing class 'org/springframework/context/annotation/ScopedProxyMode'
02:43:09.776 [main] DEBUG com.tngtech.archunit.core.importer.JavaClassProcessor - Processing class 'org/springframework/util/MultiValueMap'
02:43:09.776 [main] DEBUG com.tngtech.archunit.core.importer.JavaClassProcessor - Processing class 'org/springframework/context/annotation/Import'
02:43:09.776 [main] DEBUG com.tngtech.archunit.core.importer.JavaClassProcessor - Processing class 'org/springframework/http/HttpRange'
02:43:09.776 [main] DEBUG com.tngtech.archunit.core.importer.JavaClassProcessor - Processing class 'java/lang/reflect/Field'
02:43:09.777 [main] DEBUG com.tngtech.archunit.core.importer.JavaClassProcessor - Processing class 'org/springframework/context/ApplicationContext'
02:43:09.777 [main] DEBUG com.tngtech.archunit.core.importer.JavaClassProcessor - Processing class 'org/springframework/context/Lifecycle'
02:43:09.777 [main] DEBUG com.tngtech.archunit.core.importer.JavaClassProcessor - Processing class 'org/springframework/context/ApplicationEvent'
02:43:09.777 [main] DEBUG com.tngtech.archunit.core.importer.JavaClassProcessor - Processing class 'org/springframework/context/annotation/ScopeMetadataResolver'
02:43:09.777 [main] DEBUG com.tngtech.archunit.core.importer.JavaClassProcessor - Processing class 'java/io/Closeable'
02:43:09.777 [main] DEBUG com.tngtech.archunit.core.importer.JavaClassProcessor - Processing class 'org/springframework/core/env/AbstractEnvironment'
02:43:09.777 [main] DEBUG com.tngtech.archunit.core.importer.JavaClassProcessor - Processing class 'org/springframework/beans/factory/HierarchicalBeanFactory'
02:43:09.778 [main] DEBUG com.tngtech.archunit.core.importer.JavaClassProcessor - Processing class 'org/springframework/boot/autoconfigure/AutoConfigurationImportListener'
02:43:09.778 [main] DEBUG com.tngtech.archunit.core.importer.JavaClassProcessor - Processing class 'java/nio/charset/spi/CharsetProvider'
02:43:09.778 [main] DEBUG com.tngtech.archunit.core.importer.JavaClassProcessor - Processing class 'java/lang/AutoCloseable'
02:43:09.778 [main] DEBUG com.tngtech.archunit.core.importer.JavaClassProcessor - Processing class 'java/util/EventObject'
02:43:09.778 [main] DEBUG com.tngtech.archunit.core.importer.JavaClassProcessor - Processing class 'org/springframework/util/MimeType'
02:43:09.778 [main] DEBUG com.tngtech.archunit.core.importer.JavaClassProcessor - Processing class 'java/lang/Character'
02:43:09.779 [main] DEBUG com.tngtech.archunit.core.importer.JavaClassProcessor - Processing class 'org/springframework/data/repository/Repository'
02:43:09.779 [main] DEBUG com.tngtech.archunit.core.importer.JavaClassProcessor - Processing class 'java/util/Map'
02:43:09.779 [main] DEBUG com.tngtech.archunit.core.importer.JavaClassProcessor - Processing class 'org/springframework/context/ApplicationEventPublisher'
02:43:09.779 [main] DEBUG com.tngtech.archunit.core.importer.JavaClassProcessor - Processing class 'java/lang/reflect/Executable'
02:43:09.779 [main] DEBUG com.tngtech.archunit.core.importer.JavaClassProcessor - Processing class 'org/springframework/boot/autoconfigure/AutoConfigurationPackages$Registrar'
02:43:09.780 [main] DEBUG com.tngtech.archunit.core.importer.JavaClassProcessor - Processing class 'java/lang/Cloneable'
02:43:09.780 [main] DEBUG com.tngtech.archunit.core.importer.JavaClassProcessor - Processing class 'java/lang/ThreadLocal'
02:43:09.780 [main] DEBUG com.tngtech.archunit.core.importer.JavaClassProcessor - Processing class 'java/lang/reflect/Member'
02:43:09.780 [main] DEBUG com.tngtech.archunit.core.importer.JavaClassProcessor - Processing class 'sun/util/locale/LocaleExtensions'
02:43:09.780 [main] DEBUG com.tngtech.archunit.core.importer.JavaClassProcessor - Processing class 'org/springframework/beans/factory/ListableBeanFactory'
02:43:09.780 [main] DEBUG com.tngtech.archunit.core.importer.JavaClassProcessor - Processing class 'org/springframework/core/Ordered'
02:43:09.780 [main] DEBUG com.tngtech.archunit.core.importer.JavaClassProcessor - Processing class 'org/springframework/context/annotation/DeferredImportSelector'
02:43:09.780 [main] DEBUG com.tngtech.archunit.core.importer.JavaClassProcessor - Processing class 'org/springframework/beans/factory/Aware'
02:43:09.780 [main] DEBUG com.tngtech.archunit.core.importer.JavaClassProcessor - Processing class 'org/springframework/core/ResolvableTypeProvider'
02:43:09.781 [main] DEBUG com.tngtech.archunit.core.importer.JavaClassProcessor - Processing class 'org/springframework/core/io/support/ResourceRegion'
02:43:09.781 [main] DEBUG com.tngtech.archunit.core.importer.JavaClassProcessor - Processing class 'org/springframework/boot/autoconfigure/AutoConfigurationImportFilter'
02:43:09.781 [main] DEBUG com.tngtech.archunit.core.importer.JavaClassProcessor - Processing class 'org/springframework/core/env/ConfigurableEnvironment'
02:43:09.781 [main] DEBUG com.tngtech.archunit.core.importer.JavaClassProcessor - Processing class 'org/springframework/core/env/EnvironmentCapable'
02:43:09.781 [main] DEBUG com.tngtech.archunit.core.importer.JavaClassProcessor - Processing class 'org/springframework/context/MessageSource'
02:43:09.781 [main] DEBUG com.tngtech.archunit.core.importer.JavaClassProcessor - Processing class 'java/lang/reflect/AccessibleObject'
02:43:09.782 [main] DEBUG com.tngtech.archunit.core.importer.JavaClassProcessor - Processing class 'org/springframework/context/ResourceLoaderAware'
02:43:09.782 [main] DEBUG com.tngtech.archunit.core.importer.JavaClassProcessor - Processing class 'org/springframework/context/annotation/DeferredImportSelector$Group'
02:43:09.782 [main] DEBUG com.tngtech.archunit.core.importer.JavaClassProcessor - Processing class 'org/springframework/context/EnvironmentAware'
02:43:09.782 [main] DEBUG com.tngtech.archunit.core.importer.JavaClassProcessor - Processing class 'org/springframework/core/io/support/ResourcePatternResolver'
02:43:09.782 [main] DEBUG com.tngtech.archunit.core.importer.JavaClassProcessor - Processing class 'sun/util/locale/Extension'
02:43:09.782 [main] DEBUG com.tngtech.archunit.core.importer.JavaClassProcessor - Processing class 'org/springframework/core/env/ConfigurablePropertyResolver'
02:43:09.782 [main] DEBUG com.tngtech.archunit.core.importer.JavaClassProcessor - Processing class 'org/springframework/context/annotation/DeferredImportSelector$Group$Entry'
02:43:09.782 [main] DEBUG com.tngtech.archunit.core.importer.JavaClassProcessor - Processing class 'org/springframework/context/annotation/ImportBeanDefinitionRegistrar'
02:43:09.782 [main] DEBUG com.tngtech.archunit.core.importer.JavaClassProcessor - Processing class 'org/springframework/context/annotation/ImportSelector'
02:43:09.783 [main] DEBUG com.tngtech.archunit.core.importer.JavaClassProcessor - Processing class 'org/springframework/core/io/ResourceLoader'
02:43:09.783 [main] DEBUG com.tngtech.archunit.core.importer.JavaClassProcessor - Processing class 'org/springframework/boot/autoconfigure/AutoConfigurationPackages'
02:43:09.783 [main] DEBUG com.tngtech.archunit.core.importer.JavaClassProcessor - Processing class 'org/springframework/boot/context/annotation/DeterminableImports'
02:43:09.783 [main] DEBUG com.tngtech.archunit.core.importer.JavaClassProcessor - Processing class 'org/springframework/core/env/Environment'
02:43:09.783 [main] DEBUG com.tngtech.archunit.core.importer.JavaClassProcessor - Processing class 'org/springframework/beans/factory/BeanFactory'
02:43:09.783 [main] DEBUG com.tngtech.archunit.core.importer.JavaClassProcessor - Processing class 'sun/util/locale/InternalLocaleBuilder$CaseInsensitiveString'
02:43:09.783 [main] DEBUG com.tngtech.archunit.core.importer.JavaClassProcessor - Processing class 'sun/util/locale/InternalLocaleBuilder$CaseInsensitiveChar'
02:43:09.783 [main] DEBUG com.tngtech.archunit.core.importer.JavaClassProcessor - Processing class 'org/springframework/core/env/PropertyResolver'
02:43:09.784 [main] DEBUG com.tngtech.archunit.core.importer.JavaClassProcessor - Processing class 'sun/util/locale/InternalLocaleBuilder'
02:43:09.784 [main] DEBUG com.tngtech.archunit.core.importer.JavaClassProcessor - Processing class 'java/io/IOException'
02:43:09.785 [main] DEBUG com.tngtech.archunit.core.importer.JavaClassProcessor - Processing class 'java/util/stream/IntStream'
02:43:09.786 [main] DEBUG com.tngtech.archunit.core.importer.JavaClassProcessor - Processing class 'java/lang/ClassValue$ClassValueMap'
02:43:09.786 [main] DEBUG com.tngtech.archunit.core.importer.JavaClassProcessor - Processing class 'java/lang/ref/SoftReference'
02:43:09.786 [main] DEBUG com.tngtech.archunit.core.importer.JavaClassProcessor - Processing class 'java/lang/reflect/Constructor'
02:43:09.786 [main] DEBUG com.tngtech.archunit.core.importer.JavaClassProcessor - Processing class 'java/lang/ClassLoader'
02:43:09.787 [main] DEBUG com.tngtech.archunit.core.importer.JavaClassProcessor - Processing class 'jdk/internal/reflect/ReflectionFactory'
02:43:09.787 [main] DEBUG com.tngtech.archunit.core.importer.JavaClassProcessor - Processing class 'java/security/ProtectionDomain'
02:43:09.787 [main] DEBUG com.tngtech.archunit.core.importer.JavaClassProcessor - Processing class 'java/lang/Module'
02:43:09.788 [main] DEBUG com.tngtech.archunit.core.importer.JavaClassProcessor - Processing class 'sun/reflect/annotation/AnnotationType'
02:43:09.788 [main] DEBUG com.tngtech.archunit.core.importer.JavaClassProcessor - Processing class 'java/io/ObjectStreamField'
02:43:09.788 [main] DEBUG com.tngtech.archunit.core.importer.JavaClassProcessor - Processing class 'sun/reflect/generics/repository/ClassRepository'
02:43:09.788 [main] DEBUG com.tngtech.archunit.core.importer.JavaClassProcessor - Processing class 'java/lang/Class$AnnotationData'
02:43:09.789 [main] DEBUG com.tngtech.archunit.core.importer.JavaClassProcessor - Processing class 'java/lang/SecurityException'
02:43:09.789 [main] DEBUG com.tngtech.archunit.core.importer.JavaClassProcessor - Processing class 'java/lang/Package'
02:43:09.789 [main] DEBUG com.tngtech.archunit.core.importer.JavaClassProcessor - Processing class 'java/lang/reflect/AnnotatedType'
02:43:09.789 [main] DEBUG com.tngtech.archunit.core.importer.JavaClassProcessor - Processing class 'java/lang/NoSuchMethodException'
02:43:09.789 [main] DEBUG com.tngtech.archunit.core.importer.JavaClassProcessor - Processing class 'java/lang/NoSuchFieldException'
02:43:09.789 [main] DEBUG com.tngtech.archunit.core.importer.JavaClassProcessor - Processing class 'java/lang/PublicMethods$MethodList'
02:43:09.789 [main] DEBUG com.tngtech.archunit.core.importer.JavaClassProcessor - Processing class 'java/lang/ClassNotFoundException'
02:43:09.790 [main] DEBUG com.tngtech.archunit.core.importer.JavaClassProcessor - Processing class 'sun/reflect/generics/factory/GenericsFactory'
02:43:09.790 [main] DEBUG com.tngtech.archunit.core.importer.JavaClassProcessor - Processing class 'java/io/InputStream'
02:43:09.790 [main] DEBUG com.tngtech.archunit.core.importer.JavaClassProcessor - Processing class 'java/lang/SecurityManager'
02:43:09.790 [main] DEBUG com.tngtech.archunit.core.importer.JavaClassProcessor - Processing class 'java/lang/reflect/TypeVariable'
02:43:09.791 [main] DEBUG com.tngtech.archunit.core.importer.JavaClassProcessor - Processing class 'jdk/internal/reflect/ConstantPool'
02:43:09.791 [main] DEBUG com.tngtech.archunit.core.importer.JavaClassProcessor - Processing class 'java/lang/Class$EnclosingMethodInfo'
02:43:09.791 [main] DEBUG com.tngtech.archunit.core.importer.JavaClassProcessor - Processing class 'java/net/URL'
02:43:09.791 [main] DEBUG com.tngtech.archunit.core.importer.JavaClassProcessor - Processing class 'java/lang/InstantiationException'
02:43:09.791 [main] DEBUG com.tngtech.archunit.core.importer.JavaClassProcessor - Processing class 'java/lang/IllegalAccessException'
02:43:09.792 [main] DEBUG com.tngtech.archunit.core.importer.JavaClassProcessor - Processing class 'java/lang/CloneNotSupportedException'
02:43:09.792 [main] DEBUG com.tngtech.archunit.core.importer.JavaClassProcessor - Processing class 'java/io/ObjectInputStream'
02:43:09.792 [main] DEBUG com.tngtech.archunit.core.importer.JavaClassProcessor - Processing class 'java/io/ObjectStreamException'
02:43:09.792 [main] DEBUG com.tngtech.archunit.core.importer.JavaClassProcessor - Processing class 'java/util/Spliterator'
02:43:09.792 [main] DEBUG com.tngtech.archunit.core.importer.JavaClassProcessor - Processing class 'java/util/function/Consumer'
02:43:09.792 [main] DEBUG com.tngtech.archunit.core.importer.JavaClassProcessor - Processing class 'java/util/Iterator'
02:43:09.793 [main] DEBUG com.tngtech.archunit.core.importer.JavaClassProcessor - Processing class 'java/lang/NumberFormatException'
02:43:09.793 [main] DEBUG com.tngtech.archunit.core.importer.JavaClassProcessor - Processing class 'java/math/BigInteger'
02:43:09.794 [main] DEBUG com.tngtech.archunit.core.importer.JavaClassProcessor - Processing class 'java/lang/InterruptedException'
02:43:09.794 [main] DEBUG com.tngtech.archunit.core.importer.JavaClassProcessor - Processing class 'java/util/Comparator'
02:43:09.795 [main] DEBUG com.tngtech.archunit.core.importer.JavaClassProcessor - Processing class 'java/io/UnsupportedEncodingException'
02:43:09.795 [main] DEBUG com.tngtech.archunit.core.importer.JavaClassProcessor - Processing class 'java/lang/StringBuffer'
02:43:09.795 [main] DEBUG com.tngtech.archunit.core.importer.JavaClassProcessor - Processing class 'java/util/stream/Stream'
02:43:09.795 [main] DEBUG com.tngtech.archunit.core.importer.JavaClassProcessor - Processing class 'java/lang/AbstractStringBuilder'
02:43:09.796 [main] DEBUG com.tngtech.archunit.core.importer.JavaClassProcessor - Processing class 'java/lang/StringBuilder'
02:43:09.796 [main] DEBUG com.tngtech.archunit.core.importer.JavaClassProcessor - Processing class 'java/util/concurrent/atomic/AtomicInteger'
02:43:09.796 [main] DEBUG com.tngtech.archunit.core.importer.JavaClassProcessor - Processing class 'java/lang/ThreadLocal$ThreadLocalMap'
02:43:09.796 [main] DEBUG com.tngtech.archunit.core.importer.JavaClassProcessor - Processing class 'java/lang/Thread'
02:43:09.797 [main] DEBUG com.tngtech.archunit.core.importer.JavaClassProcessor - Processing class 'java/util/function/Supplier'
02:43:09.797 [main] DEBUG com.tngtech.archunit.core.importer.JavaClassProcessor - Processing class 'java/lang/StackTraceElement'
02:43:09.797 [main] DEBUG com.tngtech.archunit.core.importer.JavaClassProcessor - Processing class 'java/io/PrintStream'
02:43:09.798 [main] DEBUG com.tngtech.archunit.core.importer.JavaClassProcessor - Processing class 'java/io/ObjectOutputStream'
02:43:09.798 [main] DEBUG com.tngtech.archunit.core.importer.JavaClassProcessor - Processing class 'java/lang/Throwable$PrintStreamOrWriter'
02:43:09.798 [main] DEBUG com.tngtech.archunit.core.importer.JavaClassProcessor - Processing class 'java/util/Set'
02:43:09.798 [main] DEBUG com.tngtech.archunit.core.importer.JavaClassProcessor - Processing class 'java/io/PrintWriter'
02:43:09.799 [main] DEBUG com.tngtech.archunit.core.importer.JavaClassProcessor - Processing class 'java/lang/reflect/Parameter'
02:43:09.800 [main] DEBUG com.tngtech.archunit.core.importer.JavaClassProcessor - Processing class 'sun/reflect/generics/repository/ConstructorRepository'
02:43:09.800 [main] DEBUG com.tngtech.archunit.core.importer.JavaClassProcessor - Processing class 'sun/reflect/generics/repository/FieldRepository'
02:43:09.800 [main] DEBUG com.tngtech.archunit.core.importer.JavaClassProcessor - Processing class 'jdk/internal/reflect/FieldAccessor'
02:43:09.800 [main] DEBUG com.tngtech.archunit.core.importer.JavaClassProcessor - Processing class 'java/lang/IllegalArgumentException'
02:43:09.800 [main] DEBUG com.tngtech.archunit.core.importer.JavaClassProcessor - Processing class 'jdk/internal/reflect/MethodAccessor'
02:43:09.800 [main] DEBUG com.tngtech.archunit.core.importer.JavaClassProcessor - Processing class 'sun/reflect/generics/repository/MethodRepository'
02:43:09.801 [main] DEBUG com.tngtech.archunit.core.importer.JavaClassProcessor - Processing class 'java/lang/reflect/InvocationTargetException'
02:43:09.801 [main] DEBUG com.tngtech.archunit.core.importer.JavaClassProcessor - Processing class 'java/nio/ByteBuffer'
02:43:09.801 [main] DEBUG com.tngtech.archunit.core.importer.JavaClassProcessor - Processing class 'java/nio/CharBuffer'
02:43:09.801 [main] DEBUG com.tngtech.archunit.core.importer.JavaClassProcessor - Processing class 'java/nio/charset/CharsetDecoder'
02:43:09.801 [main] DEBUG com.tngtech.archunit.core.importer.JavaClassProcessor - Processing class 'java/util/SortedMap'
02:43:09.801 [main] DEBUG com.tngtech.archunit.core.importer.JavaClassProcessor - Processing class 'java/nio/charset/CharsetEncoder'
02:43:09.802 [main] DEBUG com.tngtech.archunit.core.importer.JavaClassProcessor - Processing class 'java/util/function/Predicate'
02:43:09.802 [main] DEBUG com.tngtech.archunit.core.importer.JavaClassProcessor - Processing class 'java/util/function/IntFunction'
02:43:09.802 [main] DEBUG com.tngtech.archunit.core.importer.JavaClassProcessor - Processing class 'java/util/ListIterator'
02:43:09.802 [main] DEBUG com.tngtech.archunit.core.importer.JavaClassProcessor - Processing class 'java/util/function/UnaryOperator'
02:43:09.802 [main] DEBUG com.tngtech.archunit.core.importer.JavaClassProcessor - Processing class 'sun/util/locale/BaseLocale'
02:43:09.802 [main] DEBUG com.tngtech.archunit.core.importer.JavaClassProcessor - Processing class 'java/util/Locale$Cache'
02:43:09.802 [main] DEBUG com.tngtech.archunit.core.importer.JavaClassProcessor - Processing class 'sun/util/locale/provider/LocaleResources'
02:43:09.803 [main] DEBUG com.tngtech.archunit.core.importer.JavaClassProcessor - Processing class 'java/util/MissingResourceException'
02:43:09.803 [main] DEBUG com.tngtech.archunit.core.importer.JavaClassProcessor - Processing class 'java/util/Locale$FilteringMode'
02:43:09.803 [main] DEBUG com.tngtech.archunit.core.importer.JavaClassProcessor - Processing class 'java/util/Locale$IsoCountryCode'
02:43:09.803 [main] DEBUG com.tngtech.archunit.core.importer.JavaClassProcessor - Processing class 'java/util/Locale$Category'
02:43:09.804 [main] DEBUG com.tngtech.archunit.core.importer.JavaClassProcessor - Processing class 'java/util/function/BiFunction'
02:43:09.804 [main] DEBUG com.tngtech.archunit.core.importer.JavaClassProcessor - Processing class 'java/util/function/BiConsumer'
02:43:09.804 [main] DEBUG com.tngtech.archunit.core.importer.JavaClassProcessor - Processing class 'java/util/function/Function'
02:43:09.804 [main] DEBUG com.tngtech.archunit.core.importer.JavaClassProcessor - Processing class 'java/lang/invoke/SerializedLambda'
02:43:09.804 [main] DEBUG com.tngtech.archunit.core.importer.JavaClassProcessor - Processing class 'java/lang/Runnable'
02:43:09.805 [main] DEBUG com.tngtech.archunit.core.importer.JavaClassProcessor - Processing class 'org/springframework/core/ResolvableType'
02:43:09.806 [main] DEBUG com.tngtech.archunit.core.importer.JavaClassProcessor - Processing class 'org/springframework/beans/factory/NoSuchBeanDefinitionException'
02:43:09.806 [main] DEBUG com.tngtech.archunit.core.importer.JavaClassProcessor - Processing class 'org/springframework/beans/BeansException'
02:43:09.806 [main] DEBUG com.tngtech.archunit.core.importer.JavaClassProcessor - Processing class 'org/springframework/beans/factory/ObjectProvider'
02:43:09.807 [main] DEBUG com.tngtech.archunit.core.importer.JavaClassProcessor - Processing class 'org/springframework/beans/factory/config/BeanDefinition'
02:43:09.807 [main] DEBUG com.tngtech.archunit.core.importer.JavaClassProcessor - Processing class 'org/springframework/beans/factory/support/BeanDefinitionRegistry'
02:43:09.807 [main] DEBUG com.tngtech.archunit.core.importer.JavaClassProcessor - Processing class 'org/springframework/boot/BootstrapRegistry'
02:43:09.807 [main] DEBUG com.tngtech.archunit.core.importer.JavaClassProcessor - Processing class 'org/springframework/boot/Banner$Mode'
02:43:09.808 [main] DEBUG com.tngtech.archunit.core.importer.JavaClassProcessor - Processing class 'org/springframework/boot/SpringApplicationShutdownHook'
02:43:09.808 [main] DEBUG com.tngtech.archunit.core.importer.JavaClassProcessor - Processing class 'org/springframework/boot/WebApplicationType'
02:43:09.808 [main] DEBUG com.tngtech.archunit.core.importer.JavaClassProcessor - Processing class 'org/springframework/boot/Banner'
02:43:09.808 [main] DEBUG com.tngtech.archunit.core.importer.JavaClassProcessor - Processing class 'org/apache/commons/logging/Log'
02:43:09.808 [main] DEBUG com.tngtech.archunit.core.importer.JavaClassProcessor - Processing class 'org/springframework/core/metrics/ApplicationStartup'
02:43:09.809 [main] DEBUG com.tngtech.archunit.core.importer.JavaClassProcessor - Processing class 'org/springframework/boot/ApplicationContextFactory'
02:43:09.809 [main] DEBUG com.tngtech.archunit.core.importer.JavaClassProcessor - Processing class 'org/springframework/boot/ApplicationArguments'
02:43:09.809 [main] DEBUG com.tngtech.archunit.core.importer.JavaClassProcessor - Processing class 'org/springframework/boot/SpringApplicationShutdownHandlers'
02:43:09.809 [main] DEBUG com.tngtech.archunit.core.importer.JavaClassProcessor - Processing class 'org/springframework/boot/SpringApplicationRunListeners'
02:43:09.810 [main] DEBUG com.tngtech.archunit.core.importer.JavaClassProcessor - Processing class 'org/springframework/boot/BeanDefinitionLoader'
02:43:09.810 [main] DEBUG com.tngtech.archunit.core.importer.JavaClassProcessor - Processing class 'org/springframework/boot/CommandLineRunner'
02:43:09.810 [main] DEBUG com.tngtech.archunit.core.importer.JavaClassProcessor - Processing class 'org/springframework/boot/Bootstrapper'
02:43:09.810 [main] DEBUG com.tngtech.archunit.core.importer.JavaClassProcessor - Processing class 'org/springframework/boot/ExitCodeGenerator'
02:43:09.810 [main] DEBUG com.tngtech.archunit.core.importer.JavaClassProcessor - Processing class 'org/springframework/boot/SpringBootExceptionHandler'
02:43:09.811 [main] DEBUG com.tngtech.archunit.core.importer.JavaClassProcessor - Processing class 'org/springframework/boot/ApplicationRunner'
02:43:09.811 [main] DEBUG com.tngtech.archunit.core.importer.JavaClassProcessor - Processing class 'org/springframework/boot/DefaultBootstrapContext'
02:43:09.811 [main] DEBUG com.tngtech.archunit.core.importer.JavaClassProcessor - Processing class 'java/util/Properties'
02:43:09.812 [main] DEBUG com.tngtech.archunit.core.importer.JavaClassProcessor - Processing class 'org/springframework/core/type/classreading/MetadataReader'
02:43:09.812 [main] DEBUG com.tngtech.archunit.core.importer.JavaClassProcessor - Processing class 'org/springframework/core/type/classreading/MetadataReaderFactory'
02:43:09.813 [main] DEBUG com.tngtech.archunit.core.importer.JavaClassProcessor - Processing class 'org/springframework/boot/autoconfigure/AutoConfigurationMetadata'
02:43:09.813 [main] DEBUG com.tngtech.archunit.core.importer.JavaClassProcessor - Processing class 'org/springframework/boot/autoconfigure/AutoConfigurationImportEvent'
02:43:09.813 [main] DEBUG com.tngtech.archunit.core.importer.JavaClassProcessor - Processing class 'org/springframework/boot/autoconfigure/AutoConfigurationImportSelector$AutoConfigurationEntry'
02:43:09.813 [main] DEBUG com.tngtech.archunit.core.importer.JavaClassProcessor - Processing class 'org/springframework/boot/autoconfigure/AutoConfigurationImportSelector$ConfigurationClassFilter'
02:43:09.813 [main] DEBUG com.tngtech.archunit.core.importer.JavaClassProcessor - Processing class 'org/springframework/beans/factory/config/ConfigurableListableBeanFactory'
02:43:09.814 [main] DEBUG com.tngtech.archunit.core.importer.JavaClassProcessor - Processing class 'org/springframework/core/annotation/AnnotationAttributes'
02:43:09.814 [main] DEBUG com.tngtech.archunit.core.importer.JavaClassProcessor - Processing class 'org/springframework/core/type/AnnotationMetadata'
02:43:09.815 [main] DEBUG com.tngtech.archunit.core.importer.JavaClassProcessor - Processing class 'org/springframework/beans/factory/config/AutowireCapableBeanFactory'
02:43:09.815 [main] DEBUG com.tngtech.archunit.core.importer.JavaClassProcessor - Processing class 'java/lang/IllegalStateException'
02:43:09.815 [main] DEBUG com.tngtech.archunit.core.importer.JavaClassProcessor - Processing class 'java/time/Clock'
02:43:09.815 [main] DEBUG com.tngtech.archunit.core.importer.JavaClassProcessor - Processing class 'org/springframework/beans/factory/config/BeanFactoryPostProcessor'
02:43:09.816 [main] DEBUG com.tngtech.archunit.core.importer.JavaClassProcessor - Processing class 'org/springframework/core/io/ProtocolResolver'
02:43:09.816 [main] DEBUG com.tngtech.archunit.core.importer.JavaClassProcessor - Processing class 'org/springframework/context/MessageSourceResolvable'
02:43:09.816 [main] DEBUG com.tngtech.archunit.core.importer.JavaClassProcessor - Processing class 'org/springframework/context/NoSuchMessageException'
02:43:09.816 [main] DEBUG com.tngtech.archunit.core.importer.JavaClassProcessor - Processing class 'org/springframework/context/annotation/ScopeMetadata'
02:43:09.817 [main] DEBUG com.tngtech.archunit.core.importer.JavaClassProcessor - Processing class 'org/springframework/core/env/MutablePropertySources'
02:43:09.818 [main] DEBUG com.tngtech.archunit.core.importer.JavaClassProcessor - Processing class 'org/springframework/core/convert/support/ConfigurableConversionService'
02:43:09.818 [main] DEBUG com.tngtech.archunit.core.importer.JavaClassProcessor - Processing class 'org/springframework/core/env/MissingRequiredPropertiesException'
02:43:09.818 [main] DEBUG com.tngtech.archunit.core.importer.JavaClassProcessor - Processing class 'org/springframework/core/env/Profiles'
02:43:09.819 [main] DEBUG com.tngtech.archunit.core.importer.JavaClassProcessor - Processing class 'org/springframework/core/io/Resource'
02:43:09.820 [main] DEBUG com.tngtech.archunit.core.importer.JavaClassProcessor - Processing class 'org/springframework/data/domain/Example'
02:43:09.820 [main] DEBUG com.tngtech.archunit.core.importer.JavaClassProcessor - Processing class 'org/springframework/data/domain/Sort'
02:43:09.820 [main] DEBUG com.tngtech.archunit.core.importer.JavaClassProcessor - Processing class 'org/springframework/data/domain/Page'
02:43:09.821 [main] DEBUG com.tngtech.archunit.core.importer.JavaClassProcessor - Processing class 'org/springframework/data/domain/Pageable'
02:43:09.821 [main] DEBUG com.tngtech.archunit.core.importer.JavaClassProcessor - Processing class 'java/util/regex/Pattern'
02:43:09.822 [main] DEBUG com.tngtech.archunit.core.importer.JavaClassProcessor - Processing class 'java/time/ZoneId'
02:43:09.822 [main] DEBUG com.tngtech.archunit.core.importer.JavaClassProcessor - Processing class 'java/time/format/DateTimeFormatter'
02:43:09.822 [main] DEBUG com.tngtech.archunit.core.importer.JavaClassProcessor - Processing class 'java/text/DecimalFormatSymbols'
02:43:09.823 [main] DEBUG com.tngtech.archunit.core.importer.JavaClassProcessor - Processing class 'java/time/Instant'
02:43:09.823 [main] DEBUG com.tngtech.archunit.core.importer.JavaClassProcessor - Processing class 'java/net/InetSocketAddress'
02:43:09.823 [main] DEBUG com.tngtech.archunit.core.importer.JavaClassProcessor - Processing class 'java/net/URI'
02:43:09.824 [main] DEBUG com.tngtech.archunit.core.importer.JavaClassProcessor - Processing class 'java/time/ZonedDateTime'
02:43:09.824 [main] DEBUG com.tngtech.archunit.core.importer.JavaClassProcessor - Processing class 'org/springframework/http/ContentDisposition'
02:43:09.825 [main] DEBUG com.tngtech.archunit.core.importer.JavaClassProcessor - Processing class 'org/springframework/http/CacheControl'
02:43:09.825 [main] DEBUG com.tngtech.archunit.core.importer.JavaClassProcessor - Processing class 'java/time/Duration'
02:43:09.827 [main] DEBUG com.tngtech.archunit.core.importer.JavaClassProcessor - Processing class 'org/springframework/http/HttpStatus'
02:43:09.827 [main] DEBUG com.tngtech.archunit.core.importer.JavaClassProcessor - Processing class 'org/springframework/http/ResponseEntity$1'
02:43:09.828 [main] DEBUG com.tngtech.archunit.core.importer.JavaClassProcessor - Processing class 'java/util/BitSet'
02:43:09.829 [main] DEBUG com.tngtech.archunit.core.importer.JavaClassProcessor - Processing class 'sun/util/locale/LocaleSyntaxException'
02:43:09.830 [main] DEBUG com.tngtech.archunit.core.importer.JavaClassProcessor - Processing class 'sun/util/locale/LanguageTag'
]]></system-out>
  </testcase>
  <testcase name="serviceClassesShouldBeAnnotatedWithService" classname="archtests.SongArchitectureTests" time="0.108">
    <system-out><![CDATA[02:43:09.846 [main] DEBUG com.tngtech.archunit.core.importer.UrlSource$From - Found URLs on sun.boot.class.path: []
02:43:09.849 [main] DEBUG com.tngtech.archunit.core.importer.UrlSource$From - Found URLs on java.class.path: [file:/M:/Lab/song-manager/target/test-classes/, file:/M:/Lab/song-manager/target/classes/, jar:file:/C:/Users/User/.m2/repository/org/springframework/boot/spring-boot-starter-web/2.5.4/spring-boot-starter-web-2.5.4.jar!/, jar:file:/C:/Users/User/.m2/repository/org/springframework/boot/spring-boot-starter/2.5.4/spring-boot-starter-2.5.4.jar!/, jar:file:/C:/Users/User/.m2/repository/org/springframework/boot/spring-boot/2.5.4/spring-boot-2.5.4.jar!/, jar:file:/C:/Users/User/.m2/repository/org/springframework/boot/spring-boot-autoconfigure/2.5.4/spring-boot-autoconfigure-2.5.4.jar!/, jar:file:/C:/Users/User/.m2/repository/org/springframework/boot/spring-boot-starter-logging/2.5.4/spring-boot-starter-logging-2.5.4.jar!/, jar:file:/C:/Users/User/.m2/repository/ch/qos/logback/logback-classic/1.2.5/logback-classic-1.2.5.jar!/, jar:file:/C:/Users/User/.m2/repository/ch/qos/logback/logback-core/1.2.5/logback-core-1.2.5.jar!/, jar:file:/C:/Users/User/.m2/repository/org/apache/logging/log4j/log4j-to-slf4j/2.14.1/log4j-to-slf4j-2.14.1.jar!/, jar:file:/C:/Users/User/.m2/repository/org/apache/logging/log4j/log4j-api/2.14.1/log4j-api-2.14.1.jar!/, jar:file:/C:/Users/User/.m2/repository/org/slf4j/jul-to-slf4j/1.7.32/jul-to-slf4j-1.7.32.jar!/, jar:file:/C:/Users/User/.m2/repository/jakarta/annotation/jakarta.annotation-api/1.3.5/jakarta.annotation-api-1.3.5.jar!/, jar:file:/C:/Users/User/.m2/repository/org/yaml/snakeyaml/1.28/snakeyaml-1.28.jar!/, jar:file:/C:/Users/User/.m2/repository/org/springframework/boot/spring-boot-starter-json/2.5.4/spring-boot-starter-json-2.5.4.jar!/, jar:file:/C:/Users/User/.m2/repository/com/fasterxml/jackson/core/jackson-databind/2.12.4/jackson-databind-2.12.4.jar!/, jar:file:/C:/Users/User/.m2/repository/com/fasterxml/jackson/core/jackson-annotations/2.12.4/jackson-annotations-2.12.4.jar!/, jar:file:/C:/Users/User/.m2/repository/com/fasterxml/jackson/core/jackson-core/2.12.4/jackson-core-2.12.4.jar!/, jar:file:/C:/Users/User/.m2/repository/com/fasterxml/jackson/datatype/jackson-datatype-jdk8/2.12.4/jackson-datatype-jdk8-2.12.4.jar!/, jar:file:/C:/Users/User/.m2/repository/com/fasterxml/jackson/datatype/jackson-datatype-jsr310/2.12.4/jackson-datatype-jsr310-2.12.4.jar!/, jar:file:/C:/Users/User/.m2/repository/com/fasterxml/jackson/module/jackson-module-parameter-names/2.12.4/jackson-module-parameter-names-2.12.4.jar!/, jar:file:/C:/Users/User/.m2/repository/org/springframework/boot/spring-boot-starter-tomcat/2.5.4/spring-boot-starter-tomcat-2.5.4.jar!/, jar:file:/C:/Users/User/.m2/repository/org/apache/tomcat/embed/tomcat-embed-core/9.0.52/tomcat-embed-core-9.0.52.jar!/, jar:file:/C:/Users/User/.m2/repository/org/apache/tomcat/embed/tomcat-embed-el/9.0.52/tomcat-embed-el-9.0.52.jar!/, jar:file:/C:/Users/User/.m2/repository/org/apache/tomcat/embed/tomcat-embed-websocket/9.0.52/tomcat-embed-websocket-9.0.52.jar!/, jar:file:/C:/Users/User/.m2/repository/org/springframework/spring-web/5.3.9/spring-web-5.3.9.jar!/, jar:file:/C:/Users/User/.m2/repository/org/springframework/spring-beans/5.3.9/spring-beans-5.3.9.jar!/, jar:file:/C:/Users/User/.m2/repository/org/springframework/spring-webmvc/5.3.9/spring-webmvc-5.3.9.jar!/, jar:file:/C:/Users/User/.m2/repository/org/springframework/spring-aop/5.3.9/spring-aop-5.3.9.jar!/, jar:file:/C:/Users/User/.m2/repository/org/springframework/spring-context/5.3.9/spring-context-5.3.9.jar!/, jar:file:/C:/Users/User/.m2/repository/org/springframework/spring-expression/5.3.9/spring-expression-5.3.9.jar!/, jar:file:/C:/Users/User/.m2/repository/org/springframework/boot/spring-boot-starter-data-jpa/2.5.4/spring-boot-starter-data-jpa-2.5.4.jar!/, jar:file:/C:/Users/User/.m2/repository/org/springframework/boot/spring-boot-starter-aop/2.5.4/spring-boot-starter-aop-2.5.4.jar!/, jar:file:/C:/Users/User/.m2/repository/org/aspectj/aspectjweaver/1.9.7/aspectjweaver-1.9.7.jar!/, jar:file:/C:/Users/User/.m2/repository/org/springframework/boot/spring-boot-starter-jdbc/2.5.4/spring-boot-starter-jdbc-2.5.4.jar!/, jar:file:/C:/Users/User/.m2/repository/com/zaxxer/HikariCP/4.0.3/HikariCP-4.0.3.jar!/, jar:file:/C:/Users/User/.m2/repository/org/springframework/spring-jdbc/5.3.9/spring-jdbc-5.3.9.jar!/, jar:file:/C:/Users/User/.m2/repository/jakarta/transaction/jakarta.transaction-api/1.3.3/jakarta.transaction-api-1.3.3.jar!/, jar:file:/C:/Users/User/.m2/repository/jakarta/persistence/jakarta.persistence-api/2.2.3/jakarta.persistence-api-2.2.3.jar!/, jar:file:/C:/Users/User/.m2/repository/org/hibernate/hibernate-core/5.4.32.Final/hibernate-core-5.4.32.Final.jar!/, jar:file:/C:/Users/User/.m2/repository/org/jboss/logging/jboss-logging/3.4.2.Final/jboss-logging-3.4.2.Final.jar!/, jar:file:/C:/Users/User/.m2/repository/org/javassist/javassist/3.27.0-GA/javassist-3.27.0-GA.jar!/, jar:file:/C:/Users/User/.m2/repository/net/bytebuddy/byte-buddy/1.10.22/byte-buddy-1.10.22.jar!/, jar:file:/C:/Users/User/.m2/repository/antlr/antlr/2.7.7/antlr-2.7.7.jar!/, jar:file:/C:/Users/User/.m2/repository/org/jboss/jandex/2.2.3.Final/jandex-2.2.3.Final.jar!/, jar:file:/C:/Users/User/.m2/repository/com/fasterxml/classmate/1.5.1/classmate-1.5.1.jar!/, jar:file:/C:/Users/User/.m2/repository/org/dom4j/dom4j/2.1.3/dom4j-2.1.3.jar!/, jar:file:/C:/Users/User/.m2/repository/org/hibernate/common/hibernate-commons-annotations/5.1.2.Final/hibernate-commons-annotations-5.1.2.Final.jar!/, jar:file:/C:/Users/User/.m2/repository/org/glassfish/jaxb/jaxb-runtime/2.3.5/jaxb-runtime-2.3.5.jar!/, jar:file:/C:/Users/User/.m2/repository/org/glassfish/jaxb/txw2/2.3.5/txw2-2.3.5.jar!/, jar:file:/C:/Users/User/.m2/repository/com/sun/istack/istack-commons-runtime/3.0.12/istack-commons-runtime-3.0.12.jar!/, jar:file:/C:/Users/User/.m2/repository/com/sun/activation/jakarta.activation/1.2.2/jakarta.activation-1.2.2.jar!/, jar:file:/C:/Users/User/.m2/repository/org/springframework/data/spring-data-jpa/2.5.4/spring-data-jpa-2.5.4.jar!/, jar:file:/C:/Users/User/.m2/repository/org/springframework/data/spring-data-commons/2.5.4/spring-data-commons-2.5.4.jar!/, jar:file:/C:/Users/User/.m2/repository/org/springframework/spring-orm/5.3.9/spring-orm-5.3.9.jar!/, jar:file:/C:/Users/User/.m2/repository/org/springframework/spring-tx/5.3.9/spring-tx-5.3.9.jar!/, jar:file:/C:/Users/User/.m2/repository/org/springframework/spring-aspects/5.3.9/spring-aspects-5.3.9.jar!/, jar:file:/C:/Users/User/.m2/repository/com/h2database/h2/1.4.200/h2-1.4.200.jar!/, jar:file:/C:/Users/User/.m2/repository/javax/persistence/javax.persistence-api/2.2/javax.persistence-api-2.2.jar!/, jar:file:/C:/Users/User/.m2/repository/org/springframework/boot/spring-boot-starter-test/2.5.4/spring-boot-starter-test-2.5.4.jar!/, jar:file:/C:/Users/User/.m2/repository/org/springframework/boot/spring-boot-test/2.5.4/spring-boot-test-2.5.4.jar!/, jar:file:/C:/Users/User/.m2/repository/org/springframework/boot/spring-boot-test-autoconfigure/2.5.4/spring-boot-test-autoconfigure-2.5.4.jar!/, jar:file:/C:/Users/User/.m2/repository/com/jayway/jsonpath/json-path/2.5.0/json-path-2.5.0.jar!/, jar:file:/C:/Users/User/.m2/repository/net/minidev/json-smart/2.4.7/json-smart-2.4.7.jar!/, jar:file:/C:/Users/User/.m2/repository/net/minidev/accessors-smart/2.4.7/accessors-smart-2.4.7.jar!/, jar:file:/C:/Users/User/.m2/repository/org/ow2/asm/asm/9.1/asm-9.1.jar!/, jar:file:/C:/Users/User/.m2/repository/jakarta/xml/bind/jakarta.xml.bind-api/2.3.3/jakarta.xml.bind-api-2.3.3.jar!/, jar:file:/C:/Users/User/.m2/repository/jakarta/activation/jakarta.activation-api/1.2.2/jakarta.activation-api-1.2.2.jar!/, jar:file:/C:/Users/User/.m2/repository/org/assertj/assertj-core/3.19.0/assertj-core-3.19.0.jar!/, jar:file:/C:/Users/User/.m2/repository/org/hamcrest/hamcrest/2.2/hamcrest-2.2.jar!/, jar:file:/C:/Users/User/.m2/repository/org/junit/jupiter/junit-jupiter/5.7.2/junit-jupiter-5.7.2.jar!/, jar:file:/C:/Users/User/.m2/repository/org/junit/jupiter/junit-jupiter-api/5.7.2/junit-jupiter-api-5.7.2.jar!/, jar:file:/C:/Users/User/.m2/repository/org/apiguardian/apiguardian-api/1.1.0/apiguardian-api-1.1.0.jar!/, jar:file:/C:/Users/User/.m2/repository/org/opentest4j/opentest4j/1.2.0/opentest4j-1.2.0.jar!/, jar:file:/C:/Users/User/.m2/repository/org/junit/platform/junit-platform-commons/1.7.2/junit-platform-commons-1.7.2.jar!/, jar:file:/C:/Users/User/.m2/repository/org/junit/jupiter/junit-jupiter-params/5.7.2/junit-jupiter-params-5.7.2.jar!/, jar:file:/C:/Users/User/.m2/repository/org/junit/jupiter/junit-jupiter-engine/5.7.2/junit-jupiter-engine-5.7.2.jar!/, jar:file:/C:/Users/User/.m2/repository/org/junit/platform/junit-platform-engine/1.7.2/junit-platform-engine-1.7.2.jar!/, jar:file:/C:/Users/User/.m2/repository/org/mockito/mockito-core/3.9.0/mockito-core-3.9.0.jar!/, jar:file:/C:/Users/User/.m2/repository/net/bytebuddy/byte-buddy-agent/1.10.22/byte-buddy-agent-1.10.22.jar!/, jar:file:/C:/Users/User/.m2/repository/org/objenesis/objenesis/3.2/objenesis-3.2.jar!/, jar:file:/C:/Users/User/.m2/repository/org/mockito/mockito-junit-jupiter/3.9.0/mockito-junit-jupiter-3.9.0.jar!/, jar:file:/C:/Users/User/.m2/repository/org/skyscreamer/jsonassert/1.5.0/jsonassert-1.5.0.jar!/, jar:file:/C:/Users/User/.m2/repository/com/vaadin/external/google/android-json/0.0.20131108.vaadin1/android-json-0.0.20131108.vaadin1.jar!/, jar:file:/C:/Users/User/.m2/repository/org/springframework/spring-core/5.3.9/spring-core-5.3.9.jar!/, jar:file:/C:/Users/User/.m2/repository/org/springframework/spring-jcl/5.3.9/spring-jcl-5.3.9.jar!/, jar:file:/C:/Users/User/.m2/repository/org/springframework/spring-test/5.3.9/spring-test-5.3.9.jar!/, jar:file:/C:/Users/User/.m2/repository/org/xmlunit/xmlunit-core/2.8.2/xmlunit-core-2.8.2.jar!/, jar:file:/C:/Users/User/.m2/repository/com/tngtech/archunit/archunit-junit5/1.1.0/archunit-junit5-1.1.0.jar!/, jar:file:/C:/Users/User/.m2/repository/com/tngtech/archunit/archunit-junit5-api/1.1.0/archunit-junit5-api-1.1.0.jar!/, jar:file:/C:/Users/User/.m2/repository/com/tngtech/archunit/archunit-junit5-engine/1.1.0/archunit-junit5-engine-1.1.0.jar!/, jar:file:/C:/Users/User/.m2/repository/com/tngtech/archunit/archunit-junit5-engine-api/1.1.0/archunit-junit5-engine-api-1.1.0.jar!/, jar:file:/C:/Users/User/.m2/repository/com/tngtech/archunit/archunit/1.1.0/archunit-1.1.0.jar!/, jar:file:/C:/Users/User/.m2/repository/org/slf4j/slf4j-api/1.7.32/slf4j-api-1.7.32.jar!/]
02:43:09.855 [main] DEBUG com.tngtech.archunit.core.importer.JavaClassProcessor - Processing class 'com/example/songs/repository/SongRepository'
02:43:09.855 [main] DEBUG com.tngtech.archunit.core.importer.JavaClassProcessor - Processing class 'com/example/songs/controller/SongController'
02:43:09.856 [main] DEBUG com.tngtech.archunit.core.importer.JavaClassProcessor - Processing class 'com/example/songs/model/Song'
02:43:09.856 [main] DEBUG com.tngtech.archunit.core.importer.JavaClassProcessor - Processing class 'com/example/songs/service/SongService'
02:43:09.856 [main] DEBUG com.tngtech.archunit.core.importer.JavaClassProcessor - Processing class 'com/example/songs/SongManagerApplication'
02:43:09.857 [main] DEBUG com.tngtech.archunit.core.importer.JavaClassProcessor - Processing class 'org/springframework/web/bind/annotation/PathVariable'
02:43:09.857 [main] DEBUG com.tngtech.archunit.core.importer.JavaClassProcessor - Processing class 'org/springframework/web/bind/annotation/RequestMapping'
02:43:09.857 [main] DEBUG com.tngtech.archunit.core.importer.JavaClassProcessor - Processing class 'org/springframework/http/ResponseEntity$BodyBuilder'
02:43:09.857 [main] DEBUG com.tngtech.archunit.core.importer.JavaClassProcessor - Processing class 'org/springframework/web/bind/annotation/RequestBody'
02:43:09.858 [main] DEBUG com.tngtech.archunit.core.importer.JavaClassProcessor - Processing class 'org/springframework/boot/SpringApplication'
02:43:09.858 [main] DEBUG com.tngtech.archunit.core.importer.JavaClassProcessor - Processing class 'org/springframework/web/bind/annotation/PutMapping'
02:43:09.859 [main] DEBUG com.tngtech.archunit.core.importer.JavaClassProcessor - Processing class 'java/lang/Long'
02:43:09.859 [main] DEBUG com.tngtech.archunit.core.importer.JavaClassProcessor - Processing class 'org/springframework/stereotype/Service'
02:43:09.859 [main] DEBUG com.tngtech.archunit.core.importer.JavaClassProcessor - Processing class 'org/springframework/web/bind/annotation/GetMapping'
02:43:09.859 [main] DEBUG com.tngtech.archunit.core.importer.JavaClassProcessor - Processing class 'java/lang/String'
02:43:09.860 [main] DEBUG com.tngtech.archunit.core.importer.JavaClassProcessor - Processing class 'org/springframework/web/bind/annotation/DeleteMapping'
02:43:09.860 [main] DEBUG com.tngtech.archunit.core.importer.JavaClassProcessor - Processing class 'javax/persistence/Id'
02:43:09.860 [main] DEBUG com.tngtech.archunit.core.importer.JavaClassProcessor - Processing class 'org/springframework/web/bind/annotation/PostMapping'
02:43:09.860 [main] DEBUG com.tngtech.archunit.core.importer.JavaClassProcessor - Processing class 'java/lang/Void'
02:43:09.860 [main] DEBUG com.tngtech.archunit.core.importer.JavaClassProcessor - Processing class 'javax/persistence/Entity'
02:43:09.860 [main] DEBUG com.tngtech.archunit.core.importer.JavaClassProcessor - Processing class 'org/springframework/boot/autoconfigure/SpringBootApplication'
02:43:09.861 [main] DEBUG com.tngtech.archunit.core.importer.JavaClassProcessor - Processing class 'java/lang/RuntimeException'
02:43:09.861 [main] DEBUG com.tngtech.archunit.core.importer.JavaClassProcessor - Processing class 'org/springframework/web/bind/annotation/RestController'
02:43:09.861 [main] DEBUG com.tngtech.archunit.core.importer.JavaClassProcessor - Processing class 'javax/persistence/GenerationType'
02:43:09.861 [main] DEBUG com.tngtech.archunit.core.importer.JavaClassProcessor - Processing class 'java/util/List'
02:43:09.861 [main] DEBUG com.tngtech.archunit.core.importer.JavaClassProcessor - Processing class 'javax/persistence/GeneratedValue'
02:43:09.861 [main] DEBUG com.tngtech.archunit.core.importer.JavaClassProcessor - Processing class 'java/util/Optional'
02:43:09.862 [main] DEBUG com.tngtech.archunit.core.importer.JavaClassProcessor - Processing class 'java/lang/Object'
02:43:09.862 [main] DEBUG com.tngtech.archunit.core.importer.JavaClassProcessor - Processing class 'org/springframework/http/ResponseEntity'
02:43:09.862 [main] DEBUG com.tngtech.archunit.core.importer.JavaClassProcessor - Processing class 'org/springframework/http/ResponseEntity$HeadersBuilder'
02:43:09.862 [main] DEBUG com.tngtech.archunit.core.importer.JavaClassProcessor - Processing class 'org/springframework/data/jpa/repository/JpaRepository'
02:43:09.862 [main] DEBUG com.tngtech.archunit.core.importer.JavaClassProcessor - Processing class 'java/lang/annotation/Inherited'
02:43:09.862 [main] DEBUG com.tngtech.archunit.core.importer.JavaClassProcessor - Processing class 'org/springframework/context/annotation/ComponentScan$Filter'
02:43:09.862 [main] DEBUG com.tngtech.archunit.core.importer.JavaClassProcessor - Processing class 'java/lang/Enum'
02:43:09.863 [main] DEBUG com.tngtech.archunit.core.importer.JavaClassProcessor - Processing class 'org/springframework/context/ConfigurableApplicationContext'
02:43:09.863 [main] DEBUG com.tngtech.archunit.core.importer.JavaClassProcessor - Processing class 'java/lang/annotation/Documented'
02:43:09.863 [main] DEBUG com.tngtech.archunit.core.importer.JavaClassProcessor - Processing class 'java/lang/CharSequence'
02:43:09.863 [main] DEBUG com.tngtech.archunit.core.importer.JavaClassProcessor - Processing class 'org/springframework/data/repository/PagingAndSortingRepository'
02:43:09.864 [main] DEBUG com.tngtech.archunit.core.importer.JavaClassProcessor - Processing class 'org/springframework/http/HttpHeaders'
02:43:09.865 [main] DEBUG com.tngtech.archunit.core.importer.JavaClassProcessor - Processing class 'java/util/Collection'
02:43:09.865 [main] DEBUG com.tngtech.archunit.core.importer.JavaClassProcessor - Processing class 'org/springframework/web/bind/annotation/RequestMethod'
02:43:09.865 [main] DEBUG com.tngtech.archunit.core.importer.JavaClassProcessor - Processing class 'org/springframework/context/ApplicationListener'
02:43:09.866 [main] DEBUG com.tngtech.archunit.core.importer.JavaClassProcessor - Processing class 'java/lang/Exception'
02:43:09.866 [main] DEBUG com.tngtech.archunit.core.importer.JavaClassProcessor - Processing class 'java/io/Serializable'
02:43:09.866 [main] DEBUG com.tngtech.archunit.core.importer.JavaClassProcessor - Processing class 'org/springframework/context/annotation/Configuration'
02:43:09.866 [main] DEBUG com.tngtech.archunit.core.importer.JavaClassProcessor - Processing class 'org/springframework/http/HttpEntity'
02:43:09.866 [main] DEBUG com.tngtech.archunit.core.importer.JavaClassProcessor - Processing class 'org/springframework/beans/factory/support/BeanNameGenerator'
02:43:09.866 [main] DEBUG com.tngtech.archunit.core.importer.JavaClassProcessor - Processing class 'org/springframework/boot/SpringBootExceptionReporter'
02:43:09.866 [main] DEBUG com.tngtech.archunit.core.importer.JavaClassProcessor - Processing class 'java/lang/annotation/Annotation'
02:43:09.867 [main] DEBUG com.tngtech.archunit.core.importer.JavaClassProcessor - Processing class 'java/lang/Throwable'
02:43:09.867 [main] DEBUG com.tngtech.archunit.core.importer.JavaClassProcessor - Processing class 'org/springframework/boot/autoconfigure/AutoConfigurationExcludeFilter'
02:43:09.867 [main] DEBUG com.tngtech.archunit.core.importer.JavaClassProcessor - Processing class 'org/springframework/stereotype/Controller'
02:43:09.867 [main] DEBUG com.tngtech.archunit.core.importer.JavaClassProcessor - Processing class 'org/springframework/boot/context/TypeExcludeFilter'
02:43:09.867 [main] DEBUG com.tngtech.archunit.core.importer.JavaClassProcessor - Processing class 'java/lang/annotation/Retention'
02:43:09.868 [main] DEBUG com.tngtech.archunit.core.importer.JavaClassProcessor - Processing class 'org/springframework/data/repository/NoRepositoryBean'
02:43:09.868 [main] DEBUG com.tngtech.archunit.core.importer.JavaClassProcessor - Processing class 'org/springframework/boot/BootstrapRegistryInitializer'
02:43:09.868 [main] DEBUG com.tngtech.archunit.core.importer.JavaClassProcessor - Processing class 'jdk/internal/HotSpotIntrinsicCandidate'
02:43:09.868 [main] DEBUG com.tngtech.archunit.core.importer.JavaClassProcessor - Processing class 'org/springframework/lang/Nullable'
02:43:09.868 [main] DEBUG com.tngtech.archunit.core.importer.JavaClassProcessor - Processing class 'java/lang/Number'
02:43:09.868 [main] DEBUG com.tngtech.archunit.core.importer.JavaClassProcessor - Processing class 'org/springframework/context/annotation/FilterType'
02:43:09.869 [main] DEBUG com.tngtech.archunit.core.importer.JavaClassProcessor - Processing class 'org/springframework/core/annotation/AliasFor'
02:43:09.869 [main] DEBUG com.tngtech.archunit.core.importer.JavaClassProcessor - Processing class 'java/lang/SafeVarargs'
02:43:09.869 [main] DEBUG com.tngtech.archunit.core.importer.JavaClassProcessor - Processing class 'jdk/internal/vm/annotation/Stable'
02:43:09.869 [main] DEBUG com.tngtech.archunit.core.importer.JavaClassProcessor - Processing class 'org/springframework/boot/autoconfigure/EnableAutoConfiguration'
02:43:09.869 [main] DEBUG com.tngtech.archunit.core.importer.JavaClassProcessor - Processing class 'java/lang/Deprecated'
02:43:09.869 [main] DEBUG com.tngtech.archunit.core.importer.JavaClassProcessor - Processing class 'java/lang/annotation/Target'
02:43:09.869 [main] DEBUG com.tngtech.archunit.core.importer.JavaClassProcessor - Processing class 'org/springframework/core/env/StandardEnvironment'
02:43:09.869 [main] DEBUG com.tngtech.archunit.core.importer.JavaClassProcessor - Processing class 'java/lang/annotation/ElementType'
02:43:09.869 [main] DEBUG com.tngtech.archunit.core.importer.JavaClassProcessor - Processing class 'org/springframework/web/bind/annotation/ResponseBody'
02:43:09.870 [main] DEBUG com.tngtech.archunit.core.importer.JavaClassProcessor - Processing class 'org/springframework/context/annotation/ComponentScan'
02:43:09.870 [main] DEBUG com.tngtech.archunit.core.importer.JavaClassProcessor - Processing class 'org/springframework/data/repository/query/QueryByExampleExecutor'
02:43:09.870 [main] DEBUG com.tngtech.archunit.core.importer.JavaClassProcessor - Processing class 'org/springframework/stereotype/Component'
02:43:09.870 [main] DEBUG com.tngtech.archunit.core.importer.JavaClassProcessor - Processing class 'org/springframework/boot/SpringBootConfiguration'
02:43:09.870 [main] DEBUG com.tngtech.archunit.core.importer.JavaClassProcessor - Processing class 'java/lang/Class'
02:43:09.871 [main] DEBUG com.tngtech.archunit.core.importer.JavaClassProcessor - Processing class 'java/lang/Comparable'
02:43:09.872 [main] DEBUG com.tngtech.archunit.core.importer.JavaClassProcessor - Processing class 'org/springframework/context/ApplicationContextInitializer'
02:43:09.872 [main] DEBUG com.tngtech.archunit.core.importer.JavaClassProcessor - Processing class 'java/lang/annotation/RetentionPolicy'
02:43:09.872 [main] DEBUG com.tngtech.archunit.core.importer.JavaClassProcessor - Processing class 'org/springframework/web/bind/annotation/Mapping'
02:43:09.872 [main] DEBUG com.tngtech.archunit.core.importer.JavaClassProcessor - Processing class 'org/springframework/core/type/filter/TypeFilter'
02:43:09.872 [main] DEBUG com.tngtech.archunit.core.importer.JavaClassProcessor - Processing class 'java/util/Locale'
02:43:09.873 [main] DEBUG com.tngtech.archunit.core.importer.JavaClassProcessor - Processing class 'java/lang/reflect/Method'
02:43:09.873 [main] DEBUG com.tngtech.archunit.core.importer.JavaClassProcessor - Processing class 'org/springframework/context/PayloadApplicationEvent'
02:43:09.874 [main] DEBUG com.tngtech.archunit.core.importer.JavaClassProcessor - Processing class 'org/springframework/boot/autoconfigure/AutoConfigurationImportSelector'
02:43:09.874 [main] DEBUG com.tngtech.archunit.core.importer.JavaClassProcessor - Processing class 'jdk/internal/vm/annotation/ForceInline'
02:43:09.874 [main] DEBUG com.tngtech.archunit.core.importer.JavaClassProcessor - Processing class 'org/springframework/http/MediaType'
02:43:09.874 [main] DEBUG com.tngtech.archunit.core.importer.JavaClassProcessor - Processing class 'java/util/Locale$LanguageRange'
02:43:09.875 [main] DEBUG com.tngtech.archunit.core.importer.JavaClassProcessor - Processing class 'java/util/EventListener'
02:43:09.875 [main] DEBUG com.tngtech.archunit.core.importer.JavaClassProcessor - Processing class 'java/lang/Class$ReflectionData'
02:43:09.875 [main] DEBUG com.tngtech.archunit.core.importer.JavaClassProcessor - Processing class 'java/lang/reflect/Type'
02:43:09.875 [main] DEBUG com.tngtech.archunit.core.importer.JavaClassProcessor - Processing class 'jdk/internal/reflect/CallerSensitive'
02:43:09.875 [main] DEBUG com.tngtech.archunit.core.importer.JavaClassProcessor - Processing class 'org/springframework/beans/factory/BeanClassLoaderAware'
02:43:09.875 [main] DEBUG com.tngtech.archunit.core.importer.JavaClassProcessor - Processing class 'org/springframework/context/annotation/AnnotationScopeMetadataResolver'
02:43:09.875 [main] DEBUG com.tngtech.archunit.core.importer.JavaClassProcessor - Processing class 'java/lang/reflect/AnnotatedElement'
02:43:09.876 [main] DEBUG com.tngtech.archunit.core.importer.JavaClassProcessor - Processing class 'org/springframework/boot/autoconfigure/AutoConfigurationPackage'
02:43:09.876 [main] DEBUG com.tngtech.archunit.core.importer.JavaClassProcessor - Processing class 'org/springframework/data/repository/CrudRepository'
02:43:09.876 [main] DEBUG com.tngtech.archunit.core.importer.JavaClassProcessor - Processing class 'java/lang/Iterable'
02:43:09.876 [main] DEBUG com.tngtech.archunit.core.importer.JavaClassProcessor - Processing class 'java/lang/FunctionalInterface'
02:43:09.876 [main] DEBUG com.tngtech.archunit.core.importer.JavaClassProcessor - Processing class 'java/nio/charset/Charset'
02:43:09.877 [main] DEBUG com.tngtech.archunit.core.importer.JavaClassProcessor - Processing class 'java/lang/annotation/Repeatable'
02:43:09.877 [main] DEBUG com.tngtech.archunit.core.importer.JavaClassProcessor - Processing class 'org/springframework/beans/factory/BeanFactoryAware'
02:43:09.877 [main] DEBUG com.tngtech.archunit.core.importer.JavaClassProcessor - Processing class 'org/springframework/context/annotation/ComponentScans'
02:43:09.877 [main] DEBUG com.tngtech.archunit.core.importer.JavaClassProcessor - Processing class 'org/springframework/stereotype/Indexed'
02:43:09.877 [main] DEBUG com.tngtech.archunit.core.importer.JavaClassProcessor - Processing class 'java/lang/reflect/GenericDeclaration'
02:43:09.878 [main] DEBUG com.tngtech.archunit.core.importer.JavaClassProcessor - Processing class 'java/util/Map$Entry'
02:43:09.878 [main] DEBUG com.tngtech.archunit.core.importer.JavaClassProcessor - Processing class 'org/springframework/http/HttpMethod'
02:43:09.878 [main] DEBUG com.tngtech.archunit.core.importer.JavaClassProcessor - Processing class 'org/springframework/context/annotation/ScopedProxyMode'
02:43:09.878 [main] DEBUG com.tngtech.archunit.core.importer.JavaClassProcessor - Processing class 'org/springframework/util/MultiValueMap'
02:43:09.878 [main] DEBUG com.tngtech.archunit.core.importer.JavaClassProcessor - Processing class 'org/springframework/context/annotation/Import'
02:43:09.879 [main] DEBUG com.tngtech.archunit.core.importer.JavaClassProcessor - Processing class 'org/springframework/http/HttpRange'
02:43:09.879 [main] DEBUG com.tngtech.archunit.core.importer.JavaClassProcessor - Processing class 'java/lang/reflect/Field'
02:43:09.879 [main] DEBUG com.tngtech.archunit.core.importer.JavaClassProcessor - Processing class 'org/springframework/context/ApplicationContext'
02:43:09.880 [main] DEBUG com.tngtech.archunit.core.importer.JavaClassProcessor - Processing class 'org/springframework/context/Lifecycle'
02:43:09.880 [main] DEBUG com.tngtech.archunit.core.importer.JavaClassProcessor - Processing class 'org/springframework/context/ApplicationEvent'
02:43:09.880 [main] DEBUG com.tngtech.archunit.core.importer.JavaClassProcessor - Processing class 'org/springframework/context/annotation/ScopeMetadataResolver'
02:43:09.880 [main] DEBUG com.tngtech.archunit.core.importer.JavaClassProcessor - Processing class 'java/io/Closeable'
02:43:09.880 [main] DEBUG com.tngtech.archunit.core.importer.JavaClassProcessor - Processing class 'org/springframework/core/env/AbstractEnvironment'
02:43:09.881 [main] DEBUG com.tngtech.archunit.core.importer.JavaClassProcessor - Processing class 'org/springframework/beans/factory/HierarchicalBeanFactory'
02:43:09.881 [main] DEBUG com.tngtech.archunit.core.importer.JavaClassProcessor - Processing class 'org/springframework/boot/autoconfigure/AutoConfigurationImportListener'
02:43:09.881 [main] DEBUG com.tngtech.archunit.core.importer.JavaClassProcessor - Processing class 'java/nio/charset/spi/CharsetProvider'
02:43:09.881 [main] DEBUG com.tngtech.archunit.core.importer.JavaClassProcessor - Processing class 'java/lang/AutoCloseable'
02:43:09.881 [main] DEBUG com.tngtech.archunit.core.importer.JavaClassProcessor - Processing class 'java/util/EventObject'
02:43:09.881 [main] DEBUG com.tngtech.archunit.core.importer.JavaClassProcessor - Processing class 'org/springframework/util/MimeType'
02:43:09.882 [main] DEBUG com.tngtech.archunit.core.importer.JavaClassProcessor - Processing class 'java/lang/Character'
02:43:09.882 [main] DEBUG com.tngtech.archunit.core.importer.JavaClassProcessor - Processing class 'org/springframework/data/repository/Repository'
02:43:09.882 [main] DEBUG com.tngtech.archunit.core.importer.JavaClassProcessor - Processing class 'java/util/Map'
02:43:09.883 [main] DEBUG com.tngtech.archunit.core.importer.JavaClassProcessor - Processing class 'org/springframework/context/ApplicationEventPublisher'
02:43:09.883 [main] DEBUG com.tngtech.archunit.core.importer.JavaClassProcessor - Processing class 'java/lang/reflect/Executable'
02:43:09.883 [main] DEBUG com.tngtech.archunit.core.importer.JavaClassProcessor - Processing class 'org/springframework/boot/autoconfigure/AutoConfigurationPackages$Registrar'
02:43:09.884 [main] DEBUG com.tngtech.archunit.core.importer.JavaClassProcessor - Processing class 'java/lang/Cloneable'
02:43:09.884 [main] DEBUG com.tngtech.archunit.core.importer.JavaClassProcessor - Processing class 'java/lang/ThreadLocal'
02:43:09.884 [main] DEBUG com.tngtech.archunit.core.importer.JavaClassProcessor - Processing class 'java/lang/reflect/Member'
02:43:09.884 [main] DEBUG com.tngtech.archunit.core.importer.JavaClassProcessor - Processing class 'sun/util/locale/LocaleExtensions'
02:43:09.884 [main] DEBUG com.tngtech.archunit.core.importer.JavaClassProcessor - Processing class 'org/springframework/beans/factory/ListableBeanFactory'
02:43:09.885 [main] DEBUG com.tngtech.archunit.core.importer.JavaClassProcessor - Processing class 'org/springframework/core/Ordered'
02:43:09.885 [main] DEBUG com.tngtech.archunit.core.importer.JavaClassProcessor - Processing class 'org/springframework/context/annotation/DeferredImportSelector'
02:43:09.885 [main] DEBUG com.tngtech.archunit.core.importer.JavaClassProcessor - Processing class 'org/springframework/beans/factory/Aware'
02:43:09.885 [main] DEBUG com.tngtech.archunit.core.importer.JavaClassProcessor - Processing class 'org/springframework/core/ResolvableTypeProvider'
02:43:09.885 [main] DEBUG com.tngtech.archunit.core.importer.JavaClassProcessor - Processing class 'org/springframework/core/io/support/ResourceRegion'
02:43:09.885 [main] DEBUG com.tngtech.archunit.core.importer.JavaClassProcessor - Processing class 'org/springframework/boot/autoconfigure/AutoConfigurationImportFilter'
02:43:09.886 [main] DEBUG com.tngtech.archunit.core.importer.JavaClassProcessor - Processing class 'org/springframework/core/env/ConfigurableEnvironment'
02:43:09.886 [main] DEBUG com.tngtech.archunit.core.importer.JavaClassProcessor - Processing class 'org/springframework/core/env/EnvironmentCapable'
02:43:09.886 [main] DEBUG com.tngtech.archunit.core.importer.JavaClassProcessor - Processing class 'org/springframework/context/MessageSource'
02:43:09.886 [main] DEBUG com.tngtech.archunit.core.importer.JavaClassProcessor - Processing class 'java/lang/reflect/AccessibleObject'
02:43:09.886 [main] DEBUG com.tngtech.archunit.core.importer.JavaClassProcessor - Processing class 'org/springframework/context/ResourceLoaderAware'
02:43:09.886 [main] DEBUG com.tngtech.archunit.core.importer.JavaClassProcessor - Processing class 'org/springframework/context/annotation/DeferredImportSelector$Group'
02:43:09.887 [main] DEBUG com.tngtech.archunit.core.importer.JavaClassProcessor - Processing class 'org/springframework/context/EnvironmentAware'
02:43:09.887 [main] DEBUG com.tngtech.archunit.core.importer.JavaClassProcessor - Processing class 'org/springframework/core/io/support/ResourcePatternResolver'
02:43:09.887 [main] DEBUG com.tngtech.archunit.core.importer.JavaClassProcessor - Processing class 'sun/util/locale/Extension'
02:43:09.887 [main] DEBUG com.tngtech.archunit.core.importer.JavaClassProcessor - Processing class 'org/springframework/core/env/ConfigurablePropertyResolver'
02:43:09.887 [main] DEBUG com.tngtech.archunit.core.importer.JavaClassProcessor - Processing class 'org/springframework/context/annotation/DeferredImportSelector$Group$Entry'
02:43:09.887 [main] DEBUG com.tngtech.archunit.core.importer.JavaClassProcessor - Processing class 'org/springframework/context/annotation/ImportBeanDefinitionRegistrar'
02:43:09.887 [main] DEBUG com.tngtech.archunit.core.importer.JavaClassProcessor - Processing class 'org/springframework/context/annotation/ImportSelector'
02:43:09.888 [main] DEBUG com.tngtech.archunit.core.importer.JavaClassProcessor - Processing class 'org/springframework/core/io/ResourceLoader'
02:43:09.888 [main] DEBUG com.tngtech.archunit.core.importer.JavaClassProcessor - Processing class 'org/springframework/boot/autoconfigure/AutoConfigurationPackages'
02:43:09.888 [main] DEBUG com.tngtech.archunit.core.importer.JavaClassProcessor - Processing class 'org/springframework/boot/context/annotation/DeterminableImports'
02:43:09.888 [main] DEBUG com.tngtech.archunit.core.importer.JavaClassProcessor - Processing class 'org/springframework/core/env/Environment'
02:43:09.888 [main] DEBUG com.tngtech.archunit.core.importer.JavaClassProcessor - Processing class 'org/springframework/beans/factory/BeanFactory'
02:43:09.889 [main] DEBUG com.tngtech.archunit.core.importer.JavaClassProcessor - Processing class 'sun/util/locale/InternalLocaleBuilder$CaseInsensitiveString'
02:43:09.889 [main] DEBUG com.tngtech.archunit.core.importer.JavaClassProcessor - Processing class 'sun/util/locale/InternalLocaleBuilder$CaseInsensitiveChar'
02:43:09.889 [main] DEBUG com.tngtech.archunit.core.importer.JavaClassProcessor - Processing class 'org/springframework/core/env/PropertyResolver'
02:43:09.889 [main] DEBUG com.tngtech.archunit.core.importer.JavaClassProcessor - Processing class 'sun/util/locale/InternalLocaleBuilder'
02:43:09.890 [main] DEBUG com.tngtech.archunit.core.importer.JavaClassProcessor - Processing class 'java/io/IOException'
02:43:09.890 [main] DEBUG com.tngtech.archunit.core.importer.JavaClassProcessor - Processing class 'java/util/stream/IntStream'
02:43:09.891 [main] DEBUG com.tngtech.archunit.core.importer.JavaClassProcessor - Processing class 'java/lang/Module'
02:43:09.892 [main] DEBUG com.tngtech.archunit.core.importer.JavaClassProcessor - Processing class 'java/lang/Class$AnnotationData'
02:43:09.892 [main] DEBUG com.tngtech.archunit.core.importer.JavaClassProcessor - Processing class 'sun/reflect/annotation/AnnotationType'
02:43:09.892 [main] DEBUG com.tngtech.archunit.core.importer.JavaClassProcessor - Processing class 'java/io/ObjectStreamField'
02:43:09.893 [main] DEBUG com.tngtech.archunit.core.importer.JavaClassProcessor - Processing class 'jdk/internal/reflect/ReflectionFactory'
02:43:09.893 [main] DEBUG com.tngtech.archunit.core.importer.JavaClassProcessor - Processing class 'sun/reflect/generics/repository/ClassRepository'
02:43:09.893 [main] DEBUG com.tngtech.archunit.core.importer.JavaClassProcessor - Processing class 'java/lang/reflect/Constructor'
02:43:09.893 [main] DEBUG com.tngtech.archunit.core.importer.JavaClassProcessor - Processing class 'java/security/ProtectionDomain'
02:43:09.893 [main] DEBUG com.tngtech.archunit.core.importer.JavaClassProcessor - Processing class 'java/lang/ClassValue$ClassValueMap'
02:43:09.894 [main] DEBUG com.tngtech.archunit.core.importer.JavaClassProcessor - Processing class 'java/lang/ClassLoader'
02:43:09.895 [main] DEBUG com.tngtech.archunit.core.importer.JavaClassProcessor - Processing class 'java/lang/ref/SoftReference'
02:43:09.896 [main] DEBUG com.tngtech.archunit.core.importer.JavaClassProcessor - Processing class 'java/lang/NoSuchMethodException'
02:43:09.896 [main] DEBUG com.tngtech.archunit.core.importer.JavaClassProcessor - Processing class 'java/lang/SecurityException'
02:43:09.896 [main] DEBUG com.tngtech.archunit.core.importer.JavaClassProcessor - Processing class 'java/lang/SecurityManager'
02:43:09.897 [main] DEBUG com.tngtech.archunit.core.importer.JavaClassProcessor - Processing class 'jdk/internal/reflect/ConstantPool'
02:43:09.897 [main] DEBUG com.tngtech.archunit.core.importer.JavaClassProcessor - Processing class 'java/net/URL'
02:43:09.899 [main] DEBUG com.tngtech.archunit.core.importer.JavaClassProcessor - Processing class 'java/lang/reflect/TypeVariable'
02:43:09.899 [main] DEBUG com.tngtech.archunit.core.importer.JavaClassProcessor - Processing class 'java/lang/reflect/AnnotatedType'
02:43:09.900 [main] DEBUG com.tngtech.archunit.core.importer.JavaClassProcessor - Processing class 'java/lang/Package'
02:43:09.900 [main] DEBUG com.tngtech.archunit.core.importer.JavaClassProcessor - Processing class 'java/lang/NoSuchFieldException'
02:43:09.900 [main] DEBUG com.tngtech.archunit.core.importer.JavaClassProcessor - Processing class 'java/lang/ClassNotFoundException'
02:43:09.901 [main] DEBUG com.tngtech.archunit.core.importer.JavaClassProcessor - Processing class 'java/lang/InstantiationException'
02:43:09.901 [main] DEBUG com.tngtech.archunit.core.importer.JavaClassProcessor - Processing class 'java/lang/IllegalAccessException'
02:43:09.901 [main] DEBUG com.tngtech.archunit.core.importer.JavaClassProcessor - Processing class 'sun/reflect/generics/factory/GenericsFactory'
02:43:09.901 [main] DEBUG com.tngtech.archunit.core.importer.JavaClassProcessor - Processing class 'java/io/InputStream'
02:43:09.901 [main] DEBUG com.tngtech.archunit.core.importer.JavaClassProcessor - Processing class 'java/lang/Class$EnclosingMethodInfo'
02:43:09.902 [main] DEBUG com.tngtech.archunit.core.importer.JavaClassProcessor - Processing class 'java/lang/PublicMethods$MethodList'
02:43:09.902 [main] DEBUG com.tngtech.archunit.core.importer.JavaClassProcessor - Processing class 'java/io/ObjectInputStream'
02:43:09.903 [main] DEBUG com.tngtech.archunit.core.importer.JavaClassProcessor - Processing class 'java/lang/CloneNotSupportedException'
02:43:09.903 [main] DEBUG com.tngtech.archunit.core.importer.JavaClassProcessor - Processing class 'java/io/ObjectStreamException'
02:43:09.903 [main] DEBUG com.tngtech.archunit.core.importer.JavaClassProcessor - Processing class 'java/util/Spliterator'
02:43:09.903 [main] DEBUG com.tngtech.archunit.core.importer.JavaClassProcessor - Processing class 'java/util/Iterator'
02:43:09.903 [main] DEBUG com.tngtech.archunit.core.importer.JavaClassProcessor - Processing class 'java/util/function/Consumer'
02:43:09.903 [main] DEBUG com.tngtech.archunit.core.importer.JavaClassProcessor - Processing class 'java/lang/NumberFormatException'
02:43:09.904 [main] DEBUG com.tngtech.archunit.core.importer.JavaClassProcessor - Processing class 'java/math/BigInteger'
02:43:09.905 [main] DEBUG com.tngtech.archunit.core.importer.JavaClassProcessor - Processing class 'java/lang/InterruptedException'
02:43:09.905 [main] DEBUG com.tngtech.archunit.core.importer.JavaClassProcessor - Processing class 'java/util/Comparator'
02:43:09.906 [main] DEBUG com.tngtech.archunit.core.importer.JavaClassProcessor - Processing class 'java/lang/AbstractStringBuilder'
02:43:09.906 [main] DEBUG com.tngtech.archunit.core.importer.JavaClassProcessor - Processing class 'java/lang/StringBuffer'
02:43:09.906 [main] DEBUG com.tngtech.archunit.core.importer.JavaClassProcessor - Processing class 'java/util/stream/Stream'
02:43:09.906 [main] DEBUG com.tngtech.archunit.core.importer.JavaClassProcessor - Processing class 'java/io/UnsupportedEncodingException'
02:43:09.907 [main] DEBUG com.tngtech.archunit.core.importer.JavaClassProcessor - Processing class 'java/lang/StringBuilder'
02:43:09.907 [main] DEBUG com.tngtech.archunit.core.importer.JavaClassProcessor - Processing class 'java/util/concurrent/atomic/AtomicInteger'
02:43:09.908 [main] DEBUG com.tngtech.archunit.core.importer.JavaClassProcessor - Processing class 'java/util/function/Supplier'
02:43:09.908 [main] DEBUG com.tngtech.archunit.core.importer.JavaClassProcessor - Processing class 'java/lang/ThreadLocal$ThreadLocalMap'
02:43:09.908 [main] DEBUG com.tngtech.archunit.core.importer.JavaClassProcessor - Processing class 'java/lang/Thread'
02:43:09.908 [main] DEBUG com.tngtech.archunit.core.importer.JavaClassProcessor - Processing class 'java/lang/StackTraceElement'
02:43:09.909 [main] DEBUG com.tngtech.archunit.core.importer.JavaClassProcessor - Processing class 'java/io/PrintStream'
02:43:09.909 [main] DEBUG com.tngtech.archunit.core.importer.JavaClassProcessor - Processing class 'java/lang/Throwable$PrintStreamOrWriter'
02:43:09.909 [main] DEBUG com.tngtech.archunit.core.importer.JavaClassProcessor - Processing class 'java/util/Set'
02:43:09.909 [main] DEBUG com.tngtech.archunit.core.importer.JavaClassProcessor - Processing class 'java/io/ObjectOutputStream'
02:43:09.910 [main] DEBUG com.tngtech.archunit.core.importer.JavaClassProcessor - Processing class 'java/io/PrintWriter'
02:43:09.911 [main] DEBUG com.tngtech.archunit.core.importer.JavaClassProcessor - Processing class 'java/lang/reflect/Parameter'
02:43:09.912 [main] DEBUG com.tngtech.archunit.core.importer.JavaClassProcessor - Processing class 'sun/reflect/generics/repository/ConstructorRepository'
02:43:09.912 [main] DEBUG com.tngtech.archunit.core.importer.JavaClassProcessor - Processing class 'sun/reflect/generics/repository/FieldRepository'
02:43:09.912 [main] DEBUG com.tngtech.archunit.core.importer.JavaClassProcessor - Processing class 'jdk/internal/reflect/FieldAccessor'
02:43:09.912 [main] DEBUG com.tngtech.archunit.core.importer.JavaClassProcessor - Processing class 'java/lang/IllegalArgumentException'
02:43:09.912 [main] DEBUG com.tngtech.archunit.core.importer.JavaClassProcessor - Processing class 'sun/reflect/generics/repository/MethodRepository'
02:43:09.913 [main] DEBUG com.tngtech.archunit.core.importer.JavaClassProcessor - Processing class 'jdk/internal/reflect/MethodAccessor'
02:43:09.913 [main] DEBUG com.tngtech.archunit.core.importer.JavaClassProcessor - Processing class 'java/lang/reflect/InvocationTargetException'
02:43:09.913 [main] DEBUG com.tngtech.archunit.core.importer.JavaClassProcessor - Processing class 'java/nio/charset/CharsetDecoder'
02:43:09.913 [main] DEBUG com.tngtech.archunit.core.importer.JavaClassProcessor - Processing class 'java/nio/CharBuffer'
02:43:09.913 [main] DEBUG com.tngtech.archunit.core.importer.JavaClassProcessor - Processing class 'java/nio/ByteBuffer'
02:43:09.913 [main] DEBUG com.tngtech.archunit.core.importer.JavaClassProcessor - Processing class 'java/nio/charset/CharsetEncoder'
02:43:09.914 [main] DEBUG com.tngtech.archunit.core.importer.JavaClassProcessor - Processing class 'java/util/SortedMap'
02:43:09.914 [main] DEBUG com.tngtech.archunit.core.importer.JavaClassProcessor - Processing class 'java/util/function/IntFunction'
02:43:09.914 [main] DEBUG com.tngtech.archunit.core.importer.JavaClassProcessor - Processing class 'java/util/function/Predicate'
02:43:09.914 [main] DEBUG com.tngtech.archunit.core.importer.JavaClassProcessor - Processing class 'java/util/ListIterator'
02:43:09.914 [main] DEBUG com.tngtech.archunit.core.importer.JavaClassProcessor - Processing class 'java/util/function/UnaryOperator'
02:43:09.914 [main] DEBUG com.tngtech.archunit.core.importer.JavaClassProcessor - Processing class 'java/util/Locale$Cache'
02:43:09.915 [main] DEBUG com.tngtech.archunit.core.importer.JavaClassProcessor - Processing class 'sun/util/locale/BaseLocale'
02:43:09.915 [main] DEBUG com.tngtech.archunit.core.importer.JavaClassProcessor - Processing class 'java/util/Locale$IsoCountryCode'
02:43:09.915 [main] DEBUG com.tngtech.archunit.core.importer.JavaClassProcessor - Processing class 'java/util/Locale$Category'
02:43:09.915 [main] DEBUG com.tngtech.archunit.core.importer.JavaClassProcessor - Processing class 'java/util/Locale$FilteringMode'
02:43:09.915 [main] DEBUG com.tngtech.archunit.core.importer.JavaClassProcessor - Processing class 'java/util/MissingResourceException'
02:43:09.915 [main] DEBUG com.tngtech.archunit.core.importer.JavaClassProcessor - Processing class 'sun/util/locale/provider/LocaleResources'
02:43:09.916 [main] DEBUG com.tngtech.archunit.core.importer.JavaClassProcessor - Processing class 'java/util/function/BiFunction'
02:43:09.916 [main] DEBUG com.tngtech.archunit.core.importer.JavaClassProcessor - Processing class 'java/util/function/BiConsumer'
02:43:09.916 [main] DEBUG com.tngtech.archunit.core.importer.JavaClassProcessor - Processing class 'java/util/function/Function'
02:43:09.917 [main] DEBUG com.tngtech.archunit.core.importer.JavaClassProcessor - Processing class 'java/lang/invoke/SerializedLambda'
02:43:09.917 [main] DEBUG com.tngtech.archunit.core.importer.JavaClassProcessor - Processing class 'java/lang/Runnable'
02:43:09.918 [main] DEBUG com.tngtech.archunit.core.importer.JavaClassProcessor - Processing class 'org/springframework/core/ResolvableType'
02:43:09.918 [main] DEBUG com.tngtech.archunit.core.importer.JavaClassProcessor - Processing class 'org/springframework/beans/factory/NoSuchBeanDefinitionException'
02:43:09.919 [main] DEBUG com.tngtech.archunit.core.importer.JavaClassProcessor - Processing class 'org/springframework/beans/BeansException'
02:43:09.919 [main] DEBUG com.tngtech.archunit.core.importer.JavaClassProcessor - Processing class 'org/springframework/beans/factory/ObjectProvider'
02:43:09.919 [main] DEBUG com.tngtech.archunit.core.importer.JavaClassProcessor - Processing class 'org/springframework/beans/factory/config/BeanDefinition'
02:43:09.919 [main] DEBUG com.tngtech.archunit.core.importer.JavaClassProcessor - Processing class 'org/springframework/beans/factory/support/BeanDefinitionRegistry'
02:43:09.920 [main] DEBUG com.tngtech.archunit.core.importer.JavaClassProcessor - Processing class 'org/springframework/boot/BootstrapRegistry'
02:43:09.920 [main] DEBUG com.tngtech.archunit.core.importer.JavaClassProcessor - Processing class 'org/springframework/boot/Banner$Mode'
02:43:09.920 [main] DEBUG com.tngtech.archunit.core.importer.JavaClassProcessor - Processing class 'org/springframework/boot/WebApplicationType'
02:43:09.920 [main] DEBUG com.tngtech.archunit.core.importer.JavaClassProcessor - Processing class 'org/springframework/boot/ApplicationContextFactory'
02:43:09.920 [main] DEBUG com.tngtech.archunit.core.importer.JavaClassProcessor - Processing class 'org/springframework/boot/SpringApplicationShutdownHook'
02:43:09.921 [main] DEBUG com.tngtech.archunit.core.importer.JavaClassProcessor - Processing class 'org/springframework/boot/Banner'
02:43:09.921 [main] DEBUG com.tngtech.archunit.core.importer.JavaClassProcessor - Processing class 'org/apache/commons/logging/Log'
02:43:09.921 [main] DEBUG com.tngtech.archunit.core.importer.JavaClassProcessor - Processing class 'org/springframework/core/metrics/ApplicationStartup'
02:43:09.921 [main] DEBUG com.tngtech.archunit.core.importer.JavaClassProcessor - Processing class 'org/springframework/boot/CommandLineRunner'
02:43:09.921 [main] DEBUG com.tngtech.archunit.core.importer.JavaClassProcessor - Processing class 'org/springframework/boot/ApplicationArguments'
02:43:09.922 [main] DEBUG com.tngtech.archunit.core.importer.JavaClassProcessor - Processing class 'org/springframework/boot/DefaultBootstrapContext'
02:43:09.922 [main] DEBUG com.tngtech.archunit.core.importer.JavaClassProcessor - Processing class 'org/springframework/boot/SpringApplicationRunListeners'
02:43:09.923 [main] DEBUG com.tngtech.archunit.core.importer.JavaClassProcessor - Processing class 'org/springframework/boot/ExitCodeGenerator'
02:43:09.923 [main] DEBUG com.tngtech.archunit.core.importer.JavaClassProcessor - Processing class 'org/springframework/boot/SpringBootExceptionHandler'
02:43:09.923 [main] DEBUG com.tngtech.archunit.core.importer.JavaClassProcessor - Processing class 'org/springframework/boot/Bootstrapper'
02:43:09.923 [main] DEBUG com.tngtech.archunit.core.importer.JavaClassProcessor - Processing class 'org/springframework/boot/ApplicationRunner'
02:43:09.923 [main] DEBUG com.tngtech.archunit.core.importer.JavaClassProcessor - Processing class 'org/springframework/boot/SpringApplicationShutdownHandlers'
02:43:09.923 [main] DEBUG com.tngtech.archunit.core.importer.JavaClassProcessor - Processing class 'java/util/Properties'
02:43:09.924 [main] DEBUG com.tngtech.archunit.core.importer.JavaClassProcessor - Processing class 'org/springframework/boot/BeanDefinitionLoader'
02:43:09.925 [main] DEBUG com.tngtech.archunit.core.importer.JavaClassProcessor - Processing class 'org/springframework/core/type/classreading/MetadataReader'
02:43:09.925 [main] DEBUG com.tngtech.archunit.core.importer.JavaClassProcessor - Processing class 'org/springframework/core/type/classreading/MetadataReaderFactory'
02:43:09.925 [main] DEBUG com.tngtech.archunit.core.importer.JavaClassProcessor - Processing class 'org/springframework/boot/autoconfigure/AutoConfigurationMetadata'
02:43:09.925 [main] DEBUG com.tngtech.archunit.core.importer.JavaClassProcessor - Processing class 'org/springframework/boot/autoconfigure/AutoConfigurationImportEvent'
02:43:09.926 [main] DEBUG com.tngtech.archunit.core.importer.JavaClassProcessor - Processing class 'org/springframework/boot/autoconfigure/AutoConfigurationImportSelector$AutoConfigurationEntry'
02:43:09.926 [main] DEBUG com.tngtech.archunit.core.importer.JavaClassProcessor - Processing class 'org/springframework/boot/autoconfigure/AutoConfigurationImportSelector$ConfigurationClassFilter'
02:43:09.926 [main] DEBUG com.tngtech.archunit.core.importer.JavaClassProcessor - Processing class 'org/springframework/beans/factory/config/ConfigurableListableBeanFactory'
02:43:09.926 [main] DEBUG com.tngtech.archunit.core.importer.JavaClassProcessor - Processing class 'org/springframework/core/type/AnnotationMetadata'
02:43:09.927 [main] DEBUG com.tngtech.archunit.core.importer.JavaClassProcessor - Processing class 'org/springframework/core/annotation/AnnotationAttributes'
02:43:09.928 [main] DEBUG com.tngtech.archunit.core.importer.JavaClassProcessor - Processing class 'org/springframework/beans/factory/config/AutowireCapableBeanFactory'
02:43:09.928 [main] DEBUG com.tngtech.archunit.core.importer.JavaClassProcessor - Processing class 'java/lang/IllegalStateException'
02:43:09.928 [main] DEBUG com.tngtech.archunit.core.importer.JavaClassProcessor - Processing class 'java/time/Clock'
02:43:09.929 [main] DEBUG com.tngtech.archunit.core.importer.JavaClassProcessor - Processing class 'org/springframework/core/io/ProtocolResolver'
02:43:09.929 [main] DEBUG com.tngtech.archunit.core.importer.JavaClassProcessor - Processing class 'org/springframework/beans/factory/config/BeanFactoryPostProcessor'
02:43:09.930 [main] DEBUG com.tngtech.archunit.core.importer.JavaClassProcessor - Processing class 'org/springframework/context/NoSuchMessageException'
02:43:09.930 [main] DEBUG com.tngtech.archunit.core.importer.JavaClassProcessor - Processing class 'org/springframework/context/MessageSourceResolvable'
02:43:09.931 [main] DEBUG com.tngtech.archunit.core.importer.JavaClassProcessor - Processing class 'org/springframework/context/annotation/ScopeMetadata'
02:43:09.933 [main] DEBUG com.tngtech.archunit.core.importer.JavaClassProcessor - Processing class 'org/springframework/core/env/MutablePropertySources'
02:43:09.933 [main] DEBUG com.tngtech.archunit.core.importer.JavaClassProcessor - Processing class 'org/springframework/core/env/Profiles'
02:43:09.934 [main] DEBUG com.tngtech.archunit.core.importer.JavaClassProcessor - Processing class 'org/springframework/core/convert/support/ConfigurableConversionService'
02:43:09.934 [main] DEBUG com.tngtech.archunit.core.importer.JavaClassProcessor - Processing class 'org/springframework/core/env/MissingRequiredPropertiesException'
02:43:09.935 [main] DEBUG com.tngtech.archunit.core.importer.JavaClassProcessor - Processing class 'org/springframework/core/io/Resource'
02:43:09.935 [main] DEBUG com.tngtech.archunit.core.importer.JavaClassProcessor - Processing class 'org/springframework/data/domain/Example'
02:43:09.935 [main] DEBUG com.tngtech.archunit.core.importer.JavaClassProcessor - Processing class 'org/springframework/data/domain/Sort'
02:43:09.936 [main] DEBUG com.tngtech.archunit.core.importer.JavaClassProcessor - Processing class 'org/springframework/data/domain/Page'
02:43:09.936 [main] DEBUG com.tngtech.archunit.core.importer.JavaClassProcessor - Processing class 'org/springframework/data/domain/Pageable'
02:43:09.936 [main] DEBUG com.tngtech.archunit.core.importer.JavaClassProcessor - Processing class 'java/time/ZoneId'
02:43:09.936 [main] DEBUG com.tngtech.archunit.core.importer.JavaClassProcessor - Processing class 'java/text/DecimalFormatSymbols'
02:43:09.937 [main] DEBUG com.tngtech.archunit.core.importer.JavaClassProcessor - Processing class 'java/time/format/DateTimeFormatter'
02:43:09.937 [main] DEBUG com.tngtech.archunit.core.importer.JavaClassProcessor - Processing class 'java/util/regex/Pattern'
02:43:09.938 [main] DEBUG com.tngtech.archunit.core.importer.JavaClassProcessor - Processing class 'java/time/Instant'
02:43:09.938 [main] DEBUG com.tngtech.archunit.core.importer.JavaClassProcessor - Processing class 'java/time/ZonedDateTime'
02:43:09.938 [main] DEBUG com.tngtech.archunit.core.importer.JavaClassProcessor - Processing class 'java/net/URI'
02:43:09.939 [main] DEBUG com.tngtech.archunit.core.importer.JavaClassProcessor - Processing class 'java/net/InetSocketAddress'
02:43:09.939 [main] DEBUG com.tngtech.archunit.core.importer.JavaClassProcessor - Processing class 'org/springframework/http/ContentDisposition'
02:43:09.940 [main] DEBUG com.tngtech.archunit.core.importer.JavaClassProcessor - Processing class 'org/springframework/http/CacheControl'
02:43:09.940 [main] DEBUG com.tngtech.archunit.core.importer.JavaClassProcessor - Processing class 'java/time/Duration'
02:43:09.941 [main] DEBUG com.tngtech.archunit.core.importer.JavaClassProcessor - Processing class 'org/springframework/http/HttpStatus'
02:43:09.942 [main] DEBUG com.tngtech.archunit.core.importer.JavaClassProcessor - Processing class 'org/springframework/http/ResponseEntity$1'
02:43:09.942 [main] DEBUG com.tngtech.archunit.core.importer.JavaClassProcessor - Processing class 'java/util/BitSet'
02:43:09.943 [main] DEBUG com.tngtech.archunit.core.importer.JavaClassProcessor - Processing class 'sun/util/locale/LocaleSyntaxException'
02:43:09.944 [main] DEBUG com.tngtech.archunit.core.importer.JavaClassProcessor - Processing class 'sun/util/locale/LanguageTag'
]]></system-out>
  </testcase>
  <testcase name="shouldFollowLayeredArchitecture" classname="archtests.SongArchitectureTests" time="0.142">
    <system-out><![CDATA[02:43:09.955 [main] DEBUG com.tngtech.archunit.core.importer.UrlSource$From - Found URLs on sun.boot.class.path: []
02:43:09.958 [main] DEBUG com.tngtech.archunit.core.importer.UrlSource$From - Found URLs on java.class.path: [file:/M:/Lab/song-manager/target/test-classes/, file:/M:/Lab/song-manager/target/classes/, jar:file:/C:/Users/User/.m2/repository/org/springframework/boot/spring-boot-starter-web/2.5.4/spring-boot-starter-web-2.5.4.jar!/, jar:file:/C:/Users/User/.m2/repository/org/springframework/boot/spring-boot-starter/2.5.4/spring-boot-starter-2.5.4.jar!/, jar:file:/C:/Users/User/.m2/repository/org/springframework/boot/spring-boot/2.5.4/spring-boot-2.5.4.jar!/, jar:file:/C:/Users/User/.m2/repository/org/springframework/boot/spring-boot-autoconfigure/2.5.4/spring-boot-autoconfigure-2.5.4.jar!/, jar:file:/C:/Users/User/.m2/repository/org/springframework/boot/spring-boot-starter-logging/2.5.4/spring-boot-starter-logging-2.5.4.jar!/, jar:file:/C:/Users/User/.m2/repository/ch/qos/logback/logback-classic/1.2.5/logback-classic-1.2.5.jar!/, jar:file:/C:/Users/User/.m2/repository/ch/qos/logback/logback-core/1.2.5/logback-core-1.2.5.jar!/, jar:file:/C:/Users/User/.m2/repository/org/apache/logging/log4j/log4j-to-slf4j/2.14.1/log4j-to-slf4j-2.14.1.jar!/, jar:file:/C:/Users/User/.m2/repository/org/apache/logging/log4j/log4j-api/2.14.1/log4j-api-2.14.1.jar!/, jar:file:/C:/Users/User/.m2/repository/org/slf4j/jul-to-slf4j/1.7.32/jul-to-slf4j-1.7.32.jar!/, jar:file:/C:/Users/User/.m2/repository/jakarta/annotation/jakarta.annotation-api/1.3.5/jakarta.annotation-api-1.3.5.jar!/, jar:file:/C:/Users/User/.m2/repository/org/yaml/snakeyaml/1.28/snakeyaml-1.28.jar!/, jar:file:/C:/Users/User/.m2/repository/org/springframework/boot/spring-boot-starter-json/2.5.4/spring-boot-starter-json-2.5.4.jar!/, jar:file:/C:/Users/User/.m2/repository/com/fasterxml/jackson/core/jackson-databind/2.12.4/jackson-databind-2.12.4.jar!/, jar:file:/C:/Users/User/.m2/repository/com/fasterxml/jackson/core/jackson-annotations/2.12.4/jackson-annotations-2.12.4.jar!/, jar:file:/C:/Users/User/.m2/repository/com/fasterxml/jackson/core/jackson-core/2.12.4/jackson-core-2.12.4.jar!/, jar:file:/C:/Users/User/.m2/repository/com/fasterxml/jackson/datatype/jackson-datatype-jdk8/2.12.4/jackson-datatype-jdk8-2.12.4.jar!/, jar:file:/C:/Users/User/.m2/repository/com/fasterxml/jackson/datatype/jackson-datatype-jsr310/2.12.4/jackson-datatype-jsr310-2.12.4.jar!/, jar:file:/C:/Users/User/.m2/repository/com/fasterxml/jackson/module/jackson-module-parameter-names/2.12.4/jackson-module-parameter-names-2.12.4.jar!/, jar:file:/C:/Users/User/.m2/repository/org/springframework/boot/spring-boot-starter-tomcat/2.5.4/spring-boot-starter-tomcat-2.5.4.jar!/, jar:file:/C:/Users/User/.m2/repository/org/apache/tomcat/embed/tomcat-embed-core/9.0.52/tomcat-embed-core-9.0.52.jar!/, jar:file:/C:/Users/User/.m2/repository/org/apache/tomcat/embed/tomcat-embed-el/9.0.52/tomcat-embed-el-9.0.52.jar!/, jar:file:/C:/Users/User/.m2/repository/org/apache/tomcat/embed/tomcat-embed-websocket/9.0.52/tomcat-embed-websocket-9.0.52.jar!/, jar:file:/C:/Users/User/.m2/repository/org/springframework/spring-web/5.3.9/spring-web-5.3.9.jar!/, jar:file:/C:/Users/User/.m2/repository/org/springframework/spring-beans/5.3.9/spring-beans-5.3.9.jar!/, jar:file:/C:/Users/User/.m2/repository/org/springframework/spring-webmvc/5.3.9/spring-webmvc-5.3.9.jar!/, jar:file:/C:/Users/User/.m2/repository/org/springframework/spring-aop/5.3.9/spring-aop-5.3.9.jar!/, jar:file:/C:/Users/User/.m2/repository/org/springframework/spring-context/5.3.9/spring-context-5.3.9.jar!/, jar:file:/C:/Users/User/.m2/repository/org/springframework/spring-expression/5.3.9/spring-expression-5.3.9.jar!/, jar:file:/C:/Users/User/.m2/repository/org/springframework/boot/spring-boot-starter-data-jpa/2.5.4/spring-boot-starter-data-jpa-2.5.4.jar!/, jar:file:/C:/Users/User/.m2/repository/org/springframework/boot/spring-boot-starter-aop/2.5.4/spring-boot-starter-aop-2.5.4.jar!/, jar:file:/C:/Users/User/.m2/repository/org/aspectj/aspectjweaver/1.9.7/aspectjweaver-1.9.7.jar!/, jar:file:/C:/Users/User/.m2/repository/org/springframework/boot/spring-boot-starter-jdbc/2.5.4/spring-boot-starter-jdbc-2.5.4.jar!/, jar:file:/C:/Users/User/.m2/repository/com/zaxxer/HikariCP/4.0.3/HikariCP-4.0.3.jar!/, jar:file:/C:/Users/User/.m2/repository/org/springframework/spring-jdbc/5.3.9/spring-jdbc-5.3.9.jar!/, jar:file:/C:/Users/User/.m2/repository/jakarta/transaction/jakarta.transaction-api/1.3.3/jakarta.transaction-api-1.3.3.jar!/, jar:file:/C:/Users/User/.m2/repository/jakarta/persistence/jakarta.persistence-api/2.2.3/jakarta.persistence-api-2.2.3.jar!/, jar:file:/C:/Users/User/.m2/repository/org/hibernate/hibernate-core/5.4.32.Final/hibernate-core-5.4.32.Final.jar!/, jar:file:/C:/Users/User/.m2/repository/org/jboss/logging/jboss-logging/3.4.2.Final/jboss-logging-3.4.2.Final.jar!/, jar:file:/C:/Users/User/.m2/repository/org/javassist/javassist/3.27.0-GA/javassist-3.27.0-GA.jar!/, jar:file:/C:/Users/User/.m2/repository/net/bytebuddy/byte-buddy/1.10.22/byte-buddy-1.10.22.jar!/, jar:file:/C:/Users/User/.m2/repository/antlr/antlr/2.7.7/antlr-2.7.7.jar!/, jar:file:/C:/Users/User/.m2/repository/org/jboss/jandex/2.2.3.Final/jandex-2.2.3.Final.jar!/, jar:file:/C:/Users/User/.m2/repository/com/fasterxml/classmate/1.5.1/classmate-1.5.1.jar!/, jar:file:/C:/Users/User/.m2/repository/org/dom4j/dom4j/2.1.3/dom4j-2.1.3.jar!/, jar:file:/C:/Users/User/.m2/repository/org/hibernate/common/hibernate-commons-annotations/5.1.2.Final/hibernate-commons-annotations-5.1.2.Final.jar!/, jar:file:/C:/Users/User/.m2/repository/org/glassfish/jaxb/jaxb-runtime/2.3.5/jaxb-runtime-2.3.5.jar!/, jar:file:/C:/Users/User/.m2/repository/org/glassfish/jaxb/txw2/2.3.5/txw2-2.3.5.jar!/, jar:file:/C:/Users/User/.m2/repository/com/sun/istack/istack-commons-runtime/3.0.12/istack-commons-runtime-3.0.12.jar!/, jar:file:/C:/Users/User/.m2/repository/com/sun/activation/jakarta.activation/1.2.2/jakarta.activation-1.2.2.jar!/, jar:file:/C:/Users/User/.m2/repository/org/springframework/data/spring-data-jpa/2.5.4/spring-data-jpa-2.5.4.jar!/, jar:file:/C:/Users/User/.m2/repository/org/springframework/data/spring-data-commons/2.5.4/spring-data-commons-2.5.4.jar!/, jar:file:/C:/Users/User/.m2/repository/org/springframework/spring-orm/5.3.9/spring-orm-5.3.9.jar!/, jar:file:/C:/Users/User/.m2/repository/org/springframework/spring-tx/5.3.9/spring-tx-5.3.9.jar!/, jar:file:/C:/Users/User/.m2/repository/org/springframework/spring-aspects/5.3.9/spring-aspects-5.3.9.jar!/, jar:file:/C:/Users/User/.m2/repository/com/h2database/h2/1.4.200/h2-1.4.200.jar!/, jar:file:/C:/Users/User/.m2/repository/javax/persistence/javax.persistence-api/2.2/javax.persistence-api-2.2.jar!/, jar:file:/C:/Users/User/.m2/repository/org/springframework/boot/spring-boot-starter-test/2.5.4/spring-boot-starter-test-2.5.4.jar!/, jar:file:/C:/Users/User/.m2/repository/org/springframework/boot/spring-boot-test/2.5.4/spring-boot-test-2.5.4.jar!/, jar:file:/C:/Users/User/.m2/repository/org/springframework/boot/spring-boot-test-autoconfigure/2.5.4/spring-boot-test-autoconfigure-2.5.4.jar!/, jar:file:/C:/Users/User/.m2/repository/com/jayway/jsonpath/json-path/2.5.0/json-path-2.5.0.jar!/, jar:file:/C:/Users/User/.m2/repository/net/minidev/json-smart/2.4.7/json-smart-2.4.7.jar!/, jar:file:/C:/Users/User/.m2/repository/net/minidev/accessors-smart/2.4.7/accessors-smart-2.4.7.jar!/, jar:file:/C:/Users/User/.m2/repository/org/ow2/asm/asm/9.1/asm-9.1.jar!/, jar:file:/C:/Users/User/.m2/repository/jakarta/xml/bind/jakarta.xml.bind-api/2.3.3/jakarta.xml.bind-api-2.3.3.jar!/, jar:file:/C:/Users/User/.m2/repository/jakarta/activation/jakarta.activation-api/1.2.2/jakarta.activation-api-1.2.2.jar!/, jar:file:/C:/Users/User/.m2/repository/org/assertj/assertj-core/3.19.0/assertj-core-3.19.0.jar!/, jar:file:/C:/Users/User/.m2/repository/org/hamcrest/hamcrest/2.2/hamcrest-2.2.jar!/, jar:file:/C:/Users/User/.m2/repository/org/junit/jupiter/junit-jupiter/5.7.2/junit-jupiter-5.7.2.jar!/, jar:file:/C:/Users/User/.m2/repository/org/junit/jupiter/junit-jupiter-api/5.7.2/junit-jupiter-api-5.7.2.jar!/, jar:file:/C:/Users/User/.m2/repository/org/apiguardian/apiguardian-api/1.1.0/apiguardian-api-1.1.0.jar!/, jar:file:/C:/Users/User/.m2/repository/org/opentest4j/opentest4j/1.2.0/opentest4j-1.2.0.jar!/, jar:file:/C:/Users/User/.m2/repository/org/junit/platform/junit-platform-commons/1.7.2/junit-platform-commons-1.7.2.jar!/, jar:file:/C:/Users/User/.m2/repository/org/junit/jupiter/junit-jupiter-params/5.7.2/junit-jupiter-params-5.7.2.jar!/, jar:file:/C:/Users/User/.m2/repository/org/junit/jupiter/junit-jupiter-engine/5.7.2/junit-jupiter-engine-5.7.2.jar!/, jar:file:/C:/Users/User/.m2/repository/org/junit/platform/junit-platform-engine/1.7.2/junit-platform-engine-1.7.2.jar!/, jar:file:/C:/Users/User/.m2/repository/org/mockito/mockito-core/3.9.0/mockito-core-3.9.0.jar!/, jar:file:/C:/Users/User/.m2/repository/net/bytebuddy/byte-buddy-agent/1.10.22/byte-buddy-agent-1.10.22.jar!/, jar:file:/C:/Users/User/.m2/repository/org/objenesis/objenesis/3.2/objenesis-3.2.jar!/, jar:file:/C:/Users/User/.m2/repository/org/mockito/mockito-junit-jupiter/3.9.0/mockito-junit-jupiter-3.9.0.jar!/, jar:file:/C:/Users/User/.m2/repository/org/skyscreamer/jsonassert/1.5.0/jsonassert-1.5.0.jar!/, jar:file:/C:/Users/User/.m2/repository/com/vaadin/external/google/android-json/0.0.20131108.vaadin1/android-json-0.0.20131108.vaadin1.jar!/, jar:file:/C:/Users/User/.m2/repository/org/springframework/spring-core/5.3.9/spring-core-5.3.9.jar!/, jar:file:/C:/Users/User/.m2/repository/org/springframework/spring-jcl/5.3.9/spring-jcl-5.3.9.jar!/, jar:file:/C:/Users/User/.m2/repository/org/springframework/spring-test/5.3.9/spring-test-5.3.9.jar!/, jar:file:/C:/Users/User/.m2/repository/org/xmlunit/xmlunit-core/2.8.2/xmlunit-core-2.8.2.jar!/, jar:file:/C:/Users/User/.m2/repository/com/tngtech/archunit/archunit-junit5/1.1.0/archunit-junit5-1.1.0.jar!/, jar:file:/C:/Users/User/.m2/repository/com/tngtech/archunit/archunit-junit5-api/1.1.0/archunit-junit5-api-1.1.0.jar!/, jar:file:/C:/Users/User/.m2/repository/com/tngtech/archunit/archunit-junit5-engine/1.1.0/archunit-junit5-engine-1.1.0.jar!/, jar:file:/C:/Users/User/.m2/repository/com/tngtech/archunit/archunit-junit5-engine-api/1.1.0/archunit-junit5-engine-api-1.1.0.jar!/, jar:file:/C:/Users/User/.m2/repository/com/tngtech/archunit/archunit/1.1.0/archunit-1.1.0.jar!/, jar:file:/C:/Users/User/.m2/repository/org/slf4j/slf4j-api/1.7.32/slf4j-api-1.7.32.jar!/]
02:43:09.965 [main] DEBUG com.tngtech.archunit.core.importer.JavaClassProcessor - Processing class 'com/example/songs/SongManagerApplication'
02:43:09.965 [main] DEBUG com.tngtech.archunit.core.importer.JavaClassProcessor - Processing class 'com/example/songs/repository/SongRepository'
02:43:09.966 [main] DEBUG com.tngtech.archunit.core.importer.JavaClassProcessor - Processing class 'com/example/songs/model/Song'
02:43:09.966 [main] DEBUG com.tngtech.archunit.core.importer.JavaClassProcessor - Processing class 'com/example/songs/service/SongService'
02:43:09.966 [main] DEBUG com.tngtech.archunit.core.importer.JavaClassProcessor - Processing class 'com/example/songs/controller/SongController'
02:43:09.967 [main] DEBUG com.tngtech.archunit.core.importer.JavaClassProcessor - Processing class 'org/springframework/web/bind/annotation/PathVariable'
02:43:09.967 [main] DEBUG com.tngtech.archunit.core.importer.JavaClassProcessor - Processing class 'org/springframework/web/bind/annotation/RequestMapping'
02:43:09.967 [main] DEBUG com.tngtech.archunit.core.importer.JavaClassProcessor - Processing class 'org/springframework/http/ResponseEntity$BodyBuilder'
02:43:09.967 [main] DEBUG com.tngtech.archunit.core.importer.JavaClassProcessor - Processing class 'org/springframework/web/bind/annotation/RequestBody'
02:43:09.968 [main] DEBUG com.tngtech.archunit.core.importer.JavaClassProcessor - Processing class 'org/springframework/boot/SpringApplication'
02:43:09.969 [main] DEBUG com.tngtech.archunit.core.importer.JavaClassProcessor - Processing class 'org/springframework/web/bind/annotation/PutMapping'
02:43:09.969 [main] DEBUG com.tngtech.archunit.core.importer.JavaClassProcessor - Processing class 'java/lang/Long'
02:43:09.969 [main] DEBUG com.tngtech.archunit.core.importer.JavaClassProcessor - Processing class 'org/springframework/stereotype/Service'
02:43:09.969 [main] DEBUG com.tngtech.archunit.core.importer.JavaClassProcessor - Processing class 'org/springframework/web/bind/annotation/GetMapping'
02:43:09.969 [main] DEBUG com.tngtech.archunit.core.importer.JavaClassProcessor - Processing class 'java/lang/String'
02:43:09.970 [main] DEBUG com.tngtech.archunit.core.importer.JavaClassProcessor - Processing class 'org/springframework/web/bind/annotation/DeleteMapping'
02:43:09.970 [main] DEBUG com.tngtech.archunit.core.importer.JavaClassProcessor - Processing class 'javax/persistence/Id'
02:43:09.970 [main] DEBUG com.tngtech.archunit.core.importer.JavaClassProcessor - Processing class 'javax/persistence/Entity'
02:43:09.970 [main] DEBUG com.tngtech.archunit.core.importer.JavaClassProcessor - Processing class 'org/springframework/web/bind/annotation/PostMapping'
02:43:09.970 [main] DEBUG com.tngtech.archunit.core.importer.JavaClassProcessor - Processing class 'java/lang/Void'
02:43:09.970 [main] DEBUG com.tngtech.archunit.core.importer.JavaClassProcessor - Processing class 'org/springframework/boot/autoconfigure/SpringBootApplication'
02:43:09.971 [main] DEBUG com.tngtech.archunit.core.importer.JavaClassProcessor - Processing class 'java/lang/RuntimeException'
02:43:09.971 [main] DEBUG com.tngtech.archunit.core.importer.JavaClassProcessor - Processing class 'org/springframework/web/bind/annotation/RestController'
02:43:09.971 [main] DEBUG com.tngtech.archunit.core.importer.JavaClassProcessor - Processing class 'javax/persistence/GenerationType'
02:43:09.971 [main] DEBUG com.tngtech.archunit.core.importer.JavaClassProcessor - Processing class 'java/util/List'
02:43:09.971 [main] DEBUG com.tngtech.archunit.core.importer.JavaClassProcessor - Processing class 'javax/persistence/GeneratedValue'
02:43:09.971 [main] DEBUG com.tngtech.archunit.core.importer.JavaClassProcessor - Processing class 'java/util/Optional'
02:43:09.972 [main] DEBUG com.tngtech.archunit.core.importer.JavaClassProcessor - Processing class 'java/lang/Object'
02:43:09.972 [main] DEBUG com.tngtech.archunit.core.importer.JavaClassProcessor - Processing class 'org/springframework/http/ResponseEntity'
02:43:09.972 [main] DEBUG com.tngtech.archunit.core.importer.JavaClassProcessor - Processing class 'org/springframework/http/ResponseEntity$HeadersBuilder'
02:43:09.972 [main] DEBUG com.tngtech.archunit.core.importer.JavaClassProcessor - Processing class 'org/springframework/data/jpa/repository/JpaRepository'
02:43:09.972 [main] DEBUG com.tngtech.archunit.core.importer.JavaClassProcessor - Processing class 'java/lang/annotation/Inherited'
02:43:09.972 [main] DEBUG com.tngtech.archunit.core.importer.JavaClassProcessor - Processing class 'org/springframework/context/annotation/ComponentScan$Filter'
02:43:09.973 [main] DEBUG com.tngtech.archunit.core.importer.JavaClassProcessor - Processing class 'java/lang/Enum'
02:43:09.973 [main] DEBUG com.tngtech.archunit.core.importer.JavaClassProcessor - Processing class 'org/springframework/context/ConfigurableApplicationContext'
02:43:09.973 [main] DEBUG com.tngtech.archunit.core.importer.JavaClassProcessor - Processing class 'java/lang/annotation/Documented'
02:43:09.973 [main] DEBUG com.tngtech.archunit.core.importer.JavaClassProcessor - Processing class 'java/lang/CharSequence'
02:43:09.973 [main] DEBUG com.tngtech.archunit.core.importer.JavaClassProcessor - Processing class 'org/springframework/data/repository/PagingAndSortingRepository'
02:43:09.973 [main] DEBUG com.tngtech.archunit.core.importer.JavaClassProcessor - Processing class 'org/springframework/http/HttpHeaders'
02:43:09.975 [main] DEBUG com.tngtech.archunit.core.importer.JavaClassProcessor - Processing class 'java/util/Collection'
02:43:09.975 [main] DEBUG com.tngtech.archunit.core.importer.JavaClassProcessor - Processing class 'org/springframework/web/bind/annotation/RequestMethod'
02:43:09.976 [main] DEBUG com.tngtech.archunit.core.importer.JavaClassProcessor - Processing class 'org/springframework/context/ApplicationListener'
02:43:09.976 [main] DEBUG com.tngtech.archunit.core.importer.JavaClassProcessor - Processing class 'java/lang/Exception'
02:43:09.976 [main] DEBUG com.tngtech.archunit.core.importer.JavaClassProcessor - Processing class 'java/io/Serializable'
02:43:09.976 [main] DEBUG com.tngtech.archunit.core.importer.JavaClassProcessor - Processing class 'org/springframework/context/annotation/Configuration'
02:43:09.976 [main] DEBUG com.tngtech.archunit.core.importer.JavaClassProcessor - Processing class 'org/springframework/http/HttpEntity'
02:43:09.977 [main] DEBUG com.tngtech.archunit.core.importer.JavaClassProcessor - Processing class 'org/springframework/beans/factory/support/BeanNameGenerator'
02:43:09.977 [main] DEBUG com.tngtech.archunit.core.importer.JavaClassProcessor - Processing class 'org/springframework/boot/SpringBootExceptionReporter'
02:43:09.977 [main] DEBUG com.tngtech.archunit.core.importer.JavaClassProcessor - Processing class 'java/lang/annotation/Annotation'
02:43:09.977 [main] DEBUG com.tngtech.archunit.core.importer.JavaClassProcessor - Processing class 'java/lang/Throwable'
02:43:09.977 [main] DEBUG com.tngtech.archunit.core.importer.JavaClassProcessor - Processing class 'org/springframework/boot/autoconfigure/AutoConfigurationExcludeFilter'
02:43:09.977 [main] DEBUG com.tngtech.archunit.core.importer.JavaClassProcessor - Processing class 'org/springframework/stereotype/Controller'
02:43:09.977 [main] DEBUG com.tngtech.archunit.core.importer.JavaClassProcessor - Processing class 'org/springframework/boot/context/TypeExcludeFilter'
02:43:09.977 [main] DEBUG com.tngtech.archunit.core.importer.JavaClassProcessor - Processing class 'java/lang/annotation/Retention'
02:43:09.978 [main] DEBUG com.tngtech.archunit.core.importer.JavaClassProcessor - Processing class 'org/springframework/data/repository/NoRepositoryBean'
02:43:09.978 [main] DEBUG com.tngtech.archunit.core.importer.JavaClassProcessor - Processing class 'org/springframework/boot/BootstrapRegistryInitializer'
02:43:09.978 [main] DEBUG com.tngtech.archunit.core.importer.JavaClassProcessor - Processing class 'jdk/internal/HotSpotIntrinsicCandidate'
02:43:09.978 [main] DEBUG com.tngtech.archunit.core.importer.JavaClassProcessor - Processing class 'org/springframework/lang/Nullable'
02:43:09.978 [main] DEBUG com.tngtech.archunit.core.importer.JavaClassProcessor - Processing class 'java/lang/Number'
02:43:09.978 [main] DEBUG com.tngtech.archunit.core.importer.JavaClassProcessor - Processing class 'org/springframework/context/annotation/FilterType'
02:43:09.978 [main] DEBUG com.tngtech.archunit.core.importer.JavaClassProcessor - Processing class 'org/springframework/core/annotation/AliasFor'
02:43:09.978 [main] DEBUG com.tngtech.archunit.core.importer.JavaClassProcessor - Processing class 'java/lang/SafeVarargs'
02:43:09.978 [main] DEBUG com.tngtech.archunit.core.importer.JavaClassProcessor - Processing class 'jdk/internal/vm/annotation/Stable'
02:43:09.979 [main] DEBUG com.tngtech.archunit.core.importer.JavaClassProcessor - Processing class 'org/springframework/boot/autoconfigure/EnableAutoConfiguration'
02:43:09.979 [main] DEBUG com.tngtech.archunit.core.importer.JavaClassProcessor - Processing class 'java/lang/Deprecated'
02:43:09.979 [main] DEBUG com.tngtech.archunit.core.importer.JavaClassProcessor - Processing class 'java/lang/annotation/Target'
02:43:09.979 [main] DEBUG com.tngtech.archunit.core.importer.JavaClassProcessor - Processing class 'org/springframework/core/env/StandardEnvironment'
02:43:09.979 [main] DEBUG com.tngtech.archunit.core.importer.JavaClassProcessor - Processing class 'java/lang/annotation/ElementType'
02:43:09.979 [main] DEBUG com.tngtech.archunit.core.importer.JavaClassProcessor - Processing class 'org/springframework/web/bind/annotation/ResponseBody'
02:43:09.979 [main] DEBUG com.tngtech.archunit.core.importer.JavaClassProcessor - Processing class 'org/springframework/context/annotation/ComponentScan'
02:43:09.979 [main] DEBUG com.tngtech.archunit.core.importer.JavaClassProcessor - Processing class 'org/springframework/data/repository/query/QueryByExampleExecutor'
02:43:09.979 [main] DEBUG com.tngtech.archunit.core.importer.JavaClassProcessor - Processing class 'org/springframework/stereotype/Component'
02:43:09.980 [main] DEBUG com.tngtech.archunit.core.importer.JavaClassProcessor - Processing class 'org/springframework/boot/SpringBootConfiguration'
02:43:09.980 [main] DEBUG com.tngtech.archunit.core.importer.JavaClassProcessor - Processing class 'java/lang/Class'
02:43:09.980 [main] DEBUG com.tngtech.archunit.core.importer.JavaClassProcessor - Processing class 'java/lang/Comparable'
02:43:09.981 [main] DEBUG com.tngtech.archunit.core.importer.JavaClassProcessor - Processing class 'org/springframework/context/ApplicationContextInitializer'
02:43:09.981 [main] DEBUG com.tngtech.archunit.core.importer.JavaClassProcessor - Processing class 'java/lang/annotation/RetentionPolicy'
02:43:09.981 [main] DEBUG com.tngtech.archunit.core.importer.JavaClassProcessor - Processing class 'org/springframework/web/bind/annotation/Mapping'
02:43:09.981 [main] DEBUG com.tngtech.archunit.core.importer.JavaClassProcessor - Processing class 'org/springframework/core/type/filter/TypeFilter'
02:43:09.981 [main] DEBUG com.tngtech.archunit.core.importer.JavaClassProcessor - Processing class 'java/util/Locale'
02:43:09.982 [main] DEBUG com.tngtech.archunit.core.importer.JavaClassProcessor - Processing class 'java/lang/reflect/Method'
02:43:09.982 [main] DEBUG com.tngtech.archunit.core.importer.JavaClassProcessor - Processing class 'org/springframework/context/PayloadApplicationEvent'
02:43:09.982 [main] DEBUG com.tngtech.archunit.core.importer.JavaClassProcessor - Processing class 'org/springframework/boot/autoconfigure/AutoConfigurationImportSelector'
02:43:09.982 [main] DEBUG com.tngtech.archunit.core.importer.JavaClassProcessor - Processing class 'jdk/internal/vm/annotation/ForceInline'
02:43:09.983 [main] DEBUG com.tngtech.archunit.core.importer.JavaClassProcessor - Processing class 'org/springframework/http/MediaType'
02:43:09.983 [main] DEBUG com.tngtech.archunit.core.importer.JavaClassProcessor - Processing class 'java/util/Locale$LanguageRange'
02:43:09.983 [main] DEBUG com.tngtech.archunit.core.importer.JavaClassProcessor - Processing class 'java/util/EventListener'
02:43:09.983 [main] DEBUG com.tngtech.archunit.core.importer.JavaClassProcessor - Processing class 'java/lang/Class$ReflectionData'
02:43:09.983 [main] DEBUG com.tngtech.archunit.core.importer.JavaClassProcessor - Processing class 'java/lang/reflect/Type'
02:43:09.983 [main] DEBUG com.tngtech.archunit.core.importer.JavaClassProcessor - Processing class 'jdk/internal/reflect/CallerSensitive'
02:43:09.983 [main] DEBUG com.tngtech.archunit.core.importer.JavaClassProcessor - Processing class 'org/springframework/beans/factory/BeanClassLoaderAware'
02:43:09.983 [main] DEBUG com.tngtech.archunit.core.importer.JavaClassProcessor - Processing class 'org/springframework/context/annotation/AnnotationScopeMetadataResolver'
02:43:09.984 [main] DEBUG com.tngtech.archunit.core.importer.JavaClassProcessor - Processing class 'java/lang/reflect/AnnotatedElement'
02:43:09.984 [main] DEBUG com.tngtech.archunit.core.importer.JavaClassProcessor - Processing class 'org/springframework/boot/autoconfigure/AutoConfigurationPackage'
02:43:09.984 [main] DEBUG com.tngtech.archunit.core.importer.JavaClassProcessor - Processing class 'org/springframework/data/repository/CrudRepository'
02:43:09.984 [main] DEBUG com.tngtech.archunit.core.importer.JavaClassProcessor - Processing class 'java/lang/Iterable'
02:43:09.984 [main] DEBUG com.tngtech.archunit.core.importer.JavaClassProcessor - Processing class 'java/lang/FunctionalInterface'
02:43:09.984 [main] DEBUG com.tngtech.archunit.core.importer.JavaClassProcessor - Processing class 'java/nio/charset/Charset'
02:43:09.984 [main] DEBUG com.tngtech.archunit.core.importer.JavaClassProcessor - Processing class 'java/lang/annotation/Repeatable'
02:43:09.984 [main] DEBUG com.tngtech.archunit.core.importer.JavaClassProcessor - Processing class 'org/springframework/beans/factory/BeanFactoryAware'
02:43:09.985 [main] DEBUG com.tngtech.archunit.core.importer.JavaClassProcessor - Processing class 'org/springframework/context/annotation/ComponentScans'
02:43:09.985 [main] DEBUG com.tngtech.archunit.core.importer.JavaClassProcessor - Processing class 'org/springframework/stereotype/Indexed'
02:43:09.985 [main] DEBUG com.tngtech.archunit.core.importer.JavaClassProcessor - Processing class 'java/lang/reflect/GenericDeclaration'
02:43:09.985 [main] DEBUG com.tngtech.archunit.core.importer.JavaClassProcessor - Processing class 'java/util/Map$Entry'
02:43:09.985 [main] DEBUG com.tngtech.archunit.core.importer.JavaClassProcessor - Processing class 'org/springframework/http/HttpMethod'
02:43:09.985 [main] DEBUG com.tngtech.archunit.core.importer.JavaClassProcessor - Processing class 'org/springframework/context/annotation/ScopedProxyMode'
02:43:09.985 [main] DEBUG com.tngtech.archunit.core.importer.JavaClassProcessor - Processing class 'org/springframework/util/MultiValueMap'
02:43:09.986 [main] DEBUG com.tngtech.archunit.core.importer.JavaClassProcessor - Processing class 'org/springframework/context/annotation/Import'
02:43:09.986 [main] DEBUG com.tngtech.archunit.core.importer.JavaClassProcessor - Processing class 'org/springframework/http/HttpRange'
02:43:09.986 [main] DEBUG com.tngtech.archunit.core.importer.JavaClassProcessor - Processing class 'java/lang/reflect/Field'
02:43:09.986 [main] DEBUG com.tngtech.archunit.core.importer.JavaClassProcessor - Processing class 'org/springframework/context/ApplicationContext'
02:43:09.986 [main] DEBUG com.tngtech.archunit.core.importer.JavaClassProcessor - Processing class 'org/springframework/context/Lifecycle'
02:43:09.986 [main] DEBUG com.tngtech.archunit.core.importer.JavaClassProcessor - Processing class 'org/springframework/context/ApplicationEvent'
02:43:09.986 [main] DEBUG com.tngtech.archunit.core.importer.JavaClassProcessor - Processing class 'org/springframework/context/annotation/ScopeMetadataResolver'
02:43:09.986 [main] DEBUG com.tngtech.archunit.core.importer.JavaClassProcessor - Processing class 'java/io/Closeable'
02:43:09.987 [main] DEBUG com.tngtech.archunit.core.importer.JavaClassProcessor - Processing class 'org/springframework/core/env/AbstractEnvironment'
02:43:09.987 [main] DEBUG com.tngtech.archunit.core.importer.JavaClassProcessor - Processing class 'org/springframework/beans/factory/HierarchicalBeanFactory'
02:43:09.987 [main] DEBUG com.tngtech.archunit.core.importer.JavaClassProcessor - Processing class 'org/springframework/boot/autoconfigure/AutoConfigurationImportListener'
02:43:09.987 [main] DEBUG com.tngtech.archunit.core.importer.JavaClassProcessor - Processing class 'java/nio/charset/spi/CharsetProvider'
02:43:09.987 [main] DEBUG com.tngtech.archunit.core.importer.JavaClassProcessor - Processing class 'java/lang/AutoCloseable'
02:43:09.987 [main] DEBUG com.tngtech.archunit.core.importer.JavaClassProcessor - Processing class 'java/util/EventObject'
02:43:09.988 [main] DEBUG com.tngtech.archunit.core.importer.JavaClassProcessor - Processing class 'org/springframework/util/MimeType'
02:43:09.988 [main] DEBUG com.tngtech.archunit.core.importer.JavaClassProcessor - Processing class 'java/lang/Character'
02:43:09.988 [main] DEBUG com.tngtech.archunit.core.importer.JavaClassProcessor - Processing class 'org/springframework/data/repository/Repository'
02:43:09.988 [main] DEBUG com.tngtech.archunit.core.importer.JavaClassProcessor - Processing class 'java/util/Map'
02:43:09.989 [main] DEBUG com.tngtech.archunit.core.importer.JavaClassProcessor - Processing class 'org/springframework/context/ApplicationEventPublisher'
02:43:09.989 [main] DEBUG com.tngtech.archunit.core.importer.JavaClassProcessor - Processing class 'java/lang/reflect/Executable'
02:43:09.989 [main] DEBUG com.tngtech.archunit.core.importer.JavaClassProcessor - Processing class 'org/springframework/boot/autoconfigure/AutoConfigurationPackages$Registrar'
02:43:09.989 [main] DEBUG com.tngtech.archunit.core.importer.JavaClassProcessor - Processing class 'java/lang/Cloneable'
02:43:09.989 [main] DEBUG com.tngtech.archunit.core.importer.JavaClassProcessor - Processing class 'java/lang/ThreadLocal'
02:43:09.989 [main] DEBUG com.tngtech.archunit.core.importer.JavaClassProcessor - Processing class 'java/lang/reflect/Member'
02:43:09.989 [main] DEBUG com.tngtech.archunit.core.importer.JavaClassProcessor - Processing class 'sun/util/locale/LocaleExtensions'
02:43:09.990 [main] DEBUG com.tngtech.archunit.core.importer.JavaClassProcessor - Processing class 'org/springframework/beans/factory/ListableBeanFactory'
02:43:09.990 [main] DEBUG com.tngtech.archunit.core.importer.JavaClassProcessor - Processing class 'org/springframework/core/Ordered'
02:43:09.990 [main] DEBUG com.tngtech.archunit.core.importer.JavaClassProcessor - Processing class 'org/springframework/context/annotation/DeferredImportSelector'
02:43:09.990 [main] DEBUG com.tngtech.archunit.core.importer.JavaClassProcessor - Processing class 'org/springframework/beans/factory/Aware'
02:43:09.990 [main] DEBUG com.tngtech.archunit.core.importer.JavaClassProcessor - Processing class 'org/springframework/core/ResolvableTypeProvider'
02:43:09.990 [main] DEBUG com.tngtech.archunit.core.importer.JavaClassProcessor - Processing class 'org/springframework/core/io/support/ResourceRegion'
02:43:09.990 [main] DEBUG com.tngtech.archunit.core.importer.JavaClassProcessor - Processing class 'org/springframework/boot/autoconfigure/AutoConfigurationImportFilter'
02:43:09.991 [main] DEBUG com.tngtech.archunit.core.importer.JavaClassProcessor - Processing class 'org/springframework/core/env/ConfigurableEnvironment'
02:43:09.991 [main] DEBUG com.tngtech.archunit.core.importer.JavaClassProcessor - Processing class 'org/springframework/core/env/EnvironmentCapable'
02:43:09.991 [main] DEBUG com.tngtech.archunit.core.importer.JavaClassProcessor - Processing class 'org/springframework/context/MessageSource'
02:43:09.991 [main] DEBUG com.tngtech.archunit.core.importer.JavaClassProcessor - Processing class 'java/lang/reflect/AccessibleObject'
02:43:09.991 [main] DEBUG com.tngtech.archunit.core.importer.JavaClassProcessor - Processing class 'org/springframework/context/ResourceLoaderAware'
02:43:09.991 [main] DEBUG com.tngtech.archunit.core.importer.JavaClassProcessor - Processing class 'org/springframework/context/annotation/DeferredImportSelector$Group'
02:43:09.991 [main] DEBUG com.tngtech.archunit.core.importer.JavaClassProcessor - Processing class 'org/springframework/context/EnvironmentAware'
02:43:09.991 [main] DEBUG com.tngtech.archunit.core.importer.JavaClassProcessor - Processing class 'org/springframework/core/io/support/ResourcePatternResolver'
02:43:09.991 [main] DEBUG com.tngtech.archunit.core.importer.JavaClassProcessor - Processing class 'sun/util/locale/Extension'
02:43:09.992 [main] DEBUG com.tngtech.archunit.core.importer.JavaClassProcessor - Processing class 'org/springframework/core/env/ConfigurablePropertyResolver'
02:43:09.992 [main] DEBUG com.tngtech.archunit.core.importer.JavaClassProcessor - Processing class 'org/springframework/context/annotation/DeferredImportSelector$Group$Entry'
02:43:09.992 [main] DEBUG com.tngtech.archunit.core.importer.JavaClassProcessor - Processing class 'org/springframework/context/annotation/ImportBeanDefinitionRegistrar'
02:43:09.992 [main] DEBUG com.tngtech.archunit.core.importer.JavaClassProcessor - Processing class 'org/springframework/context/annotation/ImportSelector'
02:43:09.992 [main] DEBUG com.tngtech.archunit.core.importer.JavaClassProcessor - Processing class 'org/springframework/core/io/ResourceLoader'
02:43:09.992 [main] DEBUG com.tngtech.archunit.core.importer.JavaClassProcessor - Processing class 'org/springframework/boot/autoconfigure/AutoConfigurationPackages'
02:43:09.992 [main] DEBUG com.tngtech.archunit.core.importer.JavaClassProcessor - Processing class 'org/springframework/boot/context/annotation/DeterminableImports'
02:43:09.992 [main] DEBUG com.tngtech.archunit.core.importer.JavaClassProcessor - Processing class 'org/springframework/core/env/Environment'
02:43:09.992 [main] DEBUG com.tngtech.archunit.core.importer.JavaClassProcessor - Processing class 'org/springframework/beans/factory/BeanFactory'
02:43:09.993 [main] DEBUG com.tngtech.archunit.core.importer.JavaClassProcessor - Processing class 'sun/util/locale/InternalLocaleBuilder$CaseInsensitiveString'
02:43:09.993 [main] DEBUG com.tngtech.archunit.core.importer.JavaClassProcessor - Processing class 'sun/util/locale/InternalLocaleBuilder$CaseInsensitiveChar'
02:43:09.993 [main] DEBUG com.tngtech.archunit.core.importer.JavaClassProcessor - Processing class 'org/springframework/core/env/PropertyResolver'
02:43:09.993 [main] DEBUG com.tngtech.archunit.core.importer.JavaClassProcessor - Processing class 'sun/util/locale/InternalLocaleBuilder'
02:43:09.993 [main] DEBUG com.tngtech.archunit.core.importer.JavaClassProcessor - Processing class 'java/io/IOException'
02:43:09.994 [main] DEBUG com.tngtech.archunit.core.importer.JavaClassProcessor - Processing class 'java/util/stream/IntStream'
02:43:09.994 [main] DEBUG com.tngtech.archunit.core.importer.JavaClassProcessor - Processing class 'sun/reflect/annotation/AnnotationType'
02:43:09.995 [main] DEBUG com.tngtech.archunit.core.importer.JavaClassProcessor - Processing class 'sun/reflect/generics/repository/ClassRepository'
02:43:09.995 [main] DEBUG com.tngtech.archunit.core.importer.JavaClassProcessor - Processing class 'java/lang/ClassLoader'
02:43:09.995 [main] DEBUG com.tngtech.archunit.core.importer.JavaClassProcessor - Processing class 'java/security/ProtectionDomain'
02:43:09.995 [main] DEBUG com.tngtech.archunit.core.importer.JavaClassProcessor - Processing class 'java/lang/ClassValue$ClassValueMap'
02:43:09.996 [main] DEBUG com.tngtech.archunit.core.importer.JavaClassProcessor - Processing class 'java/io/ObjectStreamField'
02:43:09.996 [main] DEBUG com.tngtech.archunit.core.importer.JavaClassProcessor - Processing class 'java/lang/ref/SoftReference'
02:43:09.996 [main] DEBUG com.tngtech.archunit.core.importer.JavaClassProcessor - Processing class 'java/lang/Module'
02:43:09.996 [main] DEBUG com.tngtech.archunit.core.importer.JavaClassProcessor - Processing class 'jdk/internal/reflect/ReflectionFactory'
02:43:09.996 [main] DEBUG com.tngtech.archunit.core.importer.JavaClassProcessor - Processing class 'java/lang/Class$AnnotationData'
02:43:09.997 [main] DEBUG com.tngtech.archunit.core.importer.JavaClassProcessor - Processing class 'java/lang/reflect/Constructor'
02:43:09.997 [main] DEBUG com.tngtech.archunit.core.importer.JavaClassProcessor - Processing class 'java/lang/reflect/AnnotatedType'
02:43:09.997 [main] DEBUG com.tngtech.archunit.core.importer.JavaClassProcessor - Processing class 'java/lang/PublicMethods$MethodList'
02:43:09.997 [main] DEBUG com.tngtech.archunit.core.importer.JavaClassProcessor - Processing class 'java/lang/SecurityException'
02:43:09.997 [main] DEBUG com.tngtech.archunit.core.importer.JavaClassProcessor - Processing class 'java/lang/InstantiationException'
02:43:09.997 [main] DEBUG com.tngtech.archunit.core.importer.JavaClassProcessor - Processing class 'java/lang/IllegalAccessException'
02:43:09.998 [main] DEBUG com.tngtech.archunit.core.importer.JavaClassProcessor - Processing class 'java/lang/ClassNotFoundException'
02:43:09.998 [main] DEBUG com.tngtech.archunit.core.importer.JavaClassProcessor - Processing class 'java/lang/reflect/TypeVariable'
02:43:09.998 [main] DEBUG com.tngtech.archunit.core.importer.JavaClassProcessor - Processing class 'java/lang/Package'
02:43:09.998 [main] DEBUG com.tngtech.archunit.core.importer.JavaClassProcessor - Processing class 'java/lang/NoSuchMethodException'
02:43:09.998 [main] DEBUG com.tngtech.archunit.core.importer.JavaClassProcessor - Processing class 'java/lang/SecurityManager'
02:43:09.998 [main] DEBUG com.tngtech.archunit.core.importer.JavaClassProcessor - Processing class 'java/io/InputStream'
02:43:09.998 [main] DEBUG com.tngtech.archunit.core.importer.JavaClassProcessor - Processing class 'java/net/URL'
02:43:09.999 [main] DEBUG com.tngtech.archunit.core.importer.JavaClassProcessor - Processing class 'java/lang/NoSuchFieldException'
02:43:09.999 [main] DEBUG com.tngtech.archunit.core.importer.JavaClassProcessor - Processing class 'sun/reflect/generics/factory/GenericsFactory'
02:43:09.999 [main] DEBUG com.tngtech.archunit.core.importer.JavaClassProcessor - Processing class 'java/lang/Class$EnclosingMethodInfo'
02:43:09.999 [main] DEBUG com.tngtech.archunit.core.importer.JavaClassProcessor - Processing class 'jdk/internal/reflect/ConstantPool'
02:43:10.000 [main] DEBUG com.tngtech.archunit.core.importer.JavaClassProcessor - Processing class 'java/lang/CloneNotSupportedException'
02:43:10.000 [main] DEBUG com.tngtech.archunit.core.importer.JavaClassProcessor - Processing class 'java/io/ObjectInputStream'
02:43:10.000 [main] DEBUG com.tngtech.archunit.core.importer.JavaClassProcessor - Processing class 'java/io/ObjectStreamException'
02:43:10.001 [main] DEBUG com.tngtech.archunit.core.importer.JavaClassProcessor - Processing class 'java/util/Iterator'
02:43:10.001 [main] DEBUG com.tngtech.archunit.core.importer.JavaClassProcessor - Processing class 'java/util/Spliterator'
02:43:10.001 [main] DEBUG com.tngtech.archunit.core.importer.JavaClassProcessor - Processing class 'java/util/function/Consumer'
02:43:10.001 [main] DEBUG com.tngtech.archunit.core.importer.JavaClassProcessor - Processing class 'java/lang/NumberFormatException'
02:43:10.001 [main] DEBUG com.tngtech.archunit.core.importer.JavaClassProcessor - Processing class 'java/math/BigInteger'
02:43:10.003 [main] DEBUG com.tngtech.archunit.core.importer.JavaClassProcessor - Processing class 'java/lang/InterruptedException'
02:43:10.003 [main] DEBUG com.tngtech.archunit.core.importer.JavaClassProcessor - Processing class 'java/util/Comparator'
02:43:10.003 [main] DEBUG com.tngtech.archunit.core.importer.JavaClassProcessor - Processing class 'java/lang/AbstractStringBuilder'
02:43:10.003 [main] DEBUG com.tngtech.archunit.core.importer.JavaClassProcessor - Processing class 'java/lang/StringBuffer'
02:43:10.003 [main] DEBUG com.tngtech.archunit.core.importer.JavaClassProcessor - Processing class 'java/util/stream/Stream'
02:43:10.003 [main] DEBUG com.tngtech.archunit.core.importer.JavaClassProcessor - Processing class 'java/io/UnsupportedEncodingException'
02:43:10.005 [main] DEBUG com.tngtech.archunit.core.importer.JavaClassProcessor - Processing class 'java/lang/StringBuilder'
02:43:10.005 [main] DEBUG com.tngtech.archunit.core.importer.JavaClassProcessor - Processing class 'java/util/concurrent/atomic/AtomicInteger'
02:43:10.006 [main] DEBUG com.tngtech.archunit.core.importer.JavaClassProcessor - Processing class 'java/lang/ThreadLocal$ThreadLocalMap'
02:43:10.006 [main] DEBUG com.tngtech.archunit.core.importer.JavaClassProcessor - Processing class 'java/lang/Thread'
02:43:10.006 [main] DEBUG com.tngtech.archunit.core.importer.JavaClassProcessor - Processing class 'java/util/function/Supplier'
02:43:10.007 [main] DEBUG com.tngtech.archunit.core.importer.JavaClassProcessor - Processing class 'java/lang/StackTraceElement'
02:43:10.007 [main] DEBUG com.tngtech.archunit.core.importer.JavaClassProcessor - Processing class 'java/io/PrintWriter'
02:43:10.007 [main] DEBUG com.tngtech.archunit.core.importer.JavaClassProcessor - Processing class 'java/io/PrintStream'
02:43:10.007 [main] DEBUG com.tngtech.archunit.core.importer.JavaClassProcessor - Processing class 'java/lang/Throwable$PrintStreamOrWriter'
02:43:10.007 [main] DEBUG com.tngtech.archunit.core.importer.JavaClassProcessor - Processing class 'java/util/Set'
02:43:10.007 [main] DEBUG com.tngtech.archunit.core.importer.JavaClassProcessor - Processing class 'java/io/ObjectOutputStream'
02:43:10.009 [main] DEBUG com.tngtech.archunit.core.importer.JavaClassProcessor - Processing class 'java/lang/reflect/Parameter'
02:43:10.009 [main] DEBUG com.tngtech.archunit.core.importer.JavaClassProcessor - Processing class 'sun/reflect/generics/repository/ConstructorRepository'
02:43:10.009 [main] DEBUG com.tngtech.archunit.core.importer.JavaClassProcessor - Processing class 'jdk/internal/reflect/FieldAccessor'
02:43:10.009 [main] DEBUG com.tngtech.archunit.core.importer.JavaClassProcessor - Processing class 'sun/reflect/generics/repository/FieldRepository'
02:43:10.009 [main] DEBUG com.tngtech.archunit.core.importer.JavaClassProcessor - Processing class 'java/lang/IllegalArgumentException'
02:43:10.010 [main] DEBUG com.tngtech.archunit.core.importer.JavaClassProcessor - Processing class 'jdk/internal/reflect/MethodAccessor'
02:43:10.010 [main] DEBUG com.tngtech.archunit.core.importer.JavaClassProcessor - Processing class 'sun/reflect/generics/repository/MethodRepository'
02:43:10.010 [main] DEBUG com.tngtech.archunit.core.importer.JavaClassProcessor - Processing class 'java/lang/reflect/InvocationTargetException'
02:43:10.010 [main] DEBUG com.tngtech.archunit.core.importer.JavaClassProcessor - Processing class 'java/util/SortedMap'
02:43:10.010 [main] DEBUG com.tngtech.archunit.core.importer.JavaClassProcessor - Processing class 'java/nio/CharBuffer'
02:43:10.010 [main] DEBUG com.tngtech.archunit.core.importer.JavaClassProcessor - Processing class 'java/nio/ByteBuffer'
02:43:10.011 [main] DEBUG com.tngtech.archunit.core.importer.JavaClassProcessor - Processing class 'java/nio/charset/CharsetDecoder'
02:43:10.011 [main] DEBUG com.tngtech.archunit.core.importer.JavaClassProcessor - Processing class 'java/nio/charset/CharsetEncoder'
02:43:10.011 [main] DEBUG com.tngtech.archunit.core.importer.JavaClassProcessor - Processing class 'java/util/function/Predicate'
02:43:10.011 [main] DEBUG com.tngtech.archunit.core.importer.JavaClassProcessor - Processing class 'java/util/function/IntFunction'
02:43:10.011 [main] DEBUG com.tngtech.archunit.core.importer.JavaClassProcessor - Processing class 'java/util/ListIterator'
02:43:10.011 [main] DEBUG com.tngtech.archunit.core.importer.JavaClassProcessor - Processing class 'java/util/function/UnaryOperator'
02:43:10.011 [main] DEBUG com.tngtech.archunit.core.importer.JavaClassProcessor - Processing class 'sun/util/locale/BaseLocale'
02:43:10.012 [main] DEBUG com.tngtech.archunit.core.importer.JavaClassProcessor - Processing class 'java/util/Locale$Cache'
02:43:10.012 [main] DEBUG com.tngtech.archunit.core.importer.JavaClassProcessor - Processing class 'java/util/MissingResourceException'
02:43:10.012 [main] DEBUG com.tngtech.archunit.core.importer.JavaClassProcessor - Processing class 'sun/util/locale/provider/LocaleResources'
02:43:10.012 [main] DEBUG com.tngtech.archunit.core.importer.JavaClassProcessor - Processing class 'java/util/Locale$FilteringMode'
02:43:10.012 [main] DEBUG com.tngtech.archunit.core.importer.JavaClassProcessor - Processing class 'java/util/Locale$Category'
02:43:10.012 [main] DEBUG com.tngtech.archunit.core.importer.JavaClassProcessor - Processing class 'java/util/Locale$IsoCountryCode'
02:43:10.013 [main] DEBUG com.tngtech.archunit.core.importer.JavaClassProcessor - Processing class 'java/util/function/BiFunction'
02:43:10.013 [main] DEBUG com.tngtech.archunit.core.importer.JavaClassProcessor - Processing class 'java/util/function/Function'
02:43:10.013 [main] DEBUG com.tngtech.archunit.core.importer.JavaClassProcessor - Processing class 'java/util/function/BiConsumer'
02:43:10.014 [main] DEBUG com.tngtech.archunit.core.importer.JavaClassProcessor - Processing class 'java/lang/invoke/SerializedLambda'
02:43:10.014 [main] DEBUG com.tngtech.archunit.core.importer.JavaClassProcessor - Processing class 'java/lang/Runnable'
02:43:10.014 [main] DEBUG com.tngtech.archunit.core.importer.JavaClassProcessor - Processing class 'org/springframework/beans/factory/ObjectProvider'
02:43:10.015 [main] DEBUG com.tngtech.archunit.core.importer.JavaClassProcessor - Processing class 'org/springframework/core/ResolvableType'
02:43:10.015 [main] DEBUG com.tngtech.archunit.core.importer.JavaClassProcessor - Processing class 'org/springframework/beans/factory/NoSuchBeanDefinitionException'
02:43:10.016 [main] DEBUG com.tngtech.archunit.core.importer.JavaClassProcessor - Processing class 'org/springframework/beans/BeansException'
02:43:10.016 [main] DEBUG com.tngtech.archunit.core.importer.JavaClassProcessor - Processing class 'org/springframework/beans/factory/config/BeanDefinition'
02:43:10.016 [main] DEBUG com.tngtech.archunit.core.importer.JavaClassProcessor - Processing class 'org/springframework/beans/factory/support/BeanDefinitionRegistry'
02:43:10.016 [main] DEBUG com.tngtech.archunit.core.importer.JavaClassProcessor - Processing class 'org/springframework/boot/BootstrapRegistry'
02:43:10.016 [main] DEBUG com.tngtech.archunit.core.importer.JavaClassProcessor - Processing class 'org/springframework/boot/SpringApplicationShutdownHook'
02:43:10.017 [main] DEBUG com.tngtech.archunit.core.importer.JavaClassProcessor - Processing class 'org/springframework/boot/Banner$Mode'
02:43:10.017 [main] DEBUG com.tngtech.archunit.core.importer.JavaClassProcessor - Processing class 'org/apache/commons/logging/Log'
02:43:10.017 [main] DEBUG com.tngtech.archunit.core.importer.JavaClassProcessor - Processing class 'org/springframework/core/metrics/ApplicationStartup'
02:43:10.017 [main] DEBUG com.tngtech.archunit.core.importer.JavaClassProcessor - Processing class 'org/springframework/boot/Banner'
02:43:10.017 [main] DEBUG com.tngtech.archunit.core.importer.JavaClassProcessor - Processing class 'org/springframework/boot/WebApplicationType'
02:43:10.018 [main] DEBUG com.tngtech.archunit.core.importer.JavaClassProcessor - Processing class 'org/springframework/boot/ApplicationContextFactory'
02:43:10.018 [main] DEBUG com.tngtech.archunit.core.importer.JavaClassProcessor - Processing class 'org/springframework/boot/SpringBootExceptionHandler'
02:43:10.018 [main] DEBUG com.tngtech.archunit.core.importer.JavaClassProcessor - Processing class 'org/springframework/boot/CommandLineRunner'
02:43:10.018 [main] DEBUG com.tngtech.archunit.core.importer.JavaClassProcessor - Processing class 'org/springframework/boot/ApplicationArguments'
02:43:10.018 [main] DEBUG com.tngtech.archunit.core.importer.JavaClassProcessor - Processing class 'org/springframework/boot/BeanDefinitionLoader'
02:43:10.019 [main] DEBUG com.tngtech.archunit.core.importer.JavaClassProcessor - Processing class 'org/springframework/boot/DefaultBootstrapContext'
02:43:10.019 [main] DEBUG com.tngtech.archunit.core.importer.JavaClassProcessor - Processing class 'org/springframework/boot/SpringApplicationRunListeners'
02:43:10.019 [main] DEBUG com.tngtech.archunit.core.importer.JavaClassProcessor - Processing class 'java/util/Properties'
02:43:10.020 [main] DEBUG com.tngtech.archunit.core.importer.JavaClassProcessor - Processing class 'org/springframework/boot/ExitCodeGenerator'
02:43:10.020 [main] DEBUG com.tngtech.archunit.core.importer.JavaClassProcessor - Processing class 'org/springframework/boot/SpringApplicationShutdownHandlers'
02:43:10.020 [main] DEBUG com.tngtech.archunit.core.importer.JavaClassProcessor - Processing class 'org/springframework/boot/ApplicationRunner'
02:43:10.020 [main] DEBUG com.tngtech.archunit.core.importer.JavaClassProcessor - Processing class 'org/springframework/boot/Bootstrapper'
02:43:10.021 [main] DEBUG com.tngtech.archunit.core.importer.JavaClassProcessor - Processing class 'org/springframework/core/type/classreading/MetadataReader'
02:43:10.021 [main] DEBUG com.tngtech.archunit.core.importer.JavaClassProcessor - Processing class 'org/springframework/core/type/classreading/MetadataReaderFactory'
02:43:10.021 [main] DEBUG com.tngtech.archunit.core.importer.JavaClassProcessor - Processing class 'org/springframework/boot/autoconfigure/AutoConfigurationMetadata'
02:43:10.021 [main] DEBUG com.tngtech.archunit.core.importer.JavaClassProcessor - Processing class 'org/springframework/boot/autoconfigure/AutoConfigurationImportEvent'
02:43:10.022 [main] DEBUG com.tngtech.archunit.core.importer.JavaClassProcessor - Processing class 'org/springframework/boot/autoconfigure/AutoConfigurationImportSelector$ConfigurationClassFilter'
02:43:10.022 [main] DEBUG com.tngtech.archunit.core.importer.JavaClassProcessor - Processing class 'org/springframework/boot/autoconfigure/AutoConfigurationImportSelector$AutoConfigurationEntry'
02:43:10.022 [main] DEBUG com.tngtech.archunit.core.importer.JavaClassProcessor - Processing class 'org/springframework/beans/factory/config/ConfigurableListableBeanFactory'
02:43:10.022 [main] DEBUG com.tngtech.archunit.core.importer.JavaClassProcessor - Processing class 'org/springframework/core/type/AnnotationMetadata'
02:43:10.022 [main] DEBUG com.tngtech.archunit.core.importer.JavaClassProcessor - Processing class 'org/springframework/core/annotation/AnnotationAttributes'
02:43:10.023 [main] DEBUG com.tngtech.archunit.core.importer.JavaClassProcessor - Processing class 'org/springframework/beans/factory/config/AutowireCapableBeanFactory'
02:43:10.023 [main] DEBUG com.tngtech.archunit.core.importer.JavaClassProcessor - Processing class 'java/lang/IllegalStateException'
02:43:10.024 [main] DEBUG com.tngtech.archunit.core.importer.JavaClassProcessor - Processing class 'java/time/Clock'
02:43:10.024 [main] DEBUG com.tngtech.archunit.core.importer.JavaClassProcessor - Processing class 'org/springframework/core/io/ProtocolResolver'
02:43:10.024 [main] DEBUG com.tngtech.archunit.core.importer.JavaClassProcessor - Processing class 'org/springframework/beans/factory/config/BeanFactoryPostProcessor'
02:43:10.024 [main] DEBUG com.tngtech.archunit.core.importer.JavaClassProcessor - Processing class 'org/springframework/context/NoSuchMessageException'
02:43:10.024 [main] DEBUG com.tngtech.archunit.core.importer.JavaClassProcessor - Processing class 'org/springframework/context/MessageSourceResolvable'
02:43:10.025 [main] DEBUG com.tngtech.archunit.core.importer.JavaClassProcessor - Processing class 'org/springframework/context/annotation/ScopeMetadata'
02:43:10.026 [main] DEBUG com.tngtech.archunit.core.importer.JavaClassProcessor - Processing class 'org/springframework/core/env/MutablePropertySources'
02:43:10.026 [main] DEBUG com.tngtech.archunit.core.importer.JavaClassProcessor - Processing class 'org/springframework/core/env/MissingRequiredPropertiesException'
02:43:10.026 [main] DEBUG com.tngtech.archunit.core.importer.JavaClassProcessor - Processing class 'org/springframework/core/convert/support/ConfigurableConversionService'
02:43:10.027 [main] DEBUG com.tngtech.archunit.core.importer.JavaClassProcessor - Processing class 'org/springframework/core/env/Profiles'
02:43:10.027 [main] DEBUG com.tngtech.archunit.core.importer.JavaClassProcessor - Processing class 'org/springframework/core/io/Resource'
02:43:10.028 [main] DEBUG com.tngtech.archunit.core.importer.JavaClassProcessor - Processing class 'org/springframework/data/domain/Example'
02:43:10.028 [main] DEBUG com.tngtech.archunit.core.importer.JavaClassProcessor - Processing class 'org/springframework/data/domain/Sort'
02:43:10.029 [main] DEBUG com.tngtech.archunit.core.importer.JavaClassProcessor - Processing class 'org/springframework/data/domain/Page'
02:43:10.029 [main] DEBUG com.tngtech.archunit.core.importer.JavaClassProcessor - Processing class 'org/springframework/data/domain/Pageable'
02:43:10.030 [main] DEBUG com.tngtech.archunit.core.importer.JavaClassProcessor - Processing class 'java/time/ZoneId'
02:43:10.030 [main] DEBUG com.tngtech.archunit.core.importer.JavaClassProcessor - Processing class 'java/time/format/DateTimeFormatter'
02:43:10.031 [main] DEBUG com.tngtech.archunit.core.importer.JavaClassProcessor - Processing class 'java/text/DecimalFormatSymbols'
02:43:10.031 [main] DEBUG com.tngtech.archunit.core.importer.JavaClassProcessor - Processing class 'java/util/regex/Pattern'
02:43:10.032 [main] DEBUG com.tngtech.archunit.core.importer.JavaClassProcessor - Processing class 'java/time/Instant'
02:43:10.033 [main] DEBUG com.tngtech.archunit.core.importer.JavaClassProcessor - Processing class 'java/time/ZonedDateTime'
02:43:10.033 [main] DEBUG com.tngtech.archunit.core.importer.JavaClassProcessor - Processing class 'java/net/URI'
02:43:10.034 [main] DEBUG com.tngtech.archunit.core.importer.JavaClassProcessor - Processing class 'org/springframework/http/ContentDisposition'
02:43:10.034 [main] DEBUG com.tngtech.archunit.core.importer.JavaClassProcessor - Processing class 'org/springframework/http/CacheControl'
02:43:10.035 [main] DEBUG com.tngtech.archunit.core.importer.JavaClassProcessor - Processing class 'java/net/InetSocketAddress'
02:43:10.035 [main] DEBUG com.tngtech.archunit.core.importer.JavaClassProcessor - Processing class 'java/time/Duration'
02:43:10.036 [main] DEBUG com.tngtech.archunit.core.importer.JavaClassProcessor - Processing class 'org/springframework/http/HttpStatus'
02:43:10.037 [main] DEBUG com.tngtech.archunit.core.importer.JavaClassProcessor - Processing class 'org/springframework/http/ResponseEntity$1'
02:43:10.037 [main] DEBUG com.tngtech.archunit.core.importer.JavaClassProcessor - Processing class 'java/util/BitSet'
02:43:10.039 [main] DEBUG com.tngtech.archunit.core.importer.JavaClassProcessor - Processing class 'sun/util/locale/LanguageTag'
02:43:10.039 [main] DEBUG com.tngtech.archunit.core.importer.JavaClassProcessor - Processing class 'sun/util/locale/LocaleSyntaxException'
]]></system-out>
  </testcase>
  <testcase name="controllerShouldOnlyDependOnServiceAndModel" classname="archtests.SongArchitectureTests" time="0.096">
    <system-out><![CDATA[02:43:10.098 [main] DEBUG com.tngtech.archunit.core.importer.UrlSource$From - Found URLs on sun.boot.class.path: []
02:43:10.102 [main] DEBUG com.tngtech.archunit.core.importer.UrlSource$From - Found URLs on java.class.path: [file:/M:/Lab/song-manager/target/test-classes/, file:/M:/Lab/song-manager/target/classes/, jar:file:/C:/Users/User/.m2/repository/org/springframework/boot/spring-boot-starter-web/2.5.4/spring-boot-starter-web-2.5.4.jar!/, jar:file:/C:/Users/User/.m2/repository/org/springframework/boot/spring-boot-starter/2.5.4/spring-boot-starter-2.5.4.jar!/, jar:file:/C:/Users/User/.m2/repository/org/springframework/boot/spring-boot/2.5.4/spring-boot-2.5.4.jar!/, jar:file:/C:/Users/User/.m2/repository/org/springframework/boot/spring-boot-autoconfigure/2.5.4/spring-boot-autoconfigure-2.5.4.jar!/, jar:file:/C:/Users/User/.m2/repository/org/springframework/boot/spring-boot-starter-logging/2.5.4/spring-boot-starter-logging-2.5.4.jar!/, jar:file:/C:/Users/User/.m2/repository/ch/qos/logback/logback-classic/1.2.5/logback-classic-1.2.5.jar!/, jar:file:/C:/Users/User/.m2/repository/ch/qos/logback/logback-core/1.2.5/logback-core-1.2.5.jar!/, jar:file:/C:/Users/User/.m2/repository/org/apache/logging/log4j/log4j-to-slf4j/2.14.1/log4j-to-slf4j-2.14.1.jar!/, jar:file:/C:/Users/User/.m2/repository/org/apache/logging/log4j/log4j-api/2.14.1/log4j-api-2.14.1.jar!/, jar:file:/C:/Users/User/.m2/repository/org/slf4j/jul-to-slf4j/1.7.32/jul-to-slf4j-1.7.32.jar!/, jar:file:/C:/Users/User/.m2/repository/jakarta/annotation/jakarta.annotation-api/1.3.5/jakarta.annotation-api-1.3.5.jar!/, jar:file:/C:/Users/User/.m2/repository/org/yaml/snakeyaml/1.28/snakeyaml-1.28.jar!/, jar:file:/C:/Users/User/.m2/repository/org/springframework/boot/spring-boot-starter-json/2.5.4/spring-boot-starter-json-2.5.4.jar!/, jar:file:/C:/Users/User/.m2/repository/com/fasterxml/jackson/core/jackson-databind/2.12.4/jackson-databind-2.12.4.jar!/, jar:file:/C:/Users/User/.m2/repository/com/fasterxml/jackson/core/jackson-annotations/2.12.4/jackson-annotations-2.12.4.jar!/, jar:file:/C:/Users/User/.m2/repository/com/fasterxml/jackson/core/jackson-core/2.12.4/jackson-core-2.12.4.jar!/, jar:file:/C:/Users/User/.m2/repository/com/fasterxml/jackson/datatype/jackson-datatype-jdk8/2.12.4/jackson-datatype-jdk8-2.12.4.jar!/, jar:file:/C:/Users/User/.m2/repository/com/fasterxml/jackson/datatype/jackson-datatype-jsr310/2.12.4/jackson-datatype-jsr310-2.12.4.jar!/, jar:file:/C:/Users/User/.m2/repository/com/fasterxml/jackson/module/jackson-module-parameter-names/2.12.4/jackson-module-parameter-names-2.12.4.jar!/, jar:file:/C:/Users/User/.m2/repository/org/springframework/boot/spring-boot-starter-tomcat/2.5.4/spring-boot-starter-tomcat-2.5.4.jar!/, jar:file:/C:/Users/User/.m2/repository/org/apache/tomcat/embed/tomcat-embed-core/9.0.52/tomcat-embed-core-9.0.52.jar!/, jar:file:/C:/Users/User/.m2/repository/org/apache/tomcat/embed/tomcat-embed-el/9.0.52/tomcat-embed-el-9.0.52.jar!/, jar:file:/C:/Users/User/.m2/repository/org/apache/tomcat/embed/tomcat-embed-websocket/9.0.52/tomcat-embed-websocket-9.0.52.jar!/, jar:file:/C:/Users/User/.m2/repository/org/springframework/spring-web/5.3.9/spring-web-5.3.9.jar!/, jar:file:/C:/Users/User/.m2/repository/org/springframework/spring-beans/5.3.9/spring-beans-5.3.9.jar!/, jar:file:/C:/Users/User/.m2/repository/org/springframework/spring-webmvc/5.3.9/spring-webmvc-5.3.9.jar!/, jar:file:/C:/Users/User/.m2/repository/org/springframework/spring-aop/5.3.9/spring-aop-5.3.9.jar!/, jar:file:/C:/Users/User/.m2/repository/org/springframework/spring-context/5.3.9/spring-context-5.3.9.jar!/, jar:file:/C:/Users/User/.m2/repository/org/springframework/spring-expression/5.3.9/spring-expression-5.3.9.jar!/, jar:file:/C:/Users/User/.m2/repository/org/springframework/boot/spring-boot-starter-data-jpa/2.5.4/spring-boot-starter-data-jpa-2.5.4.jar!/, jar:file:/C:/Users/User/.m2/repository/org/springframework/boot/spring-boot-starter-aop/2.5.4/spring-boot-starter-aop-2.5.4.jar!/, jar:file:/C:/Users/User/.m2/repository/org/aspectj/aspectjweaver/1.9.7/aspectjweaver-1.9.7.jar!/, jar:file:/C:/Users/User/.m2/repository/org/springframework/boot/spring-boot-starter-jdbc/2.5.4/spring-boot-starter-jdbc-2.5.4.jar!/, jar:file:/C:/Users/User/.m2/repository/com/zaxxer/HikariCP/4.0.3/HikariCP-4.0.3.jar!/, jar:file:/C:/Users/User/.m2/repository/org/springframework/spring-jdbc/5.3.9/spring-jdbc-5.3.9.jar!/, jar:file:/C:/Users/User/.m2/repository/jakarta/transaction/jakarta.transaction-api/1.3.3/jakarta.transaction-api-1.3.3.jar!/, jar:file:/C:/Users/User/.m2/repository/jakarta/persistence/jakarta.persistence-api/2.2.3/jakarta.persistence-api-2.2.3.jar!/, jar:file:/C:/Users/User/.m2/repository/org/hibernate/hibernate-core/5.4.32.Final/hibernate-core-5.4.32.Final.jar!/, jar:file:/C:/Users/User/.m2/repository/org/jboss/logging/jboss-logging/3.4.2.Final/jboss-logging-3.4.2.Final.jar!/, jar:file:/C:/Users/User/.m2/repository/org/javassist/javassist/3.27.0-GA/javassist-3.27.0-GA.jar!/, jar:file:/C:/Users/User/.m2/repository/net/bytebuddy/byte-buddy/1.10.22/byte-buddy-1.10.22.jar!/, jar:file:/C:/Users/User/.m2/repository/antlr/antlr/2.7.7/antlr-2.7.7.jar!/, jar:file:/C:/Users/User/.m2/repository/org/jboss/jandex/2.2.3.Final/jandex-2.2.3.Final.jar!/, jar:file:/C:/Users/User/.m2/repository/com/fasterxml/classmate/1.5.1/classmate-1.5.1.jar!/, jar:file:/C:/Users/User/.m2/repository/org/dom4j/dom4j/2.1.3/dom4j-2.1.3.jar!/, jar:file:/C:/Users/User/.m2/repository/org/hibernate/common/hibernate-commons-annotations/5.1.2.Final/hibernate-commons-annotations-5.1.2.Final.jar!/, jar:file:/C:/Users/User/.m2/repository/org/glassfish/jaxb/jaxb-runtime/2.3.5/jaxb-runtime-2.3.5.jar!/, jar:file:/C:/Users/User/.m2/repository/org/glassfish/jaxb/txw2/2.3.5/txw2-2.3.5.jar!/, jar:file:/C:/Users/User/.m2/repository/com/sun/istack/istack-commons-runtime/3.0.12/istack-commons-runtime-3.0.12.jar!/, jar:file:/C:/Users/User/.m2/repository/com/sun/activation/jakarta.activation/1.2.2/jakarta.activation-1.2.2.jar!/, jar:file:/C:/Users/User/.m2/repository/org/springframework/data/spring-data-jpa/2.5.4/spring-data-jpa-2.5.4.jar!/, jar:file:/C:/Users/User/.m2/repository/org/springframework/data/spring-data-commons/2.5.4/spring-data-commons-2.5.4.jar!/, jar:file:/C:/Users/User/.m2/repository/org/springframework/spring-orm/5.3.9/spring-orm-5.3.9.jar!/, jar:file:/C:/Users/User/.m2/repository/org/springframework/spring-tx/5.3.9/spring-tx-5.3.9.jar!/, jar:file:/C:/Users/User/.m2/repository/org/springframework/spring-aspects/5.3.9/spring-aspects-5.3.9.jar!/, jar:file:/C:/Users/User/.m2/repository/com/h2database/h2/1.4.200/h2-1.4.200.jar!/, jar:file:/C:/Users/User/.m2/repository/javax/persistence/javax.persistence-api/2.2/javax.persistence-api-2.2.jar!/, jar:file:/C:/Users/User/.m2/repository/org/springframework/boot/spring-boot-starter-test/2.5.4/spring-boot-starter-test-2.5.4.jar!/, jar:file:/C:/Users/User/.m2/repository/org/springframework/boot/spring-boot-test/2.5.4/spring-boot-test-2.5.4.jar!/, jar:file:/C:/Users/User/.m2/repository/org/springframework/boot/spring-boot-test-autoconfigure/2.5.4/spring-boot-test-autoconfigure-2.5.4.jar!/, jar:file:/C:/Users/User/.m2/repository/com/jayway/jsonpath/json-path/2.5.0/json-path-2.5.0.jar!/, jar:file:/C:/Users/User/.m2/repository/net/minidev/json-smart/2.4.7/json-smart-2.4.7.jar!/, jar:file:/C:/Users/User/.m2/repository/net/minidev/accessors-smart/2.4.7/accessors-smart-2.4.7.jar!/, jar:file:/C:/Users/User/.m2/repository/org/ow2/asm/asm/9.1/asm-9.1.jar!/, jar:file:/C:/Users/User/.m2/repository/jakarta/xml/bind/jakarta.xml.bind-api/2.3.3/jakarta.xml.bind-api-2.3.3.jar!/, jar:file:/C:/Users/User/.m2/repository/jakarta/activation/jakarta.activation-api/1.2.2/jakarta.activation-api-1.2.2.jar!/, jar:file:/C:/Users/User/.m2/repository/org/assertj/assertj-core/3.19.0/assertj-core-3.19.0.jar!/, jar:file:/C:/Users/User/.m2/repository/org/hamcrest/hamcrest/2.2/hamcrest-2.2.jar!/, jar:file:/C:/Users/User/.m2/repository/org/junit/jupiter/junit-jupiter/5.7.2/junit-jupiter-5.7.2.jar!/, jar:file:/C:/Users/User/.m2/repository/org/junit/jupiter/junit-jupiter-api/5.7.2/junit-jupiter-api-5.7.2.jar!/, jar:file:/C:/Users/User/.m2/repository/org/apiguardian/apiguardian-api/1.1.0/apiguardian-api-1.1.0.jar!/, jar:file:/C:/Users/User/.m2/repository/org/opentest4j/opentest4j/1.2.0/opentest4j-1.2.0.jar!/, jar:file:/C:/Users/User/.m2/repository/org/junit/platform/junit-platform-commons/1.7.2/junit-platform-commons-1.7.2.jar!/, jar:file:/C:/Users/User/.m2/repository/org/junit/jupiter/junit-jupiter-params/5.7.2/junit-jupiter-params-5.7.2.jar!/, jar:file:/C:/Users/User/.m2/repository/org/junit/jupiter/junit-jupiter-engine/5.7.2/junit-jupiter-engine-5.7.2.jar!/, jar:file:/C:/Users/User/.m2/repository/org/junit/platform/junit-platform-engine/1.7.2/junit-platform-engine-1.7.2.jar!/, jar:file:/C:/Users/User/.m2/repository/org/mockito/mockito-core/3.9.0/mockito-core-3.9.0.jar!/, jar:file:/C:/Users/User/.m2/repository/net/bytebuddy/byte-buddy-agent/1.10.22/byte-buddy-agent-1.10.22.jar!/, jar:file:/C:/Users/User/.m2/repository/org/objenesis/objenesis/3.2/objenesis-3.2.jar!/, jar:file:/C:/Users/User/.m2/repository/org/mockito/mockito-junit-jupiter/3.9.0/mockito-junit-jupiter-3.9.0.jar!/, jar:file:/C:/Users/User/.m2/repository/org/skyscreamer/jsonassert/1.5.0/jsonassert-1.5.0.jar!/, jar:file:/C:/Users/User/.m2/repository/com/vaadin/external/google/android-json/0.0.20131108.vaadin1/android-json-0.0.20131108.vaadin1.jar!/, jar:file:/C:/Users/User/.m2/repository/org/springframework/spring-core/5.3.9/spring-core-5.3.9.jar!/, jar:file:/C:/Users/User/.m2/repository/org/springframework/spring-jcl/5.3.9/spring-jcl-5.3.9.jar!/, jar:file:/C:/Users/User/.m2/repository/org/springframework/spring-test/5.3.9/spring-test-5.3.9.jar!/, jar:file:/C:/Users/User/.m2/repository/org/xmlunit/xmlunit-core/2.8.2/xmlunit-core-2.8.2.jar!/, jar:file:/C:/Users/User/.m2/repository/com/tngtech/archunit/archunit-junit5/1.1.0/archunit-junit5-1.1.0.jar!/, jar:file:/C:/Users/User/.m2/repository/com/tngtech/archunit/archunit-junit5-api/1.1.0/archunit-junit5-api-1.1.0.jar!/, jar:file:/C:/Users/User/.m2/repository/com/tngtech/archunit/archunit-junit5-engine/1.1.0/archunit-junit5-engine-1.1.0.jar!/, jar:file:/C:/Users/User/.m2/repository/com/tngtech/archunit/archunit-junit5-engine-api/1.1.0/archunit-junit5-engine-api-1.1.0.jar!/, jar:file:/C:/Users/User/.m2/repository/com/tngtech/archunit/archunit/1.1.0/archunit-1.1.0.jar!/, jar:file:/C:/Users/User/.m2/repository/org/slf4j/slf4j-api/1.7.32/slf4j-api-1.7.32.jar!/]
02:43:10.110 [main] DEBUG com.tngtech.archunit.core.importer.JavaClassProcessor - Processing class 'com/example/songs/repository/SongRepository'
02:43:10.111 [main] DEBUG com.tngtech.archunit.core.importer.JavaClassProcessor - Processing class 'com/example/songs/SongManagerApplication'
02:43:10.111 [main] DEBUG com.tngtech.archunit.core.importer.JavaClassProcessor - Processing class 'com/example/songs/service/SongService'
02:43:10.111 [main] DEBUG com.tngtech.archunit.core.importer.JavaClassProcessor - Processing class 'com/example/songs/model/Song'
02:43:10.111 [main] DEBUG com.tngtech.archunit.core.importer.JavaClassProcessor - Processing class 'com/example/songs/controller/SongController'
02:43:10.112 [main] DEBUG com.tngtech.archunit.core.importer.JavaClassProcessor - Processing class 'org/springframework/web/bind/annotation/PathVariable'
02:43:10.112 [main] DEBUG com.tngtech.archunit.core.importer.JavaClassProcessor - Processing class 'org/springframework/web/bind/annotation/RequestMapping'
02:43:10.113 [main] DEBUG com.tngtech.archunit.core.importer.JavaClassProcessor - Processing class 'org/springframework/http/ResponseEntity$BodyBuilder'
02:43:10.113 [main] DEBUG com.tngtech.archunit.core.importer.JavaClassProcessor - Processing class 'org/springframework/web/bind/annotation/RequestBody'
02:43:10.113 [main] DEBUG com.tngtech.archunit.core.importer.JavaClassProcessor - Processing class 'org/springframework/boot/SpringApplication'
02:43:10.114 [main] DEBUG com.tngtech.archunit.core.importer.JavaClassProcessor - Processing class 'org/springframework/web/bind/annotation/PutMapping'
02:43:10.114 [main] DEBUG com.tngtech.archunit.core.importer.JavaClassProcessor - Processing class 'java/lang/Long'
02:43:10.114 [main] DEBUG com.tngtech.archunit.core.importer.JavaClassProcessor - Processing class 'org/springframework/stereotype/Service'
02:43:10.115 [main] DEBUG com.tngtech.archunit.core.importer.JavaClassProcessor - Processing class 'org/springframework/web/bind/annotation/GetMapping'
02:43:10.115 [main] DEBUG com.tngtech.archunit.core.importer.JavaClassProcessor - Processing class 'java/lang/String'
02:43:10.115 [main] DEBUG com.tngtech.archunit.core.importer.JavaClassProcessor - Processing class 'org/springframework/web/bind/annotation/DeleteMapping'
02:43:10.115 [main] DEBUG com.tngtech.archunit.core.importer.JavaClassProcessor - Processing class 'javax/persistence/Id'
02:43:10.115 [main] DEBUG com.tngtech.archunit.core.importer.JavaClassProcessor - Processing class 'javax/persistence/Entity'
02:43:10.115 [main] DEBUG com.tngtech.archunit.core.importer.JavaClassProcessor - Processing class 'org/springframework/web/bind/annotation/PostMapping'
02:43:10.115 [main] DEBUG com.tngtech.archunit.core.importer.JavaClassProcessor - Processing class 'java/lang/Void'
02:43:10.116 [main] DEBUG com.tngtech.archunit.core.importer.JavaClassProcessor - Processing class 'org/springframework/boot/autoconfigure/SpringBootApplication'
02:43:10.116 [main] DEBUG com.tngtech.archunit.core.importer.JavaClassProcessor - Processing class 'java/lang/RuntimeException'
02:43:10.116 [main] DEBUG com.tngtech.archunit.core.importer.JavaClassProcessor - Processing class 'org/springframework/web/bind/annotation/RestController'
02:43:10.116 [main] DEBUG com.tngtech.archunit.core.importer.JavaClassProcessor - Processing class 'javax/persistence/GenerationType'
02:43:10.116 [main] DEBUG com.tngtech.archunit.core.importer.JavaClassProcessor - Processing class 'java/util/List'
02:43:10.117 [main] DEBUG com.tngtech.archunit.core.importer.JavaClassProcessor - Processing class 'javax/persistence/GeneratedValue'
02:43:10.117 [main] DEBUG com.tngtech.archunit.core.importer.JavaClassProcessor - Processing class 'java/util/Optional'
02:43:10.117 [main] DEBUG com.tngtech.archunit.core.importer.JavaClassProcessor - Processing class 'java/lang/Object'
02:43:10.117 [main] DEBUG com.tngtech.archunit.core.importer.JavaClassProcessor - Processing class 'org/springframework/http/ResponseEntity'
02:43:10.117 [main] DEBUG com.tngtech.archunit.core.importer.JavaClassProcessor - Processing class 'org/springframework/http/ResponseEntity$HeadersBuilder'
02:43:10.117 [main] DEBUG com.tngtech.archunit.core.importer.JavaClassProcessor - Processing class 'org/springframework/data/jpa/repository/JpaRepository'
02:43:10.118 [main] DEBUG com.tngtech.archunit.core.importer.JavaClassProcessor - Processing class 'java/lang/annotation/Inherited'
02:43:10.118 [main] DEBUG com.tngtech.archunit.core.importer.JavaClassProcessor - Processing class 'org/springframework/context/annotation/ComponentScan$Filter'
02:43:10.118 [main] DEBUG com.tngtech.archunit.core.importer.JavaClassProcessor - Processing class 'java/lang/Enum'
02:43:10.118 [main] DEBUG com.tngtech.archunit.core.importer.JavaClassProcessor - Processing class 'org/springframework/context/ConfigurableApplicationContext'
02:43:10.118 [main] DEBUG com.tngtech.archunit.core.importer.JavaClassProcessor - Processing class 'java/lang/annotation/Documented'
02:43:10.118 [main] DEBUG com.tngtech.archunit.core.importer.JavaClassProcessor - Processing class 'java/lang/CharSequence'
02:43:10.118 [main] DEBUG com.tngtech.archunit.core.importer.JavaClassProcessor - Processing class 'org/springframework/data/repository/PagingAndSortingRepository'
02:43:10.119 [main] DEBUG com.tngtech.archunit.core.importer.JavaClassProcessor - Processing class 'org/springframework/http/HttpHeaders'
02:43:10.119 [main] DEBUG com.tngtech.archunit.core.importer.JavaClassProcessor - Processing class 'java/util/Collection'
02:43:10.119 [main] DEBUG com.tngtech.archunit.core.importer.JavaClassProcessor - Processing class 'org/springframework/web/bind/annotation/RequestMethod'
02:43:10.119 [main] DEBUG com.tngtech.archunit.core.importer.JavaClassProcessor - Processing class 'org/springframework/context/ApplicationListener'
02:43:10.119 [main] DEBUG com.tngtech.archunit.core.importer.JavaClassProcessor - Processing class 'java/lang/Exception'
02:43:10.120 [main] DEBUG com.tngtech.archunit.core.importer.JavaClassProcessor - Processing class 'java/io/Serializable'
02:43:10.120 [main] DEBUG com.tngtech.archunit.core.importer.JavaClassProcessor - Processing class 'org/springframework/context/annotation/Configuration'
02:43:10.120 [main] DEBUG com.tngtech.archunit.core.importer.JavaClassProcessor - Processing class 'org/springframework/http/HttpEntity'
02:43:10.120 [main] DEBUG com.tngtech.archunit.core.importer.JavaClassProcessor - Processing class 'org/springframework/beans/factory/support/BeanNameGenerator'
02:43:10.120 [main] DEBUG com.tngtech.archunit.core.importer.JavaClassProcessor - Processing class 'org/springframework/boot/SpringBootExceptionReporter'
02:43:10.120 [main] DEBUG com.tngtech.archunit.core.importer.JavaClassProcessor - Processing class 'java/lang/annotation/Annotation'
02:43:10.120 [main] DEBUG com.tngtech.archunit.core.importer.JavaClassProcessor - Processing class 'java/lang/Throwable'
02:43:10.120 [main] DEBUG com.tngtech.archunit.core.importer.JavaClassProcessor - Processing class 'org/springframework/boot/autoconfigure/AutoConfigurationExcludeFilter'
02:43:10.120 [main] DEBUG com.tngtech.archunit.core.importer.JavaClassProcessor - Processing class 'org/springframework/stereotype/Controller'
02:43:10.121 [main] DEBUG com.tngtech.archunit.core.importer.JavaClassProcessor - Processing class 'org/springframework/boot/context/TypeExcludeFilter'
02:43:10.121 [main] DEBUG com.tngtech.archunit.core.importer.JavaClassProcessor - Processing class 'java/lang/annotation/Retention'
02:43:10.121 [main] DEBUG com.tngtech.archunit.core.importer.JavaClassProcessor - Processing class 'org/springframework/data/repository/NoRepositoryBean'
02:43:10.121 [main] DEBUG com.tngtech.archunit.core.importer.JavaClassProcessor - Processing class 'org/springframework/boot/BootstrapRegistryInitializer'
02:43:10.121 [main] DEBUG com.tngtech.archunit.core.importer.JavaClassProcessor - Processing class 'jdk/internal/HotSpotIntrinsicCandidate'
02:43:10.121 [main] DEBUG com.tngtech.archunit.core.importer.JavaClassProcessor - Processing class 'org/springframework/lang/Nullable'
02:43:10.121 [main] DEBUG com.tngtech.archunit.core.importer.JavaClassProcessor - Processing class 'java/lang/Number'
02:43:10.121 [main] DEBUG com.tngtech.archunit.core.importer.JavaClassProcessor - Processing class 'org/springframework/context/annotation/FilterType'
02:43:10.121 [main] DEBUG com.tngtech.archunit.core.importer.JavaClassProcessor - Processing class 'org/springframework/core/annotation/AliasFor'
02:43:10.121 [main] DEBUG com.tngtech.archunit.core.importer.JavaClassProcessor - Processing class 'java/lang/SafeVarargs'
02:43:10.121 [main] DEBUG com.tngtech.archunit.core.importer.JavaClassProcessor - Processing class 'jdk/internal/vm/annotation/Stable'
02:43:10.121 [main] DEBUG com.tngtech.archunit.core.importer.JavaClassProcessor - Processing class 'org/springframework/boot/autoconfigure/EnableAutoConfiguration'
02:43:10.121 [main] DEBUG com.tngtech.archunit.core.importer.JavaClassProcessor - Processing class 'java/lang/Deprecated'
02:43:10.122 [main] DEBUG com.tngtech.archunit.core.importer.JavaClassProcessor - Processing class 'java/lang/annotation/Target'
02:43:10.122 [main] DEBUG com.tngtech.archunit.core.importer.JavaClassProcessor - Processing class 'org/springframework/core/env/StandardEnvironment'
02:43:10.122 [main] DEBUG com.tngtech.archunit.core.importer.JavaClassProcessor - Processing class 'java/lang/annotation/ElementType'
02:43:10.122 [main] DEBUG com.tngtech.archunit.core.importer.JavaClassProcessor - Processing class 'org/springframework/web/bind/annotation/ResponseBody'
02:43:10.122 [main] DEBUG com.tngtech.archunit.core.importer.JavaClassProcessor - Processing class 'org/springframework/context/annotation/ComponentScan'
02:43:10.122 [main] DEBUG com.tngtech.archunit.core.importer.JavaClassProcessor - Processing class 'org/springframework/data/repository/query/QueryByExampleExecutor'
02:43:10.122 [main] DEBUG com.tngtech.archunit.core.importer.JavaClassProcessor - Processing class 'org/springframework/stereotype/Component'
02:43:10.122 [main] DEBUG com.tngtech.archunit.core.importer.JavaClassProcessor - Processing class 'org/springframework/boot/SpringBootConfiguration'
02:43:10.122 [main] DEBUG com.tngtech.archunit.core.importer.JavaClassProcessor - Processing class 'java/lang/Class'
02:43:10.123 [main] DEBUG com.tngtech.archunit.core.importer.JavaClassProcessor - Processing class 'java/lang/Comparable'
02:43:10.123 [main] DEBUG com.tngtech.archunit.core.importer.JavaClassProcessor - Processing class 'org/springframework/context/ApplicationContextInitializer'
02:43:10.123 [main] DEBUG com.tngtech.archunit.core.importer.JavaClassProcessor - Processing class 'java/lang/annotation/RetentionPolicy'
02:43:10.123 [main] DEBUG com.tngtech.archunit.core.importer.JavaClassProcessor - Processing class 'org/springframework/web/bind/annotation/Mapping'
02:43:10.124 [main] DEBUG com.tngtech.archunit.core.importer.JavaClassProcessor - Processing class 'org/springframework/core/type/filter/TypeFilter'
02:43:10.124 [main] DEBUG com.tngtech.archunit.core.importer.JavaClassProcessor - Processing class 'java/util/Locale'
02:43:10.124 [main] DEBUG com.tngtech.archunit.core.importer.JavaClassProcessor - Processing class 'java/lang/reflect/Method'
02:43:10.124 [main] DEBUG com.tngtech.archunit.core.importer.JavaClassProcessor - Processing class 'org/springframework/context/PayloadApplicationEvent'
02:43:10.125 [main] DEBUG com.tngtech.archunit.core.importer.JavaClassProcessor - Processing class 'org/springframework/boot/autoconfigure/AutoConfigurationImportSelector'
02:43:10.125 [main] DEBUG com.tngtech.archunit.core.importer.JavaClassProcessor - Processing class 'jdk/internal/vm/annotation/ForceInline'
02:43:10.125 [main] DEBUG com.tngtech.archunit.core.importer.JavaClassProcessor - Processing class 'org/springframework/http/MediaType'
02:43:10.125 [main] DEBUG com.tngtech.archunit.core.importer.JavaClassProcessor - Processing class 'java/util/Locale$LanguageRange'
02:43:10.125 [main] DEBUG com.tngtech.archunit.core.importer.JavaClassProcessor - Processing class 'java/util/EventListener'
02:43:10.125 [main] DEBUG com.tngtech.archunit.core.importer.JavaClassProcessor - Processing class 'java/lang/Class$ReflectionData'
02:43:10.125 [main] DEBUG com.tngtech.archunit.core.importer.JavaClassProcessor - Processing class 'java/lang/reflect/Type'
02:43:10.125 [main] DEBUG com.tngtech.archunit.core.importer.JavaClassProcessor - Processing class 'jdk/internal/reflect/CallerSensitive'
02:43:10.126 [main] DEBUG com.tngtech.archunit.core.importer.JavaClassProcessor - Processing class 'org/springframework/beans/factory/BeanClassLoaderAware'
02:43:10.126 [main] DEBUG com.tngtech.archunit.core.importer.JavaClassProcessor - Processing class 'org/springframework/context/annotation/AnnotationScopeMetadataResolver'
02:43:10.126 [main] DEBUG com.tngtech.archunit.core.importer.JavaClassProcessor - Processing class 'java/lang/reflect/AnnotatedElement'
02:43:10.126 [main] DEBUG com.tngtech.archunit.core.importer.JavaClassProcessor - Processing class 'org/springframework/boot/autoconfigure/AutoConfigurationPackage'
02:43:10.126 [main] DEBUG com.tngtech.archunit.core.importer.JavaClassProcessor - Processing class 'org/springframework/data/repository/CrudRepository'
02:43:10.126 [main] DEBUG com.tngtech.archunit.core.importer.JavaClassProcessor - Processing class 'java/lang/Iterable'
02:43:10.126 [main] DEBUG com.tngtech.archunit.core.importer.JavaClassProcessor - Processing class 'java/lang/FunctionalInterface'
02:43:10.126 [main] DEBUG com.tngtech.archunit.core.importer.JavaClassProcessor - Processing class 'java/nio/charset/Charset'
02:43:10.126 [main] DEBUG com.tngtech.archunit.core.importer.JavaClassProcessor - Processing class 'java/lang/annotation/Repeatable'
02:43:10.127 [main] DEBUG com.tngtech.archunit.core.importer.JavaClassProcessor - Processing class 'org/springframework/beans/factory/BeanFactoryAware'
02:43:10.127 [main] DEBUG com.tngtech.archunit.core.importer.JavaClassProcessor - Processing class 'org/springframework/context/annotation/ComponentScans'
02:43:10.127 [main] DEBUG com.tngtech.archunit.core.importer.JavaClassProcessor - Processing class 'org/springframework/stereotype/Indexed'
02:43:10.127 [main] DEBUG com.tngtech.archunit.core.importer.JavaClassProcessor - Processing class 'java/lang/reflect/GenericDeclaration'
02:43:10.127 [main] DEBUG com.tngtech.archunit.core.importer.JavaClassProcessor - Processing class 'java/util/Map$Entry'
02:43:10.127 [main] DEBUG com.tngtech.archunit.core.importer.JavaClassProcessor - Processing class 'org/springframework/http/HttpMethod'
02:43:10.127 [main] DEBUG com.tngtech.archunit.core.importer.JavaClassProcessor - Processing class 'org/springframework/context/annotation/ScopedProxyMode'
02:43:10.127 [main] DEBUG com.tngtech.archunit.core.importer.JavaClassProcessor - Processing class 'org/springframework/util/MultiValueMap'
02:43:10.128 [main] DEBUG com.tngtech.archunit.core.importer.JavaClassProcessor - Processing class 'org/springframework/context/annotation/Import'
02:43:10.128 [main] DEBUG com.tngtech.archunit.core.importer.JavaClassProcessor - Processing class 'org/springframework/http/HttpRange'
02:43:10.128 [main] DEBUG com.tngtech.archunit.core.importer.JavaClassProcessor - Processing class 'java/lang/reflect/Field'
02:43:10.128 [main] DEBUG com.tngtech.archunit.core.importer.JavaClassProcessor - Processing class 'org/springframework/context/ApplicationContext'
02:43:10.128 [main] DEBUG com.tngtech.archunit.core.importer.JavaClassProcessor - Processing class 'org/springframework/context/Lifecycle'
02:43:10.128 [main] DEBUG com.tngtech.archunit.core.importer.JavaClassProcessor - Processing class 'org/springframework/context/ApplicationEvent'
02:43:10.128 [main] DEBUG com.tngtech.archunit.core.importer.JavaClassProcessor - Processing class 'org/springframework/context/annotation/ScopeMetadataResolver'
02:43:10.128 [main] DEBUG com.tngtech.archunit.core.importer.JavaClassProcessor - Processing class 'java/io/Closeable'
02:43:10.129 [main] DEBUG com.tngtech.archunit.core.importer.JavaClassProcessor - Processing class 'org/springframework/core/env/AbstractEnvironment'
02:43:10.129 [main] DEBUG com.tngtech.archunit.core.importer.JavaClassProcessor - Processing class 'org/springframework/beans/factory/HierarchicalBeanFactory'
02:43:10.129 [main] DEBUG com.tngtech.archunit.core.importer.JavaClassProcessor - Processing class 'org/springframework/boot/autoconfigure/AutoConfigurationImportListener'
02:43:10.129 [main] DEBUG com.tngtech.archunit.core.importer.JavaClassProcessor - Processing class 'java/nio/charset/spi/CharsetProvider'
02:43:10.129 [main] DEBUG com.tngtech.archunit.core.importer.JavaClassProcessor - Processing class 'java/lang/AutoCloseable'
02:43:10.129 [main] DEBUG com.tngtech.archunit.core.importer.JavaClassProcessor - Processing class 'java/util/EventObject'
02:43:10.129 [main] DEBUG com.tngtech.archunit.core.importer.JavaClassProcessor - Processing class 'org/springframework/util/MimeType'
02:43:10.130 [main] DEBUG com.tngtech.archunit.core.importer.JavaClassProcessor - Processing class 'java/lang/Character'
02:43:10.130 [main] DEBUG com.tngtech.archunit.core.importer.JavaClassProcessor - Processing class 'org/springframework/data/repository/Repository'
02:43:10.130 [main] DEBUG com.tngtech.archunit.core.importer.JavaClassProcessor - Processing class 'java/util/Map'
02:43:10.130 [main] DEBUG com.tngtech.archunit.core.importer.JavaClassProcessor - Processing class 'org/springframework/context/ApplicationEventPublisher'
02:43:10.130 [main] DEBUG com.tngtech.archunit.core.importer.JavaClassProcessor - Processing class 'java/lang/reflect/Executable'
02:43:10.131 [main] DEBUG com.tngtech.archunit.core.importer.JavaClassProcessor - Processing class 'org/springframework/boot/autoconfigure/AutoConfigurationPackages$Registrar'
02:43:10.131 [main] DEBUG com.tngtech.archunit.core.importer.JavaClassProcessor - Processing class 'java/lang/Cloneable'
02:43:10.131 [main] DEBUG com.tngtech.archunit.core.importer.JavaClassProcessor - Processing class 'java/lang/ThreadLocal'
02:43:10.131 [main] DEBUG com.tngtech.archunit.core.importer.JavaClassProcessor - Processing class 'java/lang/reflect/Member'
02:43:10.131 [main] DEBUG com.tngtech.archunit.core.importer.JavaClassProcessor - Processing class 'sun/util/locale/LocaleExtensions'
02:43:10.131 [main] DEBUG com.tngtech.archunit.core.importer.JavaClassProcessor - Processing class 'org/springframework/beans/factory/ListableBeanFactory'
02:43:10.131 [main] DEBUG com.tngtech.archunit.core.importer.JavaClassProcessor - Processing class 'org/springframework/core/Ordered'
02:43:10.131 [main] DEBUG com.tngtech.archunit.core.importer.JavaClassProcessor - Processing class 'org/springframework/context/annotation/DeferredImportSelector'
02:43:10.131 [main] DEBUG com.tngtech.archunit.core.importer.JavaClassProcessor - Processing class 'org/springframework/beans/factory/Aware'
02:43:10.132 [main] DEBUG com.tngtech.archunit.core.importer.JavaClassProcessor - Processing class 'org/springframework/core/ResolvableTypeProvider'
02:43:10.132 [main] DEBUG com.tngtech.archunit.core.importer.JavaClassProcessor - Processing class 'org/springframework/core/io/support/ResourceRegion'
02:43:10.132 [main] DEBUG com.tngtech.archunit.core.importer.JavaClassProcessor - Processing class 'org/springframework/boot/autoconfigure/AutoConfigurationImportFilter'
02:43:10.132 [main] DEBUG com.tngtech.archunit.core.importer.JavaClassProcessor - Processing class 'org/springframework/core/env/ConfigurableEnvironment'
02:43:10.132 [main] DEBUG com.tngtech.archunit.core.importer.JavaClassProcessor - Processing class 'org/springframework/core/env/EnvironmentCapable'
02:43:10.132 [main] DEBUG com.tngtech.archunit.core.importer.JavaClassProcessor - Processing class 'org/springframework/context/MessageSource'
02:43:10.132 [main] DEBUG com.tngtech.archunit.core.importer.JavaClassProcessor - Processing class 'java/lang/reflect/AccessibleObject'
02:43:10.133 [main] DEBUG com.tngtech.archunit.core.importer.JavaClassProcessor - Processing class 'org/springframework/context/ResourceLoaderAware'
02:43:10.133 [main] DEBUG com.tngtech.archunit.core.importer.JavaClassProcessor - Processing class 'org/springframework/context/annotation/DeferredImportSelector$Group'
02:43:10.133 [main] DEBUG com.tngtech.archunit.core.importer.JavaClassProcessor - Processing class 'org/springframework/context/EnvironmentAware'
02:43:10.133 [main] DEBUG com.tngtech.archunit.core.importer.JavaClassProcessor - Processing class 'org/springframework/core/io/support/ResourcePatternResolver'
02:43:10.133 [main] DEBUG com.tngtech.archunit.core.importer.JavaClassProcessor - Processing class 'sun/util/locale/Extension'
02:43:10.133 [main] DEBUG com.tngtech.archunit.core.importer.JavaClassProcessor - Processing class 'org/springframework/core/env/ConfigurablePropertyResolver'
02:43:10.133 [main] DEBUG com.tngtech.archunit.core.importer.JavaClassProcessor - Processing class 'org/springframework/context/annotation/DeferredImportSelector$Group$Entry'
02:43:10.134 [main] DEBUG com.tngtech.archunit.core.importer.JavaClassProcessor - Processing class 'org/springframework/context/annotation/ImportBeanDefinitionRegistrar'
02:43:10.134 [main] DEBUG com.tngtech.archunit.core.importer.JavaClassProcessor - Processing class 'org/springframework/context/annotation/ImportSelector'
02:43:10.134 [main] DEBUG com.tngtech.archunit.core.importer.JavaClassProcessor - Processing class 'org/springframework/core/io/ResourceLoader'
02:43:10.134 [main] DEBUG com.tngtech.archunit.core.importer.JavaClassProcessor - Processing class 'org/springframework/boot/autoconfigure/AutoConfigurationPackages'
02:43:10.134 [main] DEBUG com.tngtech.archunit.core.importer.JavaClassProcessor - Processing class 'org/springframework/boot/context/annotation/DeterminableImports'
02:43:10.134 [main] DEBUG com.tngtech.archunit.core.importer.JavaClassProcessor - Processing class 'org/springframework/core/env/Environment'
02:43:10.134 [main] DEBUG com.tngtech.archunit.core.importer.JavaClassProcessor - Processing class 'org/springframework/beans/factory/BeanFactory'
02:43:10.134 [main] DEBUG com.tngtech.archunit.core.importer.JavaClassProcessor - Processing class 'sun/util/locale/InternalLocaleBuilder$CaseInsensitiveString'
02:43:10.135 [main] DEBUG com.tngtech.archunit.core.importer.JavaClassProcessor - Processing class 'sun/util/locale/InternalLocaleBuilder$CaseInsensitiveChar'
02:43:10.135 [main] DEBUG com.tngtech.archunit.core.importer.JavaClassProcessor - Processing class 'org/springframework/core/env/PropertyResolver'
02:43:10.135 [main] DEBUG com.tngtech.archunit.core.importer.JavaClassProcessor - Processing class 'sun/util/locale/InternalLocaleBuilder'
02:43:10.136 [main] DEBUG com.tngtech.archunit.core.importer.JavaClassProcessor - Processing class 'java/io/IOException'
02:43:10.136 [main] DEBUG com.tngtech.archunit.core.importer.JavaClassProcessor - Processing class 'java/util/stream/IntStream'
02:43:10.137 [main] DEBUG com.tngtech.archunit.core.importer.JavaClassProcessor - Processing class 'java/lang/ClassLoader'
02:43:10.137 [main] DEBUG com.tngtech.archunit.core.importer.JavaClassProcessor - Processing class 'java/lang/Class$AnnotationData'
02:43:10.137 [main] DEBUG com.tngtech.archunit.core.importer.JavaClassProcessor - Processing class 'sun/reflect/annotation/AnnotationType'
02:43:10.138 [main] DEBUG com.tngtech.archunit.core.importer.JavaClassProcessor - Processing class 'java/lang/Module'
02:43:10.138 [main] DEBUG com.tngtech.archunit.core.importer.JavaClassProcessor - Processing class 'java/io/ObjectStreamField'
02:43:10.138 [main] DEBUG com.tngtech.archunit.core.importer.JavaClassProcessor - Processing class 'jdk/internal/reflect/ReflectionFactory'
02:43:10.139 [main] DEBUG com.tngtech.archunit.core.importer.JavaClassProcessor - Processing class 'java/lang/ClassValue$ClassValueMap'
02:43:10.139 [main] DEBUG com.tngtech.archunit.core.importer.JavaClassProcessor - Processing class 'java/lang/reflect/Constructor'
02:43:10.139 [main] DEBUG com.tngtech.archunit.core.importer.JavaClassProcessor - Processing class 'java/security/ProtectionDomain'
02:43:10.139 [main] DEBUG com.tngtech.archunit.core.importer.JavaClassProcessor - Processing class 'java/lang/ref/SoftReference'
02:43:10.139 [main] DEBUG com.tngtech.archunit.core.importer.JavaClassProcessor - Processing class 'sun/reflect/generics/repository/ClassRepository'
02:43:10.140 [main] DEBUG com.tngtech.archunit.core.importer.JavaClassProcessor - Processing class 'java/lang/ClassNotFoundException'
02:43:10.140 [main] DEBUG com.tngtech.archunit.core.importer.JavaClassProcessor - Processing class 'java/lang/SecurityManager'
02:43:10.140 [main] DEBUG com.tngtech.archunit.core.importer.JavaClassProcessor - Processing class 'java/lang/SecurityException'
02:43:10.140 [main] DEBUG com.tngtech.archunit.core.importer.JavaClassProcessor - Processing class 'java/net/URL'
02:43:10.141 [main] DEBUG com.tngtech.archunit.core.importer.JavaClassProcessor - Processing class 'java/lang/Class$EnclosingMethodInfo'
02:43:10.141 [main] DEBUG com.tngtech.archunit.core.importer.JavaClassProcessor - Processing class 'java/lang/NoSuchMethodException'
02:43:10.141 [main] DEBUG com.tngtech.archunit.core.importer.JavaClassProcessor - Processing class 'java/lang/reflect/AnnotatedType'
02:43:10.141 [main] DEBUG com.tngtech.archunit.core.importer.JavaClassProcessor - Processing class 'java/lang/Package'
02:43:10.142 [main] DEBUG com.tngtech.archunit.core.importer.JavaClassProcessor - Processing class 'java/lang/reflect/TypeVariable'
02:43:10.142 [main] DEBUG com.tngtech.archunit.core.importer.JavaClassProcessor - Processing class 'jdk/internal/reflect/ConstantPool'
02:43:10.142 [main] DEBUG com.tngtech.archunit.core.importer.JavaClassProcessor - Processing class 'java/lang/NoSuchFieldException'
02:43:10.142 [main] DEBUG com.tngtech.archunit.core.importer.JavaClassProcessor - Processing class 'java/io/InputStream'
02:43:10.142 [main] DEBUG com.tngtech.archunit.core.importer.JavaClassProcessor - Processing class 'java/lang/PublicMethods$MethodList'
02:43:10.142 [main] DEBUG com.tngtech.archunit.core.importer.JavaClassProcessor - Processing class 'sun/reflect/generics/factory/GenericsFactory'
02:43:10.142 [main] DEBUG com.tngtech.archunit.core.importer.JavaClassProcessor - Processing class 'java/lang/InstantiationException'
02:43:10.142 [main] DEBUG com.tngtech.archunit.core.importer.JavaClassProcessor - Processing class 'java/lang/IllegalAccessException'
02:43:10.143 [main] DEBUG com.tngtech.archunit.core.importer.JavaClassProcessor - Processing class 'java/io/ObjectInputStream'
02:43:10.143 [main] DEBUG com.tngtech.archunit.core.importer.JavaClassProcessor - Processing class 'java/lang/CloneNotSupportedException'
02:43:10.143 [main] DEBUG com.tngtech.archunit.core.importer.JavaClassProcessor - Processing class 'java/io/ObjectStreamException'
02:43:10.143 [main] DEBUG com.tngtech.archunit.core.importer.JavaClassProcessor - Processing class 'java/util/Iterator'
02:43:10.143 [main] DEBUG com.tngtech.archunit.core.importer.JavaClassProcessor - Processing class 'java/util/function/Consumer'
02:43:10.143 [main] DEBUG com.tngtech.archunit.core.importer.JavaClassProcessor - Processing class 'java/util/Spliterator'
02:43:10.144 [main] DEBUG com.tngtech.archunit.core.importer.JavaClassProcessor - Processing class 'java/lang/NumberFormatException'
02:43:10.144 [main] DEBUG com.tngtech.archunit.core.importer.JavaClassProcessor - Processing class 'java/math/BigInteger'
02:43:10.145 [main] DEBUG com.tngtech.archunit.core.importer.JavaClassProcessor - Processing class 'java/lang/InterruptedException'
02:43:10.145 [main] DEBUG com.tngtech.archunit.core.importer.JavaClassProcessor - Processing class 'java/util/Comparator'
02:43:10.145 [main] DEBUG com.tngtech.archunit.core.importer.JavaClassProcessor - Processing class 'java/io/UnsupportedEncodingException'
02:43:10.146 [main] DEBUG com.tngtech.archunit.core.importer.JavaClassProcessor - Processing class 'java/lang/AbstractStringBuilder'
02:43:10.146 [main] DEBUG com.tngtech.archunit.core.importer.JavaClassProcessor - Processing class 'java/util/stream/Stream'
02:43:10.146 [main] DEBUG com.tngtech.archunit.core.importer.JavaClassProcessor - Processing class 'java/lang/StringBuffer'
02:43:10.147 [main] DEBUG com.tngtech.archunit.core.importer.JavaClassProcessor - Processing class 'java/lang/StringBuilder'
02:43:10.147 [main] DEBUG com.tngtech.archunit.core.importer.JavaClassProcessor - Processing class 'java/util/concurrent/atomic/AtomicInteger'
02:43:10.147 [main] DEBUG com.tngtech.archunit.core.importer.JavaClassProcessor - Processing class 'java/lang/ThreadLocal$ThreadLocalMap'
02:43:10.147 [main] DEBUG com.tngtech.archunit.core.importer.JavaClassProcessor - Processing class 'java/lang/Thread'
02:43:10.148 [main] DEBUG com.tngtech.archunit.core.importer.JavaClassProcessor - Processing class 'java/util/function/Supplier'
02:43:10.148 [main] DEBUG com.tngtech.archunit.core.importer.JavaClassProcessor - Processing class 'java/lang/StackTraceElement'
02:43:10.148 [main] DEBUG com.tngtech.archunit.core.importer.JavaClassProcessor - Processing class 'java/io/PrintWriter'
02:43:10.148 [main] DEBUG com.tngtech.archunit.core.importer.JavaClassProcessor - Processing class 'java/lang/Throwable$PrintStreamOrWriter'
02:43:10.148 [main] DEBUG com.tngtech.archunit.core.importer.JavaClassProcessor - Processing class 'java/util/Set'
02:43:10.149 [main] DEBUG com.tngtech.archunit.core.importer.JavaClassProcessor - Processing class 'java/io/ObjectOutputStream'
02:43:10.149 [main] DEBUG com.tngtech.archunit.core.importer.JavaClassProcessor - Processing class 'java/io/PrintStream'
02:43:10.150 [main] DEBUG com.tngtech.archunit.core.importer.JavaClassProcessor - Processing class 'java/lang/reflect/Parameter'
02:43:10.151 [main] DEBUG com.tngtech.archunit.core.importer.JavaClassProcessor - Processing class 'sun/reflect/generics/repository/ConstructorRepository'
02:43:10.151 [main] DEBUG com.tngtech.archunit.core.importer.JavaClassProcessor - Processing class 'jdk/internal/reflect/FieldAccessor'
02:43:10.151 [main] DEBUG com.tngtech.archunit.core.importer.JavaClassProcessor - Processing class 'sun/reflect/generics/repository/FieldRepository'
02:43:10.151 [main] DEBUG com.tngtech.archunit.core.importer.JavaClassProcessor - Processing class 'java/lang/IllegalArgumentException'
02:43:10.151 [main] DEBUG com.tngtech.archunit.core.importer.JavaClassProcessor - Processing class 'sun/reflect/generics/repository/MethodRepository'
02:43:10.151 [main] DEBUG com.tngtech.archunit.core.importer.JavaClassProcessor - Processing class 'jdk/internal/reflect/MethodAccessor'
02:43:10.151 [main] DEBUG com.tngtech.archunit.core.importer.JavaClassProcessor - Processing class 'java/lang/reflect/InvocationTargetException'
02:43:10.152 [main] DEBUG com.tngtech.archunit.core.importer.JavaClassProcessor - Processing class 'java/nio/charset/CharsetDecoder'
02:43:10.152 [main] DEBUG com.tngtech.archunit.core.importer.JavaClassProcessor - Processing class 'java/nio/ByteBuffer'
02:43:10.152 [main] DEBUG com.tngtech.archunit.core.importer.JavaClassProcessor - Processing class 'java/util/SortedMap'
02:43:10.152 [main] DEBUG com.tngtech.archunit.core.importer.JavaClassProcessor - Processing class 'java/nio/charset/CharsetEncoder'
02:43:10.152 [main] DEBUG com.tngtech.archunit.core.importer.JavaClassProcessor - Processing class 'java/nio/CharBuffer'
02:43:10.153 [main] DEBUG com.tngtech.archunit.core.importer.JavaClassProcessor - Processing class 'java/util/function/Predicate'
02:43:10.153 [main] DEBUG com.tngtech.archunit.core.importer.JavaClassProcessor - Processing class 'java/util/function/IntFunction'
02:43:10.153 [main] DEBUG com.tngtech.archunit.core.importer.JavaClassProcessor - Processing class 'java/util/ListIterator'
02:43:10.153 [main] DEBUG com.tngtech.archunit.core.importer.JavaClassProcessor - Processing class 'java/util/function/UnaryOperator'
02:43:10.153 [main] DEBUG com.tngtech.archunit.core.importer.JavaClassProcessor - Processing class 'sun/util/locale/BaseLocale'
02:43:10.153 [main] DEBUG com.tngtech.archunit.core.importer.JavaClassProcessor - Processing class 'java/util/Locale$Cache'
02:43:10.153 [main] DEBUG com.tngtech.archunit.core.importer.JavaClassProcessor - Processing class 'java/util/Locale$IsoCountryCode'
02:43:10.153 [main] DEBUG com.tngtech.archunit.core.importer.JavaClassProcessor - Processing class 'java/util/Locale$Category'
02:43:10.153 [main] DEBUG com.tngtech.archunit.core.importer.JavaClassProcessor - Processing class 'java/util/MissingResourceException'
02:43:10.154 [main] DEBUG com.tngtech.archunit.core.importer.JavaClassProcessor - Processing class 'sun/util/locale/provider/LocaleResources'
02:43:10.154 [main] DEBUG com.tngtech.archunit.core.importer.JavaClassProcessor - Processing class 'java/util/Locale$FilteringMode'
02:43:10.154 [main] DEBUG com.tngtech.archunit.core.importer.JavaClassProcessor - Processing class 'java/util/function/BiFunction'
02:43:10.154 [main] DEBUG com.tngtech.archunit.core.importer.JavaClassProcessor - Processing class 'java/util/function/BiConsumer'
02:43:10.155 [main] DEBUG com.tngtech.archunit.core.importer.JavaClassProcessor - Processing class 'java/util/function/Function'
02:43:10.155 [main] DEBUG com.tngtech.archunit.core.importer.JavaClassProcessor - Processing class 'java/lang/invoke/SerializedLambda'
02:43:10.156 [main] DEBUG com.tngtech.archunit.core.importer.JavaClassProcessor - Processing class 'java/lang/Runnable'
02:43:10.156 [main] DEBUG com.tngtech.archunit.core.importer.JavaClassProcessor - Processing class 'org/springframework/beans/factory/NoSuchBeanDefinitionException'
02:43:10.156 [main] DEBUG com.tngtech.archunit.core.importer.JavaClassProcessor - Processing class 'org/springframework/beans/BeansException'
02:43:10.157 [main] DEBUG com.tngtech.archunit.core.importer.JavaClassProcessor - Processing class 'org/springframework/beans/factory/ObjectProvider'
02:43:10.157 [main] DEBUG com.tngtech.archunit.core.importer.JavaClassProcessor - Processing class 'org/springframework/core/ResolvableType'
02:43:10.158 [main] DEBUG com.tngtech.archunit.core.importer.JavaClassProcessor - Processing class 'org/springframework/beans/factory/config/BeanDefinition'
02:43:10.158 [main] DEBUG com.tngtech.archunit.core.importer.JavaClassProcessor - Processing class 'org/springframework/beans/factory/support/BeanDefinitionRegistry'
02:43:10.158 [main] DEBUG com.tngtech.archunit.core.importer.JavaClassProcessor - Processing class 'org/springframework/boot/BootstrapRegistry'
02:43:10.158 [main] DEBUG com.tngtech.archunit.core.importer.JavaClassProcessor - Processing class 'org/springframework/boot/Banner$Mode'
02:43:10.158 [main] DEBUG com.tngtech.archunit.core.importer.JavaClassProcessor - Processing class 'org/springframework/boot/ApplicationContextFactory'
02:43:10.158 [main] DEBUG com.tngtech.archunit.core.importer.JavaClassProcessor - Processing class 'org/springframework/boot/Banner'
02:43:10.158 [main] DEBUG com.tngtech.archunit.core.importer.JavaClassProcessor - Processing class 'org/apache/commons/logging/Log'
02:43:10.159 [main] DEBUG com.tngtech.archunit.core.importer.JavaClassProcessor - Processing class 'org/springframework/core/metrics/ApplicationStartup'
02:43:10.159 [main] DEBUG com.tngtech.archunit.core.importer.JavaClassProcessor - Processing class 'org/springframework/boot/SpringApplicationShutdownHook'
02:43:10.159 [main] DEBUG com.tngtech.archunit.core.importer.JavaClassProcessor - Processing class 'org/springframework/boot/WebApplicationType'
02:43:10.159 [main] DEBUG com.tngtech.archunit.core.importer.JavaClassProcessor - Processing class 'org/springframework/boot/ApplicationRunner'
02:43:10.159 [main] DEBUG com.tngtech.archunit.core.importer.JavaClassProcessor - Processing class 'org/springframework/boot/ApplicationArguments'
02:43:10.160 [main] DEBUG com.tngtech.archunit.core.importer.JavaClassProcessor - Processing class 'org/springframework/boot/ExitCodeGenerator'
02:43:10.160 [main] DEBUG com.tngtech.archunit.core.importer.JavaClassProcessor - Processing class 'org/springframework/boot/SpringBootExceptionHandler'
02:43:10.160 [main] DEBUG com.tngtech.archunit.core.importer.JavaClassProcessor - Processing class 'org/springframework/boot/SpringApplicationShutdownHandlers'
02:43:10.160 [main] DEBUG com.tngtech.archunit.core.importer.JavaClassProcessor - Processing class 'org/springframework/boot/DefaultBootstrapContext'
02:43:10.160 [main] DEBUG com.tngtech.archunit.core.importer.JavaClassProcessor - Processing class 'org/springframework/boot/CommandLineRunner'
02:43:10.160 [main] DEBUG com.tngtech.archunit.core.importer.JavaClassProcessor - Processing class 'org/springframework/boot/BeanDefinitionLoader'
02:43:10.161 [main] DEBUG com.tngtech.archunit.core.importer.JavaClassProcessor - Processing class 'org/springframework/boot/SpringApplicationRunListeners'
02:43:10.162 [main] DEBUG com.tngtech.archunit.core.importer.JavaClassProcessor - Processing class 'java/util/Properties'
02:43:10.163 [main] DEBUG com.tngtech.archunit.core.importer.JavaClassProcessor - Processing class 'org/springframework/boot/Bootstrapper'
02:43:10.163 [main] DEBUG com.tngtech.archunit.core.importer.JavaClassProcessor - Processing class 'org/springframework/core/type/classreading/MetadataReader'
02:43:10.164 [main] DEBUG com.tngtech.archunit.core.importer.JavaClassProcessor - Processing class 'org/springframework/core/type/classreading/MetadataReaderFactory'
02:43:10.164 [main] DEBUG com.tngtech.archunit.core.importer.JavaClassProcessor - Processing class 'org/springframework/boot/autoconfigure/AutoConfigurationMetadata'
02:43:10.165 [main] DEBUG com.tngtech.archunit.core.importer.JavaClassProcessor - Processing class 'org/springframework/boot/autoconfigure/AutoConfigurationImportEvent'
02:43:10.165 [main] DEBUG com.tngtech.archunit.core.importer.JavaClassProcessor - Processing class 'org/springframework/boot/autoconfigure/AutoConfigurationImportSelector$AutoConfigurationEntry'
02:43:10.166 [main] DEBUG com.tngtech.archunit.core.importer.JavaClassProcessor - Processing class 'org/springframework/beans/factory/config/ConfigurableListableBeanFactory'
02:43:10.166 [main] DEBUG com.tngtech.archunit.core.importer.JavaClassProcessor - Processing class 'org/springframework/boot/autoconfigure/AutoConfigurationImportSelector$ConfigurationClassFilter'
02:43:10.166 [main] DEBUG com.tngtech.archunit.core.importer.JavaClassProcessor - Processing class 'org/springframework/core/type/AnnotationMetadata'
02:43:10.167 [main] DEBUG com.tngtech.archunit.core.importer.JavaClassProcessor - Processing class 'org/springframework/core/annotation/AnnotationAttributes'
02:43:10.169 [main] DEBUG com.tngtech.archunit.core.importer.JavaClassProcessor - Processing class 'org/springframework/beans/factory/config/AutowireCapableBeanFactory'
02:43:10.169 [main] DEBUG com.tngtech.archunit.core.importer.JavaClassProcessor - Processing class 'java/lang/IllegalStateException'
02:43:10.170 [main] DEBUG com.tngtech.archunit.core.importer.JavaClassProcessor - Processing class 'java/time/Clock'
02:43:10.170 [main] DEBUG com.tngtech.archunit.core.importer.JavaClassProcessor - Processing class 'org/springframework/core/io/ProtocolResolver'
02:43:10.170 [main] DEBUG com.tngtech.archunit.core.importer.JavaClassProcessor - Processing class 'org/springframework/beans/factory/config/BeanFactoryPostProcessor'
02:43:10.170 [main] DEBUG com.tngtech.archunit.core.importer.JavaClassProcessor - Processing class 'org/springframework/context/MessageSourceResolvable'
02:43:10.171 [main] DEBUG com.tngtech.archunit.core.importer.JavaClassProcessor - Processing class 'org/springframework/context/NoSuchMessageException'
02:43:10.171 [main] DEBUG com.tngtech.archunit.core.importer.JavaClassProcessor - Processing class 'org/springframework/context/annotation/ScopeMetadata'
02:43:10.172 [main] DEBUG com.tngtech.archunit.core.importer.JavaClassProcessor - Processing class 'org/springframework/core/env/MutablePropertySources'
02:43:10.173 [main] DEBUG com.tngtech.archunit.core.importer.JavaClassProcessor - Processing class 'org/springframework/core/convert/support/ConfigurableConversionService'
02:43:10.173 [main] DEBUG com.tngtech.archunit.core.importer.JavaClassProcessor - Processing class 'org/springframework/core/env/Profiles'
02:43:10.173 [main] DEBUG com.tngtech.archunit.core.importer.JavaClassProcessor - Processing class 'org/springframework/core/env/MissingRequiredPropertiesException'
02:43:10.174 [main] DEBUG com.tngtech.archunit.core.importer.JavaClassProcessor - Processing class 'org/springframework/core/io/Resource'
02:43:10.174 [main] DEBUG com.tngtech.archunit.core.importer.JavaClassProcessor - Processing class 'org/springframework/data/domain/Sort'
02:43:10.175 [main] DEBUG com.tngtech.archunit.core.importer.JavaClassProcessor - Processing class 'org/springframework/data/domain/Example'
02:43:10.175 [main] DEBUG com.tngtech.archunit.core.importer.JavaClassProcessor - Processing class 'org/springframework/data/domain/Page'
02:43:10.175 [main] DEBUG com.tngtech.archunit.core.importer.JavaClassProcessor - Processing class 'org/springframework/data/domain/Pageable'
02:43:10.176 [main] DEBUG com.tngtech.archunit.core.importer.JavaClassProcessor - Processing class 'java/time/format/DateTimeFormatter'
02:43:10.176 [main] DEBUG com.tngtech.archunit.core.importer.JavaClassProcessor - Processing class 'java/util/regex/Pattern'
02:43:10.177 [main] DEBUG com.tngtech.archunit.core.importer.JavaClassProcessor - Processing class 'java/time/ZoneId'
02:43:10.177 [main] DEBUG com.tngtech.archunit.core.importer.JavaClassProcessor - Processing class 'java/text/DecimalFormatSymbols'
02:43:10.177 [main] DEBUG com.tngtech.archunit.core.importer.JavaClassProcessor - Processing class 'java/time/ZonedDateTime'
02:43:10.178 [main] DEBUG com.tngtech.archunit.core.importer.JavaClassProcessor - Processing class 'org/springframework/http/ContentDisposition'
02:43:10.178 [main] DEBUG com.tngtech.archunit.core.importer.JavaClassProcessor - Processing class 'java/net/InetSocketAddress'
02:43:10.179 [main] DEBUG com.tngtech.archunit.core.importer.JavaClassProcessor - Processing class 'java/net/URI'
02:43:10.179 [main] DEBUG com.tngtech.archunit.core.importer.JavaClassProcessor - Processing class 'java/time/Instant'
02:43:10.180 [main] DEBUG com.tngtech.archunit.core.importer.JavaClassProcessor - Processing class 'java/time/Duration'
02:43:10.180 [main] DEBUG com.tngtech.archunit.core.importer.JavaClassProcessor - Processing class 'org/springframework/http/CacheControl'
02:43:10.182 [main] DEBUG com.tngtech.archunit.core.importer.JavaClassProcessor - Processing class 'org/springframework/http/HttpStatus'
02:43:10.182 [main] DEBUG com.tngtech.archunit.core.importer.JavaClassProcessor - Processing class 'org/springframework/http/ResponseEntity$1'
02:43:10.183 [main] DEBUG com.tngtech.archunit.core.importer.JavaClassProcessor - Processing class 'java/util/BitSet'
02:43:10.184 [main] DEBUG com.tngtech.archunit.core.importer.JavaClassProcessor - Processing class 'sun/util/locale/LocaleSyntaxException'
02:43:10.184 [main] DEBUG com.tngtech.archunit.core.importer.JavaClassProcessor - Processing class 'sun/util/locale/LanguageTag'
]]></system-out>
  </testcase>
  <testcase name="modelsShouldNotDependOnServiceOrController" classname="archtests.SongArchitectureTests" time="0.088">
    <system-out><![CDATA[02:43:10.195 [main] DEBUG com.tngtech.archunit.core.importer.UrlSource$From - Found URLs on sun.boot.class.path: []
02:43:10.199 [main] DEBUG com.tngtech.archunit.core.importer.UrlSource$From - Found URLs on java.class.path: [file:/M:/Lab/song-manager/target/test-classes/, file:/M:/Lab/song-manager/target/classes/, jar:file:/C:/Users/User/.m2/repository/org/springframework/boot/spring-boot-starter-web/2.5.4/spring-boot-starter-web-2.5.4.jar!/, jar:file:/C:/Users/User/.m2/repository/org/springframework/boot/spring-boot-starter/2.5.4/spring-boot-starter-2.5.4.jar!/, jar:file:/C:/Users/User/.m2/repository/org/springframework/boot/spring-boot/2.5.4/spring-boot-2.5.4.jar!/, jar:file:/C:/Users/User/.m2/repository/org/springframework/boot/spring-boot-autoconfigure/2.5.4/spring-boot-autoconfigure-2.5.4.jar!/, jar:file:/C:/Users/User/.m2/repository/org/springframework/boot/spring-boot-starter-logging/2.5.4/spring-boot-starter-logging-2.5.4.jar!/, jar:file:/C:/Users/User/.m2/repository/ch/qos/logback/logback-classic/1.2.5/logback-classic-1.2.5.jar!/, jar:file:/C:/Users/User/.m2/repository/ch/qos/logback/logback-core/1.2.5/logback-core-1.2.5.jar!/, jar:file:/C:/Users/User/.m2/repository/org/apache/logging/log4j/log4j-to-slf4j/2.14.1/log4j-to-slf4j-2.14.1.jar!/, jar:file:/C:/Users/User/.m2/repository/org/apache/logging/log4j/log4j-api/2.14.1/log4j-api-2.14.1.jar!/, jar:file:/C:/Users/User/.m2/repository/org/slf4j/jul-to-slf4j/1.7.32/jul-to-slf4j-1.7.32.jar!/, jar:file:/C:/Users/User/.m2/repository/jakarta/annotation/jakarta.annotation-api/1.3.5/jakarta.annotation-api-1.3.5.jar!/, jar:file:/C:/Users/User/.m2/repository/org/yaml/snakeyaml/1.28/snakeyaml-1.28.jar!/, jar:file:/C:/Users/User/.m2/repository/org/springframework/boot/spring-boot-starter-json/2.5.4/spring-boot-starter-json-2.5.4.jar!/, jar:file:/C:/Users/User/.m2/repository/com/fasterxml/jackson/core/jackson-databind/2.12.4/jackson-databind-2.12.4.jar!/, jar:file:/C:/Users/User/.m2/repository/com/fasterxml/jackson/core/jackson-annotations/2.12.4/jackson-annotations-2.12.4.jar!/, jar:file:/C:/Users/User/.m2/repository/com/fasterxml/jackson/core/jackson-core/2.12.4/jackson-core-2.12.4.jar!/, jar:file:/C:/Users/User/.m2/repository/com/fasterxml/jackson/datatype/jackson-datatype-jdk8/2.12.4/jackson-datatype-jdk8-2.12.4.jar!/, jar:file:/C:/Users/User/.m2/repository/com/fasterxml/jackson/datatype/jackson-datatype-jsr310/2.12.4/jackson-datatype-jsr310-2.12.4.jar!/, jar:file:/C:/Users/User/.m2/repository/com/fasterxml/jackson/module/jackson-module-parameter-names/2.12.4/jackson-module-parameter-names-2.12.4.jar!/, jar:file:/C:/Users/User/.m2/repository/org/springframework/boot/spring-boot-starter-tomcat/2.5.4/spring-boot-starter-tomcat-2.5.4.jar!/, jar:file:/C:/Users/User/.m2/repository/org/apache/tomcat/embed/tomcat-embed-core/9.0.52/tomcat-embed-core-9.0.52.jar!/, jar:file:/C:/Users/User/.m2/repository/org/apache/tomcat/embed/tomcat-embed-el/9.0.52/tomcat-embed-el-9.0.52.jar!/, jar:file:/C:/Users/User/.m2/repository/org/apache/tomcat/embed/tomcat-embed-websocket/9.0.52/tomcat-embed-websocket-9.0.52.jar!/, jar:file:/C:/Users/User/.m2/repository/org/springframework/spring-web/5.3.9/spring-web-5.3.9.jar!/, jar:file:/C:/Users/User/.m2/repository/org/springframework/spring-beans/5.3.9/spring-beans-5.3.9.jar!/, jar:file:/C:/Users/User/.m2/repository/org/springframework/spring-webmvc/5.3.9/spring-webmvc-5.3.9.jar!/, jar:file:/C:/Users/User/.m2/repository/org/springframework/spring-aop/5.3.9/spring-aop-5.3.9.jar!/, jar:file:/C:/Users/User/.m2/repository/org/springframework/spring-context/5.3.9/spring-context-5.3.9.jar!/, jar:file:/C:/Users/User/.m2/repository/org/springframework/spring-expression/5.3.9/spring-expression-5.3.9.jar!/, jar:file:/C:/Users/User/.m2/repository/org/springframework/boot/spring-boot-starter-data-jpa/2.5.4/spring-boot-starter-data-jpa-2.5.4.jar!/, jar:file:/C:/Users/User/.m2/repository/org/springframework/boot/spring-boot-starter-aop/2.5.4/spring-boot-starter-aop-2.5.4.jar!/, jar:file:/C:/Users/User/.m2/repository/org/aspectj/aspectjweaver/1.9.7/aspectjweaver-1.9.7.jar!/, jar:file:/C:/Users/User/.m2/repository/org/springframework/boot/spring-boot-starter-jdbc/2.5.4/spring-boot-starter-jdbc-2.5.4.jar!/, jar:file:/C:/Users/User/.m2/repository/com/zaxxer/HikariCP/4.0.3/HikariCP-4.0.3.jar!/, jar:file:/C:/Users/User/.m2/repository/org/springframework/spring-jdbc/5.3.9/spring-jdbc-5.3.9.jar!/, jar:file:/C:/Users/User/.m2/repository/jakarta/transaction/jakarta.transaction-api/1.3.3/jakarta.transaction-api-1.3.3.jar!/, jar:file:/C:/Users/User/.m2/repository/jakarta/persistence/jakarta.persistence-api/2.2.3/jakarta.persistence-api-2.2.3.jar!/, jar:file:/C:/Users/User/.m2/repository/org/hibernate/hibernate-core/5.4.32.Final/hibernate-core-5.4.32.Final.jar!/, jar:file:/C:/Users/User/.m2/repository/org/jboss/logging/jboss-logging/3.4.2.Final/jboss-logging-3.4.2.Final.jar!/, jar:file:/C:/Users/User/.m2/repository/org/javassist/javassist/3.27.0-GA/javassist-3.27.0-GA.jar!/, jar:file:/C:/Users/User/.m2/repository/net/bytebuddy/byte-buddy/1.10.22/byte-buddy-1.10.22.jar!/, jar:file:/C:/Users/User/.m2/repository/antlr/antlr/2.7.7/antlr-2.7.7.jar!/, jar:file:/C:/Users/User/.m2/repository/org/jboss/jandex/2.2.3.Final/jandex-2.2.3.Final.jar!/, jar:file:/C:/Users/User/.m2/repository/com/fasterxml/classmate/1.5.1/classmate-1.5.1.jar!/, jar:file:/C:/Users/User/.m2/repository/org/dom4j/dom4j/2.1.3/dom4j-2.1.3.jar!/, jar:file:/C:/Users/User/.m2/repository/org/hibernate/common/hibernate-commons-annotations/5.1.2.Final/hibernate-commons-annotations-5.1.2.Final.jar!/, jar:file:/C:/Users/User/.m2/repository/org/glassfish/jaxb/jaxb-runtime/2.3.5/jaxb-runtime-2.3.5.jar!/, jar:file:/C:/Users/User/.m2/repository/org/glassfish/jaxb/txw2/2.3.5/txw2-2.3.5.jar!/, jar:file:/C:/Users/User/.m2/repository/com/sun/istack/istack-commons-runtime/3.0.12/istack-commons-runtime-3.0.12.jar!/, jar:file:/C:/Users/User/.m2/repository/com/sun/activation/jakarta.activation/1.2.2/jakarta.activation-1.2.2.jar!/, jar:file:/C:/Users/User/.m2/repository/org/springframework/data/spring-data-jpa/2.5.4/spring-data-jpa-2.5.4.jar!/, jar:file:/C:/Users/User/.m2/repository/org/springframework/data/spring-data-commons/2.5.4/spring-data-commons-2.5.4.jar!/, jar:file:/C:/Users/User/.m2/repository/org/springframework/spring-orm/5.3.9/spring-orm-5.3.9.jar!/, jar:file:/C:/Users/User/.m2/repository/org/springframework/spring-tx/5.3.9/spring-tx-5.3.9.jar!/, jar:file:/C:/Users/User/.m2/repository/org/springframework/spring-aspects/5.3.9/spring-aspects-5.3.9.jar!/, jar:file:/C:/Users/User/.m2/repository/com/h2database/h2/1.4.200/h2-1.4.200.jar!/, jar:file:/C:/Users/User/.m2/repository/javax/persistence/javax.persistence-api/2.2/javax.persistence-api-2.2.jar!/, jar:file:/C:/Users/User/.m2/repository/org/springframework/boot/spring-boot-starter-test/2.5.4/spring-boot-starter-test-2.5.4.jar!/, jar:file:/C:/Users/User/.m2/repository/org/springframework/boot/spring-boot-test/2.5.4/spring-boot-test-2.5.4.jar!/, jar:file:/C:/Users/User/.m2/repository/org/springframework/boot/spring-boot-test-autoconfigure/2.5.4/spring-boot-test-autoconfigure-2.5.4.jar!/, jar:file:/C:/Users/User/.m2/repository/com/jayway/jsonpath/json-path/2.5.0/json-path-2.5.0.jar!/, jar:file:/C:/Users/User/.m2/repository/net/minidev/json-smart/2.4.7/json-smart-2.4.7.jar!/, jar:file:/C:/Users/User/.m2/repository/net/minidev/accessors-smart/2.4.7/accessors-smart-2.4.7.jar!/, jar:file:/C:/Users/User/.m2/repository/org/ow2/asm/asm/9.1/asm-9.1.jar!/, jar:file:/C:/Users/User/.m2/repository/jakarta/xml/bind/jakarta.xml.bind-api/2.3.3/jakarta.xml.bind-api-2.3.3.jar!/, jar:file:/C:/Users/User/.m2/repository/jakarta/activation/jakarta.activation-api/1.2.2/jakarta.activation-api-1.2.2.jar!/, jar:file:/C:/Users/User/.m2/repository/org/assertj/assertj-core/3.19.0/assertj-core-3.19.0.jar!/, jar:file:/C:/Users/User/.m2/repository/org/hamcrest/hamcrest/2.2/hamcrest-2.2.jar!/, jar:file:/C:/Users/User/.m2/repository/org/junit/jupiter/junit-jupiter/5.7.2/junit-jupiter-5.7.2.jar!/, jar:file:/C:/Users/User/.m2/repository/org/junit/jupiter/junit-jupiter-api/5.7.2/junit-jupiter-api-5.7.2.jar!/, jar:file:/C:/Users/User/.m2/repository/org/apiguardian/apiguardian-api/1.1.0/apiguardian-api-1.1.0.jar!/, jar:file:/C:/Users/User/.m2/repository/org/opentest4j/opentest4j/1.2.0/opentest4j-1.2.0.jar!/, jar:file:/C:/Users/User/.m2/repository/org/junit/platform/junit-platform-commons/1.7.2/junit-platform-commons-1.7.2.jar!/, jar:file:/C:/Users/User/.m2/repository/org/junit/jupiter/junit-jupiter-params/5.7.2/junit-jupiter-params-5.7.2.jar!/, jar:file:/C:/Users/User/.m2/repository/org/junit/jupiter/junit-jupiter-engine/5.7.2/junit-jupiter-engine-5.7.2.jar!/, jar:file:/C:/Users/User/.m2/repository/org/junit/platform/junit-platform-engine/1.7.2/junit-platform-engine-1.7.2.jar!/, jar:file:/C:/Users/User/.m2/repository/org/mockito/mockito-core/3.9.0/mockito-core-3.9.0.jar!/, jar:file:/C:/Users/User/.m2/repository/net/bytebuddy/byte-buddy-agent/1.10.22/byte-buddy-agent-1.10.22.jar!/, jar:file:/C:/Users/User/.m2/repository/org/objenesis/objenesis/3.2/objenesis-3.2.jar!/, jar:file:/C:/Users/User/.m2/repository/org/mockito/mockito-junit-jupiter/3.9.0/mockito-junit-jupiter-3.9.0.jar!/, jar:file:/C:/Users/User/.m2/repository/org/skyscreamer/jsonassert/1.5.0/jsonassert-1.5.0.jar!/, jar:file:/C:/Users/User/.m2/repository/com/vaadin/external/google/android-json/0.0.20131108.vaadin1/android-json-0.0.20131108.vaadin1.jar!/, jar:file:/C:/Users/User/.m2/repository/org/springframework/spring-core/5.3.9/spring-core-5.3.9.jar!/, jar:file:/C:/Users/User/.m2/repository/org/springframework/spring-jcl/5.3.9/spring-jcl-5.3.9.jar!/, jar:file:/C:/Users/User/.m2/repository/org/springframework/spring-test/5.3.9/spring-test-5.3.9.jar!/, jar:file:/C:/Users/User/.m2/repository/org/xmlunit/xmlunit-core/2.8.2/xmlunit-core-2.8.2.jar!/, jar:file:/C:/Users/User/.m2/repository/com/tngtech/archunit/archunit-junit5/1.1.0/archunit-junit5-1.1.0.jar!/, jar:file:/C:/Users/User/.m2/repository/com/tngtech/archunit/archunit-junit5-api/1.1.0/archunit-junit5-api-1.1.0.jar!/, jar:file:/C:/Users/User/.m2/repository/com/tngtech/archunit/archunit-junit5-engine/1.1.0/archunit-junit5-engine-1.1.0.jar!/, jar:file:/C:/Users/User/.m2/repository/com/tngtech/archunit/archunit-junit5-engine-api/1.1.0/archunit-junit5-engine-api-1.1.0.jar!/, jar:file:/C:/Users/User/.m2/repository/com/tngtech/archunit/archunit/1.1.0/archunit-1.1.0.jar!/, jar:file:/C:/Users/User/.m2/repository/org/slf4j/slf4j-api/1.7.32/slf4j-api-1.7.32.jar!/]
02:43:10.206 [main] DEBUG com.tngtech.archunit.core.importer.JavaClassProcessor - Processing class 'com/example/songs/SongManagerApplication'
02:43:10.206 [main] DEBUG com.tngtech.archunit.core.importer.JavaClassProcessor - Processing class 'com/example/songs/repository/SongRepository'
02:43:10.207 [main] DEBUG com.tngtech.archunit.core.importer.JavaClassProcessor - Processing class 'com/example/songs/service/SongService'
02:43:10.207 [main] DEBUG com.tngtech.archunit.core.importer.JavaClassProcessor - Processing class 'com/example/songs/controller/SongController'
02:43:10.207 [main] DEBUG com.tngtech.archunit.core.importer.JavaClassProcessor - Processing class 'com/example/songs/model/Song'
02:43:10.207 [main] DEBUG com.tngtech.archunit.core.importer.JavaClassProcessor - Processing class 'org/springframework/web/bind/annotation/PathVariable'
02:43:10.208 [main] DEBUG com.tngtech.archunit.core.importer.JavaClassProcessor - Processing class 'org/springframework/web/bind/annotation/RequestMapping'
02:43:10.208 [main] DEBUG com.tngtech.archunit.core.importer.JavaClassProcessor - Processing class 'org/springframework/http/ResponseEntity$BodyBuilder'
02:43:10.208 [main] DEBUG com.tngtech.archunit.core.importer.JavaClassProcessor - Processing class 'org/springframework/web/bind/annotation/RequestBody'
02:43:10.208 [main] DEBUG com.tngtech.archunit.core.importer.JavaClassProcessor - Processing class 'org/springframework/boot/SpringApplication'
02:43:10.209 [main] DEBUG com.tngtech.archunit.core.importer.JavaClassProcessor - Processing class 'org/springframework/web/bind/annotation/PutMapping'
02:43:10.209 [main] DEBUG com.tngtech.archunit.core.importer.JavaClassProcessor - Processing class 'java/lang/Long'
02:43:10.210 [main] DEBUG com.tngtech.archunit.core.importer.JavaClassProcessor - Processing class 'org/springframework/stereotype/Service'
02:43:10.210 [main] DEBUG com.tngtech.archunit.core.importer.JavaClassProcessor - Processing class 'org/springframework/web/bind/annotation/GetMapping'
02:43:10.210 [main] DEBUG com.tngtech.archunit.core.importer.JavaClassProcessor - Processing class 'java/lang/String'
02:43:10.210 [main] DEBUG com.tngtech.archunit.core.importer.JavaClassProcessor - Processing class 'org/springframework/web/bind/annotation/DeleteMapping'
02:43:10.211 [main] DEBUG com.tngtech.archunit.core.importer.JavaClassProcessor - Processing class 'javax/persistence/Id'
02:43:10.211 [main] DEBUG com.tngtech.archunit.core.importer.JavaClassProcessor - Processing class 'org/springframework/web/bind/annotation/PostMapping'
02:43:10.211 [main] DEBUG com.tngtech.archunit.core.importer.JavaClassProcessor - Processing class 'java/lang/Void'
02:43:10.211 [main] DEBUG com.tngtech.archunit.core.importer.JavaClassProcessor - Processing class 'javax/persistence/Entity'
02:43:10.211 [main] DEBUG com.tngtech.archunit.core.importer.JavaClassProcessor - Processing class 'org/springframework/boot/autoconfigure/SpringBootApplication'
02:43:10.211 [main] DEBUG com.tngtech.archunit.core.importer.JavaClassProcessor - Processing class 'java/lang/RuntimeException'
02:43:10.211 [main] DEBUG com.tngtech.archunit.core.importer.JavaClassProcessor - Processing class 'org/springframework/web/bind/annotation/RestController'
02:43:10.212 [main] DEBUG com.tngtech.archunit.core.importer.JavaClassProcessor - Processing class 'javax/persistence/GenerationType'
02:43:10.212 [main] DEBUG com.tngtech.archunit.core.importer.JavaClassProcessor - Processing class 'java/util/List'
02:43:10.212 [main] DEBUG com.tngtech.archunit.core.importer.JavaClassProcessor - Processing class 'javax/persistence/GeneratedValue'
02:43:10.212 [main] DEBUG com.tngtech.archunit.core.importer.JavaClassProcessor - Processing class 'java/util/Optional'
02:43:10.212 [main] DEBUG com.tngtech.archunit.core.importer.JavaClassProcessor - Processing class 'java/lang/Object'
02:43:10.212 [main] DEBUG com.tngtech.archunit.core.importer.JavaClassProcessor - Processing class 'org/springframework/http/ResponseEntity'
02:43:10.213 [main] DEBUG com.tngtech.archunit.core.importer.JavaClassProcessor - Processing class 'org/springframework/http/ResponseEntity$HeadersBuilder'
02:43:10.213 [main] DEBUG com.tngtech.archunit.core.importer.JavaClassProcessor - Processing class 'org/springframework/data/jpa/repository/JpaRepository'
02:43:10.213 [main] DEBUG com.tngtech.archunit.core.importer.JavaClassProcessor - Processing class 'java/lang/annotation/Inherited'
02:43:10.213 [main] DEBUG com.tngtech.archunit.core.importer.JavaClassProcessor - Processing class 'org/springframework/context/annotation/ComponentScan$Filter'
02:43:10.213 [main] DEBUG com.tngtech.archunit.core.importer.JavaClassProcessor - Processing class 'java/lang/Enum'
02:43:10.213 [main] DEBUG com.tngtech.archunit.core.importer.JavaClassProcessor - Processing class 'org/springframework/context/ConfigurableApplicationContext'
02:43:10.213 [main] DEBUG com.tngtech.archunit.core.importer.JavaClassProcessor - Processing class 'java/lang/annotation/Documented'
02:43:10.213 [main] DEBUG com.tngtech.archunit.core.importer.JavaClassProcessor - Processing class 'java/lang/CharSequence'
02:43:10.214 [main] DEBUG com.tngtech.archunit.core.importer.JavaClassProcessor - Processing class 'org/springframework/data/repository/PagingAndSortingRepository'
02:43:10.214 [main] DEBUG com.tngtech.archunit.core.importer.JavaClassProcessor - Processing class 'org/springframework/http/HttpHeaders'
02:43:10.214 [main] DEBUG com.tngtech.archunit.core.importer.JavaClassProcessor - Processing class 'java/util/Collection'
02:43:10.215 [main] DEBUG com.tngtech.archunit.core.importer.JavaClassProcessor - Processing class 'org/springframework/web/bind/annotation/RequestMethod'
02:43:10.215 [main] DEBUG com.tngtech.archunit.core.importer.JavaClassProcessor - Processing class 'org/springframework/context/ApplicationListener'
02:43:10.215 [main] DEBUG com.tngtech.archunit.core.importer.JavaClassProcessor - Processing class 'java/lang/Exception'
02:43:10.215 [main] DEBUG com.tngtech.archunit.core.importer.JavaClassProcessor - Processing class 'java/io/Serializable'
02:43:10.215 [main] DEBUG com.tngtech.archunit.core.importer.JavaClassProcessor - Processing class 'org/springframework/context/annotation/Configuration'
02:43:10.215 [main] DEBUG com.tngtech.archunit.core.importer.JavaClassProcessor - Processing class 'org/springframework/http/HttpEntity'
02:43:10.215 [main] DEBUG com.tngtech.archunit.core.importer.JavaClassProcessor - Processing class 'org/springframework/beans/factory/support/BeanNameGenerator'
02:43:10.215 [main] DEBUG com.tngtech.archunit.core.importer.JavaClassProcessor - Processing class 'org/springframework/boot/SpringBootExceptionReporter'
02:43:10.215 [main] DEBUG com.tngtech.archunit.core.importer.JavaClassProcessor - Processing class 'java/lang/annotation/Annotation'
02:43:10.215 [main] DEBUG com.tngtech.archunit.core.importer.JavaClassProcessor - Processing class 'java/lang/Throwable'
02:43:10.216 [main] DEBUG com.tngtech.archunit.core.importer.JavaClassProcessor - Processing class 'org/springframework/boot/autoconfigure/AutoConfigurationExcludeFilter'
02:43:10.216 [main] DEBUG com.tngtech.archunit.core.importer.JavaClassProcessor - Processing class 'org/springframework/stereotype/Controller'
02:43:10.216 [main] DEBUG com.tngtech.archunit.core.importer.JavaClassProcessor - Processing class 'org/springframework/boot/context/TypeExcludeFilter'
02:43:10.216 [main] DEBUG com.tngtech.archunit.core.importer.JavaClassProcessor - Processing class 'java/lang/annotation/Retention'
02:43:10.216 [main] DEBUG com.tngtech.archunit.core.importer.JavaClassProcessor - Processing class 'org/springframework/data/repository/NoRepositoryBean'
02:43:10.216 [main] DEBUG com.tngtech.archunit.core.importer.JavaClassProcessor - Processing class 'org/springframework/boot/BootstrapRegistryInitializer'
02:43:10.216 [main] DEBUG com.tngtech.archunit.core.importer.JavaClassProcessor - Processing class 'jdk/internal/HotSpotIntrinsicCandidate'
02:43:10.217 [main] DEBUG com.tngtech.archunit.core.importer.JavaClassProcessor - Processing class 'org/springframework/lang/Nullable'
02:43:10.217 [main] DEBUG com.tngtech.archunit.core.importer.JavaClassProcessor - Processing class 'java/lang/Number'
02:43:10.217 [main] DEBUG com.tngtech.archunit.core.importer.JavaClassProcessor - Processing class 'org/springframework/context/annotation/FilterType'
02:43:10.217 [main] DEBUG com.tngtech.archunit.core.importer.JavaClassProcessor - Processing class 'org/springframework/core/annotation/AliasFor'
02:43:10.217 [main] DEBUG com.tngtech.archunit.core.importer.JavaClassProcessor - Processing class 'java/lang/SafeVarargs'
02:43:10.217 [main] DEBUG com.tngtech.archunit.core.importer.JavaClassProcessor - Processing class 'jdk/internal/vm/annotation/Stable'
02:43:10.217 [main] DEBUG com.tngtech.archunit.core.importer.JavaClassProcessor - Processing class 'org/springframework/boot/autoconfigure/EnableAutoConfiguration'
02:43:10.217 [main] DEBUG com.tngtech.archunit.core.importer.JavaClassProcessor - Processing class 'java/lang/Deprecated'
02:43:10.217 [main] DEBUG com.tngtech.archunit.core.importer.JavaClassProcessor - Processing class 'java/lang/annotation/Target'
02:43:10.218 [main] DEBUG com.tngtech.archunit.core.importer.JavaClassProcessor - Processing class 'org/springframework/core/env/StandardEnvironment'
02:43:10.218 [main] DEBUG com.tngtech.archunit.core.importer.JavaClassProcessor - Processing class 'java/lang/annotation/ElementType'
02:43:10.218 [main] DEBUG com.tngtech.archunit.core.importer.JavaClassProcessor - Processing class 'org/springframework/web/bind/annotation/ResponseBody'
02:43:10.218 [main] DEBUG com.tngtech.archunit.core.importer.JavaClassProcessor - Processing class 'org/springframework/context/annotation/ComponentScan'
02:43:10.218 [main] DEBUG com.tngtech.archunit.core.importer.JavaClassProcessor - Processing class 'org/springframework/data/repository/query/QueryByExampleExecutor'
02:43:10.218 [main] DEBUG com.tngtech.archunit.core.importer.JavaClassProcessor - Processing class 'org/springframework/stereotype/Component'
02:43:10.218 [main] DEBUG com.tngtech.archunit.core.importer.JavaClassProcessor - Processing class 'org/springframework/boot/SpringBootConfiguration'
02:43:10.218 [main] DEBUG com.tngtech.archunit.core.importer.JavaClassProcessor - Processing class 'java/lang/Class'
02:43:10.219 [main] DEBUG com.tngtech.archunit.core.importer.JavaClassProcessor - Processing class 'java/lang/Comparable'
02:43:10.219 [main] DEBUG com.tngtech.archunit.core.importer.JavaClassProcessor - Processing class 'org/springframework/context/ApplicationContextInitializer'
02:43:10.219 [main] DEBUG com.tngtech.archunit.core.importer.JavaClassProcessor - Processing class 'java/lang/annotation/RetentionPolicy'
02:43:10.219 [main] DEBUG com.tngtech.archunit.core.importer.JavaClassProcessor - Processing class 'org/springframework/web/bind/annotation/Mapping'
02:43:10.219 [main] DEBUG com.tngtech.archunit.core.importer.JavaClassProcessor - Processing class 'org/springframework/core/type/filter/TypeFilter'
02:43:10.219 [main] DEBUG com.tngtech.archunit.core.importer.JavaClassProcessor - Processing class 'java/util/Locale'
02:43:10.220 [main] DEBUG com.tngtech.archunit.core.importer.JavaClassProcessor - Processing class 'java/lang/reflect/Method'
02:43:10.220 [main] DEBUG com.tngtech.archunit.core.importer.JavaClassProcessor - Processing class 'org/springframework/context/PayloadApplicationEvent'
02:43:10.220 [main] DEBUG com.tngtech.archunit.core.importer.JavaClassProcessor - Processing class 'org/springframework/boot/autoconfigure/AutoConfigurationImportSelector'
02:43:10.221 [main] DEBUG com.tngtech.archunit.core.importer.JavaClassProcessor - Processing class 'jdk/internal/vm/annotation/ForceInline'
02:43:10.221 [main] DEBUG com.tngtech.archunit.core.importer.JavaClassProcessor - Processing class 'org/springframework/http/MediaType'
02:43:10.221 [main] DEBUG com.tngtech.archunit.core.importer.JavaClassProcessor - Processing class 'java/util/Locale$LanguageRange'
02:43:10.221 [main] DEBUG com.tngtech.archunit.core.importer.JavaClassProcessor - Processing class 'java/util/EventListener'
02:43:10.221 [main] DEBUG com.tngtech.archunit.core.importer.JavaClassProcessor - Processing class 'java/lang/Class$ReflectionData'
02:43:10.221 [main] DEBUG com.tngtech.archunit.core.importer.JavaClassProcessor - Processing class 'java/lang/reflect/Type'
02:43:10.221 [main] DEBUG com.tngtech.archunit.core.importer.JavaClassProcessor - Processing class 'jdk/internal/reflect/CallerSensitive'
02:43:10.221 [main] DEBUG com.tngtech.archunit.core.importer.JavaClassProcessor - Processing class 'org/springframework/beans/factory/BeanClassLoaderAware'
02:43:10.222 [main] DEBUG com.tngtech.archunit.core.importer.JavaClassProcessor - Processing class 'org/springframework/context/annotation/AnnotationScopeMetadataResolver'
02:43:10.222 [main] DEBUG com.tngtech.archunit.core.importer.JavaClassProcessor - Processing class 'java/lang/reflect/AnnotatedElement'
02:43:10.222 [main] DEBUG com.tngtech.archunit.core.importer.JavaClassProcessor - Processing class 'org/springframework/boot/autoconfigure/AutoConfigurationPackage'
02:43:10.222 [main] DEBUG com.tngtech.archunit.core.importer.JavaClassProcessor - Processing class 'org/springframework/data/repository/CrudRepository'
02:43:10.222 [main] DEBUG com.tngtech.archunit.core.importer.JavaClassProcessor - Processing class 'java/lang/Iterable'
02:43:10.222 [main] DEBUG com.tngtech.archunit.core.importer.JavaClassProcessor - Processing class 'java/lang/FunctionalInterface'
02:43:10.222 [main] DEBUG com.tngtech.archunit.core.importer.JavaClassProcessor - Processing class 'java/nio/charset/Charset'
02:43:10.222 [main] DEBUG com.tngtech.archunit.core.importer.JavaClassProcessor - Processing class 'java/lang/annotation/Repeatable'
02:43:10.222 [main] DEBUG com.tngtech.archunit.core.importer.JavaClassProcessor - Processing class 'org/springframework/beans/factory/BeanFactoryAware'
02:43:10.223 [main] DEBUG com.tngtech.archunit.core.importer.JavaClassProcessor - Processing class 'org/springframework/context/annotation/ComponentScans'
02:43:10.223 [main] DEBUG com.tngtech.archunit.core.importer.JavaClassProcessor - Processing class 'org/springframework/stereotype/Indexed'
02:43:10.223 [main] DEBUG com.tngtech.archunit.core.importer.JavaClassProcessor - Processing class 'java/lang/reflect/GenericDeclaration'
02:43:10.223 [main] DEBUG com.tngtech.archunit.core.importer.JavaClassProcessor - Processing class 'java/util/Map$Entry'
02:43:10.223 [main] DEBUG com.tngtech.archunit.core.importer.JavaClassProcessor - Processing class 'org/springframework/http/HttpMethod'
02:43:10.223 [main] DEBUG com.tngtech.archunit.core.importer.JavaClassProcessor - Processing class 'org/springframework/context/annotation/ScopedProxyMode'
02:43:10.223 [main] DEBUG com.tngtech.archunit.core.importer.JavaClassProcessor - Processing class 'org/springframework/util/MultiValueMap'
02:43:10.223 [main] DEBUG com.tngtech.archunit.core.importer.JavaClassProcessor - Processing class 'org/springframework/context/annotation/Import'
02:43:10.224 [main] DEBUG com.tngtech.archunit.core.importer.JavaClassProcessor - Processing class 'org/springframework/http/HttpRange'
02:43:10.224 [main] DEBUG com.tngtech.archunit.core.importer.JavaClassProcessor - Processing class 'java/lang/reflect/Field'
02:43:10.224 [main] DEBUG com.tngtech.archunit.core.importer.JavaClassProcessor - Processing class 'org/springframework/context/ApplicationContext'
02:43:10.224 [main] DEBUG com.tngtech.archunit.core.importer.JavaClassProcessor - Processing class 'org/springframework/context/Lifecycle'
02:43:10.224 [main] DEBUG com.tngtech.archunit.core.importer.JavaClassProcessor - Processing class 'org/springframework/context/ApplicationEvent'
02:43:10.224 [main] DEBUG com.tngtech.archunit.core.importer.JavaClassProcessor - Processing class 'org/springframework/context/annotation/ScopeMetadataResolver'
02:43:10.224 [main] DEBUG com.tngtech.archunit.core.importer.JavaClassProcessor - Processing class 'java/io/Closeable'
02:43:10.224 [main] DEBUG com.tngtech.archunit.core.importer.JavaClassProcessor - Processing class 'org/springframework/core/env/AbstractEnvironment'
02:43:10.225 [main] DEBUG com.tngtech.archunit.core.importer.JavaClassProcessor - Processing class 'org/springframework/beans/factory/HierarchicalBeanFactory'
02:43:10.225 [main] DEBUG com.tngtech.archunit.core.importer.JavaClassProcessor - Processing class 'org/springframework/boot/autoconfigure/AutoConfigurationImportListener'
02:43:10.225 [main] DEBUG com.tngtech.archunit.core.importer.JavaClassProcessor - Processing class 'java/nio/charset/spi/CharsetProvider'
02:43:10.225 [main] DEBUG com.tngtech.archunit.core.importer.JavaClassProcessor - Processing class 'java/lang/AutoCloseable'
02:43:10.225 [main] DEBUG com.tngtech.archunit.core.importer.JavaClassProcessor - Processing class 'java/util/EventObject'
02:43:10.225 [main] DEBUG com.tngtech.archunit.core.importer.JavaClassProcessor - Processing class 'org/springframework/util/MimeType'
02:43:10.225 [main] DEBUG com.tngtech.archunit.core.importer.JavaClassProcessor - Processing class 'java/lang/Character'
02:43:10.226 [main] DEBUG com.tngtech.archunit.core.importer.JavaClassProcessor - Processing class 'org/springframework/data/repository/Repository'
02:43:10.226 [main] DEBUG com.tngtech.archunit.core.importer.JavaClassProcessor - Processing class 'java/util/Map'
02:43:10.226 [main] DEBUG com.tngtech.archunit.core.importer.JavaClassProcessor - Processing class 'org/springframework/context/ApplicationEventPublisher'
02:43:10.226 [main] DEBUG com.tngtech.archunit.core.importer.JavaClassProcessor - Processing class 'java/lang/reflect/Executable'
02:43:10.226 [main] DEBUG com.tngtech.archunit.core.importer.JavaClassProcessor - Processing class 'org/springframework/boot/autoconfigure/AutoConfigurationPackages$Registrar'
02:43:10.227 [main] DEBUG com.tngtech.archunit.core.importer.JavaClassProcessor - Processing class 'java/lang/Cloneable'
02:43:10.227 [main] DEBUG com.tngtech.archunit.core.importer.JavaClassProcessor - Processing class 'java/lang/ThreadLocal'
02:43:10.227 [main] DEBUG com.tngtech.archunit.core.importer.JavaClassProcessor - Processing class 'java/lang/reflect/Member'
02:43:10.227 [main] DEBUG com.tngtech.archunit.core.importer.JavaClassProcessor - Processing class 'sun/util/locale/LocaleExtensions'
02:43:10.227 [main] DEBUG com.tngtech.archunit.core.importer.JavaClassProcessor - Processing class 'org/springframework/beans/factory/ListableBeanFactory'
02:43:10.227 [main] DEBUG com.tngtech.archunit.core.importer.JavaClassProcessor - Processing class 'org/springframework/core/Ordered'
02:43:10.227 [main] DEBUG com.tngtech.archunit.core.importer.JavaClassProcessor - Processing class 'org/springframework/context/annotation/DeferredImportSelector'
02:43:10.227 [main] DEBUG com.tngtech.archunit.core.importer.JavaClassProcessor - Processing class 'org/springframework/beans/factory/Aware'
02:43:10.227 [main] DEBUG com.tngtech.archunit.core.importer.JavaClassProcessor - Processing class 'org/springframework/core/ResolvableTypeProvider'
02:43:10.227 [main] DEBUG com.tngtech.archunit.core.importer.JavaClassProcessor - Processing class 'org/springframework/core/io/support/ResourceRegion'
02:43:10.228 [main] DEBUG com.tngtech.archunit.core.importer.JavaClassProcessor - Processing class 'org/springframework/boot/autoconfigure/AutoConfigurationImportFilter'
02:43:10.228 [main] DEBUG com.tngtech.archunit.core.importer.JavaClassProcessor - Processing class 'org/springframework/core/env/ConfigurableEnvironment'
02:43:10.228 [main] DEBUG com.tngtech.archunit.core.importer.JavaClassProcessor - Processing class 'org/springframework/core/env/EnvironmentCapable'
02:43:10.228 [main] DEBUG com.tngtech.archunit.core.importer.JavaClassProcessor - Processing class 'org/springframework/context/MessageSource'
02:43:10.228 [main] DEBUG com.tngtech.archunit.core.importer.JavaClassProcessor - Processing class 'java/lang/reflect/AccessibleObject'
02:43:10.228 [main] DEBUG com.tngtech.archunit.core.importer.JavaClassProcessor - Processing class 'org/springframework/context/ResourceLoaderAware'
02:43:10.228 [main] DEBUG com.tngtech.archunit.core.importer.JavaClassProcessor - Processing class 'org/springframework/context/annotation/DeferredImportSelector$Group'
02:43:10.228 [main] DEBUG com.tngtech.archunit.core.importer.JavaClassProcessor - Processing class 'org/springframework/context/EnvironmentAware'
02:43:10.229 [main] DEBUG com.tngtech.archunit.core.importer.JavaClassProcessor - Processing class 'org/springframework/core/io/support/ResourcePatternResolver'
02:43:10.229 [main] DEBUG com.tngtech.archunit.core.importer.JavaClassProcessor - Processing class 'sun/util/locale/Extension'
02:43:10.229 [main] DEBUG com.tngtech.archunit.core.importer.JavaClassProcessor - Processing class 'org/springframework/core/env/ConfigurablePropertyResolver'
02:43:10.229 [main] DEBUG com.tngtech.archunit.core.importer.JavaClassProcessor - Processing class 'org/springframework/context/annotation/DeferredImportSelector$Group$Entry'
02:43:10.229 [main] DEBUG com.tngtech.archunit.core.importer.JavaClassProcessor - Processing class 'org/springframework/context/annotation/ImportBeanDefinitionRegistrar'
02:43:10.229 [main] DEBUG com.tngtech.archunit.core.importer.JavaClassProcessor - Processing class 'org/springframework/context/annotation/ImportSelector'
02:43:10.229 [main] DEBUG com.tngtech.archunit.core.importer.JavaClassProcessor - Processing class 'org/springframework/core/io/ResourceLoader'
02:43:10.229 [main] DEBUG com.tngtech.archunit.core.importer.JavaClassProcessor - Processing class 'org/springframework/boot/autoconfigure/AutoConfigurationPackages'
02:43:10.229 [main] DEBUG com.tngtech.archunit.core.importer.JavaClassProcessor - Processing class 'org/springframework/boot/context/annotation/DeterminableImports'
02:43:10.230 [main] DEBUG com.tngtech.archunit.core.importer.JavaClassProcessor - Processing class 'org/springframework/core/env/Environment'
02:43:10.230 [main] DEBUG com.tngtech.archunit.core.importer.JavaClassProcessor - Processing class 'org/springframework/beans/factory/BeanFactory'
02:43:10.230 [main] DEBUG com.tngtech.archunit.core.importer.JavaClassProcessor - Processing class 'sun/util/locale/InternalLocaleBuilder$CaseInsensitiveString'
02:43:10.230 [main] DEBUG com.tngtech.archunit.core.importer.JavaClassProcessor - Processing class 'sun/util/locale/InternalLocaleBuilder$CaseInsensitiveChar'
02:43:10.230 [main] DEBUG com.tngtech.archunit.core.importer.JavaClassProcessor - Processing class 'org/springframework/core/env/PropertyResolver'
02:43:10.230 [main] DEBUG com.tngtech.archunit.core.importer.JavaClassProcessor - Processing class 'sun/util/locale/InternalLocaleBuilder'
02:43:10.231 [main] DEBUG com.tngtech.archunit.core.importer.JavaClassProcessor - Processing class 'java/io/IOException'
02:43:10.231 [main] DEBUG com.tngtech.archunit.core.importer.JavaClassProcessor - Processing class 'java/util/stream/IntStream'
02:43:10.232 [main] DEBUG com.tngtech.archunit.core.importer.JavaClassProcessor - Processing class 'java/lang/Module'
02:43:10.233 [main] DEBUG com.tngtech.archunit.core.importer.JavaClassProcessor - Processing class 'sun/reflect/generics/repository/ClassRepository'
02:43:10.233 [main] DEBUG com.tngtech.archunit.core.importer.JavaClassProcessor - Processing class 'java/lang/reflect/Constructor'
02:43:10.233 [main] DEBUG com.tngtech.archunit.core.importer.JavaClassProcessor - Processing class 'java/io/ObjectStreamField'
02:43:10.233 [main] DEBUG com.tngtech.archunit.core.importer.JavaClassProcessor - Processing class 'jdk/internal/reflect/ReflectionFactory'
02:43:10.234 [main] DEBUG com.tngtech.archunit.core.importer.JavaClassProcessor - Processing class 'java/lang/Class$AnnotationData'
02:43:10.234 [main] DEBUG com.tngtech.archunit.core.importer.JavaClassProcessor - Processing class 'java/security/ProtectionDomain'
02:43:10.234 [main] DEBUG com.tngtech.archunit.core.importer.JavaClassProcessor - Processing class 'java/lang/ref/SoftReference'
02:43:10.234 [main] DEBUG com.tngtech.archunit.core.importer.JavaClassProcessor - Processing class 'java/lang/ClassLoader'
02:43:10.235 [main] DEBUG com.tngtech.archunit.core.importer.JavaClassProcessor - Processing class 'java/lang/ClassValue$ClassValueMap'
02:43:10.235 [main] DEBUG com.tngtech.archunit.core.importer.JavaClassProcessor - Processing class 'sun/reflect/annotation/AnnotationType'
02:43:10.235 [main] DEBUG com.tngtech.archunit.core.importer.JavaClassProcessor - Processing class 'java/lang/SecurityException'
02:43:10.235 [main] DEBUG com.tngtech.archunit.core.importer.JavaClassProcessor - Processing class 'java/lang/NoSuchMethodException'
02:43:10.236 [main] DEBUG com.tngtech.archunit.core.importer.JavaClassProcessor - Processing class 'java/lang/ClassNotFoundException'
02:43:10.237 [main] DEBUG com.tngtech.archunit.core.importer.JavaClassProcessor - Processing class 'java/lang/Package'
02:43:10.237 [main] DEBUG com.tngtech.archunit.core.importer.JavaClassProcessor - Processing class 'java/lang/NoSuchFieldException'
02:43:10.237 [main] DEBUG com.tngtech.archunit.core.importer.JavaClassProcessor - Processing class 'sun/reflect/generics/factory/GenericsFactory'
02:43:10.238 [main] DEBUG com.tngtech.archunit.core.importer.JavaClassProcessor - Processing class 'java/lang/reflect/AnnotatedType'
02:43:10.238 [main] DEBUG com.tngtech.archunit.core.importer.JavaClassProcessor - Processing class 'java/lang/Class$EnclosingMethodInfo'
02:43:10.238 [main] DEBUG com.tngtech.archunit.core.importer.JavaClassProcessor - Processing class 'jdk/internal/reflect/ConstantPool'
02:43:10.238 [main] DEBUG com.tngtech.archunit.core.importer.JavaClassProcessor - Processing class 'java/lang/PublicMethods$MethodList'
02:43:10.238 [main] DEBUG com.tngtech.archunit.core.importer.JavaClassProcessor - Processing class 'java/lang/SecurityManager'
02:43:10.238 [main] DEBUG com.tngtech.archunit.core.importer.JavaClassProcessor - Processing class 'java/lang/reflect/TypeVariable'
02:43:10.238 [main] DEBUG com.tngtech.archunit.core.importer.JavaClassProcessor - Processing class 'java/lang/InstantiationException'
02:43:10.239 [main] DEBUG com.tngtech.archunit.core.importer.JavaClassProcessor - Processing class 'java/lang/IllegalAccessException'
02:43:10.239 [main] DEBUG com.tngtech.archunit.core.importer.JavaClassProcessor - Processing class 'java/net/URL'
02:43:10.239 [main] DEBUG com.tngtech.archunit.core.importer.JavaClassProcessor - Processing class 'java/io/InputStream'
02:43:10.239 [main] DEBUG com.tngtech.archunit.core.importer.JavaClassProcessor - Processing class 'java/lang/CloneNotSupportedException'
02:43:10.240 [main] DEBUG com.tngtech.archunit.core.importer.JavaClassProcessor - Processing class 'java/io/ObjectStreamException'
02:43:10.240 [main] DEBUG com.tngtech.archunit.core.importer.JavaClassProcessor - Processing class 'java/io/ObjectInputStream'
02:43:10.240 [main] DEBUG com.tngtech.archunit.core.importer.JavaClassProcessor - Processing class 'java/util/Spliterator'
02:43:10.240 [main] DEBUG com.tngtech.archunit.core.importer.JavaClassProcessor - Processing class 'java/util/function/Consumer'
02:43:10.240 [main] DEBUG com.tngtech.archunit.core.importer.JavaClassProcessor - Processing class 'java/util/Iterator'
02:43:10.240 [main] DEBUG com.tngtech.archunit.core.importer.JavaClassProcessor - Processing class 'java/lang/NumberFormatException'
02:43:10.241 [main] DEBUG com.tngtech.archunit.core.importer.JavaClassProcessor - Processing class 'java/math/BigInteger'
02:43:10.242 [main] DEBUG com.tngtech.archunit.core.importer.JavaClassProcessor - Processing class 'java/lang/InterruptedException'
02:43:10.242 [main] DEBUG com.tngtech.archunit.core.importer.JavaClassProcessor - Processing class 'java/util/Comparator'
02:43:10.242 [main] DEBUG com.tngtech.archunit.core.importer.JavaClassProcessor - Processing class 'java/lang/StringBuffer'
02:43:10.242 [main] DEBUG com.tngtech.archunit.core.importer.JavaClassProcessor - Processing class 'java/io/UnsupportedEncodingException'
02:43:10.243 [main] DEBUG com.tngtech.archunit.core.importer.JavaClassProcessor - Processing class 'java/lang/AbstractStringBuilder'
02:43:10.243 [main] DEBUG com.tngtech.archunit.core.importer.JavaClassProcessor - Processing class 'java/util/stream/Stream'
02:43:10.243 [main] DEBUG com.tngtech.archunit.core.importer.JavaClassProcessor - Processing class 'java/lang/StringBuilder'
02:43:10.244 [main] DEBUG com.tngtech.archunit.core.importer.JavaClassProcessor - Processing class 'java/util/concurrent/atomic/AtomicInteger'
02:43:10.244 [main] DEBUG com.tngtech.archunit.core.importer.JavaClassProcessor - Processing class 'java/lang/Thread'
02:43:10.244 [main] DEBUG com.tngtech.archunit.core.importer.JavaClassProcessor - Processing class 'java/lang/ThreadLocal$ThreadLocalMap'
02:43:10.244 [main] DEBUG com.tngtech.archunit.core.importer.JavaClassProcessor - Processing class 'java/util/function/Supplier'
02:43:10.245 [main] DEBUG com.tngtech.archunit.core.importer.JavaClassProcessor - Processing class 'java/lang/StackTraceElement'
02:43:10.245 [main] DEBUG com.tngtech.archunit.core.importer.JavaClassProcessor - Processing class 'java/io/PrintWriter'
02:43:10.245 [main] DEBUG com.tngtech.archunit.core.importer.JavaClassProcessor - Processing class 'java/io/ObjectOutputStream'
02:43:10.245 [main] DEBUG com.tngtech.archunit.core.importer.JavaClassProcessor - Processing class 'java/lang/Throwable$PrintStreamOrWriter'
02:43:10.245 [main] DEBUG com.tngtech.archunit.core.importer.JavaClassProcessor - Processing class 'java/io/PrintStream'
02:43:10.246 [main] DEBUG com.tngtech.archunit.core.importer.JavaClassProcessor - Processing class 'java/util/Set'
02:43:10.247 [main] DEBUG com.tngtech.archunit.core.importer.JavaClassProcessor - Processing class 'java/lang/reflect/Parameter'
02:43:10.247 [main] DEBUG com.tngtech.archunit.core.importer.JavaClassProcessor - Processing class 'sun/reflect/generics/repository/ConstructorRepository'
02:43:10.247 [main] DEBUG com.tngtech.archunit.core.importer.JavaClassProcessor - Processing class 'sun/reflect/generics/repository/FieldRepository'
02:43:10.247 [main] DEBUG com.tngtech.archunit.core.importer.JavaClassProcessor - Processing class 'jdk/internal/reflect/FieldAccessor'
02:43:10.247 [main] DEBUG com.tngtech.archunit.core.importer.JavaClassProcessor - Processing class 'java/lang/IllegalArgumentException'
02:43:10.248 [main] DEBUG com.tngtech.archunit.core.importer.JavaClassProcessor - Processing class 'sun/reflect/generics/repository/MethodRepository'
02:43:10.248 [main] DEBUG com.tngtech.archunit.core.importer.JavaClassProcessor - Processing class 'jdk/internal/reflect/MethodAccessor'
02:43:10.248 [main] DEBUG com.tngtech.archunit.core.importer.JavaClassProcessor - Processing class 'java/lang/reflect/InvocationTargetException'
02:43:10.248 [main] DEBUG com.tngtech.archunit.core.importer.JavaClassProcessor - Processing class 'java/nio/charset/CharsetEncoder'
02:43:10.248 [main] DEBUG com.tngtech.archunit.core.importer.JavaClassProcessor - Processing class 'java/util/SortedMap'
02:43:10.248 [main] DEBUG com.tngtech.archunit.core.importer.JavaClassProcessor - Processing class 'java/nio/ByteBuffer'
02:43:10.248 [main] DEBUG com.tngtech.archunit.core.importer.JavaClassProcessor - Processing class 'java/nio/CharBuffer'
02:43:10.248 [main] DEBUG com.tngtech.archunit.core.importer.JavaClassProcessor - Processing class 'java/nio/charset/CharsetDecoder'
02:43:10.249 [main] DEBUG com.tngtech.archunit.core.importer.JavaClassProcessor - Processing class 'java/util/function/IntFunction'
02:43:10.249 [main] DEBUG com.tngtech.archunit.core.importer.JavaClassProcessor - Processing class 'java/util/function/Predicate'
02:43:10.249 [main] DEBUG com.tngtech.archunit.core.importer.JavaClassProcessor - Processing class 'java/util/ListIterator'
02:43:10.249 [main] DEBUG com.tngtech.archunit.core.importer.JavaClassProcessor - Processing class 'java/util/function/UnaryOperator'
02:43:10.249 [main] DEBUG com.tngtech.archunit.core.importer.JavaClassProcessor - Processing class 'java/util/Locale$Cache'
02:43:10.249 [main] DEBUG com.tngtech.archunit.core.importer.JavaClassProcessor - Processing class 'sun/util/locale/BaseLocale'
02:43:10.250 [main] DEBUG com.tngtech.archunit.core.importer.JavaClassProcessor - Processing class 'java/util/Locale$Category'
02:43:10.250 [main] DEBUG com.tngtech.archunit.core.importer.JavaClassProcessor - Processing class 'java/util/MissingResourceException'
02:43:10.250 [main] DEBUG com.tngtech.archunit.core.importer.JavaClassProcessor - Processing class 'sun/util/locale/provider/LocaleResources'
02:43:10.250 [main] DEBUG com.tngtech.archunit.core.importer.JavaClassProcessor - Processing class 'java/util/Locale$IsoCountryCode'
02:43:10.250 [main] DEBUG com.tngtech.archunit.core.importer.JavaClassProcessor - Processing class 'java/util/Locale$FilteringMode'
02:43:10.250 [main] DEBUG com.tngtech.archunit.core.importer.JavaClassProcessor - Processing class 'java/util/function/BiFunction'
02:43:10.251 [main] DEBUG com.tngtech.archunit.core.importer.JavaClassProcessor - Processing class 'java/util/function/Function'
02:43:10.251 [main] DEBUG com.tngtech.archunit.core.importer.JavaClassProcessor - Processing class 'java/util/function/BiConsumer'
02:43:10.251 [main] DEBUG com.tngtech.archunit.core.importer.JavaClassProcessor - Processing class 'java/lang/invoke/SerializedLambda'
02:43:10.251 [main] DEBUG com.tngtech.archunit.core.importer.JavaClassProcessor - Processing class 'java/lang/Runnable'
02:43:10.252 [main] DEBUG com.tngtech.archunit.core.importer.JavaClassProcessor - Processing class 'org/springframework/beans/BeansException'
02:43:10.252 [main] DEBUG com.tngtech.archunit.core.importer.JavaClassProcessor - Processing class 'org/springframework/beans/factory/NoSuchBeanDefinitionException'
02:43:10.252 [main] DEBUG com.tngtech.archunit.core.importer.JavaClassProcessor - Processing class 'org/springframework/beans/factory/ObjectProvider'
02:43:10.253 [main] DEBUG com.tngtech.archunit.core.importer.JavaClassProcessor - Processing class 'org/springframework/core/ResolvableType'
02:43:10.253 [main] DEBUG com.tngtech.archunit.core.importer.JavaClassProcessor - Processing class 'org/springframework/beans/factory/config/BeanDefinition'
02:43:10.254 [main] DEBUG com.tngtech.archunit.core.importer.JavaClassProcessor - Processing class 'org/springframework/beans/factory/support/BeanDefinitionRegistry'
02:43:10.254 [main] DEBUG com.tngtech.archunit.core.importer.JavaClassProcessor - Processing class 'org/springframework/boot/BootstrapRegistry'
02:43:10.254 [main] DEBUG com.tngtech.archunit.core.importer.JavaClassProcessor - Processing class 'org/springframework/boot/ApplicationContextFactory'
02:43:10.254 [main] DEBUG com.tngtech.archunit.core.importer.JavaClassProcessor - Processing class 'org/springframework/boot/Banner'
02:43:10.254 [main] DEBUG com.tngtech.archunit.core.importer.JavaClassProcessor - Processing class 'org/springframework/boot/Banner$Mode'
02:43:10.254 [main] DEBUG com.tngtech.archunit.core.importer.JavaClassProcessor - Processing class 'org/springframework/boot/SpringApplicationShutdownHook'
02:43:10.255 [main] DEBUG com.tngtech.archunit.core.importer.JavaClassProcessor - Processing class 'org/apache/commons/logging/Log'
02:43:10.255 [main] DEBUG com.tngtech.archunit.core.importer.JavaClassProcessor - Processing class 'org/springframework/boot/WebApplicationType'
02:43:10.255 [main] DEBUG com.tngtech.archunit.core.importer.JavaClassProcessor - Processing class 'org/springframework/core/metrics/ApplicationStartup'
02:43:10.255 [main] DEBUG com.tngtech.archunit.core.importer.JavaClassProcessor - Processing class 'java/util/Properties'
02:43:10.256 [main] DEBUG com.tngtech.archunit.core.importer.JavaClassProcessor - Processing class 'org/springframework/boot/ApplicationArguments'
02:43:10.256 [main] DEBUG com.tngtech.archunit.core.importer.JavaClassProcessor - Processing class 'org/springframework/boot/ApplicationRunner'
02:43:10.256 [main] DEBUG com.tngtech.archunit.core.importer.JavaClassProcessor - Processing class 'org/springframework/boot/SpringApplicationRunListeners'
02:43:10.256 [main] DEBUG com.tngtech.archunit.core.importer.JavaClassProcessor - Processing class 'org/springframework/boot/DefaultBootstrapContext'
02:43:10.257 [main] DEBUG com.tngtech.archunit.core.importer.JavaClassProcessor - Processing class 'org/springframework/boot/SpringBootExceptionHandler'
02:43:10.257 [main] DEBUG com.tngtech.archunit.core.importer.JavaClassProcessor - Processing class 'org/springframework/boot/ExitCodeGenerator'
02:43:10.257 [main] DEBUG com.tngtech.archunit.core.importer.JavaClassProcessor - Processing class 'org/springframework/boot/SpringApplicationShutdownHandlers'
02:43:10.257 [main] DEBUG com.tngtech.archunit.core.importer.JavaClassProcessor - Processing class 'org/springframework/boot/BeanDefinitionLoader'
02:43:10.258 [main] DEBUG com.tngtech.archunit.core.importer.JavaClassProcessor - Processing class 'org/springframework/boot/CommandLineRunner'
02:43:10.258 [main] DEBUG com.tngtech.archunit.core.importer.JavaClassProcessor - Processing class 'org/springframework/boot/Bootstrapper'
02:43:10.258 [main] DEBUG com.tngtech.archunit.core.importer.JavaClassProcessor - Processing class 'org/springframework/core/type/classreading/MetadataReader'
02:43:10.258 [main] DEBUG com.tngtech.archunit.core.importer.JavaClassProcessor - Processing class 'org/springframework/core/type/classreading/MetadataReaderFactory'
02:43:10.259 [main] DEBUG com.tngtech.archunit.core.importer.JavaClassProcessor - Processing class 'org/springframework/boot/autoconfigure/AutoConfigurationMetadata'
02:43:10.259 [main] DEBUG com.tngtech.archunit.core.importer.JavaClassProcessor - Processing class 'org/springframework/boot/autoconfigure/AutoConfigurationImportEvent'
02:43:10.259 [main] DEBUG com.tngtech.archunit.core.importer.JavaClassProcessor - Processing class 'org/springframework/boot/autoconfigure/AutoConfigurationImportSelector$ConfigurationClassFilter'
02:43:10.259 [main] DEBUG com.tngtech.archunit.core.importer.JavaClassProcessor - Processing class 'org/springframework/beans/factory/config/ConfigurableListableBeanFactory'
02:43:10.259 [main] DEBUG com.tngtech.archunit.core.importer.JavaClassProcessor - Processing class 'org/springframework/boot/autoconfigure/AutoConfigurationImportSelector$AutoConfigurationEntry'
02:43:10.259 [main] DEBUG com.tngtech.archunit.core.importer.JavaClassProcessor - Processing class 'org/springframework/core/type/AnnotationMetadata'
02:43:10.260 [main] DEBUG com.tngtech.archunit.core.importer.JavaClassProcessor - Processing class 'org/springframework/core/annotation/AnnotationAttributes'
02:43:10.261 [main] DEBUG com.tngtech.archunit.core.importer.JavaClassProcessor - Processing class 'org/springframework/beans/factory/config/AutowireCapableBeanFactory'
02:43:10.261 [main] DEBUG com.tngtech.archunit.core.importer.JavaClassProcessor - Processing class 'java/lang/IllegalStateException'
02:43:10.261 [main] DEBUG com.tngtech.archunit.core.importer.JavaClassProcessor - Processing class 'java/time/Clock'
02:43:10.261 [main] DEBUG com.tngtech.archunit.core.importer.JavaClassProcessor - Processing class 'org/springframework/core/io/ProtocolResolver'
02:43:10.261 [main] DEBUG com.tngtech.archunit.core.importer.JavaClassProcessor - Processing class 'org/springframework/beans/factory/config/BeanFactoryPostProcessor'
02:43:10.262 [main] DEBUG com.tngtech.archunit.core.importer.JavaClassProcessor - Processing class 'org/springframework/context/MessageSourceResolvable'
02:43:10.262 [main] DEBUG com.tngtech.archunit.core.importer.JavaClassProcessor - Processing class 'org/springframework/context/NoSuchMessageException'
02:43:10.262 [main] DEBUG com.tngtech.archunit.core.importer.JavaClassProcessor - Processing class 'org/springframework/context/annotation/ScopeMetadata'
02:43:10.263 [main] DEBUG com.tngtech.archunit.core.importer.JavaClassProcessor - Processing class 'org/springframework/core/env/MutablePropertySources'
02:43:10.263 [main] DEBUG com.tngtech.archunit.core.importer.JavaClassProcessor - Processing class 'org/springframework/core/env/Profiles'
02:43:10.263 [main] DEBUG com.tngtech.archunit.core.importer.JavaClassProcessor - Processing class 'org/springframework/core/env/MissingRequiredPropertiesException'
02:43:10.264 [main] DEBUG com.tngtech.archunit.core.importer.JavaClassProcessor - Processing class 'org/springframework/core/convert/support/ConfigurableConversionService'
02:43:10.264 [main] DEBUG com.tngtech.archunit.core.importer.JavaClassProcessor - Processing class 'org/springframework/core/io/Resource'
02:43:10.265 [main] DEBUG com.tngtech.archunit.core.importer.JavaClassProcessor - Processing class 'org/springframework/data/domain/Sort'
02:43:10.265 [main] DEBUG com.tngtech.archunit.core.importer.JavaClassProcessor - Processing class 'org/springframework/data/domain/Example'
02:43:10.265 [main] DEBUG com.tngtech.archunit.core.importer.JavaClassProcessor - Processing class 'org/springframework/data/domain/Page'
02:43:10.265 [main] DEBUG com.tngtech.archunit.core.importer.JavaClassProcessor - Processing class 'org/springframework/data/domain/Pageable'
02:43:10.266 [main] DEBUG com.tngtech.archunit.core.importer.JavaClassProcessor - Processing class 'java/time/ZoneId'
02:43:10.266 [main] DEBUG com.tngtech.archunit.core.importer.JavaClassProcessor - Processing class 'java/text/DecimalFormatSymbols'
02:43:10.266 [main] DEBUG com.tngtech.archunit.core.importer.JavaClassProcessor - Processing class 'java/time/format/DateTimeFormatter'
02:43:10.267 [main] DEBUG com.tngtech.archunit.core.importer.JavaClassProcessor - Processing class 'java/util/regex/Pattern'
02:43:10.267 [main] DEBUG com.tngtech.archunit.core.importer.JavaClassProcessor - Processing class 'java/net/InetSocketAddress'
02:43:10.268 [main] DEBUG com.tngtech.archunit.core.importer.JavaClassProcessor - Processing class 'java/time/ZonedDateTime'
02:43:10.268 [main] DEBUG com.tngtech.archunit.core.importer.JavaClassProcessor - Processing class 'java/time/Instant'
02:43:10.269 [main] DEBUG com.tngtech.archunit.core.importer.JavaClassProcessor - Processing class 'org/springframework/http/CacheControl'
02:43:10.269 [main] DEBUG com.tngtech.archunit.core.importer.JavaClassProcessor - Processing class 'org/springframework/http/ContentDisposition'
02:43:10.269 [main] DEBUG com.tngtech.archunit.core.importer.JavaClassProcessor - Processing class 'java/net/URI'
02:43:10.270 [main] DEBUG com.tngtech.archunit.core.importer.JavaClassProcessor - Processing class 'java/time/Duration'
02:43:10.272 [main] DEBUG com.tngtech.archunit.core.importer.JavaClassProcessor - Processing class 'org/springframework/http/HttpStatus'
02:43:10.272 [main] DEBUG com.tngtech.archunit.core.importer.JavaClassProcessor - Processing class 'org/springframework/http/ResponseEntity$1'
02:43:10.272 [main] DEBUG com.tngtech.archunit.core.importer.JavaClassProcessor - Processing class 'java/util/BitSet'
02:43:10.274 [main] DEBUG com.tngtech.archunit.core.importer.JavaClassProcessor - Processing class 'sun/util/locale/LocaleSyntaxException'
02:43:10.274 [main] DEBUG com.tngtech.archunit.core.importer.JavaClassProcessor - Processing class 'sun/util/locale/LanguageTag'
]]></system-out>
  </testcase>
</testsuite>